#
# There is insufficient memory for the Java Runtime Environment to continue.
# Native memory allocation (malloc) failed to allocate 1443376 bytes for Chunk::new
# Possible reasons:
#   The system is out of physical RAM or swap space
#   The process is running with CompressedOops enabled, and the Java Heap may be blocking the growth of the native heap
# Possible solutions:
#   Reduce memory load on the system
#   Increase physical memory or swap space
#   Check if swap backing store is full
#   Decrease Java heap size (-Xmx/-Xms)
#   Decrease number of Java threads
#   Decrease Java thread stack sizes (-Xss)
#   Set larger code cache with -XX:ReservedCodeCacheSize=
#   JVM is running with Unscaled Compressed Oops mode in which the Java heap is
#     placed in the first 4GB address space. The Java Heap base address is the
#     maximum limit for the native heap growth. Please use -XX:HeapBaseMinAddress
#     to set the Java Heap base and to place the Java Heap above 4GB virtual address.
# This output file may be truncated or incomplete.
#
#  Out of Memory Error (./src/hotspot/share/memory/arena.cpp:197), pid=10688, tid=10820
#
# JRE version: OpenJDK Runtime Environment (11.0.10) (build 11.0.10+0-b96-7249189)
# Java VM: OpenJDK 64-Bit Server VM (11.0.10+0-b96-7249189, mixed mode, tiered, compressed oops, g1 gc, windows-amd64)
# No core dump will be written. Minidumps are not enabled by default on client versions of Windows
#

---------------  S U M M A R Y ------------

Command Line: --add-opens=java.base/java.util=ALL-UNNAMED --add-opens=java.base/java.lang=ALL-UNNAMED --add-opens=java.base/java.lang.invoke=ALL-UNNAMED --add-opens=java.base/java.util=ALL-UNNAMED --add-opens=java.prefs/java.util.prefs=ALL-UNNAMED --add-opens=java.prefs/java.util.prefs=ALL-UNNAMED --add-opens=java.base/java.nio.charset=ALL-UNNAMED --add-opens=java.base/java.net=ALL-UNNAMED --add-opens=java.base/java.util.concurrent.atomic=ALL-UNNAMED -Xmx2048m -Dfile.encoding=UTF-8 -Duser.country=IN -Duser.language=en -Duser.variant org.gradle.launcher.daemon.bootstrap.GradleDaemon 7.0.2

Host: AMD Ryzen 5 3600 6-Core Processor              , 12 cores, 7G,  Windows 10 , 64 bit Build 22000 (10.0.22000.318)
Time: Mon Dec 27 23:32:47 2021 India Standard Time elapsed time: 4.660186 seconds (0d 0h 0m 4s)

---------------  T H R E A D  ---------------

Current thread (0x0000021d1e846000):  JavaThread "C2 CompilerThread2" daemon [_thread_in_native, id=10820, stack(0x0000001eacf00000,0x0000001ead000000)]


Current CompileTask:
C2:   4660 6070       4       java.lang.Class::getMethodsRecursive (99 bytes)

Stack: [0x0000001eacf00000,0x0000001ead000000]
Native frames: (J=compiled Java code, j=interpreted, Vv=VM code, C=native code)
V  [jvm.dll+0x5ecfaa]
V  [jvm.dll+0x722bd5]
V  [jvm.dll+0x72412d]
V  [jvm.dll+0x7247e3]
V  [jvm.dll+0x242928]
V  [jvm.dll+0xbc4fc]
V  [jvm.dll+0xbca0c]
V  [jvm.dll+0x352d7d]
V  [jvm.dll+0x320ad3]
V  [jvm.dll+0x31ffca]
V  [jvm.dll+0x1fb602]
V  [jvm.dll+0x1fa7f4]
V  [jvm.dll+0x18354c]
V  [jvm.dll+0x208ee7]
V  [jvm.dll+0x207731]
V  [jvm.dll+0x6eb1cf]
V  [jvm.dll+0x6e3d45]
V  [jvm.dll+0x5ebe96]
C  [ucrtbase.dll+0x26c0c]
C  [KERNEL32.DLL+0x154e0]
C  [ntdll.dll+0x485b]


---------------  P R O C E S S  ---------------

Threads class SMR info:
_java_thread_list=0x0000021d20f9ccb0, length=60, elements={
0x0000021d7da1d800, 0x0000021d1a31e800, 0x0000021d1a322000, 0x0000021d1a33a800,
0x0000021d1a33b800, 0x0000021d1a33d000, 0x0000021d1a340000, 0x0000021d1ac9a800,
0x0000021d1ac9d800, 0x0000021d1ade9800, 0x0000021d1d61d000, 0x0000021d1ae87800,
0x0000021d1b005000, 0x0000021d1dda0800, 0x0000021d1d585000, 0x0000021d1cc87000,
0x0000021d1d242800, 0x0000021d1d5d2800, 0x0000021d1cfb0800, 0x0000021d1d80e000,
0x0000021d1d812800, 0x0000021d1d811000, 0x0000021d1d814800, 0x0000021d1d48e800,
0x0000021d1d80e800, 0x0000021d1d80f800, 0x0000021d1d810800, 0x0000021d1d812000,
0x0000021d1d813800, 0x0000021d2012f800, 0x0000021d1e846000, 0x0000021d20130800,
0x0000021d2012e000, 0x0000021d2012f000, 0x0000021d20132000, 0x0000021d2012d000,
0x0000021d20135800, 0x0000021d20133800, 0x0000021d20139800, 0x0000021d20134800,
0x0000021d20136000, 0x0000021d2013c000, 0x0000021d20137000, 0x0000021d20138000,
0x0000021d20138800, 0x0000021d2013a800, 0x0000021d2013b000, 0x0000021d209ab000,
0x0000021d209aa000, 0x0000021d209a5800, 0x0000021d209a7000, 0x0000021d209a7800,
0x0000021d209ac000, 0x0000021d209a6000, 0x0000021d209ae800, 0x0000021d209a8800,
0x0000021d209ac800, 0x0000021d209ad800, 0x0000021d209af000, 0x0000021d209a9800
}

Java Threads: ( => current thread )
  0x0000021d7da1d800 JavaThread "main" [_thread_blocked, id=12768, stack(0x0000001ea9f00000,0x0000001eaa000000)]
  0x0000021d1a31e800 JavaThread "Reference Handler" daemon [_thread_blocked, id=8400, stack(0x0000001eaa600000,0x0000001eaa700000)]
  0x0000021d1a322000 JavaThread "Finalizer" daemon [_thread_blocked, id=4556, stack(0x0000001eaa700000,0x0000001eaa800000)]
  0x0000021d1a33a800 JavaThread "Signal Dispatcher" daemon [_thread_blocked, id=9756, stack(0x0000001eaa800000,0x0000001eaa900000)]
  0x0000021d1a33b800 JavaThread "Attach Listener" daemon [_thread_blocked, id=15356, stack(0x0000001eaa900000,0x0000001eaaa00000)]
  0x0000021d1a33d000 JavaThread "Service Thread" daemon [_thread_blocked, id=4316, stack(0x0000001eaaa00000,0x0000001eaab00000)]
  0x0000021d1a340000 JavaThread "C2 CompilerThread0" daemon [_thread_in_native, id=14432, stack(0x0000001eaab00000,0x0000001eaac00000)]
  0x0000021d1ac9a800 JavaThread "C1 CompilerThread0" daemon [_thread_blocked, id=904, stack(0x0000001eaac00000,0x0000001eaad00000)]
  0x0000021d1ac9d800 JavaThread "Sweeper thread" daemon [_thread_blocked, id=4168, stack(0x0000001eaad00000,0x0000001eaae00000)]
  0x0000021d1ade9800 JavaThread "Common-Cleaner" daemon [_thread_blocked, id=15320, stack(0x0000001eaae00000,0x0000001eaaf00000)]
  0x0000021d1d61d000 JavaThread "Daemon health stats" [_thread_blocked, id=12592, stack(0x0000001eab400000,0x0000001eab500000)]
  0x0000021d1ae87800 JavaThread "Incoming local TCP Connector on port 52534" [_thread_in_native, id=2660, stack(0x0000001eab000000,0x0000001eab100000)]
  0x0000021d1b005000 JavaThread "Daemon periodic checks" [_thread_blocked, id=14052, stack(0x0000001eab100000,0x0000001eab200000)]
  0x0000021d1dda0800 JavaThread "Daemon" [_thread_blocked, id=14108, stack(0x0000001eab500000,0x0000001eab600000)]
  0x0000021d1d585000 JavaThread "Handler for socket connection from /127.0.0.1:52534 to /127.0.0.1:52535" [_thread_in_native, id=10268, stack(0x0000001eab600000,0x0000001eab700000)]
  0x0000021d1cc87000 JavaThread "Cancel handler" [_thread_blocked, id=15088, stack(0x0000001eab700000,0x0000001eab800000)]
  0x0000021d1d242800 JavaThread "Daemon worker" [_thread_in_Java, id=11068, stack(0x0000001eab800000,0x0000001eab900000)]
  0x0000021d1d5d2800 JavaThread "Asynchronous log dispatcher for DefaultDaemonConnection: socket connection from /127.0.0.1:52534 to /127.0.0.1:52535" [_thread_blocked, id=9168, stack(0x0000001eab900000,0x0000001eaba00000)]
  0x0000021d1cfb0800 JavaThread "Stdin handler" [_thread_blocked, id=9084, stack(0x0000001eaba00000,0x0000001eabb00000)]
  0x0000021d1d80e000 JavaThread "Daemon client event forwarder" [_thread_blocked, id=10640, stack(0x0000001eabb00000,0x0000001eabc00000)]
  0x0000021d1d812800 JavaThread "Cache worker for file hash cache (C:\Users\NeHaL\.gradle\caches\7.0.2\fileHashes)" [_thread_blocked, id=6548, stack(0x0000001eac300000,0x0000001eac400000)]
  0x0000021d1d811000 JavaThread "File lock request listener" [_thread_in_native, id=12692, stack(0x0000001eac400000,0x0000001eac500000)]
  0x0000021d1d814800 JavaThread "Cache worker for journal cache (C:\Users\NeHaL\.gradle\caches\journal-1)" [_thread_blocked, id=7364, stack(0x0000001eac700000,0x0000001eac800000)]
  0x0000021d1d48e800 JavaThread "C2 CompilerThread1" daemon [_thread_in_native, id=5732, stack(0x0000001eac800000,0x0000001eac900000)]
  0x0000021d1d80e800 JavaThread "Cache worker for file hash cache (C:\Users\NeHaL\AndroidStudioProjects\SmartTourApp\.gradle\7.0.2\fileHashes)" [_thread_blocked, id=8592, stack(0x0000001eac900000,0x0000001eaca00000)]
  0x0000021d1d80f800 JavaThread "File watcher server" daemon [_thread_in_native, id=2076, stack(0x0000001eaca00000,0x0000001eacb00000)]
  0x0000021d1d810800 JavaThread "File watcher consumer" daemon [_thread_blocked, id=10144, stack(0x0000001eacb00000,0x0000001eacc00000)]
  0x0000021d1d812000 JavaThread "Cache worker for checksums cache (C:\Users\NeHaL\AndroidStudioProjects\SmartTourApp\.gradle\checksums)" [_thread_blocked, id=9188, stack(0x0000001eacc00000,0x0000001eacd00000)]
  0x0000021d1d813800 JavaThread "Cache worker for cache directory md-supplier (C:\Users\NeHaL\.gradle\caches\7.0.2\md-supplier)" [_thread_blocked, id=4444, stack(0x0000001eacd00000,0x0000001eace00000)]
  0x0000021d2012f800 JavaThread "Cache worker for cache directory md-rule (C:\Users\NeHaL\.gradle\caches\7.0.2\md-rule)" [_thread_blocked, id=4368, stack(0x0000001eace00000,0x0000001eacf00000)]
=>0x0000021d1e846000 JavaThread "C2 CompilerThread2" daemon [_thread_in_native, id=10820, stack(0x0000001eacf00000,0x0000001ead000000)]
  0x0000021d20130800 JavaThread "Cache worker for execution history cache (C:\Users\NeHaL\.gradle\caches\7.0.2\executionHistory)" [_thread_blocked, id=13000, stack(0x0000001ead000000,0x0000001ead100000)]
  0x0000021d2012e000 JavaThread "jar transforms" [_thread_blocked, id=10300, stack(0x0000001ead100000,0x0000001ead200000)]
  0x0000021d2012f000 JavaThread "jar transforms Thread 2" [_thread_blocked, id=2836, stack(0x0000001ead200000,0x0000001ead300000)]
  0x0000021d20132000 JavaThread "Cache worker for file content cache (C:\Users\NeHaL\.gradle\caches\7.0.2\fileContent)" [_thread_blocked, id=10100, stack(0x0000001ead300000,0x0000001ead400000)]
  0x0000021d2012d000 JavaThread "Cache worker for dependencies-accessors (C:\Users\NeHaL\AndroidStudioProjects\SmartTourApp\.gradle\7.0.2\dependencies-accessors)" [_thread_blocked, id=8404, stack(0x0000001ead400000,0x0000001ead500000)]
  0x0000021d20135800 JavaThread "jar transforms Thread 3" [_thread_blocked, id=14820, stack(0x0000001ead500000,0x0000001ead600000)]
  0x0000021d20133800 JavaThread "Cache worker for Build Output Cleanup Cache (C:\Users\NeHaL\AndroidStudioProjects\SmartTourApp\.gradle\buildOutputCleanup)" [_thread_blocked, id=13124, stack(0x0000001ead600000,0x0000001ead700000)]
  0x0000021d20139800 JavaThread "Build operations" [_thread_blocked, id=5832, stack(0x0000001ead700000,0x0000001ead800000)]
  0x0000021d20134800 JavaThread "Build operations Thread 2" [_thread_blocked, id=3172, stack(0x0000001ead800000,0x0000001ead900000)]
  0x0000021d20136000 JavaThread "Build operations Thread 3" [_thread_blocked, id=14940, stack(0x0000001ead900000,0x0000001eada00000)]
  0x0000021d2013c000 JavaThread "Build operations Thread 4" [_thread_blocked, id=14984, stack(0x0000001eada00000,0x0000001eadb00000)]
  0x0000021d20137000 JavaThread "Build operations Thread 5" [_thread_blocked, id=14048, stack(0x0000001eadb00000,0x0000001eadc00000)]
  0x0000021d20138000 JavaThread "Build operations Thread 6" [_thread_blocked, id=14716, stack(0x0000001eadc00000,0x0000001eadd00000)]
  0x0000021d20138800 JavaThread "Build operations Thread 7" [_thread_blocked, id=13812, stack(0x0000001eadd00000,0x0000001eade00000)]
  0x0000021d2013a800 JavaThread "Build operations Thread 8" [_thread_blocked, id=4868, stack(0x0000001eade00000,0x0000001eadf00000)]
  0x0000021d2013b000 JavaThread "Build operations Thread 9" [_thread_blocked, id=1240, stack(0x0000001eadf00000,0x0000001eae000000)]
  0x0000021d209ab000 JavaThread "Build operations Thread 10" [_thread_blocked, id=10804, stack(0x0000001eae000000,0x0000001eae100000)]
  0x0000021d209aa000 JavaThread "Build operations Thread 11" [_thread_blocked, id=8244, stack(0x0000001eae100000,0x0000001eae200000)]
  0x0000021d209a5800 JavaThread "Build operations Thread 12" [_thread_blocked, id=2656, stack(0x0000001eae200000,0x0000001eae300000)]
  0x0000021d209a7000 JavaThread "jar transforms Thread 4" [_thread_blocked, id=6096, stack(0x0000001eae300000,0x0000001eae400000)]
  0x0000021d209a7800 JavaThread "jar transforms Thread 5" [_thread_blocked, id=12424, stack(0x0000001eae400000,0x0000001eae500000)]
  0x0000021d209ac000 JavaThread "jar transforms Thread 6" [_thread_blocked, id=2320, stack(0x0000001eae500000,0x0000001eae600000)]
  0x0000021d209a6000 JavaThread "jar transforms Thread 7" [_thread_blocked, id=14560, stack(0x0000001eae600000,0x0000001eae700000)]
  0x0000021d209ae800 JavaThread "jar transforms Thread 8" [_thread_blocked, id=15068, stack(0x0000001eae700000,0x0000001eae800000)]
  0x0000021d209a8800 JavaThread "jar transforms Thread 9" [_thread_blocked, id=11004, stack(0x0000001eae800000,0x0000001eae900000)]
  0x0000021d209ac800 JavaThread "jar transforms Thread 10" [_thread_blocked, id=5292, stack(0x0000001eae900000,0x0000001eaea00000)]
  0x0000021d209ad800 JavaThread "jar transforms Thread 11" [_thread_blocked, id=9100, stack(0x0000001eaea00000,0x0000001eaeb00000)]
  0x0000021d209af000 JavaThread "jar transforms Thread 12" [_thread_blocked, id=12136, stack(0x0000001eaeb00000,0x0000001eaec00000)]
  0x0000021d209a9800 JavaThread "Memory manager" [_thread_blocked, id=8084, stack(0x0000001eaec00000,0x0000001eaed00000)]

Other Threads:
  0x0000021d1a319000 VMThread "VM Thread" [stack: 0x0000001eaa500000,0x0000001eaa600000] [id=5432]
  0x0000021d1ae1b000 WatcherThread [stack: 0x0000001eaaf00000,0x0000001eab000000] [id=1200]
  0x0000021d7da38800 GCTaskThread "GC Thread#0" [stack: 0x0000001eaa000000,0x0000001eaa100000] [id=14500]
  0x0000021d1b140800 GCTaskThread "GC Thread#1" [stack: 0x0000001eab200000,0x0000001eab300000] [id=8564]
  0x0000021d1bd29800 GCTaskThread "GC Thread#2" [stack: 0x0000001eab300000,0x0000001eab400000] [id=14356]
  0x0000021d1cde6800 GCTaskThread "GC Thread#3" [stack: 0x0000001eabc00000,0x0000001eabd00000] [id=14532]
  0x0000021d1cf9f000 GCTaskThread "GC Thread#4" [stack: 0x0000001eabd00000,0x0000001eabe00000] [id=6956]
  0x0000021d1cf9b800 GCTaskThread "GC Thread#5" [stack: 0x0000001eabe00000,0x0000001eabf00000] [id=6592]
  0x0000021d1c788000 GCTaskThread "GC Thread#6" [stack: 0x0000001eabf00000,0x0000001eac000000] [id=14276]
  0x0000021d1c789000 GCTaskThread "GC Thread#7" [stack: 0x0000001eac000000,0x0000001eac100000] [id=10028]
  0x0000021d1c716800 GCTaskThread "GC Thread#8" [stack: 0x0000001eac100000,0x0000001eac200000] [id=14412]
  0x0000021d1c717000 GCTaskThread "GC Thread#9" [stack: 0x0000001eac200000,0x0000001eac300000] [id=7588]
  0x0000021d7da68000 ConcurrentGCThread "G1 Main Marker" [stack: 0x0000001eaa100000,0x0000001eaa200000] [id=6356]
  0x0000021d7da69800 ConcurrentGCThread "G1 Conc#0" [stack: 0x0000001eaa200000,0x0000001eaa300000] [id=8368]
  0x0000021d1d06f800 ConcurrentGCThread "G1 Conc#1" [stack: 0x0000001eac500000,0x0000001eac600000] [id=11132]
  0x0000021d1bf11800 ConcurrentGCThread "G1 Conc#2" [stack: 0x0000001eac600000,0x0000001eac700000] [id=11020]
  0x0000021d1a16a800 ConcurrentGCThread "G1 Refine#0" [stack: 0x0000001eaa300000,0x0000001eaa400000] [id=10644]
  0x0000021d1a16b000 ConcurrentGCThread "G1 Young RemSet Sampling" [stack: 0x0000001eaa400000,0x0000001eaa500000] [id=10768]

Threads with active compile tasks:
C2 CompilerThread0   4672 6144       4       java.util.ArrayList::toArray (57 bytes)
C2 CompilerThread1   4672 6132       4       java.lang.reflect.Method::getGenericInfo (27 bytes)
C2 CompilerThread2   4672 6070       4       java.lang.Class::getMethodsRecursive (99 bytes)

VM state:not at safepoint (normal execution)

VM Mutex/Monitor currently owned by a thread: None

Heap address: 0x0000000080000000, size: 2048 MB, Compressed Oops mode: 32-bit
Narrow klass base: 0x0000000000000000, Narrow klass shift: 3
Compressed class space size: 1073741824 Address: 0x0000000100000000

Heap:
 garbage-first heap   total 157696K, used 60640K [0x0000000080000000, 0x0000000100000000)
  region size 1024K, 19 young (19456K), 8 survivors (8192K)
 Metaspace       used 63152K, capacity 64727K, committed 65024K, reserved 1105920K
  class space    used 8041K, capacity 8631K, committed 8780K, reserved 1048576K
Heap Regions: E=young(eden), S=young(survivor), O=old, HS=humongous(starts), HC=humongous(continues), CS=collection set, F=free, A=archive, TAMS=top-at-mark-start (previous, next)
|   0|0x0000000080000000, 0x0000000080100000, 0x0000000080100000|100%| O|  |TAMS 0x0000000080100000, 0x0000000080000000| Untracked 
|   1|0x0000000080100000, 0x0000000080200000, 0x0000000080200000|100%| O|  |TAMS 0x0000000080200000, 0x0000000080100000| Untracked 
|   2|0x0000000080200000, 0x0000000080300000, 0x0000000080300000|100%| O|  |TAMS 0x0000000080300000, 0x0000000080200000| Untracked 
|   3|0x0000000080300000, 0x0000000080400000, 0x0000000080400000|100%|HS|  |TAMS 0x0000000080400000, 0x0000000080300000| Complete 
|   4|0x0000000080400000, 0x0000000080500000, 0x0000000080500000|100%|HC|  |TAMS 0x0000000080500000, 0x0000000080400000| Complete 
|   5|0x0000000080500000, 0x0000000080600000, 0x0000000080600000|100%|HC|  |TAMS 0x0000000080600000, 0x0000000080500000| Complete 
|   6|0x0000000080600000, 0x0000000080700000, 0x0000000080700000|100%| O|  |TAMS 0x0000000080700000, 0x0000000080600000| Untracked 
|   7|0x0000000080700000, 0x0000000080800000, 0x0000000080800000|100%| O|  |TAMS 0x0000000080800000, 0x0000000080700000| Untracked 
|   8|0x0000000080800000, 0x0000000080900000, 0x0000000080900000|100%| O|  |TAMS 0x0000000080900000, 0x0000000080800000| Untracked 
|   9|0x0000000080900000, 0x0000000080a00000, 0x0000000080a00000|100%| O|  |TAMS 0x0000000080a00000, 0x0000000080900000| Untracked 
|  10|0x0000000080a00000, 0x0000000080b00000, 0x0000000080b00000|100%| O|  |TAMS 0x0000000080b00000, 0x0000000080a00000| Untracked 
|  11|0x0000000080b00000, 0x0000000080c00000, 0x0000000080c00000|100%| O|  |TAMS 0x0000000080c00000, 0x0000000080b00000| Untracked 
|  12|0x0000000080c00000, 0x0000000080d00000, 0x0000000080d00000|100%| O|  |TAMS 0x0000000080d00000, 0x0000000080c00000| Untracked 
|  13|0x0000000080d00000, 0x0000000080e00000, 0x0000000080e00000|100%| O|  |TAMS 0x0000000080e00000, 0x0000000080d00000| Untracked 
|  14|0x0000000080e00000, 0x0000000080f00000, 0x0000000080f00000|100%| O|  |TAMS 0x0000000080f00000, 0x0000000080e00000| Untracked 
|  15|0x0000000080f00000, 0x0000000081000000, 0x0000000081000000|100%| O|  |TAMS 0x0000000081000000, 0x0000000080f00000| Untracked 
|  16|0x0000000081000000, 0x0000000081100000, 0x0000000081100000|100%|HS|  |TAMS 0x0000000081100000, 0x0000000081000000| Complete 
|  17|0x0000000081100000, 0x0000000081200000, 0x0000000081200000|100%| O|  |TAMS 0x0000000081200000, 0x0000000081100000| Untracked 
|  18|0x0000000081200000, 0x0000000081300000, 0x0000000081300000|100%| O|  |TAMS 0x0000000081300000, 0x0000000081200000| Untracked 
|  19|0x0000000081300000, 0x0000000081400000, 0x0000000081400000|100%| O|  |TAMS 0x0000000081400000, 0x0000000081300000| Untracked 
|  20|0x0000000081400000, 0x0000000081500000, 0x0000000081500000|100%| O|  |TAMS 0x0000000081500000, 0x0000000081400000| Untracked 
|  21|0x0000000081500000, 0x0000000081600000, 0x0000000081600000|100%| O|  |TAMS 0x0000000081600000, 0x0000000081500000| Untracked 
|  22|0x0000000081600000, 0x0000000081700000, 0x0000000081700000|100%| O|  |TAMS 0x0000000081700000, 0x0000000081600000| Untracked 
|  23|0x0000000081700000, 0x0000000081800000, 0x0000000081800000|100%| O|  |TAMS 0x0000000081800000, 0x0000000081700000| Untracked 
|  24|0x0000000081800000, 0x0000000081900000, 0x0000000081900000|100%| O|  |TAMS 0x0000000081900000, 0x0000000081800000| Untracked 
|  25|0x0000000081900000, 0x0000000081a00000, 0x0000000081a00000|100%| O|  |TAMS 0x0000000081a00000, 0x0000000081900000| Untracked 
|  26|0x0000000081a00000, 0x0000000081b00000, 0x0000000081b00000|100%| O|  |TAMS 0x0000000081b00000, 0x0000000081a00000| Untracked 
|  27|0x0000000081b00000, 0x0000000081c00000, 0x0000000081c00000|100%|HS|  |TAMS 0x0000000081c00000, 0x0000000081b00000| Complete 
|  28|0x0000000081c00000, 0x0000000081d00000, 0x0000000081d00000|100%|HS|  |TAMS 0x0000000081d00000, 0x0000000081c00000| Complete 
|  29|0x0000000081d00000, 0x0000000081e00000, 0x0000000081e00000|100%|HC|  |TAMS 0x0000000081e00000, 0x0000000081d00000| Complete 
|  30|0x0000000081e00000, 0x0000000081f00000, 0x0000000081f00000|100%| O|  |TAMS 0x0000000081f00000, 0x0000000081e00000| Untracked 
|  31|0x0000000081f00000, 0x0000000082000000, 0x0000000082000000|100%| O|  |TAMS 0x0000000082000000, 0x0000000081f00000| Untracked 
|  32|0x0000000082000000, 0x0000000082100000, 0x0000000082100000|100%| O|  |TAMS 0x0000000082100000, 0x0000000082000000| Untracked 
|  33|0x0000000082100000, 0x0000000082200000, 0x0000000082200000|100%| O|  |TAMS 0x0000000082200000, 0x0000000082100000| Untracked 
|  34|0x0000000082200000, 0x0000000082300000, 0x0000000082300000|100%| O|  |TAMS 0x0000000082300000, 0x0000000082200000| Untracked 
|  35|0x0000000082300000, 0x0000000082400000, 0x0000000082400000|100%| O|  |TAMS 0x0000000082400000, 0x0000000082300000| Untracked 
|  36|0x0000000082400000, 0x0000000082500000, 0x0000000082500000|100%| O|  |TAMS 0x0000000082500000, 0x0000000082400000| Untracked 
|  37|0x0000000082500000, 0x0000000082600000, 0x0000000082600000|100%| O|  |TAMS 0x0000000082600000, 0x0000000082500000| Untracked 
|  38|0x0000000082600000, 0x0000000082700000, 0x0000000082700000|100%| O|  |TAMS 0x0000000082700000, 0x0000000082600000| Untracked 
|  39|0x0000000082700000, 0x0000000082800000, 0x0000000082800000|100%| O|  |TAMS 0x0000000082800000, 0x0000000082700000| Untracked 
|  40|0x0000000082800000, 0x0000000082900000, 0x0000000082900000|100%| O|  |TAMS 0x0000000082900000, 0x0000000082800000| Untracked 
|  41|0x0000000082900000, 0x0000000082963200, 0x0000000082a00000| 38%| O|  |TAMS 0x0000000082963200, 0x0000000082900000| Untracked 
|  42|0x0000000082a00000, 0x0000000082a00000, 0x0000000082b00000|  0%| F|  |TAMS 0x0000000082a00000, 0x0000000082a00000| Untracked 
|  43|0x0000000082b00000, 0x0000000082b00000, 0x0000000082c00000|  0%| F|  |TAMS 0x0000000082b00000, 0x0000000082b00000| Untracked 
|  44|0x0000000082c00000, 0x0000000082c00000, 0x0000000082d00000|  0%| F|  |TAMS 0x0000000082c00000, 0x0000000082c00000| Untracked 
|  45|0x0000000082d00000, 0x0000000082d00000, 0x0000000082e00000|  0%| F|  |TAMS 0x0000000082d00000, 0x0000000082d00000| Untracked 
|  46|0x0000000082e00000, 0x0000000082e00000, 0x0000000082f00000|  0%| F|  |TAMS 0x0000000082e00000, 0x0000000082e00000| Untracked 
|  47|0x0000000082f00000, 0x0000000082f00000, 0x0000000083000000|  0%| F|  |TAMS 0x0000000082f00000, 0x0000000082f00000| Untracked 
|  48|0x0000000083000000, 0x0000000083000000, 0x0000000083100000|  0%| F|  |TAMS 0x0000000083000000, 0x0000000083000000| Untracked 
|  49|0x0000000083100000, 0x0000000083100000, 0x0000000083200000|  0%| F|  |TAMS 0x0000000083100000, 0x0000000083100000| Untracked 
|  50|0x0000000083200000, 0x0000000083200000, 0x0000000083300000|  0%| F|  |TAMS 0x0000000083200000, 0x0000000083200000| Untracked 
|  51|0x0000000083300000, 0x0000000083300000, 0x0000000083400000|  0%| F|  |TAMS 0x0000000083300000, 0x0000000083300000| Untracked 
|  52|0x0000000083400000, 0x0000000083400000, 0x0000000083500000|  0%| F|  |TAMS 0x0000000083400000, 0x0000000083400000| Untracked 
|  53|0x0000000083500000, 0x0000000083500000, 0x0000000083600000|  0%| F|  |TAMS 0x0000000083500000, 0x0000000083500000| Untracked 
|  54|0x0000000083600000, 0x0000000083600000, 0x0000000083700000|  0%| F|  |TAMS 0x0000000083600000, 0x0000000083600000| Untracked 
|  55|0x0000000083700000, 0x0000000083700000, 0x0000000083800000|  0%| F|  |TAMS 0x0000000083700000, 0x0000000083700000| Untracked 
|  56|0x0000000083800000, 0x0000000083800000, 0x0000000083900000|  0%| F|  |TAMS 0x0000000083800000, 0x0000000083800000| Untracked 
|  57|0x0000000083900000, 0x0000000083900000, 0x0000000083a00000|  0%| F|  |TAMS 0x0000000083900000, 0x0000000083900000| Untracked 
|  58|0x0000000083a00000, 0x0000000083a00000, 0x0000000083b00000|  0%| F|  |TAMS 0x0000000083a00000, 0x0000000083a00000| Untracked 
|  59|0x0000000083b00000, 0x0000000083b00000, 0x0000000083c00000|  0%| F|  |TAMS 0x0000000083b00000, 0x0000000083b00000| Untracked 
|  60|0x0000000083c00000, 0x0000000083c00000, 0x0000000083d00000|  0%| F|  |TAMS 0x0000000083c00000, 0x0000000083c00000| Untracked 
|  61|0x0000000083d00000, 0x0000000083d00000, 0x0000000083e00000|  0%| F|  |TAMS 0x0000000083d00000, 0x0000000083d00000| Untracked 
|  62|0x0000000083e00000, 0x0000000083e00000, 0x0000000083f00000|  0%| F|  |TAMS 0x0000000083e00000, 0x0000000083e00000| Untracked 
|  63|0x0000000083f00000, 0x0000000083f00000, 0x0000000084000000|  0%| F|  |TAMS 0x0000000083f00000, 0x0000000083f00000| Untracked 
|  64|0x0000000084000000, 0x0000000084000000, 0x0000000084100000|  0%| F|  |TAMS 0x0000000084000000, 0x0000000084000000| Untracked 
|  65|0x0000000084100000, 0x0000000084100000, 0x0000000084200000|  0%| F|  |TAMS 0x0000000084100000, 0x0000000084100000| Untracked 
|  66|0x0000000084200000, 0x0000000084200000, 0x0000000084300000|  0%| F|  |TAMS 0x0000000084200000, 0x0000000084200000| Untracked 
|  67|0x0000000084300000, 0x0000000084300000, 0x0000000084400000|  0%| F|  |TAMS 0x0000000084300000, 0x0000000084300000| Untracked 
|  68|0x0000000084400000, 0x0000000084400000, 0x0000000084500000|  0%| F|  |TAMS 0x0000000084400000, 0x0000000084400000| Untracked 
|  69|0x0000000084500000, 0x0000000084500000, 0x0000000084600000|  0%| F|  |TAMS 0x0000000084500000, 0x0000000084500000| Untracked 
|  70|0x0000000084600000, 0x0000000084600000, 0x0000000084700000|  0%| F|  |TAMS 0x0000000084600000, 0x0000000084600000| Untracked 
|  71|0x0000000084700000, 0x0000000084700000, 0x0000000084800000|  0%| F|  |TAMS 0x0000000084700000, 0x0000000084700000| Untracked 
|  72|0x0000000084800000, 0x0000000084800000, 0x0000000084900000|  0%| F|  |TAMS 0x0000000084800000, 0x0000000084800000| Untracked 
|  73|0x0000000084900000, 0x0000000084900000, 0x0000000084a00000|  0%| F|  |TAMS 0x0000000084900000, 0x0000000084900000| Untracked 
|  74|0x0000000084a00000, 0x0000000084a00000, 0x0000000084b00000|  0%| F|  |TAMS 0x0000000084a00000, 0x0000000084a00000| Untracked 
|  75|0x0000000084b00000, 0x0000000084b00000, 0x0000000084c00000|  0%| F|  |TAMS 0x0000000084b00000, 0x0000000084b00000| Untracked 
|  76|0x0000000084c00000, 0x0000000084c00000, 0x0000000084d00000|  0%| F|  |TAMS 0x0000000084c00000, 0x0000000084c00000| Untracked 
|  77|0x0000000084d00000, 0x0000000084d00000, 0x0000000084e00000|  0%| F|  |TAMS 0x0000000084d00000, 0x0000000084d00000| Untracked 
|  78|0x0000000084e00000, 0x0000000084e00000, 0x0000000084f00000|  0%| F|  |TAMS 0x0000000084e00000, 0x0000000084e00000| Untracked 
|  79|0x0000000084f00000, 0x0000000084f00000, 0x0000000085000000|  0%| F|  |TAMS 0x0000000084f00000, 0x0000000084f00000| Untracked 
|  80|0x0000000085000000, 0x0000000085000000, 0x0000000085100000|  0%| F|  |TAMS 0x0000000085000000, 0x0000000085000000| Untracked 
|  81|0x0000000085100000, 0x00000000851d5090, 0x0000000085200000| 83%| S|CS|TAMS 0x0000000085100000, 0x0000000085100000| Complete 
|  82|0x0000000085200000, 0x0000000085300000, 0x0000000085300000|100%| S|CS|TAMS 0x0000000085200000, 0x0000000085200000| Complete 
|  83|0x0000000085300000, 0x0000000085400000, 0x0000000085400000|100%| S|CS|TAMS 0x0000000085300000, 0x0000000085300000| Complete 
|  84|0x0000000085400000, 0x0000000085500000, 0x0000000085500000|100%| S|CS|TAMS 0x0000000085400000, 0x0000000085400000| Complete 
|  85|0x0000000085500000, 0x0000000085600000, 0x0000000085600000|100%| S|CS|TAMS 0x0000000085500000, 0x0000000085500000| Complete 
|  86|0x0000000085600000, 0x0000000085700000, 0x0000000085700000|100%| S|CS|TAMS 0x0000000085600000, 0x0000000085600000| Complete 
|  87|0x0000000085700000, 0x0000000085800000, 0x0000000085800000|100%| S|CS|TAMS 0x0000000085700000, 0x0000000085700000| Complete 
|  88|0x0000000085800000, 0x0000000085900000, 0x0000000085900000|100%| S|CS|TAMS 0x0000000085800000, 0x0000000085800000| Complete 
|  89|0x0000000085900000, 0x0000000085900000, 0x0000000085a00000|  0%| F|  |TAMS 0x0000000085900000, 0x0000000085900000| Untracked 
|  90|0x0000000085a00000, 0x0000000085a00000, 0x0000000085b00000|  0%| F|  |TAMS 0x0000000085a00000, 0x0000000085a00000| Untracked 
|  91|0x0000000085b00000, 0x0000000085b00000, 0x0000000085c00000|  0%| F|  |TAMS 0x0000000085b00000, 0x0000000085b00000| Untracked 
|  92|0x0000000085c00000, 0x0000000085c00000, 0x0000000085d00000|  0%| F|  |TAMS 0x0000000085c00000, 0x0000000085c00000| Untracked 
|  93|0x0000000085d00000, 0x0000000085d00000, 0x0000000085e00000|  0%| F|  |TAMS 0x0000000085d00000, 0x0000000085d00000| Untracked 
|  94|0x0000000085e00000, 0x0000000085e00000, 0x0000000085f00000|  0%| F|  |TAMS 0x0000000085e00000, 0x0000000085e00000| Untracked 
|  95|0x0000000085f00000, 0x0000000085f00000, 0x0000000086000000|  0%| F|  |TAMS 0x0000000085f00000, 0x0000000085f00000| Untracked 
|  96|0x0000000086000000, 0x0000000086000000, 0x0000000086100000|  0%| F|  |TAMS 0x0000000086000000, 0x0000000086000000| Untracked 
|  97|0x0000000086100000, 0x0000000086100000, 0x0000000086200000|  0%| F|  |TAMS 0x0000000086100000, 0x0000000086100000| Untracked 
|  98|0x0000000086200000, 0x0000000086200000, 0x0000000086300000|  0%| F|  |TAMS 0x0000000086200000, 0x0000000086200000| Untracked 
|  99|0x0000000086300000, 0x0000000086300000, 0x0000000086400000|  0%| F|  |TAMS 0x0000000086300000, 0x0000000086300000| Untracked 
| 100|0x0000000086400000, 0x0000000086400000, 0x0000000086500000|  0%| F|  |TAMS 0x0000000086400000, 0x0000000086400000| Untracked 
| 101|0x0000000086500000, 0x0000000086500000, 0x0000000086600000|  0%| F|  |TAMS 0x0000000086500000, 0x0000000086500000| Untracked 
| 102|0x0000000086600000, 0x0000000086600000, 0x0000000086700000|  0%| F|  |TAMS 0x0000000086600000, 0x0000000086600000| Untracked 
| 103|0x0000000086700000, 0x0000000086700000, 0x0000000086800000|  0%| F|  |TAMS 0x0000000086700000, 0x0000000086700000| Untracked 
| 104|0x0000000086800000, 0x0000000086800000, 0x0000000086900000|  0%| F|  |TAMS 0x0000000086800000, 0x0000000086800000| Untracked 
| 105|0x0000000086900000, 0x0000000086900000, 0x0000000086a00000|  0%| F|  |TAMS 0x0000000086900000, 0x0000000086900000| Untracked 
| 106|0x0000000086a00000, 0x0000000086a00000, 0x0000000086b00000|  0%| F|  |TAMS 0x0000000086a00000, 0x0000000086a00000| Untracked 
| 107|0x0000000086b00000, 0x0000000086b00000, 0x0000000086c00000|  0%| F|  |TAMS 0x0000000086b00000, 0x0000000086b00000| Untracked 
| 108|0x0000000086c00000, 0x0000000086c00000, 0x0000000086d00000|  0%| F|  |TAMS 0x0000000086c00000, 0x0000000086c00000| Untracked 
| 109|0x0000000086d00000, 0x0000000086d00000, 0x0000000086e00000|  0%| F|  |TAMS 0x0000000086d00000, 0x0000000086d00000| Untracked 
| 110|0x0000000086e00000, 0x0000000086e00000, 0x0000000086f00000|  0%| F|  |TAMS 0x0000000086e00000, 0x0000000086e00000| Untracked 
| 111|0x0000000086f00000, 0x0000000086f00000, 0x0000000087000000|  0%| F|  |TAMS 0x0000000086f00000, 0x0000000086f00000| Untracked 
| 112|0x0000000087000000, 0x0000000087000000, 0x0000000087100000|  0%| F|  |TAMS 0x0000000087000000, 0x0000000087000000| Untracked 
| 113|0x0000000087100000, 0x0000000087100000, 0x0000000087200000|  0%| F|  |TAMS 0x0000000087100000, 0x0000000087100000| Untracked 
| 114|0x0000000087200000, 0x0000000087200000, 0x0000000087300000|  0%| F|  |TAMS 0x0000000087200000, 0x0000000087200000| Untracked 
| 115|0x0000000087300000, 0x0000000087300000, 0x0000000087400000|  0%| F|  |TAMS 0x0000000087300000, 0x0000000087300000| Untracked 
| 116|0x0000000087400000, 0x0000000087400000, 0x0000000087500000|  0%| F|  |TAMS 0x0000000087400000, 0x0000000087400000| Untracked 
| 117|0x0000000087500000, 0x0000000087500000, 0x0000000087600000|  0%| F|  |TAMS 0x0000000087500000, 0x0000000087500000| Untracked 
| 118|0x0000000087600000, 0x0000000087600000, 0x0000000087700000|  0%| F|  |TAMS 0x0000000087600000, 0x0000000087600000| Untracked 
| 119|0x0000000087700000, 0x0000000087700000, 0x0000000087800000|  0%| F|  |TAMS 0x0000000087700000, 0x0000000087700000| Untracked 
| 120|0x0000000087800000, 0x0000000087800000, 0x0000000087900000|  0%| F|  |TAMS 0x0000000087800000, 0x0000000087800000| Untracked 
| 121|0x0000000087900000, 0x0000000087900000, 0x0000000087a00000|  0%| F|  |TAMS 0x0000000087900000, 0x0000000087900000| Untracked 
| 122|0x0000000087a00000, 0x0000000087a00000, 0x0000000087b00000|  0%| F|  |TAMS 0x0000000087a00000, 0x0000000087a00000| Untracked 
| 123|0x0000000087b00000, 0x0000000087b00000, 0x0000000087c00000|  0%| F|  |TAMS 0x0000000087b00000, 0x0000000087b00000| Untracked 
| 124|0x0000000087c00000, 0x0000000087c00000, 0x0000000087d00000|  0%| F|  |TAMS 0x0000000087c00000, 0x0000000087c00000| Untracked 
| 125|0x0000000087d00000, 0x0000000087d00000, 0x0000000087e00000|  0%| F|  |TAMS 0x0000000087d00000, 0x0000000087d00000| Untracked 
| 126|0x0000000087e00000, 0x0000000087e00000, 0x0000000087f00000|  0%| F|  |TAMS 0x0000000087e00000, 0x0000000087e00000| Untracked 
| 127|0x0000000087f00000, 0x0000000087f00000, 0x0000000088000000|  0%| F|  |TAMS 0x0000000087f00000, 0x0000000087f00000| Untracked 
| 128|0x0000000088000000, 0x0000000088000000, 0x0000000088100000|  0%| F|  |TAMS 0x0000000088000000, 0x0000000088000000| Untracked 
| 129|0x0000000088100000, 0x0000000088100000, 0x0000000088200000|  0%| F|  |TAMS 0x0000000088100000, 0x0000000088100000| Untracked 
| 130|0x0000000088200000, 0x0000000088200000, 0x0000000088300000|  0%| F|  |TAMS 0x0000000088200000, 0x0000000088200000| Untracked 
| 131|0x0000000088300000, 0x0000000088300000, 0x0000000088400000|  0%| F|  |TAMS 0x0000000088300000, 0x0000000088300000| Untracked 
| 132|0x0000000088400000, 0x0000000088400000, 0x0000000088500000|  0%| F|  |TAMS 0x0000000088400000, 0x0000000088400000| Untracked 
| 133|0x0000000088500000, 0x0000000088500000, 0x0000000088600000|  0%| F|  |TAMS 0x0000000088500000, 0x0000000088500000| Untracked 
| 134|0x0000000088600000, 0x0000000088600000, 0x0000000088700000|  0%| F|  |TAMS 0x0000000088600000, 0x0000000088600000| Untracked 
| 135|0x0000000088700000, 0x0000000088700000, 0x0000000088800000|  0%| F|  |TAMS 0x0000000088700000, 0x0000000088700000| Untracked 
| 136|0x0000000088800000, 0x0000000088800000, 0x0000000088900000|  0%| F|  |TAMS 0x0000000088800000, 0x0000000088800000| Untracked 
| 137|0x0000000088900000, 0x0000000088900000, 0x0000000088a00000|  0%| F|  |TAMS 0x0000000088900000, 0x0000000088900000| Untracked 
| 138|0x0000000088a00000, 0x0000000088a00000, 0x0000000088b00000|  0%| F|  |TAMS 0x0000000088a00000, 0x0000000088a00000| Untracked 
| 139|0x0000000088b00000, 0x0000000088b00000, 0x0000000088c00000|  0%| F|  |TAMS 0x0000000088b00000, 0x0000000088b00000| Untracked 
| 140|0x0000000088c00000, 0x0000000088c00000, 0x0000000088d00000|  0%| F|  |TAMS 0x0000000088c00000, 0x0000000088c00000| Untracked 
| 141|0x0000000088d00000, 0x0000000088d00000, 0x0000000088e00000|  0%| F|  |TAMS 0x0000000088d00000, 0x0000000088d00000| Untracked 
| 142|0x0000000088e00000, 0x0000000088e80800, 0x0000000088f00000| 50%| E|  |TAMS 0x0000000088e00000, 0x0000000088e00000| Complete 
| 143|0x0000000088f00000, 0x0000000089000000, 0x0000000089000000|100%| E|CS|TAMS 0x0000000088f00000, 0x0000000088f00000| Complete 
| 144|0x0000000089000000, 0x0000000089100000, 0x0000000089100000|100%| E|CS|TAMS 0x0000000089000000, 0x0000000089000000| Complete 
| 145|0x0000000089100000, 0x0000000089200000, 0x0000000089200000|100%| E|CS|TAMS 0x0000000089100000, 0x0000000089100000| Complete 
| 146|0x0000000089200000, 0x0000000089300000, 0x0000000089300000|100%| E|CS|TAMS 0x0000000089200000, 0x0000000089200000| Complete 
| 147|0x0000000089300000, 0x0000000089400000, 0x0000000089400000|100%| E|CS|TAMS 0x0000000089300000, 0x0000000089300000| Complete 
| 148|0x0000000089400000, 0x0000000089500000, 0x0000000089500000|100%| E|CS|TAMS 0x0000000089400000, 0x0000000089400000| Complete 
| 149|0x0000000089500000, 0x0000000089600000, 0x0000000089600000|100%| E|CS|TAMS 0x0000000089500000, 0x0000000089500000| Complete 
| 150|0x0000000089600000, 0x0000000089700000, 0x0000000089700000|100%| E|CS|TAMS 0x0000000089600000, 0x0000000089600000| Complete 
| 151|0x0000000089700000, 0x0000000089800000, 0x0000000089800000|100%| E|CS|TAMS 0x0000000089700000, 0x0000000089700000| Complete 
| 152|0x0000000089800000, 0x0000000089900000, 0x0000000089900000|100%| E|CS|TAMS 0x0000000089800000, 0x0000000089800000| Complete 
| 153|0x0000000089900000, 0x0000000089a00000, 0x0000000089a00000|100%| E|CS|TAMS 0x0000000089900000, 0x0000000089900000| Complete 

Card table byte_map: [0x0000021d12e10000,0x0000021d13210000] _byte_map_base: 0x0000021d12a10000

Marking Bits (Prev, Next): (CMBitMap*) 0x0000021d7da5f3e8, (CMBitMap*) 0x0000021d7da5f420
 Prev Bits: [0x0000021d13610000, 0x0000021d15610000)
 Next Bits: [0x0000021d15610000, 0x0000021d17610000)

Polling page: 0x0000021d7db00000

Metaspace:

Usage:
  Non-class:     54.78 MB capacity,    53.83 MB ( 98%) used,   816.84 KB (  1%) free+waste,   158.75 KB ( <1%) overhead. 
      Class:      8.43 MB capacity,     7.85 MB ( 93%) used,   514.21 KB (  6%) free+waste,    74.69 KB ( <1%) overhead. 
       Both:     63.21 MB capacity,    61.68 MB ( 98%) used,     1.30 MB (  2%) free+waste,   233.44 KB ( <1%) overhead. 

Virtual space:
  Non-class space:       56.00 MB reserved,      54.93 MB ( 98%) committed 
      Class space:        1.00 GB reserved,       8.57 MB ( <1%) committed 
             Both:        1.05 GB reserved,      63.50 MB (  6%) committed 

Chunk freelists:
   Non-Class:  148.00 KB
       Class:  73.00 KB
        Both:  221.00 KB

MaxMetaspaceSize: 17179869184.00 GB
CompressedClassSpaceSize: 1.00 GB

CodeHeap 'non-profiled nmethods': size=120000Kb used=3824Kb max_used=3824Kb free=116175Kb
 bounds [0x0000021d0b4e0000, 0x0000021d0b8a0000, 0x0000021d12a10000]
CodeHeap 'profiled nmethods': size=120000Kb used=13043Kb max_used=13043Kb free=106957Kb
 bounds [0x0000021d03fb0000, 0x0000021d04c70000, 0x0000021d0b4e0000]
CodeHeap 'non-nmethods': size=5760Kb used=2260Kb max_used=2302Kb free=3500Kb
 bounds [0x0000021d03a10000, 0x0000021d03c80000, 0x0000021d03fb0000]
 total_blobs=6999 nmethods=6149 adapters=761
 compilation: enabled
              stopped_count=0, restarted_count=0
 full_count=0

Compilation events (20 events):
Event: 4.637 Thread 0x0000021d1ac9a800 6123       3       org.gradle.internal.instantiation.generator.DependencyInjectingInstantiator::<init> (15 bytes)
Event: 4.637 Thread 0x0000021d1ac9a800 nmethod 6123 0x0000021d04c62890 code [0x0000021d04c62a40, 0x0000021d04c62c58]
Event: 4.637 Thread 0x0000021d1ac9a800 6124       3       org.gradle.internal.instantiation.generator.DefaultInstantiationScheme$DefaultDeserializationInstantiator::<init> (26 bytes)
Event: 4.637 Thread 0x0000021d1ac9a800 nmethod 6124 0x0000021d04c62d10 code [0x0000021d04c62ee0, 0x0000021d04c631b8]
Event: 4.651 Thread 0x0000021d1a340000 nmethod 6098 0x0000021d0b891510 code [0x0000021d0b891720, 0x0000021d0b8925e8]
Event: 4.651 Thread 0x0000021d1a340000 6125       4       java.util.LinkedList$ListItr::next (56 bytes)
Event: 4.653 Thread 0x0000021d1ac9a800 6127       3       org.codehaus.groovy.runtime.metaclass.ReflectionMetaMethod::getName (8 bytes)
Event: 4.653 Thread 0x0000021d1ac9a800 nmethod 6127 0x0000021d04c63290 code [0x0000021d04c63440, 0x0000021d04c635d8]
Event: 4.653 Thread 0x0000021d1ac9a800 6128       3       org.codehaus.groovy.runtime.metaclass.MetaMethodIndex::addMethodToList (131 bytes)
Event: 4.653 Thread 0x0000021d1a340000 nmethod 6125 0x0000021d0b892c10 code [0x0000021d0b892da0, 0x0000021d0b893018]
Event: 4.653 Thread 0x0000021d1a340000 6126       4       java.util.ArrayList::toArray (57 bytes)
Event: 4.654 Thread 0x0000021d1ac9a800 nmethod 6128 0x0000021d04c63710 code [0x0000021d04c639c0, 0x0000021d04c64ac8]
Event: 4.656 Thread 0x0000021d1a340000 nmethod 6126 0x0000021d0b893190 code [0x0000021d0b893340, 0x0000021d0b8937f8]
Event: 4.656 Thread 0x0000021d1a340000 6024       4       java.util.regex.Pattern::peek (26 bytes)
Event: 4.656 Thread 0x0000021d1a340000 nmethod 6024 0x0000021d0b893990 code [0x0000021d0b893b20, 0x0000021d0b893bf8]
Event: 4.656 Thread 0x0000021d1a340000 6069  s    4       java.lang.Throwable::fillInStackTrace (29 bytes)
Event: 4.657 Thread 0x0000021d1ac9a800 6133       3       sun.reflect.generics.reflectiveObjects.WildcardTypeImpl::toString (159 bytes)
Event: 4.658 Thread 0x0000021d1ac9a800 nmethod 6133 0x0000021d04c64f10 code [0x0000021d04c652a0, 0x0000021d04c66b28]
Event: 4.658 Thread 0x0000021d1a340000 nmethod 6069 0x0000021d0b893d10 code [0x0000021d0b893ec0, 0x0000021d0b8942a8]
Event: 4.658 Thread 0x0000021d1a340000 6131       4       com.sun.beans.introspect.MethodInfo$MethodOrder::compare (167 bytes)

GC Heap History (20 events):
Event: 0.434 GC heap before
{Heap before GC invocations=0 (full 0):
 garbage-first heap   total 131072K, used 29696K [0x0000000080000000, 0x0000000100000000)
  region size 1024K, 24 young (24576K), 0 survivors (0K)
 Metaspace       used 10179K, capacity 10363K, committed 10624K, reserved 1058816K
  class space    used 1065K, capacity 1141K, committed 1152K, reserved 1048576K
}
Event: 0.438 GC heap after
{Heap after GC invocations=1 (full 0):
 garbage-first heap   total 131072K, used 9252K [0x0000000080000000, 0x0000000100000000)
  region size 1024K, 3 young (3072K), 3 survivors (3072K)
 Metaspace       used 10179K, capacity 10363K, committed 10624K, reserved 1058816K
  class space    used 1065K, capacity 1141K, committed 1152K, reserved 1048576K
}
Event: 1.240 GC heap before
{Heap before GC invocations=1 (full 0):
 garbage-first heap   total 131072K, used 84004K [0x0000000080000000, 0x0000000100000000)
  region size 1024K, 76 young (77824K), 3 survivors (3072K)
 Metaspace       used 17736K, capacity 18161K, committed 18432K, reserved 1064960K
  class space    used 2103K, capacity 2240K, committed 2304K, reserved 1048576K
}
Event: 1.244 GC heap after
{Heap after GC invocations=2 (full 0):
 garbage-first heap   total 131072K, used 15799K [0x0000000080000000, 0x0000000100000000)
  region size 1024K, 10 young (10240K), 10 survivors (10240K)
 Metaspace       used 17736K, capacity 18161K, committed 18432K, reserved 1064960K
  class space    used 2103K, capacity 2240K, committed 2304K, reserved 1048576K
}
Event: 1.383 GC heap before
{Heap before GC invocations=2 (full 0):
 garbage-first heap   total 131072K, used 37303K [0x0000000080000000, 0x0000000100000000)
  region size 1024K, 32 young (32768K), 10 survivors (10240K)
 Metaspace       used 20596K, capacity 21124K, committed 21248K, reserved 1067008K
  class space    used 2520K, capacity 2722K, committed 2816K, reserved 1048576K
}
Event: 1.388 GC heap after
{Heap after GC invocations=3 (full 0):
 garbage-first heap   total 131072K, used 17075K [0x0000000080000000, 0x0000000100000000)
  region size 1024K, 1 young (1024K), 1 survivors (1024K)
 Metaspace       used 20596K, capacity 21124K, committed 21248K, reserved 1067008K
  class space    used 2520K, capacity 2722K, committed 2816K, reserved 1048576K
}
Event: 1.764 GC heap before
{Heap before GC invocations=4 (full 0):
 garbage-first heap   total 131072K, used 78515K [0x0000000080000000, 0x0000000100000000)
  region size 1024K, 62 young (63488K), 1 survivors (1024K)
 Metaspace       used 26464K, capacity 27136K, committed 27392K, reserved 1073152K
  class space    used 3491K, capacity 3755K, committed 3840K, reserved 1048576K
}
Event: 1.766 GC heap after
{Heap after GC invocations=5 (full 0):
 garbage-first heap   total 131072K, used 18775K [0x0000000080000000, 0x0000000100000000)
  region size 1024K, 3 young (3072K), 3 survivors (3072K)
 Metaspace       used 26464K, capacity 27136K, committed 27392K, reserved 1073152K
  class space    used 3491K, capacity 3755K, committed 3840K, reserved 1048576K
}
Event: 2.319 GC heap before
{Heap before GC invocations=5 (full 0):
 garbage-first heap   total 131072K, used 67927K [0x0000000080000000, 0x0000000100000000)
  region size 1024K, 52 young (53248K), 3 survivors (3072K)
 Metaspace       used 35020K, capacity 35830K, committed 35840K, reserved 1081344K
  class space    used 4540K, capacity 4864K, committed 4864K, reserved 1048576K
}
Event: 2.326 GC heap after
{Heap after GC invocations=6 (full 0):
 garbage-first heap   total 131072K, used 22209K [0x0000000080000000, 0x0000000100000000)
  region size 1024K, 6 young (6144K), 6 survivors (6144K)
 Metaspace       used 35020K, capacity 35830K, committed 35840K, reserved 1081344K
  class space    used 4540K, capacity 4864K, committed 4864K, reserved 1048576K
}
Event: 2.786 GC heap before
{Heap before GC invocations=7 (full 0):
 garbage-first heap   total 131072K, used 88769K [0x0000000080000000, 0x0000000100000000)
  region size 1024K, 69 young (70656K), 6 survivors (6144K)
 Metaspace       used 39558K, capacity 40526K, committed 40780K, reserved 1085440K
  class space    used 5069K, capacity 5422K, committed 5452K, reserved 1048576K
}
Event: 2.792 GC heap after
{Heap after GC invocations=8 (full 0):
 garbage-first heap   total 131072K, used 27364K [0x0000000080000000, 0x0000000100000000)
  region size 1024K, 9 young (9216K), 9 survivors (9216K)
 Metaspace       used 39558K, capacity 40526K, committed 40780K, reserved 1085440K
  class space    used 5069K, capacity 5422K, committed 5452K, reserved 1048576K
}
Event: 3.176 GC heap before
{Heap before GC invocations=8 (full 0):
 garbage-first heap   total 131072K, used 90852K [0x0000000080000000, 0x0000000100000000)
  region size 1024K, 71 young (72704K), 9 survivors (9216K)
 Metaspace       used 45352K, capacity 46545K, committed 46796K, reserved 1089536K
  class space    used 5831K, capacity 6229K, committed 6348K, reserved 1048576K
}
Event: 3.184 GC heap after
{Heap after GC invocations=9 (full 0):
 garbage-first heap   total 157696K, used 29347K [0x0000000080000000, 0x0000000100000000)
  region size 1024K, 3 young (3072K), 3 survivors (3072K)
 Metaspace       used 45352K, capacity 46545K, committed 46796K, reserved 1089536K
  class space    used 5831K, capacity 6229K, committed 6348K, reserved 1048576K
}
Event: 3.733 GC heap before
{Heap before GC invocations=9 (full 0):
 garbage-first heap   total 157696K, used 109219K [0x0000000080000000, 0x0000000100000000)
  region size 1024K, 78 young (79872K), 3 survivors (3072K)
 Metaspace       used 50710K, capacity 51996K, committed 52044K, reserved 1093632K
  class space    used 6492K, capacity 6942K, committed 6988K, reserved 1048576K
}
Event: 3.739 GC heap after
{Heap after GC invocations=10 (full 0):
 garbage-first heap   total 157696K, used 42463K [0x0000000080000000, 0x0000000100000000)
  region size 1024K, 10 young (10240K), 10 survivors (10240K)
 Metaspace       used 50710K, capacity 51996K, committed 52044K, reserved 1093632K
  class space    used 6492K, capacity 6942K, committed 6988K, reserved 1048576K
}
Event: 4.196 GC heap before
{Heap before GC invocations=10 (full 0):
 garbage-first heap   total 157696K, used 90591K [0x0000000080000000, 0x0000000100000000)
  region size 1024K, 58 young (59392K), 10 survivors (10240K)
 Metaspace       used 58563K, capacity 60073K, committed 60288K, reserved 1101824K
  class space    used 7449K, capacity 8012K, committed 8140K, reserved 1048576K
}
Event: 4.205 GC heap after
{Heap after GC invocations=11 (full 0):
 garbage-first heap   total 157696K, used 45559K [0x0000000080000000, 0x0000000100000000)
  region size 1024K, 4 young (4096K), 4 survivors (4096K)
 Metaspace       used 58563K, capacity 60073K, committed 60288K, reserved 1101824K
  class space    used 7449K, capacity 8012K, committed 8140K, reserved 1048576K
}
Event: 4.612 GC heap before
{Heap before GC invocations=12 (full 0):
 garbage-first heap   total 157696K, used 108023K [0x0000000080000000, 0x0000000100000000)
  region size 1024K, 65 young (66560K), 4 survivors (4096K)
 Metaspace       used 63205K, capacity 64787K, committed 65024K, reserved 1105920K
  class space    used 8064K, capacity 8651K, committed 8780K, reserved 1048576K
}
Event: 4.620 GC heap after
{Heap after GC invocations=13 (full 0):
 garbage-first heap   total 157696K, used 50400K [0x0000000080000000, 0x0000000100000000)
  region size 1024K, 8 young (8192K), 8 survivors (8192K)
 Metaspace       used 63205K, capacity 64787K, committed 65024K, reserved 1105920K
  class space    used 8064K, capacity 8651K, committed 8780K, reserved 1048576K
}

Deoptimization events (20 events):
Event: 4.537 Thread 0x0000021d1d242800 Uncommon trap: trap_request=0xffffff4d fr.pc=0x0000021d0b52c4fc relative=0x00000000000004bc
Event: 4.537 Thread 0x0000021d1d242800 Uncommon trap: reason=unstable_if action=reinterpret pc=0x0000021d0b52c4fc method=java.lang.AbstractStringBuilder.putStringAt(ILjava/lang/String;)V @ 8 c2
Event: 4.538 Thread 0x0000021d1d242800 DEOPT PACKING pc=0x0000021d0b52c4fc sp=0x0000001eab8f6f40
Event: 4.538 Thread 0x0000021d1d242800 DEOPT UNPACKING pc=0x0000021d03a378af sp=0x0000001eab8f6e48 mode 2
Event: 4.538 Thread 0x0000021d1d242800 Uncommon trap: trap_request=0xffffff4d fr.pc=0x0000021d0b512cec relative=0x00000000000000cc
Event: 4.538 Thread 0x0000021d1d242800 Uncommon trap: reason=unstable_if action=reinterpret pc=0x0000021d0b512cec method=java.lang.String.getBytes([BIB)V @ 5 c2
Event: 4.538 Thread 0x0000021d1d242800 DEOPT PACKING pc=0x0000021d0b512cec sp=0x0000001eab8f6e00
Event: 4.538 Thread 0x0000021d1d242800 DEOPT UNPACKING pc=0x0000021d03a378af sp=0x0000001eab8f6dc8 mode 2
Event: 4.538 Thread 0x0000021d1d242800 Uncommon trap: trap_request=0xffffff4d fr.pc=0x0000021d0b5137e0 relative=0x00000000000004a0
Event: 4.538 Thread 0x0000021d1d242800 Uncommon trap: reason=unstable_if action=reinterpret pc=0x0000021d0b5137e0 method=java.lang.AbstractStringBuilder.putStringAt(ILjava/lang/String;)V @ 8 c2
Event: 4.538 Thread 0x0000021d1d242800 DEOPT PACKING pc=0x0000021d0b5137e0 sp=0x0000001eab8f6ed0
Event: 4.538 Thread 0x0000021d1d242800 DEOPT UNPACKING pc=0x0000021d03a378af sp=0x0000001eab8f6e40 mode 2
Event: 4.588 Thread 0x0000021d1d242800 Uncommon trap: trap_request=0xffffff4d fr.pc=0x0000021d0b687ef8 relative=0x0000000000000338
Event: 4.588 Thread 0x0000021d1d242800 Uncommon trap: reason=unstable_if action=reinterpret pc=0x0000021d0b687ef8 method=java.util.StringJoiner.add(Ljava/lang/CharSequence;)Ljava/util/StringJoiner; @ 33 c2
Event: 4.588 Thread 0x0000021d1d242800 DEOPT PACKING pc=0x0000021d0b687ef8 sp=0x0000001eab8f6170
Event: 4.588 Thread 0x0000021d1d242800 DEOPT UNPACKING pc=0x0000021d03a378af sp=0x0000001eab8f6120 mode 2
Event: 4.653 Thread 0x0000021d1d242800 Uncommon trap: trap_request=0xffffff4d fr.pc=0x0000021d0b6e3914 relative=0x0000000000000db4
Event: 4.653 Thread 0x0000021d1d242800 Uncommon trap: reason=unstable_if action=reinterpret pc=0x0000021d0b6e3914 method=org.codehaus.groovy.runtime.metaclass.MetaMethodIndex.isOverridden(Lgroovy/lang/MetaMethod;Lgroovy/lang/MetaMethod;)Z @ 33 c2
Event: 4.653 Thread 0x0000021d1d242800 DEOPT PACKING pc=0x0000021d0b6e3914 sp=0x0000001eab8f5080
Event: 4.653 Thread 0x0000021d1d242800 DEOPT UNPACKING pc=0x0000021d03a378af sp=0x0000001eab8f4fc8 mode 2

Classes redefined (0 events):
No events

Internal exceptions (20 events):
Event: 4.604 Thread 0x0000021d1d242800 Exception <a 'java/lang/ClassNotFoundException'{0x0000000085bbc298}: com/android/builder/core/AbstractProductFlavorCustomizer> (0x0000000085bbc298) thrown at [./src/hotspot/share/classfile/systemDictionary.cpp, line 231]
Event: 4.605 Thread 0x0000021d1d242800 Exception <a 'java/lang/ClassNotFoundException'{0x0000000085a0c238}: com/android/build/gradle/internal/dsl/BaseFlavorCustomizer> (0x0000000085a0c238) thrown at [./src/hotspot/share/classfile/systemDictionary.cpp, line 231]
Event: 4.607 Thread 0x0000021d1d242800 Exception <a 'java/lang/ClassNotFoundException'{0x0000000085a81ad8}: com/android/build/gradle/internal/dsl/DefaultConfigCustomizer> (0x0000000085a81ad8) thrown at [./src/hotspot/share/classfile/systemDictionary.cpp, line 231]
Event: 4.607 Thread 0x0000021d1d242800 Exception <a 'java/lang/ClassNotFoundException'{0x0000000085ab2900}: com/android/build/gradle/internal/dsl/DefaultConfig_DecoratedCustomizer> (0x0000000085ab2900) thrown at [./src/hotspot/share/classfile/systemDictionary.cpp, line 231]
Event: 4.612 Thread 0x0000021d1d242800 Exception <a 'java/lang/ClassNotFoundException'{0x00000000859f4b50}: org/gradle/api/internal/NamedDomainObjectContainerConfigureDelegateBeanInfo> (0x00000000859f4b50) thrown at [./src/hotspot/share/classfile/systemDictionary.cpp, line 231]
Event: 4.621 Thread 0x0000021d1d242800 Exception <a 'java/lang/ClassNotFoundException'{0x000000008992b128}: org/gradle/api/internal/NamedDomainObjectContainerConfigureDelegateCustomizer> (0x000000008992b128) thrown at [./src/hotspot/share/classfile/systemDictionary.cpp, line 231]
Event: 4.629 Thread 0x0000021d1d242800 Exception <a 'java/lang/ClassNotFoundException'{0x000000008979deb0}: org/gradle/api/internal/FactoryNamedDomainObjectContainer_DecoratedBeanInfo> (0x000000008979deb0) thrown at [./src/hotspot/share/classfile/systemDictionary.cpp, line 231]
Event: 4.630 Thread 0x0000021d1d242800 Exception <a 'java/lang/ClassNotFoundException'{0x00000000897d04b0}: org/gradle/api/internal/FactoryNamedDomainObjectContainerBeanInfo> (0x00000000897d04b0) thrown at [./src/hotspot/share/classfile/systemDictionary.cpp, line 231]
Event: 4.630 Thread 0x0000021d1d242800 Exception <a 'java/lang/ClassNotFoundException'{0x0000000089604a98}: org/gradle/api/internal/AbstractNamedDomainObjectContainerBeanInfo> (0x0000000089604a98) thrown at [./src/hotspot/share/classfile/systemDictionary.cpp, line 231]
Event: 4.631 Thread 0x0000021d1d242800 Exception <a 'java/lang/ClassNotFoundException'{0x0000000089637908}: org/gradle/api/internal/DefaultNamedDomainObjectSetBeanInfo> (0x0000000089637908) thrown at [./src/hotspot/share/classfile/systemDictionary.cpp, line 231]
Event: 4.631 Thread 0x0000021d1d242800 Exception <a 'java/lang/ClassNotFoundException'{0x000000008966a370}: org/gradle/api/internal/DefaultNamedDomainObjectSetCustomizer> (0x000000008966a370) thrown at [./src/hotspot/share/classfile/systemDictionary.cpp, line 231]
Event: 4.633 Thread 0x0000021d1d242800 Exception <a 'java/lang/ClassNotFoundException'{0x00000000896b3260}: org/gradle/api/internal/AbstractNamedDomainObjectContainerCustomizer> (0x00000000896b3260) thrown at [./src/hotspot/share/classfile/systemDictionary.cpp, line 231]
Event: 4.634 Thread 0x0000021d1d242800 Exception <a 'java/lang/ClassNotFoundException'{0x00000000896fa938}: org/gradle/api/internal/FactoryNamedDomainObjectContainerCustomizer> (0x00000000896fa938) thrown at [./src/hotspot/share/classfile/systemDictionary.cpp, line 231]
Event: 4.635 Thread 0x0000021d1d242800 Exception <a 'java/lang/ClassNotFoundException'{0x000000008953ada8}: org/gradle/api/internal/FactoryNamedDomainObjectContainer_DecoratedCustomizer> (0x000000008953ada8) thrown at [./src/hotspot/share/classfile/systemDictionary.cpp, line 231]
Event: 4.654 Thread 0x0000021d1d242800 Exception <a 'java/lang/ClassNotFoundException'{0x00000000893534b0}: com/android/build/gradle/internal/dsl/BuildType_DecoratedBeanInfo> (0x00000000893534b0) thrown at [./src/hotspot/share/classfile/systemDictionary.cpp, line 231]
Event: 4.655 Thread 0x0000021d1d242800 Exception <a 'java/lang/ClassNotFoundException'{0x000000008936bb98}: com/android/build/gradle/internal/dsl/BuildTypeBeanInfo> (0x000000008936bb98) thrown at [./src/hotspot/share/classfile/systemDictionary.cpp, line 231]
Event: 4.655 Thread 0x0000021d1d242800 Exception <a 'java/lang/ClassNotFoundException'{0x0000000089383938}: com/android/builder/core/AbstractBuildTypeBeanInfo> (0x0000000089383938) thrown at [./src/hotspot/share/classfile/systemDictionary.cpp, line 231]
Event: 4.655 Thread 0x0000021d1d242800 Exception <a 'java/lang/ClassNotFoundException'{0x000000008939bbe8}: com/android/builder/core/AbstractBuildTypeCustomizer> (0x000000008939bbe8) thrown at [./src/hotspot/share/classfile/systemDictionary.cpp, line 231]
Event: 4.656 Thread 0x0000021d1d242800 Exception <a 'java/lang/ClassNotFoundException'{0x00000000893d0820}: com/android/build/gradle/internal/dsl/BuildTypeCustomizer> (0x00000000893d0820) thrown at [./src/hotspot/share/classfile/systemDictionary.cpp, line 231]
Event: 4.658 Thread 0x0000021d1d242800 Exception <a 'java/lang/ClassNotFoundException'{0x000000008925d020}: com/android/build/gradle/internal/dsl/BuildType_DecoratedCustomizer> (0x000000008925d020) thrown at [./src/hotspot/share/classfile/systemDictionary.cpp, line 231]

Events (20 events):
Event: 4.655 loading class com/android/build/gradle/internal/dsl/BuildTypeBeanInfo
Event: 4.655 loading class com/android/build/gradle/internal/dsl/BuildTypeBeanInfo done
Event: 4.655 loading class com/android/builder/core/AbstractBuildTypeBeanInfo
Event: 4.655 loading class com/android/builder/core/AbstractBuildTypeBeanInfo done
Event: 4.655 loading class com/android/builder/core/AbstractBuildTypeBeanInfo
Event: 4.655 loading class com/android/builder/core/AbstractBuildTypeBeanInfo done
Event: 4.655 loading class com/android/builder/core/AbstractBuildTypeCustomizer
Event: 4.655 loading class com/android/builder/core/AbstractBuildTypeCustomizer done
Event: 4.655 loading class com/android/builder/core/AbstractBuildTypeCustomizer
Event: 4.655 loading class com/android/builder/core/AbstractBuildTypeCustomizer done
Event: 4.656 loading class com/android/build/gradle/internal/dsl/BuildTypeCustomizer
Event: 4.656 loading class com/android/build/gradle/internal/dsl/BuildTypeCustomizer done
Event: 4.656 Executing VM operation: CGC_Operation
Event: 4.656 Executing VM operation: CGC_Operation done
Event: 4.656 loading class com/android/build/gradle/internal/dsl/BuildTypeCustomizer
Event: 4.656 loading class com/android/build/gradle/internal/dsl/BuildTypeCustomizer done
Event: 4.658 loading class com/android/build/gradle/internal/dsl/BuildType_DecoratedCustomizer
Event: 4.658 loading class com/android/build/gradle/internal/dsl/BuildType_DecoratedCustomizer done
Event: 4.658 loading class com/android/build/gradle/internal/dsl/BuildType_DecoratedCustomizer
Event: 4.658 loading class com/android/build/gradle/internal/dsl/BuildType_DecoratedCustomizer done


Dynamic libraries:
0x00007ff78b620000 - 0x00007ff78b62a000 	C:\Program Files\Android\Android Studio\jre\bin\java.exe
0x00007ff99e340000 - 0x00007ff99e547000 	C:\Windows\SYSTEM32\ntdll.dll
0x00007ff99dbf0000 - 0x00007ff99dcad000 	C:\Windows\System32\KERNEL32.DLL
0x00007ff99bba0000 - 0x00007ff99bf14000 	C:\Windows\System32\KERNELBASE.dll
0x00007ff99b9e0000 - 0x00007ff99baf1000 	C:\Windows\System32\ucrtbase.dll
0x00007ff992940000 - 0x00007ff992959000 	C:\Program Files\Android\Android Studio\jre\bin\jli.dll
0x00007ff98c5c0000 - 0x00007ff98c5d7000 	C:\Program Files\Android\Android Studio\jre\bin\VCRUNTIME140.dll
0x00007ff99ca60000 - 0x00007ff99cc0c000 	C:\Windows\System32\USER32.dll
0x00007ff98c7e0000 - 0x00007ff98ca85000 	C:\Windows\WinSxS\amd64_microsoft.windows.common-controls_6595b64144ccf1df_6.0.22000.120_none_9d947278b86cc467\COMCTL32.dll
0x00007ff99b9b0000 - 0x00007ff99b9d6000 	C:\Windows\System32\win32u.dll
0x00007ff99c1d0000 - 0x00007ff99c273000 	C:\Windows\System32\msvcrt.dll
0x00007ff99dcb0000 - 0x00007ff99dcd9000 	C:\Windows\System32\GDI32.dll
0x00007ff99b890000 - 0x00007ff99b9a2000 	C:\Windows\System32\gdi32full.dll
0x00007ff99bb00000 - 0x00007ff99bb9d000 	C:\Windows\System32\msvcp_win.dll
0x00007ff99c880000 - 0x00007ff99c8b1000 	C:\Windows\System32\IMM32.DLL
0x00007ff971770000 - 0x00007ff97180d000 	C:\Program Files\Android\Android Studio\jre\bin\msvcp140.dll
0x00007ff967790000 - 0x00007ff96825f000 	C:\Program Files\Android\Android Studio\jre\bin\server\jvm.dll
0x00007ff99d910000 - 0x00007ff99d9bc000 	C:\Windows\System32\ADVAPI32.dll
0x00007ff99c660000 - 0x00007ff99c6fd000 	C:\Windows\System32\sechost.dll
0x00007ff99c920000 - 0x00007ff99ca41000 	C:\Windows\System32\RPCRT4.dll
0x00007ff99e130000 - 0x00007ff99e138000 	C:\Windows\System32\PSAPI.DLL
0x00007ff998b50000 - 0x00007ff998b59000 	C:\Windows\SYSTEM32\WSOCK32.dll
0x00007ff996060000 - 0x00007ff996093000 	C:\Windows\SYSTEM32\WINMM.dll
0x00007ff9950f0000 - 0x00007ff9950fa000 	C:\Windows\SYSTEM32\VERSION.dll
0x00007ff99da20000 - 0x00007ff99da8f000 	C:\Windows\System32\WS2_32.dll
0x00007ff99a940000 - 0x00007ff99a958000 	C:\Windows\SYSTEM32\kernel.appcore.dll
0x00007ff998b30000 - 0x00007ff998b41000 	C:\Program Files\Android\Android Studio\jre\bin\verify.dll
0x00007ff98eb40000 - 0x00007ff98ed61000 	C:\Windows\SYSTEM32\DBGHELP.DLL
0x00007ff988ea0000 - 0x00007ff988ed1000 	C:\Windows\SYSTEM32\dbgcore.DLL
0x00007ff99bf20000 - 0x00007ff99bf9f000 	C:\Windows\System32\bcryptPrimitives.dll
0x00007ff992a10000 - 0x00007ff992a39000 	C:\Program Files\Android\Android Studio\jre\bin\java.dll
0x00007ff997a50000 - 0x00007ff997a5b000 	C:\Program Files\Android\Android Studio\jre\bin\jimage.dll
0x00007ff9976d0000 - 0x00007ff9976e8000 	C:\Program Files\Android\Android Studio\jre\bin\zip.dll
0x00007ff99cc10000 - 0x00007ff99d3be000 	C:\Windows\System32\SHELL32.dll
0x00007ff9999c0000 - 0x00007ff99a227000 	C:\Windows\SYSTEM32\windows.storage.dll
0x00007ff99ddb0000 - 0x00007ff99e128000 	C:\Windows\System32\combase.dll
0x00007ff999850000 - 0x00007ff9999b6000 	C:\Windows\SYSTEM32\wintypes.dll
0x00007ff99c790000 - 0x00007ff99c87a000 	C:\Windows\System32\SHCORE.dll
0x00007ff99c8c0000 - 0x00007ff99c91d000 	C:\Windows\System32\shlwapi.dll
0x00007ff99b750000 - 0x00007ff99b771000 	C:\Windows\SYSTEM32\profapi.dll
0x00007ff993d10000 - 0x00007ff993d2a000 	C:\Program Files\Android\Android Studio\jre\bin\net.dll
0x00007ff996160000 - 0x00007ff99626c000 	C:\Windows\SYSTEM32\WINHTTP.dll
0x00007ff99ad50000 - 0x00007ff99adb7000 	C:\Windows\system32\mswsock.dll
0x00007ff9929f0000 - 0x00007ff992a04000 	C:\Program Files\Android\Android Studio\jre\bin\nio.dll
0x00007ff98b1a0000 - 0x00007ff98b1c7000 	C:\Users\NeHaL\.gradle\native\8bec1ad78214c89d9ad589b4d07fe93259594b29d510b10fafb7a158f7737e5d\windows-amd64\native-platform.dll
0x00007ff9695d0000 - 0x00007ff96970d000 	C:\Users\NeHaL\.gradle\native\53dbd7edfb1c66fb8903c78663c9afc45aea4f116125fa6feffd364cf09443e8\windows-amd64\native-platform-file-events.dll
0x00007ff994f40000 - 0x00007ff994f4a000 	C:\Program Files\Android\Android Studio\jre\bin\management.dll
0x00007ff993ce0000 - 0x00007ff993cec000 	C:\Program Files\Android\Android Studio\jre\bin\management_ext.dll
0x00007ff99af90000 - 0x00007ff99afa8000 	C:\Windows\SYSTEM32\CRYPTSP.dll
0x00007ff99a8a0000 - 0x00007ff99a8d5000 	C:\Windows\system32\rsaenh.dll
0x00007ff99ae40000 - 0x00007ff99ae69000 	C:\Windows\SYSTEM32\USERENV.dll
0x00007ff99b110000 - 0x00007ff99b137000 	C:\Windows\SYSTEM32\bcrypt.dll
0x00007ff99afb0000 - 0x00007ff99afbc000 	C:\Windows\SYSTEM32\CRYPTBASE.dll
0x00007ff99a480000 - 0x00007ff99a4ad000 	C:\Windows\SYSTEM32\IPHLPAPI.DLL
0x00007ff99db70000 - 0x00007ff99db79000 	C:\Windows\System32\NSI.dll
0x00007ff995a40000 - 0x00007ff995a59000 	C:\Windows\SYSTEM32\dhcpcsvc6.DLL
0x00007ff996d30000 - 0x00007ff996d4e000 	C:\Windows\SYSTEM32\dhcpcsvc.DLL
0x00007ff99a4b0000 - 0x00007ff99a597000 	C:\Windows\SYSTEM32\DNSAPI.dll

dbghelp: loaded successfully - version: 4.0.5 - missing functions: none
symbol engine: initialized successfully - sym options: 0x614 - pdb path: .;C:\Program Files\Android\Android Studio\jre\bin;C:\Windows\SYSTEM32;C:\Windows\WinSxS\amd64_microsoft.windows.common-controls_6595b64144ccf1df_6.0.22000.120_none_9d947278b86cc467;C:\Program Files\Android\Android Studio\jre\bin\server;C:\Users\NeHaL\.gradle\native\8bec1ad78214c89d9ad589b4d07fe93259594b29d510b10fafb7a158f7737e5d\windows-amd64;C:\Users\NeHaL\.gradle\native\53dbd7edfb1c66fb8903c78663c9afc45aea4f116125fa6feffd364cf09443e8\windows-amd64

VM Arguments:
jvm_args: --add-opens=java.base/java.util=ALL-UNNAMED --add-opens=java.base/java.lang=ALL-UNNAMED --add-opens=java.base/java.lang.invoke=ALL-UNNAMED --add-opens=java.base/java.util=ALL-UNNAMED --add-opens=java.prefs/java.util.prefs=ALL-UNNAMED --add-opens=java.prefs/java.util.prefs=ALL-UNNAMED --add-opens=java.base/java.nio.charset=ALL-UNNAMED --add-opens=java.base/java.net=ALL-UNNAMED --add-opens=java.base/java.util.concurrent.atomic=ALL-UNNAMED -Xmx2048m -Dfile.encoding=UTF-8 -Duser.country=IN -Duser.language=en -Duser.variant 
java_command: org.gradle.launcher.daemon.bootstrap.GradleDaemon 7.0.2
java_class_path (initial): C:\Users\NeHaL\.gradle\wrapper\dists\gradle-7.0.2-bin\857tjihv64xamwrf0h14cai3r\gradle-7.0.2\lib\gradle-launcher-7.0.2.jar
Launcher Type: SUN_STANDARD

[Global flags]
     intx CICompilerCount                          = 4                                         {product} {ergonomic}
     uint ConcGCThreads                            = 3                                         {product} {ergonomic}
     uint G1ConcRefinementThreads                  = 10                                        {product} {ergonomic}
   size_t G1HeapRegionSize                         = 1048576                                   {product} {ergonomic}
    uintx GCDrainStackTargetSize                   = 64                                        {product} {ergonomic}
   size_t InitialHeapSize                          = 134217728                                 {product} {ergonomic}
   size_t MarkStackSize                            = 4194304                                   {product} {ergonomic}
   size_t MaxHeapSize                              = 2147483648                                {product} {command line}
   size_t MaxNewSize                               = 1287651328                                {product} {ergonomic}
   size_t MinHeapDeltaBytes                        = 1048576                                   {product} {ergonomic}
    uintx NonNMethodCodeHeapSize                   = 5836300                                {pd product} {ergonomic}
    uintx NonProfiledCodeHeapSize                  = 122910970                              {pd product} {ergonomic}
    uintx ProfiledCodeHeapSize                     = 122910970                              {pd product} {ergonomic}
    uintx ReservedCodeCacheSize                    = 251658240                              {pd product} {ergonomic}
     bool SegmentedCodeCache                       = true                                      {product} {ergonomic}
     bool UseCompressedClassPointers               = true                                 {lp64_product} {ergonomic}
     bool UseCompressedOops                        = true                                 {lp64_product} {ergonomic}
     bool UseG1GC                                  = true                                      {product} {ergonomic}
     bool UseLargePagesIndividualAllocation        = false                                  {pd product} {ergonomic}

Logging:
Log output configuration:
 #0: stdout all=warning uptime,level,tags
 #1: stderr all=off uptime,level,tags

Environment Variables:
PATH=C:\Program Files (x86)\Common Files\Intel\Shared Libraries\redist\intel64\compiler;C:\Program Files\Common Files\Oracle\Java\javapath;C:\Windows\system32;C:\Windows;C:\Windows\System32\Wbem;C:\Windows\System32\WindowsPowerShell\v1.0\;C:\Windows\System32\OpenSSH\;C:\Program Files\NVIDIA Corporation\NVIDIA NvDLISR;C:\Program Files (x86)\NVIDIA Corporation\PhysX\Common;C:\Program Files\nodejs\;C:\ProgramData\chocolatey\bin;C:\Program Files\Git\cmd;C:\Program Files\Cloudflare\Cloudflare WARP;C:\Users\NeHaL\AppData\Local\Microsoft\WindowsApps;C:\Program Files\JetBrains\IntelliJ IDEA Community Edition 2021.2.2\bin;;C:\Program Files\JetBrains\PyCharm Community Edition 2021.2.2\bin;;C:\Users\NeHaL\AppData\Local\Programs\Microsoft VS Code\bin;C:\Users\NeHaL\AppData\Roaming\npm;C:\Program Files\MongoDB\Server\5.0\bin;
USERNAME=NeHaL
OS=Windows_NT
PROCESSOR_IDENTIFIER=AMD64 Family 23 Model 113 Stepping 0, AuthenticAMD



---------------  S Y S T E M  ---------------

OS: Windows 10 , 64 bit Build 22000 (10.0.22000.318)
OS uptime: 0 days 0:41 hours

CPU:total 12 (initial active 12) (12 cores per cpu, 2 threads per core) family 23 model 113 stepping 0 microcode 0x0, cmov, cx8, fxsr, mmx, sse, sse2, sse3, ssse3, sse4.1, sse4.2, popcnt, avx, avx2, aes, clmul, mmxext, 3dnowpref, lzcnt, sse4a, ht, tsc, tscinvbit, tscinv, bmi1, bmi2, adx,

Memory: 4k page, system-wide physical 8144M (1818M free)
TotalPageFile size 8144M (AvailPageFile size 5M)
current process WorkingSet (physical memory assigned to process): 360M, peak: 361M
current process commit charge ("private bytes"): 402M, peak: 403M

vm_info: OpenJDK 64-Bit Server VM (11.0.10+0-b96-7249189) for windows-amd64 JRE (11.0.10+0-b96-7249189), built on Mar 31 2021 21:44:00 by "builder" with MS VC++ 14.0 (VS2015)

END.
