#
# There is insufficient memory for the Java Runtime Environment to continue.
# Native memory allocation (malloc) failed to allocate 1114336 bytes for Chunk::new
# Possible reasons:
#   The system is out of physical RAM or swap space
#   The process is running with CompressedOops enabled, and the Java Heap may be blocking the growth of the native heap
# Possible solutions:
#   Reduce memory load on the system
#   Increase physical memory or swap space
#   Check if swap backing store is full
#   Decrease Java heap size (-Xmx/-Xms)
#   Decrease number of Java threads
#   Decrease Java thread stack sizes (-Xss)
#   Set larger code cache with -XX:ReservedCodeCacheSize=
#   JVM is running with Unscaled Compressed Oops mode in which the Java heap is
#     placed in the first 4GB address space. The Java Heap base address is the
#     maximum limit for the native heap growth. Please use -XX:HeapBaseMinAddress
#     to set the Java Heap base and to place the Java Heap above 4GB virtual address.
# This output file may be truncated or incomplete.
#
#  Out of Memory Error (./src/hotspot/share/memory/arena.cpp:197), pid=12092, tid=5716
#
# JRE version: OpenJDK Runtime Environment (11.0.10) (build 11.0.10+0-b96-7249189)
# Java VM: OpenJDK 64-Bit Server VM (11.0.10+0-b96-7249189, mixed mode, tiered, compressed oops, g1 gc, windows-amd64)
# No core dump will be written. Minidumps are not enabled by default on client versions of Windows
#

---------------  S U M M A R Y ------------

Command Line: --add-opens=java.base/java.util=ALL-UNNAMED --add-opens=java.base/java.lang=ALL-UNNAMED --add-opens=java.base/java.lang.invoke=ALL-UNNAMED --add-opens=java.base/java.util=ALL-UNNAMED --add-opens=java.prefs/java.util.prefs=ALL-UNNAMED --add-opens=java.prefs/java.util.prefs=ALL-UNNAMED --add-opens=java.base/java.nio.charset=ALL-UNNAMED --add-opens=java.base/java.net=ALL-UNNAMED --add-opens=java.base/java.util.concurrent.atomic=ALL-UNNAMED -Xmx2048m -Dfile.encoding=UTF-8 -Duser.country=IN -Duser.language=en -Duser.variant org.gradle.launcher.daemon.bootstrap.GradleDaemon 7.0.2

Host: AMD Ryzen 5 3600 6-Core Processor              , 12 cores, 7G,  Windows 10 , 64 bit Build 22000 (10.0.22000.318)
Time: Mon Dec 27 23:31:56 2021 India Standard Time elapsed time: 4.656399 seconds (0d 0h 0m 4s)

---------------  T H R E A D  ---------------

Current thread (0x000002969540f800):  JavaThread "C2 CompilerThread0" daemon [_thread_in_native, id=5716, stack(0x000000a096200000,0x000000a096300000)]


Current CompileTask:
C2:   4656 6130   !   4       com.sun.beans.TypeResolver::resolve (261 bytes)

Stack: [0x000000a096200000,0x000000a096300000]
Native frames: (J=compiled Java code, j=interpreted, Vv=VM code, C=native code)
V  [jvm.dll+0x5ecfaa]
V  [jvm.dll+0x722bd5]
V  [jvm.dll+0x72412d]
V  [jvm.dll+0x7247e3]
V  [jvm.dll+0x242928]
V  [jvm.dll+0xbc4fc]
V  [jvm.dll+0xbca0c]
V  [jvm.dll+0x2b4fd4]
V  [jvm.dll+0x506028]
V  [jvm.dll+0x203253]
V  [jvm.dll+0x1fd07c]
V  [jvm.dll+0x1fa77f]
V  [jvm.dll+0x18354c]
V  [jvm.dll+0x208ee7]
V  [jvm.dll+0x207731]
V  [jvm.dll+0x6eb1cf]
V  [jvm.dll+0x6e3d45]
V  [jvm.dll+0x5ebe96]
C  [ucrtbase.dll+0x26c0c]
C  [KERNEL32.DLL+0x154e0]
C  [ntdll.dll+0x485b]


---------------  P R O C E S S  ---------------

Threads class SMR info:
_java_thread_list=0x000002969d833170, length=60, elements={
0x00000296faad2800, 0x00000296953f0800, 0x00000296953fb800, 0x000002969540c000,
0x000002969540d000, 0x000002969540e000, 0x000002969540f800, 0x0000029695414800,
0x0000029695d66800, 0x0000029695ec6000, 0x0000029696e5e000, 0x0000029697fcc000,
0x000002969614f800, 0x000002969657b800, 0x0000029697fce800, 0x0000029697bd2800,
0x0000029697142800, 0x00000296986c6000, 0x0000029697c93800, 0x0000029696d17000,
0x00000296981a8800, 0x00000296981a5000, 0x00000296981a7800, 0x00000296981a6000,
0x00000296981a2800, 0x00000296981a9000, 0x00000296981a3800, 0x00000296981a4800,
0x00000296981a7000, 0x0000029698598000, 0x000002969b951000, 0x000002969b952000,
0x000002969b950800, 0x000002969b957000, 0x000002969b958800, 0x000002969b959800,
0x000002969b954800, 0x000002969b955800, 0x000002969b957800, 0x000002969b953800,
0x000002969b95b000, 0x000002969b95a000, 0x000002969b95c000, 0x000002969b95f000,
0x000002969b95d800, 0x000002969b95c800, 0x000002969b95e000, 0x000002969a9c0800,
0x000002969a9bf800, 0x000002969a9be000, 0x000002969a9c3000, 0x000002969a9c3800,
0x000002969a9bf000, 0x000002969a9c7000, 0x000002969a9c4800, 0x000002969a9c1000,
0x000002969a9c6000, 0x000002969a9c8000, 0x000002969a9c2000, 0x000002969a9cb000
}

Java Threads: ( => current thread )
  0x00000296faad2800 JavaThread "main" [_thread_blocked, id=3132, stack(0x000000a095600000,0x000000a095700000)]
  0x00000296953f0800 JavaThread "Reference Handler" daemon [_thread_blocked, id=2420, stack(0x000000a095d00000,0x000000a095e00000)]
  0x00000296953fb800 JavaThread "Finalizer" daemon [_thread_blocked, id=4656, stack(0x000000a095e00000,0x000000a095f00000)]
  0x000002969540c000 JavaThread "Signal Dispatcher" daemon [_thread_blocked, id=13452, stack(0x000000a095f00000,0x000000a096000000)]
  0x000002969540d000 JavaThread "Attach Listener" daemon [_thread_blocked, id=980, stack(0x000000a096000000,0x000000a096100000)]
  0x000002969540e000 JavaThread "Service Thread" daemon [_thread_blocked, id=14700, stack(0x000000a096100000,0x000000a096200000)]
=>0x000002969540f800 JavaThread "C2 CompilerThread0" daemon [_thread_in_native, id=5716, stack(0x000000a096200000,0x000000a096300000)]
  0x0000029695414800 JavaThread "C1 CompilerThread0" daemon [_thread_blocked, id=10536, stack(0x000000a096300000,0x000000a096400000)]
  0x0000029695d66800 JavaThread "Sweeper thread" daemon [_thread_blocked, id=7736, stack(0x000000a096400000,0x000000a096500000)]
  0x0000029695ec6000 JavaThread "Common-Cleaner" daemon [_thread_blocked, id=15124, stack(0x000000a096500000,0x000000a096600000)]
  0x0000029696e5e000 JavaThread "Daemon health stats" [_thread_blocked, id=12148, stack(0x000000a096b00000,0x000000a096c00000)]
  0x0000029697fcc000 JavaThread "Incoming local TCP Connector on port 52504" [_thread_in_native, id=1140, stack(0x000000a096700000,0x000000a096800000)]
  0x000002969614f800 JavaThread "Daemon periodic checks" [_thread_blocked, id=11136, stack(0x000000a096800000,0x000000a096900000)]
  0x000002969657b800 JavaThread "Daemon" [_thread_blocked, id=3264, stack(0x000000a096c00000,0x000000a096d00000)]
  0x0000029697fce800 JavaThread "Handler for socket connection from /127.0.0.1:52504 to /127.0.0.1:52505" [_thread_in_native, id=5056, stack(0x000000a096d00000,0x000000a096e00000)]
  0x0000029697bd2800 JavaThread "C2 CompilerThread1" daemon [_thread_in_native, id=2156, stack(0x000000a096e00000,0x000000a096f00000)]
  0x0000029697142800 JavaThread "Cancel handler" [_thread_blocked, id=1020, stack(0x000000a096f00000,0x000000a097000000)]
  0x00000296986c6000 JavaThread "Daemon worker" [_thread_in_Java, id=9132, stack(0x000000a097000000,0x000000a097100000)]
  0x0000029697c93800 JavaThread "Asynchronous log dispatcher for DefaultDaemonConnection: socket connection from /127.0.0.1:52504 to /127.0.0.1:52505" [_thread_blocked, id=7940, stack(0x000000a097100000,0x000000a097200000)]
  0x0000029696d17000 JavaThread "Stdin handler" [_thread_blocked, id=14484, stack(0x000000a097200000,0x000000a097300000)]
  0x00000296981a8800 JavaThread "Daemon client event forwarder" [_thread_blocked, id=2764, stack(0x000000a097300000,0x000000a097400000)]
  0x00000296981a5000 JavaThread "Cache worker for file hash cache (C:\Users\NeHaL\.gradle\caches\7.0.2\fileHashes)" [_thread_blocked, id=11016, stack(0x000000a097c00000,0x000000a097d00000)]
  0x00000296981a7800 JavaThread "File lock request listener" [_thread_in_native, id=1584, stack(0x000000a097d00000,0x000000a097e00000)]
  0x00000296981a6000 JavaThread "Cache worker for journal cache (C:\Users\NeHaL\.gradle\caches\journal-1)" [_thread_blocked, id=8360, stack(0x000000a098000000,0x000000a098100000)]
  0x00000296981a2800 JavaThread "Cache worker for file hash cache (C:\Users\NeHaL\AndroidStudioProjects\SmartTourApp\.gradle\7.0.2\fileHashes)" [_thread_blocked, id=11556, stack(0x000000a098100000,0x000000a098200000)]
  0x00000296981a9000 JavaThread "File watcher server" daemon [_thread_in_native, id=13624, stack(0x000000a098200000,0x000000a098300000)]
  0x00000296981a3800 JavaThread "File watcher consumer" daemon [_thread_blocked, id=15084, stack(0x000000a098300000,0x000000a098400000)]
  0x00000296981a4800 JavaThread "Cache worker for checksums cache (C:\Users\NeHaL\AndroidStudioProjects\SmartTourApp\.gradle\checksums)" [_thread_blocked, id=8848, stack(0x000000a098400000,0x000000a098500000)]
  0x00000296981a7000 JavaThread "Cache worker for cache directory md-supplier (C:\Users\NeHaL\.gradle\caches\7.0.2\md-supplier)" [_thread_blocked, id=3020, stack(0x000000a098500000,0x000000a098600000)]
  0x0000029698598000 JavaThread "C2 CompilerThread2" daemon [_thread_in_native, id=9592, stack(0x000000a098600000,0x000000a098700000)]
  0x000002969b951000 JavaThread "Cache worker for cache directory md-rule (C:\Users\NeHaL\.gradle\caches\7.0.2\md-rule)" [_thread_blocked, id=8432, stack(0x000000a098700000,0x000000a098800000)]
  0x000002969b952000 JavaThread "Cache worker for execution history cache (C:\Users\NeHaL\.gradle\caches\7.0.2\executionHistory)" [_thread_blocked, id=4880, stack(0x000000a098800000,0x000000a098900000)]
  0x000002969b950800 JavaThread "jar transforms" [_thread_blocked, id=1152, stack(0x000000a098900000,0x000000a098a00000)]
  0x000002969b957000 JavaThread "jar transforms Thread 2" [_thread_blocked, id=13116, stack(0x000000a098a00000,0x000000a098b00000)]
  0x000002969b958800 JavaThread "Cache worker for file content cache (C:\Users\NeHaL\.gradle\caches\7.0.2\fileContent)" [_thread_blocked, id=10320, stack(0x000000a098b00000,0x000000a098c00000)]
  0x000002969b959800 JavaThread "Cache worker for dependencies-accessors (C:\Users\NeHaL\AndroidStudioProjects\SmartTourApp\.gradle\7.0.2\dependencies-accessors)" [_thread_blocked, id=10908, stack(0x000000a098c00000,0x000000a098d00000)]
  0x000002969b954800 JavaThread "jar transforms Thread 3" [_thread_blocked, id=10400, stack(0x000000a098d00000,0x000000a098e00000)]
  0x000002969b955800 JavaThread "Cache worker for Build Output Cleanup Cache (C:\Users\NeHaL\AndroidStudioProjects\SmartTourApp\.gradle\buildOutputCleanup)" [_thread_blocked, id=15196, stack(0x000000a098e00000,0x000000a098f00000)]
  0x000002969b957800 JavaThread "Build operations" [_thread_blocked, id=11572, stack(0x000000a098f00000,0x000000a099000000)]
  0x000002969b953800 JavaThread "Build operations Thread 2" [_thread_blocked, id=11536, stack(0x000000a099000000,0x000000a099100000)]
  0x000002969b95b000 JavaThread "Build operations Thread 3" [_thread_blocked, id=9092, stack(0x000000a099100000,0x000000a099200000)]
  0x000002969b95a000 JavaThread "Build operations Thread 4" [_thread_blocked, id=8860, stack(0x000000a099200000,0x000000a099300000)]
  0x000002969b95c000 JavaThread "Build operations Thread 5" [_thread_blocked, id=8216, stack(0x000000a099300000,0x000000a099400000)]
  0x000002969b95f000 JavaThread "Build operations Thread 6" [_thread_blocked, id=10296, stack(0x000000a099400000,0x000000a099500000)]
  0x000002969b95d800 JavaThread "Build operations Thread 7" [_thread_blocked, id=10064, stack(0x000000a099500000,0x000000a099600000)]
  0x000002969b95c800 JavaThread "Build operations Thread 8" [_thread_blocked, id=8580, stack(0x000000a099600000,0x000000a099700000)]
  0x000002969b95e000 JavaThread "Build operations Thread 9" [_thread_blocked, id=13276, stack(0x000000a099700000,0x000000a099800000)]
  0x000002969a9c0800 JavaThread "Build operations Thread 10" [_thread_blocked, id=11308, stack(0x000000a099800000,0x000000a099900000)]
  0x000002969a9bf800 JavaThread "Build operations Thread 11" [_thread_blocked, id=14912, stack(0x000000a099900000,0x000000a099a00000)]
  0x000002969a9be000 JavaThread "Build operations Thread 12" [_thread_blocked, id=9556, stack(0x000000a099a00000,0x000000a099b00000)]
  0x000002969a9c3000 JavaThread "jar transforms Thread 4" [_thread_blocked, id=15136, stack(0x000000a099b00000,0x000000a099c00000)]
  0x000002969a9c3800 JavaThread "jar transforms Thread 5" [_thread_blocked, id=1564, stack(0x000000a099c00000,0x000000a099d00000)]
  0x000002969a9bf000 JavaThread "jar transforms Thread 6" [_thread_blocked, id=5948, stack(0x000000a099d00000,0x000000a099e00000)]
  0x000002969a9c7000 JavaThread "jar transforms Thread 7" [_thread_blocked, id=11652, stack(0x000000a099e00000,0x000000a099f00000)]
  0x000002969a9c4800 JavaThread "jar transforms Thread 8" [_thread_blocked, id=5676, stack(0x000000a099f00000,0x000000a09a000000)]
  0x000002969a9c1000 JavaThread "jar transforms Thread 9" [_thread_blocked, id=15264, stack(0x000000a09a000000,0x000000a09a100000)]
  0x000002969a9c6000 JavaThread "jar transforms Thread 10" [_thread_blocked, id=14612, stack(0x000000a09a100000,0x000000a09a200000)]
  0x000002969a9c8000 JavaThread "jar transforms Thread 11" [_thread_blocked, id=11412, stack(0x000000a09a200000,0x000000a09a300000)]
  0x000002969a9c2000 JavaThread "jar transforms Thread 12" [_thread_blocked, id=15268, stack(0x000000a09a300000,0x000000a09a400000)]
  0x000002969a9cb000 JavaThread "Memory manager" [_thread_blocked, id=8348, stack(0x000000a09a400000,0x000000a09a500000)]

Other Threads:
  0x00000296953ed000 VMThread "VM Thread" [stack: 0x000000a095c00000,0x000000a095d00000] [id=14348]
  0x0000029695f00000 WatcherThread [stack: 0x000000a096600000,0x000000a096700000] [id=4544]
  0x00000296faaea000 GCTaskThread "GC Thread#0" [stack: 0x000000a095700000,0x000000a095800000] [id=3588]
  0x00000296965a0800 GCTaskThread "GC Thread#1" [stack: 0x000000a096900000,0x000000a096a00000] [id=15352]
  0x0000029696ba3800 GCTaskThread "GC Thread#2" [stack: 0x000000a096a00000,0x000000a096b00000] [id=15176]
  0x000002969705e800 GCTaskThread "GC Thread#3" [stack: 0x000000a097400000,0x000000a097500000] [id=4112]
  0x00000296980e7000 GCTaskThread "GC Thread#4" [stack: 0x000000a097500000,0x000000a097600000] [id=15192]
  0x00000296973f4800 GCTaskThread "GC Thread#5" [stack: 0x000000a097600000,0x000000a097700000] [id=7108]
  0x0000029697b65000 GCTaskThread "GC Thread#6" [stack: 0x000000a097700000,0x000000a097800000] [id=14924]
  0x0000029697764800 GCTaskThread "GC Thread#7" [stack: 0x000000a097800000,0x000000a097900000] [id=15252]
  0x0000029697c05800 GCTaskThread "GC Thread#8" [stack: 0x000000a097900000,0x000000a097a00000] [id=14848]
  0x0000029696c7a800 GCTaskThread "GC Thread#9" [stack: 0x000000a097a00000,0x000000a097b00000] [id=14524]
  0x00000296fab1d800 ConcurrentGCThread "G1 Main Marker" [stack: 0x000000a095800000,0x000000a095900000] [id=1392]
  0x00000296fab1e800 ConcurrentGCThread "G1 Conc#0" [stack: 0x000000a095900000,0x000000a095a00000] [id=1932]
  0x0000029698304800 ConcurrentGCThread "G1 Conc#1" [stack: 0x000000a097e00000,0x000000a097f00000] [id=11176]
  0x0000029698305800 ConcurrentGCThread "G1 Conc#2" [stack: 0x000000a097f00000,0x000000a098000000] [id=11904]
  0x000002969523b800 ConcurrentGCThread "G1 Refine#0" [stack: 0x000000a095a00000,0x000000a095b00000] [id=5980]
  0x0000029696a2e000 ConcurrentGCThread "G1 Refine#1" [stack: 0x000000a097b00000,0x000000a097c00000] [id=7132]
  0x000002969523d000 ConcurrentGCThread "G1 Young RemSet Sampling" [stack: 0x000000a095b00000,0x000000a095c00000] [id=7624]

Threads with active compile tasks:
C2 CompilerThread0   4668 6130   !   4       com.sun.beans.TypeResolver::resolve (261 bytes)
C2 CompilerThread1   4668 6128       4       java.beans.MethodRef::set (58 bytes)
C2 CompilerThread2   4668 6149       4       java.beans.Introspector::addMethod (196 bytes)

VM state:not at safepoint (normal execution)

VM Mutex/Monitor currently owned by a thread: None

Heap address: 0x0000000080000000, size: 2048 MB, Compressed Oops mode: 32-bit
Narrow klass base: 0x0000000000000000, Narrow klass shift: 3
Compressed class space size: 1073741824 Address: 0x0000000100000000

Heap:
 garbage-first heap   total 157696K, used 72714K [0x0000000080000000, 0x0000000100000000)
  region size 1024K, 31 young (31744K), 9 survivors (9216K)
 Metaspace       used 64171K, capacity 65730K, committed 66176K, reserved 1105920K
  class space    used 8174K, capacity 8730K, committed 8908K, reserved 1048576K
Heap Regions: E=young(eden), S=young(survivor), O=old, HS=humongous(starts), HC=humongous(continues), CS=collection set, F=free, A=archive, TAMS=top-at-mark-start (previous, next)
|   0|0x0000000080000000, 0x0000000080100000, 0x0000000080100000|100%| O|  |TAMS 0x0000000080100000, 0x0000000080000000| Untracked 
|   1|0x0000000080100000, 0x0000000080200000, 0x0000000080200000|100%| O|  |TAMS 0x0000000080200000, 0x0000000080100000| Untracked 
|   2|0x0000000080200000, 0x0000000080300000, 0x0000000080300000|100%| O|  |TAMS 0x0000000080300000, 0x0000000080200000| Untracked 
|   3|0x0000000080300000, 0x0000000080400000, 0x0000000080400000|100%|HS|  |TAMS 0x0000000080400000, 0x0000000080300000| Complete 
|   4|0x0000000080400000, 0x0000000080500000, 0x0000000080500000|100%|HC|  |TAMS 0x0000000080500000, 0x0000000080400000| Complete 
|   5|0x0000000080500000, 0x0000000080600000, 0x0000000080600000|100%|HC|  |TAMS 0x0000000080600000, 0x0000000080500000| Complete 
|   6|0x0000000080600000, 0x0000000080700000, 0x0000000080700000|100%| O|  |TAMS 0x0000000080700000, 0x0000000080600000| Untracked 
|   7|0x0000000080700000, 0x0000000080800000, 0x0000000080800000|100%| O|  |TAMS 0x0000000080800000, 0x0000000080700000| Untracked 
|   8|0x0000000080800000, 0x0000000080900000, 0x0000000080900000|100%| O|  |TAMS 0x0000000080900000, 0x0000000080800000| Untracked 
|   9|0x0000000080900000, 0x0000000080a00000, 0x0000000080a00000|100%| O|  |TAMS 0x0000000080a00000, 0x0000000080900000| Untracked 
|  10|0x0000000080a00000, 0x0000000080b00000, 0x0000000080b00000|100%| O|  |TAMS 0x0000000080b00000, 0x0000000080a00000| Untracked 
|  11|0x0000000080b00000, 0x0000000080c00000, 0x0000000080c00000|100%| O|  |TAMS 0x0000000080c00000, 0x0000000080b00000| Untracked 
|  12|0x0000000080c00000, 0x0000000080d00000, 0x0000000080d00000|100%| O|  |TAMS 0x0000000080d00000, 0x0000000080c00000| Untracked 
|  13|0x0000000080d00000, 0x0000000080e00000, 0x0000000080e00000|100%| O|  |TAMS 0x0000000080e00000, 0x0000000080d00000| Untracked 
|  14|0x0000000080e00000, 0x0000000080f00000, 0x0000000080f00000|100%| O|  |TAMS 0x0000000080f00000, 0x0000000080e00000| Untracked 
|  15|0x0000000080f00000, 0x0000000081000000, 0x0000000081000000|100%| O|  |TAMS 0x0000000081000000, 0x0000000080f00000| Untracked 
|  16|0x0000000081000000, 0x0000000081100000, 0x0000000081100000|100%| O|  |TAMS 0x0000000081100000, 0x0000000081000000| Untracked 
|  17|0x0000000081100000, 0x0000000081200000, 0x0000000081200000|100%| O|  |TAMS 0x0000000081200000, 0x0000000081100000| Untracked 
|  18|0x0000000081200000, 0x0000000081300000, 0x0000000081300000|100%| O|  |TAMS 0x0000000081300000, 0x0000000081200000| Untracked 
|  19|0x0000000081300000, 0x0000000081400000, 0x0000000081400000|100%|HS|  |TAMS 0x0000000081400000, 0x0000000081300000| Complete 
|  20|0x0000000081400000, 0x0000000081500000, 0x0000000081500000|100%| O|  |TAMS 0x0000000081500000, 0x0000000081400000| Untracked 
|  21|0x0000000081500000, 0x0000000081600000, 0x0000000081600000|100%| O|  |TAMS 0x0000000081600000, 0x0000000081500000| Untracked 
|  22|0x0000000081600000, 0x0000000081700000, 0x0000000081700000|100%| O|  |TAMS 0x0000000081700000, 0x0000000081600000| Untracked 
|  23|0x0000000081700000, 0x0000000081800000, 0x0000000081800000|100%| O|  |TAMS 0x0000000081800000, 0x0000000081700000| Untracked 
|  24|0x0000000081800000, 0x0000000081900000, 0x0000000081900000|100%|HS|  |TAMS 0x0000000081900000, 0x0000000081800000| Complete 
|  25|0x0000000081900000, 0x0000000081a00000, 0x0000000081a00000|100%|HS|  |TAMS 0x0000000081a00000, 0x0000000081900000| Complete 
|  26|0x0000000081a00000, 0x0000000081b00000, 0x0000000081b00000|100%|HC|  |TAMS 0x0000000081b00000, 0x0000000081a00000| Complete 
|  27|0x0000000081b00000, 0x0000000081c00000, 0x0000000081c00000|100%| O|  |TAMS 0x0000000081c00000, 0x0000000081b00000| Untracked 
|  28|0x0000000081c00000, 0x0000000081d00000, 0x0000000081d00000|100%| O|  |TAMS 0x0000000081d00000, 0x0000000081c00000| Untracked 
|  29|0x0000000081d00000, 0x0000000081e00000, 0x0000000081e00000|100%| O|  |TAMS 0x0000000081e00000, 0x0000000081d00000| Untracked 
|  30|0x0000000081e00000, 0x0000000081f00000, 0x0000000081f00000|100%| O|  |TAMS 0x0000000081f00000, 0x0000000081e00000| Untracked 
|  31|0x0000000081f00000, 0x0000000082000000, 0x0000000082000000|100%| O|  |TAMS 0x0000000082000000, 0x0000000081f00000| Untracked 
|  32|0x0000000082000000, 0x0000000082100000, 0x0000000082100000|100%| O|  |TAMS 0x0000000082100000, 0x0000000082000000| Untracked 
|  33|0x0000000082100000, 0x0000000082200000, 0x0000000082200000|100%| O|  |TAMS 0x0000000082200000, 0x0000000082100000| Untracked 
|  34|0x0000000082200000, 0x0000000082300000, 0x0000000082300000|100%| O|  |TAMS 0x0000000082300000, 0x0000000082200000| Untracked 
|  35|0x0000000082300000, 0x0000000082400000, 0x0000000082400000|100%| O|  |TAMS 0x0000000082400000, 0x0000000082300000| Untracked 
|  36|0x0000000082400000, 0x0000000082500000, 0x0000000082500000|100%| O|  |TAMS 0x0000000082500000, 0x0000000082400000| Untracked 
|  37|0x0000000082500000, 0x0000000082600000, 0x0000000082600000|100%| O|  |TAMS 0x0000000082600000, 0x0000000082500000| Untracked 
|  38|0x0000000082600000, 0x0000000082700000, 0x0000000082700000|100%| O|  |TAMS 0x0000000082700000, 0x0000000082600000| Untracked 
|  39|0x0000000082700000, 0x0000000082800000, 0x0000000082800000|100%| O|  |TAMS 0x0000000082800000, 0x0000000082700000| Untracked 
|  40|0x0000000082800000, 0x0000000082900000, 0x0000000082900000|100%| O|  |TAMS 0x0000000082900000, 0x0000000082800000| Untracked 
|  41|0x0000000082900000, 0x00000000829dde00, 0x0000000082a00000| 86%| O|  |TAMS 0x00000000829dde00, 0x0000000082900000| Untracked 
|  42|0x0000000082a00000, 0x0000000082a00000, 0x0000000082b00000|  0%| F|  |TAMS 0x0000000082a00000, 0x0000000082a00000| Untracked 
|  43|0x0000000082b00000, 0x0000000082b00000, 0x0000000082c00000|  0%| F|  |TAMS 0x0000000082b00000, 0x0000000082b00000| Untracked 
|  44|0x0000000082c00000, 0x0000000082c00000, 0x0000000082d00000|  0%| F|  |TAMS 0x0000000082c00000, 0x0000000082c00000| Untracked 
|  45|0x0000000082d00000, 0x0000000082d00000, 0x0000000082e00000|  0%| F|  |TAMS 0x0000000082d00000, 0x0000000082d00000| Untracked 
|  46|0x0000000082e00000, 0x0000000082e00000, 0x0000000082f00000|  0%| F|  |TAMS 0x0000000082e00000, 0x0000000082e00000| Untracked 
|  47|0x0000000082f00000, 0x0000000082f00000, 0x0000000083000000|  0%| F|  |TAMS 0x0000000082f00000, 0x0000000082f00000| Untracked 
|  48|0x0000000083000000, 0x0000000083000000, 0x0000000083100000|  0%| F|  |TAMS 0x0000000083000000, 0x0000000083000000| Untracked 
|  49|0x0000000083100000, 0x0000000083100000, 0x0000000083200000|  0%| F|  |TAMS 0x0000000083100000, 0x0000000083100000| Untracked 
|  50|0x0000000083200000, 0x0000000083200000, 0x0000000083300000|  0%| F|  |TAMS 0x0000000083200000, 0x0000000083200000| Untracked 
|  51|0x0000000083300000, 0x0000000083300000, 0x0000000083400000|  0%| F|  |TAMS 0x0000000083300000, 0x0000000083300000| Untracked 
|  52|0x0000000083400000, 0x0000000083400000, 0x0000000083500000|  0%| F|  |TAMS 0x0000000083400000, 0x0000000083400000| Untracked 
|  53|0x0000000083500000, 0x0000000083500000, 0x0000000083600000|  0%| F|  |TAMS 0x0000000083500000, 0x0000000083500000| Untracked 
|  54|0x0000000083600000, 0x0000000083600000, 0x0000000083700000|  0%| F|  |TAMS 0x0000000083600000, 0x0000000083600000| Untracked 
|  55|0x0000000083700000, 0x0000000083700000, 0x0000000083800000|  0%| F|  |TAMS 0x0000000083700000, 0x0000000083700000| Untracked 
|  56|0x0000000083800000, 0x0000000083800000, 0x0000000083900000|  0%| F|  |TAMS 0x0000000083800000, 0x0000000083800000| Untracked 
|  57|0x0000000083900000, 0x0000000083900000, 0x0000000083a00000|  0%| F|  |TAMS 0x0000000083900000, 0x0000000083900000| Untracked 
|  58|0x0000000083a00000, 0x0000000083a00000, 0x0000000083b00000|  0%| F|  |TAMS 0x0000000083a00000, 0x0000000083a00000| Untracked 
|  59|0x0000000083b00000, 0x0000000083b00000, 0x0000000083c00000|  0%| F|  |TAMS 0x0000000083b00000, 0x0000000083b00000| Untracked 
|  60|0x0000000083c00000, 0x0000000083c00000, 0x0000000083d00000|  0%| F|  |TAMS 0x0000000083c00000, 0x0000000083c00000| Untracked 
|  61|0x0000000083d00000, 0x0000000083d00000, 0x0000000083e00000|  0%| F|  |TAMS 0x0000000083d00000, 0x0000000083d00000| Untracked 
|  62|0x0000000083e00000, 0x0000000083e00000, 0x0000000083f00000|  0%| F|  |TAMS 0x0000000083e00000, 0x0000000083e00000| Untracked 
|  63|0x0000000083f00000, 0x0000000083f00000, 0x0000000084000000|  0%| F|  |TAMS 0x0000000083f00000, 0x0000000083f00000| Untracked 
|  64|0x0000000084000000, 0x0000000084000000, 0x0000000084100000|  0%| F|  |TAMS 0x0000000084000000, 0x0000000084000000| Untracked 
|  65|0x0000000084100000, 0x0000000084100000, 0x0000000084200000|  0%| F|  |TAMS 0x0000000084100000, 0x0000000084100000| Untracked 
|  66|0x0000000084200000, 0x0000000084200000, 0x0000000084300000|  0%| F|  |TAMS 0x0000000084200000, 0x0000000084200000| Untracked 
|  67|0x0000000084300000, 0x0000000084300000, 0x0000000084400000|  0%| F|  |TAMS 0x0000000084300000, 0x0000000084300000| Untracked 
|  68|0x0000000084400000, 0x0000000084400000, 0x0000000084500000|  0%| F|  |TAMS 0x0000000084400000, 0x0000000084400000| Untracked 
|  69|0x0000000084500000, 0x0000000084500000, 0x0000000084600000|  0%| F|  |TAMS 0x0000000084500000, 0x0000000084500000| Untracked 
|  70|0x0000000084600000, 0x0000000084600000, 0x0000000084700000|  0%| F|  |TAMS 0x0000000084600000, 0x0000000084600000| Untracked 
|  71|0x0000000084700000, 0x0000000084700000, 0x0000000084800000|  0%| F|  |TAMS 0x0000000084700000, 0x0000000084700000| Untracked 
|  72|0x0000000084800000, 0x0000000084800000, 0x0000000084900000|  0%| F|  |TAMS 0x0000000084800000, 0x0000000084800000| Untracked 
|  73|0x0000000084900000, 0x0000000084900000, 0x0000000084a00000|  0%| F|  |TAMS 0x0000000084900000, 0x0000000084900000| Untracked 
|  74|0x0000000084a00000, 0x0000000084a00000, 0x0000000084b00000|  0%| F|  |TAMS 0x0000000084a00000, 0x0000000084a00000| Untracked 
|  75|0x0000000084b00000, 0x0000000084b00000, 0x0000000084c00000|  0%| F|  |TAMS 0x0000000084b00000, 0x0000000084b00000| Untracked 
|  76|0x0000000084c00000, 0x0000000084c00000, 0x0000000084d00000|  0%| F|  |TAMS 0x0000000084c00000, 0x0000000084c00000| Untracked 
|  77|0x0000000084d00000, 0x0000000084d00000, 0x0000000084e00000|  0%| F|  |TAMS 0x0000000084d00000, 0x0000000084d00000| Untracked 
|  78|0x0000000084e00000, 0x0000000084e24c10, 0x0000000084f00000| 14%| S|CS|TAMS 0x0000000084e00000, 0x0000000084e00000| Complete 
|  79|0x0000000084f00000, 0x0000000085000000, 0x0000000085000000|100%| S|CS|TAMS 0x0000000084f00000, 0x0000000084f00000| Complete 
|  80|0x0000000085000000, 0x0000000085100000, 0x0000000085100000|100%| S|CS|TAMS 0x0000000085000000, 0x0000000085000000| Complete 
|  81|0x0000000085100000, 0x0000000085200000, 0x0000000085200000|100%| S|CS|TAMS 0x0000000085100000, 0x0000000085100000| Complete 
|  82|0x0000000085200000, 0x0000000085300000, 0x0000000085300000|100%| S|CS|TAMS 0x0000000085200000, 0x0000000085200000| Complete 
|  83|0x0000000085300000, 0x0000000085400000, 0x0000000085400000|100%| S|CS|TAMS 0x0000000085300000, 0x0000000085300000| Complete 
|  84|0x0000000085400000, 0x0000000085500000, 0x0000000085500000|100%| S|CS|TAMS 0x0000000085400000, 0x0000000085400000| Complete 
|  85|0x0000000085500000, 0x0000000085600000, 0x0000000085600000|100%| S|CS|TAMS 0x0000000085500000, 0x0000000085500000| Complete 
|  86|0x0000000085600000, 0x0000000085700000, 0x0000000085700000|100%| S|CS|TAMS 0x0000000085600000, 0x0000000085600000| Complete 
|  87|0x0000000085700000, 0x0000000085700000, 0x0000000085800000|  0%| F|  |TAMS 0x0000000085700000, 0x0000000085700000| Untracked 
|  88|0x0000000085800000, 0x0000000085800000, 0x0000000085900000|  0%| F|  |TAMS 0x0000000085800000, 0x0000000085800000| Untracked 
|  89|0x0000000085900000, 0x0000000085900000, 0x0000000085a00000|  0%| F|  |TAMS 0x0000000085900000, 0x0000000085900000| Untracked 
|  90|0x0000000085a00000, 0x0000000085a00000, 0x0000000085b00000|  0%| F|  |TAMS 0x0000000085a00000, 0x0000000085a00000| Untracked 
|  91|0x0000000085b00000, 0x0000000085b00000, 0x0000000085c00000|  0%| F|  |TAMS 0x0000000085b00000, 0x0000000085b00000| Untracked 
|  92|0x0000000085c00000, 0x0000000085c00000, 0x0000000085d00000|  0%| F|  |TAMS 0x0000000085c00000, 0x0000000085c00000| Untracked 
|  93|0x0000000085d00000, 0x0000000085d00000, 0x0000000085e00000|  0%| F|  |TAMS 0x0000000085d00000, 0x0000000085d00000| Untracked 
|  94|0x0000000085e00000, 0x0000000085e00000, 0x0000000085f00000|  0%| F|  |TAMS 0x0000000085e00000, 0x0000000085e00000| Untracked 
|  95|0x0000000085f00000, 0x0000000085f00000, 0x0000000086000000|  0%| F|  |TAMS 0x0000000085f00000, 0x0000000085f00000| Untracked 
|  96|0x0000000086000000, 0x0000000086000000, 0x0000000086100000|  0%| F|  |TAMS 0x0000000086000000, 0x0000000086000000| Untracked 
|  97|0x0000000086100000, 0x0000000086100000, 0x0000000086200000|  0%| F|  |TAMS 0x0000000086100000, 0x0000000086100000| Untracked 
|  98|0x0000000086200000, 0x0000000086200000, 0x0000000086300000|  0%| F|  |TAMS 0x0000000086200000, 0x0000000086200000| Untracked 
|  99|0x0000000086300000, 0x0000000086300000, 0x0000000086400000|  0%| F|  |TAMS 0x0000000086300000, 0x0000000086300000| Untracked 
| 100|0x0000000086400000, 0x0000000086400000, 0x0000000086500000|  0%| F|  |TAMS 0x0000000086400000, 0x0000000086400000| Untracked 
| 101|0x0000000086500000, 0x0000000086500000, 0x0000000086600000|  0%| F|  |TAMS 0x0000000086500000, 0x0000000086500000| Untracked 
| 102|0x0000000086600000, 0x0000000086600000, 0x0000000086700000|  0%| F|  |TAMS 0x0000000086600000, 0x0000000086600000| Untracked 
| 103|0x0000000086700000, 0x0000000086700000, 0x0000000086800000|  0%| F|  |TAMS 0x0000000086700000, 0x0000000086700000| Untracked 
| 104|0x0000000086800000, 0x0000000086800000, 0x0000000086900000|  0%| F|  |TAMS 0x0000000086800000, 0x0000000086800000| Untracked 
| 105|0x0000000086900000, 0x0000000086900000, 0x0000000086a00000|  0%| F|  |TAMS 0x0000000086900000, 0x0000000086900000| Untracked 
| 106|0x0000000086a00000, 0x0000000086a00000, 0x0000000086b00000|  0%| F|  |TAMS 0x0000000086a00000, 0x0000000086a00000| Untracked 
| 107|0x0000000086b00000, 0x0000000086b00000, 0x0000000086c00000|  0%| F|  |TAMS 0x0000000086b00000, 0x0000000086b00000| Untracked 
| 108|0x0000000086c00000, 0x0000000086c00000, 0x0000000086d00000|  0%| F|  |TAMS 0x0000000086c00000, 0x0000000086c00000| Untracked 
| 109|0x0000000086d00000, 0x0000000086d00000, 0x0000000086e00000|  0%| F|  |TAMS 0x0000000086d00000, 0x0000000086d00000| Untracked 
| 110|0x0000000086e00000, 0x0000000086e00000, 0x0000000086f00000|  0%| F|  |TAMS 0x0000000086e00000, 0x0000000086e00000| Untracked 
| 111|0x0000000086f00000, 0x0000000086f00000, 0x0000000087000000|  0%| F|  |TAMS 0x0000000086f00000, 0x0000000086f00000| Untracked 
| 112|0x0000000087000000, 0x0000000087000000, 0x0000000087100000|  0%| F|  |TAMS 0x0000000087000000, 0x0000000087000000| Untracked 
| 113|0x0000000087100000, 0x0000000087100000, 0x0000000087200000|  0%| F|  |TAMS 0x0000000087100000, 0x0000000087100000| Untracked 
| 114|0x0000000087200000, 0x0000000087200000, 0x0000000087300000|  0%| F|  |TAMS 0x0000000087200000, 0x0000000087200000| Untracked 
| 115|0x0000000087300000, 0x0000000087300000, 0x0000000087400000|  0%| F|  |TAMS 0x0000000087300000, 0x0000000087300000| Untracked 
| 116|0x0000000087400000, 0x0000000087400000, 0x0000000087500000|  0%| F|  |TAMS 0x0000000087400000, 0x0000000087400000| Untracked 
| 117|0x0000000087500000, 0x0000000087500000, 0x0000000087600000|  0%| F|  |TAMS 0x0000000087500000, 0x0000000087500000| Untracked 
| 118|0x0000000087600000, 0x0000000087600000, 0x0000000087700000|  0%| F|  |TAMS 0x0000000087600000, 0x0000000087600000| Untracked 
| 119|0x0000000087700000, 0x0000000087700000, 0x0000000087800000|  0%| F|  |TAMS 0x0000000087700000, 0x0000000087700000| Untracked 
| 120|0x0000000087800000, 0x0000000087800000, 0x0000000087900000|  0%| F|  |TAMS 0x0000000087800000, 0x0000000087800000| Untracked 
| 121|0x0000000087900000, 0x0000000087900000, 0x0000000087a00000|  0%| F|  |TAMS 0x0000000087900000, 0x0000000087900000| Untracked 
| 122|0x0000000087a00000, 0x0000000087a00000, 0x0000000087b00000|  0%| F|  |TAMS 0x0000000087a00000, 0x0000000087a00000| Untracked 
| 123|0x0000000087b00000, 0x0000000087b00000, 0x0000000087c00000|  0%| F|  |TAMS 0x0000000087b00000, 0x0000000087b00000| Untracked 
| 124|0x0000000087c00000, 0x0000000087c00000, 0x0000000087d00000|  0%| F|  |TAMS 0x0000000087c00000, 0x0000000087c00000| Untracked 
| 125|0x0000000087d00000, 0x0000000087d00000, 0x0000000087e00000|  0%| F|  |TAMS 0x0000000087d00000, 0x0000000087d00000| Untracked 
| 126|0x0000000087e00000, 0x0000000087e00000, 0x0000000087f00000|  0%| F|  |TAMS 0x0000000087e00000, 0x0000000087e00000| Untracked 
| 127|0x0000000087f00000, 0x0000000087f00000, 0x0000000088000000|  0%| F|  |TAMS 0x0000000087f00000, 0x0000000087f00000| Untracked 
| 128|0x0000000088000000, 0x0000000088000000, 0x0000000088100000|  0%| F|  |TAMS 0x0000000088000000, 0x0000000088000000| Untracked 
| 129|0x0000000088100000, 0x0000000088100000, 0x0000000088200000|  0%| F|  |TAMS 0x0000000088100000, 0x0000000088100000| Untracked 
| 130|0x0000000088200000, 0x0000000088200000, 0x0000000088300000|  0%| F|  |TAMS 0x0000000088200000, 0x0000000088200000| Untracked 
| 131|0x0000000088300000, 0x0000000088300000, 0x0000000088400000|  0%| F|  |TAMS 0x0000000088300000, 0x0000000088300000| Untracked 
| 132|0x0000000088400000, 0x0000000088500000, 0x0000000088500000|100%| E|  |TAMS 0x0000000088400000, 0x0000000088400000| Complete 
| 133|0x0000000088500000, 0x0000000088600000, 0x0000000088600000|100%| E|CS|TAMS 0x0000000088500000, 0x0000000088500000| Complete 
| 134|0x0000000088600000, 0x0000000088700000, 0x0000000088700000|100%| E|CS|TAMS 0x0000000088600000, 0x0000000088600000| Complete 
| 135|0x0000000088700000, 0x0000000088800000, 0x0000000088800000|100%| E|CS|TAMS 0x0000000088700000, 0x0000000088700000| Complete 
| 136|0x0000000088800000, 0x0000000088900000, 0x0000000088900000|100%| E|CS|TAMS 0x0000000088800000, 0x0000000088800000| Complete 
| 137|0x0000000088900000, 0x0000000088a00000, 0x0000000088a00000|100%| E|CS|TAMS 0x0000000088900000, 0x0000000088900000| Complete 
| 138|0x0000000088a00000, 0x0000000088b00000, 0x0000000088b00000|100%| E|CS|TAMS 0x0000000088a00000, 0x0000000088a00000| Complete 
| 139|0x0000000088b00000, 0x0000000088c00000, 0x0000000088c00000|100%| E|CS|TAMS 0x0000000088b00000, 0x0000000088b00000| Complete 
| 140|0x0000000088c00000, 0x0000000088d00000, 0x0000000088d00000|100%| E|CS|TAMS 0x0000000088c00000, 0x0000000088c00000| Complete 
| 141|0x0000000088d00000, 0x0000000088e00000, 0x0000000088e00000|100%| E|CS|TAMS 0x0000000088d00000, 0x0000000088d00000| Complete 
| 142|0x0000000088e00000, 0x0000000088f00000, 0x0000000088f00000|100%| E|CS|TAMS 0x0000000088e00000, 0x0000000088e00000| Complete 
| 143|0x0000000088f00000, 0x0000000089000000, 0x0000000089000000|100%| E|CS|TAMS 0x0000000088f00000, 0x0000000088f00000| Complete 
| 144|0x0000000089000000, 0x0000000089100000, 0x0000000089100000|100%| E|CS|TAMS 0x0000000089000000, 0x0000000089000000| Complete 
| 145|0x0000000089100000, 0x0000000089200000, 0x0000000089200000|100%| E|CS|TAMS 0x0000000089100000, 0x0000000089100000| Complete 
| 146|0x0000000089200000, 0x0000000089300000, 0x0000000089300000|100%| E|CS|TAMS 0x0000000089200000, 0x0000000089200000| Complete 
| 147|0x0000000089300000, 0x0000000089400000, 0x0000000089400000|100%| E|CS|TAMS 0x0000000089300000, 0x0000000089300000| Complete 
| 148|0x0000000089400000, 0x0000000089500000, 0x0000000089500000|100%| E|CS|TAMS 0x0000000089400000, 0x0000000089400000| Complete 
| 149|0x0000000089500000, 0x0000000089600000, 0x0000000089600000|100%| E|CS|TAMS 0x0000000089500000, 0x0000000089500000| Complete 
| 150|0x0000000089600000, 0x0000000089700000, 0x0000000089700000|100%| E|CS|TAMS 0x0000000089600000, 0x0000000089600000| Complete 
| 151|0x0000000089700000, 0x0000000089800000, 0x0000000089800000|100%| E|CS|TAMS 0x0000000089700000, 0x0000000089700000| Complete 
| 152|0x0000000089800000, 0x0000000089900000, 0x0000000089900000|100%| E|CS|TAMS 0x0000000089800000, 0x0000000089800000| Complete 
| 153|0x0000000089900000, 0x0000000089a00000, 0x0000000089a00000|100%| E|CS|TAMS 0x0000000089900000, 0x0000000089900000| Complete 

Card table byte_map: [0x00000296fef20000,0x00000296ff320000] _byte_map_base: 0x00000296feb20000

Marking Bits (Prev, Next): (CMBitMap*) 0x00000296fab149c8, (CMBitMap*) 0x00000296fab14a00
 Prev Bits: [0x000002968f000000, 0x0000029691000000)
 Next Bits: [0x0000029691000000, 0x0000029693000000)

Polling page: 0x00000296f8ab0000

Metaspace:

Usage:
  Non-class:     55.73 MB capacity,    54.73 MB ( 98%) used,   856.74 KB (  2%) free+waste,   160.00 KB ( <1%) overhead. 
      Class:      8.56 MB capacity,     7.99 MB ( 93%) used,   507.43 KB (  6%) free+waste,    75.13 KB ( <1%) overhead. 
       Both:     64.28 MB capacity,    62.72 MB ( 98%) used,     1.33 MB (  2%) free+waste,   235.13 KB ( <1%) overhead. 

Virtual space:
  Non-class space:       56.00 MB reserved,      55.93 MB (>99%) committed 
      Class space:        1.00 GB reserved,       8.70 MB ( <1%) committed 
             Both:        1.05 GB reserved,      64.63 MB (  6%) committed 

Chunk freelists:
   Non-Class:  140.00 KB
       Class:  70.00 KB
        Both:  210.00 KB

MaxMetaspaceSize: 17179869184.00 GB
CompressedClassSpaceSize: 1.00 GB

CodeHeap 'non-profiled nmethods': size=120000Kb used=3934Kb max_used=3934Kb free=116065Kb
 bounds [0x0000029687ad0000, 0x0000029687eb0000, 0x000002968f000000]
CodeHeap 'profiled nmethods': size=120000Kb used=12997Kb max_used=12997Kb free=107002Kb
 bounds [0x00000296805a0000, 0x0000029681260000, 0x0000029687ad0000]
CodeHeap 'non-nmethods': size=5760Kb used=2260Kb max_used=2303Kb free=3499Kb
 bounds [0x0000029680000000, 0x0000029680270000, 0x00000296805a0000]
 total_blobs=7023 nmethods=6171 adapters=763
 compilation: enabled
              stopped_count=0, restarted_count=0
 full_count=0

Compilation events (20 events):
Event: 4.636 Thread 0x0000029695414800 6177       3       org.gradle.internal.ImmutableActionSet::<init> (5 bytes)
Event: 4.636 Thread 0x0000029695414800 nmethod 6177 0x000002968124dc90 code [0x000002968124de40, 0x000002968124df98]
Event: 4.636 Thread 0x0000029695414800 6178       3       org.gradle.internal.ImmutableActionSet::add (93 bytes)
Event: 4.636 Thread 0x0000029695414800 nmethod 6178 0x000002968124e090 code [0x000002968124e2e0, 0x000002968124efd8]
Event: 4.636 Thread 0x0000029695414800 6179       3       org.gradle.api.internal.DefaultDomainObjectCollection::<init> (38 bytes)
Event: 4.636 Thread 0x0000029695414800 nmethod 6179 0x000002968124f210 code [0x000002968124f400, 0x000002968124f968]
Event: 4.636 Thread 0x0000029695414800 6180       3       org.gradle.api.internal.DefaultDomainObjectCollection$1::<init> (15 bytes)
Event: 4.636 Thread 0x0000029695414800 nmethod 6180 0x000002968124fb10 code [0x000002968124fcc0, 0x000002968124fed8]
Event: 4.650 Thread 0x0000029695414800 6181       3       com.google.common.base.Preconditions::checkNotNull (14 bytes)
Event: 4.650 Thread 0x0000029695414800 nmethod 6181 0x000002968124ff90 code [0x0000029681250160, 0x0000029681250328]
Event: 4.651 Thread 0x0000029695414800 6182       1       com.android.build.gradle.internal.publishing.OutputSpecImpl::getOutputType (5 bytes)
Event: 4.652 Thread 0x0000029695414800 nmethod 6182 0x0000029687ea6990 code [0x0000029687ea6b40, 0x0000029687ea6bf8]
Event: 4.654 Thread 0x0000029695414800 6183       1       com.android.build.gradle.internal.publishing.OutputSpecImpl::getLibraryElements (5 bytes)
Event: 4.654 Thread 0x0000029695414800 nmethod 6183 0x0000029687ea6c90 code [0x0000029687ea6e40, 0x0000029687ea6ef8]
Event: 4.654 Thread 0x0000029695414800 6184       1       com.android.build.gradle.internal.publishing.OutputSpecImpl::getArtifactType (5 bytes)
Event: 4.654 Thread 0x0000029695414800 nmethod 6184 0x0000029687ea6f90 code [0x0000029687ea7140, 0x0000029687ea71f8]
Event: 4.654 Thread 0x0000029695414800 6185       1       com.android.build.gradle.internal.publishing.OutputSpecImpl::getPublishedConfigTypes (5 bytes)
Event: 4.654 Thread 0x0000029695414800 nmethod 6185 0x0000029687ea7290 code [0x0000029687ea7440, 0x0000029687ea74f8]
Event: 4.654 Thread 0x0000029695414800 6186       1       com.google.common.collect.SingletonImmutableList::size (2 bytes)
Event: 4.654 Thread 0x0000029695414800 nmethod 6186 0x0000029687ea7590 code [0x0000029687ea7740, 0x0000029687ea77f8]

GC Heap History (20 events):
Event: 1.266 GC heap before
{Heap before GC invocations=1 (full 0):
 garbage-first heap   total 131072K, used 85003K [0x0000000080000000, 0x0000000100000000)
  region size 1024K, 76 young (77824K), 3 survivors (3072K)
 Metaspace       used 17888K, capacity 18257K, committed 18432K, reserved 1064960K
  class space    used 2133K, capacity 2272K, committed 2304K, reserved 1048576K
}
Event: 1.270 GC heap after
{Heap after GC invocations=2 (full 0):
 garbage-first heap   total 131072K, used 16936K [0x0000000080000000, 0x0000000100000000)
  region size 1024K, 10 young (10240K), 10 survivors (10240K)
 Metaspace       used 17888K, capacity 18257K, committed 18432K, reserved 1064960K
  class space    used 2133K, capacity 2272K, committed 2304K, reserved 1048576K
}
Event: 1.402 GC heap before
{Heap before GC invocations=2 (full 0):
 garbage-first heap   total 131072K, used 37416K [0x0000000080000000, 0x0000000100000000)
  region size 1024K, 31 young (31744K), 10 survivors (10240K)
 Metaspace       used 20589K, capacity 21124K, committed 21248K, reserved 1067008K
  class space    used 2520K, capacity 2722K, committed 2816K, reserved 1048576K
}
Event: 1.407 GC heap after
{Heap after GC invocations=3 (full 0):
 garbage-first heap   total 131072K, used 17264K [0x0000000080000000, 0x0000000100000000)
  region size 1024K, 1 young (1024K), 1 survivors (1024K)
 Metaspace       used 20589K, capacity 21124K, committed 21248K, reserved 1067008K
  class space    used 2520K, capacity 2722K, committed 2816K, reserved 1048576K
}
Event: 1.710 GC heap before
{Heap before GC invocations=4 (full 0):
 garbage-first heap   total 131072K, used 65392K [0x0000000080000000, 0x0000000100000000)
  region size 1024K, 49 young (50176K), 1 survivors (1024K)
 Metaspace       used 25598K, capacity 26168K, committed 26496K, reserved 1073152K
  class space    used 3355K, capacity 3600K, committed 3712K, reserved 1048576K
}
Event: 1.712 GC heap after
{Heap after GC invocations=5 (full 0):
 garbage-first heap   total 131072K, used 18822K [0x0000000080000000, 0x0000000100000000)
  region size 1024K, 3 young (3072K), 3 survivors (3072K)
 Metaspace       used 25598K, capacity 26168K, committed 26496K, reserved 1073152K
  class space    used 3355K, capacity 3600K, committed 3712K, reserved 1048576K
}
Event: 2.128 GC heap before
{Heap before GC invocations=5 (full 0):
 garbage-first heap   total 131072K, used 73094K [0x0000000080000000, 0x0000000100000000)
  region size 1024K, 56 young (57344K), 3 survivors (3072K)
 Metaspace       used 32438K, capacity 33209K, committed 33280K, reserved 1077248K
  class space    used 4235K, capacity 4544K, committed 4608K, reserved 1048576K
}
Event: 2.130 GC heap after
{Heap after GC invocations=6 (full 0):
 garbage-first heap   total 131072K, used 21590K [0x0000000080000000, 0x0000000100000000)
  region size 1024K, 6 young (6144K), 6 survivors (6144K)
 Metaspace       used 32438K, capacity 33209K, committed 33280K, reserved 1077248K
  class space    used 4235K, capacity 4544K, committed 4608K, reserved 1048576K
}
Event: 2.221 GC heap before
{Heap before GC invocations=6 (full 0):
 garbage-first heap   total 131072K, used 28758K [0x0000000080000000, 0x0000000100000000)
  region size 1024K, 14 young (14336K), 6 survivors (6144K)
 Metaspace       used 35007K, capacity 35830K, committed 35840K, reserved 1081344K
  class space    used 4540K, capacity 4864K, committed 4864K, reserved 1048576K
}
Event: 2.228 GC heap after
{Heap after GC invocations=7 (full 0):
 garbage-first heap   total 131072K, used 22705K [0x0000000080000000, 0x0000000100000000)
  region size 1024K, 4 young (4096K), 4 survivors (4096K)
 Metaspace       used 35007K, capacity 35830K, committed 35840K, reserved 1081344K
  class space    used 4540K, capacity 4864K, committed 4864K, reserved 1048576K
}
Event: 2.637 GC heap before
{Heap before GC invocations=8 (full 0):
 garbage-first heap   total 131072K, used 87217K [0x0000000080000000, 0x0000000100000000)
  region size 1024K, 64 young (65536K), 4 survivors (4096K)
 Metaspace       used 39394K, capacity 40299K, committed 40524K, reserved 1085440K
  class space    used 5038K, capacity 5389K, committed 5452K, reserved 1048576K
}
Event: 2.643 GC heap after
{Heap after GC invocations=9 (full 0):
 garbage-first heap   total 131072K, used 27398K [0x0000000080000000, 0x0000000100000000)
  region size 1024K, 8 young (8192K), 8 survivors (8192K)
 Metaspace       used 39394K, capacity 40299K, committed 40524K, reserved 1085440K
  class space    used 5038K, capacity 5389K, committed 5452K, reserved 1048576K
}
Event: 3.039 GC heap before
{Heap before GC invocations=9 (full 0):
 garbage-first heap   total 131072K, used 88838K [0x0000000080000000, 0x0000000100000000)
  region size 1024K, 68 young (69632K), 8 survivors (8192K)
 Metaspace       used 44864K, capacity 46029K, committed 46156K, reserved 1089536K
  class space    used 5773K, capacity 6187K, committed 6220K, reserved 1048576K
}
Event: 3.045 GC heap after
{Heap after GC invocations=10 (full 0):
 garbage-first heap   total 157696K, used 29763K [0x0000000080000000, 0x0000000100000000)
  region size 1024K, 7 young (7168K), 7 survivors (7168K)
 Metaspace       used 44864K, capacity 46029K, committed 46156K, reserved 1089536K
  class space    used 5773K, capacity 6187K, committed 6220K, reserved 1048576K
}
Event: 3.566 GC heap before
{Heap before GC invocations=10 (full 0):
 garbage-first heap   total 157696K, used 107587K [0x0000000080000000, 0x0000000100000000)
  region size 1024K, 79 young (80896K), 7 survivors (7168K)
 Metaspace       used 49487K, capacity 50817K, committed 50892K, reserved 1093632K
  class space    used 6332K, capacity 6806K, committed 6860K, reserved 1048576K
}
Event: 3.574 GC heap after
{Heap after GC invocations=11 (full 0):
 garbage-first heap   total 157696K, used 42296K [0x0000000080000000, 0x0000000100000000)
  region size 1024K, 10 young (10240K), 10 survivors (10240K)
 Metaspace       used 49487K, capacity 50817K, committed 50892K, reserved 1093632K
  class space    used 6332K, capacity 6806K, committed 6860K, reserved 1048576K
}
Event: 4.090 GC heap before
{Heap before GC invocations=11 (full 0):
 garbage-first heap   total 157696K, used 99640K [0x0000000080000000, 0x0000000100000000)
  region size 1024K, 67 young (68608K), 10 survivors (10240K)
 Metaspace       used 58540K, capacity 60078K, committed 60288K, reserved 1101824K
  class space    used 7450K, capacity 8012K, committed 8140K, reserved 1048576K
}
Event: 4.103 GC heap after
{Heap after GC invocations=12 (full 0):
 garbage-first heap   total 157696K, used 46316K [0x0000000080000000, 0x0000000100000000)
  region size 1024K, 4 young (4096K), 4 survivors (4096K)
 Metaspace       used 58540K, capacity 60078K, committed 60288K, reserved 1101824K
  class space    used 7450K, capacity 8012K, committed 8140K, reserved 1048576K
}
Event: 4.535 GC heap before
{Heap before GC invocations=13 (full 0):
 garbage-first heap   total 157696K, used 110828K [0x0000000080000000, 0x0000000100000000)
  region size 1024K, 67 young (68608K), 4 survivors (4096K)
 Metaspace       used 63205K, capacity 64882K, committed 65024K, reserved 1105920K
  class space    used 8066K, capacity 8683K, committed 8780K, reserved 1048576K
}
Event: 4.544 GC heap after
{Heap after GC invocations=14 (full 0):
 garbage-first heap   total 157696K, used 51210K [0x0000000080000000, 0x0000000100000000)
  region size 1024K, 9 young (9216K), 9 survivors (9216K)
 Metaspace       used 63205K, capacity 64882K, committed 65024K, reserved 1105920K
  class space    used 8066K, capacity 8683K, committed 8780K, reserved 1048576K
}

Deoptimization events (20 events):
Event: 4.494 Thread 0x00000296986c6000 Uncommon trap: trap_request=0xffffff4d fr.pc=0x0000029687c59878 relative=0x0000000000000338
Event: 4.494 Thread 0x00000296986c6000 Uncommon trap: reason=unstable_if action=reinterpret pc=0x0000029687c59878 method=java.util.StringJoiner.add(Ljava/lang/CharSequence;)Ljava/util/StringJoiner; @ 33 c2
Event: 4.494 Thread 0x00000296986c6000 DEOPT PACKING pc=0x0000029687c59878 sp=0x000000a0970f6330
Event: 4.494 Thread 0x00000296986c6000 DEOPT UNPACKING pc=0x00000296800278af sp=0x000000a0970f62e0 mode 2
Event: 4.512 Thread 0x00000296986c6000 Uncommon trap: trap_request=0xfffffff4 fr.pc=0x0000029687e82c6c relative=0x00000000000009cc
Event: 4.512 Thread 0x00000296986c6000 Uncommon trap: reason=null_check action=make_not_entrant pc=0x0000029687e82c6c method=com.sun.beans.introspect.MethodInfo$MethodOrder.compare(Ljava/lang/reflect/Method;Ljava/lang/reflect/Method;)I @ 133 c2
Event: 4.512 Thread 0x00000296986c6000 DEOPT PACKING pc=0x0000029687e82c6c sp=0x000000a0970f4490
Event: 4.512 Thread 0x00000296986c6000 DEOPT UNPACKING pc=0x00000296800278af sp=0x000000a0970f43c0 mode 2
Event: 4.559 Thread 0x00000296986c6000 Uncommon trap: trap_request=0xffffff4d fr.pc=0x0000029687cab170 relative=0x0000000000005d70
Event: 4.559 Thread 0x00000296986c6000 Uncommon trap: reason=unstable_if action=reinterpret pc=0x0000029687cab170 method=org.codehaus.groovy.runtime.metaclass.MetaMethodIndex.isOverridden(Lgroovy/lang/MetaMethod;Lgroovy/lang/MetaMethod;)Z @ 33 c2
Event: 4.559 Thread 0x00000296986c6000 DEOPT PACKING pc=0x0000029687cab170 sp=0x000000a0970f5170
Event: 4.559 Thread 0x00000296986c6000 DEOPT UNPACKING pc=0x00000296800278af sp=0x000000a0970f5188 mode 2
Event: 4.561 Thread 0x00000296986c6000 Uncommon trap: trap_request=0xfffffff4 fr.pc=0x0000029687e8c600 relative=0x0000000000000a60
Event: 4.561 Thread 0x00000296986c6000 Uncommon trap: reason=null_check action=make_not_entrant pc=0x0000029687e8c600 method=com.sun.beans.introspect.MethodInfo$MethodOrder.compare(Ljava/lang/reflect/Method;Ljava/lang/reflect/Method;)I @ 145 c2
Event: 4.561 Thread 0x00000296986c6000 DEOPT PACKING pc=0x0000029687e8c600 sp=0x000000a0970f3160
Event: 4.561 Thread 0x00000296986c6000 DEOPT UNPACKING pc=0x00000296800278af sp=0x000000a0970f3100 mode 2
Event: 4.591 Thread 0x00000296986c6000 Uncommon trap: trap_request=0xffffffdc fr.pc=0x0000029687e9a268 relative=0x00000000000002a8
Event: 4.591 Thread 0x00000296986c6000 Uncommon trap: reason=class_check action=make_not_entrant pc=0x0000029687e9a268 method=java.util.ArrayList.toArray([Ljava/lang/Object;)[Ljava/lang/Object; @ 21 c2
Event: 4.591 Thread 0x00000296986c6000 DEOPT PACKING pc=0x0000029687e9a268 sp=0x000000a0970f9d30
Event: 4.591 Thread 0x00000296986c6000 DEOPT UNPACKING pc=0x00000296800278af sp=0x000000a0970f9cf0 mode 2

Classes redefined (0 events):
No events

Internal exceptions (20 events):
Event: 4.585 Thread 0x00000296986c6000 Exception <a 'java/lang/ClassNotFoundException'{0x0000000089232b80}: com/android/build/gradle/internal/CompileOptions_DecoratedBeanInfo> (0x0000000089232b80) thrown at [./src/hotspot/share/classfile/systemDictionary.cpp, line 231]
Event: 4.585 Thread 0x00000296986c6000 Exception <a 'java/lang/ClassNotFoundException'{0x0000000089249fd8}: com/android/build/gradle/internal/CompileOptionsBeanInfo> (0x0000000089249fd8) thrown at [./src/hotspot/share/classfile/systemDictionary.cpp, line 231]
Event: 4.585 Thread 0x00000296986c6000 Exception <a 'java/lang/ClassNotFoundException'{0x0000000089261bc0}: com/android/build/gradle/internal/CompileOptionsCustomizer> (0x0000000089261bc0) thrown at [./src/hotspot/share/classfile/systemDictionary.cpp, line 231]
Event: 4.586 Thread 0x00000296986c6000 Exception <a 'java/lang/ClassNotFoundException'{0x0000000089286408}: com/android/build/gradle/internal/CompileOptions_DecoratedCustomizer> (0x0000000089286408) thrown at [./src/hotspot/share/classfile/systemDictionary.cpp, line 231]
Event: 4.588 Thread 0x00000296986c6000 Exception <a 'java/lang/ClassNotFoundException'{0x0000000089123500}: com/android/build/gradle/internal/dsl/ApplicationBuildFeaturesImpl_DecoratedBeanInfo> (0x0000000089123500) thrown at [./src/hotspot/share/classfile/systemDictionary.cpp, line 231]
Event: 4.589 Thread 0x00000296986c6000 Exception <a 'java/lang/ClassNotFoundException'{0x000000008913d570}: com/android/build/gradle/internal/dsl/ApplicationBuildFeaturesImplBeanInfo> (0x000000008913d570) thrown at [./src/hotspot/share/classfile/systemDictionary.cpp, line 231]
Event: 4.589 Thread 0x00000296986c6000 Exception <a 'java/lang/ClassNotFoundException'{0x0000000089155be8}: com/android/build/gradle/internal/dsl/BuildFeaturesImplBeanInfo> (0x0000000089155be8) thrown at [./src/hotspot/share/classfile/systemDictionary.cpp, line 231]
Event: 4.589 Thread 0x00000296986c6000 Exception <a 'java/lang/ClassNotFoundException'{0x000000008916e298}: com/android/build/gradle/internal/dsl/BuildFeaturesImplCustomizer> (0x000000008916e298) thrown at [./src/hotspot/share/classfile/systemDictionary.cpp, line 231]
Event: 4.589 Thread 0x00000296986c6000 Exception <a 'java/lang/ClassNotFoundException'{0x0000000089193d40}: com/android/build/gradle/internal/dsl/ApplicationBuildFeaturesImplCustomizer> (0x0000000089193d40) thrown at [./src/hotspot/share/classfile/systemDictionary.cpp, line 231]
Event: 4.590 Thread 0x00000296986c6000 Exception <a 'java/lang/ClassNotFoundException'{0x00000000891b5598}: com/android/build/gradle/internal/dsl/ApplicationBuildFeaturesImpl_DecoratedCustomizer> (0x00000000891b5598) thrown at [./src/hotspot/share/classfile/systemDictionary.cpp, line 231]
Event: 4.596 Thread 0x00000296986c6000 Exception <a 'java/lang/ClassNotFoundException'{0x0000000088f18980}: org/gradle/api/internal/artifacts/dependencies/DefaultExternalModuleDependency_DecoratedBeanInfo> (0x0000000088f18980) thrown at [./src/hotspot/share/classfile/systemDictionary.cpp, line 231]
Event: 4.597 Thread 0x00000296986c6000 Exception <a 'java/lang/ClassNotFoundException'{0x0000000088f61658}: org/gradle/api/internal/artifacts/dependencies/DefaultExternalModuleDependencyBeanInfo> (0x0000000088f61658) thrown at [./src/hotspot/share/classfile/systemDictionary.cpp, line 231]
Event: 4.597 Thread 0x00000296986c6000 Exception <a 'java/lang/ClassNotFoundException'{0x0000000088faa898}: org/gradle/api/internal/artifacts/dependencies/AbstractExternalModuleDependencyBeanInfo> (0x0000000088faa898) thrown at [./src/hotspot/share/classfile/systemDictionary.cpp, line 231]
Event: 4.598 Thread 0x00000296986c6000 Exception <a 'java/lang/ClassNotFoundException'{0x0000000088fe2538}: org/gradle/api/internal/artifacts/dependencies/AbstractModuleDependencyBeanInfo> (0x0000000088fe2538) thrown at [./src/hotspot/share/classfile/systemDictionary.cpp, line 231]
Event: 4.598 Thread 0x00000296986c6000 Exception <a 'java/lang/ClassNotFoundException'{0x0000000088e18430}: org/gradle/api/internal/artifacts/dependencies/AbstractDependencyBeanInfo> (0x0000000088e18430) thrown at [./src/hotspot/share/classfile/systemDictionary.cpp, line 231]
Event: 4.598 Thread 0x00000296986c6000 Exception <a 'java/lang/ClassNotFoundException'{0x0000000088e4f9d8}: org/gradle/api/internal/artifacts/dependencies/AbstractDependencyCustomizer> (0x0000000088e4f9d8) thrown at [./src/hotspot/share/classfile/systemDictionary.cpp, line 231]
Event: 4.599 Thread 0x00000296986c6000 Exception <a 'java/lang/ClassNotFoundException'{0x0000000088e8aed8}: org/gradle/api/internal/artifacts/dependencies/AbstractModuleDependencyCustomizer> (0x0000000088e8aed8) thrown at [./src/hotspot/share/classfile/systemDictionary.cpp, line 231]
Event: 4.600 Thread 0x00000296986c6000 Exception <a 'java/lang/ClassNotFoundException'{0x0000000088eed158}: org/gradle/api/internal/artifacts/dependencies/AbstractExternalModuleDependencyCustomizer> (0x0000000088eed158) thrown at [./src/hotspot/share/classfile/systemDictionary.cpp, line 231]
Event: 4.600 Thread 0x00000296986c6000 Exception <a 'java/lang/ClassNotFoundException'{0x0000000088d46530}: org/gradle/api/internal/artifacts/dependencies/DefaultExternalModuleDependencyCustomizer> (0x0000000088d46530) thrown at [./src/hotspot/share/classfile/systemDictionary.cpp, line 231]
Event: 4.601 Thread 0x00000296986c6000 Exception <a 'java/lang/ClassNotFoundException'{0x0000000088d9f0f8}: org/gradle/api/internal/artifacts/dependencies/DefaultExternalModuleDependency_DecoratedCustomizer> (0x0000000088d9f0f8) thrown at [./src/hotspot/share/classfile/systemDictionary.cpp, line 231]

Events (20 events):
Event: 4.653 loading class com/android/build/gradle/internal/scope/InternalArtifactType$AAR_METADATA
Event: 4.653 loading class com/android/build/gradle/internal/scope/InternalArtifactType$AAR_METADATA done
Event: 4.653 loading class com/android/build/gradle/internal/scope/InternalArtifactType$LIBRARY_ART_PROFILE
Event: 4.653 loading class com/android/build/gradle/internal/scope/InternalArtifactType$LIBRARY_ART_PROFILE done
Event: 4.653 loading class com/android/build/gradle/internal/scope/InternalArtifactType$LINT_PUBLISH_JAR
Event: 4.653 loading class com/android/build/gradle/internal/scope/InternalArtifactType$LINT_PUBLISH_JAR done
Event: 4.653 loading class com/android/build/gradle/internal/scope/InternalArtifactType$LOCAL_AAR_FOR_LINT
Event: 4.653 loading class com/android/build/gradle/internal/scope/InternalArtifactType$LOCAL_AAR_FOR_LINT done
Event: 4.654 loading class com/android/build/gradle/internal/publishing/PublishingSpecs$Companion$4
Event: 4.654 loading class com/android/build/gradle/internal/publishing/PublishingSpecs$Companion$4 done
Event: 4.654 loading class com/android/build/gradle/internal/publishing/TestFixturesVariantSpecBuilder
Event: 4.654 loading class com/android/build/gradle/internal/publishing/TestFixturesVariantSpecBuilder done
Event: 4.655 loading class com/android/build/gradle/internal/variant/ApplicationVariantData
Event: 4.655 loading class com/android/build/gradle/internal/variant/ApplicationVariantData done
Event: 4.655 loading class com/android/build/gradle/internal/variant/TestedVariantData
Event: 4.655 loading class com/android/build/gradle/internal/variant/TestedVariantData done
Event: 4.655 loading class com/android/build/gradle/internal/variant/ApkVariantData
Event: 4.655 loading class com/android/build/gradle/internal/variant/ApkVariantData done
Event: 4.655 loading class com/android/build/gradle/internal/variant/BaseVariantData
Event: 4.655 loading class com/android/build/gradle/internal/variant/BaseVariantData done


Dynamic libraries:
0x00007ff78b620000 - 0x00007ff78b62a000 	C:\Program Files\Android\Android Studio\jre\bin\java.exe
0x00007ff99e340000 - 0x00007ff99e547000 	C:\Windows\SYSTEM32\ntdll.dll
0x00007ff99dbf0000 - 0x00007ff99dcad000 	C:\Windows\System32\KERNEL32.DLL
0x00007ff99bba0000 - 0x00007ff99bf14000 	C:\Windows\System32\KERNELBASE.dll
0x00007ff99b9e0000 - 0x00007ff99baf1000 	C:\Windows\System32\ucrtbase.dll
0x00007ff98b8e0000 - 0x00007ff98b8f9000 	C:\Program Files\Android\Android Studio\jre\bin\jli.dll
0x00007ff984920000 - 0x00007ff984937000 	C:\Program Files\Android\Android Studio\jre\bin\VCRUNTIME140.dll
0x00007ff99ca60000 - 0x00007ff99cc0c000 	C:\Windows\System32\USER32.dll
0x00007ff98c7e0000 - 0x00007ff98ca85000 	C:\Windows\WinSxS\amd64_microsoft.windows.common-controls_6595b64144ccf1df_6.0.22000.120_none_9d947278b86cc467\COMCTL32.dll
0x00007ff99b9b0000 - 0x00007ff99b9d6000 	C:\Windows\System32\win32u.dll
0x00007ff99c1d0000 - 0x00007ff99c273000 	C:\Windows\System32\msvcrt.dll
0x00007ff99dcb0000 - 0x00007ff99dcd9000 	C:\Windows\System32\GDI32.dll
0x00007ff99b890000 - 0x00007ff99b9a2000 	C:\Windows\System32\gdi32full.dll
0x00007ff99bb00000 - 0x00007ff99bb9d000 	C:\Windows\System32\msvcp_win.dll
0x00007ff99c880000 - 0x00007ff99c8b1000 	C:\Windows\System32\IMM32.DLL
0x00007ff969ca0000 - 0x00007ff969d3d000 	C:\Program Files\Android\Android Studio\jre\bin\msvcp140.dll
0x00007ff967790000 - 0x00007ff96825f000 	C:\Program Files\Android\Android Studio\jre\bin\server\jvm.dll
0x00007ff99d910000 - 0x00007ff99d9bc000 	C:\Windows\System32\ADVAPI32.dll
0x00007ff99c660000 - 0x00007ff99c6fd000 	C:\Windows\System32\sechost.dll
0x00007ff99c920000 - 0x00007ff99ca41000 	C:\Windows\System32\RPCRT4.dll
0x00007ff99e130000 - 0x00007ff99e138000 	C:\Windows\System32\PSAPI.DLL
0x00007ff996060000 - 0x00007ff996093000 	C:\Windows\SYSTEM32\WINMM.dll
0x00007ff998b50000 - 0x00007ff998b59000 	C:\Windows\SYSTEM32\WSOCK32.dll
0x00007ff9950f0000 - 0x00007ff9950fa000 	C:\Windows\SYSTEM32\VERSION.dll
0x00007ff99da20000 - 0x00007ff99da8f000 	C:\Windows\System32\WS2_32.dll
0x00007ff99a940000 - 0x00007ff99a958000 	C:\Windows\SYSTEM32\kernel.appcore.dll
0x00007ff998b30000 - 0x00007ff998b41000 	C:\Program Files\Android\Android Studio\jre\bin\verify.dll
0x00007ff98eb40000 - 0x00007ff98ed61000 	C:\Windows\SYSTEM32\DBGHELP.DLL
0x00007ff988ea0000 - 0x00007ff988ed1000 	C:\Windows\SYSTEM32\dbgcore.DLL
0x00007ff99bf20000 - 0x00007ff99bf9f000 	C:\Windows\System32\bcryptPrimitives.dll
0x00007ff992a10000 - 0x00007ff992a39000 	C:\Program Files\Android\Android Studio\jre\bin\java.dll
0x00007ff997a50000 - 0x00007ff997a5b000 	C:\Program Files\Android\Android Studio\jre\bin\jimage.dll
0x00007ff9976d0000 - 0x00007ff9976e8000 	C:\Program Files\Android\Android Studio\jre\bin\zip.dll
0x00007ff99cc10000 - 0x00007ff99d3be000 	C:\Windows\System32\SHELL32.dll
0x00007ff9999c0000 - 0x00007ff99a227000 	C:\Windows\SYSTEM32\windows.storage.dll
0x00007ff99ddb0000 - 0x00007ff99e128000 	C:\Windows\System32\combase.dll
0x00007ff999850000 - 0x00007ff9999b6000 	C:\Windows\SYSTEM32\wintypes.dll
0x00007ff99c790000 - 0x00007ff99c87a000 	C:\Windows\System32\SHCORE.dll
0x00007ff99c8c0000 - 0x00007ff99c91d000 	C:\Windows\System32\shlwapi.dll
0x00007ff99b750000 - 0x00007ff99b771000 	C:\Windows\SYSTEM32\profapi.dll
0x00007ff993d10000 - 0x00007ff993d2a000 	C:\Program Files\Android\Android Studio\jre\bin\net.dll
0x00007ff996160000 - 0x00007ff99626c000 	C:\Windows\SYSTEM32\WINHTTP.dll
0x00007ff99ad50000 - 0x00007ff99adb7000 	C:\Windows\system32\mswsock.dll
0x00007ff9929f0000 - 0x00007ff992a04000 	C:\Program Files\Android\Android Studio\jre\bin\nio.dll
0x00007ff98b1a0000 - 0x00007ff98b1c7000 	C:\Users\NeHaL\.gradle\native\8bec1ad78214c89d9ad589b4d07fe93259594b29d510b10fafb7a158f7737e5d\windows-amd64\native-platform.dll
0x00007ff9695d0000 - 0x00007ff96970d000 	C:\Users\NeHaL\.gradle\native\53dbd7edfb1c66fb8903c78663c9afc45aea4f116125fa6feffd364cf09443e8\windows-amd64\native-platform-file-events.dll
0x00007ff994f40000 - 0x00007ff994f4a000 	C:\Program Files\Android\Android Studio\jre\bin\management.dll
0x00007ff993ce0000 - 0x00007ff993cec000 	C:\Program Files\Android\Android Studio\jre\bin\management_ext.dll
0x00007ff99af90000 - 0x00007ff99afa8000 	C:\Windows\SYSTEM32\CRYPTSP.dll
0x00007ff99a8a0000 - 0x00007ff99a8d5000 	C:\Windows\system32\rsaenh.dll
0x00007ff99ae40000 - 0x00007ff99ae69000 	C:\Windows\SYSTEM32\USERENV.dll
0x00007ff99b110000 - 0x00007ff99b137000 	C:\Windows\SYSTEM32\bcrypt.dll
0x00007ff99afb0000 - 0x00007ff99afbc000 	C:\Windows\SYSTEM32\CRYPTBASE.dll
0x00007ff99a480000 - 0x00007ff99a4ad000 	C:\Windows\SYSTEM32\IPHLPAPI.DLL
0x00007ff99db70000 - 0x00007ff99db79000 	C:\Windows\System32\NSI.dll
0x00007ff995a40000 - 0x00007ff995a59000 	C:\Windows\SYSTEM32\dhcpcsvc6.DLL
0x00007ff996d30000 - 0x00007ff996d4e000 	C:\Windows\SYSTEM32\dhcpcsvc.DLL
0x00007ff99a4b0000 - 0x00007ff99a597000 	C:\Windows\SYSTEM32\DNSAPI.dll

dbghelp: loaded successfully - version: 4.0.5 - missing functions: none
symbol engine: initialized successfully - sym options: 0x614 - pdb path: .;C:\Program Files\Android\Android Studio\jre\bin;C:\Windows\SYSTEM32;C:\Windows\WinSxS\amd64_microsoft.windows.common-controls_6595b64144ccf1df_6.0.22000.120_none_9d947278b86cc467;C:\Program Files\Android\Android Studio\jre\bin\server;C:\Users\NeHaL\.gradle\native\8bec1ad78214c89d9ad589b4d07fe93259594b29d510b10fafb7a158f7737e5d\windows-amd64;C:\Users\NeHaL\.gradle\native\53dbd7edfb1c66fb8903c78663c9afc45aea4f116125fa6feffd364cf09443e8\windows-amd64

VM Arguments:
jvm_args: --add-opens=java.base/java.util=ALL-UNNAMED --add-opens=java.base/java.lang=ALL-UNNAMED --add-opens=java.base/java.lang.invoke=ALL-UNNAMED --add-opens=java.base/java.util=ALL-UNNAMED --add-opens=java.prefs/java.util.prefs=ALL-UNNAMED --add-opens=java.prefs/java.util.prefs=ALL-UNNAMED --add-opens=java.base/java.nio.charset=ALL-UNNAMED --add-opens=java.base/java.net=ALL-UNNAMED --add-opens=java.base/java.util.concurrent.atomic=ALL-UNNAMED -Xmx2048m -Dfile.encoding=UTF-8 -Duser.country=IN -Duser.language=en -Duser.variant 
java_command: org.gradle.launcher.daemon.bootstrap.GradleDaemon 7.0.2
java_class_path (initial): C:\Users\NeHaL\.gradle\wrapper\dists\gradle-7.0.2-bin\857tjihv64xamwrf0h14cai3r\gradle-7.0.2\lib\gradle-launcher-7.0.2.jar
Launcher Type: SUN_STANDARD

[Global flags]
     intx CICompilerCount                          = 4                                         {product} {ergonomic}
     uint ConcGCThreads                            = 3                                         {product} {ergonomic}
     uint G1ConcRefinementThreads                  = 10                                        {product} {ergonomic}
   size_t G1HeapRegionSize                         = 1048576                                   {product} {ergonomic}
    uintx GCDrainStackTargetSize                   = 64                                        {product} {ergonomic}
   size_t InitialHeapSize                          = 134217728                                 {product} {ergonomic}
   size_t MarkStackSize                            = 4194304                                   {product} {ergonomic}
   size_t MaxHeapSize                              = 2147483648                                {product} {command line}
   size_t MaxNewSize                               = 1287651328                                {product} {ergonomic}
   size_t MinHeapDeltaBytes                        = 1048576                                   {product} {ergonomic}
    uintx NonNMethodCodeHeapSize                   = 5836300                                {pd product} {ergonomic}
    uintx NonProfiledCodeHeapSize                  = 122910970                              {pd product} {ergonomic}
    uintx ProfiledCodeHeapSize                     = 122910970                              {pd product} {ergonomic}
    uintx ReservedCodeCacheSize                    = 251658240                              {pd product} {ergonomic}
     bool SegmentedCodeCache                       = true                                      {product} {ergonomic}
     bool UseCompressedClassPointers               = true                                 {lp64_product} {ergonomic}
     bool UseCompressedOops                        = true                                 {lp64_product} {ergonomic}
     bool UseG1GC                                  = true                                      {product} {ergonomic}
     bool UseLargePagesIndividualAllocation        = false                                  {pd product} {ergonomic}

Logging:
Log output configuration:
 #0: stdout all=warning uptime,level,tags
 #1: stderr all=off uptime,level,tags

Environment Variables:
PATH=C:\Program Files (x86)\Common Files\Intel\Shared Libraries\redist\intel64\compiler;C:\Program Files\Common Files\Oracle\Java\javapath;C:\Windows\system32;C:\Windows;C:\Windows\System32\Wbem;C:\Windows\System32\WindowsPowerShell\v1.0\;C:\Windows\System32\OpenSSH\;C:\Program Files\NVIDIA Corporation\NVIDIA NvDLISR;C:\Program Files (x86)\NVIDIA Corporation\PhysX\Common;C:\Program Files\nodejs\;C:\ProgramData\chocolatey\bin;C:\Program Files\Git\cmd;C:\Program Files\Cloudflare\Cloudflare WARP;C:\Users\NeHaL\AppData\Local\Microsoft\WindowsApps;C:\Program Files\JetBrains\IntelliJ IDEA Community Edition 2021.2.2\bin;;C:\Program Files\JetBrains\PyCharm Community Edition 2021.2.2\bin;;C:\Users\NeHaL\AppData\Local\Programs\Microsoft VS Code\bin;C:\Users\NeHaL\AppData\Roaming\npm;C:\Program Files\MongoDB\Server\5.0\bin;
USERNAME=NeHaL
OS=Windows_NT
PROCESSOR_IDENTIFIER=AMD64 Family 23 Model 113 Stepping 0, AuthenticAMD



---------------  S Y S T E M  ---------------

OS: Windows 10 , 64 bit Build 22000 (10.0.22000.318)
OS uptime: 0 days 0:40 hours

CPU:total 12 (initial active 12) (12 cores per cpu, 2 threads per core) family 23 model 113 stepping 0 microcode 0x0, cmov, cx8, fxsr, mmx, sse, sse2, sse3, ssse3, sse4.1, sse4.2, popcnt, avx, avx2, aes, clmul, mmxext, 3dnowpref, lzcnt, sse4a, ht, tsc, tscinvbit, tscinv, bmi1, bmi2, adx,

Memory: 4k page, system-wide physical 8144M (1823M free)
TotalPageFile size 8144M (AvailPageFile size 8M)
current process WorkingSet (physical memory assigned to process): 373M, peak: 376M
current process commit charge ("private bytes"): 414M, peak: 418M

vm_info: OpenJDK 64-Bit Server VM (11.0.10+0-b96-7249189) for windows-amd64 JRE (11.0.10+0-b96-7249189), built on Mar 31 2021 21:44:00 by "builder" with MS VC++ 14.0 (VS2015)

END.
