#
# There is insufficient memory for the Java Runtime Environment to continue.
# Native memory allocation (malloc) failed to allocate 990416 bytes for Chunk::new
# Possible reasons:
#   The system is out of physical RAM or swap space
#   The process is running with CompressedOops enabled, and the Java Heap may be blocking the growth of the native heap
# Possible solutions:
#   Reduce memory load on the system
#   Increase physical memory or swap space
#   Check if swap backing store is full
#   Decrease Java heap size (-Xmx/-Xms)
#   Decrease number of Java threads
#   Decrease Java thread stack sizes (-Xss)
#   Set larger code cache with -XX:ReservedCodeCacheSize=
#   JVM is running with Unscaled Compressed Oops mode in which the Java heap is
#     placed in the first 4GB address space. The Java Heap base address is the
#     maximum limit for the native heap growth. Please use -XX:HeapBaseMinAddress
#     to set the Java Heap base and to place the Java Heap above 4GB virtual address.
# This output file may be truncated or incomplete.
#
#  Out of Memory Error (./src/hotspot/share/memory/arena.cpp:197), pid=8604, tid=11728
#
# JRE version: OpenJDK Runtime Environment (11.0.10) (build 11.0.10+0-b96-7249189)
# Java VM: OpenJDK 64-Bit Server VM (11.0.10+0-b96-7249189, mixed mode, tiered, compressed oops, g1 gc, windows-amd64)
# No core dump will be written. Minidumps are not enabled by default on client versions of Windows
#

---------------  S U M M A R Y ------------

Command Line: --add-opens=java.base/java.util=ALL-UNNAMED --add-opens=java.base/java.lang=ALL-UNNAMED --add-opens=java.base/java.lang.invoke=ALL-UNNAMED --add-opens=java.base/java.util=ALL-UNNAMED --add-opens=java.prefs/java.util.prefs=ALL-UNNAMED --add-opens=java.prefs/java.util.prefs=ALL-UNNAMED --add-opens=java.base/java.nio.charset=ALL-UNNAMED --add-opens=java.base/java.net=ALL-UNNAMED --add-opens=java.base/java.util.concurrent.atomic=ALL-UNNAMED -Xmx2048m -Dfile.encoding=UTF-8 -Duser.country=IN -Duser.language=en -Duser.variant org.gradle.launcher.daemon.bootstrap.GradleDaemon 7.0.2

Host: AMD Ryzen 5 3600 6-Core Processor              , 12 cores, 7G,  Windows 10 , 64 bit Build 22000 (10.0.22000.318)
Time: Mon Dec 27 23:39:36 2021 India Standard Time elapsed time: 3.435574 seconds (0d 0h 0m 3s)

---------------  T H R E A D  ---------------

Current thread (0x000001a866ce9000):  JavaThread "C2 CompilerThread2" daemon [_thread_in_native, id=11728, stack(0x00000020fcc00000,0x00000020fcd00000)]


Current CompileTask:
C2:   3435 5268       4       jdk.internal.loader.URLClassPath$JarLoader$2::getManifest (26 bytes)

Stack: [0x00000020fcc00000,0x00000020fcd00000]
Native frames: (J=compiled Java code, j=interpreted, Vv=VM code, C=native code)
V  [jvm.dll+0x5ecfaa]
V  [jvm.dll+0x722bd5]
V  [jvm.dll+0x72412d]
V  [jvm.dll+0x7247e3]
V  [jvm.dll+0x242928]
V  [jvm.dll+0xbc4fc]
V  [jvm.dll+0xbca0c]
V  [jvm.dll+0x352d3b]
V  [jvm.dll+0x320ad3]
V  [jvm.dll+0x31ffca]
V  [jvm.dll+0x1fb602]
V  [jvm.dll+0x1fa7f4]
V  [jvm.dll+0x18354c]
V  [jvm.dll+0x208ee7]
V  [jvm.dll+0x207731]
V  [jvm.dll+0x6eb1cf]
V  [jvm.dll+0x6e3d45]
V  [jvm.dll+0x5ebe96]
C  [ucrtbase.dll+0x26c0c]
C  [KERNEL32.DLL+0x154e0]
C  [ntdll.dll+0x485b]


---------------  P R O C E S S  ---------------

Threads class SMR info:
_java_thread_list=0x000001a86d145df0, length=59, elements={
0x000001a84b4e1800, 0x000001a865da0800, 0x000001a865da5800, 0x000001a865dc1000,
0x000001a865dc2000, 0x000001a865dc3000, 0x000001a865dc4000, 0x000001a865dcd000,
0x000001a86671d800, 0x000001a866870800, 0x000001a866ae4800, 0x000001a866ce9000,
0x000001a868526000, 0x000001a868ed6000, 0x000001a868e8b800, 0x000001a868124000,
0x000001a8677ce000, 0x000001a867f95000, 0x000001a868a1a000, 0x000001a8686ac800,
0x000001a8686ad800, 0x000001a8686ae800, 0x000001a8686ac000, 0x000001a8685a7800,
0x000001a8685a9800, 0x000001a8685a8000, 0x000001a8685a9000, 0x000001a8685a5000,
0x000001a8685a6800, 0x000001a8685ab800, 0x000001a8685aa800, 0x000001a8685a5800,
0x000001a8685ad000, 0x000001a8685ae800, 0x000001a8685ae000, 0x000001a8685af800,
0x000001a8685b2000, 0x000001a8685b0800, 0x000001a8685b1000, 0x000001a8685ac000,
0x000001a8685b2800, 0x000001a8685b3800, 0x000001a869354800, 0x000001a869352800,
0x000001a869352000, 0x000001a869356000, 0x000001a869350000, 0x000001a869357000,
0x000001a869351000, 0x000001a869359000, 0x000001a86935b000, 0x000001a86935b800,
0x000001a86935a000, 0x000001a86935c800, 0x000001a86935d800, 0x000001a869357800,
0x000001a86935e000, 0x000001a869358800, 0x000001a86935f000
}

Java Threads: ( => current thread )
  0x000001a84b4e1800 JavaThread "main" [_thread_blocked, id=11532, stack(0x00000020fba00000,0x00000020fbb00000)]
  0x000001a865da0800 JavaThread "Reference Handler" daemon [_thread_blocked, id=14268, stack(0x00000020fc100000,0x00000020fc200000)]
  0x000001a865da5800 JavaThread "Finalizer" daemon [_thread_blocked, id=14132, stack(0x00000020fc200000,0x00000020fc300000)]
  0x000001a865dc1000 JavaThread "Signal Dispatcher" daemon [_thread_blocked, id=4528, stack(0x00000020fc300000,0x00000020fc400000)]
  0x000001a865dc2000 JavaThread "Attach Listener" daemon [_thread_blocked, id=5756, stack(0x00000020fc400000,0x00000020fc500000)]
  0x000001a865dc3000 JavaThread "Service Thread" daemon [_thread_blocked, id=6676, stack(0x00000020fc500000,0x00000020fc600000)]
  0x000001a865dc4000 JavaThread "C2 CompilerThread0" daemon [_thread_in_native, id=7144, stack(0x00000020fc600000,0x00000020fc700000)]
  0x000001a865dcd000 JavaThread "C1 CompilerThread0" daemon [_thread_blocked, id=3860, stack(0x00000020fc700000,0x00000020fc800000)]
  0x000001a86671d800 JavaThread "Sweeper thread" daemon [_thread_blocked, id=900, stack(0x00000020fc800000,0x00000020fc900000)]
  0x000001a866870800 JavaThread "Common-Cleaner" daemon [_thread_blocked, id=5708, stack(0x00000020fc900000,0x00000020fca00000)]
  0x000001a866ae4800 JavaThread "C2 CompilerThread1" daemon [_thread_in_native, id=2644, stack(0x00000020fcb00000,0x00000020fcc00000)]
=>0x000001a866ce9000 JavaThread "C2 CompilerThread2" daemon [_thread_in_native, id=11728, stack(0x00000020fcc00000,0x00000020fcd00000)]
  0x000001a868526000 JavaThread "Daemon health stats" [_thread_blocked, id=8812, stack(0x00000020fcf00000,0x00000020fd000000)]
  0x000001a868ed6000 JavaThread "Incoming local TCP Connector on port 52778" [_thread_in_native, id=3688, stack(0x00000020fd000000,0x00000020fd100000)]
  0x000001a868e8b800 JavaThread "Daemon periodic checks" [_thread_blocked, id=6484, stack(0x00000020fd100000,0x00000020fd200000)]
  0x000001a868124000 JavaThread "Daemon" [_thread_blocked, id=7140, stack(0x00000020fd200000,0x00000020fd300000)]
  0x000001a8677ce000 JavaThread "Handler for socket connection from /127.0.0.1:52778 to /127.0.0.1:52779" [_thread_in_native, id=9000, stack(0x00000020fd300000,0x00000020fd400000)]
  0x000001a867f95000 JavaThread "Cancel handler" [_thread_blocked, id=5888, stack(0x00000020fd400000,0x00000020fd500000)]
  0x000001a868a1a000 JavaThread "Daemon worker" [_thread_in_Java, id=7624, stack(0x00000020fd500000,0x00000020fd600000)]
  0x000001a8686ac800 JavaThread "Asynchronous log dispatcher for DefaultDaemonConnection: socket connection from /127.0.0.1:52778 to /127.0.0.1:52779" [_thread_blocked, id=5336, stack(0x00000020fd600000,0x00000020fd700000)]
  0x000001a8686ad800 JavaThread "Stdin handler" [_thread_blocked, id=15132, stack(0x00000020fd700000,0x00000020fd800000)]
  0x000001a8686ae800 JavaThread "Daemon client event forwarder" [_thread_blocked, id=11196, stack(0x00000020fd800000,0x00000020fd900000)]
  0x000001a8686ac000 JavaThread "Cache worker for file hash cache (C:\Users\NeHaL\.gradle\caches\7.0.2\fileHashes)" [_thread_blocked, id=12840, stack(0x00000020fe100000,0x00000020fe200000)]
  0x000001a8685a7800 JavaThread "File lock request listener" [_thread_in_native, id=5468, stack(0x00000020fe200000,0x00000020fe300000)]
  0x000001a8685a9800 JavaThread "Cache worker for journal cache (C:\Users\NeHaL\.gradle\caches\journal-1)" [_thread_blocked, id=1816, stack(0x00000020fe500000,0x00000020fe600000)]
  0x000001a8685a8000 JavaThread "Cache worker for file hash cache (C:\Users\NeHaL\AndroidStudioProjects\SmartTourApp\.gradle\7.0.2\fileHashes)" [_thread_blocked, id=2244, stack(0x00000020fe600000,0x00000020fe700000)]
  0x000001a8685a9000 JavaThread "File watcher server" daemon [_thread_in_native, id=5796, stack(0x00000020fe700000,0x00000020fe800000)]
  0x000001a8685a5000 JavaThread "File watcher consumer" daemon [_thread_blocked, id=6984, stack(0x00000020fe800000,0x00000020fe900000)]
  0x000001a8685a6800 JavaThread "jar transforms" [_thread_blocked, id=14016, stack(0x00000020fe900000,0x00000020fea00000)]
  0x000001a8685ab800 JavaThread "jar transforms Thread 2" [_thread_blocked, id=2860, stack(0x00000020fea00000,0x00000020feb00000)]
  0x000001a8685aa800 JavaThread "jar transforms Thread 3" [_thread_blocked, id=10748, stack(0x00000020feb00000,0x00000020fec00000)]
  0x000001a8685a5800 JavaThread "jar transforms Thread 4" [_thread_blocked, id=11088, stack(0x00000020fec00000,0x00000020fed00000)]
  0x000001a8685ad000 JavaThread "jar transforms Thread 5" [_thread_blocked, id=8320, stack(0x00000020fed00000,0x00000020fee00000)]
  0x000001a8685ae800 JavaThread "jar transforms Thread 6" [_thread_blocked, id=1688, stack(0x00000020fee00000,0x00000020fef00000)]
  0x000001a8685ae000 JavaThread "jar transforms Thread 7" [_thread_blocked, id=11324, stack(0x00000020fef00000,0x00000020ff000000)]
  0x000001a8685af800 JavaThread "jar transforms Thread 8" [_thread_blocked, id=12320, stack(0x00000020ff000000,0x00000020ff100000)]
  0x000001a8685b2000 JavaThread "jar transforms Thread 9" [_thread_blocked, id=12032, stack(0x00000020ff100000,0x00000020ff200000)]
  0x000001a8685b0800 JavaThread "jar transforms Thread 10" [_thread_blocked, id=7040, stack(0x00000020ff200000,0x00000020ff300000)]
  0x000001a8685b1000 JavaThread "jar transforms Thread 11" [_thread_blocked, id=14360, stack(0x00000020ff300000,0x00000020ff400000)]
  0x000001a8685ac000 JavaThread "jar transforms Thread 12" [_thread_blocked, id=13728, stack(0x00000020ff400000,0x00000020ff500000)]
  0x000001a8685b2800 JavaThread "Cache worker for checksums cache (C:\Users\NeHaL\AndroidStudioProjects\SmartTourApp\.gradle\checksums)" [_thread_blocked, id=7120, stack(0x00000020ff500000,0x00000020ff600000)]
  0x000001a8685b3800 JavaThread "Cache worker for cache directory md-supplier (C:\Users\NeHaL\.gradle\caches\7.0.2\md-supplier)" [_thread_blocked, id=12540, stack(0x00000020ff600000,0x00000020ff700000)]
  0x000001a869354800 JavaThread "Cache worker for cache directory md-rule (C:\Users\NeHaL\.gradle\caches\7.0.2\md-rule)" [_thread_blocked, id=12848, stack(0x00000020ff700000,0x00000020ff800000)]
  0x000001a869352800 JavaThread "Cache worker for execution history cache (C:\Users\NeHaL\.gradle\caches\7.0.2\executionHistory)" [_thread_blocked, id=7300, stack(0x00000020ff800000,0x00000020ff900000)]
  0x000001a869352000 JavaThread "Cache worker for file content cache (C:\Users\NeHaL\.gradle\caches\7.0.2\fileContent)" [_thread_blocked, id=5584, stack(0x00000020ff900000,0x00000020ffa00000)]
  0x000001a869356000 JavaThread "Cache worker for dependencies-accessors (C:\Users\NeHaL\AndroidStudioProjects\SmartTourApp\.gradle\7.0.2\dependencies-accessors)" [_thread_blocked, id=1096, stack(0x00000020ffa00000,0x00000020ffb00000)]
  0x000001a869350000 JavaThread "Cache worker for Build Output Cleanup Cache (C:\Users\NeHaL\AndroidStudioProjects\SmartTourApp\.gradle\buildOutputCleanup)" [_thread_blocked, id=12412, stack(0x00000020ffb00000,0x00000020ffc00000)]
  0x000001a869357000 JavaThread "Build operations" [_thread_blocked, id=8764, stack(0x00000020ffc00000,0x00000020ffd00000)]
  0x000001a869351000 JavaThread "Build operations Thread 2" [_thread_blocked, id=10700, stack(0x00000020ffd00000,0x00000020ffe00000)]
  0x000001a869359000 JavaThread "Build operations Thread 3" [_thread_blocked, id=9200, stack(0x00000020ffe00000,0x00000020fff00000)]
  0x000001a86935b000 JavaThread "Build operations Thread 4" [_thread_blocked, id=8444, stack(0x00000020fff00000,0x0000002100000000)]
  0x000001a86935b800 JavaThread "Build operations Thread 5" [_thread_blocked, id=5328, stack(0x0000002080000000,0x0000002080100000)]
  0x000001a86935a000 JavaThread "Build operations Thread 6" [_thread_blocked, id=14720, stack(0x0000002080100000,0x0000002080200000)]
  0x000001a86935c800 JavaThread "Build operations Thread 7" [_thread_blocked, id=7908, stack(0x0000002080200000,0x0000002080300000)]
  0x000001a86935d800 JavaThread "Build operations Thread 8" [_thread_blocked, id=14120, stack(0x0000002080300000,0x0000002080400000)]
  0x000001a869357800 JavaThread "Build operations Thread 9" [_thread_blocked, id=10972, stack(0x0000002080400000,0x0000002080500000)]
  0x000001a86935e000 JavaThread "Build operations Thread 10" [_thread_blocked, id=14520, stack(0x0000002080500000,0x0000002080600000)]
  0x000001a869358800 JavaThread "Build operations Thread 11" [_thread_blocked, id=6644, stack(0x0000002080600000,0x0000002080700000)]
  0x000001a86935f000 JavaThread "Build operations Thread 12" [_thread_blocked, id=2392, stack(0x0000002080700000,0x0000002080800000)]

Other Threads:
  0x000001a865d9e800 VMThread "VM Thread" [stack: 0x00000020fc000000,0x00000020fc100000] [id=13896]
  0x000001a866876000 WatcherThread [stack: 0x00000020fca00000,0x00000020fcb00000] [id=6392]
  0x000001a84b4f9000 GCTaskThread "GC Thread#0" [stack: 0x00000020fbb00000,0x00000020fbc00000] [id=7376]
  0x000001a867322800 GCTaskThread "GC Thread#1" [stack: 0x00000020fcd00000,0x00000020fce00000] [id=11660]
  0x000001a866e26800 GCTaskThread "GC Thread#2" [stack: 0x00000020fce00000,0x00000020fcf00000] [id=4812]
  0x000001a867ac9000 GCTaskThread "GC Thread#3" [stack: 0x00000020fd900000,0x00000020fda00000] [id=10728]
  0x000001a867627800 GCTaskThread "GC Thread#4" [stack: 0x00000020fda00000,0x00000020fdb00000] [id=11176]
  0x000001a868c1d800 GCTaskThread "GC Thread#5" [stack: 0x00000020fdb00000,0x00000020fdc00000] [id=11860]
  0x000001a868b73800 GCTaskThread "GC Thread#6" [stack: 0x00000020fdc00000,0x00000020fdd00000] [id=11316]
  0x000001a8680f2800 GCTaskThread "GC Thread#7" [stack: 0x00000020fdd00000,0x00000020fde00000] [id=14372]
  0x000001a868aba000 GCTaskThread "GC Thread#8" [stack: 0x00000020fde00000,0x00000020fdf00000] [id=15280]
  0x000001a868250800 GCTaskThread "GC Thread#9" [stack: 0x00000020fdf00000,0x00000020fe000000] [id=15048]
  0x000001a84b52c800 ConcurrentGCThread "G1 Main Marker" [stack: 0x00000020fbc00000,0x00000020fbd00000] [id=13472]
  0x000001a84b52e800 ConcurrentGCThread "G1 Conc#0" [stack: 0x00000020fbd00000,0x00000020fbe00000] [id=8976]
  0x000001a8672c8800 ConcurrentGCThread "G1 Conc#1" [stack: 0x00000020fe300000,0x00000020fe400000] [id=14256]
  0x000001a868a7e800 ConcurrentGCThread "G1 Conc#2" [stack: 0x00000020fe400000,0x00000020fe500000] [id=9580]
  0x000001a865bf1800 ConcurrentGCThread "G1 Refine#0" [stack: 0x00000020fbe00000,0x00000020fbf00000] [id=10796]
  0x000001a868d1d800 ConcurrentGCThread "G1 Refine#1" [stack: 0x00000020fe000000,0x00000020fe100000] [id=10608]
  0x000001a865bf2800 ConcurrentGCThread "G1 Young RemSet Sampling" [stack: 0x00000020fbf00000,0x00000020fc000000] [id=2380]

Threads with active compile tasks:
C2 CompilerThread0   3444 4914       4       java.lang.invoke.MethodType::makeImpl (108 bytes)
C2 CompilerThread1   3444 5288 % !   4       java.util.jar.Attributes::read @ 186 (390 bytes)
C2 CompilerThread2   3444 5268       4       jdk.internal.loader.URLClassPath$JarLoader$2::getManifest (26 bytes)

VM state:not at safepoint (normal execution)

VM Mutex/Monitor currently owned by a thread: None

Heap address: 0x0000000080000000, size: 2048 MB, Compressed Oops mode: 32-bit
Narrow klass base: 0x0000000000000000, Narrow klass shift: 3
Compressed class space size: 1073741824 Address: 0x0000000100000000

Heap:
 garbage-first heap   total 157696K, used 70613K [0x0000000080000000, 0x0000000100000000)
  region size 1024K, 17 young (17408K), 6 survivors (6144K)
 Metaspace       used 49310K, capacity 50887K, committed 50944K, reserved 1093632K
  class space    used 6336K, capacity 6863K, committed 6912K, reserved 1048576K
Heap Regions: E=young(eden), S=young(survivor), O=old, HS=humongous(starts), HC=humongous(continues), CS=collection set, F=free, A=archive, TAMS=top-at-mark-start (previous, next)
|   0|0x0000000080000000, 0x0000000080100000, 0x0000000080100000|100%| O|  |TAMS 0x0000000080100000, 0x0000000080000000| Untracked 
|   1|0x0000000080100000, 0x0000000080200000, 0x0000000080200000|100%| O|  |TAMS 0x0000000080200000, 0x0000000080100000| Untracked 
|   2|0x0000000080200000, 0x0000000080300000, 0x0000000080300000|100%| O|  |TAMS 0x0000000080300000, 0x0000000080200000| Untracked 
|   3|0x0000000080300000, 0x0000000080400000, 0x0000000080400000|100%|HS|  |TAMS 0x0000000080400000, 0x0000000080300000| Complete 
|   4|0x0000000080400000, 0x0000000080500000, 0x0000000080500000|100%|HC|  |TAMS 0x0000000080500000, 0x0000000080400000| Complete 
|   5|0x0000000080500000, 0x0000000080600000, 0x0000000080600000|100%|HC|  |TAMS 0x0000000080600000, 0x0000000080500000| Complete 
|   6|0x0000000080600000, 0x0000000080700000, 0x0000000080700000|100%| O|  |TAMS 0x0000000080700000, 0x0000000080600000| Untracked 
|   7|0x0000000080700000, 0x0000000080800000, 0x0000000080800000|100%| O|  |TAMS 0x0000000080800000, 0x0000000080700000| Untracked 
|   8|0x0000000080800000, 0x0000000080900000, 0x0000000080900000|100%| O|  |TAMS 0x0000000080900000, 0x0000000080800000| Untracked 
|   9|0x0000000080900000, 0x0000000080a00000, 0x0000000080a00000|100%| O|  |TAMS 0x0000000080a00000, 0x0000000080900000| Untracked 
|  10|0x0000000080a00000, 0x0000000080b00000, 0x0000000080b00000|100%| O|  |TAMS 0x0000000080b00000, 0x0000000080a00000| Untracked 
|  11|0x0000000080b00000, 0x0000000080c00000, 0x0000000080c00000|100%| O|  |TAMS 0x0000000080c00000, 0x0000000080b00000| Untracked 
|  12|0x0000000080c00000, 0x0000000080d00000, 0x0000000080d00000|100%| O|  |TAMS 0x0000000080d00000, 0x0000000080c00000| Untracked 
|  13|0x0000000080d00000, 0x0000000080e00000, 0x0000000080e00000|100%| O|  |TAMS 0x0000000080e00000, 0x0000000080d00000| Untracked 
|  14|0x0000000080e00000, 0x0000000080f00000, 0x0000000080f00000|100%| O|  |TAMS 0x0000000080f00000, 0x0000000080e00000| Untracked 
|  15|0x0000000080f00000, 0x0000000081000000, 0x0000000081000000|100%| O|  |TAMS 0x0000000081000000, 0x0000000080f00000| Untracked 
|  16|0x0000000081000000, 0x0000000081100000, 0x0000000081100000|100%|HS|  |TAMS 0x0000000081100000, 0x0000000081000000| Complete 
|  17|0x0000000081100000, 0x0000000081200000, 0x0000000081200000|100%|HC|  |TAMS 0x0000000081200000, 0x0000000081100000| Complete 
|  18|0x0000000081200000, 0x0000000081300000, 0x0000000081300000|100%|HS|  |TAMS 0x0000000081300000, 0x0000000081200000| Complete 
|  19|0x0000000081300000, 0x0000000081400000, 0x0000000081400000|100%|HC|  |TAMS 0x0000000081400000, 0x0000000081300000| Complete 
|  20|0x0000000081400000, 0x0000000081500000, 0x0000000081500000|100%|HC|  |TAMS 0x0000000081500000, 0x0000000081400000| Complete 
|  21|0x0000000081500000, 0x0000000081600000, 0x0000000081600000|100%|HS|  |TAMS 0x0000000081600000, 0x0000000081500000| Complete 
|  22|0x0000000081600000, 0x0000000081700000, 0x0000000081700000|100%|HC|  |TAMS 0x0000000081700000, 0x0000000081600000| Complete 
|  23|0x0000000081700000, 0x0000000081800000, 0x0000000081800000|100%|HC|  |TAMS 0x0000000081800000, 0x0000000081700000| Complete 
|  24|0x0000000081800000, 0x0000000081900000, 0x0000000081900000|100%|HC|  |TAMS 0x0000000081900000, 0x0000000081800000| Complete 
|  25|0x0000000081900000, 0x0000000081a00000, 0x0000000081a00000|100%|HC|  |TAMS 0x0000000081a00000, 0x0000000081900000| Complete 
|  26|0x0000000081a00000, 0x0000000081b00000, 0x0000000081b00000|100%| O|  |TAMS 0x0000000081b00000, 0x0000000081a00000| Untracked 
|  27|0x0000000081b00000, 0x0000000081c00000, 0x0000000081c00000|100%| O|  |TAMS 0x0000000081c00000, 0x0000000081b00000| Untracked 
|  28|0x0000000081c00000, 0x0000000081d00000, 0x0000000081d00000|100%| O|  |TAMS 0x0000000081d00000, 0x0000000081c00000| Untracked 
|  29|0x0000000081d00000, 0x0000000081e00000, 0x0000000081e00000|100%| O|  |TAMS 0x0000000081e00000, 0x0000000081d00000| Untracked 
|  30|0x0000000081e00000, 0x0000000081f00000, 0x0000000081f00000|100%| O|  |TAMS 0x0000000081ef2600, 0x0000000081e00000| Untracked 
|  31|0x0000000081f00000, 0x0000000082000000, 0x0000000082000000|100%|HS|  |TAMS 0x0000000081f00000, 0x0000000081f00000| Complete 
|  32|0x0000000082000000, 0x0000000082100000, 0x0000000082100000|100%|HC|  |TAMS 0x0000000082000000, 0x0000000082000000| Complete 
|  33|0x0000000082100000, 0x0000000082200000, 0x0000000082200000|100%|HC|  |TAMS 0x0000000082100000, 0x0000000082100000| Complete 
|  34|0x0000000082200000, 0x0000000082300000, 0x0000000082300000|100%| O|  |TAMS 0x0000000082200000, 0x0000000082200000| Untracked 
|  35|0x0000000082300000, 0x0000000082400000, 0x0000000082400000|100%|HS|  |TAMS 0x0000000082300000, 0x0000000082300000| Complete 
|  36|0x0000000082400000, 0x0000000082500000, 0x0000000082500000|100%|HC|  |TAMS 0x0000000082400000, 0x0000000082400000| Complete 
|  37|0x0000000082500000, 0x0000000082600000, 0x0000000082600000|100%|HC|  |TAMS 0x0000000082500000, 0x0000000082500000| Complete 
|  38|0x0000000082600000, 0x0000000082700000, 0x0000000082700000|100%|HC|  |TAMS 0x0000000082600000, 0x0000000082600000| Complete 
|  39|0x0000000082700000, 0x0000000082800000, 0x0000000082800000|100%|HC|  |TAMS 0x0000000082700000, 0x0000000082700000| Complete 
|  40|0x0000000082800000, 0x0000000082900000, 0x0000000082900000|100%| O|  |TAMS 0x0000000082800000, 0x0000000082800000| Untracked 
|  41|0x0000000082900000, 0x0000000082a00000, 0x0000000082a00000|100%| O|  |TAMS 0x0000000082900000, 0x0000000082900000| Untracked 
|  42|0x0000000082a00000, 0x0000000082b00000, 0x0000000082b00000|100%| O|  |TAMS 0x0000000082a00000, 0x0000000082a00000| Untracked 
|  43|0x0000000082b00000, 0x0000000082c00000, 0x0000000082c00000|100%| O|  |TAMS 0x0000000082b00000, 0x0000000082b00000| Untracked 
|  44|0x0000000082c00000, 0x0000000082d00000, 0x0000000082d00000|100%| O|  |TAMS 0x0000000082c00000, 0x0000000082c00000| Untracked 
|  45|0x0000000082d00000, 0x0000000082e00000, 0x0000000082e00000|100%| O|  |TAMS 0x0000000082d00000, 0x0000000082d00000| Untracked 
|  46|0x0000000082e00000, 0x0000000082f00000, 0x0000000082f00000|100%| O|  |TAMS 0x0000000082e00000, 0x0000000082e00000| Untracked 
|  47|0x0000000082f00000, 0x0000000083000000, 0x0000000083000000|100%| O|  |TAMS 0x0000000082f00000, 0x0000000082f00000| Untracked 
|  48|0x0000000083000000, 0x0000000083100000, 0x0000000083100000|100%| O|  |TAMS 0x0000000083000000, 0x0000000083000000| Untracked 
|  49|0x0000000083100000, 0x00000000831f5400, 0x0000000083200000| 95%| O|  |TAMS 0x0000000083100000, 0x0000000083100000| Untracked 
|  50|0x0000000083200000, 0x0000000083300000, 0x0000000083300000|100%|HS|  |TAMS 0x0000000083200000, 0x0000000083200000| Complete 
|  51|0x0000000083300000, 0x0000000083400000, 0x0000000083400000|100%|HS|  |TAMS 0x0000000083300000, 0x0000000083300000| Complete 
|  52|0x0000000083400000, 0x0000000083500000, 0x0000000083500000|100%|HS|  |TAMS 0x0000000083400000, 0x0000000083400000| Complete 
|  53|0x0000000083500000, 0x0000000083600000, 0x0000000083600000|100%|HC|  |TAMS 0x0000000083500000, 0x0000000083500000| Complete 
|  54|0x0000000083600000, 0x0000000083600000, 0x0000000083700000|  0%| F|  |TAMS 0x0000000083600000, 0x0000000083600000| Untracked 
|  55|0x0000000083700000, 0x0000000083700000, 0x0000000083800000|  0%| F|  |TAMS 0x0000000083700000, 0x0000000083700000| Untracked 
|  56|0x0000000083800000, 0x0000000083800000, 0x0000000083900000|  0%| F|  |TAMS 0x0000000083800000, 0x0000000083800000| Untracked 
|  57|0x0000000083900000, 0x0000000083900000, 0x0000000083a00000|  0%| F|  |TAMS 0x0000000083900000, 0x0000000083900000| Untracked 
|  58|0x0000000083a00000, 0x0000000083a00000, 0x0000000083b00000|  0%| F|  |TAMS 0x0000000083a00000, 0x0000000083a00000| Untracked 
|  59|0x0000000083b00000, 0x0000000083b00000, 0x0000000083c00000|  0%| F|  |TAMS 0x0000000083b00000, 0x0000000083b00000| Untracked 
|  60|0x0000000083c00000, 0x0000000083c00000, 0x0000000083d00000|  0%| F|  |TAMS 0x0000000083c00000, 0x0000000083c00000| Untracked 
|  61|0x0000000083d00000, 0x0000000083d00000, 0x0000000083e00000|  0%| F|  |TAMS 0x0000000083d00000, 0x0000000083d00000| Untracked 
|  62|0x0000000083e00000, 0x0000000083e00000, 0x0000000083f00000|  0%| F|  |TAMS 0x0000000083e00000, 0x0000000083e00000| Untracked 
|  63|0x0000000083f00000, 0x0000000083f00000, 0x0000000084000000|  0%| F|  |TAMS 0x0000000083f00000, 0x0000000083f00000| Untracked 
|  64|0x0000000084000000, 0x0000000084000000, 0x0000000084100000|  0%| F|  |TAMS 0x0000000084000000, 0x0000000084000000| Untracked 
|  65|0x0000000084100000, 0x0000000084100000, 0x0000000084200000|  0%| F|  |TAMS 0x0000000084100000, 0x0000000084100000| Untracked 
|  66|0x0000000084200000, 0x0000000084200000, 0x0000000084300000|  0%| F|  |TAMS 0x0000000084200000, 0x0000000084200000| Untracked 
|  67|0x0000000084300000, 0x0000000084300000, 0x0000000084400000|  0%| F|  |TAMS 0x0000000084300000, 0x0000000084300000| Untracked 
|  68|0x0000000084400000, 0x0000000084400000, 0x0000000084500000|  0%| F|  |TAMS 0x0000000084400000, 0x0000000084400000| Untracked 
|  69|0x0000000084500000, 0x0000000084500000, 0x0000000084600000|  0%| F|  |TAMS 0x0000000084500000, 0x0000000084500000| Untracked 
|  70|0x0000000084600000, 0x0000000084600000, 0x0000000084700000|  0%| F|  |TAMS 0x0000000084600000, 0x0000000084600000| Untracked 
|  71|0x0000000084700000, 0x0000000084700000, 0x0000000084800000|  0%| F|  |TAMS 0x0000000084700000, 0x0000000084700000| Untracked 
|  72|0x0000000084800000, 0x0000000084800000, 0x0000000084900000|  0%| F|  |TAMS 0x0000000084800000, 0x0000000084800000| Untracked 
|  73|0x0000000084900000, 0x0000000084900000, 0x0000000084a00000|  0%| F|  |TAMS 0x0000000084900000, 0x0000000084900000| Untracked 
|  74|0x0000000084a00000, 0x0000000084a00000, 0x0000000084b00000|  0%| F|  |TAMS 0x0000000084a00000, 0x0000000084a00000| Untracked 
|  75|0x0000000084b00000, 0x0000000084b00000, 0x0000000084c00000|  0%| F|  |TAMS 0x0000000084b00000, 0x0000000084b00000| Untracked 
|  76|0x0000000084c00000, 0x0000000084c00000, 0x0000000084d00000|  0%| F|  |TAMS 0x0000000084c00000, 0x0000000084c00000| Untracked 
|  77|0x0000000084d00000, 0x0000000084d00000, 0x0000000084e00000|  0%| F|  |TAMS 0x0000000084d00000, 0x0000000084d00000| Untracked 
|  78|0x0000000084e00000, 0x0000000084e00000, 0x0000000084f00000|  0%| F|  |TAMS 0x0000000084e00000, 0x0000000084e00000| Untracked 
|  79|0x0000000084f00000, 0x0000000084f00000, 0x0000000085000000|  0%| F|  |TAMS 0x0000000084f00000, 0x0000000084f00000| Untracked 
|  80|0x0000000085000000, 0x0000000085000000, 0x0000000085100000|  0%| F|  |TAMS 0x0000000085000000, 0x0000000085000000| Untracked 
|  81|0x0000000085100000, 0x0000000085100000, 0x0000000085200000|  0%| F|  |TAMS 0x0000000085100000, 0x0000000085100000| Untracked 
|  82|0x0000000085200000, 0x0000000085200000, 0x0000000085300000|  0%| F|  |TAMS 0x0000000085200000, 0x0000000085200000| Untracked 
|  83|0x0000000085300000, 0x0000000085300000, 0x0000000085400000|  0%| F|  |TAMS 0x0000000085300000, 0x0000000085300000| Untracked 
|  84|0x0000000085400000, 0x0000000085400000, 0x0000000085500000|  0%| F|  |TAMS 0x0000000085400000, 0x0000000085400000| Untracked 
|  85|0x0000000085500000, 0x0000000085500000, 0x0000000085600000|  0%| F|  |TAMS 0x0000000085500000, 0x0000000085500000| Untracked 
|  86|0x0000000085600000, 0x0000000085600000, 0x0000000085700000|  0%| F|  |TAMS 0x0000000085600000, 0x0000000085600000| Untracked 
|  87|0x0000000085700000, 0x0000000085700000, 0x0000000085800000|  0%| F|  |TAMS 0x0000000085700000, 0x0000000085700000| Untracked 
|  88|0x0000000085800000, 0x0000000085800000, 0x0000000085900000|  0%| F|  |TAMS 0x0000000085800000, 0x0000000085800000| Untracked 
|  89|0x0000000085900000, 0x0000000085900000, 0x0000000085a00000|  0%| F|  |TAMS 0x0000000085900000, 0x0000000085900000| Untracked 
|  90|0x0000000085a00000, 0x0000000085a00000, 0x0000000085b00000|  0%| F|  |TAMS 0x0000000085a00000, 0x0000000085a00000| Untracked 
|  91|0x0000000085b00000, 0x0000000085b00000, 0x0000000085c00000|  0%| F|  |TAMS 0x0000000085b00000, 0x0000000085b00000| Untracked 
|  92|0x0000000085c00000, 0x0000000085c00000, 0x0000000085d00000|  0%| F|  |TAMS 0x0000000085c00000, 0x0000000085c00000| Untracked 
|  93|0x0000000085d00000, 0x0000000085e00000, 0x0000000085e00000|100%| S|CS|TAMS 0x0000000085d00000, 0x0000000085d00000| Complete 
|  94|0x0000000085e00000, 0x0000000085f00000, 0x0000000085f00000|100%| S|CS|TAMS 0x0000000085e00000, 0x0000000085e00000| Complete 
|  95|0x0000000085f00000, 0x0000000086000000, 0x0000000086000000|100%| S|CS|TAMS 0x0000000085f00000, 0x0000000085f00000| Complete 
|  96|0x0000000086000000, 0x0000000086100000, 0x0000000086100000|100%| S|CS|TAMS 0x0000000086000000, 0x0000000086000000| Complete 
|  97|0x0000000086100000, 0x0000000086200000, 0x0000000086200000|100%| S|CS|TAMS 0x0000000086100000, 0x0000000086100000| Complete 
|  98|0x0000000086200000, 0x0000000086300000, 0x0000000086300000|100%| S|CS|TAMS 0x0000000086200000, 0x0000000086200000| Complete 
|  99|0x0000000086300000, 0x0000000086300000, 0x0000000086400000|  0%| F|  |TAMS 0x0000000086300000, 0x0000000086300000| Untracked 
| 100|0x0000000086400000, 0x0000000086400000, 0x0000000086500000|  0%| F|  |TAMS 0x0000000086400000, 0x0000000086400000| Untracked 
| 101|0x0000000086500000, 0x0000000086500000, 0x0000000086600000|  0%| F|  |TAMS 0x0000000086500000, 0x0000000086500000| Untracked 
| 102|0x0000000086600000, 0x0000000086600000, 0x0000000086700000|  0%| F|  |TAMS 0x0000000086600000, 0x0000000086600000| Untracked 
| 103|0x0000000086700000, 0x0000000086700000, 0x0000000086800000|  0%| F|  |TAMS 0x0000000086700000, 0x0000000086700000| Untracked 
| 104|0x0000000086800000, 0x0000000086800000, 0x0000000086900000|  0%| F|  |TAMS 0x0000000086800000, 0x0000000086800000| Untracked 
| 105|0x0000000086900000, 0x0000000086900000, 0x0000000086a00000|  0%| F|  |TAMS 0x0000000086900000, 0x0000000086900000| Untracked 
| 106|0x0000000086a00000, 0x0000000086a00000, 0x0000000086b00000|  0%| F|  |TAMS 0x0000000086a00000, 0x0000000086a00000| Untracked 
| 107|0x0000000086b00000, 0x0000000086b00000, 0x0000000086c00000|  0%| F|  |TAMS 0x0000000086b00000, 0x0000000086b00000| Untracked 
| 108|0x0000000086c00000, 0x0000000086c00000, 0x0000000086d00000|  0%| F|  |TAMS 0x0000000086c00000, 0x0000000086c00000| Untracked 
| 109|0x0000000086d00000, 0x0000000086d00000, 0x0000000086e00000|  0%| F|  |TAMS 0x0000000086d00000, 0x0000000086d00000| Untracked 
| 110|0x0000000086e00000, 0x0000000086e00000, 0x0000000086f00000|  0%| F|  |TAMS 0x0000000086e00000, 0x0000000086e00000| Untracked 
| 111|0x0000000086f00000, 0x0000000086f00000, 0x0000000087000000|  0%| F|  |TAMS 0x0000000086f00000, 0x0000000086f00000| Untracked 
| 112|0x0000000087000000, 0x0000000087000000, 0x0000000087100000|  0%| F|  |TAMS 0x0000000087000000, 0x0000000087000000| Untracked 
| 113|0x0000000087100000, 0x0000000087100000, 0x0000000087200000|  0%| F|  |TAMS 0x0000000087100000, 0x0000000087100000| Untracked 
| 114|0x0000000087200000, 0x0000000087200000, 0x0000000087300000|  0%| F|  |TAMS 0x0000000087200000, 0x0000000087200000| Untracked 
| 115|0x0000000087300000, 0x0000000087300000, 0x0000000087400000|  0%| F|  |TAMS 0x0000000087300000, 0x0000000087300000| Untracked 
| 116|0x0000000087400000, 0x0000000087400000, 0x0000000087500000|  0%| F|  |TAMS 0x0000000087400000, 0x0000000087400000| Untracked 
| 117|0x0000000087500000, 0x0000000087500000, 0x0000000087600000|  0%| F|  |TAMS 0x0000000087500000, 0x0000000087500000| Untracked 
| 118|0x0000000087600000, 0x0000000087600000, 0x0000000087700000|  0%| F|  |TAMS 0x0000000087600000, 0x0000000087600000| Untracked 
| 119|0x0000000087700000, 0x0000000087700000, 0x0000000087800000|  0%| F|  |TAMS 0x0000000087700000, 0x0000000087700000| Untracked 
| 120|0x0000000087800000, 0x0000000087800000, 0x0000000087900000|  0%| F|  |TAMS 0x0000000087800000, 0x0000000087800000| Untracked 
| 121|0x0000000087900000, 0x0000000087900000, 0x0000000087a00000|  0%| F|  |TAMS 0x0000000087900000, 0x0000000087900000| Untracked 
| 122|0x0000000087a00000, 0x0000000087a00000, 0x0000000087b00000|  0%| F|  |TAMS 0x0000000087a00000, 0x0000000087a00000| Untracked 
| 123|0x0000000087b00000, 0x0000000087b00000, 0x0000000087c00000|  0%| F|  |TAMS 0x0000000087b00000, 0x0000000087b00000| Untracked 
| 124|0x0000000087c00000, 0x0000000087c00000, 0x0000000087d00000|  0%| F|  |TAMS 0x0000000087c00000, 0x0000000087c00000| Untracked 
| 125|0x0000000087d00000, 0x0000000087d00000, 0x0000000087e00000|  0%| F|  |TAMS 0x0000000087d00000, 0x0000000087d00000| Untracked 
| 126|0x0000000087e00000, 0x0000000087e00000, 0x0000000087f00000|  0%| F|  |TAMS 0x0000000087e00000, 0x0000000087e00000| Untracked 
| 127|0x0000000087f00000, 0x0000000087f00000, 0x0000000088000000|  0%| F|  |TAMS 0x0000000087f00000, 0x0000000087f00000| Untracked 
| 128|0x0000000088000000, 0x0000000088000000, 0x0000000088100000|  0%| F|  |TAMS 0x0000000088000000, 0x0000000088000000| Untracked 
| 129|0x0000000088100000, 0x0000000088100000, 0x0000000088200000|  0%| F|  |TAMS 0x0000000088100000, 0x0000000088100000| Untracked 
| 130|0x0000000088200000, 0x0000000088200000, 0x0000000088300000|  0%| F|  |TAMS 0x0000000088200000, 0x0000000088200000| Untracked 
| 131|0x0000000088300000, 0x0000000088300000, 0x0000000088400000|  0%| F|  |TAMS 0x0000000088300000, 0x0000000088300000| Untracked 
| 132|0x0000000088400000, 0x0000000088400000, 0x0000000088500000|  0%| F|  |TAMS 0x0000000088400000, 0x0000000088400000| Untracked 
| 133|0x0000000088500000, 0x0000000088500000, 0x0000000088600000|  0%| F|  |TAMS 0x0000000088500000, 0x0000000088500000| Untracked 
| 134|0x0000000088600000, 0x0000000088600000, 0x0000000088700000|  0%| F|  |TAMS 0x0000000088600000, 0x0000000088600000| Untracked 
| 135|0x0000000088700000, 0x0000000088700000, 0x0000000088800000|  0%| F|  |TAMS 0x0000000088700000, 0x0000000088700000| Untracked 
| 136|0x0000000088800000, 0x0000000088800000, 0x0000000088900000|  0%| F|  |TAMS 0x0000000088800000, 0x0000000088800000| Untracked 
| 137|0x0000000088900000, 0x0000000088900000, 0x0000000088a00000|  0%| F|  |TAMS 0x0000000088900000, 0x0000000088900000| Untracked 
| 138|0x0000000088a00000, 0x0000000088a00000, 0x0000000088b00000|  0%| F|  |TAMS 0x0000000088a00000, 0x0000000088a00000| Untracked 
| 139|0x0000000088b00000, 0x0000000088b00000, 0x0000000088c00000|  0%| F|  |TAMS 0x0000000088b00000, 0x0000000088b00000| Untracked 
| 140|0x0000000088c00000, 0x0000000088c00000, 0x0000000088d00000|  0%| F|  |TAMS 0x0000000088c00000, 0x0000000088c00000| Untracked 
| 141|0x0000000088d00000, 0x0000000088d00000, 0x0000000088e00000|  0%| F|  |TAMS 0x0000000088d00000, 0x0000000088d00000| Untracked 
| 142|0x0000000088e00000, 0x0000000088e80800, 0x0000000088f00000| 50%| E|  |TAMS 0x0000000088e00000, 0x0000000088e00000| Complete 
| 143|0x0000000088f00000, 0x0000000089000000, 0x0000000089000000|100%| E|CS|TAMS 0x0000000088f00000, 0x0000000088f00000| Complete 
| 144|0x0000000089000000, 0x0000000089100000, 0x0000000089100000|100%| E|CS|TAMS 0x0000000089000000, 0x0000000089000000| Complete 
| 145|0x0000000089100000, 0x0000000089200000, 0x0000000089200000|100%| E|CS|TAMS 0x0000000089100000, 0x0000000089100000| Complete 
| 146|0x0000000089200000, 0x0000000089300000, 0x0000000089300000|100%| E|  |TAMS 0x0000000089200000, 0x0000000089200000| Complete 
| 147|0x0000000089300000, 0x0000000089400000, 0x0000000089400000|100%| E|CS|TAMS 0x0000000089300000, 0x0000000089300000| Complete 
| 148|0x0000000089400000, 0x0000000089500000, 0x0000000089500000|100%| E|CS|TAMS 0x0000000089400000, 0x0000000089400000| Complete 
| 149|0x0000000089500000, 0x0000000089600000, 0x0000000089600000|100%| E|CS|TAMS 0x0000000089500000, 0x0000000089500000| Complete 
| 150|0x0000000089600000, 0x0000000089700000, 0x0000000089700000|100%| E|CS|TAMS 0x0000000089600000, 0x0000000089600000| Complete 
| 151|0x0000000089700000, 0x0000000089800000, 0x0000000089800000|100%| E|CS|TAMS 0x0000000089700000, 0x0000000089700000| Complete 
| 152|0x0000000089800000, 0x0000000089900000, 0x0000000089900000|100%| E|CS|TAMS 0x0000000089800000, 0x0000000089800000| Complete 
| 153|0x0000000089900000, 0x0000000089a00000, 0x0000000089a00000|100%| E|CS|TAMS 0x0000000089900000, 0x0000000089900000| Complete 

Card table byte_map: [0x000001a85e920000,0x000001a85ed20000] _byte_map_base: 0x000001a85e520000

Marking Bits (Prev, Next): (CMBitMap*) 0x000001a84b523ae8, (CMBitMap*) 0x000001a84b523b20
 Prev Bits: [0x000001a85f120000, 0x000001a861120000)
 Next Bits: [0x000001a861120000, 0x000001a863120000)

Polling page: 0x000001a849430000

Metaspace:

Usage:
  Non-class:     42.99 MB capacity,    41.97 MB ( 98%) used,   912.58 KB (  2%) free+waste,   136.25 KB ( <1%) overhead. 
      Class:      6.70 MB capacity,     6.19 MB ( 92%) used,   461.29 KB (  7%) free+waste,    65.69 KB ( <1%) overhead. 
       Both:     49.69 MB capacity,    48.16 MB ( 97%) used,     1.34 MB (  3%) free+waste,   201.94 KB ( <1%) overhead. 

Virtual space:
  Non-class space:       44.00 MB reserved,      43.00 MB ( 98%) committed 
      Class space:        1.00 GB reserved,       6.75 MB ( <1%) committed 
             Both:        1.04 GB reserved,      49.75 MB (  5%) committed 

Chunk freelists:
   Non-Class:  8.00 KB
       Class:  17.00 KB
        Both:  25.00 KB

MaxMetaspaceSize: 17179869184.00 GB
CompressedClassSpaceSize: 1.00 GB

CodeHeap 'non-profiled nmethods': size=120000Kb used=2935Kb max_used=2935Kb free=117064Kb
 bounds [0x000001a856aa0000, 0x000001a856d80000, 0x000001a85dfd0000]
CodeHeap 'profiled nmethods': size=120000Kb used=10884Kb max_used=10884Kb free=109115Kb
 bounds [0x000001a84f570000, 0x000001a850020000, 0x000001a856aa0000]
CodeHeap 'non-nmethods': size=5760Kb used=2218Kb max_used=2266Kb free=3541Kb
 bounds [0x000001a84efd0000, 0x000001a84f240000, 0x000001a84f570000]
 total_blobs=6090 nmethods=5299 adapters=702
 compilation: enabled
              stopped_count=0, restarted_count=0
 full_count=0

Compilation events (20 events):
Event: 3.421 Thread 0x000001a865dcd000 nmethod 5286 0x000001a850002290 code [0x000001a8500027e0, 0x000001a850005d08]
Event: 3.421 Thread 0x000001a866ae4800 5288 % !   4       java.util.jar.Attributes::read @ 186 (390 bytes)
Event: 3.421 Thread 0x000001a865dcd000 5289       3       jdk.internal.loader.URLClassPath$3::run (5 bytes)
Event: 3.422 Thread 0x000001a865dcd000 nmethod 5289 0x000001a850007510 code [0x000001a8500076c0, 0x000001a850007808]
Event: 3.422 Thread 0x000001a865dcd000 5294   !   3       jdk.internal.loader.URLClassPath$JarLoader$1::run (175 bytes)
Event: 3.422 Thread 0x000001a865dcd000 nmethod 5294 0x000001a850007890 code [0x000001a850007b80, 0x000001a850008c78]
Event: 3.422 Thread 0x000001a865dcd000 5295       3       sun.net.util.IPAddressUtil::checkExternalForm (69 bytes)
Event: 3.423 Thread 0x000001a865dcd000 nmethod 5295 0x000001a850009390 code [0x000001a850009680, 0x000001a85000a4b8]
Event: 3.423 Thread 0x000001a865dcd000 5290       3       jdk.internal.loader.URLClassPath$3::run (172 bytes)
Event: 3.423 Thread 0x000001a865dcd000 nmethod 5290 0x000001a85000aa10 code [0x000001a85000ad40, 0x000001a85000be88]
Event: 3.423 Thread 0x000001a865dcd000 5291       3       jdk.internal.loader.URLClassPath$JarLoader::<init> (67 bytes)
Event: 3.424 Thread 0x000001a865dcd000 nmethod 5291 0x000001a85000c510 code [0x000001a85000c7e0, 0x000001a85000d5b8]
Event: 3.424 Thread 0x000001a865dcd000 5292       3       jdk.internal.loader.URLClassPath$Loader::<init> (10 bytes)
Event: 3.424 Thread 0x000001a865dcd000 nmethod 5292 0x000001a85000da90 code [0x000001a85000dc40, 0x000001a85000ddf8]
Event: 3.424 Thread 0x000001a865dcd000 5293       3       jdk.internal.loader.URLClassPath$JarLoader$1::run (5 bytes)
Event: 3.424 Thread 0x000001a865dcd000 nmethod 5293 0x000001a85000de90 code [0x000001a85000e040, 0x000001a85000e188]
Event: 3.425 Thread 0x000001a865dcd000 5296       3       java.util.jar.JarFile::runtimeVersion (4 bytes)
Event: 3.425 Thread 0x000001a865dcd000 nmethod 5296 0x000001a85000e210 code [0x000001a85000e3c0, 0x000001a85000e4b8]
Event: 3.425 Thread 0x000001a865dcd000 5297   !   3       jdk.internal.loader.URLClassPath$JarLoader::checkJar (51 bytes)
Event: 3.425 Thread 0x000001a865dcd000 nmethod 5297 0x000001a85000e510 code [0x000001a85000e700, 0x000001a85000eb28]

GC Heap History (20 events):
Event: 0.422 GC heap before
{Heap before GC invocations=0 (full 0):
 garbage-first heap   total 131072K, used 29696K [0x0000000080000000, 0x0000000100000000)
  region size 1024K, 24 young (24576K), 0 survivors (0K)
 Metaspace       used 10187K, capacity 10363K, committed 10624K, reserved 1058816K
  class space    used 1065K, capacity 1141K, committed 1152K, reserved 1048576K
}
Event: 0.425 GC heap after
{Heap after GC invocations=1 (full 0):
 garbage-first heap   total 131072K, used 9185K [0x0000000080000000, 0x0000000100000000)
  region size 1024K, 3 young (3072K), 3 survivors (3072K)
 Metaspace       used 10187K, capacity 10363K, committed 10624K, reserved 1058816K
  class space    used 1065K, capacity 1141K, committed 1152K, reserved 1048576K
}
Event: 1.221 GC heap before
{Heap before GC invocations=1 (full 0):
 garbage-first heap   total 131072K, used 83937K [0x0000000080000000, 0x0000000100000000)
  region size 1024K, 76 young (77824K), 3 survivors (3072K)
 Metaspace       used 17811K, capacity 18288K, committed 18432K, reserved 1064960K
  class space    used 2114K, capacity 2251K, committed 2304K, reserved 1048576K
}
Event: 1.225 GC heap after
{Heap after GC invocations=2 (full 0):
 garbage-first heap   total 131072K, used 15810K [0x0000000080000000, 0x0000000100000000)
  region size 1024K, 10 young (10240K), 10 survivors (10240K)
 Metaspace       used 17811K, capacity 18288K, committed 18432K, reserved 1064960K
  class space    used 2114K, capacity 2251K, committed 2304K, reserved 1048576K
}
Event: 1.351 GC heap before
{Heap before GC invocations=2 (full 0):
 garbage-first heap   total 131072K, used 37314K [0x0000000080000000, 0x0000000100000000)
  region size 1024K, 32 young (32768K), 10 survivors (10240K)
 Metaspace       used 20574K, capacity 21123K, committed 21248K, reserved 1067008K
  class space    used 2514K, capacity 2733K, committed 2816K, reserved 1048576K
}
Event: 1.355 GC heap after
{Heap after GC invocations=3 (full 0):
 garbage-first heap   total 131072K, used 16671K [0x0000000080000000, 0x0000000100000000)
  region size 1024K, 1 young (1024K), 1 survivors (1024K)
 Metaspace       used 20574K, capacity 21123K, committed 21248K, reserved 1067008K
  class space    used 2514K, capacity 2733K, committed 2816K, reserved 1048576K
}
Event: 1.718 GC heap before
{Heap before GC invocations=4 (full 0):
 garbage-first heap   total 131072K, used 87327K [0x0000000080000000, 0x0000000100000000)
  region size 1024K, 60 young (61440K), 1 survivors (1024K)
 Metaspace       used 26325K, capacity 27079K, committed 27392K, reserved 1073152K
  class space    used 3462K, capacity 3741K, committed 3840K, reserved 1048576K
}
Event: 1.722 GC heap after
{Heap after GC invocations=5 (full 0):
 garbage-first heap   total 131072K, used 31863K [0x0000000080000000, 0x0000000100000000)
  region size 1024K, 6 young (6144K), 6 survivors (6144K)
 Metaspace       used 26325K, capacity 27079K, committed 27392K, reserved 1073152K
  class space    used 3462K, capacity 3741K, committed 3840K, reserved 1048576K
}
Event: 2.127 GC heap before
{Heap before GC invocations=5 (full 0):
 garbage-first heap   total 131072K, used 88183K [0x0000000080000000, 0x0000000100000000)
  region size 1024K, 61 young (62464K), 6 survivors (6144K)
 Metaspace       used 33622K, capacity 34562K, committed 34816K, reserved 1079296K
  class space    used 4422K, capacity 4767K, committed 4864K, reserved 1048576K
}
Event: 2.131 GC heap after
{Heap after GC invocations=6 (full 0):
 garbage-first heap   total 131072K, used 34637K [0x0000000080000000, 0x0000000100000000)
  region size 1024K, 3 young (3072K), 3 survivors (3072K)
 Metaspace       used 33622K, capacity 34562K, committed 34816K, reserved 1079296K
  class space    used 4422K, capacity 4767K, committed 4864K, reserved 1048576K
}
Event: 2.146 GC heap before
{Heap before GC invocations=6 (full 0):
 garbage-first heap   total 131072K, used 34637K [0x0000000080000000, 0x0000000100000000)
  region size 1024K, 4 young (4096K), 3 survivors (3072K)
 Metaspace       used 34663K, capacity 35619K, committed 35840K, reserved 1081344K
  class space    used 4532K, capacity 4863K, committed 4864K, reserved 1048576K
}
Event: 2.150 GC heap after
{Heap after GC invocations=7 (full 0):
 garbage-first heap   total 131072K, used 34761K [0x0000000080000000, 0x0000000100000000)
  region size 1024K, 3 young (3072K), 3 survivors (3072K)
 Metaspace       used 34663K, capacity 35619K, committed 35840K, reserved 1081344K
  class space    used 4532K, capacity 4863K, committed 4864K, reserved 1048576K
}
Event: 2.427 GC heap before
{Heap before GC invocations=8 (full 0):
 garbage-first heap   total 131072K, used 80841K [0x0000000080000000, 0x0000000100000000)
  region size 1024K, 46 young (47104K), 3 survivors (3072K)
 Metaspace       used 38926K, capacity 39944K, committed 40192K, reserved 1083392K
  class space    used 4976K, capacity 5363K, committed 5376K, reserved 1048576K
}
Event: 2.432 GC heap after
{Heap after GC invocations=9 (full 0):
 garbage-first heap   total 157696K, used 38355K [0x0000000080000000, 0x0000000100000000)
  region size 1024K, 6 young (6144K), 6 survivors (6144K)
 Metaspace       used 38926K, capacity 39944K, committed 40192K, reserved 1083392K
  class space    used 4976K, capacity 5363K, committed 5376K, reserved 1048576K
}
Event: 2.789 GC heap before
{Heap before GC invocations=9 (full 0):
 garbage-first heap   total 157696K, used 102867K [0x0000000080000000, 0x0000000100000000)
  region size 1024K, 60 young (61440K), 6 survivors (6144K)
 Metaspace       used 43495K, capacity 44789K, committed 44928K, reserved 1087488K
  class space    used 5483K, capacity 5907K, committed 6016K, reserved 1048576K
}
Event: 2.794 GC heap after
{Heap after GC invocations=10 (full 0):
 garbage-first heap   total 157696K, used 51319K [0x0000000080000000, 0x0000000100000000)
  region size 1024K, 8 young (8192K), 8 survivors (8192K)
 Metaspace       used 43495K, capacity 44789K, committed 44928K, reserved 1087488K
  class space    used 5483K, capacity 5907K, committed 6016K, reserved 1048576K
}
Event: 3.069 GC heap before
{Heap before GC invocations=10 (full 0):
 garbage-first heap   total 157696K, used 103543K [0x0000000080000000, 0x0000000100000000)
  region size 1024K, 59 young (60416K), 8 survivors (8192K)
 Metaspace       used 46285K, capacity 47578K, committed 47616K, reserved 1091584K
  class space    used 5916K, capacity 6368K, committed 6400K, reserved 1048576K
}
Event: 3.073 GC heap after
{Heap after GC invocations=11 (full 0):
 garbage-first heap   total 157696K, used 55376K [0x0000000080000000, 0x0000000100000000)
  region size 1024K, 5 young (5120K), 5 survivors (5120K)
 Metaspace       used 46285K, capacity 47578K, committed 47616K, reserved 1091584K
  class space    used 5916K, capacity 6368K, committed 6400K, reserved 1048576K
}
Event: 3.384 GC heap before
{Heap before GC invocations=11 (full 0):
 garbage-first heap   total 157696K, used 107600K [0x0000000080000000, 0x0000000100000000)
  region size 1024K, 57 young (58368K), 5 survivors (5120K)
 Metaspace       used 49111K, capacity 50635K, committed 50944K, reserved 1093632K
  class space    used 6307K, capacity 6825K, committed 6912K, reserved 1048576K
}
Event: 3.387 GC heap after
{Heap after GC invocations=12 (full 0):
 garbage-first heap   total 157696K, used 57301K [0x0000000080000000, 0x0000000100000000)
  region size 1024K, 6 young (6144K), 6 survivors (6144K)
 Metaspace       used 49111K, capacity 50635K, committed 50944K, reserved 1093632K
  class space    used 6307K, capacity 6825K, committed 6912K, reserved 1048576K
}

Deoptimization events (20 events):
Event: 3.339 Thread 0x000001a868a1a000 DEOPT PACKING pc=0x000001a856cb57a4 sp=0x00000020fd5f97b0
Event: 3.339 Thread 0x000001a868a1a000 DEOPT UNPACKING pc=0x000001a84eff78af sp=0x00000020fd5f9740 mode 2
Event: 3.340 Thread 0x000001a868a1a000 Uncommon trap: trap_request=0xffffffbe fr.pc=0x000001a856cccd34 relative=0x0000000000000534
Event: 3.340 Thread 0x000001a868a1a000 Uncommon trap: reason=profile_predicate action=maybe_recompile pc=0x000001a856cccd34 method=java.util.stream.ReferencePipeline.forEachWithCancel(Ljava/util/Spliterator;Ljava/util/stream/Sink;)Z @ 8 c2
Event: 3.340 Thread 0x000001a868a1a000 DEOPT PACKING pc=0x000001a856cccd34 sp=0x00000020fd5f89e0
Event: 3.340 Thread 0x000001a868a1a000 DEOPT UNPACKING pc=0x000001a84eff78af sp=0x00000020fd5f8980 mode 2
Event: 3.361 Thread 0x000001a8686ac000 DEOPT PACKING pc=0x000001a84f89587a sp=0x00000020fe1fe290
Event: 3.361 Thread 0x000001a8686ac000 DEOPT UNPACKING pc=0x000001a84eff76ce sp=0x00000020fe1fd6c8 mode 0
Event: 3.388 Thread 0x000001a8686ac000 DEOPT PACKING pc=0x000001a84ffaff8b sp=0x00000020fe1fe260
Event: 3.388 Thread 0x000001a8686ac000 DEOPT UNPACKING pc=0x000001a84eff76ce sp=0x00000020fe1fd6e8 mode 0
Event: 3.390 Thread 0x000001a868a1a000 DEOPT PACKING pc=0x000001a84f606334 sp=0x00000020fd5f9ea0
Event: 3.390 Thread 0x000001a868a1a000 DEOPT UNPACKING pc=0x000001a84eff76ce sp=0x00000020fd5f93f0 mode 0
Event: 3.392 Thread 0x000001a868a1a000 DEOPT PACKING pc=0x000001a84f606334 sp=0x00000020fd5f9ea0
Event: 3.392 Thread 0x000001a868a1a000 DEOPT UNPACKING pc=0x000001a84eff76ce sp=0x00000020fd5f93f0 mode 0
Event: 3.416 Thread 0x000001a868a1a000 Uncommon trap: trap_request=0xffffff4d fr.pc=0x000001a856b05d8c relative=0x000000000000138c
Event: 3.416 Thread 0x000001a868a1a000 Uncommon trap: reason=unstable_if action=reinterpret pc=0x000001a856b05d8c method=java.util.jar.JarFile.checkForSpecialAttributes()V @ 53 c2
Event: 3.416 Thread 0x000001a868a1a000 DEOPT PACKING pc=0x000001a856b05d8c sp=0x00000020fd5f0b60
Event: 3.416 Thread 0x000001a868a1a000 DEOPT UNPACKING pc=0x000001a84eff78af sp=0x00000020fd5f0b20 mode 2
Event: 3.431 Thread 0x000001a868a1a000 DEOPT PACKING pc=0x000001a84fb8a74c sp=0x00000020fd5f0220
Event: 3.431 Thread 0x000001a868a1a000 DEOPT UNPACKING pc=0x000001a84eff76ce sp=0x00000020fd5ef7c0 mode 0

Classes redefined (0 events):
No events

Internal exceptions (20 events):
Event: 3.417 Thread 0x000001a868a1a000 Exception <a 'java/security/PrivilegedActionException'{0x0000000089502a48}> (0x0000000089502a48) thrown at [./src/hotspot/share/prims/jvm.cpp, line 1306]
Event: 3.417 Thread 0x000001a868a1a000 Exception <a 'java/security/PrivilegedActionException'{0x0000000089503d08}> (0x0000000089503d08) thrown at [./src/hotspot/share/prims/jvm.cpp, line 1306]
Event: 3.417 Thread 0x000001a868a1a000 Exception <a 'java/security/PrivilegedActionException'{0x0000000089506c00}> (0x0000000089506c00) thrown at [./src/hotspot/share/prims/jvm.cpp, line 1306]
Event: 3.417 Thread 0x000001a868a1a000 Exception <a 'java/security/PrivilegedActionException'{0x0000000089507ec0}> (0x0000000089507ec0) thrown at [./src/hotspot/share/prims/jvm.cpp, line 1306]
Event: 3.417 Thread 0x000001a868a1a000 Exception <a 'java/security/PrivilegedActionException'{0x000000008950add0}> (0x000000008950add0) thrown at [./src/hotspot/share/prims/jvm.cpp, line 1306]
Event: 3.417 Thread 0x000001a868a1a000 Exception <a 'java/security/PrivilegedActionException'{0x000000008950c090}> (0x000000008950c090) thrown at [./src/hotspot/share/prims/jvm.cpp, line 1306]
Event: 3.417 Thread 0x000001a868a1a000 Exception <a 'java/security/PrivilegedActionException'{0x000000008950ef30}> (0x000000008950ef30) thrown at [./src/hotspot/share/prims/jvm.cpp, line 1306]
Event: 3.417 Thread 0x000001a868a1a000 Exception <a 'java/security/PrivilegedActionException'{0x00000000895101f0}> (0x00000000895101f0) thrown at [./src/hotspot/share/prims/jvm.cpp, line 1306]
Event: 3.422 Thread 0x000001a868a1a000 Exception <a 'java/security/PrivilegedActionException'{0x00000000895d3e28}> (0x00000000895d3e28) thrown at [./src/hotspot/share/prims/jvm.cpp, line 1306]
Event: 3.422 Thread 0x000001a868a1a000 Exception <a 'java/security/PrivilegedActionException'{0x00000000895d50e8}> (0x00000000895d50e8) thrown at [./src/hotspot/share/prims/jvm.cpp, line 1306]
Event: 3.422 Thread 0x000001a868a1a000 Exception <a 'java/security/PrivilegedActionException'{0x00000000895d7f88}> (0x00000000895d7f88) thrown at [./src/hotspot/share/prims/jvm.cpp, line 1306]
Event: 3.422 Thread 0x000001a868a1a000 Exception <a 'java/security/PrivilegedActionException'{0x00000000895d9248}> (0x00000000895d9248) thrown at [./src/hotspot/share/prims/jvm.cpp, line 1306]
Event: 3.422 Thread 0x000001a868a1a000 Exception <a 'java/security/PrivilegedActionException'{0x00000000895dc1a0}> (0x00000000895dc1a0) thrown at [./src/hotspot/share/prims/jvm.cpp, line 1306]
Event: 3.422 Thread 0x000001a868a1a000 Exception <a 'java/security/PrivilegedActionException'{0x00000000895dd460}> (0x00000000895dd460) thrown at [./src/hotspot/share/prims/jvm.cpp, line 1306]
Event: 3.422 Thread 0x000001a868a1a000 Exception <a 'java/security/PrivilegedActionException'{0x00000000895e0308}> (0x00000000895e0308) thrown at [./src/hotspot/share/prims/jvm.cpp, line 1306]
Event: 3.422 Thread 0x000001a868a1a000 Exception <a 'java/security/PrivilegedActionException'{0x00000000895e15c8}> (0x00000000895e15c8) thrown at [./src/hotspot/share/prims/jvm.cpp, line 1306]
Event: 3.422 Thread 0x000001a868a1a000 Exception <a 'java/security/PrivilegedActionException'{0x00000000895e44c0}> (0x00000000895e44c0) thrown at [./src/hotspot/share/prims/jvm.cpp, line 1306]
Event: 3.422 Thread 0x000001a868a1a000 Exception <a 'java/security/PrivilegedActionException'{0x00000000895e5780}> (0x00000000895e5780) thrown at [./src/hotspot/share/prims/jvm.cpp, line 1306]
Event: 3.422 Thread 0x000001a868a1a000 Exception <a 'java/security/PrivilegedActionException'{0x00000000895e86d8}> (0x00000000895e86d8) thrown at [./src/hotspot/share/prims/jvm.cpp, line 1306]
Event: 3.422 Thread 0x000001a868a1a000 Exception <a 'java/security/PrivilegedActionException'{0x00000000895e9998}> (0x00000000895e9998) thrown at [./src/hotspot/share/prims/jvm.cpp, line 1306]

Events (20 events):
Event: 3.408 loading class org/gradle/api/internal/tasks/DefaultTaskOutputs$TaskOutputUnionFileCollection
Event: 3.408 loading class org/gradle/api/internal/tasks/DefaultTaskOutputs$TaskOutputUnionFileCollection done
Event: 3.408 loading class org/gradle/api/internal/tasks/DefaultTaskDestroyables
Event: 3.408 loading class org/gradle/api/internal/tasks/DefaultTaskDestroyables done
Event: 3.408 loading class org/gradle/api/internal/tasks/TaskDestroyablesInternal
Event: 3.408 loading class org/gradle/api/internal/tasks/TaskDestroyablesInternal done
Event: 3.409 loading class org/gradle/api/internal/tasks/DefaultTaskLocalState
Event: 3.409 loading class org/gradle/api/internal/tasks/DefaultTaskLocalState done
Event: 3.409 loading class org/gradle/api/internal/project/taskfactory/DefaultTaskClassInfoStore$StandardTaskActionFactory
Event: 3.409 loading class org/gradle/api/internal/project/taskfactory/DefaultTaskClassInfoStore$StandardTaskActionFactory done
Event: 3.409 loading class org/gradle/api/internal/project/taskfactory/StandardTaskAction
Event: 3.409 loading class org/gradle/api/internal/project/taskfactory/StandardTaskAction done
Event: 3.409 loading class groovy/runtime/metaclass/org/gradle/api/tasks/Delete_DecoratedMetaClass
Event: 3.409 loading class groovy/runtime/metaclass/org/gradle/api/tasks/Delete_DecoratedMetaClass done
Event: 3.411 loading class org/gradle/api/tasks/Delete_DecoratedBeanInfo
Event: 3.411 loading class org/gradle/api/tasks/Delete_DecoratedBeanInfo done
Event: 3.411 loading class org/gradle/api/tasks/Delete_DecoratedBeanInfo
Event: 3.411 loading class org/gradle/api/tasks/Delete_DecoratedBeanInfo done
Event: 3.411 loading class org/gradle/api/tasks/Delete_DecoratedBeanInfo
Event: 3.411 loading class org/gradle/api/tasks/Delete_DecoratedBeanInfo done


Dynamic libraries:
0x00007ff78b620000 - 0x00007ff78b62a000 	C:\Program Files\Android\Android Studio\jre\bin\java.exe
0x00007ff99e340000 - 0x00007ff99e547000 	C:\Windows\SYSTEM32\ntdll.dll
0x00007ff99dbf0000 - 0x00007ff99dcad000 	C:\Windows\System32\KERNEL32.DLL
0x00007ff99bba0000 - 0x00007ff99bf14000 	C:\Windows\System32\KERNELBASE.dll
0x00007ff99b9e0000 - 0x00007ff99baf1000 	C:\Windows\System32\ucrtbase.dll
0x00007ff9942a0000 - 0x00007ff9942b9000 	C:\Program Files\Android\Android Studio\jre\bin\jli.dll
0x00007ff98bcb0000 - 0x00007ff98bcc7000 	C:\Program Files\Android\Android Studio\jre\bin\VCRUNTIME140.dll
0x00007ff99ca60000 - 0x00007ff99cc0c000 	C:\Windows\System32\USER32.dll
0x00007ff98c7e0000 - 0x00007ff98ca85000 	C:\Windows\WinSxS\amd64_microsoft.windows.common-controls_6595b64144ccf1df_6.0.22000.120_none_9d947278b86cc467\COMCTL32.dll
0x00007ff99b9b0000 - 0x00007ff99b9d6000 	C:\Windows\System32\win32u.dll
0x00007ff99c1d0000 - 0x00007ff99c273000 	C:\Windows\System32\msvcrt.dll
0x00007ff99dcb0000 - 0x00007ff99dcd9000 	C:\Windows\System32\GDI32.dll
0x00007ff99b890000 - 0x00007ff99b9a2000 	C:\Windows\System32\gdi32full.dll
0x00007ff99bb00000 - 0x00007ff99bb9d000 	C:\Windows\System32\msvcp_win.dll
0x00007ff99c880000 - 0x00007ff99c8b1000 	C:\Windows\System32\IMM32.DLL
0x00007ff971a00000 - 0x00007ff971a9d000 	C:\Program Files\Android\Android Studio\jre\bin\msvcp140.dll
0x00007ff967790000 - 0x00007ff96825f000 	C:\Program Files\Android\Android Studio\jre\bin\server\jvm.dll
0x00007ff99d910000 - 0x00007ff99d9bc000 	C:\Windows\System32\ADVAPI32.dll
0x00007ff99c660000 - 0x00007ff99c6fd000 	C:\Windows\System32\sechost.dll
0x00007ff99c920000 - 0x00007ff99ca41000 	C:\Windows\System32\RPCRT4.dll
0x00007ff99e130000 - 0x00007ff99e138000 	C:\Windows\System32\PSAPI.DLL
0x00007ff998b50000 - 0x00007ff998b59000 	C:\Windows\SYSTEM32\WSOCK32.dll
0x00007ff996060000 - 0x00007ff996093000 	C:\Windows\SYSTEM32\WINMM.dll
0x00007ff9950f0000 - 0x00007ff9950fa000 	C:\Windows\SYSTEM32\VERSION.dll
0x00007ff99da20000 - 0x00007ff99da8f000 	C:\Windows\System32\WS2_32.dll
0x00007ff99a940000 - 0x00007ff99a958000 	C:\Windows\SYSTEM32\kernel.appcore.dll
0x00007ff998b30000 - 0x00007ff998b41000 	C:\Program Files\Android\Android Studio\jre\bin\verify.dll
0x00007ff98eb40000 - 0x00007ff98ed61000 	C:\Windows\SYSTEM32\DBGHELP.DLL
0x00007ff988ea0000 - 0x00007ff988ed1000 	C:\Windows\SYSTEM32\dbgcore.DLL
0x00007ff99bf20000 - 0x00007ff99bf9f000 	C:\Windows\System32\bcryptPrimitives.dll
0x00007ff992a10000 - 0x00007ff992a39000 	C:\Program Files\Android\Android Studio\jre\bin\java.dll
0x00007ff997a50000 - 0x00007ff997a5b000 	C:\Program Files\Android\Android Studio\jre\bin\jimage.dll
0x00007ff9976d0000 - 0x00007ff9976e8000 	C:\Program Files\Android\Android Studio\jre\bin\zip.dll
0x00007ff99cc10000 - 0x00007ff99d3be000 	C:\Windows\System32\SHELL32.dll
0x00007ff9999c0000 - 0x00007ff99a227000 	C:\Windows\SYSTEM32\windows.storage.dll
0x00007ff99ddb0000 - 0x00007ff99e128000 	C:\Windows\System32\combase.dll
0x00007ff999850000 - 0x00007ff9999b6000 	C:\Windows\SYSTEM32\wintypes.dll
0x00007ff99c790000 - 0x00007ff99c87a000 	C:\Windows\System32\SHCORE.dll
0x00007ff99c8c0000 - 0x00007ff99c91d000 	C:\Windows\System32\shlwapi.dll
0x00007ff99b750000 - 0x00007ff99b771000 	C:\Windows\SYSTEM32\profapi.dll
0x00007ff993d10000 - 0x00007ff993d2a000 	C:\Program Files\Android\Android Studio\jre\bin\net.dll
0x00007ff996160000 - 0x00007ff99626c000 	C:\Windows\SYSTEM32\WINHTTP.dll
0x00007ff99ad50000 - 0x00007ff99adb7000 	C:\Windows\system32\mswsock.dll
0x00007ff9929f0000 - 0x00007ff992a04000 	C:\Program Files\Android\Android Studio\jre\bin\nio.dll
0x00007ff98c630000 - 0x00007ff98c657000 	C:\Users\NeHaL\.gradle\native\8bec1ad78214c89d9ad589b4d07fe93259594b29d510b10fafb7a158f7737e5d\windows-amd64\native-platform.dll
0x00007ff96cb70000 - 0x00007ff96ccad000 	C:\Users\NeHaL\.gradle\native\53dbd7edfb1c66fb8903c78663c9afc45aea4f116125fa6feffd364cf09443e8\windows-amd64\native-platform-file-events.dll
0x00007ff994f40000 - 0x00007ff994f4a000 	C:\Program Files\Android\Android Studio\jre\bin\management.dll
0x00007ff993ce0000 - 0x00007ff993cec000 	C:\Program Files\Android\Android Studio\jre\bin\management_ext.dll
0x00007ff99af90000 - 0x00007ff99afa8000 	C:\Windows\SYSTEM32\CRYPTSP.dll
0x00007ff99a8a0000 - 0x00007ff99a8d5000 	C:\Windows\system32\rsaenh.dll
0x00007ff99ae40000 - 0x00007ff99ae69000 	C:\Windows\SYSTEM32\USERENV.dll
0x00007ff99b110000 - 0x00007ff99b137000 	C:\Windows\SYSTEM32\bcrypt.dll
0x00007ff99afb0000 - 0x00007ff99afbc000 	C:\Windows\SYSTEM32\CRYPTBASE.dll
0x00007ff99a480000 - 0x00007ff99a4ad000 	C:\Windows\SYSTEM32\IPHLPAPI.DLL
0x00007ff99db70000 - 0x00007ff99db79000 	C:\Windows\System32\NSI.dll
0x00007ff995a40000 - 0x00007ff995a59000 	C:\Windows\SYSTEM32\dhcpcsvc6.DLL
0x00007ff996d30000 - 0x00007ff996d4e000 	C:\Windows\SYSTEM32\dhcpcsvc.DLL
0x00007ff99a4b0000 - 0x00007ff99a597000 	C:\Windows\SYSTEM32\DNSAPI.dll

dbghelp: loaded successfully - version: 4.0.5 - missing functions: none
symbol engine: initialized successfully - sym options: 0x614 - pdb path: .;C:\Program Files\Android\Android Studio\jre\bin;C:\Windows\SYSTEM32;C:\Windows\WinSxS\amd64_microsoft.windows.common-controls_6595b64144ccf1df_6.0.22000.120_none_9d947278b86cc467;C:\Program Files\Android\Android Studio\jre\bin\server;C:\Users\NeHaL\.gradle\native\8bec1ad78214c89d9ad589b4d07fe93259594b29d510b10fafb7a158f7737e5d\windows-amd64;C:\Users\NeHaL\.gradle\native\53dbd7edfb1c66fb8903c78663c9afc45aea4f116125fa6feffd364cf09443e8\windows-amd64

VM Arguments:
jvm_args: --add-opens=java.base/java.util=ALL-UNNAMED --add-opens=java.base/java.lang=ALL-UNNAMED --add-opens=java.base/java.lang.invoke=ALL-UNNAMED --add-opens=java.base/java.util=ALL-UNNAMED --add-opens=java.prefs/java.util.prefs=ALL-UNNAMED --add-opens=java.prefs/java.util.prefs=ALL-UNNAMED --add-opens=java.base/java.nio.charset=ALL-UNNAMED --add-opens=java.base/java.net=ALL-UNNAMED --add-opens=java.base/java.util.concurrent.atomic=ALL-UNNAMED -Xmx2048m -Dfile.encoding=UTF-8 -Duser.country=IN -Duser.language=en -Duser.variant 
java_command: org.gradle.launcher.daemon.bootstrap.GradleDaemon 7.0.2
java_class_path (initial): C:\Users\NeHaL\.gradle\wrapper\dists\gradle-7.0.2-bin\857tjihv64xamwrf0h14cai3r\gradle-7.0.2\lib\gradle-launcher-7.0.2.jar
Launcher Type: SUN_STANDARD

[Global flags]
     intx CICompilerCount                          = 4                                         {product} {ergonomic}
     uint ConcGCThreads                            = 3                                         {product} {ergonomic}
     uint G1ConcRefinementThreads                  = 10                                        {product} {ergonomic}
   size_t G1HeapRegionSize                         = 1048576                                   {product} {ergonomic}
    uintx GCDrainStackTargetSize                   = 64                                        {product} {ergonomic}
   size_t InitialHeapSize                          = 134217728                                 {product} {ergonomic}
   size_t MarkStackSize                            = 4194304                                   {product} {ergonomic}
   size_t MaxHeapSize                              = 2147483648                                {product} {command line}
   size_t MaxNewSize                               = 1287651328                                {product} {ergonomic}
   size_t MinHeapDeltaBytes                        = 1048576                                   {product} {ergonomic}
    uintx NonNMethodCodeHeapSize                   = 5836300                                {pd product} {ergonomic}
    uintx NonProfiledCodeHeapSize                  = 122910970                              {pd product} {ergonomic}
    uintx ProfiledCodeHeapSize                     = 122910970                              {pd product} {ergonomic}
    uintx ReservedCodeCacheSize                    = 251658240                              {pd product} {ergonomic}
     bool SegmentedCodeCache                       = true                                      {product} {ergonomic}
     bool UseCompressedClassPointers               = true                                 {lp64_product} {ergonomic}
     bool UseCompressedOops                        = true                                 {lp64_product} {ergonomic}
     bool UseG1GC                                  = true                                      {product} {ergonomic}
     bool UseLargePagesIndividualAllocation        = false                                  {pd product} {ergonomic}

Logging:
Log output configuration:
 #0: stdout all=warning uptime,level,tags
 #1: stderr all=off uptime,level,tags

Environment Variables:
PATH=C:\Program Files (x86)\Common Files\Intel\Shared Libraries\redist\intel64\compiler;C:\Program Files\Common Files\Oracle\Java\javapath;C:\Windows\system32;C:\Windows;C:\Windows\System32\Wbem;C:\Windows\System32\WindowsPowerShell\v1.0\;C:\Windows\System32\OpenSSH\;C:\Program Files\NVIDIA Corporation\NVIDIA NvDLISR;C:\Program Files (x86)\NVIDIA Corporation\PhysX\Common;C:\Program Files\nodejs\;C:\ProgramData\chocolatey\bin;C:\Program Files\Git\cmd;C:\Program Files\Cloudflare\Cloudflare WARP;C:\Users\NeHaL\AppData\Local\Microsoft\WindowsApps;C:\Program Files\JetBrains\IntelliJ IDEA Community Edition 2021.2.2\bin;;C:\Program Files\JetBrains\PyCharm Community Edition 2021.2.2\bin;;C:\Users\NeHaL\AppData\Local\Programs\Microsoft VS Code\bin;C:\Users\NeHaL\AppData\Roaming\npm;C:\Program Files\MongoDB\Server\5.0\bin;
USERNAME=NeHaL
OS=Windows_NT
PROCESSOR_IDENTIFIER=AMD64 Family 23 Model 113 Stepping 0, AuthenticAMD



---------------  S Y S T E M  ---------------

OS: Windows 10 , 64 bit Build 22000 (10.0.22000.318)
OS uptime: 0 days 0:48 hours

CPU:total 12 (initial active 12) (12 cores per cpu, 2 threads per core) family 23 model 113 stepping 0 microcode 0x0, cmov, cx8, fxsr, mmx, sse, sse2, sse3, ssse3, sse4.1, sse4.2, popcnt, avx, avx2, aes, clmul, mmxext, 3dnowpref, lzcnt, sse4a, ht, tsc, tscinvbit, tscinv, bmi1, bmi2, adx,

Memory: 4k page, system-wide physical 8144M (1802M free)
TotalPageFile size 8144M (AvailPageFile size 7M)
current process WorkingSet (physical memory assigned to process): 345M, peak: 347M
current process commit charge ("private bytes"): 388M, peak: 390M

vm_info: OpenJDK 64-Bit Server VM (11.0.10+0-b96-7249189) for windows-amd64 JRE (11.0.10+0-b96-7249189), built on Mar 31 2021 21:44:00 by "builder" with MS VC++ 14.0 (VS2015)

END.
