#
# There is insufficient memory for the Java Runtime Environment to continue.
# Native memory allocation (malloc) failed to allocate 1192976 bytes for Chunk::new
# Possible reasons:
#   The system is out of physical RAM or swap space
#   The process is running with CompressedOops enabled, and the Java Heap may be blocking the growth of the native heap
# Possible solutions:
#   Reduce memory load on the system
#   Increase physical memory or swap space
#   Check if swap backing store is full
#   Decrease Java heap size (-Xmx/-Xms)
#   Decrease number of Java threads
#   Decrease Java thread stack sizes (-Xss)
#   Set larger code cache with -XX:ReservedCodeCacheSize=
#   JVM is running with Unscaled Compressed Oops mode in which the Java heap is
#     placed in the first 4GB address space. The Java Heap base address is the
#     maximum limit for the native heap growth. Please use -XX:HeapBaseMinAddress
#     to set the Java Heap base and to place the Java Heap above 4GB virtual address.
# This output file may be truncated or incomplete.
#
#  Out of Memory Error (./src/hotspot/share/memory/arena.cpp:197), pid=15092, tid=9100
#
# JRE version: OpenJDK Runtime Environment (11.0.10) (build 11.0.10+0-b96-7249189)
# Java VM: OpenJDK 64-Bit Server VM (11.0.10+0-b96-7249189, mixed mode, tiered, compressed oops, g1 gc, windows-amd64)
# No core dump will be written. Minidumps are not enabled by default on client versions of Windows
#

---------------  S U M M A R Y ------------

Command Line: --add-opens=java.base/java.util=ALL-UNNAMED --add-opens=java.base/java.lang=ALL-UNNAMED --add-opens=java.base/java.lang.invoke=ALL-UNNAMED --add-opens=java.base/java.util=ALL-UNNAMED --add-opens=java.prefs/java.util.prefs=ALL-UNNAMED --add-opens=java.prefs/java.util.prefs=ALL-UNNAMED --add-opens=java.base/java.nio.charset=ALL-UNNAMED --add-opens=java.base/java.net=ALL-UNNAMED --add-opens=java.base/java.util.concurrent.atomic=ALL-UNNAMED -Xmx2048m -Dfile.encoding=UTF-8 -Duser.country=IN -Duser.language=en -Duser.variant org.gradle.launcher.daemon.bootstrap.GradleDaemon 7.0.2

Host: AMD Ryzen 5 3600 6-Core Processor              , 12 cores, 7G,  Windows 10 , 64 bit Build 22000 (10.0.22000.318)
Time: Mon Dec 27 23:34:02 2021 India Standard Time elapsed time: 8.956331 seconds (0d 0h 0m 8s)

---------------  T H R E A D  ---------------

Current thread (0x000001c091fb2000):  JavaThread "C2 CompilerThread1" daemon [_thread_in_native, id=9100, stack(0x0000001647b00000,0x0000001647c00000)]


Current CompileTask:
C2:   8956 9973       4       java.lang.reflect.Constructor::newInstance (76 bytes)

Stack: [0x0000001647b00000,0x0000001647c00000]
Native frames: (J=compiled Java code, j=interpreted, Vv=VM code, C=native code)
V  [jvm.dll+0x5ecfaa]
V  [jvm.dll+0x722bd5]
V  [jvm.dll+0x72412d]
V  [jvm.dll+0x7247e3]
V  [jvm.dll+0x242928]
V  [jvm.dll+0xbc4fc]
V  [jvm.dll+0xbca0c]
V  [jvm.dll+0x352d7d]
V  [jvm.dll+0x19800c]
V  [jvm.dll+0x1fb70e]
V  [jvm.dll+0x1fa7f4]
V  [jvm.dll+0x18354c]
V  [jvm.dll+0x208ee7]
V  [jvm.dll+0x207731]
V  [jvm.dll+0x6eb1cf]
V  [jvm.dll+0x6e3d45]
V  [jvm.dll+0x5ebe96]
C  [ucrtbase.dll+0x26c0c]
C  [KERNEL32.DLL+0x154e0]
C  [ntdll.dll+0x485b]


---------------  P R O C E S S  ---------------

Threads class SMR info:
_java_thread_list=0x000001c0968173b0, length=80, elements={
0x000001c0f259f000, 0x000001c0ffe39000, 0x000001c0ffe3e800, 0x000001c08f844800,
0x000001c08f846000, 0x000001c08f847800, 0x000001c08f849000, 0x000001c08f84d800,
0x000001c08f874800, 0x000001c08f9b3800, 0x000001c091c62000, 0x000001c08faa6000,
0x000001c0900e7000, 0x000001c090675800, 0x000001c091704000, 0x000001c090edc800,
0x000001c09194d800, 0x000001c09109b000, 0x000001c092d1c800, 0x000001c091ee9000,
0x000001c091eea800, 0x000001c091eec800, 0x000001c091eea000, 0x000001c091ee6800,
0x000001c091ee8800, 0x000001c091eed000, 0x000001c091eeb800, 0x000001c091ee7800,
0x000001c092846800, 0x000001c09284a800, 0x000001c092849000, 0x000001c092845800,
0x000001c092848000, 0x000001c092845000, 0x000001c092850000, 0x000001c09284e800,
0x000001c09284c000, 0x000001c09284d000, 0x000001c09284f800, 0x000001c09284e000,
0x000001c092851000, 0x000001c09284b800, 0x000001c092852000, 0x000001c092852800,
0x000001c092853800, 0x000001c093509000, 0x000001c09350b800, 0x000001c09350a000,
0x000001c09350c800, 0x000001c093508800, 0x000001c09350a800, 0x000001c09350d000,
0x000001c093507800, 0x000001c09350f800, 0x000001c09350e000, 0x000001c093511000,
0x000001c093512000, 0x000001c09350f000, 0x000001c093510800, 0x000001c093515800,
0x000001c093514800, 0x000001c093516000, 0x000001c08fb18000, 0x000001c08fb1a800,
0x000001c08fb1b800, 0x000001c08fb15800, 0x000001c08fb1c000, 0x000001c08fb19000,
0x000001c08fb1a000, 0x000001c08fb16800, 0x000001c08fb1d000, 0x000001c08fb17800,
0x000001c091fb2000, 0x000001c08fb22000, 0x000001c08fb1f800, 0x000001c08fb1e000,
0x000001c08fb24800, 0x000001c08fb1e800, 0x000001c08fb20800, 0x000001c093656000
}

Java Threads: ( => current thread )
  0x000001c0f259f000 JavaThread "main" [_thread_blocked, id=10948, stack(0x0000001645100000,0x0000001645200000)]
  0x000001c0ffe39000 JavaThread "Reference Handler" daemon [_thread_blocked, id=15216, stack(0x0000001645800000,0x0000001645900000)]
  0x000001c0ffe3e800 JavaThread "Finalizer" daemon [_thread_blocked, id=8436, stack(0x0000001645900000,0x0000001645a00000)]
  0x000001c08f844800 JavaThread "Signal Dispatcher" daemon [_thread_blocked, id=6000, stack(0x0000001645a00000,0x0000001645b00000)]
  0x000001c08f846000 JavaThread "Attach Listener" daemon [_thread_blocked, id=13636, stack(0x0000001645b00000,0x0000001645c00000)]
  0x000001c08f847800 JavaThread "Service Thread" daemon [_thread_blocked, id=8148, stack(0x0000001645c00000,0x0000001645d00000)]
  0x000001c08f849000 JavaThread "C2 CompilerThread0" daemon [_thread_blocked, id=14588, stack(0x0000001645d00000,0x0000001645e00000)]
  0x000001c08f84d800 JavaThread "C1 CompilerThread0" daemon [_thread_blocked, id=7164, stack(0x0000001645e00000,0x0000001645f00000)]
  0x000001c08f874800 JavaThread "Sweeper thread" daemon [_thread_blocked, id=1492, stack(0x0000001645f00000,0x0000001646000000)]
  0x000001c08f9b3800 JavaThread "Common-Cleaner" daemon [_thread_blocked, id=13324, stack(0x0000001646000000,0x0000001646100000)]
  0x000001c091c62000 JavaThread "Daemon health stats" [_thread_blocked, id=880, stack(0x0000001646600000,0x0000001646700000)]
  0x000001c08faa6000 JavaThread "Incoming local TCP Connector on port 52639" [_thread_in_native, id=8748, stack(0x0000001646200000,0x0000001646300000)]
  0x000001c0900e7000 JavaThread "Daemon periodic checks" [_thread_blocked, id=11396, stack(0x0000001646300000,0x0000001646400000)]
  0x000001c090675800 JavaThread "Daemon" [_thread_blocked, id=6804, stack(0x0000001646700000,0x0000001646800000)]
  0x000001c091704000 JavaThread "Handler for socket connection from /127.0.0.1:52639 to /127.0.0.1:52640" [_thread_in_native, id=9312, stack(0x0000001646800000,0x0000001646900000)]
  0x000001c090edc800 JavaThread "Cancel handler" [_thread_blocked, id=9004, stack(0x0000001646900000,0x0000001646a00000)]
  0x000001c09194d800 JavaThread "Daemon worker" [_thread_blocked, id=11852, stack(0x0000001646a00000,0x0000001646b00000)]
  0x000001c09109b000 JavaThread "Asynchronous log dispatcher for DefaultDaemonConnection: socket connection from /127.0.0.1:52639 to /127.0.0.1:52640" [_thread_blocked, id=9108, stack(0x0000001646b00000,0x0000001646c00000)]
  0x000001c092d1c800 JavaThread "Stdin handler" [_thread_blocked, id=14500, stack(0x0000001646c00000,0x0000001646d00000)]
  0x000001c091ee9000 JavaThread "Daemon client event forwarder" [_thread_blocked, id=6356, stack(0x0000001646d00000,0x0000001646e00000)]
  0x000001c091eea800 JavaThread "Cache worker for file hash cache (C:\Users\NeHaL\.gradle\caches\7.0.2\fileHashes)" [_thread_blocked, id=4316, stack(0x0000001647600000,0x0000001647700000)]
  0x000001c091eec800 JavaThread "File lock request listener" [_thread_in_native, id=14432, stack(0x0000001647700000,0x0000001647800000)]
  0x000001c091eea000 JavaThread "Cache worker for journal cache (C:\Users\NeHaL\.gradle\caches\journal-1)" [_thread_blocked, id=15320, stack(0x0000001647a00000,0x0000001647b00000)]
  0x000001c091ee6800 JavaThread "Cache worker for file hash cache (C:\Users\NeHaL\AndroidStudioProjects\SmartTourApp\.gradle\7.0.2\fileHashes)" [_thread_blocked, id=1076, stack(0x0000001647c00000,0x0000001647d00000)]
  0x000001c091ee8800 JavaThread "File watcher server" daemon [_thread_in_native, id=7260, stack(0x0000001647d00000,0x0000001647e00000)]
  0x000001c091eed000 JavaThread "File watcher consumer" daemon [_thread_blocked, id=8564, stack(0x0000001647e00000,0x0000001647f00000)]
  0x000001c091eeb800 JavaThread "Cache worker for checksums cache (C:\Users\NeHaL\AndroidStudioProjects\SmartTourApp\.gradle\checksums)" [_thread_blocked, id=14356, stack(0x0000001647f00000,0x0000001648000000)]
  0x000001c091ee7800 JavaThread "Cache worker for cache directory md-supplier (C:\Users\NeHaL\.gradle\caches\7.0.2\md-supplier)" [_thread_blocked, id=12592, stack(0x0000001648000000,0x0000001648100000)]
  0x000001c092846800 JavaThread "Cache worker for cache directory md-rule (C:\Users\NeHaL\.gradle\caches\7.0.2\md-rule)" [_thread_blocked, id=12768, stack(0x0000001648100000,0x0000001648200000)]
  0x000001c09284a800 JavaThread "Cache worker for execution history cache (C:\Users\NeHaL\.gradle\caches\7.0.2\executionHistory)" [_thread_blocked, id=14052, stack(0x0000001648300000,0x0000001648400000)]
  0x000001c092849000 JavaThread "jar transforms" [_thread_blocked, id=14108, stack(0x0000001648400000,0x0000001648500000)]
  0x000001c092845800 JavaThread "jar transforms Thread 2" [_thread_blocked, id=10268, stack(0x0000001648500000,0x0000001648600000)]
  0x000001c092848000 JavaThread "Cache worker for file content cache (C:\Users\NeHaL\.gradle\caches\7.0.2\fileContent)" [_thread_blocked, id=15088, stack(0x0000001648600000,0x0000001648700000)]
  0x000001c092845000 JavaThread "Cache worker for dependencies-accessors (C:\Users\NeHaL\AndroidStudioProjects\SmartTourApp\.gradle\7.0.2\dependencies-accessors)" [_thread_blocked, id=11068, stack(0x0000001648700000,0x0000001648800000)]
  0x000001c092850000 JavaThread "jar transforms Thread 3" [_thread_blocked, id=9084, stack(0x0000001648800000,0x0000001648900000)]
  0x000001c09284e800 JavaThread "Cache worker for Build Output Cleanup Cache (C:\Users\NeHaL\AndroidStudioProjects\SmartTourApp\.gradle\buildOutputCleanup)" [_thread_blocked, id=14532, stack(0x0000001648900000,0x0000001648a00000)]
  0x000001c09284c000 JavaThread "Build operations" [_thread_blocked, id=6956, stack(0x0000001648a00000,0x0000001648b00000)]
  0x000001c09284d000 JavaThread "Build operations Thread 2" [_thread_blocked, id=6592, stack(0x0000001648b00000,0x0000001648c00000)]
  0x000001c09284f800 JavaThread "Build operations Thread 3" [_thread_blocked, id=14276, stack(0x0000001648c00000,0x0000001648d00000)]
  0x000001c09284e000 JavaThread "Build operations Thread 4" [_thread_blocked, id=10028, stack(0x0000001648d00000,0x0000001648e00000)]
  0x000001c092851000 JavaThread "Build operations Thread 5" [_thread_blocked, id=14412, stack(0x0000001648e00000,0x0000001648f00000)]
  0x000001c09284b800 JavaThread "Build operations Thread 6" [_thread_blocked, id=7588, stack(0x0000001648f00000,0x0000001649000000)]
  0x000001c092852000 JavaThread "Build operations Thread 7" [_thread_blocked, id=6548, stack(0x0000001649000000,0x0000001649100000)]
  0x000001c092852800 JavaThread "Build operations Thread 8" [_thread_blocked, id=12692, stack(0x0000001649100000,0x0000001649200000)]
  0x000001c092853800 JavaThread "Build operations Thread 9" [_thread_blocked, id=11132, stack(0x0000001649200000,0x0000001649300000)]
  0x000001c093509000 JavaThread "Build operations Thread 10" [_thread_blocked, id=11020, stack(0x0000001649300000,0x0000001649400000)]
  0x000001c09350b800 JavaThread "Build operations Thread 11" [_thread_blocked, id=7364, stack(0x0000001649400000,0x0000001649500000)]
  0x000001c09350a000 JavaThread "Build operations Thread 12" [_thread_blocked, id=5732, stack(0x0000001649500000,0x0000001649600000)]
  0x000001c09350c800 JavaThread "jar transforms Thread 4" [_thread_blocked, id=8592, stack(0x0000001649600000,0x0000001649700000)]
  0x000001c093508800 JavaThread "jar transforms Thread 5" [_thread_blocked, id=9168, stack(0x0000001649700000,0x0000001649800000)]
  0x000001c09350a800 JavaThread "jar transforms Thread 6" [_thread_blocked, id=2076, stack(0x0000001649800000,0x0000001649900000)]
  0x000001c09350d000 JavaThread "jar transforms Thread 7" [_thread_blocked, id=10144, stack(0x0000001649900000,0x0000001649a00000)]
  0x000001c093507800 JavaThread "jar transforms Thread 8" [_thread_blocked, id=9188, stack(0x0000001649a00000,0x0000001649b00000)]
  0x000001c09350f800 JavaThread "jar transforms Thread 9" [_thread_blocked, id=4444, stack(0x0000001649b00000,0x0000001649c00000)]
  0x000001c09350e000 JavaThread "jar transforms Thread 10" [_thread_blocked, id=4368, stack(0x0000001649c00000,0x0000001649d00000)]
  0x000001c093511000 JavaThread "jar transforms Thread 11" [_thread_blocked, id=13000, stack(0x0000001649d00000,0x0000001649e00000)]
  0x000001c093512000 JavaThread "jar transforms Thread 12" [_thread_blocked, id=10300, stack(0x0000001649e00000,0x0000001649f00000)]
  0x000001c09350f000 JavaThread "Memory manager" [_thread_blocked, id=2836, stack(0x0000001649f00000,0x000000164a000000)]
  0x000001c093510800 JavaThread "build event listener" [_thread_blocked, id=13124, stack(0x000000164a000000,0x000000164a100000)]
  0x000001c093515800 JavaThread "Execution worker for ':'" [_thread_blocked, id=5832, stack(0x000000164a100000,0x000000164a200000)]
  0x000001c093514800 JavaThread "Execution worker for ':' Thread 2" [_thread_blocked, id=3172, stack(0x000000164a200000,0x000000164a300000)]
  0x000001c093516000 JavaThread "Execution worker for ':' Thread 3" [_thread_blocked, id=14940, stack(0x000000164a300000,0x000000164a400000)]
  0x000001c08fb18000 JavaThread "Execution worker for ':' Thread 4" [_thread_blocked, id=14984, stack(0x000000164a400000,0x000000164a500000)]
  0x000001c08fb1a800 JavaThread "Execution worker for ':' Thread 5" [_thread_blocked, id=14048, stack(0x000000164a500000,0x000000164a600000)]
  0x000001c08fb1b800 JavaThread "Execution worker for ':' Thread 6" [_thread_in_native, id=14716, stack(0x000000164a600000,0x000000164a700000)]
  0x000001c08fb15800 JavaThread "Execution worker for ':' Thread 7" [_thread_blocked, id=13812, stack(0x000000164a700000,0x000000164a800000)]
  0x000001c08fb1c000 JavaThread "Execution worker for ':' Thread 8" [_thread_blocked, id=4868, stack(0x000000164a800000,0x000000164a900000)]
  0x000001c08fb19000 JavaThread "Execution worker for ':' Thread 9" [_thread_blocked, id=1240, stack(0x000000164a900000,0x000000164aa00000)]
  0x000001c08fb1a000 JavaThread "Execution worker for ':' Thread 10" [_thread_blocked, id=10804, stack(0x000000164aa00000,0x000000164ab00000)]
  0x000001c08fb16800 JavaThread "Execution worker for ':' Thread 11" [_thread_blocked, id=8244, stack(0x000000164ab00000,0x000000164ac00000)]
  0x000001c08fb1d000 JavaThread "Cache worker for execution history cache (C:\Users\NeHaL\AndroidStudioProjects\SmartTourApp\.gradle\7.0.2\executionHistory)" [_thread_blocked, id=2656, stack(0x000000164ac00000,0x000000164ad00000)]
  0x000001c08fb17800 JavaThread "WorkerExecutor Queue" [_thread_blocked, id=15068, stack(0x000000164ad00000,0x000000164ae00000)]
=>0x000001c091fb2000 JavaThread "C2 CompilerThread1" daemon [_thread_in_native, id=9100, stack(0x0000001647b00000,0x0000001647c00000)]
  0x000001c08fb22000 JavaThread "WorkerExecutor Queue Thread 2" [_thread_blocked, id=8040, stack(0x000000164ae00000,0x000000164af00000)]
  0x000001c08fb1f800 JavaThread "WorkerExecutor Queue Thread 3" [_thread_blocked, id=7368, stack(0x000000164af00000,0x000000164b000000)]
  0x000001c08fb1e000 JavaThread "WorkerExecutor Queue Thread 4" [_thread_blocked, id=12572, stack(0x000000164b000000,0x000000164b100000)]
  0x000001c08fb24800 JavaThread "WorkerExecutor Queue Thread 5" [_thread_blocked, id=7232, stack(0x000000164b100000,0x000000164b200000)]
  0x000001c08fb1e800 JavaThread "WorkerExecutor Queue Thread 6" [_thread_blocked, id=13488, stack(0x000000164b200000,0x000000164b300000)]
  0x000001c08fb20800 JavaThread "Java2D Disposer" daemon [_thread_blocked, id=7764, stack(0x000000164b300000,0x000000164b400000)]
  0x000001c093656000 JavaThread "C2 CompilerThread2" daemon [_thread_blocked, id=11656, stack(0x0000001648200000,0x0000001648300000)]

Other Threads:
  0x000001c0ffe37000 VMThread "VM Thread" [stack: 0x0000001645700000,0x0000001645800000] [id=6688]
  0x000001c08f9fd800 WatcherThread [stack: 0x0000001646100000,0x0000001646200000] [id=9684]
  0x000001c0f25b6800 GCTaskThread "GC Thread#0" [stack: 0x0000001645200000,0x0000001645300000] [id=13608]
  0x000001c08fe36800 GCTaskThread "GC Thread#1" [stack: 0x0000001646400000,0x0000001646500000] [id=13836]
  0x000001c08ffef000 GCTaskThread "GC Thread#2" [stack: 0x0000001646500000,0x0000001646600000] [id=2120]
  0x000001c090fe9000 GCTaskThread "GC Thread#3" [stack: 0x0000001646e00000,0x0000001646f00000] [id=8368]
  0x000001c091b30800 GCTaskThread "GC Thread#4" [stack: 0x0000001646f00000,0x0000001647000000] [id=10644]
  0x000001c092498800 GCTaskThread "GC Thread#5" [stack: 0x0000001647000000,0x0000001647100000] [id=10768]
  0x000001c091716800 GCTaskThread "GC Thread#6" [stack: 0x0000001647100000,0x0000001647200000] [id=5432]
  0x000001c091aa0800 GCTaskThread "GC Thread#7" [stack: 0x0000001647200000,0x0000001647300000] [id=8400]
  0x000001c090ef6000 GCTaskThread "GC Thread#8" [stack: 0x0000001647300000,0x0000001647400000] [id=4556]
  0x000001c0916a7800 GCTaskThread "GC Thread#9" [stack: 0x0000001647400000,0x0000001647500000] [id=9756]
  0x000001c0f25ea000 ConcurrentGCThread "G1 Main Marker" [stack: 0x0000001645300000,0x0000001645400000] [id=6756]
  0x000001c0f25eb800 ConcurrentGCThread "G1 Conc#0" [stack: 0x0000001645400000,0x0000001645500000] [id=972]
  0x000001c0909f1800 ConcurrentGCThread "G1 Conc#1" [stack: 0x0000001647800000,0x0000001647900000] [id=904]
  0x000001c0909a0800 ConcurrentGCThread "G1 Conc#2" [stack: 0x0000001647900000,0x0000001647a00000] [id=4168]
  0x000001c0f267d800 ConcurrentGCThread "G1 Refine#0" [stack: 0x0000001645500000,0x0000001645600000] [id=1572]
  0x000001c09196e800 ConcurrentGCThread "G1 Refine#1" [stack: 0x0000001647500000,0x0000001647600000] [id=15356]
  0x000001c0f267e800 ConcurrentGCThread "G1 Young RemSet Sampling" [stack: 0x0000001645600000,0x0000001645700000] [id=13716]

Threads with active compile tasks:
C2 CompilerThread1   8978 9973       4       java.lang.reflect.Constructor::newInstance (76 bytes)

VM state:not at safepoint (normal execution)

VM Mutex/Monitor currently owned by a thread: None

Heap address: 0x0000000080000000, size: 2048 MB, Compressed Oops mode: 32-bit
Narrow klass base: 0x0000000000000000, Narrow klass shift: 3
Compressed class space size: 1073741824 Address: 0x0000000100000000

Heap:
 garbage-first heap   total 227328K, used 111135K [0x0000000080000000, 0x0000000100000000)
  region size 1024K, 30 young (30720K), 13 survivors (13312K)
 Metaspace       used 85928K, capacity 88382K, committed 88652K, reserved 1126400K
  class space    used 11090K, capacity 12003K, committed 12108K, reserved 1048576K
Heap Regions: E=young(eden), S=young(survivor), O=old, HS=humongous(starts), HC=humongous(continues), CS=collection set, F=free, A=archive, TAMS=top-at-mark-start (previous, next)
|   0|0x0000000080000000, 0x0000000080100000, 0x0000000080100000|100%| O|  |TAMS 0x0000000080100000, 0x0000000080000000| Untracked 
|   1|0x0000000080100000, 0x0000000080200000, 0x0000000080200000|100%| O|  |TAMS 0x0000000080200000, 0x0000000080100000| Untracked 
|   2|0x0000000080200000, 0x0000000080300000, 0x0000000080300000|100%| O|  |TAMS 0x0000000080300000, 0x0000000080200000| Untracked 
|   3|0x0000000080300000, 0x0000000080400000, 0x0000000080400000|100%|HS|  |TAMS 0x0000000080400000, 0x0000000080300000| Complete 
|   4|0x0000000080400000, 0x0000000080500000, 0x0000000080500000|100%|HC|  |TAMS 0x0000000080500000, 0x0000000080400000| Complete 
|   5|0x0000000080500000, 0x0000000080600000, 0x0000000080600000|100%|HC|  |TAMS 0x0000000080600000, 0x0000000080500000| Complete 
|   6|0x0000000080600000, 0x0000000080700000, 0x0000000080700000|100%| O|  |TAMS 0x0000000080700000, 0x0000000080600000| Untracked 
|   7|0x0000000080700000, 0x0000000080800000, 0x0000000080800000|100%| O|  |TAMS 0x0000000080800000, 0x0000000080700000| Untracked 
|   8|0x0000000080800000, 0x0000000080900000, 0x0000000080900000|100%| O|  |TAMS 0x0000000080900000, 0x0000000080800000| Untracked 
|   9|0x0000000080900000, 0x0000000080a00000, 0x0000000080a00000|100%| O|  |TAMS 0x0000000080a00000, 0x0000000080900000| Untracked 
|  10|0x0000000080a00000, 0x0000000080b00000, 0x0000000080b00000|100%| O|  |TAMS 0x0000000080b00000, 0x0000000080a00000| Untracked 
|  11|0x0000000080b00000, 0x0000000080c00000, 0x0000000080c00000|100%| O|  |TAMS 0x0000000080c00000, 0x0000000080b00000| Untracked 
|  12|0x0000000080c00000, 0x0000000080d00000, 0x0000000080d00000|100%| O|  |TAMS 0x0000000080d00000, 0x0000000080c00000| Untracked 
|  13|0x0000000080d00000, 0x0000000080e00000, 0x0000000080e00000|100%| O|  |TAMS 0x0000000080e00000, 0x0000000080d00000| Untracked 
|  14|0x0000000080e00000, 0x0000000080f00000, 0x0000000080f00000|100%| O|  |TAMS 0x0000000080f00000, 0x0000000080e00000| Untracked 
|  15|0x0000000080f00000, 0x0000000081000000, 0x0000000081000000|100%| O|  |TAMS 0x0000000081000000, 0x0000000080f00000| Untracked 
|  16|0x0000000081000000, 0x0000000081100000, 0x0000000081100000|100%| O|  |TAMS 0x0000000081100000, 0x0000000081000000| Untracked 
|  17|0x0000000081100000, 0x0000000081200000, 0x0000000081200000|100%| O|  |TAMS 0x0000000081200000, 0x0000000081100000| Untracked 
|  18|0x0000000081200000, 0x0000000081300000, 0x0000000081300000|100%| O|  |TAMS 0x0000000081300000, 0x0000000081200000| Untracked 
|  19|0x0000000081300000, 0x0000000081400000, 0x0000000081400000|100%|HS|  |TAMS 0x0000000081400000, 0x0000000081300000| Complete 
|  20|0x0000000081400000, 0x0000000081500000, 0x0000000081500000|100%| O|  |TAMS 0x0000000081500000, 0x0000000081400000| Untracked 
|  21|0x0000000081500000, 0x0000000081600000, 0x0000000081600000|100%| O|  |TAMS 0x0000000081600000, 0x0000000081500000| Untracked 
|  22|0x0000000081600000, 0x0000000081700000, 0x0000000081700000|100%| O|  |TAMS 0x0000000081700000, 0x0000000081600000| Untracked 
|  23|0x0000000081700000, 0x0000000081800000, 0x0000000081800000|100%|HS|  |TAMS 0x0000000081800000, 0x0000000081700000| Complete 
|  24|0x0000000081800000, 0x0000000081900000, 0x0000000081900000|100%|HS|  |TAMS 0x0000000081900000, 0x0000000081800000| Complete 
|  25|0x0000000081900000, 0x0000000081a00000, 0x0000000081a00000|100%|HC|  |TAMS 0x0000000081a00000, 0x0000000081900000| Complete 
|  26|0x0000000081a00000, 0x0000000081b00000, 0x0000000081b00000|100%| O|  |TAMS 0x0000000081b00000, 0x0000000081a00000| Untracked 
|  27|0x0000000081b00000, 0x0000000081c00000, 0x0000000081c00000|100%| O|  |TAMS 0x0000000081c00000, 0x0000000081b00000| Untracked 
|  28|0x0000000081c00000, 0x0000000081d00000, 0x0000000081d00000|100%| O|  |TAMS 0x0000000081d00000, 0x0000000081c00000| Untracked 
|  29|0x0000000081d00000, 0x0000000081e00000, 0x0000000081e00000|100%| O|  |TAMS 0x0000000081e00000, 0x0000000081d00000| Untracked 
|  30|0x0000000081e00000, 0x0000000081f00000, 0x0000000081f00000|100%| O|  |TAMS 0x0000000081f00000, 0x0000000081e00000| Untracked 
|  31|0x0000000081f00000, 0x0000000082000000, 0x0000000082000000|100%| O|  |TAMS 0x0000000082000000, 0x0000000081f00000| Untracked 
|  32|0x0000000082000000, 0x0000000082100000, 0x0000000082100000|100%| O|  |TAMS 0x0000000082100000, 0x0000000082000000| Untracked 
|  33|0x0000000082100000, 0x0000000082200000, 0x0000000082200000|100%| O|  |TAMS 0x0000000082200000, 0x0000000082100000| Untracked 
|  34|0x0000000082200000, 0x0000000082300000, 0x0000000082300000|100%| O|  |TAMS 0x0000000082300000, 0x0000000082200000| Untracked 
|  35|0x0000000082300000, 0x0000000082400000, 0x0000000082400000|100%| O|  |TAMS 0x0000000082400000, 0x0000000082300000| Untracked 
|  36|0x0000000082400000, 0x0000000082500000, 0x0000000082500000|100%| O|  |TAMS 0x0000000082500000, 0x0000000082400000| Untracked 
|  37|0x0000000082500000, 0x0000000082600000, 0x0000000082600000|100%| O|  |TAMS 0x0000000082600000, 0x0000000082500000| Untracked 
|  38|0x0000000082600000, 0x0000000082700000, 0x0000000082700000|100%| O|  |TAMS 0x0000000082700000, 0x0000000082600000| Untracked 
|  39|0x0000000082700000, 0x0000000082800000, 0x0000000082800000|100%| O|  |TAMS 0x0000000082800000, 0x0000000082700000| Untracked 
|  40|0x0000000082800000, 0x0000000082900000, 0x0000000082900000|100%| O|  |TAMS 0x0000000082900000, 0x0000000082800000| Untracked 
|  41|0x0000000082900000, 0x0000000082a00000, 0x0000000082a00000|100%| O|  |TAMS 0x00000000829b6800, 0x0000000082900000| Untracked 
|  42|0x0000000082a00000, 0x0000000082b00000, 0x0000000082b00000|100%| O|  |TAMS 0x0000000082a00000, 0x0000000082a00000| Untracked 
|  43|0x0000000082b00000, 0x0000000082c00000, 0x0000000082c00000|100%| O|  |TAMS 0x0000000082b00000, 0x0000000082b00000| Untracked 
|  44|0x0000000082c00000, 0x0000000082d00000, 0x0000000082d00000|100%| O|  |TAMS 0x0000000082c00000, 0x0000000082c00000| Untracked 
|  45|0x0000000082d00000, 0x0000000082e00000, 0x0000000082e00000|100%| O|  |TAMS 0x0000000082d00000, 0x0000000082d00000| Untracked 
|  46|0x0000000082e00000, 0x0000000082f00000, 0x0000000082f00000|100%| O|  |TAMS 0x0000000082e00000, 0x0000000082e00000| Untracked 
|  47|0x0000000082f00000, 0x0000000083000000, 0x0000000083000000|100%| O|  |TAMS 0x0000000082f00000, 0x0000000082f00000| Untracked 
|  48|0x0000000083000000, 0x0000000083100000, 0x0000000083100000|100%| O|  |TAMS 0x0000000083000000, 0x0000000083000000| Untracked 
|  49|0x0000000083100000, 0x0000000083200000, 0x0000000083200000|100%| O|  |TAMS 0x0000000083100000, 0x0000000083100000| Untracked 
|  50|0x0000000083200000, 0x0000000083300000, 0x0000000083300000|100%| O|  |TAMS 0x0000000083200000, 0x0000000083200000| Untracked 
|  51|0x0000000083300000, 0x0000000083400000, 0x0000000083400000|100%| O|  |TAMS 0x0000000083300000, 0x0000000083300000| Untracked 
|  52|0x0000000083400000, 0x0000000083500000, 0x0000000083500000|100%| O|  |TAMS 0x0000000083400000, 0x0000000083400000| Untracked 
|  53|0x0000000083500000, 0x0000000083600000, 0x0000000083600000|100%| O|  |TAMS 0x0000000083500000, 0x0000000083500000| Untracked 
|  54|0x0000000083600000, 0x0000000083700000, 0x0000000083700000|100%| O|  |TAMS 0x0000000083600000, 0x0000000083600000| Untracked 
|  55|0x0000000083700000, 0x0000000083800000, 0x0000000083800000|100%| O|  |TAMS 0x0000000083700000, 0x0000000083700000| Untracked 
|  56|0x0000000083800000, 0x0000000083900000, 0x0000000083900000|100%| O|  |TAMS 0x0000000083800000, 0x0000000083800000| Untracked 
|  57|0x0000000083900000, 0x0000000083a00000, 0x0000000083a00000|100%| O|  |TAMS 0x0000000083900000, 0x0000000083900000| Untracked 
|  58|0x0000000083a00000, 0x0000000083b00000, 0x0000000083b00000|100%| O|  |TAMS 0x0000000083a00000, 0x0000000083a00000| Untracked 
|  59|0x0000000083b00000, 0x0000000083c00000, 0x0000000083c00000|100%| O|  |TAMS 0x0000000083b00000, 0x0000000083b00000| Untracked 
|  60|0x0000000083c00000, 0x0000000083d00000, 0x0000000083d00000|100%| O|  |TAMS 0x0000000083c00000, 0x0000000083c00000| Untracked 
|  61|0x0000000083d00000, 0x0000000083d00000, 0x0000000083e00000|  0%| F|  |TAMS 0x0000000083d00000, 0x0000000083d00000| Untracked 
|  62|0x0000000083e00000, 0x0000000083e00000, 0x0000000083f00000|  0%| F|  |TAMS 0x0000000083e00000, 0x0000000083e00000| Untracked 
|  63|0x0000000083f00000, 0x0000000084000000, 0x0000000084000000|100%|HS|  |TAMS 0x0000000083f00000, 0x0000000083f00000| Complete 
|  64|0x0000000084000000, 0x0000000084100000, 0x0000000084100000|100%|HS|  |TAMS 0x0000000084000000, 0x0000000084000000| Complete 
|  65|0x0000000084100000, 0x0000000084100000, 0x0000000084200000|  0%| F|  |TAMS 0x0000000084100000, 0x0000000084100000| Untracked 
|  66|0x0000000084200000, 0x0000000084200000, 0x0000000084300000|  0%| F|  |TAMS 0x0000000084200000, 0x0000000084200000| Untracked 
|  67|0x0000000084300000, 0x0000000084300000, 0x0000000084400000|  0%| F|  |TAMS 0x0000000084300000, 0x0000000084300000| Untracked 
|  68|0x0000000084400000, 0x0000000084400000, 0x0000000084500000|  0%| F|  |TAMS 0x0000000084400000, 0x0000000084400000| Untracked 
|  69|0x0000000084500000, 0x0000000084500000, 0x0000000084600000|  0%| F|  |TAMS 0x0000000084500000, 0x0000000084500000| Untracked 
|  70|0x0000000084600000, 0x0000000084600000, 0x0000000084700000|  0%| F|  |TAMS 0x0000000084600000, 0x0000000084600000| Untracked 
|  71|0x0000000084700000, 0x0000000084700000, 0x0000000084800000|  0%| F|  |TAMS 0x0000000084700000, 0x0000000084700000| Untracked 
|  72|0x0000000084800000, 0x0000000084800000, 0x0000000084900000|  0%| F|  |TAMS 0x0000000084800000, 0x0000000084800000| Untracked 
|  73|0x0000000084900000, 0x0000000084a00000, 0x0000000084a00000|100%| O|  |TAMS 0x0000000084900000, 0x0000000084900000| Untracked 
|  74|0x0000000084a00000, 0x0000000084b00000, 0x0000000084b00000|100%| O|  |TAMS 0x0000000084a00000, 0x0000000084a00000| Untracked 
|  75|0x0000000084b00000, 0x0000000084c00000, 0x0000000084c00000|100%| O|  |TAMS 0x0000000084b00000, 0x0000000084b00000| Untracked 
|  76|0x0000000084c00000, 0x0000000084d00000, 0x0000000084d00000|100%| O|  |TAMS 0x0000000084c00000, 0x0000000084c00000| Untracked 
|  77|0x0000000084d00000, 0x0000000084e00000, 0x0000000084e00000|100%| O|  |TAMS 0x0000000084d00000, 0x0000000084d00000| Untracked 
|  78|0x0000000084e00000, 0x0000000084f00000, 0x0000000084f00000|100%| O|  |TAMS 0x0000000084e00000, 0x0000000084e00000| Untracked 
|  79|0x0000000084f00000, 0x0000000085000000, 0x0000000085000000|100%| O|  |TAMS 0x0000000084f00000, 0x0000000084f00000| Untracked 
|  80|0x0000000085000000, 0x0000000085100000, 0x0000000085100000|100%| O|  |TAMS 0x0000000085000000, 0x0000000085000000| Untracked 
|  81|0x0000000085100000, 0x0000000085200000, 0x0000000085200000|100%| O|  |TAMS 0x0000000085100000, 0x0000000085100000| Untracked 
|  82|0x0000000085200000, 0x0000000085300000, 0x0000000085300000|100%| O|  |TAMS 0x0000000085200000, 0x0000000085200000| Untracked 
|  83|0x0000000085300000, 0x0000000085400000, 0x0000000085400000|100%| O|  |TAMS 0x0000000085300000, 0x0000000085300000| Untracked 
|  84|0x0000000085400000, 0x0000000085500000, 0x0000000085500000|100%| O|  |TAMS 0x0000000085400000, 0x0000000085400000| Untracked 
|  85|0x0000000085500000, 0x0000000085600000, 0x0000000085600000|100%| O|  |TAMS 0x0000000085500000, 0x0000000085500000| Untracked 
|  86|0x0000000085600000, 0x0000000085700000, 0x0000000085700000|100%| O|  |TAMS 0x0000000085600000, 0x0000000085600000| Untracked 
|  87|0x0000000085700000, 0x0000000085800000, 0x0000000085800000|100%| O|  |TAMS 0x0000000085700000, 0x0000000085700000| Untracked 
|  88|0x0000000085800000, 0x0000000085900000, 0x0000000085900000|100%| O|  |TAMS 0x0000000085800000, 0x0000000085800000| Untracked 
|  89|0x0000000085900000, 0x0000000085987c00, 0x0000000085a00000| 53%| O|  |TAMS 0x0000000085900000, 0x0000000085900000| Untracked 
|  90|0x0000000085a00000, 0x0000000085a00000, 0x0000000085b00000|  0%| F|  |TAMS 0x0000000085a00000, 0x0000000085a00000| Untracked 
|  91|0x0000000085b00000, 0x0000000085b00000, 0x0000000085c00000|  0%| F|  |TAMS 0x0000000085b00000, 0x0000000085b00000| Untracked 
|  92|0x0000000085c00000, 0x0000000085c00000, 0x0000000085d00000|  0%| F|  |TAMS 0x0000000085c00000, 0x0000000085c00000| Untracked 
|  93|0x0000000085d00000, 0x0000000085d00000, 0x0000000085e00000|  0%| F|  |TAMS 0x0000000085d00000, 0x0000000085d00000| Untracked 
|  94|0x0000000085e00000, 0x0000000085e00000, 0x0000000085f00000|  0%| F|  |TAMS 0x0000000085e00000, 0x0000000085e00000| Untracked 
|  95|0x0000000085f00000, 0x0000000085f00000, 0x0000000086000000|  0%| F|  |TAMS 0x0000000085f00000, 0x0000000085f00000| Untracked 
|  96|0x0000000086000000, 0x0000000086000000, 0x0000000086100000|  0%| F|  |TAMS 0x0000000086000000, 0x0000000086000000| Untracked 
|  97|0x0000000086100000, 0x0000000086100000, 0x0000000086200000|  0%| F|  |TAMS 0x0000000086100000, 0x0000000086100000| Untracked 
|  98|0x0000000086200000, 0x0000000086200000, 0x0000000086300000|  0%| F|  |TAMS 0x0000000086200000, 0x0000000086200000| Untracked 
|  99|0x0000000086300000, 0x0000000086300000, 0x0000000086400000|  0%| F|  |TAMS 0x0000000086300000, 0x0000000086300000| Untracked 
| 100|0x0000000086400000, 0x0000000086400000, 0x0000000086500000|  0%| F|  |TAMS 0x0000000086400000, 0x0000000086400000| Untracked 
| 101|0x0000000086500000, 0x0000000086500000, 0x0000000086600000|  0%| F|  |TAMS 0x0000000086500000, 0x0000000086500000| Untracked 
| 102|0x0000000086600000, 0x0000000086600000, 0x0000000086700000|  0%| F|  |TAMS 0x0000000086600000, 0x0000000086600000| Untracked 
| 103|0x0000000086700000, 0x0000000086700000, 0x0000000086800000|  0%| F|  |TAMS 0x0000000086700000, 0x0000000086700000| Untracked 
| 104|0x0000000086800000, 0x0000000086800000, 0x0000000086900000|  0%| F|  |TAMS 0x0000000086800000, 0x0000000086800000| Untracked 
| 105|0x0000000086900000, 0x0000000086900000, 0x0000000086a00000|  0%| F|  |TAMS 0x0000000086900000, 0x0000000086900000| Untracked 
| 106|0x0000000086a00000, 0x0000000086a00000, 0x0000000086b00000|  0%| F|  |TAMS 0x0000000086a00000, 0x0000000086a00000| Untracked 
| 107|0x0000000086b00000, 0x0000000086b00000, 0x0000000086c00000|  0%| F|  |TAMS 0x0000000086b00000, 0x0000000086b00000| Untracked 
| 108|0x0000000086c00000, 0x0000000086c00000, 0x0000000086d00000|  0%| F|  |TAMS 0x0000000086c00000, 0x0000000086c00000| Untracked 
| 109|0x0000000086d00000, 0x0000000086d00000, 0x0000000086e00000|  0%| F|  |TAMS 0x0000000086d00000, 0x0000000086d00000| Untracked 
| 110|0x0000000086e00000, 0x0000000086e00000, 0x0000000086f00000|  0%| F|  |TAMS 0x0000000086e00000, 0x0000000086e00000| Untracked 
| 111|0x0000000086f00000, 0x0000000086f00000, 0x0000000087000000|  0%| F|  |TAMS 0x0000000086f00000, 0x0000000086f00000| Untracked 
| 112|0x0000000087000000, 0x0000000087000000, 0x0000000087100000|  0%| F|  |TAMS 0x0000000087000000, 0x0000000087000000| Untracked 
| 113|0x0000000087100000, 0x0000000087100000, 0x0000000087200000|  0%| F|  |TAMS 0x0000000087100000, 0x0000000087100000| Untracked 
| 114|0x0000000087200000, 0x0000000087200000, 0x0000000087300000|  0%| F|  |TAMS 0x0000000087200000, 0x0000000087200000| Untracked 
| 115|0x0000000087300000, 0x0000000087300000, 0x0000000087400000|  0%| F|  |TAMS 0x0000000087300000, 0x0000000087300000| Untracked 
| 116|0x0000000087400000, 0x0000000087400000, 0x0000000087500000|  0%| F|  |TAMS 0x0000000087400000, 0x0000000087400000| Untracked 
| 117|0x0000000087500000, 0x0000000087500000, 0x0000000087600000|  0%| F|  |TAMS 0x0000000087500000, 0x0000000087500000| Untracked 
| 118|0x0000000087600000, 0x0000000087600000, 0x0000000087700000|  0%| F|  |TAMS 0x0000000087600000, 0x0000000087600000| Untracked 
| 119|0x0000000087700000, 0x0000000087700000, 0x0000000087800000|  0%| F|  |TAMS 0x0000000087700000, 0x0000000087700000| Untracked 
| 120|0x0000000087800000, 0x0000000087800000, 0x0000000087900000|  0%| F|  |TAMS 0x0000000087800000, 0x0000000087800000| Untracked 
| 121|0x0000000087900000, 0x0000000087a00000, 0x0000000087a00000|100%| S|CS|TAMS 0x0000000087900000, 0x0000000087900000| Complete 
| 122|0x0000000087a00000, 0x0000000087b00000, 0x0000000087b00000|100%| S|CS|TAMS 0x0000000087a00000, 0x0000000087a00000| Complete 
| 123|0x0000000087b00000, 0x0000000087c00000, 0x0000000087c00000|100%| S|CS|TAMS 0x0000000087b00000, 0x0000000087b00000| Complete 
| 124|0x0000000087c00000, 0x0000000087d00000, 0x0000000087d00000|100%| S|CS|TAMS 0x0000000087c00000, 0x0000000087c00000| Complete 
| 125|0x0000000087d00000, 0x0000000087e00000, 0x0000000087e00000|100%| S|CS|TAMS 0x0000000087d00000, 0x0000000087d00000| Complete 
| 126|0x0000000087e00000, 0x0000000087f00000, 0x0000000087f00000|100%| S|CS|TAMS 0x0000000087e00000, 0x0000000087e00000| Complete 
| 127|0x0000000087f00000, 0x0000000088000000, 0x0000000088000000|100%| S|CS|TAMS 0x0000000087f00000, 0x0000000087f00000| Complete 
| 128|0x0000000088000000, 0x0000000088100000, 0x0000000088100000|100%| S|CS|TAMS 0x0000000088000000, 0x0000000088000000| Complete 
| 129|0x0000000088100000, 0x0000000088200000, 0x0000000088200000|100%| S|CS|TAMS 0x0000000088100000, 0x0000000088100000| Complete 
| 130|0x0000000088200000, 0x0000000088300000, 0x0000000088300000|100%| S|CS|TAMS 0x0000000088200000, 0x0000000088200000| Complete 
| 131|0x0000000088300000, 0x0000000088400000, 0x0000000088400000|100%| S|CS|TAMS 0x0000000088300000, 0x0000000088300000| Complete 
| 132|0x0000000088400000, 0x0000000088500000, 0x0000000088500000|100%| S|CS|TAMS 0x0000000088400000, 0x0000000088400000| Complete 
| 133|0x0000000088500000, 0x0000000088600000, 0x0000000088600000|100%| S|CS|TAMS 0x0000000088500000, 0x0000000088500000| Complete 
| 134|0x0000000088600000, 0x0000000088600000, 0x0000000088700000|  0%| F|  |TAMS 0x0000000088600000, 0x0000000088600000| Untracked 
| 135|0x0000000088700000, 0x0000000088700000, 0x0000000088800000|  0%| F|  |TAMS 0x0000000088700000, 0x0000000088700000| Untracked 
| 136|0x0000000088800000, 0x0000000088800000, 0x0000000088900000|  0%| F|  |TAMS 0x0000000088800000, 0x0000000088800000| Untracked 
| 137|0x0000000088900000, 0x0000000088900000, 0x0000000088a00000|  0%| F|  |TAMS 0x0000000088900000, 0x0000000088900000| Untracked 
| 138|0x0000000088a00000, 0x0000000088a00000, 0x0000000088b00000|  0%| F|  |TAMS 0x0000000088a00000, 0x0000000088a00000| Untracked 
| 139|0x0000000088b00000, 0x0000000088b00000, 0x0000000088c00000|  0%| F|  |TAMS 0x0000000088b00000, 0x0000000088b00000| Untracked 
| 140|0x0000000088c00000, 0x0000000088c00000, 0x0000000088d00000|  0%| F|  |TAMS 0x0000000088c00000, 0x0000000088c00000| Untracked 
| 141|0x0000000088d00000, 0x0000000088d00000, 0x0000000088e00000|  0%| F|  |TAMS 0x0000000088d00000, 0x0000000088d00000| Untracked 
| 142|0x0000000088e00000, 0x0000000088e00000, 0x0000000088f00000|  0%| F|  |TAMS 0x0000000088e00000, 0x0000000088e00000| Untracked 
| 143|0x0000000088f00000, 0x0000000088f00000, 0x0000000089000000|  0%| F|  |TAMS 0x0000000088f00000, 0x0000000088f00000| Untracked 
| 144|0x0000000089000000, 0x0000000089000000, 0x0000000089100000|  0%| F|  |TAMS 0x0000000089000000, 0x0000000089000000| Untracked 
| 145|0x0000000089100000, 0x0000000089100000, 0x0000000089200000|  0%| F|  |TAMS 0x0000000089100000, 0x0000000089100000| Untracked 
| 146|0x0000000089200000, 0x0000000089200000, 0x0000000089300000|  0%| F|  |TAMS 0x0000000089200000, 0x0000000089200000| Untracked 
| 147|0x0000000089300000, 0x0000000089300000, 0x0000000089400000|  0%| F|  |TAMS 0x0000000089300000, 0x0000000089300000| Untracked 
| 148|0x0000000089400000, 0x0000000089400000, 0x0000000089500000|  0%| F|  |TAMS 0x0000000089400000, 0x0000000089400000| Untracked 
| 149|0x0000000089500000, 0x0000000089500000, 0x0000000089600000|  0%| F|  |TAMS 0x0000000089500000, 0x0000000089500000| Untracked 
| 150|0x0000000089600000, 0x0000000089600000, 0x0000000089700000|  0%| F|  |TAMS 0x0000000089600000, 0x0000000089600000| Untracked 
| 151|0x0000000089700000, 0x0000000089700000, 0x0000000089800000|  0%| F|  |TAMS 0x0000000089700000, 0x0000000089700000| Untracked 
| 152|0x0000000089800000, 0x0000000089800000, 0x0000000089900000|  0%| F|  |TAMS 0x0000000089800000, 0x0000000089800000| Untracked 
| 153|0x0000000089900000, 0x0000000089900000, 0x0000000089a00000|  0%| F|  |TAMS 0x0000000089900000, 0x0000000089900000| Untracked 
| 154|0x0000000089a00000, 0x0000000089a00000, 0x0000000089b00000|  0%| F|  |TAMS 0x0000000089a00000, 0x0000000089a00000| Untracked 
| 155|0x0000000089b00000, 0x0000000089b00000, 0x0000000089c00000|  0%| F|  |TAMS 0x0000000089b00000, 0x0000000089b00000| Untracked 
| 156|0x0000000089c00000, 0x0000000089c00000, 0x0000000089d00000|  0%| F|  |TAMS 0x0000000089c00000, 0x0000000089c00000| Untracked 
| 157|0x0000000089d00000, 0x0000000089d00000, 0x0000000089e00000|  0%| F|  |TAMS 0x0000000089d00000, 0x0000000089d00000| Untracked 
| 158|0x0000000089e00000, 0x0000000089e00000, 0x0000000089f00000|  0%| F|  |TAMS 0x0000000089e00000, 0x0000000089e00000| Untracked 
| 159|0x0000000089f00000, 0x0000000089f00000, 0x000000008a000000|  0%| F|  |TAMS 0x0000000089f00000, 0x0000000089f00000| Untracked 
| 160|0x000000008a000000, 0x000000008a000000, 0x000000008a100000|  0%| F|  |TAMS 0x000000008a000000, 0x000000008a000000| Untracked 
| 161|0x000000008a100000, 0x000000008a100000, 0x000000008a200000|  0%| F|  |TAMS 0x000000008a100000, 0x000000008a100000| Untracked 
| 162|0x000000008a200000, 0x000000008a200000, 0x000000008a300000|  0%| F|  |TAMS 0x000000008a200000, 0x000000008a200000| Untracked 
| 163|0x000000008a300000, 0x000000008a300000, 0x000000008a400000|  0%| F|  |TAMS 0x000000008a300000, 0x000000008a300000| Untracked 
| 164|0x000000008a400000, 0x000000008a400000, 0x000000008a500000|  0%| F|  |TAMS 0x000000008a400000, 0x000000008a400000| Untracked 
| 165|0x000000008a500000, 0x000000008a500000, 0x000000008a600000|  0%| F|  |TAMS 0x000000008a500000, 0x000000008a500000| Untracked 
| 166|0x000000008a600000, 0x000000008a600000, 0x000000008a700000|  0%| F|  |TAMS 0x000000008a600000, 0x000000008a600000| Untracked 
| 167|0x000000008a700000, 0x000000008a700000, 0x000000008a800000|  0%| F|  |TAMS 0x000000008a700000, 0x000000008a700000| Untracked 
| 168|0x000000008a800000, 0x000000008a800000, 0x000000008a900000|  0%| F|  |TAMS 0x000000008a800000, 0x000000008a800000| Untracked 
| 169|0x000000008a900000, 0x000000008a900000, 0x000000008aa00000|  0%| F|  |TAMS 0x000000008a900000, 0x000000008a900000| Untracked 
| 170|0x000000008aa00000, 0x000000008aa00000, 0x000000008ab00000|  0%| F|  |TAMS 0x000000008aa00000, 0x000000008aa00000| Untracked 
| 171|0x000000008ab00000, 0x000000008ab00000, 0x000000008ac00000|  0%| F|  |TAMS 0x000000008ab00000, 0x000000008ab00000| Untracked 
| 172|0x000000008ac00000, 0x000000008ac00000, 0x000000008ad00000|  0%| F|  |TAMS 0x000000008ac00000, 0x000000008ac00000| Untracked 
| 173|0x000000008ad00000, 0x000000008ad00000, 0x000000008ae00000|  0%| F|  |TAMS 0x000000008ad00000, 0x000000008ad00000| Untracked 
| 174|0x000000008ae00000, 0x000000008ae00000, 0x000000008af00000|  0%| F|  |TAMS 0x000000008ae00000, 0x000000008ae00000| Untracked 
| 175|0x000000008af00000, 0x000000008af00000, 0x000000008b000000|  0%| F|  |TAMS 0x000000008af00000, 0x000000008af00000| Untracked 
| 176|0x000000008b000000, 0x000000008b000000, 0x000000008b100000|  0%| F|  |TAMS 0x000000008b000000, 0x000000008b000000| Untracked 
| 177|0x000000008b100000, 0x000000008b100000, 0x000000008b200000|  0%| F|  |TAMS 0x000000008b100000, 0x000000008b100000| Untracked 
| 178|0x000000008b200000, 0x000000008b200000, 0x000000008b300000|  0%| F|  |TAMS 0x000000008b200000, 0x000000008b200000| Untracked 
| 179|0x000000008b300000, 0x000000008b300000, 0x000000008b400000|  0%| F|  |TAMS 0x000000008b300000, 0x000000008b300000| Untracked 
| 180|0x000000008b400000, 0x000000008b400000, 0x000000008b500000|  0%| F|  |TAMS 0x000000008b400000, 0x000000008b400000| Untracked 
| 181|0x000000008b500000, 0x000000008b500000, 0x000000008b600000|  0%| F|  |TAMS 0x000000008b500000, 0x000000008b500000| Untracked 
| 182|0x000000008b600000, 0x000000008b600000, 0x000000008b700000|  0%| F|  |TAMS 0x000000008b600000, 0x000000008b600000| Untracked 
| 183|0x000000008b700000, 0x000000008b700000, 0x000000008b800000|  0%| F|  |TAMS 0x000000008b700000, 0x000000008b700000| Untracked 
| 184|0x000000008b800000, 0x000000008b800000, 0x000000008b900000|  0%| F|  |TAMS 0x000000008b800000, 0x000000008b800000| Untracked 
| 185|0x000000008b900000, 0x000000008b900000, 0x000000008ba00000|  0%| F|  |TAMS 0x000000008b900000, 0x000000008b900000| Untracked 
| 186|0x000000008ba00000, 0x000000008ba00000, 0x000000008bb00000|  0%| F|  |TAMS 0x000000008ba00000, 0x000000008ba00000| Untracked 
| 187|0x000000008bb00000, 0x000000008bb00000, 0x000000008bc00000|  0%| F|  |TAMS 0x000000008bb00000, 0x000000008bb00000| Untracked 
| 188|0x000000008bc00000, 0x000000008bc00000, 0x000000008bd00000|  0%| F|  |TAMS 0x000000008bc00000, 0x000000008bc00000| Untracked 
| 189|0x000000008bd00000, 0x000000008bd00000, 0x000000008be00000|  0%| F|  |TAMS 0x000000008bd00000, 0x000000008bd00000| Untracked 
| 190|0x000000008be00000, 0x000000008be00000, 0x000000008bf00000|  0%| F|  |TAMS 0x000000008be00000, 0x000000008be00000| Untracked 
| 191|0x000000008bf00000, 0x000000008bf00000, 0x000000008c000000|  0%| F|  |TAMS 0x000000008bf00000, 0x000000008bf00000| Untracked 
| 192|0x000000008c000000, 0x000000008c000000, 0x000000008c100000|  0%| F|  |TAMS 0x000000008c000000, 0x000000008c000000| Untracked 
| 193|0x000000008c100000, 0x000000008c100000, 0x000000008c200000|  0%| F|  |TAMS 0x000000008c100000, 0x000000008c100000| Untracked 
| 194|0x000000008c200000, 0x000000008c200000, 0x000000008c300000|  0%| F|  |TAMS 0x000000008c200000, 0x000000008c200000| Untracked 
| 195|0x000000008c300000, 0x000000008c300000, 0x000000008c400000|  0%| F|  |TAMS 0x000000008c300000, 0x000000008c300000| Untracked 
| 196|0x000000008c400000, 0x000000008c400000, 0x000000008c500000|  0%| F|  |TAMS 0x000000008c400000, 0x000000008c400000| Untracked 
| 197|0x000000008c500000, 0x000000008c500000, 0x000000008c600000|  0%| F|  |TAMS 0x000000008c500000, 0x000000008c500000| Untracked 
| 198|0x000000008c600000, 0x000000008c600000, 0x000000008c700000|  0%| F|  |TAMS 0x000000008c600000, 0x000000008c600000| Untracked 
| 199|0x000000008c700000, 0x000000008c700000, 0x000000008c800000|  0%| F|  |TAMS 0x000000008c700000, 0x000000008c700000| Untracked 
| 200|0x000000008c800000, 0x000000008c800000, 0x000000008c900000|  0%| F|  |TAMS 0x000000008c800000, 0x000000008c800000| Untracked 
| 201|0x000000008c900000, 0x000000008c900000, 0x000000008ca00000|  0%| F|  |TAMS 0x000000008c900000, 0x000000008c900000| Untracked 
| 202|0x000000008ca00000, 0x000000008ca00000, 0x000000008cb00000|  0%| F|  |TAMS 0x000000008ca00000, 0x000000008ca00000| Untracked 
| 203|0x000000008cb00000, 0x000000008cb00000, 0x000000008cc00000|  0%| F|  |TAMS 0x000000008cb00000, 0x000000008cb00000| Untracked 
| 204|0x000000008cc00000, 0x000000008cc00000, 0x000000008cd00000|  0%| F|  |TAMS 0x000000008cc00000, 0x000000008cc00000| Untracked 
| 205|0x000000008cd00000, 0x000000008cd80800, 0x000000008ce00000| 50%| E|  |TAMS 0x000000008cd00000, 0x000000008cd00000| Complete 
| 206|0x000000008ce00000, 0x000000008cf00000, 0x000000008cf00000|100%| E|CS|TAMS 0x000000008ce00000, 0x000000008ce00000| Complete 
| 207|0x000000008cf00000, 0x000000008d000000, 0x000000008d000000|100%| E|CS|TAMS 0x000000008cf00000, 0x000000008cf00000| Complete 
| 208|0x000000008d000000, 0x000000008d100000, 0x000000008d100000|100%| E|CS|TAMS 0x000000008d000000, 0x000000008d000000| Complete 
| 209|0x000000008d100000, 0x000000008d200000, 0x000000008d200000|100%| E|CS|TAMS 0x000000008d100000, 0x000000008d100000| Complete 
| 210|0x000000008d200000, 0x000000008d300000, 0x000000008d300000|100%| E|CS|TAMS 0x000000008d200000, 0x000000008d200000| Complete 
| 211|0x000000008d300000, 0x000000008d400000, 0x000000008d400000|100%| E|CS|TAMS 0x000000008d300000, 0x000000008d300000| Complete 
| 212|0x000000008d400000, 0x000000008d500000, 0x000000008d500000|100%| E|CS|TAMS 0x000000008d400000, 0x000000008d400000| Complete 
| 213|0x000000008d500000, 0x000000008d600000, 0x000000008d600000|100%| E|CS|TAMS 0x000000008d500000, 0x000000008d500000| Complete 
| 214|0x000000008d600000, 0x000000008d700000, 0x000000008d700000|100%| E|CS|TAMS 0x000000008d600000, 0x000000008d600000| Complete 
| 215|0x000000008d700000, 0x000000008d800000, 0x000000008d800000|100%| E|CS|TAMS 0x000000008d700000, 0x000000008d700000| Complete 
| 216|0x000000008d800000, 0x000000008d900000, 0x000000008d900000|100%| E|CS|TAMS 0x000000008d800000, 0x000000008d800000| Complete 
| 217|0x000000008d900000, 0x000000008da00000, 0x000000008da00000|100%| E|CS|TAMS 0x000000008d900000, 0x000000008d900000| Complete 
| 218|0x000000008da00000, 0x000000008db00000, 0x000000008db00000|100%| E|CS|TAMS 0x000000008da00000, 0x000000008da00000| Complete 
| 219|0x000000008db00000, 0x000000008dc00000, 0x000000008dc00000|100%| E|CS|TAMS 0x000000008db00000, 0x000000008db00000| Complete 
| 220|0x000000008dc00000, 0x000000008dd00000, 0x000000008dd00000|100%| E|CS|TAMS 0x000000008dc00000, 0x000000008dc00000| Complete 
| 221|0x000000008dd00000, 0x000000008de00000, 0x000000008de00000|100%| E|CS|TAMS 0x000000008dd00000, 0x000000008dd00000| Complete 

Card table byte_map: [0x000001c0f8940000,0x000001c0f8d40000] _byte_map_base: 0x000001c0f8540000

Marking Bits (Prev, Next): (CMBitMap*) 0x000001c0f25e1668, (CMBitMap*) 0x000001c0f25e16a0
 Prev Bits: [0x000001c0f9140000, 0x000001c0fb140000)
 Next Bits: [0x000001c0fb140000, 0x000001c0fd140000)

Polling page: 0x000001c0f23f0000

Metaspace:

Usage:
  Non-class:     74.59 MB capacity,    73.08 MB ( 98%) used,     1.23 MB (  2%) free+waste,   276.50 KB ( <1%) overhead. 
      Class:     11.72 MB capacity,    10.83 MB ( 92%) used,   784.15 KB (  7%) free+waste,   128.50 KB (  1%) overhead. 
       Both:     86.31 MB capacity,    83.91 MB ( 97%) used,     2.00 MB (  2%) free+waste,   405.00 KB ( <1%) overhead. 

Virtual space:
  Non-class space:       76.00 MB reserved,      74.75 MB ( 98%) committed 
      Class space:        1.00 GB reserved,      11.82 MB (  1%) committed 
             Both:        1.07 GB reserved,      86.57 MB (  8%) committed 

Chunk freelists:
   Non-Class:  37.00 KB
       Class:  29.00 KB
        Both:  66.00 KB

MaxMetaspaceSize: 17179869184.00 GB
CompressedClassSpaceSize: 1.00 GB

CodeHeap 'non-profiled nmethods': size=120000Kb used=6915Kb max_used=6915Kb free=113085Kb
 bounds [0x000001c087ad0000, 0x000001c0881a0000, 0x000001c08f000000]
CodeHeap 'profiled nmethods': size=120000Kb used=22420Kb max_used=22420Kb free=97579Kb
 bounds [0x000001c0805a0000, 0x000001c081b90000, 0x000001c087ad0000]
CodeHeap 'non-nmethods': size=5760Kb used=2349Kb max_used=2408Kb free=3410Kb
 bounds [0x000001c080000000, 0x000001c080270000, 0x000001c0805a0000]
 total_blobs=11306 nmethods=10317 adapters=900
 compilation: enabled
              stopped_count=0, restarted_count=0
 full_count=0

Compilation events (20 events):
Event: 8.005 Thread 0x000001c093656000 10149       4       java.lang.AbstractStringBuilder::inflate (42 bytes)
Event: 8.006 Thread 0x000001c091fb2000 nmethod 10291 0x000001c088173090 code [0x000001c088173220, 0x000001c0881733d8]
Event: 8.006 Thread 0x000001c091fb2000 10075       4       org.apache.xerces.dom.NamedNodeMapImpl::item (38 bytes)
Event: 8.007 Thread 0x000001c091fb2000 nmethod 10075 0x000001c088173510 code [0x000001c0881736c0, 0x000001c088173878]
Event: 8.007 Thread 0x000001c091fb2000 10252       4       com.google.common.collect.AbstractMapBasedMultimap$WrappedCollection::refreshIfEmpty (78 bytes)
Event: 8.007 Thread 0x000001c093656000 nmethod 10149 0x000001c088173a90 code [0x000001c088173c40, 0x000001c088173ff8]
Event: 8.007 Thread 0x000001c093656000 10054       4       org.apache.xerces.dom.NodeImpl::setOwnerDocument (24 bytes)
Event: 8.008 Thread 0x000001c091fb2000 nmethod 10252 0x000001c088174110 code [0x000001c0881742a0, 0x000001c088174378]
Event: 8.008 Thread 0x000001c091fb2000 9973       4       java.lang.reflect.Constructor::newInstance (76 bytes)
Event: 8.008 Thread 0x000001c093656000 nmethod 10054 0x000001c088174490 code [0x000001c088174620, 0x000001c088174798]
Event: 8.008 Thread 0x000001c093656000 10065       4       org.apache.xerces.dom.CoreDocumentImpl::createTextNode (10 bytes)
Event: 8.009 Thread 0x000001c093656000 nmethod 10065 0x000001c088174810 code [0x000001c0881749a0, 0x000001c088174bb8]
Event: 8.009 Thread 0x000001c093656000 10171       4       java.awt.image.DataBufferInt::getElem (12 bytes)
Event: 8.010 Thread 0x000001c093656000 nmethod 10171 0x000001c088174c90 code [0x000001c088174e20, 0x000001c088174eb8]
Event: 8.010 Thread 0x000001c093656000 10130       4       java.lang.StringUTF16::putCharSB (12 bytes)
Event: 8.010 Thread 0x000001c093656000 nmethod 10130 0x000001c088174f90 code [0x000001c088175120, 0x000001c088175198]
Event: 8.010 Thread 0x000001c093656000 10153       4       java.lang.ClassLoader::getParent (32 bytes)
Event: 8.010 Thread 0x000001c093656000 nmethod 10153 0x000001c088175290 code [0x000001c088175420, 0x000001c0881754b8]
Event: 8.010 Thread 0x000001c093656000 10004       4       org.apache.xerces.dom.NodeImpl::appendChild (7 bytes)
Event: 8.011 Thread 0x000001c093656000 nmethod 10004 0x000001c088175590 code [0x000001c088175720, 0x000001c088175798]

GC Heap History (20 events):
Event: 2.590 GC heap before
{Heap before GC invocations=8 (full 0):
 garbage-first heap   total 131072K, used 84983K [0x0000000080000000, 0x0000000100000000)
  region size 1024K, 63 young (64512K), 4 survivors (4096K)
 Metaspace       used 39360K, capacity 40267K, committed 40448K, reserved 1085440K
  class space    used 5036K, capacity 5357K, committed 5376K, reserved 1048576K
}
Event: 2.596 GC heap after
{Heap after GC invocations=9 (full 0):
 garbage-first heap   total 157696K, used 27209K [0x0000000080000000, 0x0000000100000000)
  region size 1024K, 8 young (8192K), 8 survivors (8192K)
 Metaspace       used 39360K, capacity 40267K, committed 40448K, reserved 1085440K
  class space    used 5036K, capacity 5357K, committed 5376K, reserved 1048576K
}
Event: 3.045 GC heap before
{Heap before GC invocations=9 (full 0):
 garbage-first heap   total 157696K, used 99913K [0x0000000080000000, 0x0000000100000000)
  region size 1024K, 79 young (80896K), 8 survivors (8192K)
 Metaspace       used 45665K, capacity 46882K, committed 47104K, reserved 1089536K
  class space    used 5876K, capacity 6300K, committed 6400K, reserved 1048576K
}
Event: 3.050 GC heap after
{Heap after GC invocations=10 (full 0):
 garbage-first heap   total 157696K, used 29947K [0x0000000080000000, 0x0000000100000000)
  region size 1024K, 8 young (8192K), 8 survivors (8192K)
 Metaspace       used 45665K, capacity 46882K, committed 47104K, reserved 1089536K
  class space    used 5876K, capacity 6300K, committed 6400K, reserved 1048576K
}
Event: 3.580 GC heap before
{Heap before GC invocations=10 (full 0):
 garbage-first heap   total 157696K, used 107771K [0x0000000080000000, 0x0000000100000000)
  region size 1024K, 81 young (82944K), 8 survivors (8192K)
 Metaspace       used 51010K, capacity 52340K, committed 52608K, reserved 1095680K
  class space    used 6532K, capacity 6970K, committed 7040K, reserved 1048576K
}
Event: 3.586 GC heap after
{Heap after GC invocations=11 (full 0):
 garbage-first heap   total 157696K, used 42733K [0x0000000080000000, 0x0000000100000000)
  region size 1024K, 11 young (11264K), 11 survivors (11264K)
 Metaspace       used 51010K, capacity 52340K, committed 52608K, reserved 1095680K
  class space    used 6532K, capacity 6970K, committed 7040K, reserved 1048576K
}
Event: 3.979 GC heap before
{Heap before GC invocations=11 (full 0):
 garbage-first heap   total 157696K, used 88813K [0x0000000080000000, 0x0000000100000000)
  region size 1024K, 57 young (58368K), 11 survivors (11264K)
 Metaspace       used 58524K, capacity 60087K, committed 60160K, reserved 1101824K
  class space    used 7450K, capacity 8037K, committed 8064K, reserved 1048576K
}
Event: 3.991 GC heap after
{Heap after GC invocations=12 (full 0):
 garbage-first heap   total 157696K, used 46094K [0x0000000080000000, 0x0000000100000000)
  region size 1024K, 4 young (4096K), 4 survivors (4096K)
 Metaspace       used 58524K, capacity 60087K, committed 60160K, reserved 1101824K
  class space    used 7450K, capacity 8037K, committed 8064K, reserved 1048576K
}
Event: 4.385 GC heap before
{Heap before GC invocations=13 (full 0):
 garbage-first heap   total 157696K, used 107534K [0x0000000080000000, 0x0000000100000000)
  region size 1024K, 64 young (65536K), 4 survivors (4096K)
 Metaspace       used 63167K, capacity 64762K, committed 64972K, reserved 1105920K
  class space    used 8063K, capacity 8642K, committed 8652K, reserved 1048576K
}
Event: 4.394 GC heap after
{Heap after GC invocations=14 (full 0):
 garbage-first heap   total 189440K, used 50668K [0x0000000080000000, 0x0000000100000000)
  region size 1024K, 8 young (8192K), 8 survivors (8192K)
 Metaspace       used 63167K, capacity 64762K, committed 64972K, reserved 1105920K
  class space    used 8063K, capacity 8642K, committed 8652K, reserved 1048576K
}
Event: 4.998 GC heap before
{Heap before GC invocations=15 (full 0):
 garbage-first heap   total 189440K, used 126444K [0x0000000080000000, 0x0000000100000000)
  region size 1024K, 82 young (83968K), 8 survivors (8192K)
 Metaspace       used 69788K, capacity 71435K, committed 71628K, reserved 1112064K
  class space    used 9072K, capacity 9658K, committed 9676K, reserved 1048576K
}
Event: 5.005 GC heap after
{Heap after GC invocations=16 (full 0):
 garbage-first heap   total 189440K, used 56164K [0x0000000080000000, 0x0000000100000000)
  region size 1024K, 11 young (11264K), 11 survivors (11264K)
 Metaspace       used 69788K, capacity 71435K, committed 71628K, reserved 1112064K
  class space    used 9072K, capacity 9658K, committed 9676K, reserved 1048576K
}
Event: 5.846 GC heap before
{Heap before GC invocations=16 (full 0):
 garbage-first heap   total 189440K, used 130916K [0x0000000080000000, 0x0000000100000000)
  region size 1024K, 85 young (87040K), 11 survivors (11264K)
 Metaspace       used 77522K, capacity 79419K, committed 79564K, reserved 1118208K
  class space    used 10194K, capacity 10856K, committed 10956K, reserved 1048576K
}
Event: 5.853 GC heap after
{Heap after GC invocations=17 (full 0):
 garbage-first heap   total 189440K, used 61534K [0x0000000080000000, 0x0000000100000000)
  region size 1024K, 11 young (11264K), 11 survivors (11264K)
 Metaspace       used 77522K, capacity 79419K, committed 79564K, reserved 1118208K
  class space    used 10194K, capacity 10856K, committed 10956K, reserved 1048576K
}
Event: 6.189 GC heap before
{Heap before GC invocations=17 (full 0):
 garbage-first heap   total 189440K, used 136286K [0x0000000080000000, 0x0000000100000000)
  region size 1024K, 85 young (87040K), 11 survivors (11264K)
 Metaspace       used 79500K, capacity 81828K, committed 82124K, reserved 1120256K
  class space    used 10506K, capacity 11397K, committed 11468K, reserved 1048576K
}
Event: 6.197 GC heap after
{Heap after GC invocations=18 (full 0):
 garbage-first heap   total 189440K, used 65919K [0x0000000080000000, 0x0000000100000000)
  region size 1024K, 10 young (10240K), 10 survivors (10240K)
 Metaspace       used 79500K, capacity 81828K, committed 82124K, reserved 1120256K
  class space    used 10506K, capacity 11397K, committed 11468K, reserved 1048576K
}
Event: 6.769 GC heap before
{Heap before GC invocations=18 (full 0):
 garbage-first heap   total 189440K, used 140671K [0x0000000080000000, 0x0000000100000000)
  region size 1024K, 84 young (86016K), 10 survivors (10240K)
 Metaspace       used 82011K, capacity 84351K, committed 84684K, reserved 1122304K
  class space    used 10723K, capacity 11606K, committed 11724K, reserved 1048576K
}
Event: 6.779 GC heap after
{Heap after GC invocations=19 (full 0):
 garbage-first heap   total 227328K, used 73080K [0x0000000080000000, 0x0000000100000000)
  region size 1024K, 11 young (11264K), 11 survivors (11264K)
 Metaspace       used 82011K, capacity 84351K, committed 84684K, reserved 1122304K
  class space    used 10723K, capacity 11606K, committed 11724K, reserved 1048576K
}
Event: 7.875 GC heap before
{Heap before GC invocations=19 (full 0):
 garbage-first heap   total 227328K, used 174456K [0x0000000080000000, 0x0000000100000000)
  region size 1024K, 99 young (101376K), 11 survivors (11264K)
 Metaspace       used 85898K, capacity 88318K, committed 88652K, reserved 1126400K
  class space    used 11089K, capacity 12003K, committed 12108K, reserved 1048576K
}
Event: 7.892 GC heap after
{Heap after GC invocations=20 (full 0):
 garbage-first heap   total 227328K, used 94751K [0x0000000080000000, 0x0000000100000000)
  region size 1024K, 13 young (13312K), 13 survivors (13312K)
 Metaspace       used 85898K, capacity 88318K, committed 88652K, reserved 1126400K
  class space    used 11089K, capacity 12003K, committed 12108K, reserved 1048576K
}

Deoptimization events (20 events):
Event: 7.861 Thread 0x000001c08fb1b800 DEOPT PACKING pc=0x000001c08814d2d4 sp=0x000000164a6f9c20
Event: 7.861 Thread 0x000001c08fb1b800 DEOPT UNPACKING pc=0x000001c0800278af sp=0x000000164a6f9bb8 mode 2
Event: 7.863 Thread 0x000001c08fb1b800 DEOPT PACKING pc=0x000001c081b17844 sp=0x000000164a6f9690
Event: 7.863 Thread 0x000001c08fb1b800 DEOPT UNPACKING pc=0x000001c0800276ce sp=0x000000164a6f8c30 mode 0
Event: 7.863 Thread 0x000001c08fb1b800 DEOPT PACKING pc=0x000001c081b17844 sp=0x000000164a6f9690
Event: 7.863 Thread 0x000001c08fb1b800 DEOPT UNPACKING pc=0x000001c0800276ce sp=0x000000164a6f8c30 mode 0
Event: 7.869 Thread 0x000001c08fb1b800 DEOPT PACKING pc=0x000001c081b17844 sp=0x000000164a6f9690
Event: 7.869 Thread 0x000001c08fb1b800 DEOPT UNPACKING pc=0x000001c0800276ce sp=0x000000164a6f8c30 mode 0
Event: 7.869 Thread 0x000001c08fb1b800 DEOPT PACKING pc=0x000001c081b17844 sp=0x000000164a6f9690
Event: 7.869 Thread 0x000001c08fb1b800 DEOPT UNPACKING pc=0x000001c0800276ce sp=0x000000164a6f8c30 mode 0
Event: 7.871 Thread 0x000001c08fb1b800 DEOPT PACKING pc=0x000001c081b17844 sp=0x000000164a6f9690
Event: 7.871 Thread 0x000001c08fb1b800 DEOPT UNPACKING pc=0x000001c0800276ce sp=0x000000164a6f8c30 mode 0
Event: 7.919 Thread 0x000001c08fb1b800 DEOPT PACKING pc=0x000001c081b5225e sp=0x000000164a6f9930
Event: 7.919 Thread 0x000001c08fb1b800 DEOPT UNPACKING pc=0x000001c0800276ce sp=0x000000164a6f8dc8 mode 0
Event: 7.922 Thread 0x000001c08fb1b800 DEOPT PACKING pc=0x000001c0818de253 sp=0x000000164a6f97d0
Event: 7.922 Thread 0x000001c08fb1b800 DEOPT UNPACKING pc=0x000001c0800276ce sp=0x000000164a6f8ca8 mode 0
Event: 7.940 Thread 0x000001c08fb1b800 Uncommon trap: trap_request=0xffffff4d fr.pc=0x000001c088152968 relative=0x00000000000006e8
Event: 7.940 Thread 0x000001c08fb1b800 Uncommon trap: reason=unstable_if action=reinterpret pc=0x000001c088152968 method=sun.nio.cs.UTF_8$Encoder.encodeArrayLoop(Ljava/nio/CharBuffer;Ljava/nio/ByteBuffer;)Ljava/nio/charset/CoderResult; @ 175 c2
Event: 7.940 Thread 0x000001c08fb1b800 DEOPT PACKING pc=0x000001c088152968 sp=0x000000164a6f9c50
Event: 7.940 Thread 0x000001c08fb1b800 DEOPT UNPACKING pc=0x000001c0800278af sp=0x000000164a6f9bb8 mode 2

Classes redefined (0 events):
No events

Internal exceptions (20 events):
Event: 6.923 Thread 0x000001c08fb1b800 Implicit null exception at 0x000001c0880bca68 to 0x000001c0880bcc98
Event: 7.668 Thread 0x000001c08fb1b800 Exception <a 'java/lang/NoSuchMethodError'{0x000000008a123d60}: <clinit>> (0x000000008a123d60) thrown at [./src/hotspot/share/prims/jni.cpp, line 1362]
Event: 7.669 Thread 0x000001c08fb1b800 Exception <a 'java/lang/NoSuchMethodError'{0x000000008a134020}: <clinit>> (0x000000008a134020) thrown at [./src/hotspot/share/prims/jni.cpp, line 1362]
Event: 7.672 Thread 0x000001c08fb1b800 Exception <a 'java/lang/NoSuchMethodError'{0x000000008a1a3588}: <clinit>> (0x000000008a1a3588) thrown at [./src/hotspot/share/prims/jni.cpp, line 1362]
Event: 7.672 Thread 0x000001c08fb1b800 Exception <a 'java/lang/NoSuchMethodError'{0x000000008a1a6150}: <clinit>> (0x000000008a1a6150) thrown at [./src/hotspot/share/prims/jni.cpp, line 1362]
Event: 7.672 Thread 0x000001c08fb1b800 Exception <a 'java/lang/NoSuchMethodError'{0x000000008a1aab30}: <clinit>> (0x000000008a1aab30) thrown at [./src/hotspot/share/prims/jni.cpp, line 1362]
Event: 7.672 Thread 0x000001c08fb1b800 Exception <a 'java/lang/NoSuchMethodError'{0x000000008a1b62d0}: <clinit>> (0x000000008a1b62d0) thrown at [./src/hotspot/share/prims/jni.cpp, line 1362]
Event: 7.675 Thread 0x000001c08fb1b800 Exception <a 'java/lang/NoSuchMethodError'{0x000000008a014800}: <clinit>> (0x000000008a014800) thrown at [./src/hotspot/share/prims/jni.cpp, line 1362]
Event: 7.677 Thread 0x000001c08fb1b800 Exception <a 'java/lang/NoSuchMethodError'{0x000000008a0497f0}: <clinit>> (0x000000008a0497f0) thrown at [./src/hotspot/share/prims/jni.cpp, line 1362]
Event: 7.678 Thread 0x000001c08fb1b800 Exception <a 'java/lang/NoSuchMethodError'{0x000000008a07b700}: <clinit>> (0x000000008a07b700) thrown at [./src/hotspot/share/prims/jni.cpp, line 1362]
Event: 7.679 Thread 0x000001c08fb1b800 Exception <a 'java/lang/NoSuchMethodError'{0x000000008a07eb68}: <clinit>> (0x000000008a07eb68) thrown at [./src/hotspot/share/prims/jni.cpp, line 1362]
Event: 7.679 Thread 0x000001c08fb1b800 Exception <a 'java/lang/NoSuchMethodError'{0x000000008a0817d8}: <clinit>> (0x000000008a0817d8) thrown at [./src/hotspot/share/prims/jni.cpp, line 1362]
Event: 7.679 Thread 0x000001c08fb1b800 Exception <a 'java/lang/NoSuchMethodError'{0x000000008a0997d0}: <clinit>> (0x000000008a0997d0) thrown at [./src/hotspot/share/prims/jni.cpp, line 1362]
Event: 7.679 Thread 0x000001c08fb1b800 Exception <a 'java/lang/NoSuchMethodError'{0x000000008a0b1078}: <clinit>> (0x000000008a0b1078) thrown at [./src/hotspot/share/prims/jni.cpp, line 1362]
Event: 7.680 Thread 0x000001c08fb1b800 Exception <a 'java/lang/NoSuchMethodError'{0x000000008a0d2d58}: <clinit>> (0x000000008a0d2d58) thrown at [./src/hotspot/share/prims/jni.cpp, line 1362]
Event: 7.681 Thread 0x000001c08fb1b800 Exception <a 'java/lang/NoSuchMethodError'{0x000000008a0e57c0}: <clinit>> (0x000000008a0e57c0) thrown at [./src/hotspot/share/prims/jni.cpp, line 1362]
Event: 7.710 Thread 0x000001c08fb1b800 Exception <a 'java/lang/NoSuchMethodError'{0x0000000089c1ecb8}: <clinit>> (0x0000000089c1ecb8) thrown at [./src/hotspot/share/prims/jni.cpp, line 1362]
Event: 7.719 Thread 0x000001c08fb17800 Exception <a 'java/lang/ClassNotFoundException'{0x0000000089a84798}: sun/awt/resources/spi/awtProvider> (0x0000000089a84798) thrown at [./src/hotspot/share/classfile/systemDictionary.cpp, line 231]
Event: 7.724 Thread 0x000001c08fb17800 Exception <a 'java/io/FileNotFoundException'{0x0000000089944890}> (0x0000000089944890) thrown at [./src/hotspot/share/prims/jni.cpp, line 615]
Event: 7.724 Thread 0x000001c08fb17800 Exception <a 'java/io/FileNotFoundException'{0x0000000089947a10}> (0x0000000089947a10) thrown at [./src/hotspot/share/prims/jni.cpp, line 615]

Events (20 events):
Event: 7.801 loading class com/android/builder/internal/aapt/v2/Aapt2RenamingConventions
Event: 7.801 loading class com/android/builder/internal/aapt/v2/Aapt2RenamingConventions done
Event: 7.801 loading class com/sun/imageio/plugins/png/IDATOutputStream
Event: 7.801 loading class com/sun/imageio/plugins/png/IDATOutputStream done
Event: 7.802 loading class java/util/zip/Deflater
Event: 7.802 loading class com/android/builder/internal/aapt/v2/Aapt2Exception
Event: 7.802 loading class com/android/builder/internal/aapt/v2/Aapt2Exception done
Event: 7.802 loading class java/util/zip/Deflater done
Event: 7.802 loading class com/android/ide/common/blame/MergingLogPersistUtil
Event: 7.802 loading class com/android/ide/common/blame/MergingLogPersistUtil done
Event: 7.802 loading class java/util/zip/Deflater$DeflaterZStreamRef
Event: 7.802 loading class java/util/zip/Deflater$DeflaterZStreamRef done
Event: 7.803 loading class java/awt/image/PixelInterleavedSampleModel
Event: 7.803 loading class java/awt/image/ComponentSampleModel
Event: 7.803 loading class java/awt/image/ComponentSampleModel done
Event: 7.803 loading class java/awt/image/PixelInterleavedSampleModel done
Event: 7.803 loading class com/android/ide/common/blame/MergingLogPersistUtil$SourcePositionsSerializer$JsonTypeAdapter
Event: 7.803 loading class com/android/ide/common/blame/MergingLogPersistUtil$SourcePositionsSerializer$JsonTypeAdapter done
Event: 7.874 Executing VM operation: G1CollectForAllocation
Event: 7.892 Executing VM operation: G1CollectForAllocation done


Dynamic libraries:
0x00007ff78b620000 - 0x00007ff78b62a000 	C:\Program Files\Android\Android Studio\jre\bin\java.exe
0x00007ff99e340000 - 0x00007ff99e547000 	C:\Windows\SYSTEM32\ntdll.dll
0x00007ff99dbf0000 - 0x00007ff99dcad000 	C:\Windows\System32\KERNEL32.DLL
0x00007ff99bba0000 - 0x00007ff99bf14000 	C:\Windows\System32\KERNELBASE.dll
0x00007ff99b9e0000 - 0x00007ff99baf1000 	C:\Windows\System32\ucrtbase.dll
0x00007ff9942a0000 - 0x00007ff9942b7000 	C:\Program Files\Android\Android Studio\jre\bin\VCRUNTIME140.dll
0x00007ff992880000 - 0x00007ff992899000 	C:\Program Files\Android\Android Studio\jre\bin\jli.dll
0x00007ff99ca60000 - 0x00007ff99cc0c000 	C:\Windows\System32\USER32.dll
0x00007ff99b9b0000 - 0x00007ff99b9d6000 	C:\Windows\System32\win32u.dll
0x00007ff99dcb0000 - 0x00007ff99dcd9000 	C:\Windows\System32\GDI32.dll
0x00007ff99b890000 - 0x00007ff99b9a2000 	C:\Windows\System32\gdi32full.dll
0x00007ff99bb00000 - 0x00007ff99bb9d000 	C:\Windows\System32\msvcp_win.dll
0x00007ff98c7e0000 - 0x00007ff98ca85000 	C:\Windows\WinSxS\amd64_microsoft.windows.common-controls_6595b64144ccf1df_6.0.22000.120_none_9d947278b86cc467\COMCTL32.dll
0x00007ff99c1d0000 - 0x00007ff99c273000 	C:\Windows\System32\msvcrt.dll
0x00007ff99c880000 - 0x00007ff99c8b1000 	C:\Windows\System32\IMM32.DLL
0x00007ff971f60000 - 0x00007ff971ffd000 	C:\Program Files\Android\Android Studio\jre\bin\msvcp140.dll
0x00007ff967790000 - 0x00007ff96825f000 	C:\Program Files\Android\Android Studio\jre\bin\server\jvm.dll
0x00007ff99d910000 - 0x00007ff99d9bc000 	C:\Windows\System32\ADVAPI32.dll
0x00007ff99c660000 - 0x00007ff99c6fd000 	C:\Windows\System32\sechost.dll
0x00007ff99c920000 - 0x00007ff99ca41000 	C:\Windows\System32\RPCRT4.dll
0x00007ff99e130000 - 0x00007ff99e138000 	C:\Windows\System32\PSAPI.DLL
0x00007ff998b50000 - 0x00007ff998b59000 	C:\Windows\SYSTEM32\WSOCK32.dll
0x00007ff99da20000 - 0x00007ff99da8f000 	C:\Windows\System32\WS2_32.dll
0x00007ff996060000 - 0x00007ff996093000 	C:\Windows\SYSTEM32\WINMM.dll
0x00007ff9950f0000 - 0x00007ff9950fa000 	C:\Windows\SYSTEM32\VERSION.dll
0x00007ff99a940000 - 0x00007ff99a958000 	C:\Windows\SYSTEM32\kernel.appcore.dll
0x00007ff998b30000 - 0x00007ff998b41000 	C:\Program Files\Android\Android Studio\jre\bin\verify.dll
0x00007ff98eb40000 - 0x00007ff98ed61000 	C:\Windows\SYSTEM32\DBGHELP.DLL
0x00007ff988ea0000 - 0x00007ff988ed1000 	C:\Windows\SYSTEM32\dbgcore.DLL
0x00007ff99bf20000 - 0x00007ff99bf9f000 	C:\Windows\System32\bcryptPrimitives.dll
0x00007ff992a10000 - 0x00007ff992a39000 	C:\Program Files\Android\Android Studio\jre\bin\java.dll
0x00007ff997a50000 - 0x00007ff997a5b000 	C:\Program Files\Android\Android Studio\jre\bin\jimage.dll
0x00007ff9976d0000 - 0x00007ff9976e8000 	C:\Program Files\Android\Android Studio\jre\bin\zip.dll
0x00007ff99cc10000 - 0x00007ff99d3be000 	C:\Windows\System32\SHELL32.dll
0x00007ff9999c0000 - 0x00007ff99a227000 	C:\Windows\SYSTEM32\windows.storage.dll
0x00007ff99ddb0000 - 0x00007ff99e128000 	C:\Windows\System32\combase.dll
0x00007ff999850000 - 0x00007ff9999b6000 	C:\Windows\SYSTEM32\wintypes.dll
0x00007ff99c790000 - 0x00007ff99c87a000 	C:\Windows\System32\SHCORE.dll
0x00007ff99c8c0000 - 0x00007ff99c91d000 	C:\Windows\System32\shlwapi.dll
0x00007ff99b750000 - 0x00007ff99b771000 	C:\Windows\SYSTEM32\profapi.dll
0x00007ff993d10000 - 0x00007ff993d2a000 	C:\Program Files\Android\Android Studio\jre\bin\net.dll
0x00007ff996160000 - 0x00007ff99626c000 	C:\Windows\SYSTEM32\WINHTTP.dll
0x00007ff99ad50000 - 0x00007ff99adb7000 	C:\Windows\system32\mswsock.dll
0x00007ff9929f0000 - 0x00007ff992a04000 	C:\Program Files\Android\Android Studio\jre\bin\nio.dll
0x00007ff98b270000 - 0x00007ff98b297000 	C:\Users\NeHaL\.gradle\native\8bec1ad78214c89d9ad589b4d07fe93259594b29d510b10fafb7a158f7737e5d\windows-amd64\native-platform.dll
0x00007ff9695d0000 - 0x00007ff96970d000 	C:\Users\NeHaL\.gradle\native\53dbd7edfb1c66fb8903c78663c9afc45aea4f116125fa6feffd364cf09443e8\windows-amd64\native-platform-file-events.dll
0x00007ff994f40000 - 0x00007ff994f4a000 	C:\Program Files\Android\Android Studio\jre\bin\management.dll
0x00007ff993ce0000 - 0x00007ff993cec000 	C:\Program Files\Android\Android Studio\jre\bin\management_ext.dll
0x00007ff99af90000 - 0x00007ff99afa8000 	C:\Windows\SYSTEM32\CRYPTSP.dll
0x00007ff99a8a0000 - 0x00007ff99a8d5000 	C:\Windows\system32\rsaenh.dll
0x00007ff99ae40000 - 0x00007ff99ae69000 	C:\Windows\SYSTEM32\USERENV.dll
0x00007ff99b110000 - 0x00007ff99b137000 	C:\Windows\SYSTEM32\bcrypt.dll
0x00007ff99afb0000 - 0x00007ff99afbc000 	C:\Windows\SYSTEM32\CRYPTBASE.dll
0x00007ff99a480000 - 0x00007ff99a4ad000 	C:\Windows\SYSTEM32\IPHLPAPI.DLL
0x00007ff99db70000 - 0x00007ff99db79000 	C:\Windows\System32\NSI.dll
0x00007ff995a40000 - 0x00007ff995a59000 	C:\Windows\SYSTEM32\dhcpcsvc6.DLL
0x00007ff996d30000 - 0x00007ff996d4e000 	C:\Windows\SYSTEM32\dhcpcsvc.DLL
0x00007ff99a4b0000 - 0x00007ff99a597000 	C:\Windows\SYSTEM32\DNSAPI.dll
0x00007ff96d250000 - 0x00007ff96d3f4000 	C:\Program Files\Android\Android Studio\jre\bin\awt.dll
0x00007ff99da90000 - 0x00007ff99db66000 	C:\Windows\System32\OLEAUT32.dll
0x00007ff999340000 - 0x00007ff99936f000 	C:\Windows\SYSTEM32\dwmapi.dll
0x00007ff998df0000 - 0x00007ff998e81000 	C:\Windows\SYSTEM32\apphelp.dll
0x00007ff998f60000 - 0x00007ff99900c000 	C:\Windows\system32\uxtheme.dll

dbghelp: loaded successfully - version: 4.0.5 - missing functions: none
symbol engine: initialized successfully - sym options: 0x614 - pdb path: .;C:\Program Files\Android\Android Studio\jre\bin;C:\Windows\SYSTEM32;C:\Windows\WinSxS\amd64_microsoft.windows.common-controls_6595b64144ccf1df_6.0.22000.120_none_9d947278b86cc467;C:\Program Files\Android\Android Studio\jre\bin\server;C:\Users\NeHaL\.gradle\native\8bec1ad78214c89d9ad589b4d07fe93259594b29d510b10fafb7a158f7737e5d\windows-amd64;C:\Users\NeHaL\.gradle\native\53dbd7edfb1c66fb8903c78663c9afc45aea4f116125fa6feffd364cf09443e8\windows-amd64

VM Arguments:
jvm_args: --add-opens=java.base/java.util=ALL-UNNAMED --add-opens=java.base/java.lang=ALL-UNNAMED --add-opens=java.base/java.lang.invoke=ALL-UNNAMED --add-opens=java.base/java.util=ALL-UNNAMED --add-opens=java.prefs/java.util.prefs=ALL-UNNAMED --add-opens=java.prefs/java.util.prefs=ALL-UNNAMED --add-opens=java.base/java.nio.charset=ALL-UNNAMED --add-opens=java.base/java.net=ALL-UNNAMED --add-opens=java.base/java.util.concurrent.atomic=ALL-UNNAMED -Xmx2048m -Dfile.encoding=UTF-8 -Duser.country=IN -Duser.language=en -Duser.variant 
java_command: org.gradle.launcher.daemon.bootstrap.GradleDaemon 7.0.2
java_class_path (initial): C:\Users\NeHaL\.gradle\wrapper\dists\gradle-7.0.2-bin\857tjihv64xamwrf0h14cai3r\gradle-7.0.2\lib\gradle-launcher-7.0.2.jar
Launcher Type: SUN_STANDARD

[Global flags]
     intx CICompilerCount                          = 4                                         {product} {ergonomic}
     uint ConcGCThreads                            = 3                                         {product} {ergonomic}
     uint G1ConcRefinementThreads                  = 10                                        {product} {ergonomic}
   size_t G1HeapRegionSize                         = 1048576                                   {product} {ergonomic}
    uintx GCDrainStackTargetSize                   = 64                                        {product} {ergonomic}
   size_t InitialHeapSize                          = 134217728                                 {product} {ergonomic}
   size_t MarkStackSize                            = 4194304                                   {product} {ergonomic}
   size_t MaxHeapSize                              = 2147483648                                {product} {command line}
   size_t MaxNewSize                               = 1287651328                                {product} {ergonomic}
   size_t MinHeapDeltaBytes                        = 1048576                                   {product} {ergonomic}
    uintx NonNMethodCodeHeapSize                   = 5836300                                {pd product} {ergonomic}
    uintx NonProfiledCodeHeapSize                  = 122910970                              {pd product} {ergonomic}
    uintx ProfiledCodeHeapSize                     = 122910970                              {pd product} {ergonomic}
    uintx ReservedCodeCacheSize                    = 251658240                              {pd product} {ergonomic}
     bool SegmentedCodeCache                       = true                                      {product} {ergonomic}
     bool UseCompressedClassPointers               = true                                 {lp64_product} {ergonomic}
     bool UseCompressedOops                        = true                                 {lp64_product} {ergonomic}
     bool UseG1GC                                  = true                                      {product} {ergonomic}
     bool UseLargePagesIndividualAllocation        = false                                  {pd product} {ergonomic}

Logging:
Log output configuration:
 #0: stdout all=warning uptime,level,tags
 #1: stderr all=off uptime,level,tags

Environment Variables:
PATH=C:\Program Files (x86)\Common Files\Intel\Shared Libraries\redist\intel64\compiler;C:\Program Files\Common Files\Oracle\Java\javapath;C:\Windows\system32;C:\Windows;C:\Windows\System32\Wbem;C:\Windows\System32\WindowsPowerShell\v1.0\;C:\Windows\System32\OpenSSH\;C:\Program Files\NVIDIA Corporation\NVIDIA NvDLISR;C:\Program Files (x86)\NVIDIA Corporation\PhysX\Common;C:\Program Files\nodejs\;C:\ProgramData\chocolatey\bin;C:\Program Files\Git\cmd;C:\Program Files\Cloudflare\Cloudflare WARP;C:\Users\NeHaL\AppData\Local\Microsoft\WindowsApps;C:\Program Files\JetBrains\IntelliJ IDEA Community Edition 2021.2.2\bin;;C:\Program Files\JetBrains\PyCharm Community Edition 2021.2.2\bin;;C:\Users\NeHaL\AppData\Local\Programs\Microsoft VS Code\bin;C:\Users\NeHaL\AppData\Roaming\npm;C:\Program Files\MongoDB\Server\5.0\bin;
USERNAME=NeHaL
OS=Windows_NT
PROCESSOR_IDENTIFIER=AMD64 Family 23 Model 113 Stepping 0, AuthenticAMD



---------------  S Y S T E M  ---------------

OS: Windows 10 , 64 bit Build 22000 (10.0.22000.318)
OS uptime: 0 days 0:42 hours

CPU:total 12 (initial active 12) (12 cores per cpu, 2 threads per core) family 23 model 113 stepping 0 microcode 0x0, cmov, cx8, fxsr, mmx, sse, sse2, sse3, ssse3, sse4.1, sse4.2, popcnt, avx, avx2, aes, clmul, mmxext, 3dnowpref, lzcnt, sse4a, ht, tsc, tscinvbit, tscinv, bmi1, bmi2, adx,

Memory: 4k page, system-wide physical 8144M (1758M free)
TotalPageFile size 8144M (AvailPageFile size 15M)
current process WorkingSet (physical memory assigned to process): 481M, peak: 492M
current process commit charge ("private bytes"): 520M, peak: 530M

vm_info: OpenJDK 64-Bit Server VM (11.0.10+0-b96-7249189) for windows-amd64 JRE (11.0.10+0-b96-7249189), built on Mar 31 2021 21:44:00 by "builder" with MS VC++ 14.0 (VS2015)

END.
