#
# There is insufficient memory for the Java Runtime Environment to continue.
# Native memory allocation (malloc) failed to allocate 1101456 bytes for Chunk::new
# Possible reasons:
#   The system is out of physical RAM or swap space
#   The process is running with CompressedOops enabled, and the Java Heap may be blocking the growth of the native heap
# Possible solutions:
#   Reduce memory load on the system
#   Increase physical memory or swap space
#   Check if swap backing store is full
#   Decrease Java heap size (-Xmx/-Xms)
#   Decrease number of Java threads
#   Decrease Java thread stack sizes (-Xss)
#   Set larger code cache with -XX:ReservedCodeCacheSize=
#   JVM is running with Unscaled Compressed Oops mode in which the Java heap is
#     placed in the first 4GB address space. The Java Heap base address is the
#     maximum limit for the native heap growth. Please use -XX:HeapBaseMinAddress
#     to set the Java Heap base and to place the Java Heap above 4GB virtual address.
# This output file may be truncated or incomplete.
#
#  Out of Memory Error (./src/hotspot/share/memory/arena.cpp:197), pid=5420, tid=14168
#
# JRE version: OpenJDK Runtime Environment (11.0.10) (build 11.0.10+0-b96-7249189)
# Java VM: OpenJDK 64-Bit Server VM (11.0.10+0-b96-7249189, mixed mode, tiered, compressed oops, g1 gc, windows-amd64)
# No core dump will be written. Minidumps are not enabled by default on client versions of Windows
#

---------------  S U M M A R Y ------------

Command Line: --add-opens=java.base/java.util=ALL-UNNAMED --add-opens=java.base/java.lang=ALL-UNNAMED --add-opens=java.base/java.lang.invoke=ALL-UNNAMED --add-opens=java.base/java.util=ALL-UNNAMED --add-opens=java.prefs/java.util.prefs=ALL-UNNAMED --add-opens=java.prefs/java.util.prefs=ALL-UNNAMED --add-opens=java.base/java.nio.charset=ALL-UNNAMED --add-opens=java.base/java.net=ALL-UNNAMED --add-opens=java.base/java.util.concurrent.atomic=ALL-UNNAMED -Xmx2048m -Dfile.encoding=UTF-8 -Duser.country=IN -Duser.language=en -Duser.variant org.gradle.launcher.daemon.bootstrap.GradleDaemon 7.0.2

Host: AMD Ryzen 5 3600 6-Core Processor              , 12 cores, 7G,  Windows 10 , 64 bit Build 22000 (10.0.22000.318)
Time: Mon Dec 27 23:31:20 2021 India Standard Time elapsed time: 5.972751 seconds (0d 0h 0m 5s)

---------------  T H R E A D  ---------------

Current thread (0x00000246e5c24800):  JavaThread "C2 CompilerThread2" daemon [_thread_in_native, id=14168, stack(0x0000007db9500000,0x0000007db9600000)]


Current CompileTask:
C2:   5972 6581       4       sun.reflect.generics.parser.SignatureParser::parseFieldTypeSignature (73 bytes)

Stack: [0x0000007db9500000,0x0000007db9600000]
Native frames: (J=compiled Java code, j=interpreted, Vv=VM code, C=native code)
V  [jvm.dll+0x5ecfaa]
V  [jvm.dll+0x722bd5]
V  [jvm.dll+0x72412d]
V  [jvm.dll+0x7247e3]
V  [jvm.dll+0x242928]
V  [jvm.dll+0xbc4fc]
V  [jvm.dll+0xbca0c]
V  [jvm.dll+0x352d7d]
V  [jvm.dll+0x197e0c]
V  [jvm.dll+0x1fb70e]
V  [jvm.dll+0x1fa7f4]
V  [jvm.dll+0x18354c]
V  [jvm.dll+0x208ee7]
V  [jvm.dll+0x207731]
V  [jvm.dll+0x6eb1cf]
V  [jvm.dll+0x6e3d45]
V  [jvm.dll+0x5ebe96]
C  [ucrtbase.dll+0x26c0c]
C  [KERNEL32.DLL+0x154e0]
C  [ntdll.dll+0x485b]


---------------  P R O C E S S  ---------------

Threads class SMR info:
_java_thread_list=0x00000246e5b86da0, length=60, elements={
0x00000246c33cf000, 0x00000246ddc8c800, 0x00000246ddc97800, 0x00000246de604800,
0x00000246de606000, 0x00000246de607000, 0x00000246de610000, 0x00000246ddcaa800,
0x00000246de634000, 0x00000246de781800, 0x00000246dff28800, 0x00000246de8cd800,
0x00000246dec11800, 0x00000246e0da8000, 0x00000246e003e000, 0x00000246e0461800,
0x00000246e0635000, 0x00000246dfe30800, 0x00000246e0e46800, 0x00000246e0bdb000,
0x00000246e0bd9800, 0x00000246e0bda000, 0x00000246e0bdb800, 0x00000246e0d28800,
0x00000246e1903800, 0x00000246e1901000, 0x00000246e18fe800, 0x00000246e18fd800,
0x00000246e1905000, 0x00000246e1901800, 0x00000246e1902800, 0x00000246e18ff000,
0x00000246e1905800, 0x00000246e1900000, 0x00000246e1907800, 0x00000246e190b800,
0x00000246e190c800, 0x00000246e1908000, 0x00000246e1906800, 0x00000246e11d6800,
0x00000246e11d0800, 0x00000246e11d7000, 0x00000246e11d4800, 0x00000246e11d5800,
0x00000246e11d3000, 0x00000246e11d4000, 0x00000246e11d1800, 0x00000246e11d8000,
0x00000246e11d2800, 0x00000246e11db800, 0x00000246e11de800, 0x00000246e11dc000,
0x00000246e11d9000, 0x00000246e11d9800, 0x00000246e11dd000, 0x00000246e11da800,
0x00000246e11df800, 0x00000246e11dd800, 0x00000246e5c24800, 0x00000246e5017800
}

Java Threads: ( => current thread )
  0x00000246c33cf000 JavaThread "main" [_thread_blocked, id=3084, stack(0x0000007db6400000,0x0000007db6500000)]
  0x00000246ddc8c800 JavaThread "Reference Handler" daemon [_thread_blocked, id=15312, stack(0x0000007db6b00000,0x0000007db6c00000)]
  0x00000246ddc97800 JavaThread "Finalizer" daemon [_thread_blocked, id=11224, stack(0x0000007db6c00000,0x0000007db6d00000)]
  0x00000246de604800 JavaThread "Signal Dispatcher" daemon [_thread_blocked, id=11348, stack(0x0000007db6d00000,0x0000007db6e00000)]
  0x00000246de606000 JavaThread "Attach Listener" daemon [_thread_blocked, id=14096, stack(0x0000007db6e00000,0x0000007db6f00000)]
  0x00000246de607000 JavaThread "Service Thread" daemon [_thread_blocked, id=7876, stack(0x0000007db6f00000,0x0000007db7000000)]
  0x00000246de610000 JavaThread "C2 CompilerThread0" daemon [_thread_in_native, id=6560, stack(0x0000007db7000000,0x0000007db7100000)]
  0x00000246ddcaa800 JavaThread "C1 CompilerThread0" daemon [_thread_blocked, id=3208, stack(0x0000007db7100000,0x0000007db7200000)]
  0x00000246de634000 JavaThread "Sweeper thread" daemon [_thread_blocked, id=7128, stack(0x0000007db7200000,0x0000007db7300000)]
  0x00000246de781800 JavaThread "Common-Cleaner" daemon [_thread_blocked, id=1508, stack(0x0000007db7300000,0x0000007db7400000)]
  0x00000246dff28800 JavaThread "Daemon health stats" [_thread_blocked, id=7496, stack(0x0000007db7900000,0x0000007db7a00000)]
  0x00000246de8cd800 JavaThread "Incoming local TCP Connector on port 52486" [_thread_in_native, id=5568, stack(0x0000007db7500000,0x0000007db7600000)]
  0x00000246dec11800 JavaThread "Daemon periodic checks" [_thread_blocked, id=14440, stack(0x0000007db7600000,0x0000007db7700000)]
  0x00000246e0da8000 JavaThread "Daemon" [_thread_blocked, id=12816, stack(0x0000007db7a00000,0x0000007db7b00000)]
  0x00000246e003e000 JavaThread "Handler for socket connection from /127.0.0.1:52486 to /127.0.0.1:52487" [_thread_in_native, id=6616, stack(0x0000007db7b00000,0x0000007db7c00000)]
  0x00000246e0461800 JavaThread "Cancel handler" [_thread_blocked, id=3320, stack(0x0000007db7c00000,0x0000007db7d00000)]
  0x00000246e0635000 JavaThread "Daemon worker" [_thread_in_Java, id=13804, stack(0x0000007db7d00000,0x0000007db7e00000)]
  0x00000246dfe30800 JavaThread "Asynchronous log dispatcher for DefaultDaemonConnection: socket connection from /127.0.0.1:52486 to /127.0.0.1:52487" [_thread_blocked, id=8164, stack(0x0000007db7e00000,0x0000007db7f00000)]
  0x00000246e0e46800 JavaThread "Stdin handler" [_thread_blocked, id=6780, stack(0x0000007db7f00000,0x0000007db8000000)]
  0x00000246e0bdb000 JavaThread "Daemon client event forwarder" [_thread_blocked, id=6992, stack(0x0000007db8000000,0x0000007db8100000)]
  0x00000246e0bd9800 JavaThread "Cache worker for file hash cache (C:\Users\NeHaL\.gradle\caches\7.0.2\fileHashes)" [_thread_blocked, id=7768, stack(0x0000007db8900000,0x0000007db8a00000)]
  0x00000246e0bda000 JavaThread "File lock request listener" [_thread_in_native, id=15016, stack(0x0000007db8a00000,0x0000007db8b00000)]
  0x00000246e0bdb800 JavaThread "Cache worker for journal cache (C:\Users\NeHaL\.gradle\caches\journal-1)" [_thread_blocked, id=11152, stack(0x0000007db8d00000,0x0000007db8e00000)]
  0x00000246e0d28800 JavaThread "C2 CompilerThread1" daemon [_thread_in_native, id=9700, stack(0x0000007db8e00000,0x0000007db8f00000)]
  0x00000246e1903800 JavaThread "Cache worker for file hash cache (C:\Users\NeHaL\AndroidStudioProjects\SmartTourApp\.gradle\7.0.2\fileHashes)" [_thread_blocked, id=14396, stack(0x0000007db8f00000,0x0000007db9000000)]
  0x00000246e1901000 JavaThread "File watcher server" daemon [_thread_in_native, id=14580, stack(0x0000007db9000000,0x0000007db9100000)]
  0x00000246e18fe800 JavaThread "File watcher consumer" daemon [_thread_blocked, id=4864, stack(0x0000007db9100000,0x0000007db9200000)]
  0x00000246e18fd800 JavaThread "Cache worker for checksums cache (C:\Users\NeHaL\AndroidStudioProjects\SmartTourApp\.gradle\checksums)" [_thread_blocked, id=12232, stack(0x0000007db9200000,0x0000007db9300000)]
  0x00000246e1905000 JavaThread "Cache worker for cache directory md-supplier (C:\Users\NeHaL\.gradle\caches\7.0.2\md-supplier)" [_thread_blocked, id=1336, stack(0x0000007db9300000,0x0000007db9400000)]
  0x00000246e1901800 JavaThread "Cache worker for cache directory md-rule (C:\Users\NeHaL\.gradle\caches\7.0.2\md-rule)" [_thread_blocked, id=12212, stack(0x0000007db9400000,0x0000007db9500000)]
  0x00000246e1902800 JavaThread "Cache worker for execution history cache (C:\Users\NeHaL\.gradle\caches\7.0.2\executionHistory)" [_thread_blocked, id=10200, stack(0x0000007db9600000,0x0000007db9700000)]
  0x00000246e18ff000 JavaThread "jar transforms" [_thread_blocked, id=12104, stack(0x0000007db9700000,0x0000007db9800000)]
  0x00000246e1905800 JavaThread "jar transforms Thread 2" [_thread_blocked, id=5200, stack(0x0000007db9800000,0x0000007db9900000)]
  0x00000246e1900000 JavaThread "Cache worker for file content cache (C:\Users\NeHaL\.gradle\caches\7.0.2\fileContent)" [_thread_blocked, id=14572, stack(0x0000007db9900000,0x0000007db9a00000)]
  0x00000246e1907800 JavaThread "Cache worker for dependencies-accessors (C:\Users\NeHaL\AndroidStudioProjects\SmartTourApp\.gradle\7.0.2\dependencies-accessors)" [_thread_blocked, id=7508, stack(0x0000007db9a00000,0x0000007db9b00000)]
  0x00000246e190b800 JavaThread "jar transforms Thread 3" [_thread_blocked, id=10800, stack(0x0000007db9b00000,0x0000007db9c00000)]
  0x00000246e190c800 JavaThread "Cache worker for Build Output Cleanup Cache (C:\Users\NeHaL\AndroidStudioProjects\SmartTourApp\.gradle\buildOutputCleanup)" [_thread_blocked, id=12452, stack(0x0000007db9c00000,0x0000007db9d00000)]
  0x00000246e1908000 JavaThread "Build operations" [_thread_blocked, id=3816, stack(0x0000007db9d00000,0x0000007db9e00000)]
  0x00000246e1906800 JavaThread "Build operations Thread 2" [_thread_blocked, id=13496, stack(0x0000007db9e00000,0x0000007db9f00000)]
  0x00000246e11d6800 JavaThread "Build operations Thread 3" [_thread_blocked, id=8980, stack(0x0000007db9f00000,0x0000007dba000000)]
  0x00000246e11d0800 JavaThread "Build operations Thread 4" [_thread_blocked, id=11212, stack(0x0000007dba000000,0x0000007dba100000)]
  0x00000246e11d7000 JavaThread "Build operations Thread 5" [_thread_blocked, id=7936, stack(0x0000007dba100000,0x0000007dba200000)]
  0x00000246e11d4800 JavaThread "Build operations Thread 6" [_thread_blocked, id=12380, stack(0x0000007dba200000,0x0000007dba300000)]
  0x00000246e11d5800 JavaThread "Build operations Thread 7" [_thread_blocked, id=10172, stack(0x0000007dba300000,0x0000007dba400000)]
  0x00000246e11d3000 JavaThread "Build operations Thread 8" [_thread_blocked, id=2548, stack(0x0000007dba400000,0x0000007dba500000)]
  0x00000246e11d4000 JavaThread "Build operations Thread 9" [_thread_blocked, id=8328, stack(0x0000007dba500000,0x0000007dba600000)]
  0x00000246e11d1800 JavaThread "Build operations Thread 10" [_thread_blocked, id=10832, stack(0x0000007dba600000,0x0000007dba700000)]
  0x00000246e11d8000 JavaThread "Build operations Thread 11" [_thread_blocked, id=4728, stack(0x0000007dba700000,0x0000007dba800000)]
  0x00000246e11d2800 JavaThread "Build operations Thread 12" [_thread_blocked, id=14352, stack(0x0000007dba800000,0x0000007dba900000)]
  0x00000246e11db800 JavaThread "jar transforms Thread 4" [_thread_blocked, id=2572, stack(0x0000007dba900000,0x0000007dbaa00000)]
  0x00000246e11de800 JavaThread "jar transforms Thread 5" [_thread_blocked, id=1116, stack(0x0000007dbaa00000,0x0000007dbab00000)]
  0x00000246e11dc000 JavaThread "jar transforms Thread 6" [_thread_blocked, id=2780, stack(0x0000007dbab00000,0x0000007dbac00000)]
  0x00000246e11d9000 JavaThread "jar transforms Thread 7" [_thread_blocked, id=5728, stack(0x0000007dbac00000,0x0000007dbad00000)]
  0x00000246e11d9800 JavaThread "jar transforms Thread 8" [_thread_blocked, id=8756, stack(0x0000007dbad00000,0x0000007dbae00000)]
  0x00000246e11dd000 JavaThread "jar transforms Thread 9" [_thread_blocked, id=7116, stack(0x0000007dbae00000,0x0000007dbaf00000)]
  0x00000246e11da800 JavaThread "jar transforms Thread 10" [_thread_blocked, id=13184, stack(0x0000007dbaf00000,0x0000007dbb000000)]
  0x00000246e11df800 JavaThread "jar transforms Thread 11" [_thread_blocked, id=8332, stack(0x0000007dbb000000,0x0000007dbb100000)]
  0x00000246e11dd800 JavaThread "jar transforms Thread 12" [_thread_blocked, id=9692, stack(0x0000007dbb100000,0x0000007dbb200000)]
=>0x00000246e5c24800 JavaThread "C2 CompilerThread2" daemon [_thread_in_native, id=14168, stack(0x0000007db9500000,0x0000007db9600000)]
  0x00000246e5017800 JavaThread "Memory manager" [_thread_blocked, id=13352, stack(0x0000007dbb200000,0x0000007dbb300000)]

Other Threads:
  0x00000246ddc8a800 VMThread "VM Thread" [stack: 0x0000007db6a00000,0x0000007db6b00000] [id=13400]
  0x00000246de7a6000 WatcherThread [stack: 0x0000007db7400000,0x0000007db7500000] [id=1144]
  0x00000246c33e6800 GCTaskThread "GC Thread#0" [stack: 0x0000007db6500000,0x0000007db6600000] [id=12572]
  0x00000246df0bb000 GCTaskThread "GC Thread#1" [stack: 0x0000007db7700000,0x0000007db7800000] [id=1892]
  0x00000246dee20000 GCTaskThread "GC Thread#2" [stack: 0x0000007db7800000,0x0000007db7900000] [id=3452]
  0x00000246dface000 GCTaskThread "GC Thread#3" [stack: 0x0000007db8100000,0x0000007db8200000] [id=9104]
  0x00000246e093c000 GCTaskThread "GC Thread#4" [stack: 0x0000007db8200000,0x0000007db8300000] [id=2812]
  0x00000246e0cb5800 GCTaskThread "GC Thread#5" [stack: 0x0000007db8300000,0x0000007db8400000] [id=7924]
  0x00000246e0788000 GCTaskThread "GC Thread#6" [stack: 0x0000007db8400000,0x0000007db8500000] [id=4200]
  0x00000246e0d9d000 GCTaskThread "GC Thread#7" [stack: 0x0000007db8500000,0x0000007db8600000] [id=9052]
  0x00000246e109f800 GCTaskThread "GC Thread#8" [stack: 0x0000007db8600000,0x0000007db8700000] [id=3460]
  0x00000246e07ee000 GCTaskThread "GC Thread#9" [stack: 0x0000007db8700000,0x0000007db8800000] [id=14832]
  0x00000246c341a800 ConcurrentGCThread "G1 Main Marker" [stack: 0x0000007db6600000,0x0000007db6700000] [id=2632]
  0x00000246c341b800 ConcurrentGCThread "G1 Conc#0" [stack: 0x0000007db6700000,0x0000007db6800000] [id=6736]
  0x00000246e0b98800 ConcurrentGCThread "G1 Conc#1" [stack: 0x0000007db8b00000,0x0000007db8c00000] [id=6384]
  0x00000246dfaab000 ConcurrentGCThread "G1 Conc#2" [stack: 0x0000007db8c00000,0x0000007db8d00000] [id=8504]
  0x00000246ddae2800 ConcurrentGCThread "G1 Refine#0" [stack: 0x0000007db6800000,0x0000007db6900000] [id=4564]
  0x00000246debfe800 ConcurrentGCThread "G1 Refine#1" [stack: 0x0000007db8800000,0x0000007db8900000] [id=12280]
  0x00000246c34ab000 ConcurrentGCThread "G1 Young RemSet Sampling" [stack: 0x0000007db6900000,0x0000007db6a00000] [id=2164]

Threads with active compile tasks:
C2 CompilerThread0   5993 6580       4       sun.reflect.generics.parser.SignatureParser::parseClassTypeSignature (118 bytes)
C1 CompilerThread0   5993 6739       3       java.lang.reflect.ProxyGenerator$FieldInfo::<init> (44 bytes)
C2 CompilerThread1   5993 6587       4       sun.reflect.generics.parser.SignatureParser::parsePackageNameAndSimpleClassTypeSignature (119 bytes)
C2 CompilerThread2   5993 6581       4       sun.reflect.generics.parser.SignatureParser::parseFieldTypeSignature (73 bytes)

VM state:not at safepoint (normal execution)

VM Mutex/Monitor currently owned by a thread: None

Heap address: 0x0000000080000000, size: 2048 MB, Compressed Oops mode: 32-bit
Narrow klass base: 0x0000000000000000, Narrow klass shift: 3
Compressed class space size: 1073741824 Address: 0x0000000100000000

Heap:
 garbage-first heap   total 189440K, used 55838K [0x0000000080000000, 0x0000000100000000)
  region size 1024K, 7 young (7168K), 6 survivors (6144K)
 Metaspace       used 69637K, capacity 71337K, committed 71372K, reserved 1112064K
  class space    used 9045K, capacity 9666K, committed 9676K, reserved 1048576K
Heap Regions: E=young(eden), S=young(survivor), O=old, HS=humongous(starts), HC=humongous(continues), CS=collection set, F=free, A=archive, TAMS=top-at-mark-start (previous, next)
|   0|0x0000000080000000, 0x0000000080100000, 0x0000000080100000|100%| O|  |TAMS 0x0000000080100000, 0x0000000080000000| Untracked 
|   1|0x0000000080100000, 0x0000000080200000, 0x0000000080200000|100%| O|  |TAMS 0x0000000080200000, 0x0000000080100000| Untracked 
|   2|0x0000000080200000, 0x0000000080300000, 0x0000000080300000|100%| O|  |TAMS 0x0000000080300000, 0x0000000080200000| Untracked 
|   3|0x0000000080300000, 0x0000000080400000, 0x0000000080400000|100%|HS|  |TAMS 0x0000000080400000, 0x0000000080300000| Complete 
|   4|0x0000000080400000, 0x0000000080500000, 0x0000000080500000|100%|HC|  |TAMS 0x0000000080500000, 0x0000000080400000| Complete 
|   5|0x0000000080500000, 0x0000000080600000, 0x0000000080600000|100%|HC|  |TAMS 0x0000000080600000, 0x0000000080500000| Complete 
|   6|0x0000000080600000, 0x0000000080700000, 0x0000000080700000|100%| O|  |TAMS 0x0000000080700000, 0x0000000080600000| Untracked 
|   7|0x0000000080700000, 0x0000000080800000, 0x0000000080800000|100%| O|  |TAMS 0x0000000080800000, 0x0000000080700000| Untracked 
|   8|0x0000000080800000, 0x0000000080900000, 0x0000000080900000|100%| O|  |TAMS 0x0000000080900000, 0x0000000080800000| Untracked 
|   9|0x0000000080900000, 0x0000000080a00000, 0x0000000080a00000|100%| O|  |TAMS 0x0000000080a00000, 0x0000000080900000| Untracked 
|  10|0x0000000080a00000, 0x0000000080b00000, 0x0000000080b00000|100%| O|  |TAMS 0x0000000080b00000, 0x0000000080a00000| Untracked 
|  11|0x0000000080b00000, 0x0000000080c00000, 0x0000000080c00000|100%| O|  |TAMS 0x0000000080c00000, 0x0000000080b00000| Untracked 
|  12|0x0000000080c00000, 0x0000000080d00000, 0x0000000080d00000|100%| O|  |TAMS 0x0000000080d00000, 0x0000000080c00000| Untracked 
|  13|0x0000000080d00000, 0x0000000080e00000, 0x0000000080e00000|100%| O|  |TAMS 0x0000000080e00000, 0x0000000080d00000| Untracked 
|  14|0x0000000080e00000, 0x0000000080f00000, 0x0000000080f00000|100%| O|  |TAMS 0x0000000080f00000, 0x0000000080e00000| Untracked 
|  15|0x0000000080f00000, 0x0000000081000000, 0x0000000081000000|100%| O|  |TAMS 0x0000000081000000, 0x0000000080f00000| Untracked 
|  16|0x0000000081000000, 0x0000000081100000, 0x0000000081100000|100%| O|  |TAMS 0x0000000081100000, 0x0000000081000000| Untracked 
|  17|0x0000000081100000, 0x0000000081200000, 0x0000000081200000|100%| O|  |TAMS 0x0000000081200000, 0x0000000081100000| Untracked 
|  18|0x0000000081200000, 0x0000000081300000, 0x0000000081300000|100%|HS|  |TAMS 0x0000000081300000, 0x0000000081200000| Complete 
|  19|0x0000000081300000, 0x0000000081400000, 0x0000000081400000|100%| O|  |TAMS 0x0000000081400000, 0x0000000081300000| Untracked 
|  20|0x0000000081400000, 0x0000000081500000, 0x0000000081500000|100%| O|  |TAMS 0x0000000081500000, 0x0000000081400000| Untracked 
|  21|0x0000000081500000, 0x0000000081600000, 0x0000000081600000|100%| O|  |TAMS 0x0000000081600000, 0x0000000081500000| Untracked 
|  22|0x0000000081600000, 0x0000000081700000, 0x0000000081700000|100%| O|  |TAMS 0x0000000081700000, 0x0000000081600000| Untracked 
|  23|0x0000000081700000, 0x0000000081800000, 0x0000000081800000|100%|HS|  |TAMS 0x0000000081800000, 0x0000000081700000| Complete 
|  24|0x0000000081800000, 0x0000000081900000, 0x0000000081900000|100%|HS|  |TAMS 0x0000000081900000, 0x0000000081800000| Complete 
|  25|0x0000000081900000, 0x0000000081a00000, 0x0000000081a00000|100%|HC|  |TAMS 0x0000000081a00000, 0x0000000081900000| Complete 
|  26|0x0000000081a00000, 0x0000000081b00000, 0x0000000081b00000|100%| O|  |TAMS 0x0000000081b00000, 0x0000000081a00000| Untracked 
|  27|0x0000000081b00000, 0x0000000081c00000, 0x0000000081c00000|100%| O|  |TAMS 0x0000000081c00000, 0x0000000081b00000| Untracked 
|  28|0x0000000081c00000, 0x0000000081d00000, 0x0000000081d00000|100%| O|  |TAMS 0x0000000081d00000, 0x0000000081c00000| Untracked 
|  29|0x0000000081d00000, 0x0000000081e00000, 0x0000000081e00000|100%| O|  |TAMS 0x0000000081e00000, 0x0000000081d00000| Untracked 
|  30|0x0000000081e00000, 0x0000000081f00000, 0x0000000081f00000|100%| O|  |TAMS 0x0000000081f00000, 0x0000000081e00000| Untracked 
|  31|0x0000000081f00000, 0x0000000082000000, 0x0000000082000000|100%| O|  |TAMS 0x0000000082000000, 0x0000000081f00000| Untracked 
|  32|0x0000000082000000, 0x0000000082100000, 0x0000000082100000|100%| O|  |TAMS 0x0000000082100000, 0x0000000082000000| Untracked 
|  33|0x0000000082100000, 0x0000000082200000, 0x0000000082200000|100%| O|  |TAMS 0x0000000082200000, 0x0000000082100000| Untracked 
|  34|0x0000000082200000, 0x0000000082300000, 0x0000000082300000|100%| O|  |TAMS 0x0000000082300000, 0x0000000082200000| Untracked 
|  35|0x0000000082300000, 0x0000000082400000, 0x0000000082400000|100%| O|  |TAMS 0x0000000082400000, 0x0000000082300000| Untracked 
|  36|0x0000000082400000, 0x0000000082500000, 0x0000000082500000|100%| O|  |TAMS 0x0000000082500000, 0x0000000082400000| Untracked 
|  37|0x0000000082500000, 0x0000000082600000, 0x0000000082600000|100%| O|  |TAMS 0x0000000082600000, 0x0000000082500000| Untracked 
|  38|0x0000000082600000, 0x0000000082700000, 0x0000000082700000|100%| O|  |TAMS 0x0000000082700000, 0x0000000082600000| Untracked 
|  39|0x0000000082700000, 0x0000000082800000, 0x0000000082800000|100%| O|  |TAMS 0x0000000082800000, 0x0000000082700000| Untracked 
|  40|0x0000000082800000, 0x0000000082900000, 0x0000000082900000|100%| O|  |TAMS 0x0000000082900000, 0x0000000082800000| Untracked 
|  41|0x0000000082900000, 0x0000000082a00000, 0x0000000082a00000|100%| O|  |TAMS 0x00000000829ec000, 0x0000000082900000| Untracked 
|  42|0x0000000082a00000, 0x0000000082b00000, 0x0000000082b00000|100%| O|  |TAMS 0x0000000082a00000, 0x0000000082a00000| Untracked 
|  43|0x0000000082b00000, 0x0000000082c00000, 0x0000000082c00000|100%| O|  |TAMS 0x0000000082b00000, 0x0000000082b00000| Untracked 
|  44|0x0000000082c00000, 0x0000000082d00000, 0x0000000082d00000|100%| O|  |TAMS 0x0000000082c00000, 0x0000000082c00000| Untracked 
|  45|0x0000000082d00000, 0x0000000082e00000, 0x0000000082e00000|100%| O|  |TAMS 0x0000000082d00000, 0x0000000082d00000| Untracked 
|  46|0x0000000082e00000, 0x0000000082f00000, 0x0000000082f00000|100%| O|  |TAMS 0x0000000082e00000, 0x0000000082e00000| Untracked 
|  47|0x0000000082f00000, 0x0000000083000000, 0x0000000083000000|100%| O|  |TAMS 0x0000000082f00000, 0x0000000082f00000| Untracked 
|  48|0x0000000083000000, 0x00000000830eea00, 0x0000000083100000| 93%| O|  |TAMS 0x0000000083000000, 0x0000000083000000| Untracked 
|  49|0x0000000083100000, 0x0000000083100000, 0x0000000083200000|  0%| F|  |TAMS 0x0000000083100000, 0x0000000083100000| Untracked 
|  50|0x0000000083200000, 0x0000000083200000, 0x0000000083300000|  0%| F|  |TAMS 0x0000000083200000, 0x0000000083200000| Untracked 
|  51|0x0000000083300000, 0x0000000083300000, 0x0000000083400000|  0%| F|  |TAMS 0x0000000083300000, 0x0000000083300000| Untracked 
|  52|0x0000000083400000, 0x0000000083400000, 0x0000000083500000|  0%| F|  |TAMS 0x0000000083400000, 0x0000000083400000| Untracked 
|  53|0x0000000083500000, 0x0000000083500000, 0x0000000083600000|  0%| F|  |TAMS 0x0000000083500000, 0x0000000083500000| Untracked 
|  54|0x0000000083600000, 0x0000000083600000, 0x0000000083700000|  0%| F|  |TAMS 0x0000000083600000, 0x0000000083600000| Untracked 
|  55|0x0000000083700000, 0x0000000083700000, 0x0000000083800000|  0%| F|  |TAMS 0x0000000083700000, 0x0000000083700000| Untracked 
|  56|0x0000000083800000, 0x0000000083800000, 0x0000000083900000|  0%| F|  |TAMS 0x0000000083800000, 0x0000000083800000| Untracked 
|  57|0x0000000083900000, 0x0000000083900000, 0x0000000083a00000|  0%| F|  |TAMS 0x0000000083900000, 0x0000000083900000| Untracked 
|  58|0x0000000083a00000, 0x0000000083a00000, 0x0000000083b00000|  0%| F|  |TAMS 0x0000000083a00000, 0x0000000083a00000| Untracked 
|  59|0x0000000083b00000, 0x0000000083b00000, 0x0000000083c00000|  0%| F|  |TAMS 0x0000000083b00000, 0x0000000083b00000| Untracked 
|  60|0x0000000083c00000, 0x0000000083c00000, 0x0000000083d00000|  0%| F|  |TAMS 0x0000000083c00000, 0x0000000083c00000| Untracked 
|  61|0x0000000083d00000, 0x0000000083d00000, 0x0000000083e00000|  0%| F|  |TAMS 0x0000000083d00000, 0x0000000083d00000| Untracked 
|  62|0x0000000083e00000, 0x0000000083e00000, 0x0000000083f00000|  0%| F|  |TAMS 0x0000000083e00000, 0x0000000083e00000| Untracked 
|  63|0x0000000083f00000, 0x0000000083f00000, 0x0000000084000000|  0%| F|  |TAMS 0x0000000083f00000, 0x0000000083f00000| Untracked 
|  64|0x0000000084000000, 0x0000000084000000, 0x0000000084100000|  0%| F|  |TAMS 0x0000000084000000, 0x0000000084000000| Untracked 
|  65|0x0000000084100000, 0x0000000084100000, 0x0000000084200000|  0%| F|  |TAMS 0x0000000084100000, 0x0000000084100000| Untracked 
|  66|0x0000000084200000, 0x0000000084200000, 0x0000000084300000|  0%| F|  |TAMS 0x0000000084200000, 0x0000000084200000| Untracked 
|  67|0x0000000084300000, 0x0000000084300000, 0x0000000084400000|  0%| F|  |TAMS 0x0000000084300000, 0x0000000084300000| Untracked 
|  68|0x0000000084400000, 0x0000000084400000, 0x0000000084500000|  0%| F|  |TAMS 0x0000000084400000, 0x0000000084400000| Untracked 
|  69|0x0000000084500000, 0x0000000084500000, 0x0000000084600000|  0%| F|  |TAMS 0x0000000084500000, 0x0000000084500000| Untracked 
|  70|0x0000000084600000, 0x0000000084600000, 0x0000000084700000|  0%| F|  |TAMS 0x0000000084600000, 0x0000000084600000| Untracked 
|  71|0x0000000084700000, 0x0000000084700000, 0x0000000084800000|  0%| F|  |TAMS 0x0000000084700000, 0x0000000084700000| Untracked 
|  72|0x0000000084800000, 0x0000000084800000, 0x0000000084900000|  0%| F|  |TAMS 0x0000000084800000, 0x0000000084800000| Untracked 
|  73|0x0000000084900000, 0x0000000084900000, 0x0000000084a00000|  0%| F|  |TAMS 0x0000000084900000, 0x0000000084900000| Untracked 
|  74|0x0000000084a00000, 0x0000000084a00000, 0x0000000084b00000|  0%| F|  |TAMS 0x0000000084a00000, 0x0000000084a00000| Untracked 
|  75|0x0000000084b00000, 0x0000000084b00000, 0x0000000084c00000|  0%| F|  |TAMS 0x0000000084b00000, 0x0000000084b00000| Untracked 
|  76|0x0000000084c00000, 0x0000000084c00000, 0x0000000084d00000|  0%| F|  |TAMS 0x0000000084c00000, 0x0000000084c00000| Untracked 
|  77|0x0000000084d00000, 0x0000000084d00000, 0x0000000084e00000|  0%| F|  |TAMS 0x0000000084d00000, 0x0000000084d00000| Untracked 
|  78|0x0000000084e00000, 0x0000000084e00000, 0x0000000084f00000|  0%| F|  |TAMS 0x0000000084e00000, 0x0000000084e00000| Untracked 
|  79|0x0000000084f00000, 0x0000000084f00000, 0x0000000085000000|  0%| F|  |TAMS 0x0000000084f00000, 0x0000000084f00000| Untracked 
|  80|0x0000000085000000, 0x0000000085000000, 0x0000000085100000|  0%| F|  |TAMS 0x0000000085000000, 0x0000000085000000| Untracked 
|  81|0x0000000085100000, 0x0000000085100000, 0x0000000085200000|  0%| F|  |TAMS 0x0000000085100000, 0x0000000085100000| Untracked 
|  82|0x0000000085200000, 0x0000000085200000, 0x0000000085300000|  0%| F|  |TAMS 0x0000000085200000, 0x0000000085200000| Untracked 
|  83|0x0000000085300000, 0x0000000085300000, 0x0000000085400000|  0%| F|  |TAMS 0x0000000085300000, 0x0000000085300000| Untracked 
|  84|0x0000000085400000, 0x0000000085400000, 0x0000000085500000|  0%| F|  |TAMS 0x0000000085400000, 0x0000000085400000| Untracked 
|  85|0x0000000085500000, 0x0000000085500000, 0x0000000085600000|  0%| F|  |TAMS 0x0000000085500000, 0x0000000085500000| Untracked 
|  86|0x0000000085600000, 0x0000000085600000, 0x0000000085700000|  0%| F|  |TAMS 0x0000000085600000, 0x0000000085600000| Untracked 
|  87|0x0000000085700000, 0x0000000085700000, 0x0000000085800000|  0%| F|  |TAMS 0x0000000085700000, 0x0000000085700000| Untracked 
|  88|0x0000000085800000, 0x0000000085800000, 0x0000000085900000|  0%| F|  |TAMS 0x0000000085800000, 0x0000000085800000| Untracked 
|  89|0x0000000085900000, 0x0000000085900000, 0x0000000085a00000|  0%| F|  |TAMS 0x0000000085900000, 0x0000000085900000| Untracked 
|  90|0x0000000085a00000, 0x0000000085a00000, 0x0000000085b00000|  0%| F|  |TAMS 0x0000000085a00000, 0x0000000085a00000| Untracked 
|  91|0x0000000085b00000, 0x0000000085b00000, 0x0000000085c00000|  0%| F|  |TAMS 0x0000000085b00000, 0x0000000085b00000| Untracked 
|  92|0x0000000085c00000, 0x0000000085c00000, 0x0000000085d00000|  0%| F|  |TAMS 0x0000000085c00000, 0x0000000085c00000| Untracked 
|  93|0x0000000085d00000, 0x0000000085d00000, 0x0000000085e00000|  0%| F|  |TAMS 0x0000000085d00000, 0x0000000085d00000| Untracked 
|  94|0x0000000085e00000, 0x0000000085e00000, 0x0000000085f00000|  0%| F|  |TAMS 0x0000000085e00000, 0x0000000085e00000| Untracked 
|  95|0x0000000085f00000, 0x0000000085f00000, 0x0000000086000000|  0%| F|  |TAMS 0x0000000085f00000, 0x0000000085f00000| Untracked 
|  96|0x0000000086000000, 0x0000000086000000, 0x0000000086100000|  0%| F|  |TAMS 0x0000000086000000, 0x0000000086000000| Untracked 
|  97|0x0000000086100000, 0x0000000086100000, 0x0000000086200000|  0%| F|  |TAMS 0x0000000086100000, 0x0000000086100000| Untracked 
|  98|0x0000000086200000, 0x0000000086200000, 0x0000000086300000|  0%| F|  |TAMS 0x0000000086200000, 0x0000000086200000| Untracked 
|  99|0x0000000086300000, 0x0000000086300000, 0x0000000086400000|  0%| F|  |TAMS 0x0000000086300000, 0x0000000086300000| Untracked 
| 100|0x0000000086400000, 0x0000000086400000, 0x0000000086500000|  0%| F|  |TAMS 0x0000000086400000, 0x0000000086400000| Untracked 
| 101|0x0000000086500000, 0x0000000086500000, 0x0000000086600000|  0%| F|  |TAMS 0x0000000086500000, 0x0000000086500000| Untracked 
| 102|0x0000000086600000, 0x0000000086600000, 0x0000000086700000|  0%| F|  |TAMS 0x0000000086600000, 0x0000000086600000| Untracked 
| 103|0x0000000086700000, 0x0000000086700000, 0x0000000086800000|  0%| F|  |TAMS 0x0000000086700000, 0x0000000086700000| Untracked 
| 104|0x0000000086800000, 0x0000000086800000, 0x0000000086900000|  0%| F|  |TAMS 0x0000000086800000, 0x0000000086800000| Untracked 
| 105|0x0000000086900000, 0x0000000086900000, 0x0000000086a00000|  0%| F|  |TAMS 0x0000000086900000, 0x0000000086900000| Untracked 
| 106|0x0000000086a00000, 0x0000000086a00000, 0x0000000086b00000|  0%| F|  |TAMS 0x0000000086a00000, 0x0000000086a00000| Untracked 
| 107|0x0000000086b00000, 0x0000000086b00000, 0x0000000086c00000|  0%| F|  |TAMS 0x0000000086b00000, 0x0000000086b00000| Untracked 
| 108|0x0000000086c00000, 0x0000000086c990c0, 0x0000000086d00000| 59%| S|CS|TAMS 0x0000000086c00000, 0x0000000086c00000| Complete 
| 109|0x0000000086d00000, 0x0000000086e00000, 0x0000000086e00000|100%| S|CS|TAMS 0x0000000086d00000, 0x0000000086d00000| Complete 
| 110|0x0000000086e00000, 0x0000000086f00000, 0x0000000086f00000|100%| S|CS|TAMS 0x0000000086e00000, 0x0000000086e00000| Complete 
| 111|0x0000000086f00000, 0x0000000087000000, 0x0000000087000000|100%| S|CS|TAMS 0x0000000086f00000, 0x0000000086f00000| Complete 
| 112|0x0000000087000000, 0x0000000087100000, 0x0000000087100000|100%| S|CS|TAMS 0x0000000087000000, 0x0000000087000000| Complete 
| 113|0x0000000087100000, 0x0000000087200000, 0x0000000087200000|100%| S|CS|TAMS 0x0000000087100000, 0x0000000087100000| Complete 
| 114|0x0000000087200000, 0x0000000087200000, 0x0000000087300000|  0%| F|  |TAMS 0x0000000087200000, 0x0000000087200000| Untracked 
| 115|0x0000000087300000, 0x0000000087300000, 0x0000000087400000|  0%| F|  |TAMS 0x0000000087300000, 0x0000000087300000| Untracked 
| 116|0x0000000087400000, 0x0000000087400000, 0x0000000087500000|  0%| F|  |TAMS 0x0000000087400000, 0x0000000087400000| Untracked 
| 117|0x0000000087500000, 0x0000000087500000, 0x0000000087600000|  0%| F|  |TAMS 0x0000000087500000, 0x0000000087500000| Untracked 
| 118|0x0000000087600000, 0x0000000087600000, 0x0000000087700000|  0%| F|  |TAMS 0x0000000087600000, 0x0000000087600000| Untracked 
| 119|0x0000000087700000, 0x0000000087700000, 0x0000000087800000|  0%| F|  |TAMS 0x0000000087700000, 0x0000000087700000| Untracked 
| 120|0x0000000087800000, 0x0000000087800000, 0x0000000087900000|  0%| F|  |TAMS 0x0000000087800000, 0x0000000087800000| Untracked 
| 121|0x0000000087900000, 0x0000000087900000, 0x0000000087a00000|  0%| F|  |TAMS 0x0000000087900000, 0x0000000087900000| Untracked 
| 122|0x0000000087a00000, 0x0000000087a00000, 0x0000000087b00000|  0%| F|  |TAMS 0x0000000087a00000, 0x0000000087a00000| Untracked 
| 123|0x0000000087b00000, 0x0000000087b00000, 0x0000000087c00000|  0%| F|  |TAMS 0x0000000087b00000, 0x0000000087b00000| Untracked 
| 124|0x0000000087c00000, 0x0000000087c00000, 0x0000000087d00000|  0%| F|  |TAMS 0x0000000087c00000, 0x0000000087c00000| Untracked 
| 125|0x0000000087d00000, 0x0000000087d00000, 0x0000000087e00000|  0%| F|  |TAMS 0x0000000087d00000, 0x0000000087d00000| Untracked 
| 126|0x0000000087e00000, 0x0000000087e00000, 0x0000000087f00000|  0%| F|  |TAMS 0x0000000087e00000, 0x0000000087e00000| Untracked 
| 127|0x0000000087f00000, 0x0000000087f00000, 0x0000000088000000|  0%| F|  |TAMS 0x0000000087f00000, 0x0000000087f00000| Untracked 
| 128|0x0000000088000000, 0x0000000088000000, 0x0000000088100000|  0%| F|  |TAMS 0x0000000088000000, 0x0000000088000000| Untracked 
| 129|0x0000000088100000, 0x0000000088100000, 0x0000000088200000|  0%| F|  |TAMS 0x0000000088100000, 0x0000000088100000| Untracked 
| 130|0x0000000088200000, 0x0000000088200000, 0x0000000088300000|  0%| F|  |TAMS 0x0000000088200000, 0x0000000088200000| Untracked 
| 131|0x0000000088300000, 0x0000000088300000, 0x0000000088400000|  0%| F|  |TAMS 0x0000000088300000, 0x0000000088300000| Untracked 
| 132|0x0000000088400000, 0x0000000088400000, 0x0000000088500000|  0%| F|  |TAMS 0x0000000088400000, 0x0000000088400000| Untracked 
| 133|0x0000000088500000, 0x0000000088500000, 0x0000000088600000|  0%| F|  |TAMS 0x0000000088500000, 0x0000000088500000| Untracked 
| 134|0x0000000088600000, 0x0000000088600000, 0x0000000088700000|  0%| F|  |TAMS 0x0000000088600000, 0x0000000088600000| Untracked 
| 135|0x0000000088700000, 0x0000000088700000, 0x0000000088800000|  0%| F|  |TAMS 0x0000000088700000, 0x0000000088700000| Untracked 
| 136|0x0000000088800000, 0x0000000088800000, 0x0000000088900000|  0%| F|  |TAMS 0x0000000088800000, 0x0000000088800000| Untracked 
| 137|0x0000000088900000, 0x0000000088900000, 0x0000000088a00000|  0%| F|  |TAMS 0x0000000088900000, 0x0000000088900000| Untracked 
| 138|0x0000000088a00000, 0x0000000088a00000, 0x0000000088b00000|  0%| F|  |TAMS 0x0000000088a00000, 0x0000000088a00000| Untracked 
| 139|0x0000000088b00000, 0x0000000088b00000, 0x0000000088c00000|  0%| F|  |TAMS 0x0000000088b00000, 0x0000000088b00000| Untracked 
| 140|0x0000000088c00000, 0x0000000088c00000, 0x0000000088d00000|  0%| F|  |TAMS 0x0000000088c00000, 0x0000000088c00000| Untracked 
| 141|0x0000000088d00000, 0x0000000088d00000, 0x0000000088e00000|  0%| F|  |TAMS 0x0000000088d00000, 0x0000000088d00000| Untracked 
| 142|0x0000000088e00000, 0x0000000088e00000, 0x0000000088f00000|  0%| F|  |TAMS 0x0000000088e00000, 0x0000000088e00000| Untracked 
| 143|0x0000000088f00000, 0x0000000088f00000, 0x0000000089000000|  0%| F|  |TAMS 0x0000000088f00000, 0x0000000088f00000| Untracked 
| 144|0x0000000089000000, 0x0000000089000000, 0x0000000089100000|  0%| F|  |TAMS 0x0000000089000000, 0x0000000089000000| Untracked 
| 145|0x0000000089100000, 0x0000000089100000, 0x0000000089200000|  0%| F|  |TAMS 0x0000000089100000, 0x0000000089100000| Untracked 
| 146|0x0000000089200000, 0x0000000089200000, 0x0000000089300000|  0%| F|  |TAMS 0x0000000089200000, 0x0000000089200000| Untracked 
| 147|0x0000000089300000, 0x0000000089300000, 0x0000000089400000|  0%| F|  |TAMS 0x0000000089300000, 0x0000000089300000| Untracked 
| 148|0x0000000089400000, 0x0000000089400000, 0x0000000089500000|  0%| F|  |TAMS 0x0000000089400000, 0x0000000089400000| Untracked 
| 149|0x0000000089500000, 0x0000000089500000, 0x0000000089600000|  0%| F|  |TAMS 0x0000000089500000, 0x0000000089500000| Untracked 
| 150|0x0000000089600000, 0x0000000089600000, 0x0000000089700000|  0%| F|  |TAMS 0x0000000089600000, 0x0000000089600000| Untracked 
| 151|0x0000000089700000, 0x0000000089700000, 0x0000000089800000|  0%| F|  |TAMS 0x0000000089700000, 0x0000000089700000| Untracked 
| 152|0x0000000089800000, 0x0000000089800000, 0x0000000089900000|  0%| F|  |TAMS 0x0000000089800000, 0x0000000089800000| Untracked 
| 153|0x0000000089900000, 0x0000000089900000, 0x0000000089a00000|  0%| F|  |TAMS 0x0000000089900000, 0x0000000089900000| Untracked 
| 154|0x0000000089a00000, 0x0000000089a00000, 0x0000000089b00000|  0%| F|  |TAMS 0x0000000089a00000, 0x0000000089a00000| Untracked 
| 155|0x0000000089b00000, 0x0000000089b00000, 0x0000000089c00000|  0%| F|  |TAMS 0x0000000089b00000, 0x0000000089b00000| Untracked 
| 156|0x0000000089c00000, 0x0000000089c00000, 0x0000000089d00000|  0%| F|  |TAMS 0x0000000089c00000, 0x0000000089c00000| Untracked 
| 157|0x0000000089d00000, 0x0000000089d00000, 0x0000000089e00000|  0%| F|  |TAMS 0x0000000089d00000, 0x0000000089d00000| Untracked 
| 158|0x0000000089e00000, 0x0000000089e00000, 0x0000000089f00000|  0%| F|  |TAMS 0x0000000089e00000, 0x0000000089e00000| Untracked 
| 159|0x0000000089f00000, 0x0000000089f00000, 0x000000008a000000|  0%| F|  |TAMS 0x0000000089f00000, 0x0000000089f00000| Untracked 
| 160|0x000000008a000000, 0x000000008a000000, 0x000000008a100000|  0%| F|  |TAMS 0x000000008a000000, 0x000000008a000000| Untracked 
| 161|0x000000008a100000, 0x000000008a100000, 0x000000008a200000|  0%| F|  |TAMS 0x000000008a100000, 0x000000008a100000| Untracked 
| 162|0x000000008a200000, 0x000000008a200000, 0x000000008a300000|  0%| F|  |TAMS 0x000000008a200000, 0x000000008a200000| Untracked 
| 163|0x000000008a300000, 0x000000008a300000, 0x000000008a400000|  0%| F|  |TAMS 0x000000008a300000, 0x000000008a300000| Untracked 
| 164|0x000000008a400000, 0x000000008a400000, 0x000000008a500000|  0%| F|  |TAMS 0x000000008a400000, 0x000000008a400000| Untracked 
| 165|0x000000008a500000, 0x000000008a500000, 0x000000008a600000|  0%| F|  |TAMS 0x000000008a500000, 0x000000008a500000| Untracked 
| 166|0x000000008a600000, 0x000000008a600000, 0x000000008a700000|  0%| F|  |TAMS 0x000000008a600000, 0x000000008a600000| Untracked 
| 167|0x000000008a700000, 0x000000008a700000, 0x000000008a800000|  0%| F|  |TAMS 0x000000008a700000, 0x000000008a700000| Untracked 
| 168|0x000000008a800000, 0x000000008a800000, 0x000000008a900000|  0%| F|  |TAMS 0x000000008a800000, 0x000000008a800000| Untracked 
| 169|0x000000008a900000, 0x000000008a900000, 0x000000008aa00000|  0%| F|  |TAMS 0x000000008a900000, 0x000000008a900000| Untracked 
| 170|0x000000008aa00000, 0x000000008aa00000, 0x000000008ab00000|  0%| F|  |TAMS 0x000000008aa00000, 0x000000008aa00000| Untracked 
| 171|0x000000008ab00000, 0x000000008ab00000, 0x000000008ac00000|  0%| F|  |TAMS 0x000000008ab00000, 0x000000008ab00000| Untracked 
| 172|0x000000008ac00000, 0x000000008ac00000, 0x000000008ad00000|  0%| F|  |TAMS 0x000000008ac00000, 0x000000008ac00000| Untracked 
| 173|0x000000008ad00000, 0x000000008ad00000, 0x000000008ae00000|  0%| F|  |TAMS 0x000000008ad00000, 0x000000008ad00000| Untracked 
| 174|0x000000008ae00000, 0x000000008ae00000, 0x000000008af00000|  0%| F|  |TAMS 0x000000008ae00000, 0x000000008ae00000| Untracked 
| 175|0x000000008af00000, 0x000000008af00000, 0x000000008b000000|  0%| F|  |TAMS 0x000000008af00000, 0x000000008af00000| Untracked 
| 176|0x000000008b000000, 0x000000008b000000, 0x000000008b100000|  0%| F|  |TAMS 0x000000008b000000, 0x000000008b000000| Untracked 
| 177|0x000000008b100000, 0x000000008b100000, 0x000000008b200000|  0%| F|  |TAMS 0x000000008b100000, 0x000000008b100000| Untracked 
| 178|0x000000008b200000, 0x000000008b200000, 0x000000008b300000|  0%| F|  |TAMS 0x000000008b200000, 0x000000008b200000| Untracked 
| 179|0x000000008b300000, 0x000000008b300000, 0x000000008b400000|  0%| F|  |TAMS 0x000000008b300000, 0x000000008b300000| Untracked 
| 180|0x000000008b400000, 0x000000008b400000, 0x000000008b500000|  0%| F|  |TAMS 0x000000008b400000, 0x000000008b400000| Untracked 
| 181|0x000000008b500000, 0x000000008b500000, 0x000000008b600000|  0%| F|  |TAMS 0x000000008b500000, 0x000000008b500000| Untracked 
| 182|0x000000008b600000, 0x000000008b600000, 0x000000008b700000|  0%| F|  |TAMS 0x000000008b600000, 0x000000008b600000| Untracked 
| 183|0x000000008b700000, 0x000000008b782160, 0x000000008b800000| 50%| E|  |TAMS 0x000000008b700000, 0x000000008b700000| Complete 
| 184|0x000000008b800000, 0x000000008b900000, 0x000000008b900000|100%| E|CS|TAMS 0x000000008b800000, 0x000000008b800000| Complete 

Card table byte_map: [0x00000246d6810000,0x00000246d6c10000] _byte_map_base: 0x00000246d6410000

Marking Bits (Prev, Next): (CMBitMap*) 0x00000246c3411860, (CMBitMap*) 0x00000246c3411828
 Prev Bits: [0x00000246d9010000, 0x00000246db010000)
 Next Bits: [0x00000246d7010000, 0x00000246d9010000)

Polling page: 0x00000246c1160000

Metaspace:

Usage:
  Non-class:     60.29 MB capacity,    59.21 MB ( 98%) used,   933.55 KB (  2%) free+waste,   178.06 KB ( <1%) overhead. 
      Class:      9.44 MB capacity,     8.84 MB ( 94%) used,   535.12 KB (  6%) free+waste,    83.31 KB ( <1%) overhead. 
       Both:     69.73 MB capacity,    68.04 MB ( 98%) used,     1.43 MB (  2%) free+waste,   261.38 KB ( <1%) overhead. 

Virtual space:
  Non-class space:       62.00 MB reserved,      60.50 MB ( 98%) committed 
      Class space:        1.00 GB reserved,       9.45 MB ( <1%) committed 
             Both:        1.06 GB reserved,      69.95 MB (  6%) committed 

Chunk freelists:
   Non-Class:  21.00 KB
       Class:  0 bytes
        Both:  21.00 KB

MaxMetaspaceSize: 17179869184.00 GB
CompressedClassSpaceSize: 1.00 GB

CodeHeap 'non-profiled nmethods': size=120000Kb used=4211Kb max_used=4211Kb free=115788Kb
 bounds [0x00000246ce990000, 0x00000246cedb0000, 0x00000246d5ec0000]
CodeHeap 'profiled nmethods': size=120000Kb used=14239Kb max_used=14239Kb free=105760Kb
 bounds [0x00000246c7460000, 0x00000246c8250000, 0x00000246ce990000]
CodeHeap 'non-nmethods': size=5760Kb used=2263Kb max_used=2316Kb free=3497Kb
 bounds [0x00000246c6ec0000, 0x00000246c7130000, 0x00000246c7460000]
 total_blobs=7585 nmethods=6728 adapters=768
 compilation: enabled
              stopped_count=0, restarted_count=0
 full_count=0

Compilation events (20 events):
Event: 5.961 Thread 0x00000246ddcaa800 6724       3       com.google.common.collect.AbstractMapBasedMultimap$WrappedList::<init> (15 bytes)
Event: 5.961 Thread 0x00000246ddcaa800 nmethod 6724 0x00000246c8233090 code [0x00000246c8233240, 0x00000246c82333c8]
Event: 5.962 Thread 0x00000246ddcaa800 6725       1       java.lang.NamedPackage::packageName (5 bytes)
Event: 5.962 Thread 0x00000246ddcaa800 nmethod 6725 0x00000246cedaca10 code [0x00000246cedacbc0, 0x00000246cedacc78]
Event: 5.963 Thread 0x00000246ddcaa800 6726       3       com.google.common.collect.ImmutableMap::values (23 bytes)
Event: 5.963 Thread 0x00000246ddcaa800 nmethod 6726 0x00000246c8233490 code [0x00000246c8233660, 0x00000246c82338c8]
Event: 5.963 Thread 0x00000246ddcaa800 6727       3       com.google.common.collect.AbstractMapBasedMultimap::wrapList (33 bytes)
Event: 5.963 Thread 0x00000246ddcaa800 nmethod 6727 0x00000246c8233990 code [0x00000246c8233ba0, 0x00000246c82341d8]
Event: 5.963 Thread 0x00000246ddcaa800 6728       3       com.google.common.collect.ImmutableSet::of (4 bytes)
Event: 5.963 Thread 0x00000246ddcaa800 nmethod 6728 0x00000246c8234390 code [0x00000246c8234540, 0x00000246c8234638]
Event: 5.963 Thread 0x00000246ddcaa800 6729       3       org.gradle.internal.reflect.annotations.impl.DefaultPropertyAnnotationMetadata::compareTo (9 bytes)
Event: 5.963 Thread 0x00000246ddcaa800 nmethod 6729 0x00000246c8234710 code [0x00000246c8234900, 0x00000246c8234c48]
Event: 5.963 Thread 0x00000246ddcaa800 6730       3       org.gradle.internal.reflect.annotations.impl.DefaultTypeAnnotationMetadataStore::collectRelevantAnnotations (88 bytes)
Event: 5.964 Thread 0x00000246ddcaa800 nmethod 6730 0x00000246c8234e10 code [0x00000246c8235080, 0x00000246c8235ae8]
Event: 5.964 Thread 0x00000246ddcaa800 6732       3       org.gradle.internal.reflect.annotations.impl.DefaultTypeAnnotationMetadataStore::processMethodAnnotations (239 bytes)
Event: 5.966 Thread 0x00000246ddcaa800 nmethod 6732 0x00000246c8235e90 code [0x00000246c8236540, 0x00000246c823a5b8]
Event: 5.966 Thread 0x00000246ddcaa800 6731       3       com.google.common.collect.RegularImmutableMap$KeySet::size (8 bytes)
Event: 5.966 Thread 0x00000246ddcaa800 nmethod 6731 0x00000246c823bb10 code [0x00000246c823bcc0, 0x00000246c823be88]
Event: 5.968 Thread 0x00000246ddcaa800 6733       3       java.io.WinNTFileSystem::isSlash (18 bytes)
Event: 5.968 Thread 0x00000246ddcaa800 nmethod 6733 0x00000246c823bf90 code [0x00000246c823c140, 0x00000246c823c2d8]

GC Heap History (20 events):
Event: 1.233 GC heap before
{Heap before GC invocations=1 (full 0):
 garbage-first heap   total 131072K, used 83867K [0x0000000080000000, 0x0000000100000000)
  region size 1024K, 76 young (77824K), 3 survivors (3072K)
 Metaspace       used 17732K, capacity 18161K, committed 18432K, reserved 1064960K
  class space    used 2103K, capacity 2240K, committed 2304K, reserved 1048576K
}
Event: 1.238 GC heap after
{Heap after GC invocations=2 (full 0):
 garbage-first heap   total 131072K, used 16590K [0x0000000080000000, 0x0000000100000000)
  region size 1024K, 10 young (10240K), 10 survivors (10240K)
 Metaspace       used 17732K, capacity 18161K, committed 18432K, reserved 1064960K
  class space    used 2103K, capacity 2240K, committed 2304K, reserved 1048576K
}
Event: 1.415 GC heap before
{Heap before GC invocations=2 (full 0):
 garbage-first heap   total 131072K, used 38094K [0x0000000080000000, 0x0000000100000000)
  region size 1024K, 32 young (32768K), 10 survivors (10240K)
 Metaspace       used 20597K, capacity 21124K, committed 21248K, reserved 1067008K
  class space    used 2520K, capacity 2722K, committed 2816K, reserved 1048576K
}
Event: 1.420 GC heap after
{Heap after GC invocations=3 (full 0):
 garbage-first heap   total 131072K, used 16845K [0x0000000080000000, 0x0000000100000000)
  region size 1024K, 1 young (1024K), 1 survivors (1024K)
 Metaspace       used 20597K, capacity 21124K, committed 21248K, reserved 1067008K
  class space    used 2520K, capacity 2722K, committed 2816K, reserved 1048576K
}
Event: 1.833 GC heap before
{Heap before GC invocations=4 (full 0):
 garbage-first heap   total 131072K, used 64973K [0x0000000080000000, 0x0000000100000000)
  region size 1024K, 49 young (50176K), 1 survivors (1024K)
 Metaspace       used 25629K, capacity 26296K, committed 26496K, reserved 1073152K
  class space    used 3356K, capacity 3600K, committed 3712K, reserved 1048576K
}
Event: 1.835 GC heap after
{Heap after GC invocations=5 (full 0):
 garbage-first heap   total 131072K, used 18369K [0x0000000080000000, 0x0000000100000000)
  region size 1024K, 3 young (3072K), 3 survivors (3072K)
 Metaspace       used 25629K, capacity 26296K, committed 26496K, reserved 1073152K
  class space    used 3356K, capacity 3600K, committed 3712K, reserved 1048576K
}
Event: 2.300 GC heap before
{Heap before GC invocations=5 (full 0):
 garbage-first heap   total 131072K, used 72641K [0x0000000080000000, 0x0000000100000000)
  region size 1024K, 56 young (57344K), 3 survivors (3072K)
 Metaspace       used 32445K, capacity 33177K, committed 33280K, reserved 1077248K
  class space    used 4235K, capacity 4512K, committed 4608K, reserved 1048576K
}
Event: 2.303 GC heap after
{Heap after GC invocations=6 (full 0):
 garbage-first heap   total 131072K, used 21104K [0x0000000080000000, 0x0000000100000000)
  region size 1024K, 6 young (6144K), 6 survivors (6144K)
 Metaspace       used 32445K, capacity 33177K, committed 33280K, reserved 1077248K
  class space    used 4235K, capacity 4512K, committed 4608K, reserved 1048576K
}
Event: 2.395 GC heap before
{Heap before GC invocations=6 (full 0):
 garbage-first heap   total 131072K, used 28272K [0x0000000080000000, 0x0000000100000000)
  region size 1024K, 14 young (14336K), 6 survivors (6144K)
 Metaspace       used 35008K, capacity 35830K, committed 35840K, reserved 1081344K
  class space    used 4539K, capacity 4864K, committed 4864K, reserved 1048576K
}
Event: 2.401 GC heap after
{Heap after GC invocations=7 (full 0):
 garbage-first heap   total 131072K, used 22127K [0x0000000080000000, 0x0000000100000000)
  region size 1024K, 4 young (4096K), 4 survivors (4096K)
 Metaspace       used 35008K, capacity 35830K, committed 35840K, reserved 1081344K
  class space    used 4539K, capacity 4864K, committed 4864K, reserved 1048576K
}
Event: 2.806 GC heap before
{Heap before GC invocations=8 (full 0):
 garbage-first heap   total 131072K, used 86639K [0x0000000080000000, 0x0000000100000000)
  region size 1024K, 64 young (65536K), 4 survivors (4096K)
 Metaspace       used 39428K, capacity 40363K, committed 40524K, reserved 1085440K
  class space    used 5042K, capacity 5389K, committed 5452K, reserved 1048576K
}
Event: 2.811 GC heap after
{Heap after GC invocations=9 (full 0):
 garbage-first heap   total 157696K, used 27091K [0x0000000080000000, 0x0000000100000000)
  region size 1024K, 8 young (8192K), 8 survivors (8192K)
 Metaspace       used 39428K, capacity 40363K, committed 40524K, reserved 1085440K
  class space    used 5042K, capacity 5389K, committed 5452K, reserved 1048576K
}
Event: 3.398 GC heap before
{Heap before GC invocations=9 (full 0):
 garbage-first heap   total 157696K, used 100819K [0x0000000080000000, 0x0000000100000000)
  region size 1024K, 80 young (81920K), 8 survivors (8192K)
 Metaspace       used 45750K, capacity 46950K, committed 47052K, reserved 1089536K
  class space    used 5876K, capacity 6300K, committed 6348K, reserved 1048576K
}
Event: 3.403 GC heap after
{Heap after GC invocations=10 (full 0):
 garbage-first heap   total 157696K, used 30004K [0x0000000080000000, 0x0000000100000000)
  region size 1024K, 9 young (9216K), 9 survivors (9216K)
 Metaspace       used 45750K, capacity 46950K, committed 47052K, reserved 1089536K
  class space    used 5876K, capacity 6300K, committed 6348K, reserved 1048576K
}
Event: 4.488 GC heap before
{Heap before GC invocations=10 (full 0):
 garbage-first heap   total 157696K, used 107828K [0x0000000080000000, 0x0000000100000000)
  region size 1024K, 82 young (83968K), 9 survivors (9216K)
 Metaspace       used 51475K, capacity 52888K, committed 52940K, reserved 1095680K
  class space    used 6571K, capacity 7069K, committed 7116K, reserved 1048576K
}
Event: 4.495 GC heap after
{Heap after GC invocations=11 (full 0):
 garbage-first heap   total 157696K, used 42736K [0x0000000080000000, 0x0000000100000000)
  region size 1024K, 11 young (11264K), 11 survivors (11264K)
 Metaspace       used 51475K, capacity 52888K, committed 52940K, reserved 1095680K
  class space    used 6571K, capacity 7069K, committed 7116K, reserved 1048576K
}
Event: 4.953 GC heap before
{Heap before GC invocations=11 (full 0):
 garbage-first heap   total 157696K, used 85744K [0x0000000080000000, 0x0000000100000000)
  region size 1024K, 54 young (55296K), 11 survivors (11264K)
 Metaspace       used 58408K, capacity 59963K, committed 60236K, reserved 1101824K
  class space    used 7423K, capacity 7973K, committed 8012K, reserved 1048576K
}
Event: 4.964 GC heap after
{Heap after GC invocations=12 (full 0):
 garbage-first heap   total 157696K, used 46000K [0x0000000080000000, 0x0000000100000000)
  region size 1024K, 3 young (3072K), 3 survivors (3072K)
 Metaspace       used 58408K, capacity 59963K, committed 60236K, reserved 1101824K
  class space    used 7423K, capacity 7973K, committed 8012K, reserved 1048576K
}
Event: 5.391 GC heap before
{Heap before GC invocations=13 (full 0):
 garbage-first heap   total 157696K, used 106416K [0x0000000080000000, 0x0000000100000000)
  region size 1024K, 62 young (63488K), 3 survivors (3072K)
 Metaspace       used 63201K, capacity 64765K, committed 64972K, reserved 1105920K
  class space    used 8055K, capacity 8642K, committed 8652K, reserved 1048576K
}
Event: 5.396 GC heap after
{Heap after GC invocations=14 (full 0):
 garbage-first heap   total 189440K, used 50377K [0x0000000080000000, 0x0000000100000000)
  region size 1024K, 8 young (8192K), 8 survivors (8192K)
 Metaspace       used 63201K, capacity 64765K, committed 64972K, reserved 1105920K
  class space    used 8055K, capacity 8642K, committed 8652K, reserved 1048576K
}

Deoptimization events (20 events):
Event: 5.901 Thread 0x00000246e0635000 DEOPT PACKING pc=0x00000246cebef8f4 sp=0x0000007db7df8a20
Event: 5.901 Thread 0x00000246e0635000 DEOPT UNPACKING pc=0x00000246c6ee78af sp=0x0000007db7df89e0 mode 2
Event: 5.902 Thread 0x00000246e0635000 Uncommon trap: trap_request=0xffffff4d fr.pc=0x00000246cec1a698 relative=0x00000000000001d8
Event: 5.902 Thread 0x00000246e0635000 Uncommon trap: reason=unstable_if action=reinterpret pc=0x00000246cec1a698 method=com.esotericsoftware.kryo.io.Input.readVarInt(Z)I @ 42 c2
Event: 5.902 Thread 0x00000246e0635000 DEOPT PACKING pc=0x00000246cec1a698 sp=0x0000007db7df8990
Event: 5.902 Thread 0x00000246e0635000 DEOPT UNPACKING pc=0x00000246c6ee78af sp=0x0000007db7df8938 mode 2
Event: 5.931 Thread 0x00000246e0635000 Uncommon trap: trap_request=0xffffff4d fr.pc=0x00000246cebefe28 relative=0x00000000000000c8
Event: 5.931 Thread 0x00000246e0635000 Uncommon trap: reason=unstable_if action=reinterpret pc=0x00000246cebefe28 method=java.io.WinNTFileSystem.normalize(Ljava/lang/String;)Ljava/lang/String; @ 74 c2
Event: 5.931 Thread 0x00000246e0635000 DEOPT PACKING pc=0x00000246cebefe28 sp=0x0000007db7df99d0
Event: 5.931 Thread 0x00000246e0635000 DEOPT UNPACKING pc=0x00000246c6ee78af sp=0x0000007db7df9948 mode 2
Event: 5.931 Thread 0x00000246e0635000 Uncommon trap: trap_request=0xffffff4d fr.pc=0x00000246ceb874e8 relative=0x0000000000001688
Event: 5.931 Thread 0x00000246e0635000 Uncommon trap: reason=unstable_if action=reinterpret pc=0x00000246ceb874e8 method=java.io.WinNTFileSystem.normalize(Ljava/lang/String;II)Ljava/lang/String; @ 100 c2
Event: 5.931 Thread 0x00000246e0635000 DEOPT PACKING pc=0x00000246ceb874e8 sp=0x0000007db7df98a0
Event: 5.931 Thread 0x00000246e0635000 DEOPT UNPACKING pc=0x00000246c6ee78af sp=0x0000007db7df98a8 mode 2
Event: 5.943 Thread 0x00000246e0635000 DEOPT PACKING pc=0x00000246c8031aa7 sp=0x0000007db7df94e0
Event: 5.943 Thread 0x00000246e0635000 DEOPT UNPACKING pc=0x00000246c6ee76ce sp=0x0000007db7df8990 mode 0
Event: 5.946 Thread 0x00000246e0635000 Uncommon trap: trap_request=0xffffff4d fr.pc=0x00000246ce9b3280 relative=0x0000000000000060
Event: 5.946 Thread 0x00000246e0635000 Uncommon trap: reason=unstable_if action=reinterpret pc=0x00000246ce9b3280 method=java.io.WinNTFileSystem.isSlash(C)Z @ 9 c2
Event: 5.946 Thread 0x00000246e0635000 DEOPT PACKING pc=0x00000246ce9b3280 sp=0x0000007db7df9390
Event: 5.946 Thread 0x00000246e0635000 DEOPT UNPACKING pc=0x00000246c6ee78af sp=0x0000007db7df9318 mode 2

Classes redefined (0 events):
No events

Internal exceptions (20 events):
Event: 5.444 Thread 0x00000246e0635000 Exception <a 'java/lang/ClassNotFoundException'{0x000000008ace0570}: com/android/build/gradle/internal/dsl/ApplicationBuildFeaturesImplCustomizer> (0x000000008ace0570) thrown at [./src/hotspot/share/classfile/systemDictionary.cpp, line 231]
Event: 5.445 Thread 0x00000246e0635000 Exception <a 'java/lang/ClassNotFoundException'{0x000000008ab02258}: com/android/build/gradle/internal/dsl/ApplicationBuildFeaturesImpl_DecoratedCustomizer> (0x000000008ab02258) thrown at [./src/hotspot/share/classfile/systemDictionary.cpp, line 231]
Event: 5.447 Thread 0x00000246e0635000 Implicit null exception at 0x00000246cec174b1 to 0x00000246cec17c54
Event: 5.451 Thread 0x00000246e0635000 Exception <a 'java/lang/ClassNotFoundException'{0x000000008aa64d38}: org/gradle/api/internal/artifacts/dependencies/DefaultExternalModuleDependency_DecoratedBeanInfo> (0x000000008aa64d38) thrown at [./src/hotspot/share/classfile/systemDictionary.cpp, line 231]
Event: 5.452 Thread 0x00000246e0635000 Exception <a 'java/lang/ClassNotFoundException'{0x000000008aaadc90}: org/gradle/api/internal/artifacts/dependencies/DefaultExternalModuleDependencyBeanInfo> (0x000000008aaadc90) thrown at [./src/hotspot/share/classfile/systemDictionary.cpp, line 231]
Event: 5.452 Thread 0x00000246e0635000 Exception <a 'java/lang/ClassNotFoundException'{0x000000008aaf6b88}: org/gradle/api/internal/artifacts/dependencies/AbstractExternalModuleDependencyBeanInfo> (0x000000008aaf6b88) thrown at [./src/hotspot/share/classfile/systemDictionary.cpp, line 231]
Event: 5.453 Thread 0x00000246e0635000 Exception <a 'java/lang/ClassNotFoundException'{0x000000008a92ecd0}: org/gradle/api/internal/artifacts/dependencies/AbstractModuleDependencyBeanInfo> (0x000000008a92ecd0) thrown at [./src/hotspot/share/classfile/systemDictionary.cpp, line 231]
Event: 5.453 Thread 0x00000246e0635000 Exception <a 'java/lang/ClassNotFoundException'{0x000000008a9646f8}: org/gradle/api/internal/artifacts/dependencies/AbstractDependencyBeanInfo> (0x000000008a9646f8) thrown at [./src/hotspot/share/classfile/systemDictionary.cpp, line 231]
Event: 5.454 Thread 0x00000246e0635000 Exception <a 'java/lang/ClassNotFoundException'{0x000000008a99bef8}: org/gradle/api/internal/artifacts/dependencies/AbstractDependencyCustomizer> (0x000000008a99bef8) thrown at [./src/hotspot/share/classfile/systemDictionary.cpp, line 231]
Event: 5.454 Thread 0x00000246e0635000 Exception <a 'java/lang/ClassNotFoundException'{0x000000008a9d7180}: org/gradle/api/internal/artifacts/dependencies/AbstractModuleDependencyCustomizer> (0x000000008a9d7180) thrown at [./src/hotspot/share/classfile/systemDictionary.cpp, line 231]
Event: 5.455 Thread 0x00000246e0635000 Exception <a 'java/lang/ClassNotFoundException'{0x000000008a8398e8}: org/gradle/api/internal/artifacts/dependencies/AbstractExternalModuleDependencyCustomizer> (0x000000008a8398e8) thrown at [./src/hotspot/share/classfile/systemDictionary.cpp, line 231]
Event: 5.456 Thread 0x00000246e0635000 Exception <a 'java/lang/ClassNotFoundException'{0x000000008a892a10}: org/gradle/api/internal/artifacts/dependencies/DefaultExternalModuleDependencyCustomizer> (0x000000008a892a10) thrown at [./src/hotspot/share/classfile/systemDictionary.cpp, line 231]
Event: 5.457 Thread 0x00000246e0635000 Exception <a 'java/lang/ClassNotFoundException'{0x000000008a8eb398}: org/gradle/api/internal/artifacts/dependencies/DefaultExternalModuleDependency_DecoratedCustomizer> (0x000000008a8eb398) thrown at [./src/hotspot/share/classfile/systemDictionary.cpp, line 231]
Event: 5.862 Thread 0x00000246e0635000 Exception <a 'java/lang/ClassNotFoundException'{0x0000000087e495d8}: com/android/build/gradle/internal/api/ApkVariantOutputImpl_DecoratedBeanInfo> (0x0000000087e495d8) thrown at [./src/hotspot/share/classfile/systemDictionary.cpp, line 231]
Event: 5.863 Thread 0x00000246e0635000 Exception <a 'java/lang/ClassNotFoundException'{0x0000000087e62ff8}: com/android/build/gradle/internal/api/ApkVariantOutputImplBeanInfo> (0x0000000087e62ff8) thrown at [./src/hotspot/share/classfile/systemDictionary.cpp, line 231]
Event: 5.863 Thread 0x00000246e0635000 Exception <a 'java/lang/ClassNotFoundException'{0x0000000087e7d1c8}: com/android/build/gradle/internal/api/BaseVariantOutputImplBeanInfo> (0x0000000087e7d1c8) thrown at [./src/hotspot/share/classfile/systemDictionary.cpp, line 231]
Event: 5.863 Thread 0x00000246e0635000 Exception <a 'java/lang/ClassNotFoundException'{0x0000000087e97670}: com/android/build/gradle/internal/api/BaseVariantOutputImplCustomizer> (0x0000000087e97670) thrown at [./src/hotspot/share/classfile/systemDictionary.cpp, line 231]
Event: 5.864 Thread 0x00000246e0635000 Exception <a 'java/lang/ClassNotFoundException'{0x0000000087ec3f40}: com/android/build/gradle/internal/api/ApkVariantOutputImplCustomizer> (0x0000000087ec3f40) thrown at [./src/hotspot/share/classfile/systemDictionary.cpp, line 231]
Event: 5.864 Thread 0x00000246e0635000 Exception <a 'java/lang/ClassNotFoundException'{0x0000000087eecc18}: com/android/build/gradle/internal/api/ApkVariantOutputImpl_DecoratedCustomizer> (0x0000000087eecc18) thrown at [./src/hotspot/share/classfile/systemDictionary.cpp, line 231]
Event: 5.880 Thread 0x00000246e0635000 Exception <a 'java/lang/NoClassDefFoundError'{0x0000000087c9d060}: org/jetbrains/kotlin/gradle/plugin/KotlinBasePluginWrapper> (0x0000000087c9d060) thrown at [./src/hotspot/share/classfile/systemDictionary.cpp, line 220]

Events (20 events):
Event: 5.963 loading class com/android/build/api/variant/impl/VariantOutputImpl$SerializedForm
Event: 5.963 loading class com/android/build/api/variant/impl/VariantOutputImpl$SerializedForm done
Event: 5.964 loading class com/android/build/gradle/internal/AndroidJarInput
Event: 5.964 loading class com/android/build/gradle/internal/AndroidJarInput done
Event: 5.964 loading class org/gradle/api/tasks/incremental/IncrementalTaskInputs
Event: 5.964 loading class org/gradle/api/tasks/incremental/IncrementalTaskInputs done
Event: 5.968 loading class org/gradle/api/internal/project/taskfactory/IncrementalTaskInputsTaskAction
Event: 5.968 loading class org/gradle/api/internal/project/taskfactory/IncrementalTaskInputsTaskAction done
Event: 5.968 loading class com/android/build/api/variant/impl/AndroidResourcesImplKt
Event: 5.968 loading class com/android/build/api/variant/impl/AndroidResourcesImplKt done
Event: 5.969 loading class com/android/build/api/variant/impl/AndroidResourcesImpl
Event: 5.969 loading class com/android/build/api/variant/impl/AndroidResourcesImpl done
Event: 5.969 loading class org/gradle/api/NonExtensible
Event: 5.969 loading class org/gradle/api/NonExtensible done
Event: 5.970 loading class org/gradle/internal/metaobject/BeanDynamicObject
Event: 5.970 loading class org/gradle/internal/metaobject/BeanDynamicObject done
Event: 5.970 loading class com/android/build/gradle/internal/SdkComponentsKt
Event: 5.970 loading class com/android/build/gradle/internal/SdkComponentsKt done
Event: 5.970 loading class org/gradle/api/provider/HasMultipleValues
Event: 5.970 loading class org/gradle/api/provider/HasMultipleValues done


Dynamic libraries:
0x00007ff78b620000 - 0x00007ff78b62a000 	C:\Program Files\Android\Android Studio\jre\bin\java.exe
0x00007ff99e340000 - 0x00007ff99e547000 	C:\Windows\SYSTEM32\ntdll.dll
0x00007ff99dbf0000 - 0x00007ff99dcad000 	C:\Windows\System32\KERNEL32.DLL
0x00007ff99bba0000 - 0x00007ff99bf14000 	C:\Windows\System32\KERNELBASE.dll
0x00007ff99b9e0000 - 0x00007ff99baf1000 	C:\Windows\System32\ucrtbase.dll
0x00007ff98b8e0000 - 0x00007ff98b8f7000 	C:\Program Files\Android\Android Studio\jre\bin\VCRUNTIME140.dll
0x00007ff984920000 - 0x00007ff984939000 	C:\Program Files\Android\Android Studio\jre\bin\jli.dll
0x00007ff99ca60000 - 0x00007ff99cc0c000 	C:\Windows\System32\USER32.dll
0x00007ff99b9b0000 - 0x00007ff99b9d6000 	C:\Windows\System32\win32u.dll
0x00007ff98c7e0000 - 0x00007ff98ca85000 	C:\Windows\WinSxS\amd64_microsoft.windows.common-controls_6595b64144ccf1df_6.0.22000.120_none_9d947278b86cc467\COMCTL32.dll
0x00007ff99dcb0000 - 0x00007ff99dcd9000 	C:\Windows\System32\GDI32.dll
0x00007ff99c1d0000 - 0x00007ff99c273000 	C:\Windows\System32\msvcrt.dll
0x00007ff99b890000 - 0x00007ff99b9a2000 	C:\Windows\System32\gdi32full.dll
0x00007ff99bb00000 - 0x00007ff99bb9d000 	C:\Windows\System32\msvcp_win.dll
0x00007ff99c880000 - 0x00007ff99c8b1000 	C:\Windows\System32\IMM32.DLL
0x00007ff969ca0000 - 0x00007ff969d3d000 	C:\Program Files\Android\Android Studio\jre\bin\msvcp140.dll
0x00007ff967790000 - 0x00007ff96825f000 	C:\Program Files\Android\Android Studio\jre\bin\server\jvm.dll
0x00007ff99d910000 - 0x00007ff99d9bc000 	C:\Windows\System32\ADVAPI32.dll
0x00007ff99c660000 - 0x00007ff99c6fd000 	C:\Windows\System32\sechost.dll
0x00007ff99c920000 - 0x00007ff99ca41000 	C:\Windows\System32\RPCRT4.dll
0x00007ff99e130000 - 0x00007ff99e138000 	C:\Windows\System32\PSAPI.DLL
0x00007ff998b50000 - 0x00007ff998b59000 	C:\Windows\SYSTEM32\WSOCK32.dll
0x00007ff996060000 - 0x00007ff996093000 	C:\Windows\SYSTEM32\WINMM.dll
0x00007ff9950f0000 - 0x00007ff9950fa000 	C:\Windows\SYSTEM32\VERSION.dll
0x00007ff99da20000 - 0x00007ff99da8f000 	C:\Windows\System32\WS2_32.dll
0x00007ff99a940000 - 0x00007ff99a958000 	C:\Windows\SYSTEM32\kernel.appcore.dll
0x00007ff998b30000 - 0x00007ff998b41000 	C:\Program Files\Android\Android Studio\jre\bin\verify.dll
0x00007ff98eb40000 - 0x00007ff98ed61000 	C:\Windows\SYSTEM32\DBGHELP.DLL
0x00007ff988ea0000 - 0x00007ff988ed1000 	C:\Windows\SYSTEM32\dbgcore.DLL
0x00007ff99bf20000 - 0x00007ff99bf9f000 	C:\Windows\System32\bcryptPrimitives.dll
0x00007ff992a10000 - 0x00007ff992a39000 	C:\Program Files\Android\Android Studio\jre\bin\java.dll
0x00007ff997a50000 - 0x00007ff997a5b000 	C:\Program Files\Android\Android Studio\jre\bin\jimage.dll
0x00007ff9976d0000 - 0x00007ff9976e8000 	C:\Program Files\Android\Android Studio\jre\bin\zip.dll
0x00007ff99cc10000 - 0x00007ff99d3be000 	C:\Windows\System32\SHELL32.dll
0x00007ff9999c0000 - 0x00007ff99a227000 	C:\Windows\SYSTEM32\windows.storage.dll
0x00007ff99ddb0000 - 0x00007ff99e128000 	C:\Windows\System32\combase.dll
0x00007ff999850000 - 0x00007ff9999b6000 	C:\Windows\SYSTEM32\wintypes.dll
0x00007ff99c790000 - 0x00007ff99c87a000 	C:\Windows\System32\SHCORE.dll
0x00007ff99c8c0000 - 0x00007ff99c91d000 	C:\Windows\System32\shlwapi.dll
0x00007ff99b750000 - 0x00007ff99b771000 	C:\Windows\SYSTEM32\profapi.dll
0x00007ff993d10000 - 0x00007ff993d2a000 	C:\Program Files\Android\Android Studio\jre\bin\net.dll
0x00007ff996160000 - 0x00007ff99626c000 	C:\Windows\SYSTEM32\WINHTTP.dll
0x00007ff99ad50000 - 0x00007ff99adb7000 	C:\Windows\system32\mswsock.dll
0x00007ff9929f0000 - 0x00007ff992a04000 	C:\Program Files\Android\Android Studio\jre\bin\nio.dll
0x00007ff98b1a0000 - 0x00007ff98b1c7000 	C:\Users\NeHaL\.gradle\native\8bec1ad78214c89d9ad589b4d07fe93259594b29d510b10fafb7a158f7737e5d\windows-amd64\native-platform.dll
0x00007ff9695d0000 - 0x00007ff96970d000 	C:\Users\NeHaL\.gradle\native\53dbd7edfb1c66fb8903c78663c9afc45aea4f116125fa6feffd364cf09443e8\windows-amd64\native-platform-file-events.dll
0x00007ff994f40000 - 0x00007ff994f4a000 	C:\Program Files\Android\Android Studio\jre\bin\management.dll
0x00007ff993ce0000 - 0x00007ff993cec000 	C:\Program Files\Android\Android Studio\jre\bin\management_ext.dll
0x00007ff99af90000 - 0x00007ff99afa8000 	C:\Windows\SYSTEM32\CRYPTSP.dll
0x00007ff99a8a0000 - 0x00007ff99a8d5000 	C:\Windows\system32\rsaenh.dll
0x00007ff99ae40000 - 0x00007ff99ae69000 	C:\Windows\SYSTEM32\USERENV.dll
0x00007ff99b110000 - 0x00007ff99b137000 	C:\Windows\SYSTEM32\bcrypt.dll
0x00007ff99afb0000 - 0x00007ff99afbc000 	C:\Windows\SYSTEM32\CRYPTBASE.dll
0x00007ff99a480000 - 0x00007ff99a4ad000 	C:\Windows\SYSTEM32\IPHLPAPI.DLL
0x00007ff99db70000 - 0x00007ff99db79000 	C:\Windows\System32\NSI.dll
0x00007ff995a40000 - 0x00007ff995a59000 	C:\Windows\SYSTEM32\dhcpcsvc6.DLL
0x00007ff996d30000 - 0x00007ff996d4e000 	C:\Windows\SYSTEM32\dhcpcsvc.DLL
0x00007ff99a4b0000 - 0x00007ff99a597000 	C:\Windows\SYSTEM32\DNSAPI.dll

dbghelp: loaded successfully - version: 4.0.5 - missing functions: none
symbol engine: initialized successfully - sym options: 0x614 - pdb path: .;C:\Program Files\Android\Android Studio\jre\bin;C:\Windows\SYSTEM32;C:\Windows\WinSxS\amd64_microsoft.windows.common-controls_6595b64144ccf1df_6.0.22000.120_none_9d947278b86cc467;C:\Program Files\Android\Android Studio\jre\bin\server;C:\Users\NeHaL\.gradle\native\8bec1ad78214c89d9ad589b4d07fe93259594b29d510b10fafb7a158f7737e5d\windows-amd64;C:\Users\NeHaL\.gradle\native\53dbd7edfb1c66fb8903c78663c9afc45aea4f116125fa6feffd364cf09443e8\windows-amd64

VM Arguments:
jvm_args: --add-opens=java.base/java.util=ALL-UNNAMED --add-opens=java.base/java.lang=ALL-UNNAMED --add-opens=java.base/java.lang.invoke=ALL-UNNAMED --add-opens=java.base/java.util=ALL-UNNAMED --add-opens=java.prefs/java.util.prefs=ALL-UNNAMED --add-opens=java.prefs/java.util.prefs=ALL-UNNAMED --add-opens=java.base/java.nio.charset=ALL-UNNAMED --add-opens=java.base/java.net=ALL-UNNAMED --add-opens=java.base/java.util.concurrent.atomic=ALL-UNNAMED -Xmx2048m -Dfile.encoding=UTF-8 -Duser.country=IN -Duser.language=en -Duser.variant 
java_command: org.gradle.launcher.daemon.bootstrap.GradleDaemon 7.0.2
java_class_path (initial): C:\Users\NeHaL\.gradle\wrapper\dists\gradle-7.0.2-bin\857tjihv64xamwrf0h14cai3r\gradle-7.0.2\lib\gradle-launcher-7.0.2.jar
Launcher Type: SUN_STANDARD

[Global flags]
     intx CICompilerCount                          = 4                                         {product} {ergonomic}
     uint ConcGCThreads                            = 3                                         {product} {ergonomic}
     uint G1ConcRefinementThreads                  = 10                                        {product} {ergonomic}
   size_t G1HeapRegionSize                         = 1048576                                   {product} {ergonomic}
    uintx GCDrainStackTargetSize                   = 64                                        {product} {ergonomic}
   size_t InitialHeapSize                          = 134217728                                 {product} {ergonomic}
   size_t MarkStackSize                            = 4194304                                   {product} {ergonomic}
   size_t MaxHeapSize                              = 2147483648                                {product} {command line}
   size_t MaxNewSize                               = 1287651328                                {product} {ergonomic}
   size_t MinHeapDeltaBytes                        = 1048576                                   {product} {ergonomic}
    uintx NonNMethodCodeHeapSize                   = 5836300                                {pd product} {ergonomic}
    uintx NonProfiledCodeHeapSize                  = 122910970                              {pd product} {ergonomic}
    uintx ProfiledCodeHeapSize                     = 122910970                              {pd product} {ergonomic}
    uintx ReservedCodeCacheSize                    = 251658240                              {pd product} {ergonomic}
     bool SegmentedCodeCache                       = true                                      {product} {ergonomic}
     bool UseCompressedClassPointers               = true                                 {lp64_product} {ergonomic}
     bool UseCompressedOops                        = true                                 {lp64_product} {ergonomic}
     bool UseG1GC                                  = true                                      {product} {ergonomic}
     bool UseLargePagesIndividualAllocation        = false                                  {pd product} {ergonomic}

Logging:
Log output configuration:
 #0: stdout all=warning uptime,level,tags
 #1: stderr all=off uptime,level,tags

Environment Variables:
PATH=C:\Program Files (x86)\Common Files\Intel\Shared Libraries\redist\intel64\compiler;C:\Program Files\Common Files\Oracle\Java\javapath;C:\Windows\system32;C:\Windows;C:\Windows\System32\Wbem;C:\Windows\System32\WindowsPowerShell\v1.0\;C:\Windows\System32\OpenSSH\;C:\Program Files\NVIDIA Corporation\NVIDIA NvDLISR;C:\Program Files (x86)\NVIDIA Corporation\PhysX\Common;C:\Program Files\nodejs\;C:\ProgramData\chocolatey\bin;C:\Program Files\Git\cmd;C:\Program Files\Cloudflare\Cloudflare WARP;C:\Users\NeHaL\AppData\Local\Microsoft\WindowsApps;C:\Program Files\JetBrains\IntelliJ IDEA Community Edition 2021.2.2\bin;;C:\Program Files\JetBrains\PyCharm Community Edition 2021.2.2\bin;;C:\Users\NeHaL\AppData\Local\Programs\Microsoft VS Code\bin;C:\Users\NeHaL\AppData\Roaming\npm;C:\Program Files\MongoDB\Server\5.0\bin;
USERNAME=NeHaL
OS=Windows_NT
PROCESSOR_IDENTIFIER=AMD64 Family 23 Model 113 Stepping 0, AuthenticAMD



---------------  S Y S T E M  ---------------

OS: Windows 10 , 64 bit Build 22000 (10.0.22000.318)
OS uptime: 0 days 0:40 hours

CPU:total 12 (initial active 12) (12 cores per cpu, 2 threads per core) family 23 model 113 stepping 0 microcode 0x0, cmov, cx8, fxsr, mmx, sse, sse2, sse3, ssse3, sse4.1, sse4.2, popcnt, avx, avx2, aes, clmul, mmxext, 3dnowpref, lzcnt, sse4a, ht, tsc, tscinvbit, tscinv, bmi1, bmi2, adx,

Memory: 4k page, system-wide physical 8144M (1808M free)
TotalPageFile size 8144M (AvailPageFile size 5M)
current process WorkingSet (physical memory assigned to process): 426M, peak: 426M
current process commit charge ("private bytes"): 466M, peak: 467M

vm_info: OpenJDK 64-Bit Server VM (11.0.10+0-b96-7249189) for windows-amd64 JRE (11.0.10+0-b96-7249189), built on Mar 31 2021 21:44:00 by "builder" with MS VC++ 14.0 (VS2015)

END.
