#
# There is insufficient memory for the Java Runtime Environment to continue.
# Native memory allocation (mmap) failed to map 65536 bytes for Failed to commit area from 0x000001587b5c0000 to 0x000001587b5d0000 of length 65536.
# Possible reasons:
#   The system is out of physical RAM or swap space
#   The process is running with CompressedOops enabled, and the Java Heap may be blocking the growth of the native heap
# Possible solutions:
#   Reduce memory load on the system
#   Increase physical memory or swap space
#   Check if swap backing store is full
#   Decrease Java heap size (-Xmx/-Xms)
#   Decrease number of Java threads
#   Decrease Java thread stack sizes (-Xss)
#   Set larger code cache with -XX:ReservedCodeCacheSize=
#   JVM is running with Unscaled Compressed Oops mode in which the Java heap is
#     placed in the first 4GB address space. The Java Heap base address is the
#     maximum limit for the native heap growth. Please use -XX:HeapBaseMinAddress
#     to set the Java Heap base and to place the Java Heap above 4GB virtual address.
# This output file may be truncated or incomplete.
#
#  Out of Memory Error (./src/hotspot/os/windows/os_windows.cpp:3301), pid=10056, tid=10404
#
# JRE version: OpenJDK Runtime Environment (11.0.10) (build 11.0.10+0-b96-7249189)
# Java VM: OpenJDK 64-Bit Server VM (11.0.10+0-b96-7249189, mixed mode, tiered, compressed oops, g1 gc, windows-amd64)
# No core dump will be written. Minidumps are not enabled by default on client versions of Windows
#

---------------  S U M M A R Y ------------

Command Line: --add-opens=java.base/java.util=ALL-UNNAMED --add-opens=java.base/java.lang=ALL-UNNAMED --add-opens=java.base/java.lang.invoke=ALL-UNNAMED --add-opens=java.base/java.util=ALL-UNNAMED --add-opens=java.prefs/java.util.prefs=ALL-UNNAMED --add-opens=java.prefs/java.util.prefs=ALL-UNNAMED --add-opens=java.base/java.nio.charset=ALL-UNNAMED --add-opens=java.base/java.net=ALL-UNNAMED --add-opens=java.base/java.util.concurrent.atomic=ALL-UNNAMED -Xmx2048m -Dfile.encoding=UTF-8 -Duser.country=IN -Duser.language=en -Duser.variant org.gradle.launcher.daemon.bootstrap.GradleDaemon 7.0.2

Host: AMD Ryzen 5 3600 6-Core Processor              , 12 cores, 7G,  Windows 10 , 64 bit Build 22000 (10.0.22000.318)
Time: Mon Dec 27 23:33:34 2021 India Standard Time elapsed time: 7.439751 seconds (0d 0h 0m 7s)

---------------  T H R E A D  ---------------

Current thread (0x0000015811b59800):  VMThread "VM Thread" [stack: 0x0000003b78100000,0x0000003b78200000] [id=10404]

Stack: [0x0000003b78100000,0x0000003b78200000]
[error occurred during error reporting (printing stack bounds), id 0xc0000005, EXCEPTION_ACCESS_VIOLATION (0xc0000005) at pc=0x0000015800000f2d]

Native frames: (J=compiled Java code, j=interpreted, Vv=VM code, C=native code)
V  [jvm.dll+0x5ecfaa]
V  [jvm.dll+0x722bd5]
V  [jvm.dll+0x72412d]
V  [jvm.dll+0x724745]
V  [jvm.dll+0x7246fb]
V  [jvm.dll+0x5ec348]
V  [jvm.dll+0x5ecad8]
C  [ntdll.dll+0xa82ff]
C  [ntdll.dll+0x35a0a]
C  [ntdll.dll+0xa730e]
C  0x0000015800000f2d

VM_Operation (0x0000003b7ccfa240): G1CollectForAllocation, mode: safepoint, requested by thread 0x000001581cec5000


---------------  P R O C E S S  ---------------

Threads class SMR info:
_java_thread_list=0x000001581965f0e0, length=73, elements={
0x00000158751ef800, 0x0000015811b5d000, 0x0000015811b68800, 0x0000015811b7b000,
0x0000015811b7c000, 0x0000015811b7d000, 0x0000015811b80800, 0x0000015811b83800,
0x0000015811b87800, 0x000001581256d000, 0x000001581271e800, 0x000001581474a800,
0x0000015812a07000, 0x0000015814c06800, 0x00000158130e8800, 0x000001581471b800,
0x0000015813d70000, 0x00000158134be000, 0x0000015813d02800, 0x0000015813ea7800,
0x00000158149e5800, 0x00000158149e2000, 0x00000158149e1800, 0x00000158149e6800,
0x00000158149e3000, 0x00000158149e0800, 0x00000158149e4000, 0x00000158149e4800,
0x00000158149e7000, 0x00000158170db000, 0x0000015814d67000, 0x0000015814d66800,
0x0000015814d62000, 0x0000015814d61800, 0x0000015814d65800, 0x0000015814d64800,
0x00000158196e6000, 0x00000158196e7000, 0x00000158196e7800, 0x00000158196e8800,
0x00000158196ea000, 0x00000158196e9800, 0x00000158196e4800, 0x00000158196eb000,
0x00000158196e5000, 0x00000158196f0800, 0x00000158196ef000, 0x00000158196f1800,
0x00000158196eb800, 0x00000158196ed800, 0x00000158196ec800, 0x00000158196ee000,
0x00000158196f0000, 0x00000158196f2800, 0x00000158196f3000, 0x00000158172d4000,
0x00000158172d5000, 0x00000158172d8000, 0x00000158172d3000, 0x00000158172d7800,
0x00000158172d6800, 0x00000158172d9800, 0x000001581cec0800, 0x000001581cec5000,
0x000001581cec4800, 0x000001581cec3800, 0x000001581cec6000, 0x000001581cec7000,
0x000001581cec2800, 0x000001581cec1000, 0x000001581cec2000, 0x000001581a902000,
0x000001581a900000
}

Java Threads: ( => current thread )
  0x00000158751ef800 JavaThread "main" [_thread_blocked, id=14752, stack(0x0000003b77b00000,0x0000003b77c00000)]
  0x0000015811b5d000 JavaThread "Reference Handler" daemon [_thread_blocked, id=9388, stack(0x0000003b78200000,0x0000003b78300000)]
  0x0000015811b68800 JavaThread "Finalizer" daemon [_thread_blocked, id=13816, stack(0x0000003b78300000,0x0000003b78400000)]
  0x0000015811b7b000 JavaThread "Signal Dispatcher" daemon [_thread_blocked, id=3160, stack(0x0000003b78400000,0x0000003b78500000)]
  0x0000015811b7c000 JavaThread "Attach Listener" daemon [_thread_blocked, id=12720, stack(0x0000003b78500000,0x0000003b78600000)]
  0x0000015811b7d000 JavaThread "Service Thread" daemon [_thread_blocked, id=14076, stack(0x0000003b78600000,0x0000003b78700000)]
  0x0000015811b80800 JavaThread "C2 CompilerThread0" daemon [_thread_in_native, id=13768, stack(0x0000003b78700000,0x0000003b78800000)]
  0x0000015811b83800 JavaThread "C1 CompilerThread0" daemon [_thread_blocked, id=14620, stack(0x0000003b78800000,0x0000003b78900000)]
  0x0000015811b87800 JavaThread "Sweeper thread" daemon [_thread_blocked, id=12796, stack(0x0000003b78900000,0x0000003b78a00000)]
  0x000001581256d000 JavaThread "Common-Cleaner" daemon [_thread_blocked, id=14284, stack(0x0000003b78a00000,0x0000003b78b00000)]
  0x000001581271e800 JavaThread "C2 CompilerThread1" daemon [_thread_in_native, id=9056, stack(0x0000003b78c00000,0x0000003b78d00000)]
  0x000001581474a800 JavaThread "Daemon health stats" [_thread_blocked, id=6300, stack(0x0000003b79000000,0x0000003b79100000)]
  0x0000015812a07000 JavaThread "Incoming local TCP Connector on port 52616" [_thread_in_native, id=10612, stack(0x0000003b78d00000,0x0000003b78e00000)]
  0x0000015814c06800 JavaThread "Daemon periodic checks" [_thread_blocked, id=10412, stack(0x0000003b79100000,0x0000003b79200000)]
  0x00000158130e8800 JavaThread "Daemon" [_thread_blocked, id=9296, stack(0x0000003b79200000,0x0000003b79300000)]
  0x000001581471b800 JavaThread "Handler for socket connection from /127.0.0.1:52616 to /127.0.0.1:52617" [_thread_in_native, id=1676, stack(0x0000003b79300000,0x0000003b79400000)]
  0x0000015813d70000 JavaThread "Cancel handler" [_thread_blocked, id=7256, stack(0x0000003b79400000,0x0000003b79500000)]
  0x00000158134be000 JavaThread "Daemon worker" [_thread_blocked, id=14504, stack(0x0000003b79500000,0x0000003b79600000)]
  0x0000015813d02800 JavaThread "Asynchronous log dispatcher for DefaultDaemonConnection: socket connection from /127.0.0.1:52616 to /127.0.0.1:52617" [_thread_blocked, id=2380, stack(0x0000003b79600000,0x0000003b79700000)]
  0x0000015813ea7800 JavaThread "Stdin handler" [_thread_blocked, id=7080, stack(0x0000003b79700000,0x0000003b79800000)]
  0x00000158149e5800 JavaThread "Daemon client event forwarder" [_thread_blocked, id=8240, stack(0x0000003b79800000,0x0000003b79900000)]
  0x00000158149e2000 JavaThread "Cache worker for file hash cache (C:\Users\NeHaL\.gradle\caches\7.0.2\fileHashes)" [_thread_blocked, id=13172, stack(0x0000003b7a000000,0x0000003b7a100000)]
  0x00000158149e1800 JavaThread "File lock request listener" [_thread_in_native, id=8376, stack(0x0000003b7a100000,0x0000003b7a200000)]
  0x00000158149e6800 JavaThread "Cache worker for journal cache (C:\Users\NeHaL\.gradle\caches\journal-1)" [_thread_blocked, id=13652, stack(0x0000003b7a400000,0x0000003b7a500000)]
  0x00000158149e3000 JavaThread "Cache worker for file hash cache (C:\Users\NeHaL\AndroidStudioProjects\SmartTourApp\.gradle\7.0.2\fileHashes)" [_thread_blocked, id=14132, stack(0x0000003b7a500000,0x0000003b7a600000)]
  0x00000158149e0800 JavaThread "File watcher server" daemon [_thread_blocked, id=14268, stack(0x0000003b7a600000,0x0000003b7a700000)]
  0x00000158149e4000 JavaThread "File watcher consumer" daemon [_thread_blocked, id=13896, stack(0x0000003b7a700000,0x0000003b7a800000)]
  0x00000158149e4800 JavaThread "Cache worker for checksums cache (C:\Users\NeHaL\AndroidStudioProjects\SmartTourApp\.gradle\checksums)" [_thread_blocked, id=4812, stack(0x0000003b7a800000,0x0000003b7a900000)]
  0x00000158149e7000 JavaThread "Cache worker for cache directory md-supplier (C:\Users\NeHaL\.gradle\caches\7.0.2\md-supplier)" [_thread_blocked, id=8136, stack(0x0000003b7a900000,0x0000003b7aa00000)]
  0x00000158170db000 JavaThread "C2 CompilerThread2" daemon [_thread_in_native, id=3904, stack(0x0000003b7aa00000,0x0000003b7ab00000)]
  0x0000015814d67000 JavaThread "Cache worker for cache directory md-rule (C:\Users\NeHaL\.gradle\caches\7.0.2\md-rule)" [_thread_blocked, id=3152, stack(0x0000003b7ab00000,0x0000003b7ac00000)]
  0x0000015814d66800 JavaThread "Cache worker for execution history cache (C:\Users\NeHaL\.gradle\caches\7.0.2\executionHistory)" [_thread_blocked, id=11660, stack(0x0000003b7ac00000,0x0000003b7ad00000)]
  0x0000015814d62000 JavaThread "jar transforms" [_thread_blocked, id=11728, stack(0x0000003b7ad00000,0x0000003b7ae00000)]
  0x0000015814d61800 JavaThread "jar transforms Thread 2" [_thread_blocked, id=2644, stack(0x0000003b7ae00000,0x0000003b7af00000)]
  0x0000015814d65800 JavaThread "Cache worker for file content cache (C:\Users\NeHaL\.gradle\caches\7.0.2\fileContent)" [_thread_blocked, id=14384, stack(0x0000003b7af00000,0x0000003b7b000000)]
  0x0000015814d64800 JavaThread "Cache worker for dependencies-accessors (C:\Users\NeHaL\AndroidStudioProjects\SmartTourApp\.gradle\7.0.2\dependencies-accessors)" [_thread_blocked, id=7692, stack(0x0000003b7b000000,0x0000003b7b100000)]
  0x00000158196e6000 JavaThread "jar transforms Thread 3" [_thread_blocked, id=13416, stack(0x0000003b7b100000,0x0000003b7b200000)]
  0x00000158196e7000 JavaThread "Cache worker for Build Output Cleanup Cache (C:\Users\NeHaL\AndroidStudioProjects\SmartTourApp\.gradle\buildOutputCleanup)" [_thread_blocked, id=14740, stack(0x0000003b7b200000,0x0000003b7b300000)]
  0x00000158196e7800 JavaThread "Build operations" [_thread_blocked, id=14668, stack(0x0000003b7b300000,0x0000003b7b400000)]
  0x00000158196e8800 JavaThread "Build operations Thread 2" [_thread_blocked, id=13564, stack(0x0000003b7b400000,0x0000003b7b500000)]
  0x00000158196ea000 JavaThread "Build operations Thread 3" [_thread_blocked, id=12276, stack(0x0000003b7b500000,0x0000003b7b600000)]
  0x00000158196e9800 JavaThread "Build operations Thread 4" [_thread_blocked, id=14368, stack(0x0000003b7b600000,0x0000003b7b700000)]
  0x00000158196e4800 JavaThread "Build operations Thread 5" [_thread_blocked, id=14372, stack(0x0000003b7b700000,0x0000003b7b800000)]
  0x00000158196eb000 JavaThread "Build operations Thread 6" [_thread_blocked, id=7592, stack(0x0000003b7b800000,0x0000003b7b900000)]
  0x00000158196e5000 JavaThread "Build operations Thread 7" [_thread_blocked, id=14340, stack(0x0000003b7b900000,0x0000003b7ba00000)]
  0x00000158196f0800 JavaThread "Build operations Thread 8" [_thread_blocked, id=1416, stack(0x0000003b7ba00000,0x0000003b7bb00000)]
  0x00000158196ef000 JavaThread "Build operations Thread 9" [_thread_blocked, id=10608, stack(0x0000003b7bb00000,0x0000003b7bc00000)]
  0x00000158196f1800 JavaThread "Build operations Thread 10" [_thread_blocked, id=13632, stack(0x0000003b7bc00000,0x0000003b7bd00000)]
  0x00000158196eb800 JavaThread "Build operations Thread 11" [_thread_blocked, id=11796, stack(0x0000003b7bd00000,0x0000003b7be00000)]
  0x00000158196ed800 JavaThread "Build operations Thread 12" [_thread_blocked, id=14800, stack(0x0000003b7be00000,0x0000003b7bf00000)]
  0x00000158196ec800 JavaThread "jar transforms Thread 4" [_thread_blocked, id=7632, stack(0x0000003b7bf00000,0x0000003b7c000000)]
  0x00000158196ee000 JavaThread "jar transforms Thread 5" [_thread_blocked, id=8004, stack(0x0000003b7c000000,0x0000003b7c100000)]
  0x00000158196f0000 JavaThread "jar transforms Thread 6" [_thread_blocked, id=13412, stack(0x0000003b7c100000,0x0000003b7c200000)]
  0x00000158196f2800 JavaThread "jar transforms Thread 7" [_thread_blocked, id=8184, stack(0x0000003b7c200000,0x0000003b7c300000)]
  0x00000158196f3000 JavaThread "jar transforms Thread 8" [_thread_blocked, id=8204, stack(0x0000003b7c300000,0x0000003b7c400000)]
  0x00000158172d4000 JavaThread "jar transforms Thread 9" [_thread_blocked, id=7720, stack(0x0000003b7c400000,0x0000003b7c500000)]
  0x00000158172d5000 JavaThread "jar transforms Thread 10" [_thread_blocked, id=15076, stack(0x0000003b7c500000,0x0000003b7c600000)]
  0x00000158172d8000 JavaThread "jar transforms Thread 11" [_thread_blocked, id=10116, stack(0x0000003b7c600000,0x0000003b7c700000)]
  0x00000158172d3000 JavaThread "jar transforms Thread 12" [_thread_blocked, id=4668, stack(0x0000003b7c700000,0x0000003b7c800000)]
  0x00000158172d7800 JavaThread "Memory manager" [_thread_blocked, id=3648, stack(0x0000003b7c800000,0x0000003b7c900000)]
  0x00000158172d6800 JavaThread "build event listener" [_thread_blocked, id=10748, stack(0x0000003b7c900000,0x0000003b7ca00000)]
  0x00000158172d9800 JavaThread "Execution worker for ':'" [_thread_blocked, id=11096, stack(0x0000003b7ca00000,0x0000003b7cb00000)]
  0x000001581cec0800 JavaThread "Execution worker for ':' Thread 2" [_thread_blocked, id=7388, stack(0x0000003b7cb00000,0x0000003b7cc00000)]
  0x000001581cec5000 JavaThread "Execution worker for ':' Thread 3" [_thread_blocked, id=6024, stack(0x0000003b7cc00000,0x0000003b7cd00000)]
  0x000001581cec4800 JavaThread "Execution worker for ':' Thread 4" [_thread_blocked, id=9032, stack(0x0000003b7cd00000,0x0000003b7ce00000)]
  0x000001581cec3800 JavaThread "Execution worker for ':' Thread 5" [_thread_blocked, id=9524, stack(0x0000003b7ce00000,0x0000003b7cf00000)]
  0x000001581cec6000 JavaThread "Execution worker for ':' Thread 6" [_thread_blocked, id=13728, stack(0x0000003b7cf00000,0x0000003b7d000000)]
  0x000001581cec7000 JavaThread "Execution worker for ':' Thread 7" [_thread_blocked, id=12916, stack(0x0000003b7d000000,0x0000003b7d100000)]
  0x000001581cec2800 JavaThread "Execution worker for ':' Thread 8" [_thread_blocked, id=11056, stack(0x0000003b7d100000,0x0000003b7d200000)]
  0x000001581cec1000 JavaThread "Execution worker for ':' Thread 9" [_thread_blocked, id=7688, stack(0x0000003b7d200000,0x0000003b7d300000)]
  0x000001581cec2000 JavaThread "Execution worker for ':' Thread 10" [_thread_blocked, id=4648, stack(0x0000003b7d300000,0x0000003b7d400000)]
  0x000001581a902000 JavaThread "Execution worker for ':' Thread 11" [_thread_blocked, id=5496, stack(0x0000003b7d400000,0x0000003b7d500000)]
  0x000001581a900000 JavaThread "Cache worker for execution history cache (C:\Users\NeHaL\AndroidStudioProjects\SmartTourApp\.gradle\7.0.2\executionHistory)" [_thread_blocked, id=7568, stack(0x0000003b7d500000,0x0000003b7d600000)]

Other Threads:
=>0x0000015811b59800 VMThread "VM Thread" [stack: 0x0000003b78100000,0x0000003b78200000] [id=10404]
  0x0000015812591800 WatcherThread [stack: 0x0000003b78b00000,0x0000003b78c00000] [id=12952]
  0x0000015875208800 GCTaskThread "GC Thread#0" [stack: 0x0000003b77c00000,0x0000003b77d00000] [id=9504]
  0x000001581306d800 GCTaskThread "GC Thread#1" [stack: 0x0000003b78e00000,0x0000003b78f00000] [id=8396]
  0x0000015813385800 GCTaskThread "GC Thread#2" [stack: 0x0000003b78f00000,0x0000003b79000000] [id=11284]
  0x00000158139ce800 GCTaskThread "GC Thread#3" [stack: 0x0000003b79900000,0x0000003b79a00000] [id=14684]
  0x0000015814578800 GCTaskThread "GC Thread#4" [stack: 0x0000003b79a00000,0x0000003b79b00000] [id=9096]
  0x00000158144e4800 GCTaskThread "GC Thread#5" [stack: 0x0000003b79b00000,0x0000003b79c00000] [id=8028]
  0x0000015813b51800 GCTaskThread "GC Thread#6" [stack: 0x0000003b79c00000,0x0000003b79d00000] [id=7344]
  0x0000015814806800 GCTaskThread "GC Thread#7" [stack: 0x0000003b79d00000,0x0000003b79e00000] [id=11356]
  0x000001581438d800 GCTaskThread "GC Thread#8" [stack: 0x0000003b79e00000,0x0000003b79f00000] [id=5768]
  0x00000158131f3800 GCTaskThread "GC Thread#9" [stack: 0x0000003b79f00000,0x0000003b7a000000] [id=13756]
  0x0000015875238800 ConcurrentGCThread "G1 Main Marker" [stack: 0x0000003b77d00000,0x0000003b77e00000] [id=12984]
  0x0000015875239800 ConcurrentGCThread "G1 Conc#0" [stack: 0x0000003b77e00000,0x0000003b77f00000] [id=1608]
  0x0000015814838000 ConcurrentGCThread "G1 Conc#1" [stack: 0x0000003b7a200000,0x0000003b7a300000] [id=13828]
  0x00000158143cf800 ConcurrentGCThread "G1 Conc#2" [stack: 0x0000003b7a300000,0x0000003b7a400000] [id=12788]
  0x00000158752cd800 ConcurrentGCThread "G1 Refine#0" [stack: 0x0000003b77f00000,0x0000003b78000000] [id=6748]
  0x0000015817b5c800 ConcurrentGCThread "G1 Refine#1" [stack: 0x0000003b7d600000,0x0000003b7d700000] [id=8440]
  0x00000158752ce800 ConcurrentGCThread "G1 Young RemSet Sampling" [stack: 0x0000003b78000000,0x0000003b78100000] [id=8124]

Threads with active compile tasks:
C2 CompilerThread0   7447 9560 % !   4       com.android.ide.common.resources.DataMerger::mergeData @ 247 (611 bytes)
C2 CompilerThread1   7447 9878       4       com.android.ide.common.resources.NodeUtils::duplicateNode (315 bytes)
C2 CompilerThread2   7447 9859       4       com.android.ide.common.resources.NodeUtils::updateNamespace (161 bytes)

VM state:at safepoint (normal execution)

VM Mutex/Monitor currently owned by a thread:  ([mutex/lock_event])
[0x00000158751ec5b0] Threads_lock - owner thread: 0x0000015811b59800
[0x00000158751ebef0] Heap_lock - owner thread: 0x000001581cec5000

Heap address: 0x0000000080000000, size: 2048 MB, Compressed Oops mode: 32-bit
Narrow klass base: 0x0000000000000000, Narrow klass shift: 3
Compressed class space size: 1073741824 Address: 0x0000000100000000

Heap:
 garbage-first heap   total 227328K, used 94633K [0x0000000080000000, 0x0000000100000000)
  region size 1024K, 9 young (9216K), 9 survivors (9216K)
 Metaspace       used 84038K, capacity 86345K, committed 86604K, reserved 1124352K
  class space    used 10963K, capacity 11820K, committed 11852K, reserved 1048576K
Heap Regions: E=young(eden), S=young(survivor), O=old, HS=humongous(starts), HC=humongous(continues), CS=collection set, F=free, A=archive, TAMS=top-at-mark-start (previous, next)
|   0|0x0000000080000000, 0x0000000080100000, 0x0000000080100000|100%| O|  |TAMS 0x0000000080100000, 0x0000000080100000| Untracked 
|   1|0x0000000080100000, 0x0000000080200000, 0x0000000080200000|100%| O|  |TAMS 0x0000000080200000, 0x0000000080200000| Untracked 
|   2|0x0000000080200000, 0x0000000080300000, 0x0000000080300000|100%| O|  |TAMS 0x0000000080300000, 0x0000000080300000| Untracked 
|   3|0x0000000080300000, 0x0000000080400000, 0x0000000080400000|100%|HS|  |TAMS 0x0000000080400000, 0x0000000080400000| Complete 
|   4|0x0000000080400000, 0x0000000080500000, 0x0000000080500000|100%|HC|  |TAMS 0x0000000080500000, 0x0000000080500000| Complete 
|   5|0x0000000080500000, 0x0000000080600000, 0x0000000080600000|100%|HC|  |TAMS 0x0000000080600000, 0x0000000080600000| Complete 
|   6|0x0000000080600000, 0x0000000080700000, 0x0000000080700000|100%| O|  |TAMS 0x0000000080700000, 0x0000000080700000| Untracked 
|   7|0x0000000080700000, 0x0000000080800000, 0x0000000080800000|100%| O|  |TAMS 0x0000000080800000, 0x0000000080800000| Untracked 
|   8|0x0000000080800000, 0x0000000080900000, 0x0000000080900000|100%| O|  |TAMS 0x0000000080900000, 0x0000000080900000| Untracked 
|   9|0x0000000080900000, 0x0000000080a00000, 0x0000000080a00000|100%| O|  |TAMS 0x0000000080a00000, 0x0000000080a00000| Untracked 
|  10|0x0000000080a00000, 0x0000000080b00000, 0x0000000080b00000|100%| O|  |TAMS 0x0000000080b00000, 0x0000000080b00000| Untracked 
|  11|0x0000000080b00000, 0x0000000080c00000, 0x0000000080c00000|100%| O|  |TAMS 0x0000000080c00000, 0x0000000080c00000| Untracked 
|  12|0x0000000080c00000, 0x0000000080d00000, 0x0000000080d00000|100%| O|  |TAMS 0x0000000080d00000, 0x0000000080d00000| Untracked 
|  13|0x0000000080d00000, 0x0000000080e00000, 0x0000000080e00000|100%| O|  |TAMS 0x0000000080e00000, 0x0000000080e00000| Untracked 
|  14|0x0000000080e00000, 0x0000000080f00000, 0x0000000080f00000|100%| O|  |TAMS 0x0000000080f00000, 0x0000000080f00000| Untracked 
|  15|0x0000000080f00000, 0x0000000081000000, 0x0000000081000000|100%| O|  |TAMS 0x0000000081000000, 0x0000000081000000| Untracked 
|  16|0x0000000081000000, 0x0000000081100000, 0x0000000081100000|100%|HS|  |TAMS 0x0000000081100000, 0x0000000081100000| Complete 
|  17|0x0000000081100000, 0x0000000081200000, 0x0000000081200000|100%| O|  |TAMS 0x0000000081200000, 0x0000000081200000| Untracked 
|  18|0x0000000081200000, 0x0000000081300000, 0x0000000081300000|100%| O|  |TAMS 0x0000000081300000, 0x0000000081300000| Untracked 
|  19|0x0000000081300000, 0x0000000081400000, 0x0000000081400000|100%| O|  |TAMS 0x0000000081400000, 0x0000000081400000| Untracked 
|  20|0x0000000081400000, 0x0000000081500000, 0x0000000081500000|100%| O|  |TAMS 0x0000000081500000, 0x0000000081500000| Untracked 
|  21|0x0000000081500000, 0x0000000081600000, 0x0000000081600000|100%| O|  |TAMS 0x0000000081600000, 0x0000000081600000| Untracked 
|  22|0x0000000081600000, 0x0000000081700000, 0x0000000081700000|100%| O|  |TAMS 0x0000000081700000, 0x0000000081700000| Untracked 
|  23|0x0000000081700000, 0x0000000081800000, 0x0000000081800000|100%| O|  |TAMS 0x0000000081800000, 0x0000000081800000| Untracked 
|  24|0x0000000081800000, 0x0000000081900000, 0x0000000081900000|100%| O|  |TAMS 0x0000000081900000, 0x0000000081900000| Untracked 
|  25|0x0000000081900000, 0x0000000081a00000, 0x0000000081a00000|100%| O|  |TAMS 0x0000000081a00000, 0x0000000081a00000| Untracked 
|  26|0x0000000081a00000, 0x0000000081b00000, 0x0000000081b00000|100%| O|  |TAMS 0x0000000081b00000, 0x0000000081b00000| Untracked 
|  27|0x0000000081b00000, 0x0000000081c00000, 0x0000000081c00000|100%|HS|  |TAMS 0x0000000081c00000, 0x0000000081c00000| Complete 
|  28|0x0000000081c00000, 0x0000000081d00000, 0x0000000081d00000|100%|HS|  |TAMS 0x0000000081d00000, 0x0000000081d00000| Complete 
|  29|0x0000000081d00000, 0x0000000081e00000, 0x0000000081e00000|100%|HC|  |TAMS 0x0000000081e00000, 0x0000000081e00000| Complete 
|  30|0x0000000081e00000, 0x0000000081f00000, 0x0000000081f00000|100%| O|  |TAMS 0x0000000081f00000, 0x0000000081f00000| Untracked 
|  31|0x0000000081f00000, 0x0000000082000000, 0x0000000082000000|100%| O|  |TAMS 0x0000000082000000, 0x0000000082000000| Untracked 
|  32|0x0000000082000000, 0x0000000082100000, 0x0000000082100000|100%| O|  |TAMS 0x0000000082100000, 0x0000000082100000| Untracked 
|  33|0x0000000082100000, 0x0000000082200000, 0x0000000082200000|100%| O|  |TAMS 0x0000000082200000, 0x0000000082200000| Untracked 
|  34|0x0000000082200000, 0x0000000082300000, 0x0000000082300000|100%| O|  |TAMS 0x0000000082300000, 0x0000000082300000| Untracked 
|  35|0x0000000082300000, 0x0000000082400000, 0x0000000082400000|100%| O|  |TAMS 0x0000000082400000, 0x0000000082400000| Untracked 
|  36|0x0000000082400000, 0x0000000082500000, 0x0000000082500000|100%| O|  |TAMS 0x0000000082500000, 0x0000000082500000| Untracked 
|  37|0x0000000082500000, 0x0000000082600000, 0x0000000082600000|100%| O|  |TAMS 0x0000000082600000, 0x0000000082600000| Untracked 
|  38|0x0000000082600000, 0x0000000082700000, 0x0000000082700000|100%| O|  |TAMS 0x0000000082700000, 0x0000000082700000| Untracked 
|  39|0x0000000082700000, 0x0000000082800000, 0x0000000082800000|100%| O|  |TAMS 0x0000000082800000, 0x0000000082800000| Untracked 
|  40|0x0000000082800000, 0x0000000082900000, 0x0000000082900000|100%| O|  |TAMS 0x0000000082900000, 0x0000000082900000| Untracked 
|  41|0x0000000082900000, 0x0000000082a00000, 0x0000000082a00000|100%| O|  |TAMS 0x0000000082959600, 0x0000000082a00000| Untracked 
|  42|0x0000000082a00000, 0x0000000082b00000, 0x0000000082b00000|100%| O|  |TAMS 0x0000000082a00000, 0x0000000082b00000| Untracked 
|  43|0x0000000082b00000, 0x0000000082c00000, 0x0000000082c00000|100%| O|  |TAMS 0x0000000082b00000, 0x0000000082c00000| Untracked 
|  44|0x0000000082c00000, 0x0000000082d00000, 0x0000000082d00000|100%| O|  |TAMS 0x0000000082c00000, 0x0000000082d00000| Untracked 
|  45|0x0000000082d00000, 0x0000000082e00000, 0x0000000082e00000|100%| O|  |TAMS 0x0000000082d00000, 0x0000000082e00000| Untracked 
|  46|0x0000000082e00000, 0x0000000082f00000, 0x0000000082f00000|100%| O|  |TAMS 0x0000000082e00000, 0x0000000082f00000| Untracked 
|  47|0x0000000082f00000, 0x0000000083000000, 0x0000000083000000|100%| O|  |TAMS 0x0000000082f00000, 0x0000000083000000| Untracked 
|  48|0x0000000083000000, 0x0000000083100000, 0x0000000083100000|100%| O|  |TAMS 0x0000000083000000, 0x0000000083100000| Untracked 
|  49|0x0000000083100000, 0x0000000083200000, 0x0000000083200000|100%| O|  |TAMS 0x0000000083100000, 0x0000000083200000| Untracked 
|  50|0x0000000083200000, 0x0000000083300000, 0x0000000083300000|100%| O|  |TAMS 0x0000000083200000, 0x0000000083300000| Untracked 
|  51|0x0000000083300000, 0x0000000083400000, 0x0000000083400000|100%| O|  |TAMS 0x0000000083300000, 0x0000000083400000| Untracked 
|  52|0x0000000083400000, 0x0000000083500000, 0x0000000083500000|100%| O|  |TAMS 0x0000000083400000, 0x0000000083500000| Untracked 
|  53|0x0000000083500000, 0x0000000083600000, 0x0000000083600000|100%| O|  |TAMS 0x0000000083500000, 0x0000000083600000| Untracked 
|  54|0x0000000083600000, 0x0000000083600000, 0x0000000083700000|  0%| F|  |TAMS 0x0000000083600000, 0x0000000083600000| Untracked 
|  55|0x0000000083700000, 0x0000000083800000, 0x0000000083800000|100%| O|  |TAMS 0x0000000083700000, 0x0000000083800000| Untracked 
|  56|0x0000000083800000, 0x0000000083900000, 0x0000000083900000|100%| O|  |TAMS 0x0000000083800000, 0x0000000083900000| Untracked 
|  57|0x0000000083900000, 0x0000000083a00000, 0x0000000083a00000|100%| O|  |TAMS 0x0000000083900000, 0x0000000083a00000| Untracked 
|  58|0x0000000083a00000, 0x0000000083b00000, 0x0000000083b00000|100%| O|  |TAMS 0x0000000083a00000, 0x0000000083b00000| Untracked 
|  59|0x0000000083b00000, 0x0000000083c00000, 0x0000000083c00000|100%| O|  |TAMS 0x0000000083b00000, 0x0000000083c00000| Untracked 
|  60|0x0000000083c00000, 0x0000000083d00000, 0x0000000083d00000|100%| O|  |TAMS 0x0000000083c00000, 0x0000000083d00000| Untracked 
|  61|0x0000000083d00000, 0x0000000083e00000, 0x0000000083e00000|100%| O|  |TAMS 0x0000000083d00000, 0x0000000083e00000| Untracked 
|  62|0x0000000083e00000, 0x0000000083f00000, 0x0000000083f00000|100%| O|  |TAMS 0x0000000083e00000, 0x0000000083f00000| Untracked 
|  63|0x0000000083f00000, 0x0000000084000000, 0x0000000084000000|100%| O|  |TAMS 0x0000000083f00000, 0x0000000084000000| Untracked 
|  64|0x0000000084000000, 0x0000000084100000, 0x0000000084100000|100%| O|  |TAMS 0x0000000084000000, 0x0000000084100000| Untracked 
|  65|0x0000000084100000, 0x0000000084200000, 0x0000000084200000|100%| O|  |TAMS 0x0000000084100000, 0x0000000084200000| Untracked 
|  66|0x0000000084200000, 0x0000000084300000, 0x0000000084300000|100%| O|  |TAMS 0x0000000084200000, 0x0000000084300000| Untracked 
|  67|0x0000000084300000, 0x0000000084400000, 0x0000000084400000|100%| O|  |TAMS 0x0000000084300000, 0x0000000084400000| Untracked 
|  68|0x0000000084400000, 0x0000000084500000, 0x0000000084500000|100%| O|  |TAMS 0x0000000084400000, 0x0000000084500000| Untracked 
|  69|0x0000000084500000, 0x0000000084600000, 0x0000000084600000|100%| O|  |TAMS 0x0000000084500000, 0x0000000084600000| Untracked 
|  70|0x0000000084600000, 0x0000000084700000, 0x0000000084700000|100%| O|  |TAMS 0x0000000084600000, 0x0000000084700000| Untracked 
|  71|0x0000000084700000, 0x0000000084700000, 0x0000000084800000|  0%| F|  |TAMS 0x0000000084700000, 0x0000000084700000| Untracked 
|  72|0x0000000084800000, 0x0000000084800000, 0x0000000084900000|  0%| F|  |TAMS 0x0000000084800000, 0x0000000084800000| Untracked 
|  73|0x0000000084900000, 0x0000000084900000, 0x0000000084a00000|  0%| F|  |TAMS 0x0000000084900000, 0x0000000084900000| Untracked 
|  74|0x0000000084a00000, 0x0000000084a00000, 0x0000000084b00000|  0%| F|  |TAMS 0x0000000084a00000, 0x0000000084a00000| Untracked 
|  75|0x0000000084b00000, 0x0000000084b00000, 0x0000000084c00000|  0%| F|  |TAMS 0x0000000084b00000, 0x0000000084b00000| Untracked 
|  76|0x0000000084c00000, 0x0000000084c00000, 0x0000000084d00000|  0%| F|  |TAMS 0x0000000084c00000, 0x0000000084c00000| Untracked 
|  77|0x0000000084d00000, 0x0000000084d00000, 0x0000000084e00000|  0%| F|  |TAMS 0x0000000084d00000, 0x0000000084d00000| Untracked 
|  78|0x0000000084e00000, 0x0000000084e00000, 0x0000000084f00000|  0%| F|  |TAMS 0x0000000084e00000, 0x0000000084e00000| Untracked 
|  79|0x0000000084f00000, 0x0000000085000000, 0x0000000085000000|100%|HS|  |TAMS 0x0000000084f00000, 0x0000000085000000| Complete 
|  80|0x0000000085000000, 0x0000000085100000, 0x0000000085100000|100%|HC|  |TAMS 0x0000000085000000, 0x0000000085100000| Complete 
|  81|0x0000000085100000, 0x0000000085200000, 0x0000000085200000|100%|HC|  |TAMS 0x0000000085100000, 0x0000000085200000| Complete 
|  82|0x0000000085200000, 0x0000000085300000, 0x0000000085300000|100%|HC|  |TAMS 0x0000000085200000, 0x0000000085300000| Complete 
|  83|0x0000000085300000, 0x0000000085400000, 0x0000000085400000|100%| O|  |TAMS 0x0000000085300000, 0x0000000085400000| Untracked 
|  84|0x0000000085400000, 0x0000000085500000, 0x0000000085500000|100%| O|  |TAMS 0x0000000085400000, 0x0000000085500000| Untracked 
|  85|0x0000000085500000, 0x0000000085600000, 0x0000000085600000|100%| O|  |TAMS 0x0000000085500000, 0x0000000085600000| Untracked 
|  86|0x0000000085600000, 0x0000000085700000, 0x0000000085700000|100%| O|  |TAMS 0x0000000085600000, 0x0000000085700000| Untracked 
|  87|0x0000000085700000, 0x0000000085800000, 0x0000000085800000|100%| O|  |TAMS 0x0000000085700000, 0x0000000085800000| Untracked 
|  88|0x0000000085800000, 0x0000000085900000, 0x0000000085900000|100%| O|  |TAMS 0x0000000085800000, 0x0000000085900000| Untracked 
|  89|0x0000000085900000, 0x0000000085a00000, 0x0000000085a00000|100%| O|  |TAMS 0x0000000085900000, 0x0000000085a00000| Untracked 
|  90|0x0000000085a00000, 0x0000000085b00000, 0x0000000085b00000|100%| O|  |TAMS 0x0000000085a00000, 0x0000000085b00000| Untracked 
|  91|0x0000000085b00000, 0x0000000085c00000, 0x0000000085c00000|100%| O|  |TAMS 0x0000000085b00000, 0x0000000085c00000| Untracked 
|  92|0x0000000085c00000, 0x0000000085d00000, 0x0000000085d00000|100%| O|  |TAMS 0x0000000085c00000, 0x0000000085d00000| Untracked 
|  93|0x0000000085d00000, 0x0000000085d34c00, 0x0000000085e00000| 20%| O|  |TAMS 0x0000000085d00000, 0x0000000085d34c00| Untracked 
|  94|0x0000000085e00000, 0x0000000085e00000, 0x0000000085f00000|  0%| F|  |TAMS 0x0000000085e00000, 0x0000000085e00000| Untracked 
|  95|0x0000000085f00000, 0x0000000085f00000, 0x0000000086000000|  0%| F|  |TAMS 0x0000000085f00000, 0x0000000085f00000| Untracked 
|  96|0x0000000086000000, 0x0000000086000000, 0x0000000086100000|  0%| F|  |TAMS 0x0000000086000000, 0x0000000086000000| Untracked 
|  97|0x0000000086100000, 0x0000000086100000, 0x0000000086200000|  0%| F|  |TAMS 0x0000000086100000, 0x0000000086100000| Untracked 
|  98|0x0000000086200000, 0x0000000086200000, 0x0000000086300000|  0%| F|  |TAMS 0x0000000086200000, 0x0000000086200000| Untracked 
|  99|0x0000000086300000, 0x0000000086300000, 0x0000000086400000|  0%| F|  |TAMS 0x0000000086300000, 0x0000000086300000| Untracked 
| 100|0x0000000086400000, 0x0000000086400000, 0x0000000086500000|  0%| F|  |TAMS 0x0000000086400000, 0x0000000086400000| Untracked 
| 101|0x0000000086500000, 0x0000000086500000, 0x0000000086600000|  0%| F|  |TAMS 0x0000000086500000, 0x0000000086500000| Untracked 
| 102|0x0000000086600000, 0x0000000086600000, 0x0000000086700000|  0%| F|  |TAMS 0x0000000086600000, 0x0000000086600000| Untracked 
| 103|0x0000000086700000, 0x0000000086700000, 0x0000000086800000|  0%| F|  |TAMS 0x0000000086700000, 0x0000000086700000| Untracked 
| 104|0x0000000086800000, 0x0000000086800000, 0x0000000086900000|  0%| F|  |TAMS 0x0000000086800000, 0x0000000086800000| Untracked 
| 105|0x0000000086900000, 0x0000000086900000, 0x0000000086a00000|  0%| F|  |TAMS 0x0000000086900000, 0x0000000086900000| Untracked 
| 106|0x0000000086a00000, 0x0000000086a00000, 0x0000000086b00000|  0%| F|  |TAMS 0x0000000086a00000, 0x0000000086a00000| Untracked 
| 107|0x0000000086b00000, 0x0000000086b00000, 0x0000000086c00000|  0%| F|  |TAMS 0x0000000086b00000, 0x0000000086b00000| Untracked 
| 108|0x0000000086c00000, 0x0000000086c00000, 0x0000000086d00000|  0%| F|  |TAMS 0x0000000086c00000, 0x0000000086c00000| Untracked 
| 109|0x0000000086d00000, 0x0000000086d00000, 0x0000000086e00000|  0%| F|  |TAMS 0x0000000086d00000, 0x0000000086d00000| Untracked 
| 110|0x0000000086e00000, 0x0000000086e00000, 0x0000000086f00000|  0%| F|  |TAMS 0x0000000086e00000, 0x0000000086e00000| Untracked 
| 111|0x0000000086f00000, 0x0000000086f00000, 0x0000000087000000|  0%| F|  |TAMS 0x0000000086f00000, 0x0000000086f00000| Untracked 
| 112|0x0000000087000000, 0x0000000087000000, 0x0000000087100000|  0%| F|  |TAMS 0x0000000087000000, 0x0000000087000000| Untracked 
| 113|0x0000000087100000, 0x0000000087100000, 0x0000000087200000|  0%| F|  |TAMS 0x0000000087100000, 0x0000000087100000| Untracked 
| 114|0x0000000087200000, 0x0000000087200000, 0x0000000087300000|  0%| F|  |TAMS 0x0000000087200000, 0x0000000087200000| Untracked 
| 115|0x0000000087300000, 0x0000000087300000, 0x0000000087400000|  0%| F|  |TAMS 0x0000000087300000, 0x0000000087300000| Untracked 
| 116|0x0000000087400000, 0x0000000087400000, 0x0000000087500000|  0%| F|  |TAMS 0x0000000087400000, 0x0000000087400000| Untracked 
| 117|0x0000000087500000, 0x0000000087500000, 0x0000000087600000|  0%| F|  |TAMS 0x0000000087500000, 0x0000000087500000| Untracked 
| 118|0x0000000087600000, 0x0000000087600000, 0x0000000087700000|  0%| F|  |TAMS 0x0000000087600000, 0x0000000087600000| Untracked 
| 119|0x0000000087700000, 0x0000000087700000, 0x0000000087800000|  0%| F|  |TAMS 0x0000000087700000, 0x0000000087700000| Untracked 
| 120|0x0000000087800000, 0x0000000087800000, 0x0000000087900000|  0%| F|  |TAMS 0x0000000087800000, 0x0000000087800000| Untracked 
| 121|0x0000000087900000, 0x0000000087900000, 0x0000000087a00000|  0%| F|  |TAMS 0x0000000087900000, 0x0000000087900000| Untracked 
| 122|0x0000000087a00000, 0x0000000087a00000, 0x0000000087b00000|  0%| F|  |TAMS 0x0000000087a00000, 0x0000000087a00000| Untracked 
| 123|0x0000000087b00000, 0x0000000087b00000, 0x0000000087c00000|  0%| F|  |TAMS 0x0000000087b00000, 0x0000000087b00000| Untracked 
| 124|0x0000000087c00000, 0x0000000087c00000, 0x0000000087d00000|  0%| F|  |TAMS 0x0000000087c00000, 0x0000000087c00000| Untracked 
| 125|0x0000000087d00000, 0x0000000087d00000, 0x0000000087e00000|  0%| F|  |TAMS 0x0000000087d00000, 0x0000000087d00000| Untracked 
| 126|0x0000000087e00000, 0x0000000087e00000, 0x0000000087f00000|  0%| F|  |TAMS 0x0000000087e00000, 0x0000000087e00000| Untracked 
| 127|0x0000000087f00000, 0x0000000087f00000, 0x0000000088000000|  0%| F|  |TAMS 0x0000000087f00000, 0x0000000087f00000| Untracked 
| 128|0x0000000088000000, 0x0000000088000000, 0x0000000088100000|  0%| F|  |TAMS 0x0000000088000000, 0x0000000088000000| Untracked 
| 129|0x0000000088100000, 0x0000000088100000, 0x0000000088200000|  0%| F|  |TAMS 0x0000000088100000, 0x0000000088100000| Untracked 
| 130|0x0000000088200000, 0x0000000088200000, 0x0000000088300000|  0%| F|  |TAMS 0x0000000088200000, 0x0000000088200000| Untracked 
| 131|0x0000000088300000, 0x0000000088300000, 0x0000000088400000|  0%| F|  |TAMS 0x0000000088300000, 0x0000000088300000| Untracked 
| 132|0x0000000088400000, 0x0000000088400000, 0x0000000088500000|  0%| F|  |TAMS 0x0000000088400000, 0x0000000088400000| Untracked 
| 133|0x0000000088500000, 0x0000000088500000, 0x0000000088600000|  0%| F|  |TAMS 0x0000000088500000, 0x0000000088500000| Untracked 
| 134|0x0000000088600000, 0x0000000088600000, 0x0000000088700000|  0%| F|  |TAMS 0x0000000088600000, 0x0000000088600000| Untracked 
| 135|0x0000000088700000, 0x0000000088700000, 0x0000000088800000|  0%| F|  |TAMS 0x0000000088700000, 0x0000000088700000| Untracked 
| 136|0x0000000088800000, 0x0000000088800000, 0x0000000088900000|  0%| F|  |TAMS 0x0000000088800000, 0x0000000088800000| Untracked 
| 137|0x0000000088900000, 0x0000000088900000, 0x0000000088a00000|  0%| F|  |TAMS 0x0000000088900000, 0x0000000088900000| Untracked 
| 138|0x0000000088a00000, 0x0000000088a00000, 0x0000000088b00000|  0%| F|  |TAMS 0x0000000088a00000, 0x0000000088a00000| Untracked 
| 139|0x0000000088b00000, 0x0000000088b00000, 0x0000000088c00000|  0%| F|  |TAMS 0x0000000088b00000, 0x0000000088b00000| Untracked 
| 140|0x0000000088c00000, 0x0000000088c00000, 0x0000000088d00000|  0%| F|  |TAMS 0x0000000088c00000, 0x0000000088c00000| Untracked 
| 141|0x0000000088d00000, 0x0000000088d00000, 0x0000000088e00000|  0%| F|  |TAMS 0x0000000088d00000, 0x0000000088d00000| Untracked 
| 142|0x0000000088e00000, 0x0000000088e00000, 0x0000000088f00000|  0%| F|  |TAMS 0x0000000088e00000, 0x0000000088e00000| Untracked 
| 143|0x0000000088f00000, 0x0000000088f00000, 0x0000000089000000|  0%| F|  |TAMS 0x0000000088f00000, 0x0000000088f00000| Untracked 
| 144|0x0000000089000000, 0x0000000089000000, 0x0000000089100000|  0%| F|  |TAMS 0x0000000089000000, 0x0000000089000000| Untracked 
| 145|0x0000000089100000, 0x0000000089100000, 0x0000000089200000|  0%| F|  |TAMS 0x0000000089100000, 0x0000000089100000| Untracked 
| 146|0x0000000089200000, 0x0000000089200000, 0x0000000089300000|  0%| F|  |TAMS 0x0000000089200000, 0x0000000089200000| Untracked 
| 147|0x0000000089300000, 0x0000000089300000, 0x0000000089400000|  0%| F|  |TAMS 0x0000000089300000, 0x0000000089300000| Untracked 
| 148|0x0000000089400000, 0x0000000089400000, 0x0000000089500000|  0%| F|  |TAMS 0x0000000089400000, 0x0000000089400000| Untracked 
| 149|0x0000000089500000, 0x0000000089500000, 0x0000000089600000|  0%| F|  |TAMS 0x0000000089500000, 0x0000000089500000| Untracked 
| 150|0x0000000089600000, 0x0000000089600000, 0x0000000089700000|  0%| F|  |TAMS 0x0000000089600000, 0x0000000089600000| Untracked 
| 151|0x0000000089700000, 0x0000000089700000, 0x0000000089800000|  0%| F|  |TAMS 0x0000000089700000, 0x0000000089700000| Untracked 
| 152|0x0000000089800000, 0x0000000089800000, 0x0000000089900000|  0%| F|  |TAMS 0x0000000089800000, 0x0000000089800000| Untracked 
| 153|0x0000000089900000, 0x0000000089900000, 0x0000000089a00000|  0%| F|  |TAMS 0x0000000089900000, 0x0000000089900000| Untracked 
| 154|0x0000000089a00000, 0x0000000089a359f8, 0x0000000089b00000| 20%| S|CS|TAMS 0x0000000089a00000, 0x0000000089a00000| Complete 
| 155|0x0000000089b00000, 0x0000000089c00000, 0x0000000089c00000|100%| S|CS|TAMS 0x0000000089b00000, 0x0000000089b00000| Complete 
| 156|0x0000000089c00000, 0x0000000089d00000, 0x0000000089d00000|100%| S|CS|TAMS 0x0000000089c00000, 0x0000000089c00000| Complete 
| 157|0x0000000089d00000, 0x0000000089e00000, 0x0000000089e00000|100%| S|CS|TAMS 0x0000000089d00000, 0x0000000089d00000| Complete 
| 158|0x0000000089e00000, 0x0000000089f00000, 0x0000000089f00000|100%| S|CS|TAMS 0x0000000089e00000, 0x0000000089e00000| Complete 
| 159|0x0000000089f00000, 0x000000008a000000, 0x000000008a000000|100%| S|CS|TAMS 0x0000000089f00000, 0x0000000089f00000| Complete 
| 160|0x000000008a000000, 0x000000008a100000, 0x000000008a100000|100%| S|CS|TAMS 0x000000008a000000, 0x000000008a000000| Complete 
| 161|0x000000008a100000, 0x000000008a200000, 0x000000008a200000|100%| S|CS|TAMS 0x000000008a100000, 0x000000008a100000| Complete 
| 162|0x000000008a200000, 0x000000008a300000, 0x000000008a300000|100%| S|CS|TAMS 0x000000008a200000, 0x000000008a200000| Complete 
| 163|0x000000008a300000, 0x000000008a300000, 0x000000008a400000|  0%| F|  |TAMS 0x000000008a300000, 0x000000008a300000| Untracked 
| 164|0x000000008a400000, 0x000000008a400000, 0x000000008a500000|  0%| F|  |TAMS 0x000000008a400000, 0x000000008a400000| Untracked 
| 165|0x000000008a500000, 0x000000008a500000, 0x000000008a600000|  0%| F|  |TAMS 0x000000008a500000, 0x000000008a500000| Untracked 
| 166|0x000000008a600000, 0x000000008a600000, 0x000000008a700000|  0%| F|  |TAMS 0x000000008a600000, 0x000000008a600000| Untracked 
| 167|0x000000008a700000, 0x000000008a700000, 0x000000008a800000|  0%| F|  |TAMS 0x000000008a700000, 0x000000008a700000| Untracked 
| 168|0x000000008a800000, 0x000000008a800000, 0x000000008a900000|  0%| F|  |TAMS 0x000000008a800000, 0x000000008a800000| Untracked 
| 169|0x000000008a900000, 0x000000008a900000, 0x000000008aa00000|  0%| F|  |TAMS 0x000000008a900000, 0x000000008a900000| Untracked 
| 170|0x000000008aa00000, 0x000000008aa00000, 0x000000008ab00000|  0%| F|  |TAMS 0x000000008aa00000, 0x000000008aa00000| Untracked 
| 171|0x000000008ab00000, 0x000000008ab00000, 0x000000008ac00000|  0%| F|  |TAMS 0x000000008ab00000, 0x000000008ab00000| Untracked 
| 172|0x000000008ac00000, 0x000000008ac00000, 0x000000008ad00000|  0%| F|  |TAMS 0x000000008ac00000, 0x000000008ac00000| Untracked 
| 173|0x000000008ad00000, 0x000000008ad00000, 0x000000008ae00000|  0%| F|  |TAMS 0x000000008ad00000, 0x000000008ad00000| Untracked 
| 174|0x000000008ae00000, 0x000000008ae00000, 0x000000008af00000|  0%| F|  |TAMS 0x000000008ae00000, 0x000000008ae00000| Untracked 
| 175|0x000000008af00000, 0x000000008af00000, 0x000000008b000000|  0%| F|  |TAMS 0x000000008af00000, 0x000000008af00000| Untracked 
| 176|0x000000008b000000, 0x000000008b000000, 0x000000008b100000|  0%| F|  |TAMS 0x000000008b000000, 0x000000008b000000| Untracked 
| 177|0x000000008b100000, 0x000000008b100000, 0x000000008b200000|  0%| F|  |TAMS 0x000000008b100000, 0x000000008b100000| Untracked 
| 178|0x000000008b200000, 0x000000008b200000, 0x000000008b300000|  0%| F|  |TAMS 0x000000008b200000, 0x000000008b200000| Untracked 
| 179|0x000000008b300000, 0x000000008b300000, 0x000000008b400000|  0%| F|  |TAMS 0x000000008b300000, 0x000000008b300000| Untracked 
| 180|0x000000008b400000, 0x000000008b400000, 0x000000008b500000|  0%| F|  |TAMS 0x000000008b400000, 0x000000008b400000| Untracked 
| 181|0x000000008b500000, 0x000000008b500000, 0x000000008b600000|  0%| F|  |TAMS 0x000000008b500000, 0x000000008b500000| Untracked 
| 182|0x000000008b600000, 0x000000008b600000, 0x000000008b700000|  0%| F|  |TAMS 0x000000008b600000, 0x000000008b600000| Untracked 
| 183|0x000000008b700000, 0x000000008b700000, 0x000000008b800000|  0%| F|  |TAMS 0x000000008b700000, 0x000000008b700000| Untracked 
| 184|0x000000008b800000, 0x000000008b800000, 0x000000008b900000|  0%| F|  |TAMS 0x000000008b800000, 0x000000008b800000| Untracked 

Card table byte_map: [0x000001587b560000,0x000001587b960000] _byte_map_base: 0x000001587b160000

Marking Bits (Prev, Next): (CMBitMap*) 0x000001587522f810, (CMBitMap*) 0x000001587522f7d8
 Prev Bits: [0x000001587dd60000, 0x000001587fd60000)
 Next Bits: [0x000001587bd60000, 0x000001587dd60000)

Polling page: 0x00000158752d0000

Metaspace:

Usage:
  Non-class:     72.78 MB capacity,    71.36 MB ( 98%) used,     1.16 MB (  2%) free+waste,   264.69 KB ( <1%) overhead. 
      Class:     11.54 MB capacity,    10.71 MB ( 93%) used,   733.81 KB (  6%) free+waste,   122.88 KB (  1%) overhead. 
       Both:     84.32 MB capacity,    82.07 MB ( 97%) used,     1.87 MB (  2%) free+waste,   387.56 KB ( <1%) overhead. 

Virtual space:
  Non-class space:       74.00 MB reserved,      73.00 MB ( 99%) committed 
      Class space:        1.00 GB reserved,      11.57 MB (  1%) committed 
             Both:        1.07 GB reserved,      84.57 MB (  8%) committed 

Chunk freelists:
   Non-Class:  35.00 KB
       Class:  20.00 KB
        Both:  55.00 KB

MaxMetaspaceSize: 17179869184.00 GB
CompressedClassSpaceSize: 1.00 GB

CodeHeap 'non-profiled nmethods': size=120000Kb used=6034Kb max_used=6034Kb free=113965Kb
 bounds [0x0000015807ad0000, 0x00000158080c0000, 0x000001580f000000]
CodeHeap 'profiled nmethods': size=120000Kb used=21141Kb max_used=21141Kb free=98858Kb
 bounds [0x00000158005a0000, 0x0000015801a50000, 0x0000015807ad0000]
CodeHeap 'non-nmethods': size=5760Kb used=2277Kb max_used=2330Kb free=3482Kb
 bounds [0x0000015800000000, 0x0000015800270000, 0x00000158005a0000]
 total_blobs=10702 nmethods=9822 adapters=791
 compilation: enabled
              stopped_count=0, restarted_count=0
 full_count=0

Compilation events (20 events):
Event: 7.345 Thread 0x0000015811b83800 9896       3       com.android.utils.XmlUtils::toXmlAttributeValue (89 bytes)
Event: 7.346 Thread 0x0000015811b83800 nmethod 9896 0x0000015801a32710 code [0x0000015801a32a00, 0x0000015801a33a98]
Event: 7.346 Thread 0x0000015811b83800 9897       2       java.lang.StringUTF16::lastIndexOf (47 bytes)
Event: 7.346 Thread 0x0000015811b83800 nmethod 9897 0x0000015801a34190 code [0x0000015801a34340, 0x0000015801a344e8]
Event: 7.346 Thread 0x0000015811b83800 9898 %     3       com.android.utils.XmlUtils::toXmlTextValue @ 7 (65 bytes)
Event: 7.347 Thread 0x0000015811b83800 nmethod 9898% 0x0000015801a34610 code [0x0000015801a34900, 0x0000015801a35938]
Event: 7.347 Thread 0x0000015811b83800 9899       3       com.android.utils.XmlUtils::toXmlTextValue (65 bytes)
Event: 7.348 Thread 0x0000015811b83800 nmethod 9899 0x0000015801a36010 code [0x0000015801a36300, 0x0000015801a372b8]
Event: 7.348 Thread 0x0000015811b83800 9900 %     3       java.lang.StringUTF16::lastIndexOf @ 17 (47 bytes)
Event: 7.348 Thread 0x0000015811b83800 nmethod 9900% 0x0000015801a37990 code [0x0000015801a37b60, 0x0000015801a37ec8]
Event: 7.355 Thread 0x0000015811b83800 9904 %     3       com.google.common.base.CharMatcher::countIn @ 4 (39 bytes)
Event: 7.356 Thread 0x0000015811b83800 nmethod 9904% 0x0000015801a38010 code [0x0000015801a38200, 0x0000015801a386e8]
Event: 7.356 Thread 0x0000015811b83800 9905       3       java.lang.StringUTF16::lastIndexOf (47 bytes)
Event: 7.357 Thread 0x0000015811b83800 nmethod 9905 0x0000015801a38890 code [0x0000015801a38a60, 0x0000015801a38d68]
Event: 7.357 Thread 0x0000015811b83800 9906 %     3       com.android.utils.XmlUtils::append @ 378 (647 bytes)
Event: 7.360 Thread 0x0000015811b83800 nmethod 9906% 0x0000015801a38e90 code [0x0000015801a396a0, 0x0000015801a3d948]
Event: 7.361 Thread 0x0000015811b83800 9907       3       com.android.utils.XmlUtils::append (647 bytes)
Event: 7.364 Thread 0x0000015811b83800 nmethod 9907 0x0000015801a3f090 code [0x0000015801a3f880, 0x0000015801a43708]
Event: 7.365 Thread 0x0000015811b83800 9908       3       com.google.common.base.CharMatcher::countIn (39 bytes)
Event: 7.365 Thread 0x0000015811b83800 nmethod 9908 0x0000015801a44d10 code [0x0000015801a44f00, 0x0000015801a45368]

GC Heap History (20 events):
Event: 2.256 GC heap after
{Heap after GC invocations=6 (full 0):
 garbage-first heap   total 131072K, used 22001K [0x0000000080000000, 0x0000000100000000)
  region size 1024K, 6 young (6144K), 6 survivors (6144K)
 Metaspace       used 35012K, capacity 35830K, committed 35840K, reserved 1081344K
  class space    used 4540K, capacity 4864K, committed 4864K, reserved 1048576K
}
Event: 2.624 GC heap before
{Heap before GC invocations=7 (full 0):
 garbage-first heap   total 131072K, used 87537K [0x0000000080000000, 0x0000000100000000)
  region size 1024K, 68 young (69632K), 6 survivors (6144K)
 Metaspace       used 39522K, capacity 40462K, committed 40524K, reserved 1085440K
  class space    used 5062K, capacity 5422K, committed 5452K, reserved 1048576K
}
Event: 2.629 GC heap after
{Heap after GC invocations=8 (full 0):
 garbage-first heap   total 131072K, used 27108K [0x0000000080000000, 0x0000000100000000)
  region size 1024K, 9 young (9216K), 9 survivors (9216K)
 Metaspace       used 39522K, capacity 40462K, committed 40524K, reserved 1085440K
  class space    used 5062K, capacity 5422K, committed 5452K, reserved 1048576K
}
Event: 3.010 GC heap before
{Heap before GC invocations=8 (full 0):
 garbage-first heap   total 131072K, used 89572K [0x0000000080000000, 0x0000000100000000)
  region size 1024K, 70 young (71680K), 9 survivors (9216K)
 Metaspace       used 45090K, capacity 46180K, committed 46412K, reserved 1089536K
  class space    used 5805K, capacity 6193K, committed 6220K, reserved 1048576K
}
Event: 3.016 GC heap after
{Heap after GC invocations=9 (full 0):
 garbage-first heap   total 157696K, used 28952K [0x0000000080000000, 0x0000000100000000)
  region size 1024K, 3 young (3072K), 3 survivors (3072K)
 Metaspace       used 45090K, capacity 46180K, committed 46412K, reserved 1089536K
  class space    used 5805K, capacity 6193K, committed 6220K, reserved 1048576K
}
Event: 3.569 GC heap before
{Heap before GC invocations=9 (full 0):
 garbage-first heap   total 157696K, used 107800K [0x0000000080000000, 0x0000000100000000)
  region size 1024K, 77 young (78848K), 3 survivors (3072K)
 Metaspace       used 50061K, capacity 51369K, committed 51532K, reserved 1093632K
  class space    used 6407K, capacity 6861K, committed 6988K, reserved 1048576K
}
Event: 3.574 GC heap after
{Heap after GC invocations=10 (full 0):
 garbage-first heap   total 157696K, used 42346K [0x0000000080000000, 0x0000000100000000)
  region size 1024K, 10 young (10240K), 10 survivors (10240K)
 Metaspace       used 50061K, capacity 51369K, committed 51532K, reserved 1093632K
  class space    used 6407K, capacity 6861K, committed 6988K, reserved 1048576K
}
Event: 4.136 GC heap before
{Heap before GC invocations=10 (full 0):
 garbage-first heap   total 157696K, used 94570K [0x0000000080000000, 0x0000000100000000)
  region size 1024K, 62 young (63488K), 10 survivors (10240K)
 Metaspace       used 58553K, capacity 60097K, committed 60236K, reserved 1101824K
  class space    used 7447K, capacity 7997K, committed 8012K, reserved 1048576K
}
Event: 4.148 GC heap after
{Heap after GC invocations=11 (full 0):
 garbage-first heap   total 157696K, used 45730K [0x0000000080000000, 0x0000000100000000)
  region size 1024K, 4 young (4096K), 4 survivors (4096K)
 Metaspace       used 58553K, capacity 60097K, committed 60236K, reserved 1101824K
  class space    used 7447K, capacity 7997K, committed 8012K, reserved 1048576K
}
Event: 4.572 GC heap before
{Heap before GC invocations=12 (full 0):
 garbage-first heap   total 157696K, used 109218K [0x0000000080000000, 0x0000000100000000)
  region size 1024K, 66 young (67584K), 4 survivors (4096K)
 Metaspace       used 63176K, capacity 64838K, committed 65100K, reserved 1105920K
  class space    used 8059K, capacity 8668K, committed 8780K, reserved 1048576K
}
Event: 4.579 GC heap after
{Heap after GC invocations=13 (full 0):
 garbage-first heap   total 157696K, used 50660K [0x0000000080000000, 0x0000000100000000)
  region size 1024K, 9 young (9216K), 9 survivors (9216K)
 Metaspace       used 63176K, capacity 64838K, committed 65100K, reserved 1105920K
  class space    used 8059K, capacity 8668K, committed 8780K, reserved 1048576K
}
Event: 5.026 GC heap before
{Heap before GC invocations=13 (full 0):
 garbage-first heap   total 157696K, used 113124K [0x0000000080000000, 0x0000000100000000)
  region size 1024K, 70 young (71680K), 9 survivors (9216K)
 Metaspace       used 68850K, capacity 70440K, committed 70476K, reserved 1110016K
  class space    used 8939K, capacity 9542K, committed 9548K, reserved 1048576K
}
Event: 5.033 GC heap after
{Heap after GC invocations=14 (full 0):
 garbage-first heap   total 189440K, used 55089K [0x0000000080000000, 0x0000000100000000)
  region size 1024K, 5 young (5120K), 5 survivors (5120K)
 Metaspace       used 68850K, capacity 70440K, committed 70476K, reserved 1110016K
  class space    used 8939K, capacity 9542K, committed 9548K, reserved 1048576K
}
Event: 5.923 GC heap before
{Heap before GC invocations=14 (full 0):
 garbage-first heap   total 189440K, used 132913K [0x0000000080000000, 0x0000000100000000)
  region size 1024K, 81 young (82944K), 5 survivors (5120K)
 Metaspace       used 76824K, capacity 78759K, committed 78924K, reserved 1118208K
  class space    used 10060K, capacity 10731K, committed 10828K, reserved 1048576K
}
Event: 5.930 GC heap after
{Heap after GC invocations=15 (full 0):
 garbage-first heap   total 189440K, used 59639K [0x0000000080000000, 0x0000000100000000)
  region size 1024K, 10 young (10240K), 10 survivors (10240K)
 Metaspace       used 76824K, capacity 78759K, committed 78924K, reserved 1118208K
  class space    used 10060K, capacity 10731K, committed 10828K, reserved 1048576K
}
Event: 6.481 GC heap before
{Heap before GC invocations=15 (full 0):
 garbage-first heap   total 189440K, used 136439K [0x0000000080000000, 0x0000000100000000)
  region size 1024K, 86 young (88064K), 10 survivors (10240K)
 Metaspace       used 79369K, capacity 81660K, committed 81740K, reserved 1120256K
  class space    used 10464K, capacity 11315K, committed 11340K, reserved 1048576K
}
Event: 6.489 GC heap after
{Heap after GC invocations=16 (full 0):
 garbage-first heap   total 189440K, used 65059K [0x0000000080000000, 0x0000000100000000)
  region size 1024K, 11 young (11264K), 11 survivors (11264K)
 Metaspace       used 79369K, capacity 81660K, committed 81740K, reserved 1120256K
  class space    used 10464K, capacity 11315K, committed 11340K, reserved 1048576K
}
Event: 7.020 GC heap before
{Heap before GC invocations=16 (full 0):
 garbage-first heap   total 189440K, used 142883K [0x0000000080000000, 0x0000000100000000)
  region size 1024K, 86 young (88064K), 11 survivors (11264K)
 Metaspace       used 81755K, capacity 84138K, committed 84300K, reserved 1122304K
  class space    used 10678K, capacity 11554K, committed 11596K, reserved 1048576K
}
Event: 7.038 GC heap after
{Heap after GC invocations=17 (full 0):
 garbage-first heap   total 189440K, used 81028K [0x0000000080000000, 0x0000000100000000)
  region size 1024K, 11 young (11264K), 11 survivors (11264K)
 Metaspace       used 81755K, capacity 84138K, committed 84300K, reserved 1122304K
  class space    used 10678K, capacity 11554K, committed 11596K, reserved 1048576K
}
Event: 7.403 GC heap before
{Heap before GC invocations=17 (full 0):
 garbage-first heap   total 189440K, used 115844K [0x0000000080000000, 0x0000000100000000)
  region size 1024K, 33 young (33792K), 11 survivors (11264K)
 Metaspace       used 84038K, capacity 86345K, committed 86604K, reserved 1124352K
  class space    used 10963K, capacity 11820K, committed 11852K, reserved 1048576K
}

Deoptimization events (20 events):
Event: 7.309 Thread 0x000001581cec5000 DEOPT PACKING pc=0x00000158080afca0 sp=0x0000003b7ccfa670
Event: 7.309 Thread 0x000001581cec5000 DEOPT UNPACKING pc=0x00000158000278af sp=0x0000003b7ccfa5f8 mode 2
Event: 7.309 Thread 0x000001581cec5000 Uncommon trap: trap_request=0xffffffde fr.pc=0x00000158080afca0 relative=0x00000000000002e0
Event: 7.310 Thread 0x000001581cec5000 Uncommon trap: reason=class_check action=maybe_recompile pc=0x00000158080afca0 method=com.android.ide.common.resources.NodeUtils.processSingleNodeNamespace(Lorg/w3c/dom/Node;Lorg/w3c/dom/Document;)Z @ 100 c2
Event: 7.310 Thread 0x000001581cec5000 DEOPT PACKING pc=0x00000158080afca0 sp=0x0000003b7ccfa670
Event: 7.310 Thread 0x000001581cec5000 DEOPT UNPACKING pc=0x00000158000278af sp=0x0000003b7ccfa5f8 mode 2
Event: 7.310 Thread 0x000001581cec5000 Uncommon trap: trap_request=0xffffffde fr.pc=0x00000158080afca0 relative=0x00000000000002e0
Event: 7.310 Thread 0x000001581cec5000 Uncommon trap: reason=class_check action=maybe_recompile pc=0x00000158080afca0 method=com.android.ide.common.resources.NodeUtils.processSingleNodeNamespace(Lorg/w3c/dom/Node;Lorg/w3c/dom/Document;)Z @ 100 c2
Event: 7.310 Thread 0x000001581cec5000 DEOPT PACKING pc=0x00000158080afca0 sp=0x0000003b7ccfa670
Event: 7.310 Thread 0x000001581cec5000 DEOPT UNPACKING pc=0x00000158000278af sp=0x0000003b7ccfa5f8 mode 2
Event: 7.310 Thread 0x000001581cec5000 Uncommon trap: trap_request=0xffffffde fr.pc=0x00000158080afca0 relative=0x00000000000002e0
Event: 7.310 Thread 0x000001581cec5000 Uncommon trap: reason=class_check action=maybe_recompile pc=0x00000158080afca0 method=com.android.ide.common.resources.NodeUtils.processSingleNodeNamespace(Lorg/w3c/dom/Node;Lorg/w3c/dom/Document;)Z @ 100 c2
Event: 7.310 Thread 0x000001581cec5000 DEOPT PACKING pc=0x00000158080afca0 sp=0x0000003b7ccfa670
Event: 7.310 Thread 0x000001581cec5000 DEOPT UNPACKING pc=0x00000158000278af sp=0x0000003b7ccfa5f8 mode 2
Event: 7.345 Thread 0x000001581cec5000 DEOPT PACKING pc=0x0000015801a2b678 sp=0x0000003b7ccf9ed0
Event: 7.345 Thread 0x000001581cec5000 DEOPT UNPACKING pc=0x00000158000276ce sp=0x0000003b7ccf9400 mode 0
Event: 7.347 Thread 0x000001581cec5000 DEOPT PACKING pc=0x0000015801a31c50 sp=0x0000003b7ccf9d20
Event: 7.347 Thread 0x000001581cec5000 DEOPT UNPACKING pc=0x00000158000276ce sp=0x0000003b7ccf9250 mode 0
Event: 7.356 Thread 0x000001581cec5000 DEOPT PACKING pc=0x0000015801a3445e sp=0x0000003b7ccf9d00
Event: 7.356 Thread 0x000001581cec5000 DEOPT UNPACKING pc=0x00000158000276ce sp=0x0000003b7ccf9198 mode 0

Classes redefined (0 events):
No events

Internal exceptions (20 events):
Event: 5.921 Thread 0x00000158149e5800 Exception <a 'java/lang/NoSuchMethodError'{0x0000000086da5220}: <clinit>> (0x0000000086da5220) thrown at [./src/hotspot/share/prims/jni.cpp, line 1362]
Event: 5.939 Thread 0x00000158172d6800 Exception <a 'java/lang/NoSuchMethodError'{0x000000008b6ee138}: <clinit>> (0x000000008b6ee138) thrown at [./src/hotspot/share/prims/jni.cpp, line 1362]
Event: 5.941 Thread 0x00000158172d6800 Exception <a 'java/lang/NoSuchMethodError'{0x000000008b502f48}: <clinit>> (0x000000008b502f48) thrown at [./src/hotspot/share/prims/jni.cpp, line 1362]
Event: 5.942 Thread 0x00000158172d6800 Exception <a 'java/lang/NoSuchMethodError'{0x000000008b51c570}: <clinit>> (0x000000008b51c570) thrown at [./src/hotspot/share/prims/jni.cpp, line 1362]
Event: 5.965 Thread 0x00000158149e5800 Exception <a 'java/lang/NoSuchMethodError'{0x000000008b372e30}: <clinit>> (0x000000008b372e30) thrown at [./src/hotspot/share/prims/jni.cpp, line 1362]
Event: 5.980 Thread 0x000001581cec5000 Exception <a 'java/lang/NoSuchMethodError'{0x000000008b258018}: 'java.lang.Object java.lang.invoke.Invokers$Holder.linkToTargetMethod(java.lang.Object, java.lang.Object, java.lang.Object, int, java.lang.Object, java.lang.Object)'> (0x000000008b258018) thrown at [./src/hotspot/share/interpreter/linkResolver.cpp, line 773]
Event: 6.291 Thread 0x00000158196e4800 Exception <a 'java/lang/NoSuchMethodError'{0x000000008a1892b0}: 'java.lang.Object java.lang.invoke.DirectMethodHandle$Holder.invokeSpecialIFC(java.lang.Object, java.lang.Object, java.lang.Object)'> (0x000000008a1892b0) thrown at [./src/hotspot/share/interpreter/linkResolver.cpp, line 773]
Event: 6.291 Thread 0x00000158196e8800 Exception <a 'java/lang/NoSuchMethodError'{0x0000000089f43d40}: 'java.lang.Object java.lang.invoke.DirectMethodHandle$Holder.invokeSpecialIFC(java.lang.Object, java.lang.Object, java.lang.Object)'> (0x0000000089f43d40) thrown at [./src/hotspot/share/interpreter/linkResolver.cpp, line 773]
Event: 6.291 Thread 0x00000158196e5000 Exception <a 'java/lang/NoSuchMethodError'{0x000000008a10eac8}: 'java.lang.Object java.lang.invoke.DirectMethodHandle$Holder.invokeSpecialIFC(java.lang.Object, java.lang.Object, java.lang.Object)'> (0x000000008a10eac8) thrown at [./src/hotspot/share/interpreter/linkResolver.cpp, line 773]
Event: 6.291 Thread 0x00000158196eb800 Exception <a 'java/lang/NoSuchMethodError'{0x000000008a0f0b10}: 'java.lang.Object java.lang.invoke.DirectMethodHandle$Holder.invokeSpecialIFC(java.lang.Object, java.lang.Object, java.lang.Object)'> (0x000000008a0f0b10) thrown at [./src/hotspot/share/interpreter/linkResolver.cpp, line 773]
Event: 6.291 Thread 0x00000158196ed800 Exception <a 'java/lang/NoSuchMethodError'{0x0000000089f15cc0}: 'java.lang.Object java.lang.invoke.DirectMethodHandle$Holder.invokeSpecialIFC(java.lang.Object, java.lang.Object, java.lang.Object)'> (0x0000000089f15cc0) thrown at [./src/hotspot/share/interpreter/linkResolver.cpp, line 773]
Event: 6.291 Thread 0x00000158196f1800 Exception <a 'java/lang/NoSuchMethodError'{0x000000008a1a5c08}: 'java.lang.Object java.lang.invoke.DirectMethodHandle$Holder.invokeSpecialIFC(java.lang.Object, java.lang.Object, java.lang.Object)'> (0x000000008a1a5c08) thrown at [./src/hotspot/share/interpreter/linkResolver.cpp, line 773]
Event: 6.291 Thread 0x00000158196eb000 Exception <a 'java/lang/NoSuchMethodError'{0x000000008a0d8a90}: 'java.lang.Object java.lang.invoke.DirectMethodHandle$Holder.invokeSpecialIFC(java.lang.Object, java.lang.Object, java.lang.Object)'> (0x000000008a0d8a90) thrown at [./src/hotspot/share/interpreter/linkResolver.cpp, line 773]
Event: 6.291 Thread 0x00000158196f0800 Exception <a 'java/lang/NoSuchMethodError'{0x000000008a092770}: 'java.lang.Object java.lang.invoke.DirectMethodHandle$Holder.invokeSpecialIFC(java.lang.Object, java.lang.Object, java.lang.Object)'> (0x000000008a092770) thrown at [./src/hotspot/share/interpreter/linkResolver.cpp, line 773]
Event: 6.291 Thread 0x00000158196e7800 Exception <a 'java/lang/NoSuchMethodError'{0x000000008a12b308}: 'java.lang.Object java.lang.invoke.DirectMethodHandle$Holder.invokeSpecialIFC(java.lang.Object, java.lang.Object, java.lang.Object)'> (0x000000008a12b308) thrown at [./src/hotspot/share/interpreter/linkResolver.cpp, line 773]
Event: 6.316 Thread 0x00000158196e8800 Exception <a 'java/lang/NoSuchMethodError'{0x0000000089b7a478}: 'int java.lang.invoke.DirectMethodHandle$Holder.invokeStaticInit(java.lang.Object, java.lang.Object, java.lang.Object, java.lang.Object, java.lang.Object)'> (0x0000000089b7a478) thrown at [./src/hotspot/share/interpreter/linkResolver.cpp, line 773]
Event: 6.367 Thread 0x00000158196e8800 Exception <a 'java/lang/NoSuchMethodError'{0x00000000896ab150}: 'void java.lang.invoke.DirectMethodHandle$Holder.invokeVirtual(java.lang.Object, java.lang.Object)'> (0x00000000896ab150) thrown at [./src/hotspot/share/interpreter/linkResolver.cpp, line 773]
Event: 6.531 Thread 0x000001581cec5000 Exception <a 'java/lang/IncompatibleClassChangeError'{0x000000008b343428}: Found class java.lang.Object, but interface was expected> (0x000000008b343428) thrown at [./src/hotspot/share/interpreter/linkResolver.cpp, line 839]
Event: 6.815 Thread 0x000001581cec5000 Implicit null exception at 0x0000015807dc7e84 to 0x0000015807dc807c
Event: 7.220 Thread 0x000001581cec5000 Implicit null exception at 0x0000015807f03289 to 0x0000015807f03948

Events (20 events):
Event: 7.261 loading class com/sun/xml/bind/util/AttributesImpl done
Event: 7.262 loading class com/sun/xml/bind/v2/runtime/reflect/Lister$CollectionLister$1
Event: 7.262 loading class com/sun/xml/bind/v2/runtime/reflect/Lister$CollectionLister$1 done
Event: 7.262 loading class com/sun/xml/bind/v2/runtime/reflect/Lister$IDREFSIterator
Event: 7.262 loading class com/sun/xml/bind/v2/runtime/reflect/Lister$IDREFSIterator done
Event: 7.265 loading class org/apache/commons/io/Charsets
Event: 7.265 loading class org/apache/commons/io/Charsets done
Event: 7.322 Executing VM operation: ICBufferFull
Event: 7.322 Executing VM operation: ICBufferFull done
Event: 7.332 Executing VM operation: ICBufferFull
Event: 7.332 Executing VM operation: ICBufferFull done
Event: 7.339 loading class com/android/utils/XmlUtils$PositionAwareStringBuilder
Event: 7.339 loading class com/android/utils/XmlUtils$PositionAwareStringBuilder done
Event: 7.400 loading class com/google/common/io/FileWriteMode
Event: 7.400 loading class com/google/common/io/FileWriteMode done
Event: 7.401 loading class com/google/common/io/CharSink
Event: 7.401 loading class com/google/common/io/CharSink done
Event: 7.401 loading class com/google/common/io/ByteSink$AsCharSink
Event: 7.401 loading class com/google/common/io/ByteSink$AsCharSink done
Event: 7.403 Executing VM operation: G1CollectForAllocation


Dynamic libraries:
0x00007ff78b620000 - 0x00007ff78b62a000 	C:\Program Files\Android\Android Studio\jre\bin\java.exe
0x00007ff99e340000 - 0x00007ff99e547000 	C:\Windows\SYSTEM32\ntdll.dll
0x00007ff99dbf0000 - 0x00007ff99dcad000 	C:\Windows\System32\KERNEL32.DLL
0x00007ff99bba0000 - 0x00007ff99bf14000 	C:\Windows\System32\KERNELBASE.dll
0x00007ff99b9e0000 - 0x00007ff99baf1000 	C:\Windows\System32\ucrtbase.dll
0x00007ff98b250000 - 0x00007ff98b269000 	C:\Program Files\Android\Android Studio\jre\bin\jli.dll
0x00007ff992880000 - 0x00007ff992897000 	C:\Program Files\Android\Android Studio\jre\bin\VCRUNTIME140.dll
0x00007ff99ca60000 - 0x00007ff99cc0c000 	C:\Windows\System32\USER32.dll
0x00007ff99b9b0000 - 0x00007ff99b9d6000 	C:\Windows\System32\win32u.dll
0x00007ff98c7e0000 - 0x00007ff98ca85000 	C:\Windows\WinSxS\amd64_microsoft.windows.common-controls_6595b64144ccf1df_6.0.22000.120_none_9d947278b86cc467\COMCTL32.dll
0x00007ff99dcb0000 - 0x00007ff99dcd9000 	C:\Windows\System32\GDI32.dll
0x00007ff99b890000 - 0x00007ff99b9a2000 	C:\Windows\System32\gdi32full.dll
0x00007ff99c1d0000 - 0x00007ff99c273000 	C:\Windows\System32\msvcrt.dll
0x00007ff99bb00000 - 0x00007ff99bb9d000 	C:\Windows\System32\msvcp_win.dll
0x00007ff99c880000 - 0x00007ff99c8b1000 	C:\Windows\System32\IMM32.DLL
0x00007ff96cb10000 - 0x00007ff96cbad000 	C:\Program Files\Android\Android Studio\jre\bin\msvcp140.dll
0x00007ff967790000 - 0x00007ff96825f000 	C:\Program Files\Android\Android Studio\jre\bin\server\jvm.dll
0x00007ff99d910000 - 0x00007ff99d9bc000 	C:\Windows\System32\ADVAPI32.dll
0x00007ff99c660000 - 0x00007ff99c6fd000 	C:\Windows\System32\sechost.dll
0x00007ff99c920000 - 0x00007ff99ca41000 	C:\Windows\System32\RPCRT4.dll
0x00007ff99e130000 - 0x00007ff99e138000 	C:\Windows\System32\PSAPI.DLL
0x00007ff998b50000 - 0x00007ff998b59000 	C:\Windows\SYSTEM32\WSOCK32.dll
0x00007ff996060000 - 0x00007ff996093000 	C:\Windows\SYSTEM32\WINMM.dll
0x00007ff9950f0000 - 0x00007ff9950fa000 	C:\Windows\SYSTEM32\VERSION.dll
0x00007ff99da20000 - 0x00007ff99da8f000 	C:\Windows\System32\WS2_32.dll
0x00007ff99a940000 - 0x00007ff99a958000 	C:\Windows\SYSTEM32\kernel.appcore.dll
0x00007ff998b30000 - 0x00007ff998b41000 	C:\Program Files\Android\Android Studio\jre\bin\verify.dll
0x00007ff98eb40000 - 0x00007ff98ed61000 	C:\Windows\SYSTEM32\DBGHELP.DLL
0x00007ff988ea0000 - 0x00007ff988ed1000 	C:\Windows\SYSTEM32\dbgcore.DLL
0x00007ff99bf20000 - 0x00007ff99bf9f000 	C:\Windows\System32\bcryptPrimitives.dll
0x00007ff992a10000 - 0x00007ff992a39000 	C:\Program Files\Android\Android Studio\jre\bin\java.dll
0x00007ff997a50000 - 0x00007ff997a5b000 	C:\Program Files\Android\Android Studio\jre\bin\jimage.dll
0x00007ff9976d0000 - 0x00007ff9976e8000 	C:\Program Files\Android\Android Studio\jre\bin\zip.dll
0x00007ff99cc10000 - 0x00007ff99d3be000 	C:\Windows\System32\SHELL32.dll
0x00007ff9999c0000 - 0x00007ff99a227000 	C:\Windows\SYSTEM32\windows.storage.dll
0x00007ff99ddb0000 - 0x00007ff99e128000 	C:\Windows\System32\combase.dll
0x00007ff999850000 - 0x00007ff9999b6000 	C:\Windows\SYSTEM32\wintypes.dll
0x00007ff99c790000 - 0x00007ff99c87a000 	C:\Windows\System32\SHCORE.dll
0x00007ff99c8c0000 - 0x00007ff99c91d000 	C:\Windows\System32\shlwapi.dll
0x00007ff99b750000 - 0x00007ff99b771000 	C:\Windows\SYSTEM32\profapi.dll
0x00007ff993d10000 - 0x00007ff993d2a000 	C:\Program Files\Android\Android Studio\jre\bin\net.dll
0x00007ff996160000 - 0x00007ff99626c000 	C:\Windows\SYSTEM32\WINHTTP.dll
0x00007ff99ad50000 - 0x00007ff99adb7000 	C:\Windows\system32\mswsock.dll
0x00007ff9929f0000 - 0x00007ff992a04000 	C:\Program Files\Android\Android Studio\jre\bin\nio.dll
0x00007ff98b270000 - 0x00007ff98b297000 	C:\Users\NeHaL\.gradle\native\8bec1ad78214c89d9ad589b4d07fe93259594b29d510b10fafb7a158f7737e5d\windows-amd64\native-platform.dll
0x00007ff9695d0000 - 0x00007ff96970d000 	C:\Users\NeHaL\.gradle\native\53dbd7edfb1c66fb8903c78663c9afc45aea4f116125fa6feffd364cf09443e8\windows-amd64\native-platform-file-events.dll
0x00007ff994f40000 - 0x00007ff994f4a000 	C:\Program Files\Android\Android Studio\jre\bin\management.dll
0x00007ff993ce0000 - 0x00007ff993cec000 	C:\Program Files\Android\Android Studio\jre\bin\management_ext.dll
0x00007ff99af90000 - 0x00007ff99afa8000 	C:\Windows\SYSTEM32\CRYPTSP.dll
0x00007ff99a8a0000 - 0x00007ff99a8d5000 	C:\Windows\system32\rsaenh.dll
0x00007ff99ae40000 - 0x00007ff99ae69000 	C:\Windows\SYSTEM32\USERENV.dll
0x00007ff99b110000 - 0x00007ff99b137000 	C:\Windows\SYSTEM32\bcrypt.dll
0x00007ff99afb0000 - 0x00007ff99afbc000 	C:\Windows\SYSTEM32\CRYPTBASE.dll
0x00007ff99a480000 - 0x00007ff99a4ad000 	C:\Windows\SYSTEM32\IPHLPAPI.DLL
0x00007ff99db70000 - 0x00007ff99db79000 	C:\Windows\System32\NSI.dll
0x00007ff995a40000 - 0x00007ff995a59000 	C:\Windows\SYSTEM32\dhcpcsvc6.DLL
0x00007ff996d30000 - 0x00007ff996d4e000 	C:\Windows\SYSTEM32\dhcpcsvc.DLL
0x00007ff99a4b0000 - 0x00007ff99a597000 	C:\Windows\SYSTEM32\DNSAPI.dll

dbghelp: loaded successfully - version: 4.0.5 - missing functions: none
symbol engine: initialized successfully - sym options: 0x614 - pdb path: .;C:\Program Files\Android\Android Studio\jre\bin;C:\Windows\SYSTEM32;C:\Windows\WinSxS\amd64_microsoft.windows.common-controls_6595b64144ccf1df_6.0.22000.120_none_9d947278b86cc467;C:\Program Files\Android\Android Studio\jre\bin\server;C:\Users\NeHaL\.gradle\native\8bec1ad78214c89d9ad589b4d07fe93259594b29d510b10fafb7a158f7737e5d\windows-amd64;C:\Users\NeHaL\.gradle\native\53dbd7edfb1c66fb8903c78663c9afc45aea4f116125fa6feffd364cf09443e8\windows-amd64

VM Arguments:
jvm_args: --add-opens=java.base/java.util=ALL-UNNAMED --add-opens=java.base/java.lang=ALL-UNNAMED --add-opens=java.base/java.lang.invoke=ALL-UNNAMED --add-opens=java.base/java.util=ALL-UNNAMED --add-opens=java.prefs/java.util.prefs=ALL-UNNAMED --add-opens=java.prefs/java.util.prefs=ALL-UNNAMED --add-opens=java.base/java.nio.charset=ALL-UNNAMED --add-opens=java.base/java.net=ALL-UNNAMED --add-opens=java.base/java.util.concurrent.atomic=ALL-UNNAMED -Xmx2048m -Dfile.encoding=UTF-8 -Duser.country=IN -Duser.language=en -Duser.variant 
java_command: org.gradle.launcher.daemon.bootstrap.GradleDaemon 7.0.2
java_class_path (initial): C:\Users\NeHaL\.gradle\wrapper\dists\gradle-7.0.2-bin\857tjihv64xamwrf0h14cai3r\gradle-7.0.2\lib\gradle-launcher-7.0.2.jar
Launcher Type: SUN_STANDARD

[Global flags]
     intx CICompilerCount                          = 4                                         {product} {ergonomic}
     uint ConcGCThreads                            = 3                                         {product} {ergonomic}
     uint G1ConcRefinementThreads                  = 10                                        {product} {ergonomic}
   size_t G1HeapRegionSize                         = 1048576                                   {product} {ergonomic}
    uintx GCDrainStackTargetSize                   = 64                                        {product} {ergonomic}
   size_t InitialHeapSize                          = 134217728                                 {product} {ergonomic}
   size_t MarkStackSize                            = 4194304                                   {product} {ergonomic}
   size_t MaxHeapSize                              = 2147483648                                {product} {command line}
   size_t MaxNewSize                               = 1287651328                                {product} {ergonomic}
   size_t MinHeapDeltaBytes                        = 1048576                                   {product} {ergonomic}
    uintx NonNMethodCodeHeapSize                   = 5836300                                {pd product} {ergonomic}
    uintx NonProfiledCodeHeapSize                  = 122910970                              {pd product} {ergonomic}
    uintx ProfiledCodeHeapSize                     = 122910970                              {pd product} {ergonomic}
    uintx ReservedCodeCacheSize                    = 251658240                              {pd product} {ergonomic}
     bool SegmentedCodeCache                       = true                                      {product} {ergonomic}
     bool UseCompressedClassPointers               = true                                 {lp64_product} {ergonomic}
     bool UseCompressedOops                        = true                                 {lp64_product} {ergonomic}
     bool UseG1GC                                  = true                                      {product} {ergonomic}
     bool UseLargePagesIndividualAllocation        = false                                  {pd product} {ergonomic}

Logging:
Log output configuration:
 #0: stdout all=warning uptime,level,tags
 #1: stderr all=off uptime,level,tags

Environment Variables:
PATH=C:\Program Files (x86)\Common Files\Intel\Shared Libraries\redist\intel64\compiler;C:\Program Files\Common Files\Oracle\Java\javapath;C:\Windows\system32;C:\Windows;C:\Windows\System32\Wbem;C:\Windows\System32\WindowsPowerShell\v1.0\;C:\Windows\System32\OpenSSH\;C:\Program Files\NVIDIA Corporation\NVIDIA NvDLISR;C:\Program Files (x86)\NVIDIA Corporation\PhysX\Common;C:\Program Files\nodejs\;C:\ProgramData\chocolatey\bin;C:\Program Files\Git\cmd;C:\Program Files\Cloudflare\Cloudflare WARP;C:\Users\NeHaL\AppData\Local\Microsoft\WindowsApps;C:\Program Files\JetBrains\IntelliJ IDEA Community Edition 2021.2.2\bin;;C:\Program Files\JetBrains\PyCharm Community Edition 2021.2.2\bin;;C:\Users\NeHaL\AppData\Local\Programs\Microsoft VS Code\bin;C:\Users\NeHaL\AppData\Roaming\npm;C:\Program Files\MongoDB\Server\5.0\bin;
USERNAME=NeHaL
OS=Windows_NT
PROCESSOR_IDENTIFIER=AMD64 Family 23 Model 113 Stepping 0, AuthenticAMD



---------------  S Y S T E M  ---------------

OS: Windows 10 , 64 bit Build 22000 (10.0.22000.318)
OS uptime: 0 days 0:42 hours

CPU:total 12 (initial active 12) (12 cores per cpu, 2 threads per core) family 23 model 113 stepping 0 microcode 0x0, cmov, cx8, fxsr, mmx, sse, sse2, sse3, ssse3, sse4.1, sse4.2, popcnt, avx, avx2, aes, clmul, mmxext, 3dnowpref, lzcnt, sse4a, ht, tsc, tscinvbit, tscinv, bmi1, bmi2, adx,

Memory: 4k page, system-wide physical 8144M (1757M free)
TotalPageFile size 8144M (AvailPageFile size 5M)
current process WorkingSet (physical memory assigned to process): 452M, peak: 455M
current process commit charge ("private bytes"): 530M, peak: 534M

vm_info: OpenJDK 64-Bit Server VM (11.0.10+0-b96-7249189) for windows-amd64 JRE (11.0.10+0-b96-7249189), built on Mar 31 2021 21:44:00 by "builder" with MS VC++ 14.0 (VS2015)

END.
