#
# There is insufficient memory for the Java Runtime Environment to continue.
# Native memory allocation (malloc) failed to allocate 1567376 bytes for Chunk::new
# Possible reasons:
#   The system is out of physical RAM or swap space
#   The process is running with CompressedOops enabled, and the Java Heap may be blocking the growth of the native heap
# Possible solutions:
#   Reduce memory load on the system
#   Increase physical memory or swap space
#   Check if swap backing store is full
#   Decrease Java heap size (-Xmx/-Xms)
#   Decrease number of Java threads
#   Decrease Java thread stack sizes (-Xss)
#   Set larger code cache with -XX:ReservedCodeCacheSize=
#   JVM is running with Unscaled Compressed Oops mode in which the Java heap is
#     placed in the first 4GB address space. The Java Heap base address is the
#     maximum limit for the native heap growth. Please use -XX:HeapBaseMinAddress
#     to set the Java Heap base and to place the Java Heap above 4GB virtual address.
# This output file may be truncated or incomplete.
#
#  Out of Memory Error (./src/hotspot/share/memory/arena.cpp:197), pid=12116, tid=10536
#
# JRE version: OpenJDK Runtime Environment (11.0.10) (build 11.0.10+0-b96-7249189)
# Java VM: OpenJDK 64-Bit Server VM (11.0.10+0-b96-7249189, mixed mode, tiered, compressed oops, g1 gc, windows-amd64)
# No core dump will be written. Minidumps are not enabled by default on client versions of Windows
#

---------------  S U M M A R Y ------------

Command Line: --add-opens=java.base/java.util=ALL-UNNAMED --add-opens=java.base/java.lang=ALL-UNNAMED --add-opens=java.base/java.lang.invoke=ALL-UNNAMED --add-opens=java.base/java.util=ALL-UNNAMED --add-opens=java.prefs/java.util.prefs=ALL-UNNAMED --add-opens=java.prefs/java.util.prefs=ALL-UNNAMED --add-opens=java.base/java.nio.charset=ALL-UNNAMED --add-opens=java.base/java.net=ALL-UNNAMED --add-opens=java.base/java.util.concurrent.atomic=ALL-UNNAMED -Xmx2048m -Dfile.encoding=UTF-8 -Duser.country=IN -Duser.language=en -Duser.variant org.gradle.launcher.daemon.bootstrap.GradleDaemon 7.0.2

Host: AMD Ryzen 5 3600 6-Core Processor              , 12 cores, 7G,  Windows 10 , 64 bit Build 22000 (10.0.22000.318)
Time: Mon Dec 27 23:38:01 2021 India Standard Time elapsed time: 27.183790 seconds (0d 0h 0m 27s)

---------------  T H R E A D  ---------------

Current thread (0x000001d52b671800):  JavaThread "C2 CompilerThread2" daemon [_thread_in_native, id=10536, stack(0x0000006e3c100000,0x0000006e3c200000)]


Current CompileTask:
C2:  27183 12100       4       java.lang.reflect.Constructor::newInstance (76 bytes)

Stack: [0x0000006e3c100000,0x0000006e3c200000]
Native frames: (J=compiled Java code, j=interpreted, Vv=VM code, C=native code)
V  [jvm.dll+0x5ecfaa]
V  [jvm.dll+0x722bd5]
V  [jvm.dll+0x72412d]
V  [jvm.dll+0x7247e3]
V  [jvm.dll+0x242928]
V  [jvm.dll+0xbc4fc]
V  [jvm.dll+0xbca0c]
V  [jvm.dll+0x352d3b]
V  [jvm.dll+0x320ad3]
V  [jvm.dll+0x31ffca]
V  [jvm.dll+0x1fb602]
V  [jvm.dll+0x1fa7f4]
V  [jvm.dll+0x18354c]
V  [jvm.dll+0x208ee7]
V  [jvm.dll+0x207731]
V  [jvm.dll+0x6eb1cf]
V  [jvm.dll+0x6e3d45]
V  [jvm.dll+0x5ebe96]
C  [ucrtbase.dll+0x26c0c]
C  [KERNEL32.DLL+0x154e0]
C  [ntdll.dll+0x485b]


---------------  P R O C E S S  ---------------

Threads class SMR info:
_java_thread_list=0x000001d52306d250, length=60, elements={
0x000001d57fa34000, 0x000001d51c3d0800, 0x000001d51c3d3800, 0x000001d51c3ea000,
0x000001d51c3eb800, 0x000001d51c3ec800, 0x000001d51c3ed800, 0x000001d51c3ee800,
0x000001d51c3f4000, 0x000001d51cedc800, 0x000001d51f206800, 0x000001d51d01d000,
0x000001d51d5d7000, 0x000001d51df69800, 0x000001d51eb53800, 0x000001d51edf6800,
0x000001d51edfb000, 0x000001d51edf6000, 0x000001d51edfa000, 0x000001d51edf7800,
0x000001d51edf8800, 0x000001d51edfb800, 0x000001d51f428800, 0x000001d51f42c000,
0x000001d51f42b000, 0x000001d51f426000, 0x000001d51f42c800, 0x000001d51f42a800,
0x000001d51f429800, 0x000001d51f427000, 0x000001d51f42d800, 0x000001d51f428000,
0x000001d51f432800, 0x000001d51f430000, 0x000001d521c77800, 0x000001d527f59000,
0x000001d527f56000, 0x000001d527f5a000, 0x000001d527f57800, 0x000001d527f58800,
0x000001d527f56800, 0x000001d52802f800, 0x000001d527f5b000, 0x000001d527f55000,
0x000001d527f5f000, 0x000001d52b671800, 0x000001d527f60800, 0x000001d527f5e000,
0x000001d527f5f800, 0x000001d527f5d800, 0x000001d527f61800, 0x000001d527f5b800,
0x000001d527f62000, 0x000001d527f5c800, 0x000001d527f63000, 0x000001d521c6e800,
0x000001d521c71000, 0x000001d521c6f000, 0x000001d521c70000, 0x000001d521c6d000
}

Java Threads: ( => current thread )
  0x000001d57fa34000 JavaThread "main" [_thread_blocked, id=9436, stack(0x0000006e38500000,0x0000006e38600000)]
  0x000001d51c3d0800 JavaThread "Reference Handler" daemon [_thread_blocked, id=14484, stack(0x0000006e38c00000,0x0000006e38d00000)]
  0x000001d51c3d3800 JavaThread "Finalizer" daemon [_thread_blocked, id=15192, stack(0x0000006e38d00000,0x0000006e38e00000)]
  0x000001d51c3ea000 JavaThread "Signal Dispatcher" daemon [_thread_blocked, id=4112, stack(0x0000006e38e00000,0x0000006e38f00000)]
  0x000001d51c3eb800 JavaThread "Attach Listener" daemon [_thread_blocked, id=15252, stack(0x0000006e38f00000,0x0000006e39000000)]
  0x000001d51c3ec800 JavaThread "Service Thread" daemon [_thread_blocked, id=7108, stack(0x0000006e39000000,0x0000006e39100000)]
  0x000001d51c3ed800 JavaThread "C2 CompilerThread0" daemon [_thread_in_native, id=14924, stack(0x0000006e39100000,0x0000006e39200000)]
  0x000001d51c3ee800 JavaThread "C1 CompilerThread0" daemon [_thread_in_vm, id=14848, stack(0x0000006e39200000,0x0000006e39300000)]
  0x000001d51c3f4000 JavaThread "Sweeper thread" daemon [_thread_blocked, id=14524, stack(0x0000006e39300000,0x0000006e39400000)]
  0x000001d51cedc800 JavaThread "Common-Cleaner" daemon [_thread_blocked, id=7132, stack(0x0000006e39400000,0x0000006e39500000)]
  0x000001d51f206800 JavaThread "Daemon health stats" [_thread_blocked, id=8228, stack(0x0000006e39a00000,0x0000006e39b00000)]
  0x000001d51d01d000 JavaThread "Incoming local TCP Connector on port 52744" [_thread_in_native, id=14328, stack(0x0000006e39600000,0x0000006e39700000)]
  0x000001d51d5d7000 JavaThread "Daemon periodic checks" [_thread_blocked, id=2588, stack(0x0000006e39700000,0x0000006e39800000)]
  0x000001d51df69800 JavaThread "Daemon" [_thread_blocked, id=15300, stack(0x0000006e39b00000,0x0000006e39c00000)]
  0x000001d51eb53800 JavaThread "Daemon worker" [_thread_in_Java, id=1708, stack(0x0000006e39e00000,0x0000006e39f00000)]
  0x000001d51edf6800 JavaThread "Cache worker for file hash cache (C:\Users\NeHaL\.gradle\caches\7.0.2\fileHashes)" [_thread_blocked, id=14736, stack(0x0000006e3a900000,0x0000006e3aa00000)]
  0x000001d51edfb000 JavaThread "File lock request listener" [_thread_in_native, id=4880, stack(0x0000006e3aa00000,0x0000006e3ab00000)]
  0x000001d51edf6000 JavaThread "Cache worker for journal cache (C:\Users\NeHaL\.gradle\caches\journal-1)" [_thread_blocked, id=2488, stack(0x0000006e3ad00000,0x0000006e3ae00000)]
  0x000001d51edfa000 JavaThread "File watcher server" daemon [_thread_in_native, id=9592, stack(0x0000006e3b000000,0x0000006e3b100000)]
  0x000001d51edf7800 JavaThread "File watcher consumer" daemon [_thread_blocked, id=8360, stack(0x0000006e3b100000,0x0000006e3b200000)]
  0x000001d51edf8800 JavaThread "jar transforms" [_thread_blocked, id=6036, stack(0x0000006e3b200000,0x0000006e3b300000)]
  0x000001d51edfb800 JavaThread "jar transforms Thread 2" [_thread_blocked, id=7088, stack(0x0000006e3b300000,0x0000006e3b400000)]
  0x000001d51f428800 JavaThread "jar transforms Thread 3" [_thread_blocked, id=13288, stack(0x0000006e3b400000,0x0000006e3b500000)]
  0x000001d51f42c000 JavaThread "jar transforms Thread 4" [_thread_blocked, id=12996, stack(0x0000006e3b500000,0x0000006e3b600000)]
  0x000001d51f42b000 JavaThread "jar transforms Thread 5" [_thread_blocked, id=7712, stack(0x0000006e3b600000,0x0000006e3b700000)]
  0x000001d51f426000 JavaThread "jar transforms Thread 6" [_thread_blocked, id=5948, stack(0x0000006e3b700000,0x0000006e3b800000)]
  0x000001d51f42c800 JavaThread "jar transforms Thread 7" [_thread_blocked, id=1692, stack(0x0000006e3b800000,0x0000006e3b900000)]
  0x000001d51f42a800 JavaThread "jar transforms Thread 8" [_thread_blocked, id=11476, stack(0x0000006e3b900000,0x0000006e3ba00000)]
  0x000001d51f429800 JavaThread "jar transforms Thread 9" [_thread_blocked, id=13156, stack(0x0000006e3ba00000,0x0000006e3bb00000)]
  0x000001d51f427000 JavaThread "jar transforms Thread 10" [_thread_blocked, id=8492, stack(0x0000006e3bb00000,0x0000006e3bc00000)]
  0x000001d51f42d800 JavaThread "jar transforms Thread 11" [_thread_blocked, id=4928, stack(0x0000006e3bc00000,0x0000006e3bd00000)]
  0x000001d51f428000 JavaThread "jar transforms Thread 12" [_thread_blocked, id=10364, stack(0x0000006e3bd00000,0x0000006e3be00000)]
  0x000001d51f432800 JavaThread "Cache worker for execution history cache (C:\Users\NeHaL\.gradle\caches\7.0.2\executionHistory)" [_thread_blocked, id=15304, stack(0x0000006e3c200000,0x0000006e3c300000)]
  0x000001d51f430000 JavaThread "Cache worker for file content cache (C:\Users\NeHaL\.gradle\caches\7.0.2\fileContent)" [_thread_blocked, id=2628, stack(0x0000006e3c300000,0x0000006e3c400000)]
  0x000001d521c77800 JavaThread "Memory manager" [_thread_blocked, id=15164, stack(0x0000006e3d200000,0x0000006e3d300000)]
  0x000001d527f59000 JavaThread "Handler for socket connection from /127.0.0.1:52744 to /127.0.0.1:52751" [_thread_in_native, id=15268, stack(0x0000006e39c00000,0x0000006e39d00000)]
  0x000001d527f56000 JavaThread "Cancel handler" [_thread_blocked, id=1256, stack(0x0000006e39d00000,0x0000006e39e00000)]
  0x000001d527f5a000 JavaThread "Asynchronous log dispatcher for DefaultDaemonConnection: socket connection from /127.0.0.1:52744 to /127.0.0.1:52751" [_thread_blocked, id=11864, stack(0x0000006e39f00000,0x0000006e3a000000)]
  0x000001d527f57800 JavaThread "Stdin handler" [_thread_blocked, id=7276, stack(0x0000006e3a000000,0x0000006e3a100000)]
  0x000001d527f58800 JavaThread "Daemon client event forwarder" [_thread_blocked, id=9836, stack(0x0000006e3a100000,0x0000006e3a200000)]
  0x000001d527f56800 JavaThread "Cache worker for file hash cache (C:\Users\NeHaL\AndroidStudioProjects\SmartTourApp\.gradle\7.0.2\fileHashes)" [_thread_blocked, id=3532, stack(0x0000006e3ae00000,0x0000006e3af00000)]
  0x000001d52802f800 JavaThread "C2 CompilerThread1" daemon [_thread_in_native, id=2972, stack(0x0000006e3af00000,0x0000006e3b000000)]
  0x000001d527f5b000 JavaThread "Cache worker for checksums cache (C:\Users\NeHaL\AndroidStudioProjects\SmartTourApp\.gradle\checksums)" [_thread_blocked, id=8480, stack(0x0000006e3be00000,0x0000006e3bf00000)]
  0x000001d527f55000 JavaThread "Cache worker for cache directory md-supplier (C:\Users\NeHaL\.gradle\caches\7.0.2\md-supplier)" [_thread_blocked, id=14344, stack(0x0000006e3bf00000,0x0000006e3c000000)]
  0x000001d527f5f000 JavaThread "Cache worker for cache directory md-rule (C:\Users\NeHaL\.gradle\caches\7.0.2\md-rule)" [_thread_blocked, id=13452, stack(0x0000006e3c000000,0x0000006e3c100000)]
=>0x000001d52b671800 JavaThread "C2 CompilerThread2" daemon [_thread_in_native, id=10536, stack(0x0000006e3c100000,0x0000006e3c200000)]
  0x000001d527f60800 JavaThread "Cache worker for dependencies-accessors (C:\Users\NeHaL\AndroidStudioProjects\SmartTourApp\.gradle\7.0.2\dependencies-accessors)" [_thread_blocked, id=6768, stack(0x0000006e3c400000,0x0000006e3c500000)]
  0x000001d527f5e000 JavaThread "Cache worker for Build Output Cleanup Cache (C:\Users\NeHaL\AndroidStudioProjects\SmartTourApp\.gradle\buildOutputCleanup)" [_thread_blocked, id=4656, stack(0x0000006e3c500000,0x0000006e3c600000)]
  0x000001d527f5f800 JavaThread "Build operations" [_thread_blocked, id=14700, stack(0x0000006e3c600000,0x0000006e3c700000)]
  0x000001d527f5d800 JavaThread "Build operations Thread 2" [_thread_blocked, id=3820, stack(0x0000006e3c700000,0x0000006e3c800000)]
  0x000001d527f61800 JavaThread "Build operations Thread 3" [_thread_blocked, id=14320, stack(0x0000006e3c800000,0x0000006e3c900000)]
  0x000001d527f5b800 JavaThread "Build operations Thread 4" [_thread_blocked, id=7308, stack(0x0000006e3c900000,0x0000006e3ca00000)]
  0x000001d527f62000 JavaThread "Build operations Thread 5" [_thread_blocked, id=1996, stack(0x0000006e3ca00000,0x0000006e3cb00000)]
  0x000001d527f5c800 JavaThread "Build operations Thread 6" [_thread_blocked, id=14692, stack(0x0000006e3cb00000,0x0000006e3cc00000)]
  0x000001d527f63000 JavaThread "Build operations Thread 7" [_thread_blocked, id=13576, stack(0x0000006e3cc00000,0x0000006e3cd00000)]
  0x000001d521c6e800 JavaThread "Build operations Thread 8" [_thread_blocked, id=7420, stack(0x0000006e3cd00000,0x0000006e3ce00000)]
  0x000001d521c71000 JavaThread "Build operations Thread 9" [_thread_blocked, id=6404, stack(0x0000006e3ce00000,0x0000006e3cf00000)]
  0x000001d521c6f000 JavaThread "Build operations Thread 10" [_thread_blocked, id=14988, stack(0x0000006e3cf00000,0x0000006e3d000000)]
  0x000001d521c70000 JavaThread "Build operations Thread 11" [_thread_blocked, id=12644, stack(0x0000006e3d000000,0x0000006e3d100000)]
  0x000001d521c6d000 JavaThread "Build operations Thread 12" [_thread_blocked, id=2580, stack(0x0000006e3d100000,0x0000006e3d200000)]

Other Threads:
  0x000001d51c3ce800 VMThread "VM Thread" [stack: 0x0000006e38b00000,0x0000006e38c00000] [id=9132]
  0x000001d51cef3800 WatcherThread [stack: 0x0000006e39500000,0x0000006e39600000] [id=11016]
  0x000001d57fa48800 GCTaskThread "GC Thread#0" [stack: 0x0000006e38600000,0x0000006e38700000] [id=5980]
  0x000001d51e058800 GCTaskThread "GC Thread#1" [stack: 0x0000006e39800000,0x0000006e39900000] [id=15224]
  0x000001d51e0b3000 GCTaskThread "GC Thread#2" [stack: 0x0000006e39900000,0x0000006e39a00000] [id=3840]
  0x000001d51edfd000 GCTaskThread "GC Thread#3" [stack: 0x0000006e3a200000,0x0000006e3a300000] [id=5428]
  0x000001d51ee53000 GCTaskThread "GC Thread#4" [stack: 0x0000006e3a300000,0x0000006e3a400000] [id=9340]
  0x000001d51ef13000 GCTaskThread "GC Thread#5" [stack: 0x0000006e3a400000,0x0000006e3a500000] [id=3208]
  0x000001d51f0e6800 GCTaskThread "GC Thread#6" [stack: 0x0000006e3a500000,0x0000006e3a600000] [id=12972]
  0x000001d51e1dd800 GCTaskThread "GC Thread#7" [stack: 0x0000006e3a600000,0x0000006e3a700000] [id=10820]
  0x000001d51e5ef800 GCTaskThread "GC Thread#8" [stack: 0x0000006e3a700000,0x0000006e3a800000] [id=7048]
  0x000001d51e413800 GCTaskThread "GC Thread#9" [stack: 0x0000006e3a800000,0x0000006e3a900000] [id=14408]
  0x000001d57fa7c000 ConcurrentGCThread "G1 Main Marker" [stack: 0x0000006e38700000,0x0000006e38800000] [id=3264]
  0x000001d57fa7e000 ConcurrentGCThread "G1 Conc#0" [stack: 0x0000006e38800000,0x0000006e38900000] [id=5056]
  0x000001d51f175800 ConcurrentGCThread "G1 Conc#1" [stack: 0x0000006e3ab00000,0x0000006e3ac00000] [id=10488]
  0x000001d51f149000 ConcurrentGCThread "G1 Conc#2" [stack: 0x0000006e3ac00000,0x0000006e3ad00000] [id=1084]
  0x000001d51c221800 ConcurrentGCThread "G1 Refine#0" [stack: 0x0000006e38900000,0x0000006e38a00000] [id=2156]
  0x000001d51c222800 ConcurrentGCThread "G1 Young RemSet Sampling" [stack: 0x0000006e38a00000,0x0000006e38b00000] [id=1020]

Threads with active compile tasks:
C2 CompilerThread0  27194 12372       4       java.util.HashMap::removeNode (291 bytes)
C2 CompilerThread1  27194 12335       4       org.gradle.internal.instantiation.generator.AbstractClassGenerator$ClassMetadata::property (42 bytes)
C2 CompilerThread2  27194 12100       4       java.lang.reflect.Constructor::newInstance (76 bytes)

VM state:not at safepoint (normal execution)

VM Mutex/Monitor currently owned by a thread: None

Heap address: 0x0000000080000000, size: 2048 MB, Compressed Oops mode: 32-bit
Narrow klass base: 0x0000000000000000, Narrow klass shift: 3
Compressed class space size: 1073741824 Address: 0x0000000100000000

Heap:
 garbage-first heap   total 189440K, used 119027K [0x0000000080000000, 0x0000000100000000)
  region size 1024K, 20 young (20480K), 7 survivors (7168K)
 Metaspace       used 100595K, capacity 103403K, committed 104780K, reserved 1140736K
  class space    used 12949K, capacity 13981K, committed 14464K, reserved 1048576K
Heap Regions: E=young(eden), S=young(survivor), O=old, HS=humongous(starts), HC=humongous(continues), CS=collection set, F=free, A=archive, TAMS=top-at-mark-start (previous, next)
|   0|0x0000000080000000, 0x0000000080100000, 0x0000000080100000|100%| O|  |TAMS 0x0000000080100000, 0x0000000080000000| Untracked 
|   1|0x0000000080100000, 0x0000000080200000, 0x0000000080200000|100%| O|  |TAMS 0x0000000080200000, 0x0000000080100000| Untracked 
|   2|0x0000000080200000, 0x0000000080300000, 0x0000000080300000|100%| O|  |TAMS 0x0000000080300000, 0x0000000080200000| Untracked 
|   3|0x0000000080300000, 0x0000000080400000, 0x0000000080400000|100%|HS|  |TAMS 0x0000000080400000, 0x0000000080300000| Complete 
|   4|0x0000000080400000, 0x0000000080500000, 0x0000000080500000|100%|HC|  |TAMS 0x0000000080500000, 0x0000000080400000| Complete 
|   5|0x0000000080500000, 0x0000000080600000, 0x0000000080600000|100%|HC|  |TAMS 0x0000000080600000, 0x0000000080500000| Complete 
|   6|0x0000000080600000, 0x0000000080700000, 0x0000000080700000|100%| O|  |TAMS 0x0000000080700000, 0x0000000080600000| Untracked 
|   7|0x0000000080700000, 0x0000000080800000, 0x0000000080800000|100%| O|  |TAMS 0x0000000080800000, 0x0000000080700000| Untracked 
|   8|0x0000000080800000, 0x0000000080900000, 0x0000000080900000|100%| O|  |TAMS 0x0000000080900000, 0x0000000080800000| Untracked 
|   9|0x0000000080900000, 0x0000000080a00000, 0x0000000080a00000|100%| O|  |TAMS 0x0000000080a00000, 0x0000000080900000| Untracked 
|  10|0x0000000080a00000, 0x0000000080b00000, 0x0000000080b00000|100%| O|  |TAMS 0x0000000080b00000, 0x0000000080a00000| Untracked 
|  11|0x0000000080b00000, 0x0000000080c00000, 0x0000000080c00000|100%| O|  |TAMS 0x0000000080c00000, 0x0000000080b00000| Untracked 
|  12|0x0000000080c00000, 0x0000000080d00000, 0x0000000080d00000|100%| O|  |TAMS 0x0000000080d00000, 0x0000000080c00000| Untracked 
|  13|0x0000000080d00000, 0x0000000080e00000, 0x0000000080e00000|100%| O|  |TAMS 0x0000000080e00000, 0x0000000080d00000| Untracked 
|  14|0x0000000080e00000, 0x0000000080f00000, 0x0000000080f00000|100%| O|  |TAMS 0x0000000080f00000, 0x0000000080e00000| Untracked 
|  15|0x0000000080f00000, 0x0000000081000000, 0x0000000081000000|100%| O|  |TAMS 0x0000000081000000, 0x0000000080f00000| Untracked 
|  16|0x0000000081000000, 0x0000000081100000, 0x0000000081100000|100%|HS|  |TAMS 0x0000000081100000, 0x0000000081000000| Complete 
|  17|0x0000000081100000, 0x0000000081200000, 0x0000000081200000|100%|HC|  |TAMS 0x0000000081200000, 0x0000000081100000| Complete 
|  18|0x0000000081200000, 0x0000000081300000, 0x0000000081300000|100%|HS|  |TAMS 0x0000000081300000, 0x0000000081200000| Complete 
|  19|0x0000000081300000, 0x0000000081400000, 0x0000000081400000|100%|HC|  |TAMS 0x0000000081400000, 0x0000000081300000| Complete 
|  20|0x0000000081400000, 0x0000000081500000, 0x0000000081500000|100%|HC|  |TAMS 0x0000000081500000, 0x0000000081400000| Complete 
|  21|0x0000000081500000, 0x0000000081600000, 0x0000000081600000|100%|HS|  |TAMS 0x0000000081600000, 0x0000000081500000| Complete 
|  22|0x0000000081600000, 0x0000000081700000, 0x0000000081700000|100%|HC|  |TAMS 0x0000000081700000, 0x0000000081600000| Complete 
|  23|0x0000000081700000, 0x0000000081800000, 0x0000000081800000|100%|HC|  |TAMS 0x0000000081800000, 0x0000000081700000| Complete 
|  24|0x0000000081800000, 0x0000000081900000, 0x0000000081900000|100%|HC|  |TAMS 0x0000000081900000, 0x0000000081800000| Complete 
|  25|0x0000000081900000, 0x0000000081a00000, 0x0000000081a00000|100%|HC|  |TAMS 0x0000000081a00000, 0x0000000081900000| Complete 
|  26|0x0000000081a00000, 0x0000000081b00000, 0x0000000081b00000|100%| O|  |TAMS 0x0000000081b00000, 0x0000000081a00000| Untracked 
|  27|0x0000000081b00000, 0x0000000081c00000, 0x0000000081c00000|100%| O|  |TAMS 0x0000000081c00000, 0x0000000081b00000| Untracked 
|  28|0x0000000081c00000, 0x0000000081d00000, 0x0000000081d00000|100%| O|  |TAMS 0x0000000081d00000, 0x0000000081c00000| Untracked 
|  29|0x0000000081d00000, 0x0000000081e00000, 0x0000000081e00000|100%| O|  |TAMS 0x0000000081e00000, 0x0000000081d00000| Untracked 
|  30|0x0000000081e00000, 0x0000000081f00000, 0x0000000081f00000|100%| O|  |TAMS 0x0000000081f00000, 0x0000000081e00000| Untracked 
|  31|0x0000000081f00000, 0x0000000082000000, 0x0000000082000000|100%|HS|  |TAMS 0x0000000082000000, 0x0000000081f00000| Complete 
|  32|0x0000000082000000, 0x0000000082100000, 0x0000000082100000|100%|HC|  |TAMS 0x0000000082100000, 0x0000000082000000| Complete 
|  33|0x0000000082100000, 0x0000000082200000, 0x0000000082200000|100%|HC|  |TAMS 0x0000000082200000, 0x0000000082100000| Complete 
|  34|0x0000000082200000, 0x0000000082300000, 0x0000000082300000|100%|HC|  |TAMS 0x0000000082300000, 0x0000000082200000| Complete 
|  35|0x0000000082300000, 0x0000000082400000, 0x0000000082400000|100%|HC|  |TAMS 0x0000000082400000, 0x0000000082300000| Complete 
|  36|0x0000000082400000, 0x0000000082500000, 0x0000000082500000|100%| O|  |TAMS 0x0000000082500000, 0x0000000082400000| Untracked 
|  37|0x0000000082500000, 0x0000000082600000, 0x0000000082600000|100%| O|  |TAMS 0x0000000082600000, 0x0000000082500000| Untracked 
|  38|0x0000000082600000, 0x0000000082700000, 0x0000000082700000|100%| O|  |TAMS 0x0000000082700000, 0x0000000082600000| Untracked 
|  39|0x0000000082700000, 0x0000000082800000, 0x0000000082800000|100%| O|  |TAMS 0x0000000082800000, 0x0000000082700000| Untracked 
|  40|0x0000000082800000, 0x0000000082900000, 0x0000000082900000|100%| O|  |TAMS 0x0000000082900000, 0x0000000082800000| Untracked 
|  41|0x0000000082900000, 0x0000000082a00000, 0x0000000082a00000|100%| O|  |TAMS 0x0000000082a00000, 0x0000000082900000| Untracked 
|  42|0x0000000082a00000, 0x0000000082b00000, 0x0000000082b00000|100%| O|  |TAMS 0x0000000082b00000, 0x0000000082a00000| Untracked 
|  43|0x0000000082b00000, 0x0000000082c00000, 0x0000000082c00000|100%|HS|  |TAMS 0x0000000082c00000, 0x0000000082b00000| Complete 
|  44|0x0000000082c00000, 0x0000000082d00000, 0x0000000082d00000|100%|HC|  |TAMS 0x0000000082d00000, 0x0000000082c00000| Complete 
|  45|0x0000000082d00000, 0x0000000082e00000, 0x0000000082e00000|100%|HC|  |TAMS 0x0000000082e00000, 0x0000000082d00000| Complete 
|  46|0x0000000082e00000, 0x0000000082f00000, 0x0000000082f00000|100%| O|  |TAMS 0x0000000082f00000, 0x0000000082e00000| Untracked 
|  47|0x0000000082f00000, 0x0000000083000000, 0x0000000083000000|100%| O|  |TAMS 0x0000000083000000, 0x0000000082f00000| Untracked 
|  48|0x0000000083000000, 0x0000000083100000, 0x0000000083100000|100%| O|  |TAMS 0x0000000083100000, 0x0000000083000000| Untracked 
|  49|0x0000000083100000, 0x0000000083200000, 0x0000000083200000|100%| O|  |TAMS 0x0000000083200000, 0x0000000083100000| Untracked 
|  50|0x0000000083200000, 0x0000000083300000, 0x0000000083300000|100%| O|  |TAMS 0x0000000083300000, 0x0000000083200000| Untracked 
|  51|0x0000000083300000, 0x0000000083400000, 0x0000000083400000|100%| O|  |TAMS 0x0000000083400000, 0x0000000083300000| Untracked 
|  52|0x0000000083400000, 0x0000000083500000, 0x0000000083500000|100%| O|  |TAMS 0x0000000083500000, 0x0000000083400000| Untracked 
|  53|0x0000000083500000, 0x0000000083600000, 0x0000000083600000|100%| O|  |TAMS 0x0000000083600000, 0x0000000083500000| Untracked 
|  54|0x0000000083600000, 0x0000000083700000, 0x0000000083700000|100%| O|  |TAMS 0x0000000083700000, 0x0000000083600000| Untracked 
|  55|0x0000000083700000, 0x0000000083800000, 0x0000000083800000|100%| O|  |TAMS 0x0000000083800000, 0x0000000083700000| Untracked 
|  56|0x0000000083800000, 0x0000000083900000, 0x0000000083900000|100%|HS|  |TAMS 0x0000000083900000, 0x0000000083800000| Complete 
|  57|0x0000000083900000, 0x0000000083a00000, 0x0000000083a00000|100%|HS|  |TAMS 0x0000000083a00000, 0x0000000083900000| Complete 
|  58|0x0000000083a00000, 0x0000000083b00000, 0x0000000083b00000|100%|HS|  |TAMS 0x0000000083b00000, 0x0000000083a00000| Complete 
|  59|0x0000000083b00000, 0x0000000083c00000, 0x0000000083c00000|100%|HC|  |TAMS 0x0000000083c00000, 0x0000000083b00000| Complete 
|  60|0x0000000083c00000, 0x0000000083d00000, 0x0000000083d00000|100%| O|  |TAMS 0x0000000083d00000, 0x0000000083c00000| Untracked 
|  61|0x0000000083d00000, 0x0000000083e00000, 0x0000000083e00000|100%| O|  |TAMS 0x0000000083e00000, 0x0000000083d00000| Untracked 
|  62|0x0000000083e00000, 0x0000000083f00000, 0x0000000083f00000|100%| O|  |TAMS 0x0000000083f00000, 0x0000000083e00000| Untracked 
|  63|0x0000000083f00000, 0x0000000084000000, 0x0000000084000000|100%| O|  |TAMS 0x0000000084000000, 0x0000000083f00000| Untracked 
|  64|0x0000000084000000, 0x0000000084100000, 0x0000000084100000|100%| O|  |TAMS 0x0000000084100000, 0x0000000084000000| Untracked 
|  65|0x0000000084100000, 0x0000000084200000, 0x0000000084200000|100%| O|  |TAMS 0x0000000084200000, 0x0000000084100000| Untracked 
|  66|0x0000000084200000, 0x0000000084300000, 0x0000000084300000|100%| O|  |TAMS 0x0000000084300000, 0x0000000084200000| Untracked 
|  67|0x0000000084300000, 0x0000000084400000, 0x0000000084400000|100%| O|  |TAMS 0x0000000084400000, 0x0000000084300000| Untracked 
|  68|0x0000000084400000, 0x0000000084500000, 0x0000000084500000|100%| O|  |TAMS 0x0000000084500000, 0x0000000084400000| Untracked 
|  69|0x0000000084500000, 0x0000000084600000, 0x0000000084600000|100%| O|  |TAMS 0x0000000084600000, 0x0000000084500000| Untracked 
|  70|0x0000000084600000, 0x0000000084700000, 0x0000000084700000|100%| O|  |TAMS 0x0000000084700000, 0x0000000084600000| Untracked 
|  71|0x0000000084700000, 0x0000000084800000, 0x0000000084800000|100%| O|  |TAMS 0x0000000084800000, 0x0000000084700000| Untracked 
|  72|0x0000000084800000, 0x0000000084900000, 0x0000000084900000|100%| O|  |TAMS 0x0000000084900000, 0x0000000084800000| Untracked 
|  73|0x0000000084900000, 0x0000000084a00000, 0x0000000084a00000|100%| O|  |TAMS 0x0000000084a00000, 0x0000000084900000| Untracked 
|  74|0x0000000084a00000, 0x0000000084b00000, 0x0000000084b00000|100%| O|  |TAMS 0x0000000084b00000, 0x0000000084a00000| Untracked 
|  75|0x0000000084b00000, 0x0000000084c00000, 0x0000000084c00000|100%| O|  |TAMS 0x0000000084c00000, 0x0000000084b00000| Untracked 
|  76|0x0000000084c00000, 0x0000000084d00000, 0x0000000084d00000|100%| O|  |TAMS 0x0000000084d00000, 0x0000000084c00000| Untracked 
|  77|0x0000000084d00000, 0x0000000084e00000, 0x0000000084e00000|100%| O|  |TAMS 0x0000000084e00000, 0x0000000084d00000| Untracked 
|  78|0x0000000084e00000, 0x0000000084f00000, 0x0000000084f00000|100%| O|  |TAMS 0x0000000084f00000, 0x0000000084e00000| Untracked 
|  79|0x0000000084f00000, 0x0000000085000000, 0x0000000085000000|100%| O|  |TAMS 0x0000000085000000, 0x0000000084f00000| Untracked 
|  80|0x0000000085000000, 0x0000000085100000, 0x0000000085100000|100%| O|  |TAMS 0x0000000085100000, 0x0000000085000000| Untracked 
|  81|0x0000000085100000, 0x0000000085200000, 0x0000000085200000|100%| O|  |TAMS 0x0000000085200000, 0x0000000085100000| Untracked 
|  82|0x0000000085200000, 0x0000000085300000, 0x0000000085300000|100%| O|  |TAMS 0x0000000085300000, 0x0000000085200000| Untracked 
|  83|0x0000000085300000, 0x0000000085400000, 0x0000000085400000|100%| O|  |TAMS 0x0000000085400000, 0x0000000085300000| Untracked 
|  84|0x0000000085400000, 0x0000000085500000, 0x0000000085500000|100%| O|  |TAMS 0x0000000085500000, 0x0000000085400000| Untracked 
|  85|0x0000000085500000, 0x0000000085600000, 0x0000000085600000|100%| O|  |TAMS 0x0000000085600000, 0x0000000085500000| Untracked 
|  86|0x0000000085600000, 0x0000000085700000, 0x0000000085700000|100%| O|  |TAMS 0x0000000085700000, 0x0000000085600000| Untracked 
|  87|0x0000000085700000, 0x0000000085800000, 0x0000000085800000|100%| O|  |TAMS 0x0000000085800000, 0x0000000085700000| Untracked 
|  88|0x0000000085800000, 0x0000000085900000, 0x0000000085900000|100%| O|  |TAMS 0x0000000085900000, 0x0000000085800000| Untracked 
|  89|0x0000000085900000, 0x0000000085a00000, 0x0000000085a00000|100%| O|  |TAMS 0x0000000085a00000, 0x0000000085900000| Untracked 
|  90|0x0000000085a00000, 0x0000000085b00000, 0x0000000085b00000|100%| O|  |TAMS 0x0000000085b00000, 0x0000000085a00000| Untracked 
|  91|0x0000000085b00000, 0x0000000085c00000, 0x0000000085c00000|100%| O|  |TAMS 0x0000000085c00000, 0x0000000085b00000| Untracked 
|  92|0x0000000085c00000, 0x0000000085d00000, 0x0000000085d00000|100%| O|  |TAMS 0x0000000085d00000, 0x0000000085c00000| Untracked 
|  93|0x0000000085d00000, 0x0000000085e00000, 0x0000000085e00000|100%| O|  |TAMS 0x0000000085e00000, 0x0000000085d00000| Untracked 
|  94|0x0000000085e00000, 0x0000000085f00000, 0x0000000085f00000|100%| O|  |TAMS 0x0000000085f00000, 0x0000000085e00000| Untracked 
|  95|0x0000000085f00000, 0x0000000086000000, 0x0000000086000000|100%| O|  |TAMS 0x0000000086000000, 0x0000000085f00000| Untracked 
|  96|0x0000000086000000, 0x0000000086100000, 0x0000000086100000|100%| O|  |TAMS 0x0000000086100000, 0x0000000086000000| Untracked 
|  97|0x0000000086100000, 0x000000008619f600, 0x0000000086200000| 62%| O|  |TAMS 0x000000008619f600, 0x0000000086100000| Untracked 
|  98|0x0000000086200000, 0x0000000086200000, 0x0000000086300000|  0%| F|  |TAMS 0x0000000086200000, 0x0000000086200000| Untracked 
|  99|0x0000000086300000, 0x0000000086300000, 0x0000000086400000|  0%| F|  |TAMS 0x0000000086300000, 0x0000000086300000| Untracked 
| 100|0x0000000086400000, 0x0000000086400000, 0x0000000086500000|  0%| F|  |TAMS 0x0000000086400000, 0x0000000086400000| Untracked 
| 101|0x0000000086500000, 0x0000000086500000, 0x0000000086600000|  0%| F|  |TAMS 0x0000000086500000, 0x0000000086500000| Untracked 
| 102|0x0000000086600000, 0x0000000086600000, 0x0000000086700000|  0%| F|  |TAMS 0x0000000086600000, 0x0000000086600000| Untracked 
| 103|0x0000000086700000, 0x0000000086700000, 0x0000000086800000|  0%| F|  |TAMS 0x0000000086700000, 0x0000000086700000| Untracked 
| 104|0x0000000086800000, 0x0000000086800000, 0x0000000086900000|  0%| F|  |TAMS 0x0000000086800000, 0x0000000086800000| Untracked 
| 105|0x0000000086900000, 0x0000000086900000, 0x0000000086a00000|  0%| F|  |TAMS 0x0000000086900000, 0x0000000086900000| Untracked 
| 106|0x0000000086a00000, 0x0000000086a00000, 0x0000000086b00000|  0%| F|  |TAMS 0x0000000086a00000, 0x0000000086a00000| Untracked 
| 107|0x0000000086b00000, 0x0000000086b00000, 0x0000000086c00000|  0%| F|  |TAMS 0x0000000086b00000, 0x0000000086b00000| Untracked 
| 108|0x0000000086c00000, 0x0000000086c00000, 0x0000000086d00000|  0%| F|  |TAMS 0x0000000086c00000, 0x0000000086c00000| Untracked 
| 109|0x0000000086d00000, 0x0000000086d00000, 0x0000000086e00000|  0%| F|  |TAMS 0x0000000086d00000, 0x0000000086d00000| Untracked 
| 110|0x0000000086e00000, 0x0000000086e00000, 0x0000000086f00000|  0%| F|  |TAMS 0x0000000086e00000, 0x0000000086e00000| Untracked 
| 111|0x0000000086f00000, 0x0000000086f00000, 0x0000000087000000|  0%| F|  |TAMS 0x0000000086f00000, 0x0000000086f00000| Untracked 
| 112|0x0000000087000000, 0x0000000087000000, 0x0000000087100000|  0%| F|  |TAMS 0x0000000087000000, 0x0000000087000000| Untracked 
| 113|0x0000000087100000, 0x0000000087100000, 0x0000000087200000|  0%| F|  |TAMS 0x0000000087100000, 0x0000000087100000| Untracked 
| 114|0x0000000087200000, 0x0000000087200000, 0x0000000087300000|  0%| F|  |TAMS 0x0000000087200000, 0x0000000087200000| Untracked 
| 115|0x0000000087300000, 0x0000000087300000, 0x0000000087400000|  0%| F|  |TAMS 0x0000000087300000, 0x0000000087300000| Untracked 
| 116|0x0000000087400000, 0x0000000087400000, 0x0000000087500000|  0%| F|  |TAMS 0x0000000087400000, 0x0000000087400000| Untracked 
| 117|0x0000000087500000, 0x0000000087500000, 0x0000000087600000|  0%| F|  |TAMS 0x0000000087500000, 0x0000000087500000| Untracked 
| 118|0x0000000087600000, 0x0000000087600000, 0x0000000087700000|  0%| F|  |TAMS 0x0000000087600000, 0x0000000087600000| Untracked 
| 119|0x0000000087700000, 0x0000000087700000, 0x0000000087800000|  0%| F|  |TAMS 0x0000000087700000, 0x0000000087700000| Untracked 
| 120|0x0000000087800000, 0x0000000087800000, 0x0000000087900000|  0%| F|  |TAMS 0x0000000087800000, 0x0000000087800000| Untracked 
| 121|0x0000000087900000, 0x0000000087900000, 0x0000000087a00000|  0%| F|  |TAMS 0x0000000087900000, 0x0000000087900000| Untracked 
| 122|0x0000000087a00000, 0x0000000087a9d7d0, 0x0000000087b00000| 61%| S|CS|TAMS 0x0000000087a00000, 0x0000000087a00000| Complete 
| 123|0x0000000087b00000, 0x0000000087b00000, 0x0000000087c00000|  0%| F|  |TAMS 0x0000000087b00000, 0x0000000087b00000| Untracked 
| 124|0x0000000087c00000, 0x0000000087c00000, 0x0000000087d00000|  0%| F|  |TAMS 0x0000000087c00000, 0x0000000087c00000| Untracked 
| 125|0x0000000087d00000, 0x0000000087d00000, 0x0000000087e00000|  0%| F|  |TAMS 0x0000000087d00000, 0x0000000087d00000| Untracked 
| 126|0x0000000087e00000, 0x0000000087e00000, 0x0000000087f00000|  0%| F|  |TAMS 0x0000000087e00000, 0x0000000087e00000| Untracked 
| 127|0x0000000087f00000, 0x0000000088000000, 0x0000000088000000|100%| S|CS|TAMS 0x0000000087f00000, 0x0000000087f00000| Complete 
| 128|0x0000000088000000, 0x0000000088100000, 0x0000000088100000|100%| S|CS|TAMS 0x0000000088000000, 0x0000000088000000| Complete 
| 129|0x0000000088100000, 0x0000000088200000, 0x0000000088200000|100%| S|CS|TAMS 0x0000000088100000, 0x0000000088100000| Complete 
| 130|0x0000000088200000, 0x0000000088200000, 0x0000000088300000|  0%| F|  |TAMS 0x0000000088200000, 0x0000000088200000| Untracked 
| 131|0x0000000088300000, 0x0000000088300000, 0x0000000088400000|  0%| F|  |TAMS 0x0000000088300000, 0x0000000088300000| Untracked 
| 132|0x0000000088400000, 0x0000000088500000, 0x0000000088500000|100%| S|CS|TAMS 0x0000000088400000, 0x0000000088400000| Complete 
| 133|0x0000000088500000, 0x0000000088600000, 0x0000000088600000|100%| S|CS|TAMS 0x0000000088500000, 0x0000000088500000| Complete 
| 134|0x0000000088600000, 0x0000000088700000, 0x0000000088700000|100%| S|CS|TAMS 0x0000000088600000, 0x0000000088600000| Complete 
| 135|0x0000000088700000, 0x0000000088700000, 0x0000000088800000|  0%| F|  |TAMS 0x0000000088700000, 0x0000000088700000| Untracked 
| 136|0x0000000088800000, 0x0000000088800000, 0x0000000088900000|  0%| F|  |TAMS 0x0000000088800000, 0x0000000088800000| Untracked 
| 137|0x0000000088900000, 0x0000000088900000, 0x0000000088a00000|  0%| F|  |TAMS 0x0000000088900000, 0x0000000088900000| Untracked 
| 138|0x0000000088a00000, 0x0000000088a00000, 0x0000000088b00000|  0%| F|  |TAMS 0x0000000088a00000, 0x0000000088a00000| Untracked 
| 139|0x0000000088b00000, 0x0000000088b00000, 0x0000000088c00000|  0%| F|  |TAMS 0x0000000088b00000, 0x0000000088b00000| Untracked 
| 140|0x0000000088c00000, 0x0000000088c00000, 0x0000000088d00000|  0%| F|  |TAMS 0x0000000088c00000, 0x0000000088c00000| Untracked 
| 141|0x0000000088d00000, 0x0000000088d00000, 0x0000000088e00000|  0%| F|  |TAMS 0x0000000088d00000, 0x0000000088d00000| Untracked 
| 142|0x0000000088e00000, 0x0000000088e00000, 0x0000000088f00000|  0%| F|  |TAMS 0x0000000088e00000, 0x0000000088e00000| Untracked 
| 143|0x0000000088f00000, 0x0000000088f00000, 0x0000000089000000|  0%| F|  |TAMS 0x0000000088f00000, 0x0000000088f00000| Untracked 
| 144|0x0000000089000000, 0x0000000089000000, 0x0000000089100000|  0%| F|  |TAMS 0x0000000089000000, 0x0000000089000000| Untracked 
| 145|0x0000000089100000, 0x0000000089100000, 0x0000000089200000|  0%| F|  |TAMS 0x0000000089100000, 0x0000000089100000| Untracked 
| 146|0x0000000089200000, 0x0000000089200000, 0x0000000089300000|  0%| F|  |TAMS 0x0000000089200000, 0x0000000089200000| Untracked 
| 147|0x0000000089300000, 0x0000000089300000, 0x0000000089400000|  0%| F|  |TAMS 0x0000000089300000, 0x0000000089300000| Untracked 
| 148|0x0000000089400000, 0x0000000089400000, 0x0000000089500000|  0%| F|  |TAMS 0x0000000089400000, 0x0000000089400000| Untracked 
| 149|0x0000000089500000, 0x0000000089500000, 0x0000000089600000|  0%| F|  |TAMS 0x0000000089500000, 0x0000000089500000| Untracked 
| 150|0x0000000089600000, 0x0000000089600000, 0x0000000089700000|  0%| F|  |TAMS 0x0000000089600000, 0x0000000089600000| Untracked 
| 151|0x0000000089700000, 0x0000000089700000, 0x0000000089800000|  0%| F|  |TAMS 0x0000000089700000, 0x0000000089700000| Untracked 
| 152|0x0000000089800000, 0x0000000089800000, 0x0000000089900000|  0%| F|  |TAMS 0x0000000089800000, 0x0000000089800000| Untracked 
| 153|0x0000000089900000, 0x0000000089900000, 0x0000000089a00000|  0%| F|  |TAMS 0x0000000089900000, 0x0000000089900000| Untracked 
| 154|0x0000000089a00000, 0x0000000089a00000, 0x0000000089b00000|  0%| F|  |TAMS 0x0000000089a00000, 0x0000000089a00000| Untracked 
| 155|0x0000000089b00000, 0x0000000089b00000, 0x0000000089c00000|  0%| F|  |TAMS 0x0000000089b00000, 0x0000000089b00000| Untracked 
| 156|0x0000000089c00000, 0x0000000089c00000, 0x0000000089d00000|  0%| F|  |TAMS 0x0000000089c00000, 0x0000000089c00000| Untracked 
| 157|0x0000000089d00000, 0x0000000089d00000, 0x0000000089e00000|  0%| F|  |TAMS 0x0000000089d00000, 0x0000000089d00000| Untracked 
| 158|0x0000000089e00000, 0x0000000089e00000, 0x0000000089f00000|  0%| F|  |TAMS 0x0000000089e00000, 0x0000000089e00000| Untracked 
| 159|0x0000000089f00000, 0x0000000089f00000, 0x000000008a000000|  0%| F|  |TAMS 0x0000000089f00000, 0x0000000089f00000| Untracked 
| 160|0x000000008a000000, 0x000000008a000000, 0x000000008a100000|  0%| F|  |TAMS 0x000000008a000000, 0x000000008a000000| Untracked 
| 161|0x000000008a100000, 0x000000008a100000, 0x000000008a200000|  0%| F|  |TAMS 0x000000008a100000, 0x000000008a100000| Untracked 
| 162|0x000000008a200000, 0x000000008a200000, 0x000000008a300000|  0%| F|  |TAMS 0x000000008a200000, 0x000000008a200000| Untracked 
| 163|0x000000008a300000, 0x000000008a300000, 0x000000008a400000|  0%| F|  |TAMS 0x000000008a300000, 0x000000008a300000| Untracked 
| 164|0x000000008a400000, 0x000000008a400000, 0x000000008a500000|  0%| F|  |TAMS 0x000000008a400000, 0x000000008a400000| Untracked 
| 165|0x000000008a500000, 0x000000008a500000, 0x000000008a600000|  0%| F|  |TAMS 0x000000008a500000, 0x000000008a500000| Untracked 
| 166|0x000000008a600000, 0x000000008a600000, 0x000000008a700000|  0%| F|  |TAMS 0x000000008a600000, 0x000000008a600000| Untracked 
| 167|0x000000008a700000, 0x000000008a700000, 0x000000008a800000|  0%| F|  |TAMS 0x000000008a700000, 0x000000008a700000| Untracked 
| 168|0x000000008a800000, 0x000000008a800000, 0x000000008a900000|  0%| F|  |TAMS 0x000000008a800000, 0x000000008a800000| Untracked 
| 169|0x000000008a900000, 0x000000008a900000, 0x000000008aa00000|  0%| F|  |TAMS 0x000000008a900000, 0x000000008a900000| Untracked 
| 170|0x000000008aa00000, 0x000000008aa00000, 0x000000008ab00000|  0%| F|  |TAMS 0x000000008aa00000, 0x000000008aa00000| Untracked 
| 171|0x000000008ab00000, 0x000000008ab80800, 0x000000008ac00000| 50%| E|  |TAMS 0x000000008ab00000, 0x000000008ab00000| Complete 
| 172|0x000000008ac00000, 0x000000008ad00000, 0x000000008ad00000|100%| E|CS|TAMS 0x000000008ac00000, 0x000000008ac00000| Complete 
| 173|0x000000008ad00000, 0x000000008ae00000, 0x000000008ae00000|100%| E|CS|TAMS 0x000000008ad00000, 0x000000008ad00000| Complete 
| 174|0x000000008ae00000, 0x000000008af00000, 0x000000008af00000|100%| E|CS|TAMS 0x000000008ae00000, 0x000000008ae00000| Complete 
| 175|0x000000008af00000, 0x000000008b000000, 0x000000008b000000|100%| E|CS|TAMS 0x000000008af00000, 0x000000008af00000| Complete 
| 176|0x000000008b000000, 0x000000008b100000, 0x000000008b100000|100%| E|CS|TAMS 0x000000008b000000, 0x000000008b000000| Complete 
| 177|0x000000008b100000, 0x000000008b200000, 0x000000008b200000|100%| E|CS|TAMS 0x000000008b100000, 0x000000008b100000| Complete 
| 178|0x000000008b200000, 0x000000008b300000, 0x000000008b300000|100%| E|CS|TAMS 0x000000008b200000, 0x000000008b200000| Complete 
| 179|0x000000008b300000, 0x000000008b400000, 0x000000008b400000|100%| E|CS|TAMS 0x000000008b300000, 0x000000008b300000| Complete 
| 180|0x000000008b400000, 0x000000008b500000, 0x000000008b500000|100%| E|CS|TAMS 0x000000008b400000, 0x000000008b400000| Complete 
| 181|0x000000008b500000, 0x000000008b600000, 0x000000008b600000|100%| E|CS|TAMS 0x000000008b500000, 0x000000008b500000| Complete 
| 182|0x000000008b600000, 0x000000008b700000, 0x000000008b700000|100%| E|CS|TAMS 0x000000008b600000, 0x000000008b600000| Complete 
| 183|0x000000008b700000, 0x000000008b800000, 0x000000008b800000|100%| E|CS|TAMS 0x000000008b700000, 0x000000008b700000| Complete 
| 184|0x000000008b800000, 0x000000008b900000, 0x000000008b900000|100%| E|CS|TAMS 0x000000008b800000, 0x000000008b800000| Complete 

Card table byte_map: [0x000001d514ed0000,0x000001d5152d0000] _byte_map_base: 0x000001d514ad0000

Marking Bits (Prev, Next): (CMBitMap*) 0x000001d57fa73508, (CMBitMap*) 0x000001d57fa73540
 Prev Bits: [0x000001d5156d0000, 0x000001d5176d0000)
 Next Bits: [0x000001d5176d0000, 0x000001d5196d0000)

Polling page: 0x000001d501410000

Metaspace:

Usage:
  Non-class:     87.33 MB capacity,    85.60 MB ( 98%) used,     1.43 MB (  2%) free+waste,   303.06 KB ( <1%) overhead. 
      Class:     13.65 MB capacity,    12.65 MB ( 93%) used,   891.12 KB (  6%) free+waste,   140.88 KB (  1%) overhead. 
       Both:    100.98 MB capacity,    98.24 MB ( 97%) used,     2.30 MB (  2%) free+waste,   443.94 KB ( <1%) overhead. 

Virtual space:
  Non-class space:       90.00 MB reserved,      88.20 MB ( 98%) committed 
      Class space:        1.00 GB reserved,      14.13 MB (  1%) committed 
             Both:        1.09 GB reserved,     102.32 MB (  9%) committed 

Chunk freelists:
   Non-Class:  766.00 KB
       Class:  419.00 KB
        Both:  1.16 MB

MaxMetaspaceSize: 17179869184.00 GB
CompressedClassSpaceSize: 1.00 GB

CodeHeap 'non-profiled nmethods': size=120000Kb used=8144Kb max_used=8144Kb free=111855Kb
 bounds [0x000001d50c910000, 0x000001d50d110000, 0x000001d513e40000]
CodeHeap 'profiled nmethods': size=120000Kb used=26932Kb max_used=26932Kb free=93067Kb
 bounds [0x000001d5053e0000, 0x000001d506e30000, 0x000001d50c910000]
CodeHeap 'non-nmethods': size=5760Kb used=2312Kb max_used=2385Kb free=3447Kb
 bounds [0x000001d504e40000, 0x000001d5050b0000, 0x000001d5053e0000]
 total_blobs=13316 nmethods=12395 adapters=832
 compilation: enabled
              stopped_count=0, restarted_count=0
 full_count=0

Compilation events (20 events):
Event: 27.181 Thread 0x000001d51c3ee800 nmethod 12365 0x000001d506e0ef10 code [0x000001d506e0f160, 0x000001d506e0faa8]
Event: 27.181 Thread 0x000001d51c3ee800 12366       3       org.gradle.api.internal.artifacts.publish.DecoratingPublishArtifact_Decorated::getClassifier (39 bytes)
Event: 27.181 Thread 0x000001d51c3ee800 nmethod 12366 0x000001d506e0fd90 code [0x000001d506e0ffe0, 0x000001d506e109a8]
Event: 27.181 Thread 0x000001d51c3ee800 12370       3       org.gradle.api.internal.artifacts.dsl.LazyPublishArtifact::getDelegate (194 bytes)
Event: 27.182 Thread 0x000001d51c3ee800 nmethod 12370 0x000001d506e10c90 code [0x000001d506e11060, 0x000001d506e12e58]
Event: 27.182 Thread 0x000001d51c3ee800 12367  s    3       org.gradle.api.internal.artifacts.configurations.DefaultConfiguration::initAllArtifacts (228 bytes)
Event: 27.182 Thread 0x000001d51c3ee800 nmethod 12367 0x000001d506e13510 code [0x000001d506e13860, 0x000001d506e15138]
Event: 27.182 Thread 0x000001d51c3ee800 12369       3       org.gradle.api.internal.CompositeDomainObjectSet::getStore (11 bytes)
Event: 27.183 Thread 0x000001d51c3ee800 nmethod 12369 0x000001d506e15790 code [0x000001d506e15960, 0x000001d506e15c08]
Event: 27.183 Thread 0x000001d51c3ee800 12368       3       org.gradle.api.internal.collections.AbstractIterationOrderRetainingElementSource::constantTimeIsEmpty (10 bytes)
Event: 27.183 Thread 0x000001d51c3ee800 nmethod 12368 0x000001d506e15d10 code [0x000001d506e15ec0, 0x000001d506e16088]
Event: 27.183 Thread 0x000001d51c3ee800 12376       1       com.android.build.gradle.internal.lint.VariantInputs_Decorated::getModelIdentityDisplayName (5 bytes)
Event: 27.183 Thread 0x000001d51c3ee800 nmethod 12376 0x000001d50d0fb590 code [0x000001d50d0fb740, 0x000001d50d0fb7f8]
Event: 27.183 Thread 0x000001d51c3ee800 12373       1       org.gradle.api.internal.DefaultNamedDomainObjectCollection$AbstractDomainObjectCreatingProvider::wasElementRemovedBeforeRealized (5 bytes)
Event: 27.183 Thread 0x000001d51c3ee800 nmethod 12373 0x000001d50d0fb890 code [0x000001d50d0fba40, 0x000001d50d0fbaf8]
Event: 27.183 Thread 0x000001d51c3ee800 12374       1       com.android.build.api.component.impl.ComponentImpl::getVariantData (5 bytes)
Event: 27.183 Thread 0x000001d51c3ee800 nmethod 12374 0x000001d50d0fbb90 code [0x000001d50d0fbd40, 0x000001d50d0fbdf8]
Event: 27.183 Thread 0x000001d51c3ee800 12371       1       org.gradle.api.internal.provider.TransformBackedProvider::getType (2 bytes)
Event: 27.183 Thread 0x000001d51c3ee800 nmethod 12371 0x000001d50d0fbe90 code [0x000001d50d0fc040, 0x000001d50d0fc0f8]
Event: 27.183 Thread 0x000001d51c3ee800 12375       1       com.android.build.api.component.impl.ComponentImpl::getVariantDependencies (5 bytes)

GC Heap History (20 events):
Event: 6.519 GC heap before
{Heap before GC invocations=20 (full 0):
 garbage-first heap   total 157696K, used 122953K [0x0000000080000000, 0x0000000100000000)
  region size 1024K, 45 young (46080K), 4 survivors (4096K)
 Metaspace       used 75939K, capacity 77921K, committed 78156K, reserved 1116160K
  class space    used 9886K, capacity 10538K, committed 10624K, reserved 1048576K
}
Event: 6.523 GC heap after
{Heap after GC invocations=21 (full 0):
 garbage-first heap   total 157696K, used 83471K [0x0000000080000000, 0x0000000100000000)
  region size 1024K, 3 young (3072K), 3 survivors (3072K)
 Metaspace       used 75939K, capacity 77921K, committed 78156K, reserved 1116160K
  class space    used 9886K, capacity 10538K, committed 10624K, reserved 1048576K
}
Event: 6.822 GC heap before
{Heap before GC invocations=22 (full 0):
 garbage-first heap   total 157696K, used 125455K [0x0000000080000000, 0x0000000100000000)
  region size 1024K, 44 young (45056K), 3 survivors (3072K)
 Metaspace       used 79490K, capacity 81550K, committed 81740K, reserved 1120256K
  class space    used 10385K, capacity 11122K, committed 11136K, reserved 1048576K
}
Event: 6.825 GC heap after
{Heap after GC invocations=23 (full 0):
 garbage-first heap   total 157696K, used 85144K [0x0000000080000000, 0x0000000100000000)
  region size 1024K, 5 young (5120K), 5 survivors (5120K)
 Metaspace       used 79490K, capacity 81550K, committed 81740K, reserved 1120256K
  class space    used 10385K, capacity 11122K, committed 11136K, reserved 1048576K
}
Event: 7.186 GC heap before
{Heap before GC invocations=23 (full 0):
 garbage-first heap   total 157696K, used 127128K [0x0000000080000000, 0x0000000100000000)
  region size 1024K, 46 young (47104K), 5 survivors (5120K)
 Metaspace       used 81099K, capacity 83359K, committed 83532K, reserved 1122304K
  class space    used 10600K, capacity 11358K, committed 11392K, reserved 1048576K
}
Event: 7.191 GC heap after
{Heap after GC invocations=24 (full 0):
 garbage-first heap   total 157696K, used 88150K [0x0000000080000000, 0x0000000100000000)
  region size 1024K, 5 young (5120K), 5 survivors (5120K)
 Metaspace       used 81099K, capacity 83359K, committed 83532K, reserved 1122304K
  class space    used 10600K, capacity 11358K, committed 11392K, reserved 1048576K
}
Event: 7.269 GC heap before
{Heap before GC invocations=25 (full 0):
 garbage-first heap   total 157696K, used 92246K [0x0000000080000000, 0x0000000100000000)
  region size 1024K, 11 young (11264K), 5 survivors (5120K)
 Metaspace       used 81814K, capacity 84063K, committed 84172K, reserved 1122304K
  class space    used 10667K, capacity 11422K, committed 11520K, reserved 1048576K
}
Event: 7.274 GC heap after
{Heap after GC invocations=26 (full 0):
 garbage-first heap   total 189440K, used 89667K [0x0000000080000000, 0x0000000100000000)
  region size 1024K, 5 young (5120K), 5 survivors (5120K)
 Metaspace       used 81814K, capacity 84063K, committed 84172K, reserved 1122304K
  class space    used 10667K, capacity 11422K, committed 11520K, reserved 1048576K
}
Event: 7.714 GC heap before
{Heap before GC invocations=27 (full 0):
 garbage-first heap   total 189440K, used 137795K [0x0000000080000000, 0x0000000100000000)
  region size 1024K, 51 young (52224K), 5 survivors (5120K)
 Metaspace       used 88593K, capacity 90869K, committed 91084K, reserved 1128448K
  class space    used 11470K, capacity 12205K, committed 12288K, reserved 1048576K
}
Event: 7.718 GC heap after
{Heap after GC invocations=28 (full 0):
 garbage-first heap   total 189440K, used 91304K [0x0000000080000000, 0x0000000100000000)
  region size 1024K, 4 young (4096K), 4 survivors (4096K)
 Metaspace       used 88593K, capacity 90869K, committed 91084K, reserved 1128448K
  class space    used 11470K, capacity 12205K, committed 12288K, reserved 1048576K
}
Event: 8.356 GC heap before
{Heap before GC invocations=28 (full 0):
 garbage-first heap   total 189440K, used 140456K [0x0000000080000000, 0x0000000100000000)
  region size 1024K, 52 young (53248K), 4 survivors (4096K)
 Metaspace       used 92150K, capacity 95002K, committed 95180K, reserved 1132544K
  class space    used 12062K, capacity 13053K, committed 13056K, reserved 1048576K
}
Event: 8.360 GC heap after
{Heap after GC invocations=29 (full 0):
 garbage-first heap   total 189440K, used 94203K [0x0000000080000000, 0x0000000100000000)
  region size 1024K, 6 young (6144K), 6 survivors (6144K)
 Metaspace       used 92150K, capacity 95002K, committed 95180K, reserved 1132544K
  class space    used 12062K, capacity 13053K, committed 13056K, reserved 1048576K
}
Event: 8.535 GC heap before
{Heap before GC invocations=30 (full 0):
 garbage-first heap   total 189440K, used 144379K [0x0000000080000000, 0x0000000100000000)
  region size 1024K, 56 young (57344K), 6 survivors (6144K)
 Metaspace       used 92575K, capacity 95382K, committed 95564K, reserved 1132544K
  class space    used 12087K, capacity 13084K, committed 13184K, reserved 1048576K
}
Event: 8.541 GC heap after
{Heap after GC invocations=31 (full 0):
 garbage-first heap   total 189440K, used 97316K [0x0000000080000000, 0x0000000100000000)
  region size 1024K, 7 young (7168K), 7 survivors (7168K)
 Metaspace       used 92575K, capacity 95382K, committed 95564K, reserved 1132544K
  class space    used 12087K, capacity 13084K, committed 13184K, reserved 1048576K
}
Event: 8.829 GC heap before
{Heap before GC invocations=31 (full 0):
 garbage-first heap   total 189440K, used 147492K [0x0000000080000000, 0x0000000100000000)
  region size 1024K, 57 young (58368K), 7 survivors (7168K)
 Metaspace       used 93612K, capacity 96549K, committed 96588K, reserved 1132544K
  class space    used 12167K, capacity 13178K, committed 13184K, reserved 1048576K
}
Event: 8.835 GC heap after
{Heap after GC invocations=32 (full 0):
 garbage-first heap   total 189440K, used 100111K [0x0000000080000000, 0x0000000100000000)
  region size 1024K, 7 young (7168K), 7 survivors (7168K)
 Metaspace       used 93612K, capacity 96549K, committed 96588K, reserved 1132544K
  class space    used 12167K, capacity 13178K, committed 13184K, reserved 1048576K
}
Event: 9.429 GC heap before
{Heap before GC invocations=33 (full 0):
 garbage-first heap   total 189440K, used 151311K [0x0000000080000000, 0x0000000100000000)
  region size 1024K, 57 young (58368K), 7 survivors (7168K)
 Metaspace       used 97776K, capacity 100865K, committed 101196K, reserved 1136640K
  class space    used 12739K, capacity 13875K, committed 13952K, reserved 1048576K
}
Event: 9.434 GC heap after
{Heap after GC invocations=34 (full 0):
 garbage-first heap   total 189440K, used 102680K [0x0000000080000000, 0x0000000100000000)
  region size 1024K, 6 young (6144K), 6 survivors (6144K)
 Metaspace       used 97776K, capacity 100865K, committed 101196K, reserved 1136640K
  class space    used 12739K, capacity 13875K, committed 13952K, reserved 1048576K
}
Event: 27.040 GC heap before
{Heap before GC invocations=34 (full 0):
 garbage-first heap   total 189440K, used 153880K [0x0000000080000000, 0x0000000100000000)
  region size 1024K, 56 young (57344K), 6 survivors (6144K)
 Metaspace       used 100730K, capacity 104050K, committed 104268K, reserved 1138688K
  class space    used 13113K, capacity 14359K, committed 14464K, reserved 1048576K
}
Event: 27.050 GC heap after
{Heap after GC invocations=35 (full 0):
 garbage-first heap   total 189440K, used 106739K [0x0000000080000000, 0x0000000100000000)
  region size 1024K, 7 young (7168K), 7 survivors (7168K)
 Metaspace       used 100730K, capacity 104050K, committed 104268K, reserved 1138688K
  class space    used 13113K, capacity 14359K, committed 14464K, reserved 1048576K
}

Deoptimization events (20 events):
Event: 26.963 Thread 0x000001d51eb53800 Uncommon trap: trap_request=0xffffffde fr.pc=0x000001d50d068e28 relative=0x0000000000001708
Event: 26.963 Thread 0x000001d51eb53800 Uncommon trap: reason=class_check action=maybe_recompile pc=0x000001d50d068e28 method=org.gradle.cache.internal.LockOnDemandCrossProcessCacheAccess.incrementLockCount()V @ 97 c2
Event: 26.963 Thread 0x000001d51eb53800 DEOPT PACKING pc=0x000001d50d068e28 sp=0x0000006e39ef77d0
Event: 26.963 Thread 0x000001d51eb53800 DEOPT UNPACKING pc=0x000001d504e678af sp=0x0000006e39ef77d0 mode 2
Event: 27.013 Thread 0x000001d521c6e800 Uncommon trap: trap_request=0xffffff4d fr.pc=0x000001d50ccd0d44 relative=0x0000000000000104
Event: 27.013 Thread 0x000001d521c6e800 Uncommon trap: reason=unstable_if action=reinterpret pc=0x000001d50ccd0d44 method=java.util.concurrent.locks.AbstractQueuedSynchronizer.unparkSuccessor(Ljava/util/concurrent/locks/AbstractQueuedSynchronizer$Node;)V @ 22 c2
Event: 27.013 Thread 0x000001d521c6e800 DEOPT PACKING pc=0x000001d50ccd0d44 sp=0x0000006e3cdfefd0
Event: 27.013 Thread 0x000001d521c6e800 DEOPT UNPACKING pc=0x000001d504e678af sp=0x0000006e3cdfeed8 mode 2
Event: 27.020 Thread 0x000001d51eb53800 Uncommon trap: trap_request=0xffffff4d fr.pc=0x000001d50cc8611c relative=0x000000000000007c
Event: 27.020 Thread 0x000001d51eb53800 Uncommon trap: reason=unstable_if action=reinterpret pc=0x000001d50cc8611c method=java.util.Spliterator.getExactSizeIfKnown()J @ 9 c2
Event: 27.020 Thread 0x000001d51eb53800 DEOPT PACKING pc=0x000001d50cc8611c sp=0x0000006e39efb0b0
Event: 27.020 Thread 0x000001d51eb53800 DEOPT UNPACKING pc=0x000001d504e678af sp=0x0000006e39efb048 mode 2
Event: 27.023 Thread 0x000001d527f58800 DEOPT PACKING pc=0x000001d50642da2d sp=0x0000006e3a1fe320
Event: 27.023 Thread 0x000001d527f58800 DEOPT UNPACKING pc=0x000001d504e676ce sp=0x0000006e3a1fd7e8 mode 0
Event: 27.023 Thread 0x000001d51eb53800 Uncommon trap: trap_request=0xffffffc6 fr.pc=0x000001d50ca1e220 relative=0x0000000000000240
Event: 27.023 Thread 0x000001d51eb53800 Uncommon trap: reason=bimorphic_or_optimized_type_check action=maybe_recompile pc=0x000001d50ca1e220 method=com.google.common.base.CharMatcher.indexIn(Ljava/lang/CharSequence;I)I @ 31 c2
Event: 27.023 Thread 0x000001d51eb53800 DEOPT PACKING pc=0x000001d50ca1e220 sp=0x0000006e39ef86b0
Event: 27.023 Thread 0x000001d51eb53800 DEOPT UNPACKING pc=0x000001d504e678af sp=0x0000006e39ef8658 mode 2
Event: 27.068 Thread 0x000001d51eb53800 DEOPT PACKING pc=0x000001d5059bad79 sp=0x0000006e39ef8550
Event: 27.068 Thread 0x000001d51eb53800 DEOPT UNPACKING pc=0x000001d504e676ce sp=0x0000006e39ef7a18 mode 0

Classes redefined (0 events):
No events

Internal exceptions (20 events):
Event: 11.465 Thread 0x000001d51d5d7000 Implicit null exception at 0x000001d50cdfbdf7 to 0x000001d50cdfc45c
Event: 11.465 Thread 0x000001d51d5d7000 Implicit null exception at 0x000001d50cdd97f4 to 0x000001d50cdd9e88
Event: 26.923 Thread 0x000001d527f59000 Exception <a 'java/lang/NoSuchMethodError'{0x00000000899c7378}: <clinit>> (0x00000000899c7378) thrown at [./src/hotspot/share/prims/jni.cpp, line 1362]
Event: 26.954 Thread 0x000001d527f58800 Exception <a 'java/lang/NoSuchMethodError'{0x000000008960d008}: <clinit>> (0x000000008960d008) thrown at [./src/hotspot/share/prims/jni.cpp, line 1362]
Event: 26.954 Thread 0x000001d527f58800 Exception <a 'java/lang/NoSuchMethodError'{0x000000008960e5f8}: <clinit>> (0x000000008960e5f8) thrown at [./src/hotspot/share/prims/jni.cpp, line 1362]
Event: 26.955 Thread 0x000001d527f58800 Exception <a 'java/lang/NoSuchMethodError'{0x000000008961d380}: <clinit>> (0x000000008961d380) thrown at [./src/hotspot/share/prims/jni.cpp, line 1362]
Event: 26.955 Thread 0x000001d527f58800 Exception <a 'java/lang/NoSuchMethodError'{0x000000008961f420}: <clinit>> (0x000000008961f420) thrown at [./src/hotspot/share/prims/jni.cpp, line 1362]
Event: 26.956 Thread 0x000001d527f58800 Exception <a 'java/lang/NoSuchMethodError'{0x00000000896269f8}: <clinit>> (0x00000000896269f8) thrown at [./src/hotspot/share/prims/jni.cpp, line 1362]
Event: 27.013 Thread 0x000001d521c6e800 Implicit null exception at 0x000001d50ccd0cb4 to 0x000001d50ccd0d2e
Event: 27.020 Thread 0x000001d51eb53800 Exception <a 'java/lang/NoSuchMethodError'{0x0000000088add688}: 'long java.lang.invoke.DirectMethodHandle$Holder.invokeVirtual(java.lang.Object, java.lang.Object)'> (0x0000000088add688) thrown at [./src/hotspot/share/interpreter/linkResolver.cpp, line 773]
Event: 27.022 Thread 0x000001d527f58800 Exception <a 'java/lang/NoSuchMethodError'{0x0000000088802d80}: <clinit>> (0x0000000088802d80) thrown at [./src/hotspot/share/prims/jni.cpp, line 1362]
Event: 27.023 Thread 0x000001d527f58800 Exception <a 'java/lang/NoSuchMethodError'{0x00000000888a0480}: <clinit>> (0x00000000888a0480) thrown at [./src/hotspot/share/prims/jni.cpp, line 1362]
Event: 27.023 Thread 0x000001d527f58800 Exception <a 'java/lang/NoSuchMethodError'{0x00000000888a1590}: <clinit>> (0x00000000888a1590) thrown at [./src/hotspot/share/prims/jni.cpp, line 1362]
Event: 27.023 Thread 0x000001d527f58800 Exception <a 'java/lang/NoSuchMethodError'{0x00000000888a28b0}: <clinit>> (0x00000000888a28b0) thrown at [./src/hotspot/share/prims/jni.cpp, line 1362]
Event: 27.023 Thread 0x000001d527f58800 Exception <a 'java/lang/NoSuchMethodError'{0x00000000888a38d0}: <clinit>> (0x00000000888a38d0) thrown at [./src/hotspot/share/prims/jni.cpp, line 1362]
Event: 27.024 Thread 0x000001d527f58800 Exception <a 'java/lang/NoSuchMethodError'{0x00000000888ad328}: <clinit>> (0x00000000888ad328) thrown at [./src/hotspot/share/prims/jni.cpp, line 1362]
Event: 27.024 Thread 0x000001d527f58800 Exception <a 'java/lang/NoSuchMethodError'{0x00000000888b7760}: <clinit>> (0x00000000888b7760) thrown at [./src/hotspot/share/prims/jni.cpp, line 1362]
Event: 27.025 Thread 0x000001d527f58800 Exception <a 'java/lang/NoSuchMethodError'{0x00000000888caff0}: <clinit>> (0x00000000888caff0) thrown at [./src/hotspot/share/prims/jni.cpp, line 1362]
Event: 27.059 Thread 0x000001d51eb53800 Exception <a 'sun/nio/fs/WindowsException'{0x000000008b8ab450}> (0x000000008b8ab450) thrown at [./src/hotspot/share/prims/jni.cpp, line 615]
Event: 27.116 Thread 0x000001d51eb53800 Exception <a 'java/lang/NoClassDefFoundError'{0x000000008b5cd8d8}: org/jetbrains/kotlin/gradle/plugin/KotlinBasePluginWrapper> (0x000000008b5cd8d8) thrown at [./src/hotspot/share/oops/constantPool.cpp, line 775]

Events (20 events):
Event: 27.171 loading class com/android/build/gradle/internal/tasks/AppMetadataTask$Companion
Event: 27.171 loading class com/android/build/gradle/internal/tasks/AppMetadataTask$Companion done
Event: 27.172 loading class com/android/build/gradle/internal/scope/InternalArtifactType$ASSET_PACK_MANIFESTS
Event: 27.172 loading class com/android/build/gradle/internal/scope/InternalArtifactType$ASSET_PACK_MANIFESTS done
Event: 27.173 loading class com/android/build/gradle/internal/scope/InternalArtifactType$LINKED_RES_FOR_ASSET_PACK
Event: 27.173 loading class com/android/build/gradle/internal/scope/InternalArtifactType$LINKED_RES_FOR_ASSET_PACK done
Event: 27.173 loading class com/android/build/gradle/internal/scope/InternalArtifactType$ML_SOURCE_OUT
Event: 27.173 loading class com/android/build/gradle/internal/scope/InternalArtifactType$ML_SOURCE_OUT done
Event: 27.173 loading class com/android/build/gradle/internal/scope/InternalArtifactType$VERIFIED_LIBRARY_RESOURCES
Event: 27.173 loading class com/android/build/gradle/internal/scope/InternalArtifactType$VERIFIED_LIBRARY_RESOURCES done
Event: 27.175 loading class com/android/build/gradle/tasks/ShaderCompile$WorkAction$Params
Event: 27.175 loading class com/android/build/gradle/tasks/ShaderCompile$WorkAction$Params done
Event: 27.175 loading class com/android/build/gradle/internal/profile/ProfileAwareWorkAction$Parameters
Event: 27.175 loading class com/android/build/gradle/internal/profile/ProfileAwareWorkAction$Parameters done
Event: 27.177 loading class org/gradle/api/internal/artifacts/configurations/DefaultConfiguration$ResolveState
Event: 27.177 loading class org/gradle/api/internal/artifacts/configurations/DefaultConfiguration$ResolveState done
Event: 27.177 loading class org/gradle/api/internal/artifacts/configurations/DefaultConfiguration
Event: 27.177 loading class org/gradle/api/internal/artifacts/configurations/DefaultConfiguration done
Event: 27.178 loading class org/gradle/api/internal/artifacts/ivyservice/InMemoryResolutionResultBuilder
Event: 27.178 loading class org/gradle/api/internal/artifacts/ivyservice/InMemoryResolutionResultBuilder done


Dynamic libraries:
0x00007ff78b620000 - 0x00007ff78b62a000 	C:\Program Files\Android\Android Studio\jre\bin\java.exe
0x00007ff99e340000 - 0x00007ff99e547000 	C:\Windows\SYSTEM32\ntdll.dll
0x00007ff99dbf0000 - 0x00007ff99dcad000 	C:\Windows\System32\KERNEL32.DLL
0x00007ff99bba0000 - 0x00007ff99bf14000 	C:\Windows\System32\KERNELBASE.dll
0x00007ff99b9e0000 - 0x00007ff99baf1000 	C:\Windows\System32\ucrtbase.dll
0x00007ff98b900000 - 0x00007ff98b917000 	C:\Program Files\Android\Android Studio\jre\bin\VCRUNTIME140.dll
0x00007ff98bcb0000 - 0x00007ff98bcc9000 	C:\Program Files\Android\Android Studio\jre\bin\jli.dll
0x00007ff99ca60000 - 0x00007ff99cc0c000 	C:\Windows\System32\USER32.dll
0x00007ff98c7e0000 - 0x00007ff98ca85000 	C:\Windows\WinSxS\amd64_microsoft.windows.common-controls_6595b64144ccf1df_6.0.22000.120_none_9d947278b86cc467\COMCTL32.dll
0x00007ff99b9b0000 - 0x00007ff99b9d6000 	C:\Windows\System32\win32u.dll
0x00007ff99c1d0000 - 0x00007ff99c273000 	C:\Windows\System32\msvcrt.dll
0x00007ff99dcb0000 - 0x00007ff99dcd9000 	C:\Windows\System32\GDI32.dll
0x00007ff99b890000 - 0x00007ff99b9a2000 	C:\Windows\System32\gdi32full.dll
0x00007ff99bb00000 - 0x00007ff99bb9d000 	C:\Windows\System32\msvcp_win.dll
0x00007ff99c880000 - 0x00007ff99c8b1000 	C:\Windows\System32\IMM32.DLL
0x00007ff971a00000 - 0x00007ff971a9d000 	C:\Program Files\Android\Android Studio\jre\bin\msvcp140.dll
0x00007ff967790000 - 0x00007ff96825f000 	C:\Program Files\Android\Android Studio\jre\bin\server\jvm.dll
0x00007ff99d910000 - 0x00007ff99d9bc000 	C:\Windows\System32\ADVAPI32.dll
0x00007ff99c660000 - 0x00007ff99c6fd000 	C:\Windows\System32\sechost.dll
0x00007ff99c920000 - 0x00007ff99ca41000 	C:\Windows\System32\RPCRT4.dll
0x00007ff99e130000 - 0x00007ff99e138000 	C:\Windows\System32\PSAPI.DLL
0x00007ff998b50000 - 0x00007ff998b59000 	C:\Windows\SYSTEM32\WSOCK32.dll
0x00007ff996060000 - 0x00007ff996093000 	C:\Windows\SYSTEM32\WINMM.dll
0x00007ff99da20000 - 0x00007ff99da8f000 	C:\Windows\System32\WS2_32.dll
0x00007ff9950f0000 - 0x00007ff9950fa000 	C:\Windows\SYSTEM32\VERSION.dll
0x00007ff99a940000 - 0x00007ff99a958000 	C:\Windows\SYSTEM32\kernel.appcore.dll
0x00007ff998b30000 - 0x00007ff998b41000 	C:\Program Files\Android\Android Studio\jre\bin\verify.dll
0x00007ff98eb40000 - 0x00007ff98ed61000 	C:\Windows\SYSTEM32\DBGHELP.DLL
0x00007ff988ea0000 - 0x00007ff988ed1000 	C:\Windows\SYSTEM32\dbgcore.DLL
0x00007ff99bf20000 - 0x00007ff99bf9f000 	C:\Windows\System32\bcryptPrimitives.dll
0x00007ff992a10000 - 0x00007ff992a39000 	C:\Program Files\Android\Android Studio\jre\bin\java.dll
0x00007ff997a50000 - 0x00007ff997a5b000 	C:\Program Files\Android\Android Studio\jre\bin\jimage.dll
0x00007ff9976d0000 - 0x00007ff9976e8000 	C:\Program Files\Android\Android Studio\jre\bin\zip.dll
0x00007ff99cc10000 - 0x00007ff99d3be000 	C:\Windows\System32\SHELL32.dll
0x00007ff9999c0000 - 0x00007ff99a227000 	C:\Windows\SYSTEM32\windows.storage.dll
0x00007ff99ddb0000 - 0x00007ff99e128000 	C:\Windows\System32\combase.dll
0x00007ff999850000 - 0x00007ff9999b6000 	C:\Windows\SYSTEM32\wintypes.dll
0x00007ff99c790000 - 0x00007ff99c87a000 	C:\Windows\System32\SHCORE.dll
0x00007ff99c8c0000 - 0x00007ff99c91d000 	C:\Windows\System32\shlwapi.dll
0x00007ff99b750000 - 0x00007ff99b771000 	C:\Windows\SYSTEM32\profapi.dll
0x00007ff993d10000 - 0x00007ff993d2a000 	C:\Program Files\Android\Android Studio\jre\bin\net.dll
0x00007ff996160000 - 0x00007ff99626c000 	C:\Windows\SYSTEM32\WINHTTP.dll
0x00007ff99ad50000 - 0x00007ff99adb7000 	C:\Windows\system32\mswsock.dll
0x00007ff9929f0000 - 0x00007ff992a04000 	C:\Program Files\Android\Android Studio\jre\bin\nio.dll
0x00007ff98c630000 - 0x00007ff98c657000 	C:\Users\NeHaL\.gradle\native\8bec1ad78214c89d9ad589b4d07fe93259594b29d510b10fafb7a158f7737e5d\windows-amd64\native-platform.dll
0x00007ff96cb70000 - 0x00007ff96ccad000 	C:\Users\NeHaL\.gradle\native\53dbd7edfb1c66fb8903c78663c9afc45aea4f116125fa6feffd364cf09443e8\windows-amd64\native-platform-file-events.dll
0x00007ff994f40000 - 0x00007ff994f4a000 	C:\Program Files\Android\Android Studio\jre\bin\management.dll
0x00007ff993ce0000 - 0x00007ff993cec000 	C:\Program Files\Android\Android Studio\jre\bin\management_ext.dll
0x00007ff99af90000 - 0x00007ff99afa8000 	C:\Windows\SYSTEM32\CRYPTSP.dll
0x00007ff99a8a0000 - 0x00007ff99a8d5000 	C:\Windows\system32\rsaenh.dll
0x00007ff99ae40000 - 0x00007ff99ae69000 	C:\Windows\SYSTEM32\USERENV.dll
0x00007ff99b110000 - 0x00007ff99b137000 	C:\Windows\SYSTEM32\bcrypt.dll
0x00007ff99afb0000 - 0x00007ff99afbc000 	C:\Windows\SYSTEM32\CRYPTBASE.dll
0x00007ff99a480000 - 0x00007ff99a4ad000 	C:\Windows\SYSTEM32\IPHLPAPI.DLL
0x00007ff99db70000 - 0x00007ff99db79000 	C:\Windows\System32\NSI.dll
0x00007ff995a40000 - 0x00007ff995a59000 	C:\Windows\SYSTEM32\dhcpcsvc6.DLL
0x00007ff996d30000 - 0x00007ff996d4e000 	C:\Windows\SYSTEM32\dhcpcsvc.DLL
0x00007ff99a4b0000 - 0x00007ff99a597000 	C:\Windows\SYSTEM32\DNSAPI.dll

dbghelp: loaded successfully - version: 4.0.5 - missing functions: none
symbol engine: initialized successfully - sym options: 0x614 - pdb path: .;C:\Program Files\Android\Android Studio\jre\bin;C:\Windows\SYSTEM32;C:\Windows\WinSxS\amd64_microsoft.windows.common-controls_6595b64144ccf1df_6.0.22000.120_none_9d947278b86cc467;C:\Program Files\Android\Android Studio\jre\bin\server;C:\Users\NeHaL\.gradle\native\8bec1ad78214c89d9ad589b4d07fe93259594b29d510b10fafb7a158f7737e5d\windows-amd64;C:\Users\NeHaL\.gradle\native\53dbd7edfb1c66fb8903c78663c9afc45aea4f116125fa6feffd364cf09443e8\windows-amd64

VM Arguments:
jvm_args: --add-opens=java.base/java.util=ALL-UNNAMED --add-opens=java.base/java.lang=ALL-UNNAMED --add-opens=java.base/java.lang.invoke=ALL-UNNAMED --add-opens=java.base/java.util=ALL-UNNAMED --add-opens=java.prefs/java.util.prefs=ALL-UNNAMED --add-opens=java.prefs/java.util.prefs=ALL-UNNAMED --add-opens=java.base/java.nio.charset=ALL-UNNAMED --add-opens=java.base/java.net=ALL-UNNAMED --add-opens=java.base/java.util.concurrent.atomic=ALL-UNNAMED -Xmx2048m -Dfile.encoding=UTF-8 -Duser.country=IN -Duser.language=en -Duser.variant 
java_command: org.gradle.launcher.daemon.bootstrap.GradleDaemon 7.0.2
java_class_path (initial): C:\Users\NeHaL\.gradle\wrapper\dists\gradle-7.0.2-bin\857tjihv64xamwrf0h14cai3r\gradle-7.0.2\lib\gradle-launcher-7.0.2.jar
Launcher Type: SUN_STANDARD

[Global flags]
     intx CICompilerCount                          = 4                                         {product} {ergonomic}
     uint ConcGCThreads                            = 3                                         {product} {ergonomic}
     uint G1ConcRefinementThreads                  = 10                                        {product} {ergonomic}
   size_t G1HeapRegionSize                         = 1048576                                   {product} {ergonomic}
    uintx GCDrainStackTargetSize                   = 64                                        {product} {ergonomic}
   size_t InitialHeapSize                          = 134217728                                 {product} {ergonomic}
   size_t MarkStackSize                            = 4194304                                   {product} {ergonomic}
   size_t MaxHeapSize                              = 2147483648                                {product} {command line}
   size_t MaxNewSize                               = 1287651328                                {product} {ergonomic}
   size_t MinHeapDeltaBytes                        = 1048576                                   {product} {ergonomic}
    uintx NonNMethodCodeHeapSize                   = 5836300                                {pd product} {ergonomic}
    uintx NonProfiledCodeHeapSize                  = 122910970                              {pd product} {ergonomic}
    uintx ProfiledCodeHeapSize                     = 122910970                              {pd product} {ergonomic}
    uintx ReservedCodeCacheSize                    = 251658240                              {pd product} {ergonomic}
     bool SegmentedCodeCache                       = true                                      {product} {ergonomic}
     bool UseCompressedClassPointers               = true                                 {lp64_product} {ergonomic}
     bool UseCompressedOops                        = true                                 {lp64_product} {ergonomic}
     bool UseG1GC                                  = true                                      {product} {ergonomic}
     bool UseLargePagesIndividualAllocation        = false                                  {pd product} {ergonomic}

Logging:
Log output configuration:
 #0: stdout all=warning uptime,level,tags
 #1: stderr all=off uptime,level,tags

Environment Variables:
PATH=C:\Program Files (x86)\Common Files\Intel\Shared Libraries\redist\intel64\compiler;C:\Program Files\Common Files\Oracle\Java\javapath;C:\Windows\system32;C:\Windows;C:\Windows\System32\Wbem;C:\Windows\System32\WindowsPowerShell\v1.0\;C:\Windows\System32\OpenSSH\;C:\Program Files\NVIDIA Corporation\NVIDIA NvDLISR;C:\Program Files (x86)\NVIDIA Corporation\PhysX\Common;C:\Program Files\nodejs\;C:\ProgramData\chocolatey\bin;C:\Program Files\Git\cmd;C:\Program Files\Cloudflare\Cloudflare WARP;C:\Users\NeHaL\AppData\Local\Microsoft\WindowsApps;C:\Program Files\JetBrains\IntelliJ IDEA Community Edition 2021.2.2\bin;;C:\Program Files\JetBrains\PyCharm Community Edition 2021.2.2\bin;;C:\Users\NeHaL\AppData\Local\Programs\Microsoft VS Code\bin;C:\Users\NeHaL\AppData\Roaming\npm;C:\Program Files\MongoDB\Server\5.0\bin;
USERNAME=NeHaL
OS=Windows_NT
PROCESSOR_IDENTIFIER=AMD64 Family 23 Model 113 Stepping 0, AuthenticAMD



---------------  S Y S T E M  ---------------

OS: Windows 10 , 64 bit Build 22000 (10.0.22000.318)
OS uptime: 0 days 0:46 hours

CPU:total 12 (initial active 12) (12 cores per cpu, 2 threads per core) family 23 model 113 stepping 0 microcode 0x0, cmov, cx8, fxsr, mmx, sse, sse2, sse3, ssse3, sse4.1, sse4.2, popcnt, avx, avx2, aes, clmul, mmxext, 3dnowpref, lzcnt, sse4a, ht, tsc, tscinvbit, tscinv, bmi1, bmi2, adx,

Memory: 4k page, system-wide physical 8144M (1649M free)
TotalPageFile size 8144M (AvailPageFile size 5M)
current process WorkingSet (physical memory assigned to process): 480M, peak: 551M
current process commit charge ("private bytes"): 522M, peak: 591M

vm_info: OpenJDK 64-Bit Server VM (11.0.10+0-b96-7249189) for windows-amd64 JRE (11.0.10+0-b96-7249189), built on Mar 31 2021 21:44:00 by "builder" with MS VC++ 14.0 (VS2015)

END.
