#
# There is insufficient memory for the Java Runtime Environment to continue.
# Native memory allocation (malloc) failed to allocate 1370576 bytes for Chunk::new
# Possible reasons:
#   The system is out of physical RAM or swap space
#   The process is running with CompressedOops enabled, and the Java Heap may be blocking the growth of the native heap
# Possible solutions:
#   Reduce memory load on the system
#   Increase physical memory or swap space
#   Check if swap backing store is full
#   Decrease Java heap size (-Xmx/-Xms)
#   Decrease number of Java threads
#   Decrease Java thread stack sizes (-Xss)
#   Set larger code cache with -XX:ReservedCodeCacheSize=
#   JVM is running with Unscaled Compressed Oops mode in which the Java heap is
#     placed in the first 4GB address space. The Java Heap base address is the
#     maximum limit for the native heap growth. Please use -XX:HeapBaseMinAddress
#     to set the Java Heap base and to place the Java Heap above 4GB virtual address.
# This output file may be truncated or incomplete.
#
#  Out of Memory Error (./src/hotspot/share/memory/arena.cpp:197), pid=3132, tid=7068
#
# JRE version: OpenJDK Runtime Environment (11.0.10) (build 11.0.10+0-b96-7249189)
# Java VM: OpenJDK 64-Bit Server VM (11.0.10+0-b96-7249189, mixed mode, tiered, compressed oops, g1 gc, windows-amd64)
# No core dump will be written. Minidumps are not enabled by default on client versions of Windows
#

---------------  S U M M A R Y ------------

Command Line: --add-opens=java.base/java.util=ALL-UNNAMED --add-opens=java.base/java.lang=ALL-UNNAMED --add-opens=java.base/java.lang.invoke=ALL-UNNAMED --add-opens=java.base/java.util=ALL-UNNAMED --add-opens=java.prefs/java.util.prefs=ALL-UNNAMED --add-opens=java.prefs/java.util.prefs=ALL-UNNAMED --add-opens=java.base/java.nio.charset=ALL-UNNAMED --add-opens=java.base/java.net=ALL-UNNAMED --add-opens=java.base/java.util.concurrent.atomic=ALL-UNNAMED -Xmx2048m -Dfile.encoding=UTF-8 -Duser.country=IN -Duser.language=en -Duser.variant org.gradle.launcher.daemon.bootstrap.GradleDaemon 7.0.2

Host: AMD Ryzen 5 3600 6-Core Processor              , 12 cores, 7G,  Windows 10 , 64 bit Build 22000 (10.0.22000.318)
Time: Mon Dec 27 23:35:22 2021 India Standard Time elapsed time: 5.918283 seconds (0d 0h 0m 5s)

---------------  T H R E A D  ---------------

Current thread (0x000001cb70dae000):  JavaThread "C2 CompilerThread0" daemon [_thread_in_native, id=7068, stack(0x000000b5b5d00000,0x000000b5b5e00000)]


Current CompileTask:
C2:   5918 8886       4       org.gradle.internal.snapshot.DirectorySnapshot$$Lambda$1269/0x0000000100b1cc40::accept (20 bytes)

Stack: [0x000000b5b5d00000,0x000000b5b5e00000]
Native frames: (J=compiled Java code, j=interpreted, Vv=VM code, C=native code)
V  [jvm.dll+0x5ecfaa]
V  [jvm.dll+0x722bd5]
V  [jvm.dll+0x72412d]
V  [jvm.dll+0x7247e3]
V  [jvm.dll+0x242928]
V  [jvm.dll+0xbc4fc]
V  [jvm.dll+0xbca0c]
V  [jvm.dll+0x2b4fd4]
V  [jvm.dll+0x506028]
V  [jvm.dll+0x1fcdfd]
V  [jvm.dll+0x1fa77f]
V  [jvm.dll+0x18354c]
V  [jvm.dll+0x208ee7]
V  [jvm.dll+0x207731]
V  [jvm.dll+0x6eb1cf]
V  [jvm.dll+0x6e3d45]
V  [jvm.dll+0x5ebe96]
C  [ucrtbase.dll+0x26c0c]
C  [KERNEL32.DLL+0x154e0]
C  [ntdll.dll+0x485b]


---------------  P R O C E S S  ---------------

Threads class SMR info:
_java_thread_list=0x000001cb7307c5a0, length=73, elements={
0x000001cb53b94000, 0x000001cb703ff800, 0x000001cb70401000, 0x000001cb70da6800,
0x000001cb70da8000, 0x000001cb70da9000, 0x000001cb70dae000, 0x000001cb70db3000,
0x000001cb70428000, 0x000001cb70eff800, 0x000001cb727e6800, 0x000001cb727e4000,
0x000001cb727e1000, 0x000001cb727e5000, 0x000001cb727e1800, 0x000001cb727e6000,
0x000001cb727e7800, 0x000001cb727e2800, 0x000001cb727e3800, 0x000001cb73020000,
0x000001cb7301f000, 0x000001cb7301a000, 0x000001cb7301d800, 0x000001cb73871800,
0x000001cb7301c000, 0x000001cb73020800, 0x000001cb7301e800, 0x000001cb7301b000,
0x000001cb73021800, 0x000001cb73022800, 0x000001cb74236800, 0x000001cb7301c800,
0x000001cb73024000, 0x000001cb73026800, 0x000001cb73025000, 0x000001cb73029000,
0x000001cb73025800, 0x000001cb7384a800, 0x000001cb73850000, 0x000001cb7384c000,
0x000001cb7384e800, 0x000001cb7384d800, 0x000001cb7384d000, 0x000001cb7384f800,
0x000001cb73851000, 0x000001cb7384b800, 0x000001cb73852800, 0x000001cb73853800,
0x000001cb73856000, 0x000001cb73852000, 0x000001cb73854000, 0x000001cb73858800,
0x000001cb73855000, 0x000001cb73859000, 0x000001cb73856800, 0x000001cb73857800,
0x000001cb7435b000, 0x000001cb74357000, 0x000001cb7435a000, 0x000001cb74358000,
0x000001cb7435c000, 0x000001cb74356000, 0x000001cb7435c800, 0x000001cb7435e800,
0x000001cb74358800, 0x000001cb7435d800, 0x000001cb7435f000, 0x000001cb74359800,
0x000001cb74360000, 0x000001cb74363000, 0x000001cb74364000, 0x000001cb74360800,
0x000001cb74362800
}

Java Threads: ( => current thread )
  0x000001cb53b94000 JavaThread "main" [_thread_blocked, id=13672, stack(0x000000b5b5100000,0x000000b5b5200000)]
  0x000001cb703ff800 JavaThread "Reference Handler" daemon [_thread_blocked, id=7420, stack(0x000000b5b5800000,0x000000b5b5900000)]
  0x000001cb70401000 JavaThread "Finalizer" daemon [_thread_blocked, id=6404, stack(0x000000b5b5900000,0x000000b5b5a00000)]
  0x000001cb70da6800 JavaThread "Signal Dispatcher" daemon [_thread_blocked, id=14988, stack(0x000000b5b5a00000,0x000000b5b5b00000)]
  0x000001cb70da8000 JavaThread "Attach Listener" daemon [_thread_blocked, id=12644, stack(0x000000b5b5b00000,0x000000b5b5c00000)]
  0x000001cb70da9000 JavaThread "Service Thread" daemon [_thread_blocked, id=2580, stack(0x000000b5b5c00000,0x000000b5b5d00000)]
=>0x000001cb70dae000 JavaThread "C2 CompilerThread0" daemon [_thread_in_native, id=7068, stack(0x000000b5b5d00000,0x000000b5b5e00000)]
  0x000001cb70db3000 JavaThread "C1 CompilerThread0" daemon [_thread_in_native, id=7880, stack(0x000000b5b5e00000,0x000000b5b5f00000)]
  0x000001cb70428000 JavaThread "Sweeper thread" daemon [_thread_blocked, id=3624, stack(0x000000b5b5f00000,0x000000b5b6000000)]
  0x000001cb70eff800 JavaThread "Common-Cleaner" daemon [_thread_blocked, id=11080, stack(0x000000b5b6000000,0x000000b5b6100000)]
  0x000001cb727e6800 JavaThread "Daemon health stats" [_thread_blocked, id=14020, stack(0x000000b5b6600000,0x000000b5b6700000)]
  0x000001cb727e4000 JavaThread "Incoming local TCP Connector on port 52658" [_thread_in_native, id=14788, stack(0x000000b5b6200000,0x000000b5b6300000)]
  0x000001cb727e1000 JavaThread "Daemon periodic checks" [_thread_blocked, id=4232, stack(0x000000b5b6300000,0x000000b5b6400000)]
  0x000001cb727e5000 JavaThread "Daemon" [_thread_blocked, id=14688, stack(0x000000b5b6700000,0x000000b5b6800000)]
  0x000001cb727e1800 JavaThread "Handler for socket connection from /127.0.0.1:52658 to /127.0.0.1:52659" [_thread_in_native, id=6640, stack(0x000000b5b6800000,0x000000b5b6900000)]
  0x000001cb727e6000 JavaThread "Cancel handler" [_thread_blocked, id=14584, stack(0x000000b5b6900000,0x000000b5b6a00000)]
  0x000001cb727e7800 JavaThread "Daemon worker" [_thread_blocked, id=12508, stack(0x000000b5b6a00000,0x000000b5b6b00000)]
  0x000001cb727e2800 JavaThread "Asynchronous log dispatcher for DefaultDaemonConnection: socket connection from /127.0.0.1:52658 to /127.0.0.1:52659" [_thread_blocked, id=6520, stack(0x000000b5b6b00000,0x000000b5b6c00000)]
  0x000001cb727e3800 JavaThread "Stdin handler" [_thread_blocked, id=14460, stack(0x000000b5b6c00000,0x000000b5b6d00000)]
  0x000001cb73020000 JavaThread "Daemon client event forwarder" [_thread_blocked, id=14036, stack(0x000000b5b6d00000,0x000000b5b6e00000)]
  0x000001cb7301f000 JavaThread "Cache worker for file hash cache (C:\Users\NeHaL\.gradle\caches\7.0.2\fileHashes)" [_thread_blocked, id=5924, stack(0x000000b5b7500000,0x000000b5b7600000)]
  0x000001cb7301a000 JavaThread "File lock request listener" [_thread_in_native, id=3256, stack(0x000000b5b7600000,0x000000b5b7700000)]
  0x000001cb7301d800 JavaThread "Cache worker for journal cache (C:\Users\NeHaL\.gradle\caches\journal-1)" [_thread_blocked, id=12340, stack(0x000000b5b7900000,0x000000b5b7a00000)]
  0x000001cb73871800 JavaThread "C2 CompilerThread1" daemon [_thread_in_native, id=4692, stack(0x000000b5b7a00000,0x000000b5b7b00000)]
  0x000001cb7301c000 JavaThread "Cache worker for file hash cache (C:\Users\NeHaL\AndroidStudioProjects\SmartTourApp\.gradle\7.0.2\fileHashes)" [_thread_blocked, id=1028, stack(0x000000b5b7b00000,0x000000b5b7c00000)]
  0x000001cb73020800 JavaThread "File watcher server" daemon [_thread_in_native, id=2612, stack(0x000000b5b7c00000,0x000000b5b7d00000)]
  0x000001cb7301e800 JavaThread "File watcher consumer" daemon [_thread_blocked, id=12676, stack(0x000000b5b7d00000,0x000000b5b7e00000)]
  0x000001cb7301b000 JavaThread "Cache worker for checksums cache (C:\Users\NeHaL\AndroidStudioProjects\SmartTourApp\.gradle\checksums)" [_thread_blocked, id=2560, stack(0x000000b5b7e00000,0x000000b5b7f00000)]
  0x000001cb73021800 JavaThread "Cache worker for cache directory md-supplier (C:\Users\NeHaL\.gradle\caches\7.0.2\md-supplier)" [_thread_blocked, id=7348, stack(0x000000b5b7f00000,0x000000b5b8000000)]
  0x000001cb73022800 JavaThread "Cache worker for cache directory md-rule (C:\Users\NeHaL\.gradle\caches\7.0.2\md-rule)" [_thread_blocked, id=13740, stack(0x000000b5b8000000,0x000000b5b8100000)]
  0x000001cb74236800 JavaThread "C2 CompilerThread2" daemon [_thread_in_native, id=13844, stack(0x000000b5b8100000,0x000000b5b8200000)]
  0x000001cb7301c800 JavaThread "Cache worker for execution history cache (C:\Users\NeHaL\.gradle\caches\7.0.2\executionHistory)" [_thread_blocked, id=4612, stack(0x000000b5b8200000,0x000000b5b8300000)]
  0x000001cb73024000 JavaThread "jar transforms" [_thread_blocked, id=2856, stack(0x000000b5b8300000,0x000000b5b8400000)]
  0x000001cb73026800 JavaThread "jar transforms Thread 2" [_thread_blocked, id=15324, stack(0x000000b5b8400000,0x000000b5b8500000)]
  0x000001cb73025000 JavaThread "Cache worker for file content cache (C:\Users\NeHaL\.gradle\caches\7.0.2\fileContent)" [_thread_blocked, id=1712, stack(0x000000b5b8500000,0x000000b5b8600000)]
  0x000001cb73029000 JavaThread "Cache worker for dependencies-accessors (C:\Users\NeHaL\AndroidStudioProjects\SmartTourApp\.gradle\7.0.2\dependencies-accessors)" [_thread_blocked, id=12052, stack(0x000000b5b8600000,0x000000b5b8700000)]
  0x000001cb73025800 JavaThread "jar transforms Thread 3" [_thread_blocked, id=11372, stack(0x000000b5b8700000,0x000000b5b8800000)]
  0x000001cb7384a800 JavaThread "Cache worker for Build Output Cleanup Cache (C:\Users\NeHaL\AndroidStudioProjects\SmartTourApp\.gradle\buildOutputCleanup)" [_thread_blocked, id=6496, stack(0x000000b5b8800000,0x000000b5b8900000)]
  0x000001cb73850000 JavaThread "Build operations" [_thread_blocked, id=5392, stack(0x000000b5b8900000,0x000000b5b8a00000)]
  0x000001cb7384c000 JavaThread "Build operations Thread 2" [_thread_blocked, id=340, stack(0x000000b5b8a00000,0x000000b5b8b00000)]
  0x000001cb7384e800 JavaThread "Build operations Thread 3" [_thread_blocked, id=12036, stack(0x000000b5b8b00000,0x000000b5b8c00000)]
  0x000001cb7384d800 JavaThread "Build operations Thread 4" [_thread_blocked, id=4888, stack(0x000000b5b8c00000,0x000000b5b8d00000)]
  0x000001cb7384d000 JavaThread "Build operations Thread 5" [_thread_blocked, id=11044, stack(0x000000b5b8d00000,0x000000b5b8e00000)]
  0x000001cb7384f800 JavaThread "Build operations Thread 6" [_thread_blocked, id=1196, stack(0x000000b5b8e00000,0x000000b5b8f00000)]
  0x000001cb73851000 JavaThread "Build operations Thread 7" [_thread_blocked, id=8248, stack(0x000000b5b8f00000,0x000000b5b9000000)]
  0x000001cb7384b800 JavaThread "Build operations Thread 8" [_thread_blocked, id=14608, stack(0x000000b5b9000000,0x000000b5b9100000)]
  0x000001cb73852800 JavaThread "Build operations Thread 9" [_thread_blocked, id=9652, stack(0x000000b5b9100000,0x000000b5b9200000)]
  0x000001cb73853800 JavaThread "Build operations Thread 10" [_thread_blocked, id=9552, stack(0x000000b5b9200000,0x000000b5b9300000)]
  0x000001cb73856000 JavaThread "Build operations Thread 11" [_thread_blocked, id=12772, stack(0x000000b5b9300000,0x000000b5b9400000)]
  0x000001cb73852000 JavaThread "Build operations Thread 12" [_thread_blocked, id=2180, stack(0x000000b5b9400000,0x000000b5b9500000)]
  0x000001cb73854000 JavaThread "jar transforms Thread 4" [_thread_blocked, id=1316, stack(0x000000b5b9500000,0x000000b5b9600000)]
  0x000001cb73858800 JavaThread "jar transforms Thread 5" [_thread_blocked, id=7672, stack(0x000000b5b9600000,0x000000b5b9700000)]
  0x000001cb73855000 JavaThread "jar transforms Thread 6" [_thread_blocked, id=8520, stack(0x000000b5b9700000,0x000000b5b9800000)]
  0x000001cb73859000 JavaThread "jar transforms Thread 7" [_thread_blocked, id=10052, stack(0x000000b5b9800000,0x000000b5b9900000)]
  0x000001cb73856800 JavaThread "jar transforms Thread 8" [_thread_blocked, id=12940, stack(0x000000b5b9900000,0x000000b5b9a00000)]
  0x000001cb73857800 JavaThread "jar transforms Thread 9" [_thread_blocked, id=13912, stack(0x000000b5b9a00000,0x000000b5b9b00000)]
  0x000001cb7435b000 JavaThread "jar transforms Thread 10" [_thread_blocked, id=14324, stack(0x000000b5b9b00000,0x000000b5b9c00000)]
  0x000001cb74357000 JavaThread "jar transforms Thread 11" [_thread_blocked, id=11420, stack(0x000000b5b9c00000,0x000000b5b9d00000)]
  0x000001cb7435a000 JavaThread "jar transforms Thread 12" [_thread_blocked, id=8900, stack(0x000000b5b9d00000,0x000000b5b9e00000)]
  0x000001cb74358000 JavaThread "Memory manager" [_thread_blocked, id=7292, stack(0x000000b5b9e00000,0x000000b5b9f00000)]
  0x000001cb7435c000 JavaThread "build event listener" [_thread_blocked, id=12700, stack(0x000000b5b9f00000,0x000000b5ba000000)]
  0x000001cb74356000 JavaThread "Execution worker for ':'" [_thread_blocked, id=3800, stack(0x000000b5ba000000,0x000000b5ba100000)]
  0x000001cb7435c800 JavaThread "Execution worker for ':' Thread 2" [_thread_blocked, id=8156, stack(0x000000b5ba100000,0x000000b5ba200000)]
  0x000001cb7435e800 JavaThread "Execution worker for ':' Thread 3" [_thread_blocked, id=4676, stack(0x000000b5ba200000,0x000000b5ba300000)]
  0x000001cb74358800 JavaThread "Execution worker for ':' Thread 4" [_thread_blocked, id=11428, stack(0x000000b5ba300000,0x000000b5ba400000)]
  0x000001cb7435d800 JavaThread "Execution worker for ':' Thread 5" [_thread_in_native, id=6320, stack(0x000000b5ba400000,0x000000b5ba500000)]
  0x000001cb7435f000 JavaThread "Execution worker for ':' Thread 6" [_thread_blocked, id=15152, stack(0x000000b5ba500000,0x000000b5ba600000)]
  0x000001cb74359800 JavaThread "Execution worker for ':' Thread 7" [_thread_blocked, id=11116, stack(0x000000b5ba600000,0x000000b5ba700000)]
  0x000001cb74360000 JavaThread "Execution worker for ':' Thread 8" [_thread_blocked, id=7024, stack(0x000000b5ba700000,0x000000b5ba800000)]
  0x000001cb74363000 JavaThread "Execution worker for ':' Thread 9" [_thread_blocked, id=6664, stack(0x000000b5ba800000,0x000000b5ba900000)]
  0x000001cb74364000 JavaThread "Execution worker for ':' Thread 10" [_thread_blocked, id=12196, stack(0x000000b5ba900000,0x000000b5baa00000)]
  0x000001cb74360800 JavaThread "Execution worker for ':' Thread 11" [_thread_blocked, id=3084, stack(0x000000b5baa00000,0x000000b5bab00000)]
  0x000001cb74362800 JavaThread "Cache worker for execution history cache (C:\Users\NeHaL\AndroidStudioProjects\SmartTourApp\.gradle\7.0.2\executionHistory)" [_thread_blocked, id=7496, stack(0x000000b5bab00000,0x000000b5bac00000)]

Other Threads:
  0x000001cb703fe000 VMThread "VM Thread" [stack: 0x000000b5b5700000,0x000000b5b5800000] [id=13576]
  0x000001cb70f2e800 WatcherThread [stack: 0x000000b5b6100000,0x000000b5b6200000] [id=12000]
  0x000001cb53ba7000 GCTaskThread "GC Thread#0" [stack: 0x000000b5b5200000,0x000000b5b5300000] [id=3820]
  0x000001cb71664000 GCTaskThread "GC Thread#1" [stack: 0x000000b5b6400000,0x000000b5b6500000] [id=14220]
  0x000001cb71e4d000 GCTaskThread "GC Thread#2" [stack: 0x000000b5b6500000,0x000000b5b6600000] [id=5280]
  0x000001cb733e2800 GCTaskThread "GC Thread#3" [stack: 0x000000b5b6e00000,0x000000b5b6f00000] [id=15008]
  0x000001cb728a7800 GCTaskThread "GC Thread#4" [stack: 0x000000b5b6f00000,0x000000b5b7000000] [id=10756]
  0x000001cb7284f800 GCTaskThread "GC Thread#5" [stack: 0x000000b5b7000000,0x000000b5b7100000] [id=6632]
  0x000001cb727d0000 GCTaskThread "GC Thread#6" [stack: 0x000000b5b7100000,0x000000b5b7200000] [id=8032]
  0x000001cb711e2800 GCTaskThread "GC Thread#7" [stack: 0x000000b5b7200000,0x000000b5b7300000] [id=13360]
  0x000001cb73030800 GCTaskThread "GC Thread#8" [stack: 0x000000b5b7300000,0x000000b5b7400000] [id=7616]
  0x000001cb7302a000 GCTaskThread "GC Thread#9" [stack: 0x000000b5b7400000,0x000000b5b7500000] [id=3012]
  0x000001cb53bd7000 ConcurrentGCThread "G1 Main Marker" [stack: 0x000000b5b5300000,0x000000b5b5400000] [id=14320]
  0x000001cb53bd8800 ConcurrentGCThread "G1 Conc#0" [stack: 0x000000b5b5400000,0x000000b5b5500000] [id=7308]
  0x000001cb73031800 ConcurrentGCThread "G1 Conc#1" [stack: 0x000000b5b7700000,0x000000b5b7800000] [id=14664]
  0x000001cb7302f800 ConcurrentGCThread "G1 Conc#2" [stack: 0x000000b5b7800000,0x000000b5b7900000] [id=15188]
  0x000001cb7024c800 ConcurrentGCThread "G1 Refine#0" [stack: 0x000000b5b5500000,0x000000b5b5600000] [id=1996]
  0x000001cb7024e800 ConcurrentGCThread "G1 Young RemSet Sampling" [stack: 0x000000b5b5600000,0x000000b5b5700000] [id=14692]

Threads with active compile tasks:
C2 CompilerThread0   5927 8886       4       org.gradle.internal.snapshot.DirectorySnapshot$$Lambda$1269/0x0000000100b1cc40::accept (20 bytes)
C1 CompilerThread0   5927 9112       3       org.apache.xerces.parsers.ObjectFactory::findClassLoader (89 bytes)
C2 CompilerThread2   5927 9103       4       com.android.utils.PositionXmlParser$DomBuilder::getCurrentPosition (262 bytes)

VM state:not at safepoint (normal execution)

VM Mutex/Monitor currently owned by a thread:  ([mutex/lock_event])
[0x000001cb53b910a0] CodeCache_lock - owner thread: 0x000001cb70db3000
[0x000001cb53b911c0] Compile_lock - owner thread: 0x000001cb70db3000
[0x000001cb53b91400] MethodCompileQueue_lock - owner thread: 0x0000000000000000

Heap address: 0x0000000080000000, size: 2048 MB, Compressed Oops mode: 32-bit
Narrow klass base: 0x0000000000000000, Narrow klass shift: 3
Compressed class space size: 1073741824 Address: 0x0000000100000000

Heap:
 garbage-first heap   total 189440K, used 111980K [0x0000000080000000, 0x0000000100000000)
  region size 1024K, 58 young (59392K), 10 survivors (10240K)
 Metaspace       used 81503K, capacity 83910K, committed 83968K, reserved 1122304K
  class space    used 10694K, capacity 11565K, committed 11596K, reserved 1048576K
Heap Regions: E=young(eden), S=young(survivor), O=old, HS=humongous(starts), HC=humongous(continues), CS=collection set, F=free, A=archive, TAMS=top-at-mark-start (previous, next)
|   0|0x0000000080000000, 0x0000000080100000, 0x0000000080100000|100%| O|  |TAMS 0x0000000080100000, 0x0000000080000000| Untracked 
|   1|0x0000000080100000, 0x0000000080200000, 0x0000000080200000|100%| O|  |TAMS 0x0000000080200000, 0x0000000080100000| Untracked 
|   2|0x0000000080200000, 0x0000000080300000, 0x0000000080300000|100%| O|  |TAMS 0x0000000080300000, 0x0000000080200000| Untracked 
|   3|0x0000000080300000, 0x0000000080400000, 0x0000000080400000|100%|HS|  |TAMS 0x0000000080400000, 0x0000000080300000| Complete 
|   4|0x0000000080400000, 0x0000000080500000, 0x0000000080500000|100%|HC|  |TAMS 0x0000000080500000, 0x0000000080400000| Complete 
|   5|0x0000000080500000, 0x0000000080600000, 0x0000000080600000|100%|HC|  |TAMS 0x0000000080600000, 0x0000000080500000| Complete 
|   6|0x0000000080600000, 0x0000000080700000, 0x0000000080700000|100%| O|  |TAMS 0x0000000080700000, 0x0000000080600000| Untracked 
|   7|0x0000000080700000, 0x0000000080800000, 0x0000000080800000|100%| O|  |TAMS 0x0000000080800000, 0x0000000080700000| Untracked 
|   8|0x0000000080800000, 0x0000000080900000, 0x0000000080900000|100%| O|  |TAMS 0x0000000080900000, 0x0000000080800000| Untracked 
|   9|0x0000000080900000, 0x0000000080a00000, 0x0000000080a00000|100%| O|  |TAMS 0x0000000080a00000, 0x0000000080900000| Untracked 
|  10|0x0000000080a00000, 0x0000000080b00000, 0x0000000080b00000|100%| O|  |TAMS 0x0000000080b00000, 0x0000000080a00000| Untracked 
|  11|0x0000000080b00000, 0x0000000080c00000, 0x0000000080c00000|100%| O|  |TAMS 0x0000000080c00000, 0x0000000080b00000| Untracked 
|  12|0x0000000080c00000, 0x0000000080d00000, 0x0000000080d00000|100%| O|  |TAMS 0x0000000080d00000, 0x0000000080c00000| Untracked 
|  13|0x0000000080d00000, 0x0000000080e00000, 0x0000000080e00000|100%| O|  |TAMS 0x0000000080e00000, 0x0000000080d00000| Untracked 
|  14|0x0000000080e00000, 0x0000000080f00000, 0x0000000080f00000|100%| O|  |TAMS 0x0000000080f00000, 0x0000000080e00000| Untracked 
|  15|0x0000000080f00000, 0x0000000081000000, 0x0000000081000000|100%| O|  |TAMS 0x0000000081000000, 0x0000000080f00000| Untracked 
|  16|0x0000000081000000, 0x0000000081100000, 0x0000000081100000|100%|HS|  |TAMS 0x0000000081100000, 0x0000000081000000| Complete 
|  17|0x0000000081100000, 0x0000000081200000, 0x0000000081200000|100%| O|  |TAMS 0x0000000081200000, 0x0000000081100000| Untracked 
|  18|0x0000000081200000, 0x0000000081300000, 0x0000000081300000|100%| O|  |TAMS 0x0000000081300000, 0x0000000081200000| Untracked 
|  19|0x0000000081300000, 0x0000000081400000, 0x0000000081400000|100%| O|  |TAMS 0x0000000081400000, 0x0000000081300000| Untracked 
|  20|0x0000000081400000, 0x0000000081500000, 0x0000000081500000|100%| O|  |TAMS 0x0000000081500000, 0x0000000081400000| Untracked 
|  21|0x0000000081500000, 0x0000000081600000, 0x0000000081600000|100%| O|  |TAMS 0x0000000081600000, 0x0000000081500000| Untracked 
|  22|0x0000000081600000, 0x0000000081700000, 0x0000000081700000|100%| O|  |TAMS 0x0000000081700000, 0x0000000081600000| Untracked 
|  23|0x0000000081700000, 0x0000000081800000, 0x0000000081800000|100%|HS|  |TAMS 0x0000000081800000, 0x0000000081700000| Complete 
|  24|0x0000000081800000, 0x0000000081900000, 0x0000000081900000|100%|HS|  |TAMS 0x0000000081900000, 0x0000000081800000| Complete 
|  25|0x0000000081900000, 0x0000000081a00000, 0x0000000081a00000|100%|HC|  |TAMS 0x0000000081a00000, 0x0000000081900000| Complete 
|  26|0x0000000081a00000, 0x0000000081b00000, 0x0000000081b00000|100%| O|  |TAMS 0x0000000081b00000, 0x0000000081a00000| Untracked 
|  27|0x0000000081b00000, 0x0000000081c00000, 0x0000000081c00000|100%| O|  |TAMS 0x0000000081c00000, 0x0000000081b00000| Untracked 
|  28|0x0000000081c00000, 0x0000000081d00000, 0x0000000081d00000|100%| O|  |TAMS 0x0000000081d00000, 0x0000000081c00000| Untracked 
|  29|0x0000000081d00000, 0x0000000081e00000, 0x0000000081e00000|100%| O|  |TAMS 0x0000000081e00000, 0x0000000081d00000| Untracked 
|  30|0x0000000081e00000, 0x0000000081f00000, 0x0000000081f00000|100%| O|  |TAMS 0x0000000081f00000, 0x0000000081e00000| Untracked 
|  31|0x0000000081f00000, 0x0000000082000000, 0x0000000082000000|100%| O|  |TAMS 0x0000000082000000, 0x0000000081f00000| Untracked 
|  32|0x0000000082000000, 0x0000000082100000, 0x0000000082100000|100%| O|  |TAMS 0x0000000082100000, 0x0000000082000000| Untracked 
|  33|0x0000000082100000, 0x0000000082200000, 0x0000000082200000|100%| O|  |TAMS 0x0000000082200000, 0x0000000082100000| Untracked 
|  34|0x0000000082200000, 0x0000000082300000, 0x0000000082300000|100%| O|  |TAMS 0x0000000082300000, 0x0000000082200000| Untracked 
|  35|0x0000000082300000, 0x0000000082400000, 0x0000000082400000|100%| O|  |TAMS 0x0000000082400000, 0x0000000082300000| Untracked 
|  36|0x0000000082400000, 0x0000000082500000, 0x0000000082500000|100%| O|  |TAMS 0x0000000082500000, 0x0000000082400000| Untracked 
|  37|0x0000000082500000, 0x0000000082600000, 0x0000000082600000|100%| O|  |TAMS 0x0000000082600000, 0x0000000082500000| Untracked 
|  38|0x0000000082600000, 0x0000000082700000, 0x0000000082700000|100%| O|  |TAMS 0x0000000082700000, 0x0000000082600000| Untracked 
|  39|0x0000000082700000, 0x0000000082800000, 0x0000000082800000|100%| O|  |TAMS 0x0000000082800000, 0x0000000082700000| Untracked 
|  40|0x0000000082800000, 0x0000000082900000, 0x0000000082900000|100%| O|  |TAMS 0x0000000082900000, 0x0000000082800000| Untracked 
|  41|0x0000000082900000, 0x0000000082a00000, 0x0000000082a00000|100%| O|  |TAMS 0x00000000829f2a00, 0x0000000082900000| Untracked 
|  42|0x0000000082a00000, 0x0000000082b00000, 0x0000000082b00000|100%| O|  |TAMS 0x0000000082a00000, 0x0000000082a00000| Untracked 
|  43|0x0000000082b00000, 0x0000000082c00000, 0x0000000082c00000|100%| O|  |TAMS 0x0000000082b00000, 0x0000000082b00000| Untracked 
|  44|0x0000000082c00000, 0x0000000082d00000, 0x0000000082d00000|100%| O|  |TAMS 0x0000000082c00000, 0x0000000082c00000| Untracked 
|  45|0x0000000082d00000, 0x0000000082e00000, 0x0000000082e00000|100%| O|  |TAMS 0x0000000082d00000, 0x0000000082d00000| Untracked 
|  46|0x0000000082e00000, 0x0000000082f00000, 0x0000000082f00000|100%| O|  |TAMS 0x0000000082e00000, 0x0000000082e00000| Untracked 
|  47|0x0000000082f00000, 0x0000000083000000, 0x0000000083000000|100%| O|  |TAMS 0x0000000082f00000, 0x0000000082f00000| Untracked 
|  48|0x0000000083000000, 0x0000000083100000, 0x0000000083100000|100%| O|  |TAMS 0x0000000083000000, 0x0000000083000000| Untracked 
|  49|0x0000000083100000, 0x0000000083200000, 0x0000000083200000|100%| O|  |TAMS 0x0000000083100000, 0x0000000083100000| Untracked 
|  50|0x0000000083200000, 0x0000000083300000, 0x0000000083300000|100%| O|  |TAMS 0x0000000083200000, 0x0000000083200000| Untracked 
|  51|0x0000000083300000, 0x0000000083400000, 0x0000000083400000|100%| O|  |TAMS 0x0000000083300000, 0x0000000083300000| Untracked 
|  52|0x0000000083400000, 0x0000000083500000, 0x0000000083500000|100%| O|  |TAMS 0x0000000083400000, 0x0000000083400000| Untracked 
|  53|0x0000000083500000, 0x00000000835de400, 0x0000000083600000| 86%| O|  |TAMS 0x0000000083500000, 0x0000000083500000| Untracked 
|  54|0x0000000083600000, 0x0000000083600000, 0x0000000083700000|  0%| F|  |TAMS 0x0000000083600000, 0x0000000083600000| Untracked 
|  55|0x0000000083700000, 0x0000000083700000, 0x0000000083800000|  0%| F|  |TAMS 0x0000000083700000, 0x0000000083700000| Untracked 
|  56|0x0000000083800000, 0x0000000083800000, 0x0000000083900000|  0%| F|  |TAMS 0x0000000083800000, 0x0000000083800000| Untracked 
|  57|0x0000000083900000, 0x0000000083900000, 0x0000000083a00000|  0%| F|  |TAMS 0x0000000083900000, 0x0000000083900000| Untracked 
|  58|0x0000000083a00000, 0x0000000083a00000, 0x0000000083b00000|  0%| F|  |TAMS 0x0000000083a00000, 0x0000000083a00000| Untracked 
|  59|0x0000000083b00000, 0x0000000083b00000, 0x0000000083c00000|  0%| F|  |TAMS 0x0000000083b00000, 0x0000000083b00000| Untracked 
|  60|0x0000000083c00000, 0x0000000083c00000, 0x0000000083d00000|  0%| F|  |TAMS 0x0000000083c00000, 0x0000000083c00000| Untracked 
|  61|0x0000000083d00000, 0x0000000083d00000, 0x0000000083e00000|  0%| F|  |TAMS 0x0000000083d00000, 0x0000000083d00000| Untracked 
|  62|0x0000000083e00000, 0x0000000083e00000, 0x0000000083f00000|  0%| F|  |TAMS 0x0000000083e00000, 0x0000000083e00000| Untracked 
|  63|0x0000000083f00000, 0x0000000083f00000, 0x0000000084000000|  0%| F|  |TAMS 0x0000000083f00000, 0x0000000083f00000| Untracked 
|  64|0x0000000084000000, 0x0000000084000000, 0x0000000084100000|  0%| F|  |TAMS 0x0000000084000000, 0x0000000084000000| Untracked 
|  65|0x0000000084100000, 0x0000000084100000, 0x0000000084200000|  0%| F|  |TAMS 0x0000000084100000, 0x0000000084100000| Untracked 
|  66|0x0000000084200000, 0x0000000084200000, 0x0000000084300000|  0%| F|  |TAMS 0x0000000084200000, 0x0000000084200000| Untracked 
|  67|0x0000000084300000, 0x0000000084300000, 0x0000000084400000|  0%| F|  |TAMS 0x0000000084300000, 0x0000000084300000| Untracked 
|  68|0x0000000084400000, 0x0000000084400000, 0x0000000084500000|  0%| F|  |TAMS 0x0000000084400000, 0x0000000084400000| Untracked 
|  69|0x0000000084500000, 0x0000000084500000, 0x0000000084600000|  0%| F|  |TAMS 0x0000000084500000, 0x0000000084500000| Untracked 
|  70|0x0000000084600000, 0x0000000084600000, 0x0000000084700000|  0%| F|  |TAMS 0x0000000084600000, 0x0000000084600000| Untracked 
|  71|0x0000000084700000, 0x0000000084700000, 0x0000000084800000|  0%| F|  |TAMS 0x0000000084700000, 0x0000000084700000| Untracked 
|  72|0x0000000084800000, 0x0000000084800000, 0x0000000084900000|  0%| F|  |TAMS 0x0000000084800000, 0x0000000084800000| Untracked 
|  73|0x0000000084900000, 0x0000000084900000, 0x0000000084a00000|  0%| F|  |TAMS 0x0000000084900000, 0x0000000084900000| Untracked 
|  74|0x0000000084a00000, 0x0000000084a00000, 0x0000000084b00000|  0%| F|  |TAMS 0x0000000084a00000, 0x0000000084a00000| Untracked 
|  75|0x0000000084b00000, 0x0000000084b00000, 0x0000000084c00000|  0%| F|  |TAMS 0x0000000084b00000, 0x0000000084b00000| Untracked 
|  76|0x0000000084c00000, 0x0000000084c00000, 0x0000000084d00000|  0%| F|  |TAMS 0x0000000084c00000, 0x0000000084c00000| Untracked 
|  77|0x0000000084d00000, 0x0000000084d00000, 0x0000000084e00000|  0%| F|  |TAMS 0x0000000084d00000, 0x0000000084d00000| Untracked 
|  78|0x0000000084e00000, 0x0000000084e00000, 0x0000000084f00000|  0%| F|  |TAMS 0x0000000084e00000, 0x0000000084e00000| Untracked 
|  79|0x0000000084f00000, 0x0000000084f00000, 0x0000000085000000|  0%| F|  |TAMS 0x0000000084f00000, 0x0000000084f00000| Untracked 
|  80|0x0000000085000000, 0x0000000085000000, 0x0000000085100000|  0%| F|  |TAMS 0x0000000085000000, 0x0000000085000000| Untracked 
|  81|0x0000000085100000, 0x0000000085100000, 0x0000000085200000|  0%| F|  |TAMS 0x0000000085100000, 0x0000000085100000| Untracked 
|  82|0x0000000085200000, 0x0000000085200000, 0x0000000085300000|  0%| F|  |TAMS 0x0000000085200000, 0x0000000085200000| Untracked 
|  83|0x0000000085300000, 0x0000000085300000, 0x0000000085400000|  0%| F|  |TAMS 0x0000000085300000, 0x0000000085300000| Untracked 
|  84|0x0000000085400000, 0x0000000085400000, 0x0000000085500000|  0%| F|  |TAMS 0x0000000085400000, 0x0000000085400000| Untracked 
|  85|0x0000000085500000, 0x0000000085500000, 0x0000000085600000|  0%| F|  |TAMS 0x0000000085500000, 0x0000000085500000| Untracked 
|  86|0x0000000085600000, 0x0000000085600000, 0x0000000085700000|  0%| F|  |TAMS 0x0000000085600000, 0x0000000085600000| Untracked 
|  87|0x0000000085700000, 0x0000000085700000, 0x0000000085800000|  0%| F|  |TAMS 0x0000000085700000, 0x0000000085700000| Untracked 
|  88|0x0000000085800000, 0x0000000085800000, 0x0000000085900000|  0%| F|  |TAMS 0x0000000085800000, 0x0000000085800000| Untracked 
|  89|0x0000000085900000, 0x0000000085900000, 0x0000000085a00000|  0%| F|  |TAMS 0x0000000085900000, 0x0000000085900000| Untracked 
|  90|0x0000000085a00000, 0x0000000085a00000, 0x0000000085b00000|  0%| F|  |TAMS 0x0000000085a00000, 0x0000000085a00000| Untracked 
|  91|0x0000000085b00000, 0x0000000085b00000, 0x0000000085c00000|  0%| F|  |TAMS 0x0000000085b00000, 0x0000000085b00000| Untracked 
|  92|0x0000000085c00000, 0x0000000085c7ce78, 0x0000000085d00000| 48%| S|CS|TAMS 0x0000000085c00000, 0x0000000085c00000| Complete 
|  93|0x0000000085d00000, 0x0000000085e00000, 0x0000000085e00000|100%| S|CS|TAMS 0x0000000085d00000, 0x0000000085d00000| Complete 
|  94|0x0000000085e00000, 0x0000000085f00000, 0x0000000085f00000|100%| S|CS|TAMS 0x0000000085e00000, 0x0000000085e00000| Complete 
|  95|0x0000000085f00000, 0x0000000086000000, 0x0000000086000000|100%| S|CS|TAMS 0x0000000085f00000, 0x0000000085f00000| Complete 
|  96|0x0000000086000000, 0x0000000086100000, 0x0000000086100000|100%| S|CS|TAMS 0x0000000086000000, 0x0000000086000000| Complete 
|  97|0x0000000086100000, 0x0000000086100000, 0x0000000086200000|  0%| F|  |TAMS 0x0000000086100000, 0x0000000086100000| Untracked 
|  98|0x0000000086200000, 0x0000000086200000, 0x0000000086300000|  0%| F|  |TAMS 0x0000000086200000, 0x0000000086200000| Untracked 
|  99|0x0000000086300000, 0x0000000086300000, 0x0000000086400000|  0%| F|  |TAMS 0x0000000086300000, 0x0000000086300000| Untracked 
| 100|0x0000000086400000, 0x0000000086400000, 0x0000000086500000|  0%| F|  |TAMS 0x0000000086400000, 0x0000000086400000| Untracked 
| 101|0x0000000086500000, 0x0000000086500000, 0x0000000086600000|  0%| F|  |TAMS 0x0000000086500000, 0x0000000086500000| Untracked 
| 102|0x0000000086600000, 0x0000000086600000, 0x0000000086700000|  0%| F|  |TAMS 0x0000000086600000, 0x0000000086600000| Untracked 
| 103|0x0000000086700000, 0x0000000086700000, 0x0000000086800000|  0%| F|  |TAMS 0x0000000086700000, 0x0000000086700000| Untracked 
| 104|0x0000000086800000, 0x0000000086800000, 0x0000000086900000|  0%| F|  |TAMS 0x0000000086800000, 0x0000000086800000| Untracked 
| 105|0x0000000086900000, 0x0000000086900000, 0x0000000086a00000|  0%| F|  |TAMS 0x0000000086900000, 0x0000000086900000| Untracked 
| 106|0x0000000086a00000, 0x0000000086a00000, 0x0000000086b00000|  0%| F|  |TAMS 0x0000000086a00000, 0x0000000086a00000| Untracked 
| 107|0x0000000086b00000, 0x0000000086c00000, 0x0000000086c00000|100%| S|CS|TAMS 0x0000000086b00000, 0x0000000086b00000| Complete 
| 108|0x0000000086c00000, 0x0000000086d00000, 0x0000000086d00000|100%| S|CS|TAMS 0x0000000086c00000, 0x0000000086c00000| Complete 
| 109|0x0000000086d00000, 0x0000000086e00000, 0x0000000086e00000|100%| S|CS|TAMS 0x0000000086d00000, 0x0000000086d00000| Complete 
| 110|0x0000000086e00000, 0x0000000086f00000, 0x0000000086f00000|100%| S|CS|TAMS 0x0000000086e00000, 0x0000000086e00000| Complete 
| 111|0x0000000086f00000, 0x0000000087000000, 0x0000000087000000|100%| S|CS|TAMS 0x0000000086f00000, 0x0000000086f00000| Complete 
| 112|0x0000000087000000, 0x0000000087000000, 0x0000000087100000|  0%| F|  |TAMS 0x0000000087000000, 0x0000000087000000| Untracked 
| 113|0x0000000087100000, 0x0000000087100000, 0x0000000087200000|  0%| F|  |TAMS 0x0000000087100000, 0x0000000087100000| Untracked 
| 114|0x0000000087200000, 0x0000000087200000, 0x0000000087300000|  0%| F|  |TAMS 0x0000000087200000, 0x0000000087200000| Untracked 
| 115|0x0000000087300000, 0x0000000087300000, 0x0000000087400000|  0%| F|  |TAMS 0x0000000087300000, 0x0000000087300000| Untracked 
| 116|0x0000000087400000, 0x0000000087400000, 0x0000000087500000|  0%| F|  |TAMS 0x0000000087400000, 0x0000000087400000| Untracked 
| 117|0x0000000087500000, 0x0000000087500000, 0x0000000087600000|  0%| F|  |TAMS 0x0000000087500000, 0x0000000087500000| Untracked 
| 118|0x0000000087600000, 0x0000000087600000, 0x0000000087700000|  0%| F|  |TAMS 0x0000000087600000, 0x0000000087600000| Untracked 
| 119|0x0000000087700000, 0x0000000087700000, 0x0000000087800000|  0%| F|  |TAMS 0x0000000087700000, 0x0000000087700000| Untracked 
| 120|0x0000000087800000, 0x0000000087800000, 0x0000000087900000|  0%| F|  |TAMS 0x0000000087800000, 0x0000000087800000| Untracked 
| 121|0x0000000087900000, 0x0000000087900000, 0x0000000087a00000|  0%| F|  |TAMS 0x0000000087900000, 0x0000000087900000| Untracked 
| 122|0x0000000087a00000, 0x0000000087a00000, 0x0000000087b00000|  0%| F|  |TAMS 0x0000000087a00000, 0x0000000087a00000| Untracked 
| 123|0x0000000087b00000, 0x0000000087b00000, 0x0000000087c00000|  0%| F|  |TAMS 0x0000000087b00000, 0x0000000087b00000| Untracked 
| 124|0x0000000087c00000, 0x0000000087c00000, 0x0000000087d00000|  0%| F|  |TAMS 0x0000000087c00000, 0x0000000087c00000| Untracked 
| 125|0x0000000087d00000, 0x0000000087d00000, 0x0000000087e00000|  0%| F|  |TAMS 0x0000000087d00000, 0x0000000087d00000| Untracked 
| 126|0x0000000087e00000, 0x0000000087e00000, 0x0000000087f00000|  0%| F|  |TAMS 0x0000000087e00000, 0x0000000087e00000| Untracked 
| 127|0x0000000087f00000, 0x0000000087f00000, 0x0000000088000000|  0%| F|  |TAMS 0x0000000087f00000, 0x0000000087f00000| Untracked 
| 128|0x0000000088000000, 0x0000000088000000, 0x0000000088100000|  0%| F|  |TAMS 0x0000000088000000, 0x0000000088000000| Untracked 
| 129|0x0000000088100000, 0x0000000088100000, 0x0000000088200000|  0%| F|  |TAMS 0x0000000088100000, 0x0000000088100000| Untracked 
| 130|0x0000000088200000, 0x0000000088200000, 0x0000000088300000|  0%| F|  |TAMS 0x0000000088200000, 0x0000000088200000| Untracked 
| 131|0x0000000088300000, 0x0000000088300000, 0x0000000088400000|  0%| F|  |TAMS 0x0000000088300000, 0x0000000088300000| Untracked 
| 132|0x0000000088400000, 0x0000000088400000, 0x0000000088500000|  0%| F|  |TAMS 0x0000000088400000, 0x0000000088400000| Untracked 
| 133|0x0000000088500000, 0x0000000088500000, 0x0000000088600000|  0%| F|  |TAMS 0x0000000088500000, 0x0000000088500000| Untracked 
| 134|0x0000000088600000, 0x0000000088600000, 0x0000000088700000|  0%| F|  |TAMS 0x0000000088600000, 0x0000000088600000| Untracked 
| 135|0x0000000088700000, 0x0000000088700000, 0x0000000088800000|  0%| F|  |TAMS 0x0000000088700000, 0x0000000088700000| Untracked 
| 136|0x0000000088800000, 0x0000000088866bb8, 0x0000000088900000| 40%| E|  |TAMS 0x0000000088800000, 0x0000000088800000| Complete 
| 137|0x0000000088900000, 0x0000000088a00000, 0x0000000088a00000|100%| E|CS|TAMS 0x0000000088900000, 0x0000000088900000| Complete 
| 138|0x0000000088a00000, 0x0000000088b00000, 0x0000000088b00000|100%| E|CS|TAMS 0x0000000088a00000, 0x0000000088a00000| Complete 
| 139|0x0000000088b00000, 0x0000000088c00000, 0x0000000088c00000|100%| E|CS|TAMS 0x0000000088b00000, 0x0000000088b00000| Complete 
| 140|0x0000000088c00000, 0x0000000088d00000, 0x0000000088d00000|100%| E|CS|TAMS 0x0000000088c00000, 0x0000000088c00000| Complete 
| 141|0x0000000088d00000, 0x0000000088e00000, 0x0000000088e00000|100%| E|CS|TAMS 0x0000000088d00000, 0x0000000088d00000| Complete 
| 142|0x0000000088e00000, 0x0000000088f00000, 0x0000000088f00000|100%| E|CS|TAMS 0x0000000088e00000, 0x0000000088e00000| Complete 
| 143|0x0000000088f00000, 0x0000000089000000, 0x0000000089000000|100%| E|CS|TAMS 0x0000000088f00000, 0x0000000088f00000| Complete 
| 144|0x0000000089000000, 0x0000000089100000, 0x0000000089100000|100%| E|CS|TAMS 0x0000000089000000, 0x0000000089000000| Complete 
| 145|0x0000000089100000, 0x0000000089200000, 0x0000000089200000|100%| E|CS|TAMS 0x0000000089100000, 0x0000000089100000| Complete 
| 146|0x0000000089200000, 0x0000000089300000, 0x0000000089300000|100%| E|CS|TAMS 0x0000000089200000, 0x0000000089200000| Complete 
| 147|0x0000000089300000, 0x0000000089400000, 0x0000000089400000|100%| E|CS|TAMS 0x0000000089300000, 0x0000000089300000| Complete 
| 148|0x0000000089400000, 0x0000000089500000, 0x0000000089500000|100%| E|  |TAMS 0x0000000089400000, 0x0000000089400000| Complete 
| 149|0x0000000089500000, 0x0000000089600000, 0x0000000089600000|100%| E|CS|TAMS 0x0000000089500000, 0x0000000089500000| Complete 
| 150|0x0000000089600000, 0x0000000089700000, 0x0000000089700000|100%| E|CS|TAMS 0x0000000089600000, 0x0000000089600000| Complete 
| 151|0x0000000089700000, 0x0000000089800000, 0x0000000089800000|100%| E|CS|TAMS 0x0000000089700000, 0x0000000089700000| Complete 
| 152|0x0000000089800000, 0x0000000089900000, 0x0000000089900000|100%| E|CS|TAMS 0x0000000089800000, 0x0000000089800000| Complete 
| 153|0x0000000089900000, 0x0000000089a00000, 0x0000000089a00000|100%| E|CS|TAMS 0x0000000089900000, 0x0000000089900000| Complete 
| 154|0x0000000089a00000, 0x0000000089b00000, 0x0000000089b00000|100%| E|CS|TAMS 0x0000000089a00000, 0x0000000089a00000| Complete 
| 155|0x0000000089b00000, 0x0000000089c00000, 0x0000000089c00000|100%| E|CS|TAMS 0x0000000089b00000, 0x0000000089b00000| Complete 
| 156|0x0000000089c00000, 0x0000000089d00000, 0x0000000089d00000|100%| E|CS|TAMS 0x0000000089c00000, 0x0000000089c00000| Complete 
| 157|0x0000000089d00000, 0x0000000089e00000, 0x0000000089e00000|100%| E|CS|TAMS 0x0000000089d00000, 0x0000000089d00000| Complete 
| 158|0x0000000089e00000, 0x0000000089f00000, 0x0000000089f00000|100%| E|CS|TAMS 0x0000000089e00000, 0x0000000089e00000| Complete 
| 159|0x0000000089f00000, 0x000000008a000000, 0x000000008a000000|100%| E|CS|TAMS 0x0000000089f00000, 0x0000000089f00000| Complete 
| 160|0x000000008a000000, 0x000000008a100000, 0x000000008a100000|100%| E|CS|TAMS 0x000000008a000000, 0x000000008a000000| Complete 
| 161|0x000000008a100000, 0x000000008a200000, 0x000000008a200000|100%| E|CS|TAMS 0x000000008a100000, 0x000000008a100000| Complete 
| 162|0x000000008a200000, 0x000000008a300000, 0x000000008a300000|100%| E|CS|TAMS 0x000000008a200000, 0x000000008a200000| Complete 
| 163|0x000000008a300000, 0x000000008a400000, 0x000000008a400000|100%| E|CS|TAMS 0x000000008a300000, 0x000000008a300000| Complete 
| 164|0x000000008a400000, 0x000000008a500000, 0x000000008a500000|100%| E|CS|TAMS 0x000000008a400000, 0x000000008a400000| Complete 
| 165|0x000000008a500000, 0x000000008a600000, 0x000000008a600000|100%| E|CS|TAMS 0x000000008a500000, 0x000000008a500000| Complete 
| 166|0x000000008a600000, 0x000000008a700000, 0x000000008a700000|100%| E|CS|TAMS 0x000000008a600000, 0x000000008a600000| Complete 
| 167|0x000000008a700000, 0x000000008a800000, 0x000000008a800000|100%| E|CS|TAMS 0x000000008a700000, 0x000000008a700000| Complete 
| 168|0x000000008a800000, 0x000000008a900000, 0x000000008a900000|100%| E|CS|TAMS 0x000000008a800000, 0x000000008a800000| Complete 
| 169|0x000000008a900000, 0x000000008aa00000, 0x000000008aa00000|100%| E|CS|TAMS 0x000000008a900000, 0x000000008a900000| Complete 
| 170|0x000000008aa00000, 0x000000008ab00000, 0x000000008ab00000|100%| E|CS|TAMS 0x000000008aa00000, 0x000000008aa00000| Complete 
| 171|0x000000008ab00000, 0x000000008ac00000, 0x000000008ac00000|100%| E|CS|TAMS 0x000000008ab00000, 0x000000008ab00000| Complete 
| 172|0x000000008ac00000, 0x000000008ad00000, 0x000000008ad00000|100%| E|CS|TAMS 0x000000008ac00000, 0x000000008ac00000| Complete 
| 173|0x000000008ad00000, 0x000000008ae00000, 0x000000008ae00000|100%| E|CS|TAMS 0x000000008ad00000, 0x000000008ad00000| Complete 
| 174|0x000000008ae00000, 0x000000008af00000, 0x000000008af00000|100%| E|CS|TAMS 0x000000008ae00000, 0x000000008ae00000| Complete 
| 175|0x000000008af00000, 0x000000008b000000, 0x000000008b000000|100%| E|CS|TAMS 0x000000008af00000, 0x000000008af00000| Complete 
| 176|0x000000008b000000, 0x000000008b100000, 0x000000008b100000|100%| E|CS|TAMS 0x000000008b000000, 0x000000008b000000| Complete 
| 177|0x000000008b100000, 0x000000008b200000, 0x000000008b200000|100%| E|CS|TAMS 0x000000008b100000, 0x000000008b100000| Complete 
| 178|0x000000008b200000, 0x000000008b300000, 0x000000008b300000|100%| E|CS|TAMS 0x000000008b200000, 0x000000008b200000| Complete 
| 179|0x000000008b300000, 0x000000008b400000, 0x000000008b400000|100%| E|CS|TAMS 0x000000008b300000, 0x000000008b300000| Complete 
| 180|0x000000008b400000, 0x000000008b500000, 0x000000008b500000|100%| E|CS|TAMS 0x000000008b400000, 0x000000008b400000| Complete 
| 181|0x000000008b500000, 0x000000008b600000, 0x000000008b600000|100%| E|CS|TAMS 0x000000008b500000, 0x000000008b500000| Complete 
| 182|0x000000008b600000, 0x000000008b700000, 0x000000008b700000|100%| E|CS|TAMS 0x000000008b600000, 0x000000008b600000| Complete 
| 183|0x000000008b700000, 0x000000008b800000, 0x000000008b800000|100%| E|CS|TAMS 0x000000008b700000, 0x000000008b700000| Complete 
| 184|0x000000008b800000, 0x000000008b900000, 0x000000008b900000|100%| E|CS|TAMS 0x000000008b800000, 0x000000008b800000| Complete 

Card table byte_map: [0x000001cb68f00000,0x000001cb69300000] _byte_map_base: 0x000001cb68b00000

Marking Bits (Prev, Next): (CMBitMap*) 0x000001cb53bce398, (CMBitMap*) 0x000001cb53bce3d0
 Prev Bits: [0x000001cb69700000, 0x000001cb6b700000)
 Next Bits: [0x000001cb6b700000, 0x000001cb6d700000)

Polling page: 0x000001cb53c70000

Metaspace:

Usage:
  Non-class:     70.65 MB capacity,    69.15 MB ( 98%) used,     1.23 MB (  2%) free+waste,   270.00 KB ( <1%) overhead. 
      Class:     11.29 MB capacity,    10.44 MB ( 92%) used,   744.30 KB (  6%) free+waste,   126.31 KB (  1%) overhead. 
       Both:     81.94 MB capacity,    79.60 MB ( 97%) used,     1.96 MB (  2%) free+waste,   396.31 KB ( <1%) overhead. 

Virtual space:
  Non-class space:       72.00 MB reserved,      70.68 MB ( 98%) committed 
      Class space:        1.00 GB reserved,      11.32 MB (  1%) committed 
             Both:        1.07 GB reserved,      82.00 MB (  7%) committed 

Chunk freelists:
   Non-Class:  27.00 KB
       Class:  19.00 KB
        Both:  46.00 KB

MaxMetaspaceSize: 17179869184.00 GB
CompressedClassSpaceSize: 1.00 GB

CodeHeap 'non-profiled nmethods': size=120000Kb used=5415Kb max_used=5415Kb free=114584Kb
 bounds [0x000001cb60940000, 0x000001cb60e90000, 0x000001cb67e70000]
CodeHeap 'profiled nmethods': size=120000Kb used=19288Kb max_used=19288Kb free=100712Kb
 bounds [0x000001cb59410000, 0x000001cb5a6f0000, 0x000001cb60940000]
CodeHeap 'non-nmethods': size=5760Kb used=2274Kb max_used=2359Kb free=3486Kb
 bounds [0x000001cb58e70000, 0x000001cb590e0000, 0x000001cb59410000]
 total_blobs=9992 nmethods=9122 adapters=781
 compilation: enabled
              stopped_count=0, restarted_count=0
 full_count=0

Compilation events (20 events):
Event: 5.915 Thread 0x000001cb70db3000 nmethod 9071 0x000001cb5a6c4d10 code [0x000001cb5a6c4f60, 0x000001cb5a6c58e8]
Event: 5.915 Thread 0x000001cb70db3000 9069       3       org.apache.xerces.impl.XMLErrorReporter::setProperty (47 bytes)
Event: 5.915 Thread 0x000001cb70db3000 nmethod 9069 0x000001cb5a6c5d90 code [0x000001cb5a6c5fe0, 0x000001cb5a6c68f8]
Event: 5.915 Thread 0x000001cb70db3000 9073       1       org.apache.xerces.impl.XMLErrorReporter::setDocumentLocator (6 bytes)
Event: 5.915 Thread 0x000001cb70db3000 nmethod 9073 0x000001cb60e85910 code [0x000001cb60e85ac0, 0x000001cb60e85bb8]
Event: 5.916 Thread 0x000001cb70db3000 9074       3       org.apache.xerces.impl.dtd.XMLDTDValidator::getFeatureDefault (36 bytes)
Event: 5.916 Thread 0x000001cb70db3000 nmethod 9074 0x000001cb5a6c6c10 code [0x000001cb5a6c6de0, 0x000001cb5a6c70a8]
Event: 5.916 Thread 0x000001cb70db3000 9078       3       org.apache.xerces.impl.dtd.XMLDTDProcessor::getFeatureDefault (36 bytes)
Event: 5.916 Thread 0x000001cb70db3000 nmethod 9078 0x000001cb5a6c7290 code [0x000001cb5a6c7460, 0x000001cb5a6c7728]
Event: 5.916 Thread 0x000001cb70db3000 9079       3       org.apache.xerces.impl.dtd.XMLDTDProcessor::getPropertyDefault (36 bytes)
Event: 5.916 Thread 0x000001cb70db3000 nmethod 9079 0x000001cb5a6c7910 code [0x000001cb5a6c7ae0, 0x000001cb5a6c7da8]
Event: 5.916 Thread 0x000001cb70db3000 9076       3       org.apache.xerces.util.XMLResourceIdentifierImpl::<init> (5 bytes)
Event: 5.916 Thread 0x000001cb70db3000 nmethod 9076 0x000001cb5a6c7f90 code [0x000001cb5a6c8140, 0x000001cb5a6c8298]
Event: 5.916 Thread 0x000001cb70db3000 9077       3       org.apache.xerces.parsers.XML11Configuration::addComponent (27 bytes)
Event: 5.916 Thread 0x000001cb70db3000 nmethod 9077 0x000001cb5a6c8390 code [0x000001cb5a6c85e0, 0x000001cb5a6c9058]
Event: 5.916 Thread 0x000001cb70db3000 9075   !   3       org.apache.xerces.parsers.SecuritySupport$3::run (28 bytes)
Event: 5.917 Thread 0x000001cb70db3000 nmethod 9075 0x000001cb5a6c9410 code [0x000001cb5a6c9660, 0x000001cb5a6c9ff8]
Event: 5.917 Thread 0x000001cb70db3000 9080       3       com.android.utils.PositionXmlParser$DomBuilder::addNodeToParent (59 bytes)
Event: 5.917 Thread 0x000001cb70db3000 nmethod 9080 0x000001cb5a6ca410 code [0x000001cb5a6ca640, 0x000001cb5a6caea8]
Event: 5.917 Thread 0x000001cb70db3000 9082   !   3       org.apache.xerces.parsers.AbstractSAXParser::setFeature (521 bytes)

GC Heap History (20 events):
Event: 1.751 GC heap before
{Heap before GC invocations=4 (full 0):
 garbage-first heap   total 131072K, used 79474K [0x0000000080000000, 0x0000000100000000)
  region size 1024K, 63 young (64512K), 1 survivors (1024K)
 Metaspace       used 26554K, capacity 27202K, committed 27392K, reserved 1073152K
  class space    used 3503K, capacity 3756K, committed 3840K, reserved 1048576K
}
Event: 1.754 GC heap after
{Heap after GC invocations=5 (full 0):
 garbage-first heap   total 131072K, used 18893K [0x0000000080000000, 0x0000000100000000)
  region size 1024K, 3 young (3072K), 3 survivors (3072K)
 Metaspace       used 26554K, capacity 27202K, committed 27392K, reserved 1073152K
  class space    used 3503K, capacity 3756K, committed 3840K, reserved 1048576K
}
Event: 2.156 GC heap before
{Heap before GC invocations=5 (full 0):
 garbage-first heap   total 131072K, used 65997K [0x0000000080000000, 0x0000000100000000)
  region size 1024K, 51 young (52224K), 3 survivors (3072K)
 Metaspace       used 35032K, capacity 35830K, committed 35840K, reserved 1081344K
  class space    used 4539K, capacity 4864K, committed 4864K, reserved 1048576K
}
Event: 2.162 GC heap after
{Heap after GC invocations=6 (full 0):
 garbage-first heap   total 131072K, used 22197K [0x0000000080000000, 0x0000000100000000)
  region size 1024K, 6 young (6144K), 6 survivors (6144K)
 Metaspace       used 35032K, capacity 35830K, committed 35840K, reserved 1081344K
  class space    used 4539K, capacity 4864K, committed 4864K, reserved 1048576K
}
Event: 2.520 GC heap before
{Heap before GC invocations=7 (full 0):
 garbage-first heap   total 131072K, used 88757K [0x0000000080000000, 0x0000000100000000)
  region size 1024K, 69 young (70656K), 6 survivors (6144K)
 Metaspace       used 39560K, capacity 40526K, committed 40780K, reserved 1085440K
  class space    used 5065K, capacity 5422K, committed 5452K, reserved 1048576K
}
Event: 2.526 GC heap after
{Heap after GC invocations=8 (full 0):
 garbage-first heap   total 157696K, used 27425K [0x0000000080000000, 0x0000000100000000)
  region size 1024K, 9 young (9216K), 9 survivors (9216K)
 Metaspace       used 39560K, capacity 40526K, committed 40780K, reserved 1085440K
  class space    used 5065K, capacity 5422K, committed 5452K, reserved 1048576K
}
Event: 2.994 GC heap before
{Heap before GC invocations=8 (full 0):
 garbage-first heap   total 157696K, used 101153K [0x0000000080000000, 0x0000000100000000)
  region size 1024K, 81 young (82944K), 9 survivors (9216K)
 Metaspace       used 45890K, capacity 47094K, committed 47308K, reserved 1089536K
  class space    used 5882K, capacity 6305K, committed 6348K, reserved 1048576K
}
Event: 3.000 GC heap after
{Heap after GC invocations=9 (full 0):
 garbage-first heap   total 157696K, used 30400K [0x0000000080000000, 0x0000000100000000)
  region size 1024K, 9 young (9216K), 9 survivors (9216K)
 Metaspace       used 45890K, capacity 47094K, committed 47308K, reserved 1089536K
  class space    used 5882K, capacity 6305K, committed 6348K, reserved 1048576K
}
Event: 3.469 GC heap before
{Heap before GC invocations=9 (full 0):
 garbage-first heap   total 157696K, used 108224K [0x0000000080000000, 0x0000000100000000)
  region size 1024K, 82 young (83968K), 9 survivors (9216K)
 Metaspace       used 51886K, capacity 53240K, committed 53452K, reserved 1095680K
  class space    used 6628K, capacity 7102K, committed 7116K, reserved 1048576K
}
Event: 3.476 GC heap after
{Heap after GC invocations=10 (full 0):
 garbage-first heap   total 157696K, used 42706K [0x0000000080000000, 0x0000000100000000)
  region size 1024K, 11 young (11264K), 11 survivors (11264K)
 Metaspace       used 51886K, capacity 53240K, committed 53452K, reserved 1095680K
  class space    used 6628K, capacity 7102K, committed 7116K, reserved 1048576K
}
Event: 3.831 GC heap before
{Heap before GC invocations=10 (full 0):
 garbage-first heap   total 157696K, used 82642K [0x0000000080000000, 0x0000000100000000)
  region size 1024K, 51 young (52224K), 11 survivors (11264K)
 Metaspace       used 58549K, capacity 60055K, committed 60288K, reserved 1101824K
  class space    used 7447K, capacity 8006K, committed 8140K, reserved 1048576K
}
Event: 3.841 GC heap after
{Heap after GC invocations=11 (full 0):
 garbage-first heap   total 157696K, used 46026K [0x0000000080000000, 0x0000000100000000)
  region size 1024K, 3 young (3072K), 3 survivors (3072K)
 Metaspace       used 58549K, capacity 60055K, committed 60288K, reserved 1101824K
  class space    used 7447K, capacity 8006K, committed 8140K, reserved 1048576K
}
Event: 4.241 GC heap before
{Heap before GC invocations=12 (full 0):
 garbage-first heap   total 157696K, used 106442K [0x0000000080000000, 0x0000000100000000)
  region size 1024K, 62 young (63488K), 3 survivors (3072K)
 Metaspace       used 63169K, capacity 64699K, committed 65024K, reserved 1105920K
  class space    used 8056K, capacity 8643K, committed 8780K, reserved 1048576K
}
Event: 4.249 GC heap after
{Heap after GC invocations=13 (full 0):
 garbage-first heap   total 189440K, used 50528K [0x0000000080000000, 0x0000000100000000)
  region size 1024K, 8 young (8192K), 8 survivors (8192K)
 Metaspace       used 63169K, capacity 64699K, committed 65024K, reserved 1105920K
  class space    used 8056K, capacity 8643K, committed 8780K, reserved 1048576K
}
Event: 4.787 GC heap before
{Heap before GC invocations=14 (full 0):
 garbage-first heap   total 189440K, used 123232K [0x0000000080000000, 0x0000000100000000)
  region size 1024K, 79 young (80896K), 8 survivors (8192K)
 Metaspace       used 69480K, capacity 71191K, committed 71296K, reserved 1112064K
  class space    used 9016K, capacity 9620K, committed 9676K, reserved 1048576K
}
Event: 4.794 GC heap after
{Heap after GC invocations=15 (full 0):
 garbage-first heap   total 189440K, used 55583K [0x0000000080000000, 0x0000000100000000)
  region size 1024K, 6 young (6144K), 6 survivors (6144K)
 Metaspace       used 69480K, capacity 71191K, committed 71296K, reserved 1112064K
  class space    used 9016K, capacity 9620K, committed 9676K, reserved 1048576K
}
Event: 5.342 GC heap before
{Heap before GC invocations=15 (full 0):
 garbage-first heap   total 189440K, used 129311K [0x0000000080000000, 0x0000000100000000)
  region size 1024K, 78 young (79872K), 6 survivors (6144K)
 Metaspace       used 77032K, capacity 78871K, committed 79104K, reserved 1118208K
  class space    used 10091K, capacity 10739K, committed 10828K, reserved 1048576K
}
Event: 5.347 GC heap after
{Heap after GC invocations=16 (full 0):
 garbage-first heap   total 189440K, used 60015K [0x0000000080000000, 0x0000000100000000)
  region size 1024K, 10 young (10240K), 10 survivors (10240K)
 Metaspace       used 77032K, capacity 78871K, committed 79104K, reserved 1118208K
  class space    used 10091K, capacity 10739K, committed 10828K, reserved 1048576K
}
Event: 5.673 GC heap before
{Heap before GC invocations=16 (full 0):
 garbage-first heap   total 189440K, used 133743K [0x0000000080000000, 0x0000000100000000)
  region size 1024K, 83 young (84992K), 10 survivors (10240K)
 Metaspace       used 79422K, capacity 81855K, committed 82048K, reserved 1120256K
  class space    used 10500K, capacity 11385K, committed 11468K, reserved 1048576K
}
Event: 5.680 GC heap after
{Heap after GC invocations=17 (full 0):
 garbage-first heap   total 189440K, used 64876K [0x0000000080000000, 0x0000000100000000)
  region size 1024K, 10 young (10240K), 10 survivors (10240K)
 Metaspace       used 79422K, capacity 81855K, committed 82048K, reserved 1120256K
  class space    used 10500K, capacity 11385K, committed 11468K, reserved 1048576K
}

Deoptimization events (20 events):
Event: 5.862 Thread 0x000001cb7435d800 Uncommon trap: trap_request=0xffffff4d fr.pc=0x000001cb60e19460 relative=0x00000000000001e0
Event: 5.862 Thread 0x000001cb7435d800 Uncommon trap: reason=unstable_if action=reinterpret pc=0x000001cb60e19460 method=sun.invoke.util.VerifyAccess.isTypeVisible(Ljava/lang/Class;Ljava/lang/Class;)Z @ 77 c2
Event: 5.862 Thread 0x000001cb7435d800 DEOPT PACKING pc=0x000001cb60e19460 sp=0x000000b5ba4f9060
Event: 5.862 Thread 0x000001cb7435d800 DEOPT UNPACKING pc=0x000001cb58e978af sp=0x000000b5ba4f8ff0 mode 2
Event: 5.892 Thread 0x000001cb7435d800 Uncommon trap: trap_request=0xffffff4d fr.pc=0x000001cb60c26658 relative=0x0000000000000498
Event: 5.892 Thread 0x000001cb7435d800 Uncommon trap: reason=unstable_if action=reinterpret pc=0x000001cb60c26658 method=org.apache.xerces.util.SymbolTable.addSymbol([CII)Ljava/lang/String; @ 36 c2
Event: 5.892 Thread 0x000001cb7435d800 DEOPT PACKING pc=0x000001cb60c26658 sp=0x000000b5ba4f98f0
Event: 5.892 Thread 0x000001cb7435d800 DEOPT UNPACKING pc=0x000001cb58e978af sp=0x000000b5ba4f9868 mode 2
Event: 5.893 Thread 0x000001cb7435d800 Uncommon trap: trap_request=0xffffff4d fr.pc=0x000001cb60e82738 relative=0x0000000000000098
Event: 5.893 Thread 0x000001cb7435d800 Uncommon trap: reason=unstable_if action=reinterpret pc=0x000001cb60e82738 method=org.apache.xerces.impl.XMLEntityScanner.peekChar()I @ 14 c2
Event: 5.893 Thread 0x000001cb7435d800 DEOPT PACKING pc=0x000001cb60e82738 sp=0x000000b5ba4f99f0
Event: 5.893 Thread 0x000001cb7435d800 DEOPT UNPACKING pc=0x000001cb58e978af sp=0x000000b5ba4f9980 mode 2
Event: 5.899 Thread 0x000001cb7435d800 Uncommon trap: trap_request=0xffffff4d fr.pc=0x000001cb60953018 relative=0x0000000000000258
Event: 5.899 Thread 0x000001cb7435d800 Uncommon trap: reason=unstable_if action=reinterpret pc=0x000001cb60953018 method=java.lang.String.getChars(II[CI)V @ 23 c2
Event: 5.899 Thread 0x000001cb7435d800 DEOPT PACKING pc=0x000001cb60953018 sp=0x000000b5ba4f9930
Event: 5.899 Thread 0x000001cb7435d800 DEOPT UNPACKING pc=0x000001cb58e978af sp=0x000000b5ba4f98c8 mode 2
Event: 5.900 Thread 0x000001cb7435d800 Uncommon trap: trap_request=0xffffff4d fr.pc=0x000001cb60a44f88 relative=0x0000000000000268
Event: 5.900 Thread 0x000001cb7435d800 Uncommon trap: reason=unstable_if action=reinterpret pc=0x000001cb60a44f88 method=java.lang.AbstractStringBuilder.appendChars([CII)V @ 43 c2
Event: 5.900 Thread 0x000001cb7435d800 DEOPT PACKING pc=0x000001cb60a44f88 sp=0x000000b5ba4f97f0
Event: 5.900 Thread 0x000001cb7435d800 DEOPT UNPACKING pc=0x000001cb58e978af sp=0x000000b5ba4f9768 mode 2

Classes redefined (0 events):
No events

Internal exceptions (20 events):
Event: 5.330 Thread 0x000001cb7435c000 Exception <a 'java/lang/NoSuchMethodError'{0x00000000872192f8}: <clinit>> (0x00000000872192f8) thrown at [./src/hotspot/share/prims/jni.cpp, line 1362]
Event: 5.332 Thread 0x000001cb7435c000 Exception <a 'java/lang/NoSuchMethodError'{0x0000000087278d00}: <clinit>> (0x0000000087278d00) thrown at [./src/hotspot/share/prims/jni.cpp, line 1362]
Event: 5.333 Thread 0x000001cb7435c000 Exception <a 'java/lang/NoSuchMethodError'{0x0000000087291f88}: <clinit>> (0x0000000087291f88) thrown at [./src/hotspot/share/prims/jni.cpp, line 1362]
Event: 5.356 Thread 0x000001cb73020000 Exception <a 'java/lang/NoSuchMethodError'{0x000000008b8c8a58}: <clinit>> (0x000000008b8c8a58) thrown at [./src/hotspot/share/prims/jni.cpp, line 1362]
Event: 5.366 Thread 0x000001cb7435d800 Exception <a 'java/lang/NoSuchMethodError'{0x000000008b6ba608}: 'java.lang.Object java.lang.invoke.Invokers$Holder.linkToTargetMethod(java.lang.Object, java.lang.Object, java.lang.Object, int, java.lang.Object, java.lang.Object)'> (0x000000008b6ba608) thrown at [./src/hotspot/share/interpreter/linkResolver.cpp, line 773]
Event: 5.526 Thread 0x000001cb73851000 Exception <a 'java/lang/NoSuchMethodError'{0x000000008a234730}: 'java.lang.Object java.lang.invoke.DirectMethodHandle$Holder.invokeSpecialIFC(java.lang.Object, java.lang.Object, java.lang.Object)'> (0x000000008a234730) thrown at [./src/hotspot/share/interpreter/linkResolver.cpp, line 773]
Event: 5.526 Thread 0x000001cb7384b800 Exception <a 'java/lang/NoSuchMethodError'{0x000000008a343950}: 'java.lang.Object java.lang.invoke.DirectMethodHandle$Holder.invokeSpecialIFC(java.lang.Object, java.lang.Object, java.lang.Object)'> (0x000000008a343950) thrown at [./src/hotspot/share/interpreter/linkResolver.cpp, line 773]
Event: 5.526 Thread 0x000001cb7384f800 Exception <a 'java/lang/NoSuchMethodError'{0x000000008a35a108}: 'java.lang.Object java.lang.invoke.DirectMethodHandle$Holder.invokeSpecialIFC(java.lang.Object, java.lang.Object, java.lang.Object)'> (0x000000008a35a108) thrown at [./src/hotspot/share/interpreter/linkResolver.cpp, line 773]
Event: 5.526 Thread 0x000001cb7384e800 Exception <a 'java/lang/NoSuchMethodError'{0x000000008a3fe928}: 'java.lang.Object java.lang.invoke.DirectMethodHandle$Holder.invokeSpecialIFC(java.lang.Object, java.lang.Object, java.lang.Object)'> (0x000000008a3fe928) thrown at [./src/hotspot/share/interpreter/linkResolver.cpp, line 773]
Event: 5.526 Thread 0x000001cb7384d800 Exception <a 'java/lang/NoSuchMethodError'{0x000000008a2216b0}: 'java.lang.Object java.lang.invoke.DirectMethodHandle$Holder.invokeSpecialIFC(java.lang.Object, java.lang.Object, java.lang.Object)'> (0x000000008a2216b0) thrown at [./src/hotspot/share/interpreter/linkResolver.cpp, line 773]
Event: 5.526 Thread 0x000001cb73850000 Exception <a 'java/lang/NoSuchMethodError'{0x000000008a249f78}: 'java.lang.Object java.lang.invoke.DirectMethodHandle$Holder.invokeSpecialIFC(java.lang.Object, java.lang.Object, java.lang.Object)'> (0x000000008a249f78) thrown at [./src/hotspot/share/interpreter/linkResolver.cpp, line 773]
Event: 5.526 Thread 0x000001cb7384c000 Exception <a 'java/lang/NoSuchMethodError'{0x000000008a38a450}: 'java.lang.Object java.lang.invoke.DirectMethodHandle$Holder.invokeSpecialIFC(java.lang.Object, java.lang.Object, java.lang.Object)'> (0x000000008a38a450) thrown at [./src/hotspot/share/interpreter/linkResolver.cpp, line 773]
Event: 5.526 Thread 0x000001cb7384d000 Exception <a 'java/lang/NoSuchMethodError'{0x000000008a20a060}: 'java.lang.Object java.lang.invoke.DirectMethodHandle$Holder.invokeSpecialIFC(java.lang.Object, java.lang.Object, java.lang.Object)'> (0x000000008a20a060) thrown at [./src/hotspot/share/interpreter/linkResolver.cpp, line 773]
Event: 5.526 Thread 0x000001cb73852000 Exception <a 'java/lang/NoSuchMethodError'{0x000000008a3b85e8}: 'java.lang.Object java.lang.invoke.DirectMethodHandle$Holder.invokeSpecialIFC(java.lang.Object, java.lang.Object, java.lang.Object)'> (0x000000008a3b85e8) thrown at [./src/hotspot/share/interpreter/linkResolver.cpp, line 773]
Event: 5.526 Thread 0x000001cb73853800 Exception <a 'java/lang/NoSuchMethodError'{0x000000008a36f560}: 'java.lang.Object java.lang.invoke.DirectMethodHandle$Holder.invokeSpecialIFC(java.lang.Object, java.lang.Object, java.lang.Object)'> (0x000000008a36f560) thrown at [./src/hotspot/share/interpreter/linkResolver.cpp, line 773]
Event: 5.527 Thread 0x000001cb73852800 Exception <a 'java/lang/NoSuchMethodError'{0x000000008a3a3420}: 'java.lang.Object java.lang.invoke.DirectMethodHandle$Holder.invokeSpecialIFC(java.lang.Object, java.lang.Object, java.lang.Object)'> (0x000000008a3a3420) thrown at [./src/hotspot/share/interpreter/linkResolver.cpp, line 773]
Event: 5.526 Thread 0x000001cb73856000 Exception <a 'java/lang/NoSuchMethodError'{0x000000008a3cfec0}: 'java.lang.Object java.lang.invoke.DirectMethodHandle$Holder.invokeSpecialIFC(java.lang.Object, java.lang.Object, java.lang.Object)'> (0x000000008a3cfec0) thrown at [./src/hotspot/share/interpreter/linkResolver.cpp, line 773]
Event: 5.547 Thread 0x000001cb73856000 Exception <a 'java/lang/NoSuchMethodError'{0x0000000089dc06d8}: 'int java.lang.invoke.DirectMethodHandle$Holder.invokeStaticInit(java.lang.Object, java.lang.Object, java.lang.Object, java.lang.Object, java.lang.Object)'> (0x0000000089dc06d8) thrown at [./src/hotspot/share/interpreter/linkResolver.cpp, line 773]
Event: 5.589 Thread 0x000001cb73851000 Exception <a 'java/lang/NoSuchMethodError'{0x0000000088f955f8}: 'void java.lang.invoke.DirectMethodHandle$Holder.invokeVirtual(java.lang.Object, java.lang.Object)'> (0x0000000088f955f8) thrown at [./src/hotspot/share/interpreter/linkResolver.cpp, line 773]
Event: 5.705 Thread 0x000001cb7435d800 Exception <a 'java/lang/IncompatibleClassChangeError'{0x000000008b269980}: Found class java.lang.Object, but interface was expected> (0x000000008b269980) thrown at [./src/hotspot/share/interpreter/linkResolver.cpp, line 839]

Events (20 events):
Event: 5.876 loading class com/android/resources/WideGamutColor
Event: 5.876 loading class com/android/resources/WideGamutColor done
Event: 5.877 loading class com/android/resources/HighDynamicRange
Event: 5.877 loading class com/android/resources/HighDynamicRange done
Event: 5.877 loading class com/android/resources/ScreenOrientation
Event: 5.877 loading class com/android/resources/ScreenOrientation done
Event: 5.877 loading class com/android/resources/UiMode
Event: 5.877 loading class com/android/resources/UiMode done
Event: 5.877 loading class com/android/resources/NightMode
Event: 5.877 loading class com/android/resources/NightMode done
Event: 5.878 loading class com/android/resources/TouchScreen
Event: 5.878 loading class com/android/resources/TouchScreen done
Event: 5.878 loading class com/android/resources/KeyboardState
Event: 5.878 loading class com/android/resources/KeyboardState done
Event: 5.878 loading class com/android/resources/Keyboard
Event: 5.878 loading class com/android/resources/Keyboard done
Event: 5.878 loading class com/android/resources/NavigationState
Event: 5.878 loading class com/android/resources/NavigationState done
Event: 5.879 loading class com/android/resources/Navigation
Event: 5.879 loading class com/android/resources/Navigation done


Dynamic libraries:
0x00007ff78b620000 - 0x00007ff78b62a000 	C:\Program Files\Android\Android Studio\jre\bin\java.exe
0x00007ff99e340000 - 0x00007ff99e547000 	C:\Windows\SYSTEM32\ntdll.dll
0x00007ff99dbf0000 - 0x00007ff99dcad000 	C:\Windows\System32\KERNEL32.DLL
0x00007ff99bba0000 - 0x00007ff99bf14000 	C:\Windows\System32\KERNELBASE.dll
0x00007ff99b9e0000 - 0x00007ff99baf1000 	C:\Windows\System32\ucrtbase.dll
0x00007ff9942a0000 - 0x00007ff9942b9000 	C:\Program Files\Android\Android Studio\jre\bin\jli.dll
0x00007ff992880000 - 0x00007ff992897000 	C:\Program Files\Android\Android Studio\jre\bin\VCRUNTIME140.dll
0x00007ff99ca60000 - 0x00007ff99cc0c000 	C:\Windows\System32\USER32.dll
0x00007ff98c7e0000 - 0x00007ff98ca85000 	C:\Windows\WinSxS\amd64_microsoft.windows.common-controls_6595b64144ccf1df_6.0.22000.120_none_9d947278b86cc467\COMCTL32.dll
0x00007ff99b9b0000 - 0x00007ff99b9d6000 	C:\Windows\System32\win32u.dll
0x00007ff99c1d0000 - 0x00007ff99c273000 	C:\Windows\System32\msvcrt.dll
0x00007ff99dcb0000 - 0x00007ff99dcd9000 	C:\Windows\System32\GDI32.dll
0x00007ff99b890000 - 0x00007ff99b9a2000 	C:\Windows\System32\gdi32full.dll
0x00007ff99bb00000 - 0x00007ff99bb9d000 	C:\Windows\System32\msvcp_win.dll
0x00007ff99c880000 - 0x00007ff99c8b1000 	C:\Windows\System32\IMM32.DLL
0x00007ff96cc10000 - 0x00007ff96ccad000 	C:\Program Files\Android\Android Studio\jre\bin\msvcp140.dll
0x00007ff967790000 - 0x00007ff96825f000 	C:\Program Files\Android\Android Studio\jre\bin\server\jvm.dll
0x00007ff99d910000 - 0x00007ff99d9bc000 	C:\Windows\System32\ADVAPI32.dll
0x00007ff99c660000 - 0x00007ff99c6fd000 	C:\Windows\System32\sechost.dll
0x00007ff99c920000 - 0x00007ff99ca41000 	C:\Windows\System32\RPCRT4.dll
0x00007ff99e130000 - 0x00007ff99e138000 	C:\Windows\System32\PSAPI.DLL
0x00007ff998b50000 - 0x00007ff998b59000 	C:\Windows\SYSTEM32\WSOCK32.dll
0x00007ff99da20000 - 0x00007ff99da8f000 	C:\Windows\System32\WS2_32.dll
0x00007ff996060000 - 0x00007ff996093000 	C:\Windows\SYSTEM32\WINMM.dll
0x00007ff9950f0000 - 0x00007ff9950fa000 	C:\Windows\SYSTEM32\VERSION.dll
0x00007ff99a940000 - 0x00007ff99a958000 	C:\Windows\SYSTEM32\kernel.appcore.dll
0x00007ff998b30000 - 0x00007ff998b41000 	C:\Program Files\Android\Android Studio\jre\bin\verify.dll
0x00007ff98eb40000 - 0x00007ff98ed61000 	C:\Windows\SYSTEM32\DBGHELP.DLL
0x00007ff988ea0000 - 0x00007ff988ed1000 	C:\Windows\SYSTEM32\dbgcore.DLL
0x00007ff99bf20000 - 0x00007ff99bf9f000 	C:\Windows\System32\bcryptPrimitives.dll
0x00007ff992a10000 - 0x00007ff992a39000 	C:\Program Files\Android\Android Studio\jre\bin\java.dll
0x00007ff997a50000 - 0x00007ff997a5b000 	C:\Program Files\Android\Android Studio\jre\bin\jimage.dll
0x00007ff9976d0000 - 0x00007ff9976e8000 	C:\Program Files\Android\Android Studio\jre\bin\zip.dll
0x00007ff99cc10000 - 0x00007ff99d3be000 	C:\Windows\System32\SHELL32.dll
0x00007ff9999c0000 - 0x00007ff99a227000 	C:\Windows\SYSTEM32\windows.storage.dll
0x00007ff99ddb0000 - 0x00007ff99e128000 	C:\Windows\System32\combase.dll
0x00007ff999850000 - 0x00007ff9999b6000 	C:\Windows\SYSTEM32\wintypes.dll
0x00007ff99c790000 - 0x00007ff99c87a000 	C:\Windows\System32\SHCORE.dll
0x00007ff99c8c0000 - 0x00007ff99c91d000 	C:\Windows\System32\shlwapi.dll
0x00007ff99b750000 - 0x00007ff99b771000 	C:\Windows\SYSTEM32\profapi.dll
0x00007ff993d10000 - 0x00007ff993d2a000 	C:\Program Files\Android\Android Studio\jre\bin\net.dll
0x00007ff996160000 - 0x00007ff99626c000 	C:\Windows\SYSTEM32\WINHTTP.dll
0x00007ff99ad50000 - 0x00007ff99adb7000 	C:\Windows\system32\mswsock.dll
0x00007ff9929f0000 - 0x00007ff992a04000 	C:\Program Files\Android\Android Studio\jre\bin\nio.dll
0x00007ff98b270000 - 0x00007ff98b297000 	C:\Users\NeHaL\.gradle\native\8bec1ad78214c89d9ad589b4d07fe93259594b29d510b10fafb7a158f7737e5d\windows-amd64\native-platform.dll
0x00007ff9695d0000 - 0x00007ff96970d000 	C:\Users\NeHaL\.gradle\native\53dbd7edfb1c66fb8903c78663c9afc45aea4f116125fa6feffd364cf09443e8\windows-amd64\native-platform-file-events.dll
0x00007ff994f40000 - 0x00007ff994f4a000 	C:\Program Files\Android\Android Studio\jre\bin\management.dll
0x00007ff993ce0000 - 0x00007ff993cec000 	C:\Program Files\Android\Android Studio\jre\bin\management_ext.dll
0x00007ff99af90000 - 0x00007ff99afa8000 	C:\Windows\SYSTEM32\CRYPTSP.dll
0x00007ff99a8a0000 - 0x00007ff99a8d5000 	C:\Windows\system32\rsaenh.dll
0x00007ff99ae40000 - 0x00007ff99ae69000 	C:\Windows\SYSTEM32\USERENV.dll
0x00007ff99b110000 - 0x00007ff99b137000 	C:\Windows\SYSTEM32\bcrypt.dll
0x00007ff99afb0000 - 0x00007ff99afbc000 	C:\Windows\SYSTEM32\CRYPTBASE.dll
0x00007ff99a480000 - 0x00007ff99a4ad000 	C:\Windows\SYSTEM32\IPHLPAPI.DLL
0x00007ff99db70000 - 0x00007ff99db79000 	C:\Windows\System32\NSI.dll
0x00007ff995a40000 - 0x00007ff995a59000 	C:\Windows\SYSTEM32\dhcpcsvc6.DLL
0x00007ff996d30000 - 0x00007ff996d4e000 	C:\Windows\SYSTEM32\dhcpcsvc.DLL
0x00007ff99a4b0000 - 0x00007ff99a597000 	C:\Windows\SYSTEM32\DNSAPI.dll

dbghelp: loaded successfully - version: 4.0.5 - missing functions: none
symbol engine: initialized successfully - sym options: 0x614 - pdb path: .;C:\Program Files\Android\Android Studio\jre\bin;C:\Windows\SYSTEM32;C:\Windows\WinSxS\amd64_microsoft.windows.common-controls_6595b64144ccf1df_6.0.22000.120_none_9d947278b86cc467;C:\Program Files\Android\Android Studio\jre\bin\server;C:\Users\NeHaL\.gradle\native\8bec1ad78214c89d9ad589b4d07fe93259594b29d510b10fafb7a158f7737e5d\windows-amd64;C:\Users\NeHaL\.gradle\native\53dbd7edfb1c66fb8903c78663c9afc45aea4f116125fa6feffd364cf09443e8\windows-amd64

VM Arguments:
jvm_args: --add-opens=java.base/java.util=ALL-UNNAMED --add-opens=java.base/java.lang=ALL-UNNAMED --add-opens=java.base/java.lang.invoke=ALL-UNNAMED --add-opens=java.base/java.util=ALL-UNNAMED --add-opens=java.prefs/java.util.prefs=ALL-UNNAMED --add-opens=java.prefs/java.util.prefs=ALL-UNNAMED --add-opens=java.base/java.nio.charset=ALL-UNNAMED --add-opens=java.base/java.net=ALL-UNNAMED --add-opens=java.base/java.util.concurrent.atomic=ALL-UNNAMED -Xmx2048m -Dfile.encoding=UTF-8 -Duser.country=IN -Duser.language=en -Duser.variant 
java_command: org.gradle.launcher.daemon.bootstrap.GradleDaemon 7.0.2
java_class_path (initial): C:\Users\NeHaL\.gradle\wrapper\dists\gradle-7.0.2-bin\857tjihv64xamwrf0h14cai3r\gradle-7.0.2\lib\gradle-launcher-7.0.2.jar
Launcher Type: SUN_STANDARD

[Global flags]
     intx CICompilerCount                          = 4                                         {product} {ergonomic}
     uint ConcGCThreads                            = 3                                         {product} {ergonomic}
     uint G1ConcRefinementThreads                  = 10                                        {product} {ergonomic}
   size_t G1HeapRegionSize                         = 1048576                                   {product} {ergonomic}
    uintx GCDrainStackTargetSize                   = 64                                        {product} {ergonomic}
   size_t InitialHeapSize                          = 134217728                                 {product} {ergonomic}
   size_t MarkStackSize                            = 4194304                                   {product} {ergonomic}
   size_t MaxHeapSize                              = 2147483648                                {product} {command line}
   size_t MaxNewSize                               = 1287651328                                {product} {ergonomic}
   size_t MinHeapDeltaBytes                        = 1048576                                   {product} {ergonomic}
    uintx NonNMethodCodeHeapSize                   = 5836300                                {pd product} {ergonomic}
    uintx NonProfiledCodeHeapSize                  = 122910970                              {pd product} {ergonomic}
    uintx ProfiledCodeHeapSize                     = 122910970                              {pd product} {ergonomic}
    uintx ReservedCodeCacheSize                    = 251658240                              {pd product} {ergonomic}
     bool SegmentedCodeCache                       = true                                      {product} {ergonomic}
     bool UseCompressedClassPointers               = true                                 {lp64_product} {ergonomic}
     bool UseCompressedOops                        = true                                 {lp64_product} {ergonomic}
     bool UseG1GC                                  = true                                      {product} {ergonomic}
     bool UseLargePagesIndividualAllocation        = false                                  {pd product} {ergonomic}

Logging:
Log output configuration:
 #0: stdout all=warning uptime,level,tags
 #1: stderr all=off uptime,level,tags

Environment Variables:
PATH=C:\Program Files (x86)\Common Files\Intel\Shared Libraries\redist\intel64\compiler;C:\Program Files\Common Files\Oracle\Java\javapath;C:\Windows\system32;C:\Windows;C:\Windows\System32\Wbem;C:\Windows\System32\WindowsPowerShell\v1.0\;C:\Windows\System32\OpenSSH\;C:\Program Files\NVIDIA Corporation\NVIDIA NvDLISR;C:\Program Files (x86)\NVIDIA Corporation\PhysX\Common;C:\Program Files\nodejs\;C:\ProgramData\chocolatey\bin;C:\Program Files\Git\cmd;C:\Program Files\Cloudflare\Cloudflare WARP;C:\Users\NeHaL\AppData\Local\Microsoft\WindowsApps;C:\Program Files\JetBrains\IntelliJ IDEA Community Edition 2021.2.2\bin;;C:\Program Files\JetBrains\PyCharm Community Edition 2021.2.2\bin;;C:\Users\NeHaL\AppData\Local\Programs\Microsoft VS Code\bin;C:\Users\NeHaL\AppData\Roaming\npm;C:\Program Files\MongoDB\Server\5.0\bin;
USERNAME=NeHaL
OS=Windows_NT
PROCESSOR_IDENTIFIER=AMD64 Family 23 Model 113 Stepping 0, AuthenticAMD



---------------  S Y S T E M  ---------------

OS: Windows 10 , 64 bit Build 22000 (10.0.22000.318)
OS uptime: 0 days 0:44 hours

CPU:total 12 (initial active 12) (12 cores per cpu, 2 threads per core) family 23 model 113 stepping 0 microcode 0x0, cmov, cx8, fxsr, mmx, sse, sse2, sse3, ssse3, sse4.1, sse4.2, popcnt, avx, avx2, aes, clmul, mmxext, 3dnowpref, lzcnt, sse4a, ht, tsc, tscinvbit, tscinv, bmi1, bmi2, adx,

Memory: 4k page, system-wide physical 8144M (1761M free)
TotalPageFile size 8144M (AvailPageFile size 5M)
current process WorkingSet (physical memory assigned to process): 422M, peak: 432M
current process commit charge ("private bytes"): 462M, peak: 473M

vm_info: OpenJDK 64-Bit Server VM (11.0.10+0-b96-7249189) for windows-amd64 JRE (11.0.10+0-b96-7249189), built on Mar 31 2021 21:44:00 by "builder" with MS VC++ 14.0 (VS2015)

END.
