#
# There is insufficient memory for the Java Runtime Environment to continue.
# Native memory allocation (malloc) failed to allocate 1159856 bytes for Chunk::new
# Possible reasons:
#   The system is out of physical RAM or swap space
#   The process is running with CompressedOops enabled, and the Java Heap may be blocking the growth of the native heap
# Possible solutions:
#   Reduce memory load on the system
#   Increase physical memory or swap space
#   Check if swap backing store is full
#   Decrease Java heap size (-Xmx/-Xms)
#   Decrease number of Java threads
#   Decrease Java thread stack sizes (-Xss)
#   Set larger code cache with -XX:ReservedCodeCacheSize=
#   JVM is running with Unscaled Compressed Oops mode in which the Java heap is
#     placed in the first 4GB address space. The Java Heap base address is the
#     maximum limit for the native heap growth. Please use -XX:HeapBaseMinAddress
#     to set the Java Heap base and to place the Java Heap above 4GB virtual address.
# This output file may be truncated or incomplete.
#
#  Out of Memory Error (./src/hotspot/share/memory/arena.cpp:197), pid=10168, tid=4632
#
# JRE version: OpenJDK Runtime Environment (11.0.10) (build 11.0.10+0-b96-7249189)
# Java VM: OpenJDK 64-Bit Server VM (11.0.10+0-b96-7249189, mixed mode, tiered, compressed oops, g1 gc, windows-amd64)
# No core dump will be written. Minidumps are not enabled by default on client versions of Windows
#

---------------  S U M M A R Y ------------

Command Line: --add-opens=java.base/java.util=ALL-UNNAMED --add-opens=java.base/java.lang=ALL-UNNAMED --add-opens=java.base/java.lang.invoke=ALL-UNNAMED --add-opens=java.base/java.util=ALL-UNNAMED --add-opens=java.prefs/java.util.prefs=ALL-UNNAMED --add-opens=java.prefs/java.util.prefs=ALL-UNNAMED --add-opens=java.base/java.nio.charset=ALL-UNNAMED --add-opens=java.base/java.net=ALL-UNNAMED --add-opens=java.base/java.util.concurrent.atomic=ALL-UNNAMED -Xmx2048m -Dfile.encoding=UTF-8 -Duser.country=IN -Duser.language=en -Duser.variant org.gradle.launcher.daemon.bootstrap.GradleDaemon 7.0.2

Host: AMD Ryzen 5 3600 6-Core Processor              , 12 cores, 7G,  Windows 10 , 64 bit Build 22000 (10.0.22000.318)
Time: Mon Dec 27 23:39:57 2021 India Standard Time elapsed time: 3.530072 seconds (0d 0h 0m 3s)

---------------  T H R E A D  ---------------

Current thread (0x000002184b216800):  JavaThread "C2 CompilerThread2" daemon [_thread_in_native, id=4632, stack(0x00000029d7300000,0x00000029d7400000)]


Current CompileTask:
C2:   3530 5289 % !   4       java.util.jar.Attributes::read @ 186 (390 bytes)

Stack: [0x00000029d7300000,0x00000029d7400000]
Native frames: (J=compiled Java code, j=interpreted, Vv=VM code, C=native code)
V  [jvm.dll+0x5ecfaa]
V  [jvm.dll+0x722bd5]
V  [jvm.dll+0x72412d]
V  [jvm.dll+0x7247e3]
V  [jvm.dll+0x242928]
V  [jvm.dll+0xbc4fc]
V  [jvm.dll+0xbca0c]
V  [jvm.dll+0x352d3b]
V  [jvm.dll+0x320ad3]
V  [jvm.dll+0x31ffca]
V  [jvm.dll+0x1fb602]
V  [jvm.dll+0x1fa7f4]
V  [jvm.dll+0x18354c]
V  [jvm.dll+0x208ee7]
V  [jvm.dll+0x207731]
V  [jvm.dll+0x6eb1cf]
V  [jvm.dll+0x6e3d45]
V  [jvm.dll+0x5ebe96]
C  [ucrtbase.dll+0x26c0c]
C  [KERNEL32.DLL+0x154e0]
C  [ntdll.dll+0x485b]


---------------  P R O C E S S  ---------------

Threads class SMR info:
_java_thread_list=0x000002184cedb1a0, length=59, elements={
0x000002182d4cf000, 0x0000021847d9e000, 0x0000021847da1800, 0x0000021848714800,
0x0000021848716000, 0x0000021848717000, 0x0000021847db7800, 0x0000021847dbd000,
0x0000021847dc0800, 0x0000021848879800, 0x000002184a67a800, 0x0000021848b1d000,
0x0000021849e7d800, 0x000002184982c800, 0x000002184a6f5000, 0x0000021849e22800,
0x000002184a232000, 0x000002184959b000, 0x0000021849702000, 0x000002184a759800,
0x000002184a75f000, 0x000002184a760000, 0x000002184a75a000, 0x000002184afa0000,
0x000002184a75b000, 0x000002184a75c800, 0x000002184a75c000, 0x000002184a75d800,
0x000002184a75e800, 0x000002184ceb5800, 0x000002184ceb7000, 0x000002184ceb9000,
0x000002184ceb6800, 0x000002184ceb4000, 0x000002184ceb8000, 0x000002184ceb9800,
0x000002184ceb4800, 0x000002184b216800, 0x000002184cebc000, 0x000002184cec0000,
0x000002184cebe800, 0x000002184cebb800, 0x000002184cebf800, 0x000002184ceba800,
0x000002184cec2000, 0x000002184cec2800, 0x000002184cebd800, 0x000002184f63b800,
0x000002184f638800, 0x000002184f63c800, 0x000002184f63d000, 0x000002184f63f000,
0x000002184f63b000, 0x000002184f63e000, 0x000002184f639000, 0x000002184f63f800,
0x000002184f63a000, 0x000002184f645800, 0x000002184f643000
}

Java Threads: ( => current thread )
  0x000002182d4cf000 JavaThread "main" [_thread_blocked, id=11872, stack(0x00000029d3b00000,0x00000029d3c00000)]
  0x0000021847d9e000 JavaThread "Reference Handler" daemon [_thread_blocked, id=8212, stack(0x00000029d4200000,0x00000029d4300000)]
  0x0000021847da1800 JavaThread "Finalizer" daemon [_thread_blocked, id=13380, stack(0x00000029d4300000,0x00000029d4400000)]
  0x0000021848714800 JavaThread "Signal Dispatcher" daemon [_thread_blocked, id=1200, stack(0x00000029d4400000,0x00000029d4500000)]
  0x0000021848716000 JavaThread "Attach Listener" daemon [_thread_blocked, id=12136, stack(0x00000029d4500000,0x00000029d4600000)]
  0x0000021848717000 JavaThread "Service Thread" daemon [_thread_blocked, id=2660, stack(0x00000029d4600000,0x00000029d4700000)]
  0x0000021847db7800 JavaThread "C2 CompilerThread0" daemon [_thread_in_native, id=14724, stack(0x00000029d4700000,0x00000029d4800000)]
  0x0000021847dbd000 JavaThread "C1 CompilerThread0" daemon [_thread_blocked, id=14540, stack(0x00000029d4800000,0x00000029d4900000)]
  0x0000021847dc0800 JavaThread "Sweeper thread" daemon [_thread_blocked, id=8772, stack(0x00000029d4900000,0x00000029d4a00000)]
  0x0000021848879800 JavaThread "Common-Cleaner" daemon [_thread_blocked, id=12788, stack(0x00000029d4a00000,0x00000029d4b00000)]
  0x000002184a67a800 JavaThread "Daemon health stats" [_thread_blocked, id=8164, stack(0x00000029d5000000,0x00000029d5100000)]
  0x0000021848b1d000 JavaThread "Incoming local TCP Connector on port 52794" [_thread_in_native, id=11512, stack(0x00000029d4c00000,0x00000029d4d00000)]
  0x0000021849e7d800 JavaThread "Daemon periodic checks" [_thread_blocked, id=7676, stack(0x00000029d4f00000,0x00000029d5000000)]
  0x000002184982c800 JavaThread "Daemon" [_thread_blocked, id=7784, stack(0x00000029d5100000,0x00000029d5200000)]
  0x000002184a6f5000 JavaThread "Handler for socket connection from /127.0.0.1:52794 to /127.0.0.1:52795" [_thread_in_native, id=5592, stack(0x00000029d5200000,0x00000029d5300000)]
  0x0000021849e22800 JavaThread "Cancel handler" [_thread_blocked, id=3160, stack(0x00000029d5300000,0x00000029d5400000)]
  0x000002184a232000 JavaThread "Daemon worker" [_thread_in_Java, id=14396, stack(0x00000029d5400000,0x00000029d5500000)]
  0x000002184959b000 JavaThread "Asynchronous log dispatcher for DefaultDaemonConnection: socket connection from /127.0.0.1:52794 to /127.0.0.1:52795" [_thread_blocked, id=4020, stack(0x00000029d5500000,0x00000029d5600000)]
  0x0000021849702000 JavaThread "Stdin handler" [_thread_blocked, id=15332, stack(0x00000029d5600000,0x00000029d5700000)]
  0x000002184a759800 JavaThread "Daemon client event forwarder" [_thread_blocked, id=14240, stack(0x00000029d5700000,0x00000029d5800000)]
  0x000002184a75f000 JavaThread "Cache worker for file hash cache (C:\Users\NeHaL\.gradle\caches\7.0.2\fileHashes)" [_thread_blocked, id=9328, stack(0x00000029d6000000,0x00000029d6100000)]
  0x000002184a760000 JavaThread "File lock request listener" [_thread_in_native, id=14888, stack(0x00000029d6100000,0x00000029d6200000)]
  0x000002184a75a000 JavaThread "Cache worker for journal cache (C:\Users\NeHaL\.gradle\caches\journal-1)" [_thread_blocked, id=8664, stack(0x00000029d6400000,0x00000029d6500000)]
  0x000002184afa0000 JavaThread "C2 CompilerThread1" daemon [_thread_in_native, id=4432, stack(0x00000029d6500000,0x00000029d6600000)]
  0x000002184a75b000 JavaThread "Cache worker for file hash cache (C:\Users\NeHaL\AndroidStudioProjects\SmartTourApp\.gradle\7.0.2\fileHashes)" [_thread_blocked, id=6444, stack(0x00000029d6600000,0x00000029d6700000)]
  0x000002184a75c800 JavaThread "File watcher server" daemon [_thread_in_native, id=3156, stack(0x00000029d6700000,0x00000029d6800000)]
  0x000002184a75c000 JavaThread "File watcher consumer" daemon [_thread_blocked, id=10632, stack(0x00000029d6800000,0x00000029d6900000)]
  0x000002184a75d800 JavaThread "jar transforms" [_thread_blocked, id=6408, stack(0x00000029d6900000,0x00000029d6a00000)]
  0x000002184a75e800 JavaThread "jar transforms Thread 2" [_thread_blocked, id=11012, stack(0x00000029d6a00000,0x00000029d6b00000)]
  0x000002184ceb5800 JavaThread "jar transforms Thread 3" [_thread_blocked, id=6468, stack(0x00000029d6b00000,0x00000029d6c00000)]
  0x000002184ceb7000 JavaThread "jar transforms Thread 4" [_thread_blocked, id=11260, stack(0x00000029d6c00000,0x00000029d6d00000)]
  0x000002184ceb9000 JavaThread "jar transforms Thread 5" [_thread_blocked, id=6068, stack(0x00000029d6d00000,0x00000029d6e00000)]
  0x000002184ceb6800 JavaThread "jar transforms Thread 6" [_thread_blocked, id=14580, stack(0x00000029d6e00000,0x00000029d6f00000)]
  0x000002184ceb4000 JavaThread "jar transforms Thread 7" [_thread_blocked, id=8844, stack(0x00000029d6f00000,0x00000029d7000000)]
  0x000002184ceb8000 JavaThread "jar transforms Thread 8" [_thread_blocked, id=11832, stack(0x00000029d7000000,0x00000029d7100000)]
  0x000002184ceb9800 JavaThread "jar transforms Thread 9" [_thread_blocked, id=14388, stack(0x00000029d7100000,0x00000029d7200000)]
  0x000002184ceb4800 JavaThread "jar transforms Thread 10" [_thread_blocked, id=5320, stack(0x00000029d7200000,0x00000029d7300000)]
=>0x000002184b216800 JavaThread "C2 CompilerThread2" daemon [_thread_in_native, id=4632, stack(0x00000029d7300000,0x00000029d7400000)]
  0x000002184cebc000 JavaThread "jar transforms Thread 11" [_thread_blocked, id=3364, stack(0x00000029d7400000,0x00000029d7500000)]
  0x000002184cec0000 JavaThread "jar transforms Thread 12" [_thread_blocked, id=15040, stack(0x00000029d7500000,0x00000029d7600000)]
  0x000002184cebe800 JavaThread "Cache worker for checksums cache (C:\Users\NeHaL\AndroidStudioProjects\SmartTourApp\.gradle\checksums)" [_thread_blocked, id=7612, stack(0x00000029d7600000,0x00000029d7700000)]
  0x000002184cebb800 JavaThread "Cache worker for cache directory md-supplier (C:\Users\NeHaL\.gradle\caches\7.0.2\md-supplier)" [_thread_blocked, id=6128, stack(0x00000029d7700000,0x00000029d7800000)]
  0x000002184cebf800 JavaThread "Cache worker for cache directory md-rule (C:\Users\NeHaL\.gradle\caches\7.0.2\md-rule)" [_thread_blocked, id=5856, stack(0x00000029d7800000,0x00000029d7900000)]
  0x000002184ceba800 JavaThread "Cache worker for execution history cache (C:\Users\NeHaL\.gradle\caches\7.0.2\executionHistory)" [_thread_blocked, id=6616, stack(0x00000029d7900000,0x00000029d7a00000)]
  0x000002184cec2000 JavaThread "Cache worker for file content cache (C:\Users\NeHaL\.gradle\caches\7.0.2\fileContent)" [_thread_blocked, id=3320, stack(0x00000029d7a00000,0x00000029d7b00000)]
  0x000002184cec2800 JavaThread "Cache worker for dependencies-accessors (C:\Users\NeHaL\AndroidStudioProjects\SmartTourApp\.gradle\7.0.2\dependencies-accessors)" [_thread_blocked, id=13804, stack(0x00000029d7b00000,0x00000029d7c00000)]
  0x000002184cebd800 JavaThread "Cache worker for Build Output Cleanup Cache (C:\Users\NeHaL\AndroidStudioProjects\SmartTourApp\.gradle\buildOutputCleanup)" [_thread_blocked, id=6780, stack(0x00000029d7c00000,0x00000029d7d00000)]
  0x000002184f63b800 JavaThread "Build operations" [_thread_blocked, id=9104, stack(0x00000029d7d00000,0x00000029d7e00000)]
  0x000002184f638800 JavaThread "Build operations Thread 2" [_thread_blocked, id=7924, stack(0x00000029d7e00000,0x00000029d7f00000)]
  0x000002184f63c800 JavaThread "Build operations Thread 3" [_thread_blocked, id=4200, stack(0x00000029d7f00000,0x00000029d8000000)]
  0x000002184f63d000 JavaThread "Build operations Thread 4" [_thread_blocked, id=9052, stack(0x00000029d8000000,0x00000029d8100000)]
  0x000002184f63f000 JavaThread "Build operations Thread 5" [_thread_blocked, id=3460, stack(0x00000029d8100000,0x00000029d8200000)]
  0x000002184f63b000 JavaThread "Build operations Thread 6" [_thread_blocked, id=14832, stack(0x00000029d8200000,0x00000029d8300000)]
  0x000002184f63e000 JavaThread "Build operations Thread 7" [_thread_blocked, id=12280, stack(0x00000029d8300000,0x00000029d8400000)]
  0x000002184f639000 JavaThread "Build operations Thread 8" [_thread_blocked, id=7768, stack(0x00000029d8400000,0x00000029d8500000)]
  0x000002184f63f800 JavaThread "Build operations Thread 9" [_thread_blocked, id=15016, stack(0x00000029d8500000,0x00000029d8600000)]
  0x000002184f63a000 JavaThread "Build operations Thread 10" [_thread_blocked, id=6384, stack(0x00000029d8600000,0x00000029d8700000)]
  0x000002184f645800 JavaThread "Build operations Thread 11" [_thread_blocked, id=8504, stack(0x00000029d8700000,0x00000029d8800000)]
  0x000002184f643000 JavaThread "Build operations Thread 12" [_thread_blocked, id=11152, stack(0x00000029d8800000,0x00000029d8900000)]

Other Threads:
  0x0000021847d9a000 VMThread "VM Thread" [stack: 0x00000029d4100000,0x00000029d4200000] [id=9332]
  0x000002184887e000 WatcherThread [stack: 0x00000029d4b00000,0x00000029d4c00000] [id=6132]
  0x000002182d4e9000 GCTaskThread "GC Thread#0" [stack: 0x00000029d3c00000,0x00000029d3d00000] [id=12804]
  0x0000021848c3c000 GCTaskThread "GC Thread#1" [stack: 0x00000029d4d00000,0x00000029d4e00000] [id=2040]
  0x0000021848bcd800 GCTaskThread "GC Thread#2" [stack: 0x00000029d4e00000,0x00000029d4f00000] [id=10120]
  0x000002184a7df000 GCTaskThread "GC Thread#3" [stack: 0x00000029d5800000,0x00000029d5900000] [id=13764]
  0x0000021849a4a000 GCTaskThread "GC Thread#4" [stack: 0x00000029d5900000,0x00000029d5a00000] [id=14612]
  0x000002184ac06800 GCTaskThread "GC Thread#5" [stack: 0x00000029d5a00000,0x00000029d5b00000] [id=11412]
  0x000002184a556800 GCTaskThread "GC Thread#6" [stack: 0x00000029d5b00000,0x00000029d5c00000] [id=3404]
  0x000002184a7dd000 GCTaskThread "GC Thread#7" [stack: 0x00000029d5c00000,0x00000029d5d00000] [id=14116]
  0x000002184a121000 GCTaskThread "GC Thread#8" [stack: 0x00000029d5d00000,0x00000029d5e00000] [id=5436]
  0x0000021849423800 GCTaskThread "GC Thread#9" [stack: 0x00000029d5e00000,0x00000029d5f00000] [id=11520]
  0x000002182d518800 ConcurrentGCThread "G1 Main Marker" [stack: 0x00000029d3d00000,0x00000029d3e00000] [id=12492]
  0x000002182d51b000 ConcurrentGCThread "G1 Conc#0" [stack: 0x00000029d3e00000,0x00000029d3f00000] [id=14996]
  0x000002184ad40000 ConcurrentGCThread "G1 Conc#1" [stack: 0x00000029d6200000,0x00000029d6300000] [id=12028]
  0x00000218497eb800 ConcurrentGCThread "G1 Conc#2" [stack: 0x00000029d6300000,0x00000029d6400000] [id=11276]
  0x000002182d5ae800 ConcurrentGCThread "G1 Refine#0" [stack: 0x00000029d3f00000,0x00000029d4000000] [id=7856]
  0x000002184942e000 ConcurrentGCThread "G1 Refine#1" [stack: 0x00000029d5f00000,0x00000029d6000000] [id=1472]
  0x0000021847beb800 ConcurrentGCThread "G1 Young RemSet Sampling" [stack: 0x00000029d4000000,0x00000029d4100000] [id=10456]

Threads with active compile tasks:
C2 CompilerThread0   3538 5343   !   4       jdk.internal.loader.Resource::getBytes (242 bytes)
C1 CompilerThread0   3538 5350       3       java.lang.reflect.ProxyGenerator$MethodInfo::write (283 bytes)
C2 CompilerThread1   3538 5304       4       com.sun.beans.introspect.MethodInfo$MethodOrder::compare (13 bytes)
C2 CompilerThread2   3539 5289 % !   4       java.util.jar.Attributes::read @ 186 (390 bytes)

VM state:not at safepoint (normal execution)

VM Mutex/Monitor currently owned by a thread: None

Heap address: 0x0000000080000000, size: 2048 MB, Compressed Oops mode: 32-bit
Narrow klass base: 0x0000000000000000, Narrow klass shift: 3
Compressed class space size: 1073741824 Address: 0x0000000100000000

Heap:
 garbage-first heap   total 157696K, used 111277K [0x0000000080000000, 0x0000000100000000)
  region size 1024K, 57 young (58368K), 5 survivors (5120K)
 Metaspace       used 49537K, capacity 51120K, committed 51200K, reserved 1093632K
  class space    used 6370K, capacity 6873K, committed 6912K, reserved 1048576K
Heap Regions: E=young(eden), S=young(survivor), O=old, HS=humongous(starts), HC=humongous(continues), CS=collection set, F=free, A=archive, TAMS=top-at-mark-start (previous, next)
|   0|0x0000000080000000, 0x0000000080100000, 0x0000000080100000|100%| O|  |TAMS 0x0000000080100000, 0x0000000080000000| Untracked 
|   1|0x0000000080100000, 0x0000000080200000, 0x0000000080200000|100%| O|  |TAMS 0x0000000080200000, 0x0000000080100000| Untracked 
|   2|0x0000000080200000, 0x0000000080300000, 0x0000000080300000|100%| O|  |TAMS 0x0000000080300000, 0x0000000080200000| Untracked 
|   3|0x0000000080300000, 0x0000000080400000, 0x0000000080400000|100%|HS|  |TAMS 0x0000000080400000, 0x0000000080300000| Complete 
|   4|0x0000000080400000, 0x0000000080500000, 0x0000000080500000|100%|HC|  |TAMS 0x0000000080500000, 0x0000000080400000| Complete 
|   5|0x0000000080500000, 0x0000000080600000, 0x0000000080600000|100%|HC|  |TAMS 0x0000000080600000, 0x0000000080500000| Complete 
|   6|0x0000000080600000, 0x0000000080700000, 0x0000000080700000|100%| O|  |TAMS 0x0000000080700000, 0x0000000080600000| Untracked 
|   7|0x0000000080700000, 0x0000000080800000, 0x0000000080800000|100%| O|  |TAMS 0x0000000080800000, 0x0000000080700000| Untracked 
|   8|0x0000000080800000, 0x0000000080900000, 0x0000000080900000|100%| O|  |TAMS 0x0000000080900000, 0x0000000080800000| Untracked 
|   9|0x0000000080900000, 0x0000000080a00000, 0x0000000080a00000|100%| O|  |TAMS 0x0000000080a00000, 0x0000000080900000| Untracked 
|  10|0x0000000080a00000, 0x0000000080b00000, 0x0000000080b00000|100%| O|  |TAMS 0x0000000080b00000, 0x0000000080a00000| Untracked 
|  11|0x0000000080b00000, 0x0000000080c00000, 0x0000000080c00000|100%| O|  |TAMS 0x0000000080c00000, 0x0000000080b00000| Untracked 
|  12|0x0000000080c00000, 0x0000000080d00000, 0x0000000080d00000|100%| O|  |TAMS 0x0000000080d00000, 0x0000000080c00000| Untracked 
|  13|0x0000000080d00000, 0x0000000080e00000, 0x0000000080e00000|100%| O|  |TAMS 0x0000000080e00000, 0x0000000080d00000| Untracked 
|  14|0x0000000080e00000, 0x0000000080f00000, 0x0000000080f00000|100%| O|  |TAMS 0x0000000080f00000, 0x0000000080e00000| Untracked 
|  15|0x0000000080f00000, 0x0000000081000000, 0x0000000081000000|100%| O|  |TAMS 0x0000000081000000, 0x0000000080f00000| Untracked 
|  16|0x0000000081000000, 0x0000000081100000, 0x0000000081100000|100%|HS|  |TAMS 0x0000000081100000, 0x0000000081000000| Complete 
|  17|0x0000000081100000, 0x0000000081200000, 0x0000000081200000|100%|HC|  |TAMS 0x0000000081200000, 0x0000000081100000| Complete 
|  18|0x0000000081200000, 0x0000000081300000, 0x0000000081300000|100%|HS|  |TAMS 0x0000000081300000, 0x0000000081200000| Complete 
|  19|0x0000000081300000, 0x0000000081400000, 0x0000000081400000|100%|HC|  |TAMS 0x0000000081400000, 0x0000000081300000| Complete 
|  20|0x0000000081400000, 0x0000000081500000, 0x0000000081500000|100%|HC|  |TAMS 0x0000000081500000, 0x0000000081400000| Complete 
|  21|0x0000000081500000, 0x0000000081600000, 0x0000000081600000|100%|HS|  |TAMS 0x0000000081600000, 0x0000000081500000| Complete 
|  22|0x0000000081600000, 0x0000000081700000, 0x0000000081700000|100%|HC|  |TAMS 0x0000000081700000, 0x0000000081600000| Complete 
|  23|0x0000000081700000, 0x0000000081800000, 0x0000000081800000|100%|HC|  |TAMS 0x0000000081800000, 0x0000000081700000| Complete 
|  24|0x0000000081800000, 0x0000000081900000, 0x0000000081900000|100%|HC|  |TAMS 0x0000000081900000, 0x0000000081800000| Complete 
|  25|0x0000000081900000, 0x0000000081a00000, 0x0000000081a00000|100%|HC|  |TAMS 0x0000000081a00000, 0x0000000081900000| Complete 
|  26|0x0000000081a00000, 0x0000000081b00000, 0x0000000081b00000|100%| O|  |TAMS 0x0000000081b00000, 0x0000000081a00000| Untracked 
|  27|0x0000000081b00000, 0x0000000081c00000, 0x0000000081c00000|100%| O|  |TAMS 0x0000000081c00000, 0x0000000081b00000| Untracked 
|  28|0x0000000081c00000, 0x0000000081d00000, 0x0000000081d00000|100%| O|  |TAMS 0x0000000081c22400, 0x0000000081c00000| Untracked 
|  29|0x0000000081d00000, 0x0000000081e00000, 0x0000000081e00000|100%|HS|  |TAMS 0x0000000081d00000, 0x0000000081d00000| Complete 
|  30|0x0000000081e00000, 0x0000000081f00000, 0x0000000081f00000|100%|HC|  |TAMS 0x0000000081e00000, 0x0000000081e00000| Complete 
|  31|0x0000000081f00000, 0x0000000082000000, 0x0000000082000000|100%|HC|  |TAMS 0x0000000081f00000, 0x0000000081f00000| Complete 
|  32|0x0000000082000000, 0x0000000082100000, 0x0000000082100000|100%| O|  |TAMS 0x0000000082000000, 0x0000000082000000| Untracked 
|  33|0x0000000082100000, 0x0000000082200000, 0x0000000082200000|100%| O|  |TAMS 0x0000000082100000, 0x0000000082100000| Untracked 
|  34|0x0000000082200000, 0x0000000082300000, 0x0000000082300000|100%| O|  |TAMS 0x0000000082200000, 0x0000000082200000| Untracked 
|  35|0x0000000082300000, 0x0000000082400000, 0x0000000082400000|100%| O|  |TAMS 0x0000000082300000, 0x0000000082300000| Untracked 
|  36|0x0000000082400000, 0x0000000082500000, 0x0000000082500000|100%|HS|  |TAMS 0x0000000082400000, 0x0000000082400000| Complete 
|  37|0x0000000082500000, 0x0000000082600000, 0x0000000082600000|100%|HC|  |TAMS 0x0000000082500000, 0x0000000082500000| Complete 
|  38|0x0000000082600000, 0x0000000082700000, 0x0000000082700000|100%|HC|  |TAMS 0x0000000082600000, 0x0000000082600000| Complete 
|  39|0x0000000082700000, 0x0000000082800000, 0x0000000082800000|100%|HC|  |TAMS 0x0000000082700000, 0x0000000082700000| Complete 
|  40|0x0000000082800000, 0x0000000082900000, 0x0000000082900000|100%|HC|  |TAMS 0x0000000082800000, 0x0000000082800000| Complete 
|  41|0x0000000082900000, 0x0000000082a00000, 0x0000000082a00000|100%| O|  |TAMS 0x0000000082900000, 0x0000000082900000| Untracked 
|  42|0x0000000082a00000, 0x0000000082b00000, 0x0000000082b00000|100%| O|  |TAMS 0x0000000082a00000, 0x0000000082a00000| Untracked 
|  43|0x0000000082b00000, 0x0000000082c00000, 0x0000000082c00000|100%| O|  |TAMS 0x0000000082b00000, 0x0000000082b00000| Untracked 
|  44|0x0000000082c00000, 0x0000000082d00000, 0x0000000082d00000|100%| O|  |TAMS 0x0000000082c00000, 0x0000000082c00000| Untracked 
|  45|0x0000000082d00000, 0x0000000082e00000, 0x0000000082e00000|100%| O|  |TAMS 0x0000000082d00000, 0x0000000082d00000| Untracked 
|  46|0x0000000082e00000, 0x0000000082f00000, 0x0000000082f00000|100%| O|  |TAMS 0x0000000082e00000, 0x0000000082e00000| Untracked 
|  47|0x0000000082f00000, 0x0000000083000000, 0x0000000083000000|100%| O|  |TAMS 0x0000000082f00000, 0x0000000082f00000| Untracked 
|  48|0x0000000083000000, 0x0000000083100000, 0x0000000083100000|100%| O|  |TAMS 0x0000000083000000, 0x0000000083000000| Untracked 
|  49|0x0000000083100000, 0x0000000083200000, 0x0000000083200000|100%| O|  |TAMS 0x0000000083100000, 0x0000000083100000| Untracked 
|  50|0x0000000083200000, 0x000000008326c000, 0x0000000083300000| 42%| O|  |TAMS 0x0000000083200000, 0x0000000083200000| Untracked 
|  51|0x0000000083300000, 0x0000000083400000, 0x0000000083400000|100%|HS|  |TAMS 0x0000000083300000, 0x0000000083300000| Complete 
|  52|0x0000000083400000, 0x0000000083500000, 0x0000000083500000|100%|HS|  |TAMS 0x0000000083400000, 0x0000000083400000| Complete 
|  53|0x0000000083500000, 0x0000000083600000, 0x0000000083600000|100%|HS|  |TAMS 0x0000000083500000, 0x0000000083500000| Complete 
|  54|0x0000000083600000, 0x0000000083700000, 0x0000000083700000|100%|HC|  |TAMS 0x0000000083600000, 0x0000000083600000| Complete 
|  55|0x0000000083700000, 0x0000000083700000, 0x0000000083800000|  0%| F|  |TAMS 0x0000000083700000, 0x0000000083700000| Untracked 
|  56|0x0000000083800000, 0x0000000083800000, 0x0000000083900000|  0%| F|  |TAMS 0x0000000083800000, 0x0000000083800000| Untracked 
|  57|0x0000000083900000, 0x0000000083900000, 0x0000000083a00000|  0%| F|  |TAMS 0x0000000083900000, 0x0000000083900000| Untracked 
|  58|0x0000000083a00000, 0x0000000083a00000, 0x0000000083b00000|  0%| F|  |TAMS 0x0000000083a00000, 0x0000000083a00000| Untracked 
|  59|0x0000000083b00000, 0x0000000083b00000, 0x0000000083c00000|  0%| F|  |TAMS 0x0000000083b00000, 0x0000000083b00000| Untracked 
|  60|0x0000000083c00000, 0x0000000083c00000, 0x0000000083d00000|  0%| F|  |TAMS 0x0000000083c00000, 0x0000000083c00000| Untracked 
|  61|0x0000000083d00000, 0x0000000083d00000, 0x0000000083e00000|  0%| F|  |TAMS 0x0000000083d00000, 0x0000000083d00000| Untracked 
|  62|0x0000000083e00000, 0x0000000083e00000, 0x0000000083f00000|  0%| F|  |TAMS 0x0000000083e00000, 0x0000000083e00000| Untracked 
|  63|0x0000000083f00000, 0x0000000083f00000, 0x0000000084000000|  0%| F|  |TAMS 0x0000000083f00000, 0x0000000083f00000| Untracked 
|  64|0x0000000084000000, 0x0000000084000000, 0x0000000084100000|  0%| F|  |TAMS 0x0000000084000000, 0x0000000084000000| Untracked 
|  65|0x0000000084100000, 0x0000000084100000, 0x0000000084200000|  0%| F|  |TAMS 0x0000000084100000, 0x0000000084100000| Untracked 
|  66|0x0000000084200000, 0x0000000084200000, 0x0000000084300000|  0%| F|  |TAMS 0x0000000084200000, 0x0000000084200000| Untracked 
|  67|0x0000000084300000, 0x0000000084300000, 0x0000000084400000|  0%| F|  |TAMS 0x0000000084300000, 0x0000000084300000| Untracked 
|  68|0x0000000084400000, 0x0000000084400000, 0x0000000084500000|  0%| F|  |TAMS 0x0000000084400000, 0x0000000084400000| Untracked 
|  69|0x0000000084500000, 0x0000000084500000, 0x0000000084600000|  0%| F|  |TAMS 0x0000000084500000, 0x0000000084500000| Untracked 
|  70|0x0000000084600000, 0x0000000084600000, 0x0000000084700000|  0%| F|  |TAMS 0x0000000084600000, 0x0000000084600000| Untracked 
|  71|0x0000000084700000, 0x0000000084700000, 0x0000000084800000|  0%| F|  |TAMS 0x0000000084700000, 0x0000000084700000| Untracked 
|  72|0x0000000084800000, 0x0000000084800000, 0x0000000084900000|  0%| F|  |TAMS 0x0000000084800000, 0x0000000084800000| Untracked 
|  73|0x0000000084900000, 0x0000000084900000, 0x0000000084a00000|  0%| F|  |TAMS 0x0000000084900000, 0x0000000084900000| Untracked 
|  74|0x0000000084a00000, 0x0000000084a00000, 0x0000000084b00000|  0%| F|  |TAMS 0x0000000084a00000, 0x0000000084a00000| Untracked 
|  75|0x0000000084b00000, 0x0000000084b00000, 0x0000000084c00000|  0%| F|  |TAMS 0x0000000084b00000, 0x0000000084b00000| Untracked 
|  76|0x0000000084c00000, 0x0000000084c00000, 0x0000000084d00000|  0%| F|  |TAMS 0x0000000084c00000, 0x0000000084c00000| Untracked 
|  77|0x0000000084d00000, 0x0000000084d00000, 0x0000000084e00000|  0%| F|  |TAMS 0x0000000084d00000, 0x0000000084d00000| Untracked 
|  78|0x0000000084e00000, 0x0000000084e00000, 0x0000000084f00000|  0%| F|  |TAMS 0x0000000084e00000, 0x0000000084e00000| Untracked 
|  79|0x0000000084f00000, 0x0000000084f00000, 0x0000000085000000|  0%| F|  |TAMS 0x0000000084f00000, 0x0000000084f00000| Untracked 
|  80|0x0000000085000000, 0x0000000085000000, 0x0000000085100000|  0%| F|  |TAMS 0x0000000085000000, 0x0000000085000000| Untracked 
|  81|0x0000000085100000, 0x0000000085100000, 0x0000000085200000|  0%| F|  |TAMS 0x0000000085100000, 0x0000000085100000| Untracked 
|  82|0x0000000085200000, 0x0000000085200000, 0x0000000085300000|  0%| F|  |TAMS 0x0000000085200000, 0x0000000085200000| Untracked 
|  83|0x0000000085300000, 0x0000000085300000, 0x0000000085400000|  0%| F|  |TAMS 0x0000000085300000, 0x0000000085300000| Untracked 
|  84|0x0000000085400000, 0x0000000085400000, 0x0000000085500000|  0%| F|  |TAMS 0x0000000085400000, 0x0000000085400000| Untracked 
|  85|0x0000000085500000, 0x0000000085500000, 0x0000000085600000|  0%| F|  |TAMS 0x0000000085500000, 0x0000000085500000| Untracked 
|  86|0x0000000085600000, 0x0000000085600000, 0x0000000085700000|  0%| F|  |TAMS 0x0000000085600000, 0x0000000085600000| Untracked 
|  87|0x0000000085700000, 0x0000000085700000, 0x0000000085800000|  0%| F|  |TAMS 0x0000000085700000, 0x0000000085700000| Untracked 
|  88|0x0000000085800000, 0x0000000085800000, 0x0000000085900000|  0%| F|  |TAMS 0x0000000085800000, 0x0000000085800000| Untracked 
|  89|0x0000000085900000, 0x0000000085900000, 0x0000000085a00000|  0%| F|  |TAMS 0x0000000085900000, 0x0000000085900000| Untracked 
|  90|0x0000000085a00000, 0x0000000085a3f680, 0x0000000085b00000| 24%| S|CS|TAMS 0x0000000085a00000, 0x0000000085a00000| Complete 
|  91|0x0000000085b00000, 0x0000000085c00000, 0x0000000085c00000|100%| S|CS|TAMS 0x0000000085b00000, 0x0000000085b00000| Complete 
|  92|0x0000000085c00000, 0x0000000085d00000, 0x0000000085d00000|100%| S|CS|TAMS 0x0000000085c00000, 0x0000000085c00000| Complete 
|  93|0x0000000085d00000, 0x0000000085e00000, 0x0000000085e00000|100%| S|CS|TAMS 0x0000000085d00000, 0x0000000085d00000| Complete 
|  94|0x0000000085e00000, 0x0000000085f00000, 0x0000000085f00000|100%| S|CS|TAMS 0x0000000085e00000, 0x0000000085e00000| Complete 
|  95|0x0000000085f00000, 0x0000000085f00000, 0x0000000086000000|  0%| F|  |TAMS 0x0000000085f00000, 0x0000000085f00000| Untracked 
|  96|0x0000000086000000, 0x0000000086000000, 0x0000000086100000|  0%| F|  |TAMS 0x0000000086000000, 0x0000000086000000| Untracked 
|  97|0x0000000086100000, 0x0000000086100000, 0x0000000086200000|  0%| F|  |TAMS 0x0000000086100000, 0x0000000086100000| Untracked 
|  98|0x0000000086200000, 0x0000000086200000, 0x0000000086300000|  0%| F|  |TAMS 0x0000000086200000, 0x0000000086200000| Untracked 
|  99|0x0000000086300000, 0x0000000086300000, 0x0000000086400000|  0%| F|  |TAMS 0x0000000086300000, 0x0000000086300000| Untracked 
| 100|0x0000000086400000, 0x0000000086400000, 0x0000000086500000|  0%| F|  |TAMS 0x0000000086400000, 0x0000000086400000| Untracked 
| 101|0x0000000086500000, 0x0000000086500000, 0x0000000086600000|  0%| F|  |TAMS 0x0000000086500000, 0x0000000086500000| Untracked 
| 102|0x0000000086600000, 0x0000000086700000, 0x0000000086700000|100%| E|  |TAMS 0x0000000086600000, 0x0000000086600000| Complete 
| 103|0x0000000086700000, 0x0000000086800000, 0x0000000086800000|100%| E|CS|TAMS 0x0000000086700000, 0x0000000086700000| Complete 
| 104|0x0000000086800000, 0x0000000086900000, 0x0000000086900000|100%| E|CS|TAMS 0x0000000086800000, 0x0000000086800000| Complete 
| 105|0x0000000086900000, 0x0000000086a00000, 0x0000000086a00000|100%| E|CS|TAMS 0x0000000086900000, 0x0000000086900000| Complete 
| 106|0x0000000086a00000, 0x0000000086b00000, 0x0000000086b00000|100%| E|CS|TAMS 0x0000000086a00000, 0x0000000086a00000| Complete 
| 107|0x0000000086b00000, 0x0000000086c00000, 0x0000000086c00000|100%| E|CS|TAMS 0x0000000086b00000, 0x0000000086b00000| Complete 
| 108|0x0000000086c00000, 0x0000000086d00000, 0x0000000086d00000|100%| E|CS|TAMS 0x0000000086c00000, 0x0000000086c00000| Complete 
| 109|0x0000000086d00000, 0x0000000086e00000, 0x0000000086e00000|100%| E|CS|TAMS 0x0000000086d00000, 0x0000000086d00000| Complete 
| 110|0x0000000086e00000, 0x0000000086f00000, 0x0000000086f00000|100%| E|CS|TAMS 0x0000000086e00000, 0x0000000086e00000| Complete 
| 111|0x0000000086f00000, 0x0000000087000000, 0x0000000087000000|100%| E|  |TAMS 0x0000000086f00000, 0x0000000086f00000| Complete 
| 112|0x0000000087000000, 0x0000000087100000, 0x0000000087100000|100%| E|CS|TAMS 0x0000000087000000, 0x0000000087000000| Complete 
| 113|0x0000000087100000, 0x0000000087200000, 0x0000000087200000|100%| E|CS|TAMS 0x0000000087100000, 0x0000000087100000| Complete 
| 114|0x0000000087200000, 0x0000000087300000, 0x0000000087300000|100%| E|CS|TAMS 0x0000000087200000, 0x0000000087200000| Complete 
| 115|0x0000000087300000, 0x0000000087400000, 0x0000000087400000|100%| E|CS|TAMS 0x0000000087300000, 0x0000000087300000| Complete 
| 116|0x0000000087400000, 0x0000000087500000, 0x0000000087500000|100%| E|CS|TAMS 0x0000000087400000, 0x0000000087400000| Complete 
| 117|0x0000000087500000, 0x0000000087600000, 0x0000000087600000|100%| E|CS|TAMS 0x0000000087500000, 0x0000000087500000| Complete 
| 118|0x0000000087600000, 0x0000000087700000, 0x0000000087700000|100%| E|CS|TAMS 0x0000000087600000, 0x0000000087600000| Complete 
| 119|0x0000000087700000, 0x0000000087800000, 0x0000000087800000|100%| E|CS|TAMS 0x0000000087700000, 0x0000000087700000| Complete 
| 120|0x0000000087800000, 0x0000000087900000, 0x0000000087900000|100%| E|CS|TAMS 0x0000000087800000, 0x0000000087800000| Complete 
| 121|0x0000000087900000, 0x0000000087a00000, 0x0000000087a00000|100%| E|CS|TAMS 0x0000000087900000, 0x0000000087900000| Complete 
| 122|0x0000000087a00000, 0x0000000087b00000, 0x0000000087b00000|100%| E|CS|TAMS 0x0000000087a00000, 0x0000000087a00000| Complete 
| 123|0x0000000087b00000, 0x0000000087c00000, 0x0000000087c00000|100%| E|CS|TAMS 0x0000000087b00000, 0x0000000087b00000| Complete 
| 124|0x0000000087c00000, 0x0000000087d00000, 0x0000000087d00000|100%| E|CS|TAMS 0x0000000087c00000, 0x0000000087c00000| Complete 
| 125|0x0000000087d00000, 0x0000000087e00000, 0x0000000087e00000|100%| E|CS|TAMS 0x0000000087d00000, 0x0000000087d00000| Complete 
| 126|0x0000000087e00000, 0x0000000087f00000, 0x0000000087f00000|100%| E|CS|TAMS 0x0000000087e00000, 0x0000000087e00000| Complete 
| 127|0x0000000087f00000, 0x0000000088000000, 0x0000000088000000|100%| E|CS|TAMS 0x0000000087f00000, 0x0000000087f00000| Complete 
| 128|0x0000000088000000, 0x0000000088100000, 0x0000000088100000|100%| E|CS|TAMS 0x0000000088000000, 0x0000000088000000| Complete 
| 129|0x0000000088100000, 0x0000000088200000, 0x0000000088200000|100%| E|CS|TAMS 0x0000000088100000, 0x0000000088100000| Complete 
| 130|0x0000000088200000, 0x0000000088300000, 0x0000000088300000|100%| E|CS|TAMS 0x0000000088200000, 0x0000000088200000| Complete 
| 131|0x0000000088300000, 0x0000000088400000, 0x0000000088400000|100%| E|CS|TAMS 0x0000000088300000, 0x0000000088300000| Complete 
| 132|0x0000000088400000, 0x0000000088500000, 0x0000000088500000|100%| E|CS|TAMS 0x0000000088400000, 0x0000000088400000| Complete 
| 133|0x0000000088500000, 0x0000000088600000, 0x0000000088600000|100%| E|CS|TAMS 0x0000000088500000, 0x0000000088500000| Complete 
| 134|0x0000000088600000, 0x0000000088700000, 0x0000000088700000|100%| E|CS|TAMS 0x0000000088600000, 0x0000000088600000| Complete 
| 135|0x0000000088700000, 0x0000000088800000, 0x0000000088800000|100%| E|CS|TAMS 0x0000000088700000, 0x0000000088700000| Complete 
| 136|0x0000000088800000, 0x0000000088900000, 0x0000000088900000|100%| E|CS|TAMS 0x0000000088800000, 0x0000000088800000| Complete 
| 137|0x0000000088900000, 0x0000000088a00000, 0x0000000088a00000|100%| E|CS|TAMS 0x0000000088900000, 0x0000000088900000| Complete 
| 138|0x0000000088a00000, 0x0000000088b00000, 0x0000000088b00000|100%| E|CS|TAMS 0x0000000088a00000, 0x0000000088a00000| Complete 
| 139|0x0000000088b00000, 0x0000000088c00000, 0x0000000088c00000|100%| E|CS|TAMS 0x0000000088b00000, 0x0000000088b00000| Complete 
| 140|0x0000000088c00000, 0x0000000088d00000, 0x0000000088d00000|100%| E|CS|TAMS 0x0000000088c00000, 0x0000000088c00000| Complete 
| 141|0x0000000088d00000, 0x0000000088e00000, 0x0000000088e00000|100%| E|CS|TAMS 0x0000000088d00000, 0x0000000088d00000| Complete 
| 142|0x0000000088e00000, 0x0000000088f00000, 0x0000000088f00000|100%| E|CS|TAMS 0x0000000088e00000, 0x0000000088e00000| Complete 
| 143|0x0000000088f00000, 0x0000000089000000, 0x0000000089000000|100%| E|CS|TAMS 0x0000000088f00000, 0x0000000088f00000| Complete 
| 144|0x0000000089000000, 0x0000000089100000, 0x0000000089100000|100%| E|CS|TAMS 0x0000000089000000, 0x0000000089000000| Complete 
| 145|0x0000000089100000, 0x0000000089200000, 0x0000000089200000|100%| E|CS|TAMS 0x0000000089100000, 0x0000000089100000| Complete 
| 146|0x0000000089200000, 0x0000000089300000, 0x0000000089300000|100%| E|CS|TAMS 0x0000000089200000, 0x0000000089200000| Complete 
| 147|0x0000000089300000, 0x0000000089400000, 0x0000000089400000|100%| E|CS|TAMS 0x0000000089300000, 0x0000000089300000| Complete 
| 148|0x0000000089400000, 0x0000000089500000, 0x0000000089500000|100%| E|CS|TAMS 0x0000000089400000, 0x0000000089400000| Complete 
| 149|0x0000000089500000, 0x0000000089600000, 0x0000000089600000|100%| E|CS|TAMS 0x0000000089500000, 0x0000000089500000| Complete 
| 150|0x0000000089600000, 0x0000000089700000, 0x0000000089700000|100%| E|CS|TAMS 0x0000000089600000, 0x0000000089600000| Complete 
| 151|0x0000000089700000, 0x0000000089800000, 0x0000000089800000|100%| E|CS|TAMS 0x0000000089700000, 0x0000000089700000| Complete 
| 152|0x0000000089800000, 0x0000000089900000, 0x0000000089900000|100%| E|CS|TAMS 0x0000000089800000, 0x0000000089800000| Complete 
| 153|0x0000000089900000, 0x0000000089a00000, 0x0000000089a00000|100%| E|CS|TAMS 0x0000000089900000, 0x0000000089900000| Complete 

Card table byte_map: [0x0000021840910000,0x0000021840d10000] _byte_map_base: 0x0000021840510000

Marking Bits (Prev, Next): (CMBitMap*) 0x000002182d50fea8, (CMBitMap*) 0x000002182d50fee0
 Prev Bits: [0x0000021841110000, 0x0000021843110000)
 Next Bits: [0x0000021843110000, 0x0000021845110000)

Polling page: 0x000002182b480000

Metaspace:

Usage:
  Non-class:     43.21 MB capacity,    42.16 MB ( 98%) used,   934.94 KB (  2%) free+waste,   136.88 KB ( <1%) overhead. 
      Class:      6.71 MB capacity,     6.22 MB ( 93%) used,   436.44 KB (  6%) free+waste,    66.06 KB ( <1%) overhead. 
       Both:     49.92 MB capacity,    48.39 MB ( 97%) used,     1.34 MB (  3%) free+waste,   202.94 KB ( <1%) overhead. 

Virtual space:
  Non-class space:       44.00 MB reserved,      43.25 MB ( 98%) committed 
      Class space:        1.00 GB reserved,       6.75 MB ( <1%) committed 
             Both:        1.04 GB reserved,      50.00 MB (  5%) committed 

Chunk freelists:
   Non-Class:  41.00 KB
       Class:  5.00 KB
        Both:  46.00 KB

MaxMetaspaceSize: 17179869184.00 GB
CompressedClassSpaceSize: 1.00 GB

CodeHeap 'non-profiled nmethods': size=120000Kb used=2999Kb max_used=2999Kb free=117000Kb
 bounds [0x0000021838a90000, 0x0000021838d80000, 0x000002183ffc0000]
CodeHeap 'profiled nmethods': size=120000Kb used=10920Kb max_used=10920Kb free=109079Kb
 bounds [0x0000021831560000, 0x0000021832010000, 0x0000021838a90000]
CodeHeap 'non-nmethods': size=5760Kb used=2215Kb max_used=2253Kb free=3544Kb
 bounds [0x0000021830fc0000, 0x0000021831230000, 0x0000021831560000]
 total_blobs=6135 nmethods=5343 adapters=702
 compilation: enabled
              stopped_count=0, restarted_count=0
 full_count=0

Compilation events (20 events):
Event: 3.524 Thread 0x0000021847dbd000 5334       3       java.lang.Thread::getContextClassLoader (32 bytes)
Event: 3.524 Thread 0x0000021847dbd000 nmethod 5334 0x0000021831ff3890 code [0x0000021831ff3ac0, 0x0000021831ff4338]
Event: 3.525 Thread 0x0000021847dbd000 5335       3       groovy.lang.MetaClassImpl::applyStrayPropertyMethods (288 bytes)
Event: 3.526 Thread 0x0000021847dbd000 nmethod 5335 0x0000021831ff4610 code [0x0000021831ff4b40, 0x0000021831ff7be8]
Event: 3.526 Thread 0x0000021847dbd000 5337       3       groovyjarjarasm.asm.Type::getArgumentsAndReturnSizes (140 bytes)
Event: 3.527 Thread 0x0000021847db7800 nmethod 5303 0x0000021838d78e10 code [0x0000021838d79020, 0x0000021838d79a20]
Event: 3.527 Thread 0x0000021847db7800 5312   !   4       java.lang.Class::getTypeName (76 bytes)
Event: 3.527 Thread 0x0000021847dbd000 nmethod 5337 0x0000021831ff8d90 code [0x0000021831ff91a0, 0x0000021831ffb138]
Event: 3.527 Thread 0x0000021847dbd000 5338       3       groovyjarjarasm.asm.Frame::pop (44 bytes)
Event: 3.527 Thread 0x0000021847dbd000 nmethod 5338 0x0000021831ffbd10 code [0x0000021831ffbec0, 0x0000021831ffc038]
Event: 3.527 Thread 0x0000021847dbd000 5336       3       groovyjarjarasm.asm.Frame::pop (53 bytes)
Event: 3.528 Thread 0x0000021847dbd000 nmethod 5336 0x0000021831ffc110 code [0x0000021831ffc360, 0x0000021831ffcaf8]
Event: 3.528 Thread 0x0000021847dbd000 5339       3       com.google.common.collect.MapMakerInternalMap$WeakValueReferenceImpl::<init> (12 bytes)
Event: 3.528 Thread 0x0000021847dbd000 nmethod 5339 0x0000021831ffce10 code [0x0000021831ffcfe0, 0x0000021831ffd378]
Event: 3.528 Thread 0x0000021847dbd000 5340       3       jdk.internal.misc.Unsafe::allocateUninitializedArray0 (90 bytes)
Event: 3.528 Thread 0x0000021847dbd000 nmethod 5340 0x0000021831ffd490 code [0x0000021831ffd680, 0x0000021831ffded8]
Event: 3.528 Thread 0x0000021847dbd000 5341       3       java.lang.invoke.DirectMethodHandle$Holder::invokeStatic (18 bytes)
Event: 3.528 Thread 0x0000021847dbd000 nmethod 5341 0x0000021831ffe010 code [0x0000021831ffe1e0, 0x0000021831ffe6d8]
Event: 3.528 Thread 0x0000021847dbd000 5342       3       java.lang.StringConcatHelper::newString (46 bytes)
Event: 3.529 Thread 0x0000021847dbd000 nmethod 5342 0x0000021831ffe810 code [0x0000021831ffeaa0, 0x0000021831fff528]

GC Heap History (18 events):
Event: 0.417 GC heap before
{Heap before GC invocations=0 (full 0):
 garbage-first heap   total 131072K, used 29696K [0x0000000080000000, 0x0000000100000000)
  region size 1024K, 24 young (24576K), 0 survivors (0K)
 Metaspace       used 10185K, capacity 10363K, committed 10624K, reserved 1058816K
  class space    used 1065K, capacity 1141K, committed 1152K, reserved 1048576K
}
Event: 0.421 GC heap after
{Heap after GC invocations=1 (full 0):
 garbage-first heap   total 131072K, used 9095K [0x0000000080000000, 0x0000000100000000)
  region size 1024K, 3 young (3072K), 3 survivors (3072K)
 Metaspace       used 10185K, capacity 10363K, committed 10624K, reserved 1058816K
  class space    used 1065K, capacity 1141K, committed 1152K, reserved 1048576K
}
Event: 1.205 GC heap before
{Heap before GC invocations=1 (full 0):
 garbage-first heap   total 131072K, used 83847K [0x0000000080000000, 0x0000000100000000)
  region size 1024K, 76 young (77824K), 3 survivors (3072K)
 Metaspace       used 17816K, capacity 18288K, committed 18432K, reserved 1064960K
  class space    used 2114K, capacity 2251K, committed 2304K, reserved 1048576K
}
Event: 1.209 GC heap after
{Heap after GC invocations=2 (full 0):
 garbage-first heap   total 131072K, used 16846K [0x0000000080000000, 0x0000000100000000)
  region size 1024K, 10 young (10240K), 10 survivors (10240K)
 Metaspace       used 17816K, capacity 18288K, committed 18432K, reserved 1064960K
  class space    used 2114K, capacity 2251K, committed 2304K, reserved 1048576K
}
Event: 1.338 GC heap before
{Heap before GC invocations=2 (full 0):
 garbage-first heap   total 131072K, used 38350K [0x0000000080000000, 0x0000000100000000)
  region size 1024K, 32 young (32768K), 10 survivors (10240K)
 Metaspace       used 20581K, capacity 21123K, committed 21248K, reserved 1067008K
  class space    used 2514K, capacity 2733K, committed 2816K, reserved 1048576K
}
Event: 1.342 GC heap after
{Heap after GC invocations=3 (full 0):
 garbage-first heap   total 131072K, used 16968K [0x0000000080000000, 0x0000000100000000)
  region size 1024K, 1 young (1024K), 1 survivors (1024K)
 Metaspace       used 20581K, capacity 21123K, committed 21248K, reserved 1067008K
  class space    used 2514K, capacity 2733K, committed 2816K, reserved 1048576K
}
Event: 1.632 GC heap before
{Heap before GC invocations=4 (full 0):
 garbage-first heap   total 131072K, used 66120K [0x0000000080000000, 0x0000000100000000)
  region size 1024K, 49 young (50176K), 1 survivors (1024K)
 Metaspace       used 25864K, capacity 26494K, committed 26752K, reserved 1073152K
  class space    used 3388K, capacity 3635K, committed 3712K, reserved 1048576K
}
Event: 1.634 GC heap after
{Heap after GC invocations=5 (full 0):
 garbage-first heap   total 131072K, used 18664K [0x0000000080000000, 0x0000000100000000)
  region size 1024K, 3 young (3072K), 3 survivors (3072K)
 Metaspace       used 25864K, capacity 26494K, committed 26752K, reserved 1073152K
  class space    used 3388K, capacity 3635K, committed 3712K, reserved 1048576K
}
Event: 1.966 GC heap before
{Heap before GC invocations=5 (full 0):
 garbage-first heap   total 131072K, used 82152K [0x0000000080000000, 0x0000000100000000)
  region size 1024K, 56 young (57344K), 3 survivors (3072K)
 Metaspace       used 30514K, capacity 31288K, committed 31360K, reserved 1077248K
  class space    used 4134K, capacity 4421K, committed 4480K, reserved 1048576K
}
Event: 1.968 GC heap after
{Heap after GC invocations=6 (full 0):
 garbage-first heap   total 131072K, used 32648K [0x0000000080000000, 0x0000000100000000)
  region size 1024K, 7 young (7168K), 7 survivors (7168K)
 Metaspace       used 30514K, capacity 31288K, committed 31360K, reserved 1077248K
  class space    used 4134K, capacity 4421K, committed 4480K, reserved 1048576K
}
Event: 2.136 GC heap before
{Heap before GC invocations=6 (full 0):
 garbage-first heap   total 131072K, used 44936K [0x0000000080000000, 0x0000000100000000)
  region size 1024K, 20 young (20480K), 7 survivors (7168K)
 Metaspace       used 34706K, capacity 35683K, committed 35840K, reserved 1081344K
  class space    used 4532K, capacity 4863K, committed 4864K, reserved 1048576K
}
Event: 2.144 GC heap after
{Heap after GC invocations=7 (full 0):
 garbage-first heap   total 131072K, used 34543K [0x0000000080000000, 0x0000000100000000)
  region size 1024K, 6 young (6144K), 6 survivors (6144K)
 Metaspace       used 34706K, capacity 35683K, committed 35840K, reserved 1081344K
  class space    used 4532K, capacity 4863K, committed 4864K, reserved 1048576K
}
Event: 2.530 GC heap before
{Heap before GC invocations=8 (full 0):
 garbage-first heap   total 131072K, used 90863K [0x0000000080000000, 0x0000000100000000)
  region size 1024K, 58 young (59392K), 6 survivors (6144K)
 Metaspace       used 39851K, capacity 40966K, committed 41216K, reserved 1085440K
  class space    used 5124K, capacity 5535K, committed 5632K, reserved 1048576K
}
Event: 2.534 GC heap after
{Heap after GC invocations=9 (full 0):
 garbage-first heap   total 131072K, used 39037K [0x0000000080000000, 0x0000000100000000)
  region size 1024K, 6 young (6144K), 6 survivors (6144K)
 Metaspace       used 39851K, capacity 40966K, committed 41216K, reserved 1085440K
  class space    used 5124K, capacity 5535K, committed 5632K, reserved 1048576K
}
Event: 2.881 GC heap before
{Heap before GC invocations=9 (full 0):
 garbage-first heap   total 131072K, used 100477K [0x0000000080000000, 0x0000000100000000)
  region size 1024K, 58 young (59392K), 6 survivors (6144K)
 Metaspace       used 43945K, capacity 45199K, committed 45440K, reserved 1089536K
  class space    used 5547K, capacity 5979K, committed 6016K, reserved 1048576K
}
Event: 2.886 GC heap after
{Heap after GC invocations=10 (full 0):
 garbage-first heap   total 157696K, used 51304K [0x0000000080000000, 0x0000000100000000)
  region size 1024K, 8 young (8192K), 8 survivors (8192K)
 Metaspace       used 43945K, capacity 45199K, committed 45440K, reserved 1089536K
  class space    used 5547K, capacity 5979K, committed 6016K, reserved 1048576K
}
Event: 3.212 GC heap before
{Heap before GC invocations=10 (full 0):
 garbage-first heap   total 157696K, used 111720K [0x0000000080000000, 0x0000000100000000)
  region size 1024K, 67 young (68608K), 8 survivors (8192K)
 Metaspace       used 47181K, capacity 48632K, committed 48768K, reserved 1091584K
  class space    used 6072K, capacity 6527K, committed 6528K, reserved 1048576K
}
Event: 3.218 GC heap after
{Heap after GC invocations=11 (full 0):
 garbage-first heap   total 157696K, used 55981K [0x0000000080000000, 0x0000000100000000)
  region size 1024K, 5 young (5120K), 5 survivors (5120K)
 Metaspace       used 47181K, capacity 48632K, committed 48768K, reserved 1091584K
  class space    used 6072K, capacity 6527K, committed 6528K, reserved 1048576K
}

Deoptimization events (20 events):
Event: 3.409 Thread 0x000002184a232000 Uncommon trap: trap_request=0xffffffbe fr.pc=0x0000021838ca8b60 relative=0x0000000000000820
Event: 3.409 Thread 0x000002184a232000 Uncommon trap: reason=profile_predicate action=maybe_recompile pc=0x0000021838ca8b60 method=java.util.stream.ReferencePipeline.forEachWithCancel(Ljava/util/Spliterator;Ljava/util/stream/Sink;)Z @ 8 c2
Event: 3.409 Thread 0x000002184a232000 DEOPT PACKING pc=0x0000021838ca8b60 sp=0x00000029d54f8a30
Event: 3.409 Thread 0x000002184a232000 DEOPT UNPACKING pc=0x0000021830fe78af sp=0x00000029d54f88e0 mode 2
Event: 3.411 Thread 0x000002184a232000 Uncommon trap: trap_request=0xffffffbe fr.pc=0x0000021838ca8b60 relative=0x0000000000000820
Event: 3.411 Thread 0x000002184a232000 Uncommon trap: reason=profile_predicate action=maybe_recompile pc=0x0000021838ca8b60 method=java.util.stream.ReferencePipeline.forEachWithCancel(Ljava/util/Spliterator;Ljava/util/stream/Sink;)Z @ 8 c2
Event: 3.411 Thread 0x000002184a232000 DEOPT PACKING pc=0x0000021838ca8b60 sp=0x00000029d54f8a30
Event: 3.411 Thread 0x000002184a232000 DEOPT UNPACKING pc=0x0000021830fe78af sp=0x00000029d54f88e0 mode 2
Event: 3.453 Thread 0x000002184a75f000 DEOPT PACKING pc=0x0000021831885efa sp=0x00000029d60fdf90
Event: 3.453 Thread 0x000002184a75f000 DEOPT UNPACKING pc=0x0000021830fe76ce sp=0x00000029d60fd3c8 mode 0
Event: 3.487 Thread 0x000002184a232000 DEOPT PACKING pc=0x000002183161e5ae sp=0x00000029d54f0a00
Event: 3.487 Thread 0x000002184a232000 DEOPT UNPACKING pc=0x0000021830fe76ce sp=0x00000029d54efe70 mode 0
Event: 3.490 Thread 0x000002184a232000 DEOPT PACKING pc=0x000002183161e5ae sp=0x00000029d54f0990
Event: 3.490 Thread 0x000002184a232000 DEOPT UNPACKING pc=0x0000021830fe76ce sp=0x00000029d54efe00 mode 0
Event: 3.492 Thread 0x000002184a232000 DEOPT PACKING pc=0x000002183161e5ae sp=0x00000029d54f0920
Event: 3.492 Thread 0x000002184a232000 DEOPT UNPACKING pc=0x0000021830fe76ce sp=0x00000029d54efd90 mode 0
Event: 3.493 Thread 0x000002184a232000 DEOPT PACKING pc=0x000002183161e5ae sp=0x00000029d54f0920
Event: 3.493 Thread 0x000002184a232000 DEOPT UNPACKING pc=0x0000021830fe76ce sp=0x00000029d54efd90 mode 0
Event: 3.497 Thread 0x000002184a232000 DEOPT PACKING pc=0x0000021831b7274c sp=0x00000029d54f0130
Event: 3.497 Thread 0x000002184a232000 DEOPT UNPACKING pc=0x0000021830fe76ce sp=0x00000029d54ef6d0 mode 0

Classes redefined (0 events):
No events

Internal exceptions (20 events):
Event: 3.488 Thread 0x000002184a232000 Exception <a 'java/security/PrivilegedActionException'{0x00000000870057c0}> (0x00000000870057c0) thrown at [./src/hotspot/share/prims/jvm.cpp, line 1306]
Event: 3.488 Thread 0x000002184a232000 Exception <a 'java/security/PrivilegedActionException'{0x0000000087006a80}> (0x0000000087006a80) thrown at [./src/hotspot/share/prims/jvm.cpp, line 1306]
Event: 3.488 Thread 0x000002184a232000 Exception <a 'java/security/PrivilegedActionException'{0x0000000087009978}> (0x0000000087009978) thrown at [./src/hotspot/share/prims/jvm.cpp, line 1306]
Event: 3.488 Thread 0x000002184a232000 Exception <a 'java/security/PrivilegedActionException'{0x000000008700ac38}> (0x000000008700ac38) thrown at [./src/hotspot/share/prims/jvm.cpp, line 1306]
Event: 3.488 Thread 0x000002184a232000 Exception <a 'java/security/PrivilegedActionException'{0x000000008700db90}> (0x000000008700db90) thrown at [./src/hotspot/share/prims/jvm.cpp, line 1306]
Event: 3.488 Thread 0x000002184a232000 Exception <a 'java/security/PrivilegedActionException'{0x000000008700ee50}> (0x000000008700ee50) thrown at [./src/hotspot/share/prims/jvm.cpp, line 1306]
Event: 3.505 Thread 0x000002184a232000 Exception <a 'java/lang/ClassNotFoundException'{0x0000000086c98210}: org/gradle/api/tasks/Delete_DecoratedBeanInfo> (0x0000000086c98210) thrown at [./src/hotspot/share/classfile/systemDictionary.cpp, line 231]
Event: 3.506 Thread 0x000002184a232000 Exception <a 'java/lang/ClassNotFoundException'{0x0000000086cc0730}: org/gradle/api/tasks/DeleteBeanInfo> (0x0000000086cc0730) thrown at [./src/hotspot/share/classfile/systemDictionary.cpp, line 231]
Event: 3.506 Thread 0x000002184a232000 Exception <a 'java/lang/ClassNotFoundException'{0x0000000086ceba00}: org/gradle/api/internal/ConventionTaskBeanInfo> (0x0000000086ceba00) thrown at [./src/hotspot/share/classfile/systemDictionary.cpp, line 231]
Event: 3.507 Thread 0x000002184a232000 Exception <a 'java/lang/ClassNotFoundException'{0x0000000086b13bb8}: org/gradle/api/DefaultTaskBeanInfo> (0x0000000086b13bb8) thrown at [./src/hotspot/share/classfile/systemDictionary.cpp, line 231]
Event: 3.507 Thread 0x000002184a232000 Exception <a 'java/lang/ClassNotFoundException'{0x0000000086b3f940}: org/gradle/api/internal/AbstractTaskBeanInfo> (0x0000000086b3f940) thrown at [./src/hotspot/share/classfile/systemDictionary.cpp, line 231]
Event: 3.507 Thread 0x000002184a232000 Exception <a 'java/lang/ClassNotFoundException'{0x0000000086b6b688}: org/gradle/api/internal/AbstractTaskCustomizer> (0x0000000086b6b688) thrown at [./src/hotspot/share/classfile/systemDictionary.cpp, line 231]
Event: 3.509 Thread 0x000002184a232000 Exception <a 'java/lang/ClassNotFoundException'{0x0000000086bdbc80}: org/gradle/api/DefaultTaskCustomizer> (0x0000000086bdbc80) thrown at [./src/hotspot/share/classfile/systemDictionary.cpp, line 231]
Event: 3.510 Thread 0x000002184a232000 Exception <a 'java/lang/ClassNotFoundException'{0x0000000086a5be88}: org/gradle/api/internal/ConventionTaskCustomizer> (0x0000000086a5be88) thrown at [./src/hotspot/share/classfile/systemDictionary.cpp, line 231]
Event: 3.511 Thread 0x000002184a232000 Exception <a 'java/lang/ClassNotFoundException'{0x0000000086a93368}: org/gradle/api/tasks/DeleteCustomizer> (0x0000000086a93368) thrown at [./src/hotspot/share/classfile/systemDictionary.cpp, line 231]
Event: 3.512 Thread 0x000002184a232000 Exception <a 'java/lang/ClassNotFoundException'{0x0000000086ad1748}: org/gradle/api/tasks/Delete_DecoratedCustomizer> (0x0000000086ad1748) thrown at [./src/hotspot/share/classfile/systemDictionary.cpp, line 231]
Event: 3.524 Thread 0x000002184a232000 Exception <a 'java/lang/ClassNotFoundException'{0x00000000869f2b28}: build_w7v32wxe3ui7aosq3cl87v73BeanInfo> (0x00000000869f2b28) thrown at [./src/hotspot/share/classfile/systemDictionary.cpp, line 231]
Event: 3.524 Thread 0x000002184a232000 Exception <a 'java/lang/ClassNotFoundException'{0x00000000869fda30}: build_w7v32wxe3ui7aosq3cl87v73Customizer> (0x00000000869fda30) thrown at [./src/hotspot/share/classfile/systemDictionary.cpp, line 231]
Event: 3.528 Thread 0x000002184a232000 Exception <a 'java/lang/ClassNotFoundException'{0x000000008688bb68}: org/gradle/plugin/use/internal/PluginRequestCollector$PluginDependenciesSpecImplBeanInfo> (0x000000008688bb68) thrown at [./src/hotspot/share/classfile/systemDictionary.cpp, line 231]
Event: 3.528 Thread 0x000002184a232000 Exception <a 'java/lang/ClassNotFoundException'{0x00000000868b9a18}: org/gradle/plugin/use/internal/PluginRequestCollector$PluginDependenciesSpecImplCustomizer> (0x00000000868b9a18) thrown at [./src/hotspot/share/classfile/systemDictionary.cpp, line 231]

Events (20 events):
Event: 3.527 loading class org/gradle/plugin/use/internal/PluginRequestCollector$PluginDependenciesSpecImplBeanInfo
Event: 3.527 loading class org/gradle/plugin/use/internal/PluginRequestCollector$PluginDependenciesSpecImplBeanInfo done
Event: 3.528 loading class org/gradle/plugin/use/internal/PluginRequestCollector$PluginDependenciesSpecImplBeanInfo
Event: 3.528 loading class org/gradle/plugin/use/internal/PluginRequestCollector$PluginDependenciesSpecImplBeanInfo done
Event: 3.528 loading class org/gradle/plugin/use/internal/PluginRequestCollector$PluginDependenciesSpecImplCustomizer
Event: 3.528 loading class org/gradle/plugin/use/internal/PluginRequestCollector$PluginDependenciesSpecImplCustomizer done
Event: 3.528 loading class org/gradle/plugin/use/internal/PluginRequestCollector$PluginDependenciesSpecImplCustomizer
Event: 3.528 loading class org/gradle/plugin/use/internal/PluginRequestCollector$PluginDependenciesSpecImplCustomizer done
Event: 3.528 loading class org/gradle/plugin/use/internal/PluginRequestCollector$PluginDependenciesSpecImplCustomizer
Event: 3.528 loading class org/gradle/plugin/use/internal/PluginRequestCollector$PluginDependenciesSpecImplCustomizer done
Event: 3.528 loading class org/gradle/plugin/use/internal/PluginRequestCollector$PluginDependenciesSpecImplCustomizer
Event: 3.528 loading class org/gradle/plugin/use/internal/PluginRequestCollector$PluginDependenciesSpecImplCustomizer done
Event: 3.528 loading class org/gradle/plugin/use/internal/PluginRequestCollector$PluginDependencySpecImpl
Event: 3.528 loading class org/gradle/plugin/use/internal/PluginRequestCollector$PluginDependencySpecImpl done
Event: 3.528 loading class org/gradle/plugin/internal/InvalidPluginVersionException
Event: 3.528 loading class org/gradle/plugin/internal/InvalidPluginVersionException done
Event: 3.529 loading class org/gradle/plugin/use/internal/PluginRequestCollector$1
Event: 3.529 loading class org/gradle/plugin/use/internal/PluginRequestCollector$1 done
Event: 3.529 loading class org/gradle/plugin/use/internal/PluginRequestCollector$2
Event: 3.529 loading class org/gradle/plugin/use/internal/PluginRequestCollector$2 done


Dynamic libraries:
0x00007ff78b620000 - 0x00007ff78b62a000 	C:\Program Files\Android\Android Studio\jre\bin\java.exe
0x00007ff99e340000 - 0x00007ff99e547000 	C:\Windows\SYSTEM32\ntdll.dll
0x00007ff99dbf0000 - 0x00007ff99dcad000 	C:\Windows\System32\KERNEL32.DLL
0x00007ff99bba0000 - 0x00007ff99bf14000 	C:\Windows\System32\KERNELBASE.dll
0x00007ff99b9e0000 - 0x00007ff99baf1000 	C:\Windows\System32\ucrtbase.dll
0x00007ff9942a0000 - 0x00007ff9942b9000 	C:\Program Files\Android\Android Studio\jre\bin\jli.dll
0x00007ff98bcb0000 - 0x00007ff98bcc7000 	C:\Program Files\Android\Android Studio\jre\bin\VCRUNTIME140.dll
0x00007ff99ca60000 - 0x00007ff99cc0c000 	C:\Windows\System32\USER32.dll
0x00007ff98c7e0000 - 0x00007ff98ca85000 	C:\Windows\WinSxS\amd64_microsoft.windows.common-controls_6595b64144ccf1df_6.0.22000.120_none_9d947278b86cc467\COMCTL32.dll
0x00007ff99b9b0000 - 0x00007ff99b9d6000 	C:\Windows\System32\win32u.dll
0x00007ff99c1d0000 - 0x00007ff99c273000 	C:\Windows\System32\msvcrt.dll
0x00007ff99dcb0000 - 0x00007ff99dcd9000 	C:\Windows\System32\GDI32.dll
0x00007ff99b890000 - 0x00007ff99b9a2000 	C:\Windows\System32\gdi32full.dll
0x00007ff99bb00000 - 0x00007ff99bb9d000 	C:\Windows\System32\msvcp_win.dll
0x00007ff99c880000 - 0x00007ff99c8b1000 	C:\Windows\System32\IMM32.DLL
0x00007ff971a00000 - 0x00007ff971a9d000 	C:\Program Files\Android\Android Studio\jre\bin\msvcp140.dll
0x00007ff967790000 - 0x00007ff96825f000 	C:\Program Files\Android\Android Studio\jre\bin\server\jvm.dll
0x00007ff99d910000 - 0x00007ff99d9bc000 	C:\Windows\System32\ADVAPI32.dll
0x00007ff99c660000 - 0x00007ff99c6fd000 	C:\Windows\System32\sechost.dll
0x00007ff99c920000 - 0x00007ff99ca41000 	C:\Windows\System32\RPCRT4.dll
0x00007ff99e130000 - 0x00007ff99e138000 	C:\Windows\System32\PSAPI.DLL
0x00007ff996060000 - 0x00007ff996093000 	C:\Windows\SYSTEM32\WINMM.dll
0x00007ff998b50000 - 0x00007ff998b59000 	C:\Windows\SYSTEM32\WSOCK32.dll
0x00007ff9950f0000 - 0x00007ff9950fa000 	C:\Windows\SYSTEM32\VERSION.dll
0x00007ff99da20000 - 0x00007ff99da8f000 	C:\Windows\System32\WS2_32.dll
0x00007ff99a940000 - 0x00007ff99a958000 	C:\Windows\SYSTEM32\kernel.appcore.dll
0x00007ff998b30000 - 0x00007ff998b41000 	C:\Program Files\Android\Android Studio\jre\bin\verify.dll
0x00007ff98eb40000 - 0x00007ff98ed61000 	C:\Windows\SYSTEM32\DBGHELP.DLL
0x00007ff988ea0000 - 0x00007ff988ed1000 	C:\Windows\SYSTEM32\dbgcore.DLL
0x00007ff99bf20000 - 0x00007ff99bf9f000 	C:\Windows\System32\bcryptPrimitives.dll
0x00007ff992a10000 - 0x00007ff992a39000 	C:\Program Files\Android\Android Studio\jre\bin\java.dll
0x00007ff997a50000 - 0x00007ff997a5b000 	C:\Program Files\Android\Android Studio\jre\bin\jimage.dll
0x00007ff9976d0000 - 0x00007ff9976e8000 	C:\Program Files\Android\Android Studio\jre\bin\zip.dll
0x00007ff99cc10000 - 0x00007ff99d3be000 	C:\Windows\System32\SHELL32.dll
0x00007ff9999c0000 - 0x00007ff99a227000 	C:\Windows\SYSTEM32\windows.storage.dll
0x00007ff99ddb0000 - 0x00007ff99e128000 	C:\Windows\System32\combase.dll
0x00007ff999850000 - 0x00007ff9999b6000 	C:\Windows\SYSTEM32\wintypes.dll
0x00007ff99c790000 - 0x00007ff99c87a000 	C:\Windows\System32\SHCORE.dll
0x00007ff99c8c0000 - 0x00007ff99c91d000 	C:\Windows\System32\shlwapi.dll
0x00007ff99b750000 - 0x00007ff99b771000 	C:\Windows\SYSTEM32\profapi.dll
0x00007ff993d10000 - 0x00007ff993d2a000 	C:\Program Files\Android\Android Studio\jre\bin\net.dll
0x00007ff996160000 - 0x00007ff99626c000 	C:\Windows\SYSTEM32\WINHTTP.dll
0x00007ff99ad50000 - 0x00007ff99adb7000 	C:\Windows\system32\mswsock.dll
0x00007ff9929f0000 - 0x00007ff992a04000 	C:\Program Files\Android\Android Studio\jre\bin\nio.dll
0x00007ff98c630000 - 0x00007ff98c657000 	C:\Users\NeHaL\.gradle\native\8bec1ad78214c89d9ad589b4d07fe93259594b29d510b10fafb7a158f7737e5d\windows-amd64\native-platform.dll
0x00007ff96cb70000 - 0x00007ff96ccad000 	C:\Users\NeHaL\.gradle\native\53dbd7edfb1c66fb8903c78663c9afc45aea4f116125fa6feffd364cf09443e8\windows-amd64\native-platform-file-events.dll
0x00007ff994f40000 - 0x00007ff994f4a000 	C:\Program Files\Android\Android Studio\jre\bin\management.dll
0x00007ff993ce0000 - 0x00007ff993cec000 	C:\Program Files\Android\Android Studio\jre\bin\management_ext.dll
0x00007ff99af90000 - 0x00007ff99afa8000 	C:\Windows\SYSTEM32\CRYPTSP.dll
0x00007ff99a8a0000 - 0x00007ff99a8d5000 	C:\Windows\system32\rsaenh.dll
0x00007ff99ae40000 - 0x00007ff99ae69000 	C:\Windows\SYSTEM32\USERENV.dll
0x00007ff99b110000 - 0x00007ff99b137000 	C:\Windows\SYSTEM32\bcrypt.dll
0x00007ff99afb0000 - 0x00007ff99afbc000 	C:\Windows\SYSTEM32\CRYPTBASE.dll
0x00007ff99a480000 - 0x00007ff99a4ad000 	C:\Windows\SYSTEM32\IPHLPAPI.DLL
0x00007ff99db70000 - 0x00007ff99db79000 	C:\Windows\System32\NSI.dll
0x00007ff995a40000 - 0x00007ff995a59000 	C:\Windows\SYSTEM32\dhcpcsvc6.DLL
0x00007ff996d30000 - 0x00007ff996d4e000 	C:\Windows\SYSTEM32\dhcpcsvc.DLL
0x00007ff99a4b0000 - 0x00007ff99a597000 	C:\Windows\SYSTEM32\DNSAPI.dll

dbghelp: loaded successfully - version: 4.0.5 - missing functions: none
symbol engine: initialized successfully - sym options: 0x614 - pdb path: .;C:\Program Files\Android\Android Studio\jre\bin;C:\Windows\SYSTEM32;C:\Windows\WinSxS\amd64_microsoft.windows.common-controls_6595b64144ccf1df_6.0.22000.120_none_9d947278b86cc467;C:\Program Files\Android\Android Studio\jre\bin\server;C:\Users\NeHaL\.gradle\native\8bec1ad78214c89d9ad589b4d07fe93259594b29d510b10fafb7a158f7737e5d\windows-amd64;C:\Users\NeHaL\.gradle\native\53dbd7edfb1c66fb8903c78663c9afc45aea4f116125fa6feffd364cf09443e8\windows-amd64

VM Arguments:
jvm_args: --add-opens=java.base/java.util=ALL-UNNAMED --add-opens=java.base/java.lang=ALL-UNNAMED --add-opens=java.base/java.lang.invoke=ALL-UNNAMED --add-opens=java.base/java.util=ALL-UNNAMED --add-opens=java.prefs/java.util.prefs=ALL-UNNAMED --add-opens=java.prefs/java.util.prefs=ALL-UNNAMED --add-opens=java.base/java.nio.charset=ALL-UNNAMED --add-opens=java.base/java.net=ALL-UNNAMED --add-opens=java.base/java.util.concurrent.atomic=ALL-UNNAMED -Xmx2048m -Dfile.encoding=UTF-8 -Duser.country=IN -Duser.language=en -Duser.variant 
java_command: org.gradle.launcher.daemon.bootstrap.GradleDaemon 7.0.2
java_class_path (initial): C:\Users\NeHaL\.gradle\wrapper\dists\gradle-7.0.2-bin\857tjihv64xamwrf0h14cai3r\gradle-7.0.2\lib\gradle-launcher-7.0.2.jar
Launcher Type: SUN_STANDARD

[Global flags]
     intx CICompilerCount                          = 4                                         {product} {ergonomic}
     uint ConcGCThreads                            = 3                                         {product} {ergonomic}
     uint G1ConcRefinementThreads                  = 10                                        {product} {ergonomic}
   size_t G1HeapRegionSize                         = 1048576                                   {product} {ergonomic}
    uintx GCDrainStackTargetSize                   = 64                                        {product} {ergonomic}
   size_t InitialHeapSize                          = 134217728                                 {product} {ergonomic}
   size_t MarkStackSize                            = 4194304                                   {product} {ergonomic}
   size_t MaxHeapSize                              = 2147483648                                {product} {command line}
   size_t MaxNewSize                               = 1287651328                                {product} {ergonomic}
   size_t MinHeapDeltaBytes                        = 1048576                                   {product} {ergonomic}
    uintx NonNMethodCodeHeapSize                   = 5836300                                {pd product} {ergonomic}
    uintx NonProfiledCodeHeapSize                  = 122910970                              {pd product} {ergonomic}
    uintx ProfiledCodeHeapSize                     = 122910970                              {pd product} {ergonomic}
    uintx ReservedCodeCacheSize                    = 251658240                              {pd product} {ergonomic}
     bool SegmentedCodeCache                       = true                                      {product} {ergonomic}
     bool UseCompressedClassPointers               = true                                 {lp64_product} {ergonomic}
     bool UseCompressedOops                        = true                                 {lp64_product} {ergonomic}
     bool UseG1GC                                  = true                                      {product} {ergonomic}
     bool UseLargePagesIndividualAllocation        = false                                  {pd product} {ergonomic}

Logging:
Log output configuration:
 #0: stdout all=warning uptime,level,tags
 #1: stderr all=off uptime,level,tags

Environment Variables:
PATH=C:\Program Files (x86)\Common Files\Intel\Shared Libraries\redist\intel64\compiler;C:\Program Files\Common Files\Oracle\Java\javapath;C:\Windows\system32;C:\Windows;C:\Windows\System32\Wbem;C:\Windows\System32\WindowsPowerShell\v1.0\;C:\Windows\System32\OpenSSH\;C:\Program Files\NVIDIA Corporation\NVIDIA NvDLISR;C:\Program Files (x86)\NVIDIA Corporation\PhysX\Common;C:\Program Files\nodejs\;C:\ProgramData\chocolatey\bin;C:\Program Files\Git\cmd;C:\Program Files\Cloudflare\Cloudflare WARP;C:\Users\NeHaL\AppData\Local\Microsoft\WindowsApps;C:\Program Files\JetBrains\IntelliJ IDEA Community Edition 2021.2.2\bin;;C:\Program Files\JetBrains\PyCharm Community Edition 2021.2.2\bin;;C:\Users\NeHaL\AppData\Local\Programs\Microsoft VS Code\bin;C:\Users\NeHaL\AppData\Roaming\npm;C:\Program Files\MongoDB\Server\5.0\bin;
USERNAME=NeHaL
OS=Windows_NT
PROCESSOR_IDENTIFIER=AMD64 Family 23 Model 113 Stepping 0, AuthenticAMD



---------------  S Y S T E M  ---------------

OS: Windows 10 , 64 bit Build 22000 (10.0.22000.318)
OS uptime: 0 days 0:48 hours

CPU:total 12 (initial active 12) (12 cores per cpu, 2 threads per core) family 23 model 113 stepping 0 microcode 0x0, cmov, cx8, fxsr, mmx, sse, sse2, sse3, ssse3, sse4.1, sse4.2, popcnt, avx, avx2, aes, clmul, mmxext, 3dnowpref, lzcnt, sse4a, ht, tsc, tscinvbit, tscinv, bmi1, bmi2, adx,

Memory: 4k page, system-wide physical 8144M (1793M free)
TotalPageFile size 8144M (AvailPageFile size 5M)
current process WorkingSet (physical memory assigned to process): 341M, peak: 341M
current process commit charge ("private bytes"): 384M, peak: 385M

vm_info: OpenJDK 64-Bit Server VM (11.0.10+0-b96-7249189) for windows-amd64 JRE (11.0.10+0-b96-7249189), built on Mar 31 2021 21:44:00 by "builder" with MS VC++ 14.0 (VS2015)

END.
