#
# There is insufficient memory for the Java Runtime Environment to continue.
# Native memory allocation (mmap) failed to map 54525952 bytes for Failed to commit area from 0x000000008e900000 to 0x0000000091d00000 of length 54525952.
# Possible reasons:
#   The system is out of physical RAM or swap space
#   The process is running with CompressedOops enabled, and the Java Heap may be blocking the growth of the native heap
# Possible solutions:
#   Reduce memory load on the system
#   Increase physical memory or swap space
#   Check if swap backing store is full
#   Decrease Java heap size (-Xmx/-Xms)
#   Decrease number of Java threads
#   Decrease Java thread stack sizes (-Xss)
#   Set larger code cache with -XX:ReservedCodeCacheSize=
#   JVM is running with Unscaled Compressed Oops mode in which the Java heap is
#     placed in the first 4GB address space. The Java Heap base address is the
#     maximum limit for the native heap growth. Please use -XX:HeapBaseMinAddress
#     to set the Java Heap base and to place the Java Heap above 4GB virtual address.
# This output file may be truncated or incomplete.
#
#  Out of Memory Error (./src/hotspot/os/windows/os_windows.cpp:3301), pid=5276, tid=12896
#
# JRE version: OpenJDK Runtime Environment (11.0.10) (build 11.0.10+0-b96-7249189)
# Java VM: OpenJDK 64-Bit Server VM (11.0.10+0-b96-7249189, mixed mode, tiered, compressed oops, g1 gc, windows-amd64)
# No core dump will be written. Minidumps are not enabled by default on client versions of Windows
#

---------------  S U M M A R Y ------------

Command Line: --add-opens=java.base/java.util=ALL-UNNAMED --add-opens=java.base/java.lang=ALL-UNNAMED --add-opens=java.base/java.lang.invoke=ALL-UNNAMED --add-opens=java.base/java.util=ALL-UNNAMED --add-opens=java.prefs/java.util.prefs=ALL-UNNAMED --add-opens=java.prefs/java.util.prefs=ALL-UNNAMED --add-opens=java.base/java.nio.charset=ALL-UNNAMED --add-opens=java.base/java.net=ALL-UNNAMED --add-opens=java.base/java.util.concurrent.atomic=ALL-UNNAMED -Xmx2048m -Dfile.encoding=UTF-8 -Duser.country=IN -Duser.language=en -Duser.variant org.gradle.launcher.daemon.bootstrap.GradleDaemon 7.0.2

Host: AMD Ryzen 5 3600 6-Core Processor              , 12 cores, 7G,  Windows 10 , 64 bit Build 22000 (10.0.22000.318)
Time: Mon Dec 27 23:43:11 2021 India Standard Time elapsed time: 28.694722 seconds (0d 0h 0m 28s)

---------------  T H R E A D  ---------------

Current thread (0x0000029525daa000):  VMThread "VM Thread" [stack: 0x000000a248e00000,0x000000a248f00000] [id=12896]

Stack: [0x000000a248e00000,0x000000a248f00000]
[error occurred during error reporting (printing stack bounds), id 0xc0000005, EXCEPTION_ACCESS_VIOLATION (0xc0000005) at pc=0x000002950efe0f2d]

Native frames: (J=compiled Java code, j=interpreted, Vv=VM code, C=native code)
V  [jvm.dll+0x5ecfaa]
V  [jvm.dll+0x722bd5]
V  [jvm.dll+0x72412d]
V  [jvm.dll+0x724745]
V  [jvm.dll+0x7246fb]
V  [jvm.dll+0x5ec348]
V  [jvm.dll+0x5ecad8]
C  [ntdll.dll+0xa82ff]
C  [ntdll.dll+0x35a0a]
C  [ntdll.dll+0xa730e]
C  0x000002950efe0f2d

VM_Operation (0x000000a24def7f80): G1CollectForAllocation, mode: safepoint, requested by thread 0x0000029528e1f800


---------------  P R O C E S S  ---------------

Threads class SMR info:
_java_thread_list=0x00000295358503b0, length=86, elements={
0x000002950b4f0000, 0x0000029525db0000, 0x0000029525db3800, 0x0000029526723800,
0x0000029526724800, 0x0000029526725800, 0x000002952672c000, 0x0000029526733000,
0x0000029525dcf800, 0x0000029526880000, 0x00000295285ef800, 0x0000029526abd000,
0x0000029526a00000, 0x0000029528a76800, 0x0000029528bce000, 0x0000029528bcf800,
0x0000029528bcb800, 0x0000029528bd0800, 0x0000029528e1d000, 0x0000029528e23000,
0x0000029528e21000, 0x0000029528e22000, 0x0000029528e20800, 0x0000029528e23800,
0x0000029528e1f000, 0x0000029528e1e000, 0x0000029528e26000, 0x0000029528e2a000,
0x0000029528e25800, 0x0000029528e27000, 0x0000029528e29800, 0x0000029528e24800,
0x0000029528e2c000, 0x000002952be97000, 0x000002952bea0000, 0x000002952c851000,
0x000002952c855000, 0x000002952c852800, 0x000002952c850000, 0x000002952c857800,
0x000002952c851800, 0x000002952c85d000, 0x000002952c85a800, 0x000002952c85c000,
0x000002952c85e000, 0x000002952c858000, 0x000002952c859000, 0x000002952c85a000,
0x000002952c85b800, 0x000002952be96000, 0x000002952be93000, 0x000002952be99800,
0x000002952be93800, 0x000002952be9a000, 0x000002952be94800, 0x000002952be9b000,
0x000002952be95800, 0x000002952be9e800, 0x000002952be9d800, 0x000002952be9f000,
0x000002952bea0800, 0x000002952be9c000, 0x000002952be9c800, 0x0000029528bcf000,
0x0000029528bca000, 0x0000029528bcd000, 0x0000029528bcc800, 0x0000029528bca800,
0x0000029528e1f800, 0x0000029528e2b000, 0x0000029528e28800, 0x0000029528e28000,
0x000002952e2b6000, 0x000002952e2b4800, 0x000002952e2b5800, 0x000002952e2b7000,
0x000002952e2b8800, 0x000002952e2b3000, 0x000002952e2b3800, 0x000002952e2bc800,
0x000002952e2c0000, 0x000002952e2ba000, 0x000002952e2bf000, 0x000002952e2c0800,
0x000002952e2bd800, 0x000002952e2be000
}

Java Threads: ( => current thread )
  0x000002950b4f0000 JavaThread "main" [_thread_blocked, id=3588, stack(0x000000a248800000,0x000000a248900000)]
  0x0000029525db0000 JavaThread "Reference Handler" daemon [_thread_blocked, id=6580, stack(0x000000a248f00000,0x000000a249000000)]
  0x0000029525db3800 JavaThread "Finalizer" daemon [_thread_blocked, id=13612, stack(0x000000a249000000,0x000000a249100000)]
  0x0000029526723800 JavaThread "Signal Dispatcher" daemon [_thread_blocked, id=9480, stack(0x000000a249100000,0x000000a249200000)]
  0x0000029526724800 JavaThread "Attach Listener" daemon [_thread_blocked, id=10460, stack(0x000000a249200000,0x000000a249300000)]
  0x0000029526725800 JavaThread "Service Thread" daemon [_thread_blocked, id=10832, stack(0x000000a249300000,0x000000a249400000)]
  0x000002952672c000 JavaThread "C2 CompilerThread0" daemon [_thread_blocked, id=3672, stack(0x000000a249400000,0x000000a249500000)]
  0x0000029526733000 JavaThread "C1 CompilerThread0" daemon [_thread_blocked, id=10788, stack(0x000000a249500000,0x000000a249600000)]
  0x0000029525dcf800 JavaThread "Sweeper thread" daemon [_thread_blocked, id=10380, stack(0x000000a249600000,0x000000a249700000)]
  0x0000029526880000 JavaThread "Common-Cleaner" daemon [_thread_blocked, id=4092, stack(0x000000a249700000,0x000000a249800000)]
  0x00000295285ef800 JavaThread "Daemon health stats" [_thread_blocked, id=13956, stack(0x000000a249d00000,0x000000a249e00000)]
  0x0000029526abd000 JavaThread "Incoming local TCP Connector on port 53083" [_thread_in_native, id=7840, stack(0x000000a249900000,0x000000a249a00000)]
  0x0000029526a00000 JavaThread "Daemon periodic checks" [_thread_blocked, id=14244, stack(0x000000a249a00000,0x000000a249b00000)]
  0x0000029528a76800 JavaThread "Daemon" [_thread_blocked, id=1740, stack(0x000000a249e00000,0x000000a249f00000)]
  0x0000029528bce000 JavaThread "Daemon worker" [_thread_blocked, id=5148, stack(0x000000a24a100000,0x000000a24a200000)]
  0x0000029528bcf800 JavaThread "Cache worker for file hash cache (C:\Users\NeHaL\.gradle\caches\7.0.2\fileHashes)" [_thread_blocked, id=12948, stack(0x000000a24ad00000,0x000000a24ae00000)]
  0x0000029528bcb800 JavaThread "File lock request listener" [_thread_in_native, id=8508, stack(0x000000a24ae00000,0x000000a24af00000)]
  0x0000029528bd0800 JavaThread "Cache worker for journal cache (C:\Users\NeHaL\.gradle\caches\journal-1)" [_thread_blocked, id=10944, stack(0x000000a24b100000,0x000000a24b200000)]
  0x0000029528e1d000 JavaThread "File watcher server" daemon [_thread_blocked, id=5660, stack(0x000000a24b300000,0x000000a24b400000)]
  0x0000029528e23000 JavaThread "File watcher consumer" daemon [_thread_blocked, id=13272, stack(0x000000a24b400000,0x000000a24b500000)]
  0x0000029528e21000 JavaThread "jar transforms" [_thread_blocked, id=5720, stack(0x000000a24b500000,0x000000a24b600000)]
  0x0000029528e22000 JavaThread "jar transforms Thread 2" [_thread_blocked, id=7740, stack(0x000000a24b600000,0x000000a24b700000)]
  0x0000029528e20800 JavaThread "jar transforms Thread 3" [_thread_blocked, id=10060, stack(0x000000a24b700000,0x000000a24b800000)]
  0x0000029528e23800 JavaThread "jar transforms Thread 4" [_thread_blocked, id=10128, stack(0x000000a24b800000,0x000000a24b900000)]
  0x0000029528e1f000 JavaThread "jar transforms Thread 5" [_thread_blocked, id=4936, stack(0x000000a24b900000,0x000000a24ba00000)]
  0x0000029528e1e000 JavaThread "jar transforms Thread 6" [_thread_blocked, id=2652, stack(0x000000a24ba00000,0x000000a24bb00000)]
  0x0000029528e26000 JavaThread "jar transforms Thread 7" [_thread_blocked, id=7196, stack(0x000000a24bb00000,0x000000a24bc00000)]
  0x0000029528e2a000 JavaThread "jar transforms Thread 8" [_thread_blocked, id=13588, stack(0x000000a24bc00000,0x000000a24bd00000)]
  0x0000029528e25800 JavaThread "jar transforms Thread 9" [_thread_blocked, id=15352, stack(0x000000a24bd00000,0x000000a24be00000)]
  0x0000029528e27000 JavaThread "jar transforms Thread 10" [_thread_blocked, id=11288, stack(0x000000a24be00000,0x000000a24bf00000)]
  0x0000029528e29800 JavaThread "jar transforms Thread 11" [_thread_blocked, id=780, stack(0x000000a24bf00000,0x000000a24c000000)]
  0x0000029528e24800 JavaThread "jar transforms Thread 12" [_thread_blocked, id=1264, stack(0x000000a24c000000,0x000000a24c100000)]
  0x0000029528e2c000 JavaThread "Cache worker for execution history cache (C:\Users\NeHaL\.gradle\caches\7.0.2\executionHistory)" [_thread_blocked, id=972, stack(0x000000a24c400000,0x000000a24c500000)]
  0x000002952be97000 JavaThread "Cache worker for file content cache (C:\Users\NeHaL\.gradle\caches\7.0.2\fileContent)" [_thread_blocked, id=11672, stack(0x000000a24c600000,0x000000a24c700000)]
  0x000002952bea0000 JavaThread "Memory manager" [_thread_blocked, id=8804, stack(0x000000a24d500000,0x000000a24d600000)]
  0x000002952c851000 JavaThread "Handler for socket connection from /127.0.0.1:53083 to /127.0.0.1:53108" [_thread_in_native, id=14928, stack(0x000000a249f00000,0x000000a24a000000)]
  0x000002952c855000 JavaThread "Cancel handler" [_thread_blocked, id=13896, stack(0x000000a24a000000,0x000000a24a100000)]
  0x000002952c852800 JavaThread "Asynchronous log dispatcher for DefaultDaemonConnection: socket connection from /127.0.0.1:53083 to /127.0.0.1:53108" [_thread_blocked, id=11560, stack(0x000000a24a200000,0x000000a24a300000)]
  0x000002952c850000 JavaThread "Stdin handler" [_thread_blocked, id=11660, stack(0x000000a24a300000,0x000000a24a400000)]
  0x000002952c857800 JavaThread "Daemon client event forwarder" [_thread_blocked, id=10744, stack(0x000000a24a400000,0x000000a24a500000)]
  0x000002952c851800 JavaThread "Cache worker for file hash cache (C:\Users\NeHaL\AndroidStudioProjects\SmartTourApp\.gradle\7.0.2\fileHashes)" [_thread_blocked, id=14712, stack(0x000000a24a500000,0x000000a24a600000)]
  0x000002952c85d000 JavaThread "C2 CompilerThread1" daemon [_thread_blocked, id=4412, stack(0x000000a24b200000,0x000000a24b300000)]
  0x000002952c85a800 JavaThread "C2 CompilerThread2" daemon [_thread_in_native, id=8032, stack(0x000000a24c100000,0x000000a24c200000)]
  0x000002952c85c000 JavaThread "Cache worker for checksums cache (C:\Users\NeHaL\AndroidStudioProjects\SmartTourApp\.gradle\checksums)" [_thread_blocked, id=3660, stack(0x000000a24c200000,0x000000a24c300000)]
  0x000002952c85e000 JavaThread "Cache worker for cache directory md-supplier (C:\Users\NeHaL\.gradle\caches\7.0.2\md-supplier)" [_thread_blocked, id=11032, stack(0x000000a24c300000,0x000000a24c400000)]
  0x000002952c858000 JavaThread "Cache worker for cache directory md-rule (C:\Users\NeHaL\.gradle\caches\7.0.2\md-rule)" [_thread_blocked, id=7288, stack(0x000000a24c500000,0x000000a24c600000)]
  0x000002952c859000 JavaThread "Cache worker for dependencies-accessors (C:\Users\NeHaL\AndroidStudioProjects\SmartTourApp\.gradle\7.0.2\dependencies-accessors)" [_thread_blocked, id=5704, stack(0x000000a24c700000,0x000000a24c800000)]
  0x000002952c85a000 JavaThread "Cache worker for Build Output Cleanup Cache (C:\Users\NeHaL\AndroidStudioProjects\SmartTourApp\.gradle\buildOutputCleanup)" [_thread_blocked, id=1228, stack(0x000000a24c800000,0x000000a24c900000)]
  0x000002952c85b800 JavaThread "Build operations" [_thread_blocked, id=6076, stack(0x000000a24c900000,0x000000a24ca00000)]
  0x000002952be96000 JavaThread "Build operations Thread 2" [_thread_blocked, id=1948, stack(0x000000a24ca00000,0x000000a24cb00000)]
  0x000002952be93000 JavaThread "Build operations Thread 3" [_thread_blocked, id=13724, stack(0x000000a24cb00000,0x000000a24cc00000)]
  0x000002952be99800 JavaThread "Build operations Thread 4" [_thread_blocked, id=14328, stack(0x000000a24cc00000,0x000000a24cd00000)]
  0x000002952be93800 JavaThread "Build operations Thread 5" [_thread_blocked, id=12704, stack(0x000000a24cd00000,0x000000a24ce00000)]
  0x000002952be9a000 JavaThread "Build operations Thread 6" [_thread_blocked, id=4520, stack(0x000000a24ce00000,0x000000a24cf00000)]
  0x000002952be94800 JavaThread "Build operations Thread 7" [_thread_blocked, id=3352, stack(0x000000a24cf00000,0x000000a24d000000)]
  0x000002952be9b000 JavaThread "Build operations Thread 8" [_thread_blocked, id=1352, stack(0x000000a24d000000,0x000000a24d100000)]
  0x000002952be95800 JavaThread "Build operations Thread 9" [_thread_blocked, id=13576, stack(0x000000a24d100000,0x000000a24d200000)]
  0x000002952be9e800 JavaThread "Build operations Thread 10" [_thread_blocked, id=10936, stack(0x000000a24d200000,0x000000a24d300000)]
  0x000002952be9d800 JavaThread "Build operations Thread 11" [_thread_blocked, id=12996, stack(0x000000a24d300000,0x000000a24d400000)]
  0x000002952be9f000 JavaThread "Build operations Thread 12" [_thread_blocked, id=12944, stack(0x000000a24d400000,0x000000a24d500000)]
  0x000002952bea0800 JavaThread "build event listener" [_thread_blocked, id=2820, stack(0x000000a24d600000,0x000000a24d700000)]
  0x000002952be9c000 JavaThread "Execution worker for ':'" [_thread_blocked, id=6720, stack(0x000000a24d700000,0x000000a24d800000)]
  0x000002952be9c800 JavaThread "Execution worker for ':' Thread 2" [_thread_blocked, id=11244, stack(0x000000a24d800000,0x000000a24d900000)]
  0x0000029528bcf000 JavaThread "Execution worker for ':' Thread 3" [_thread_blocked, id=5552, stack(0x000000a24d900000,0x000000a24da00000)]
  0x0000029528bca000 JavaThread "Execution worker for ':' Thread 4" [_thread_blocked, id=4680, stack(0x000000a24da00000,0x000000a24db00000)]
  0x0000029528bcd000 JavaThread "Execution worker for ':' Thread 5" [_thread_blocked, id=4856, stack(0x000000a24db00000,0x000000a24dc00000)]
  0x0000029528bcc800 JavaThread "Execution worker for ':' Thread 6" [_thread_blocked, id=13408, stack(0x000000a24dc00000,0x000000a24dd00000)]
  0x0000029528bca800 JavaThread "Execution worker for ':' Thread 7" [_thread_blocked, id=6048, stack(0x000000a24dd00000,0x000000a24de00000)]
  0x0000029528e1f800 JavaThread "Execution worker for ':' Thread 8" [_thread_blocked, id=4876, stack(0x000000a24de00000,0x000000a24df00000)]
  0x0000029528e2b000 JavaThread "Execution worker for ':' Thread 9" [_thread_blocked, id=8932, stack(0x000000a24df00000,0x000000a24e000000)]
  0x0000029528e28800 JavaThread "Execution worker for ':' Thread 10" [_thread_blocked, id=13356, stack(0x000000a24e000000,0x000000a24e100000)]
  0x0000029528e28000 JavaThread "Execution worker for ':' Thread 11" [_thread_blocked, id=6336, stack(0x000000a24e100000,0x000000a24e200000)]
  0x000002952e2b6000 JavaThread "Cache worker for execution history cache (C:\Users\NeHaL\AndroidStudioProjects\SmartTourApp\.gradle\7.0.2\executionHistory)" [_thread_blocked, id=10496, stack(0x000000a24e200000,0x000000a24e300000)]
  0x000002952e2b4800 JavaThread "WorkerExecutor Queue" [_thread_blocked, id=5268, stack(0x000000a24e300000,0x000000a24e400000)]
  0x000002952e2b5800 JavaThread "WorkerExecutor Queue Thread 2" [_thread_blocked, id=7636, stack(0x000000a24e400000,0x000000a24e500000)]
  0x000002952e2b7000 JavaThread "WorkerExecutor Queue Thread 3" [_thread_blocked, id=5904, stack(0x000000a24e500000,0x000000a24e600000)]
  0x000002952e2b8800 JavaThread "WorkerExecutor Queue Thread 4" [_thread_blocked, id=13224, stack(0x000000a24e600000,0x000000a24e700000)]
  0x000002952e2b3000 JavaThread "WorkerExecutor Queue Thread 5" [_thread_blocked, id=12804, stack(0x000000a24e700000,0x000000a24e800000)]
  0x000002952e2b3800 JavaThread "WorkerExecutor Queue Thread 6" [_thread_blocked, id=7856, stack(0x000000a24e800000,0x000000a24e900000)]
  0x000002952e2bc800 JavaThread "WorkerExecutor Queue Thread 7" [_thread_blocked, id=11772, stack(0x000000a24e900000,0x000000a24ea00000)]
  0x000002952e2c0000 JavaThread "Java2D Disposer" daemon [_thread_blocked, id=2236, stack(0x000000a24ea00000,0x000000a24eb00000)]
  0x000002952e2ba000 JavaThread "WorkerExecutor Queue Thread 8" [_thread_blocked, id=4112, stack(0x000000a24eb00000,0x000000a24ec00000)]
  0x000002952e2bf000 JavaThread "WorkerExecutor Queue Thread 9" [_thread_blocked, id=12200, stack(0x000000a24ec00000,0x000000a24ed00000)]
  0x000002952e2c0800 JavaThread "WorkerExecutor Queue Thread 10" [_thread_blocked, id=13116, stack(0x000000a24ed00000,0x000000a24ee00000)]
  0x000002952e2bd800 JavaThread "WorkerExecutor Queue Thread 11" [_thread_blocked, id=7376, stack(0x000000a24ee00000,0x000000a24ef00000)]
  0x000002952e2be000 JavaThread "WorkerExecutor Queue Thread 12" [_thread_blocked, id=14276, stack(0x000000a24ef00000,0x000000a24f000000)]

Other Threads:
=>0x0000029525daa000 VMThread "VM Thread" [stack: 0x000000a248e00000,0x000000a248f00000] [id=12896]
  0x00000295268d0800 WatcherThread [stack: 0x000000a249800000,0x000000a249900000] [id=5312]
  0x000002950b509000 GCTaskThread "GC Thread#0" [stack: 0x000000a248900000,0x000000a248a00000] [id=11224]
  0x000002952721f800 GCTaskThread "GC Thread#1" [stack: 0x000000a249b00000,0x000000a249c00000] [id=7056]
  0x00000295275a5800 GCTaskThread "GC Thread#2" [stack: 0x000000a249c00000,0x000000a249d00000] [id=12408]
  0x0000029528c47000 GCTaskThread "GC Thread#3" [stack: 0x000000a24a600000,0x000000a24a700000] [id=10628]
  0x0000029528a47800 GCTaskThread "GC Thread#4" [stack: 0x000000a24a700000,0x000000a24a800000] [id=9016]
  0x0000029528522000 GCTaskThread "GC Thread#5" [stack: 0x000000a24a800000,0x000000a24a900000] [id=9708]
  0x0000029527e96000 GCTaskThread "GC Thread#6" [stack: 0x000000a24a900000,0x000000a24aa00000] [id=1108]
  0x000002952782c800 GCTaskThread "GC Thread#7" [stack: 0x000000a24aa00000,0x000000a24ab00000] [id=5656]
  0x0000029528bd2800 GCTaskThread "GC Thread#8" [stack: 0x000000a24ab00000,0x000000a24ac00000] [id=7828]
  0x0000029528bd5800 GCTaskThread "GC Thread#9" [stack: 0x000000a24ac00000,0x000000a24ad00000] [id=7428]
  0x000002950b539800 ConcurrentGCThread "G1 Main Marker" [stack: 0x000000a248a00000,0x000000a248b00000] [id=13964]
  0x000002950b53a800 ConcurrentGCThread "G1 Conc#0" [stack: 0x000000a248b00000,0x000000a248c00000] [id=8376]
  0x0000029528bd7800 ConcurrentGCThread "G1 Conc#1" [stack: 0x000000a24af00000,0x000000a24b000000] [id=3984]
  0x0000029528bd8800 ConcurrentGCThread "G1 Conc#2" [stack: 0x000000a24b000000,0x000000a24b100000] [id=10720]
  0x000002950b5c7000 ConcurrentGCThread "G1 Refine#0" [stack: 0x000000a248c00000,0x000000a248d00000] [id=6364]
  0x0000029525c01800 ConcurrentGCThread "G1 Young RemSet Sampling" [stack: 0x000000a248d00000,0x000000a248e00000] [id=2676]

Threads with active compile tasks:
C2 CompilerThread0  28712 16953       4       org.apache.xerces.impl.io.UTF8Reader::read (1402 bytes)
C2 CompilerThread1  28712 16728       4       sun.reflect.generics.parser.SignatureParser::parsePackageNameAndSimpleClassTypeSignature (119 bytes)
C2 CompilerThread2  28712 16932       4       java.lang.reflect.AccessibleObject::verifyAccess (84 bytes)

VM state:at safepoint (normal execution)

VM Mutex/Monitor currently owned by a thread:  ([mutex/lock_event])
[0x000002950b4eb530] Threads_lock - owner thread: 0x0000029525daa000
[0x000002950b4ecdf0] Heap_lock - owner thread: 0x0000029528e1f800

Heap address: 0x0000000080000000, size: 2048 MB, Compressed Oops mode: 32-bit
Narrow klass base: 0x0000000000000000, Narrow klass shift: 3
Compressed class space size: 1073741824 Address: 0x0000000100000000

Heap:
 garbage-first heap   total 291840K, used 129740K [0x0000000080000000, 0x0000000100000000)
  region size 1024K, 5 young (5120K), 5 survivors (5120K)
 Metaspace       used 119667K, capacity 122901K, committed 123392K, reserved 1157120K
  class space    used 14898K, capacity 16030K, committed 16256K, reserved 1048576K
Heap Regions: E=young(eden), S=young(survivor), O=old, HS=humongous(starts), HC=humongous(continues), CS=collection set, F=free, A=archive, TAMS=top-at-mark-start (previous, next)
|   0|0x0000000080000000, 0x0000000080100000, 0x0000000080100000|100%| O|  |TAMS 0x0000000080100000, 0x0000000080000000| Untracked 
|   1|0x0000000080100000, 0x0000000080200000, 0x0000000080200000|100%| O|  |TAMS 0x0000000080200000, 0x0000000080100000| Untracked 
|   2|0x0000000080200000, 0x0000000080300000, 0x0000000080300000|100%| O|  |TAMS 0x0000000080300000, 0x0000000080200000| Untracked 
|   3|0x0000000080300000, 0x0000000080400000, 0x0000000080400000|100%|HS|  |TAMS 0x0000000080400000, 0x0000000080300000| Complete 
|   4|0x0000000080400000, 0x0000000080500000, 0x0000000080500000|100%|HC|  |TAMS 0x0000000080500000, 0x0000000080400000| Complete 
|   5|0x0000000080500000, 0x0000000080600000, 0x0000000080600000|100%|HC|  |TAMS 0x0000000080600000, 0x0000000080500000| Complete 
|   6|0x0000000080600000, 0x0000000080700000, 0x0000000080700000|100%| O|  |TAMS 0x0000000080700000, 0x0000000080600000| Untracked 
|   7|0x0000000080700000, 0x0000000080800000, 0x0000000080800000|100%| O|  |TAMS 0x0000000080800000, 0x0000000080700000| Untracked 
|   8|0x0000000080800000, 0x0000000080900000, 0x0000000080900000|100%| O|  |TAMS 0x0000000080900000, 0x0000000080800000| Untracked 
|   9|0x0000000080900000, 0x0000000080a00000, 0x0000000080a00000|100%| O|  |TAMS 0x0000000080a00000, 0x0000000080900000| Untracked 
|  10|0x0000000080a00000, 0x0000000080b00000, 0x0000000080b00000|100%| O|  |TAMS 0x0000000080b00000, 0x0000000080a00000| Untracked 
|  11|0x0000000080b00000, 0x0000000080c00000, 0x0000000080c00000|100%| O|  |TAMS 0x0000000080c00000, 0x0000000080b00000| Untracked 
|  12|0x0000000080c00000, 0x0000000080d00000, 0x0000000080d00000|100%| O|  |TAMS 0x0000000080d00000, 0x0000000080c00000| Untracked 
|  13|0x0000000080d00000, 0x0000000080e00000, 0x0000000080e00000|100%| O|  |TAMS 0x0000000080e00000, 0x0000000080d00000| Untracked 
|  14|0x0000000080e00000, 0x0000000080f00000, 0x0000000080f00000|100%| O|  |TAMS 0x0000000080f00000, 0x0000000080e00000| Untracked 
|  15|0x0000000080f00000, 0x0000000081000000, 0x0000000081000000|100%| O|  |TAMS 0x0000000081000000, 0x0000000080f00000| Untracked 
|  16|0x0000000081000000, 0x0000000081100000, 0x0000000081100000|100%|HS|  |TAMS 0x0000000081100000, 0x0000000081000000| Complete 
|  17|0x0000000081100000, 0x0000000081200000, 0x0000000081200000|100%|HC|  |TAMS 0x0000000081200000, 0x0000000081100000| Complete 
|  18|0x0000000081200000, 0x0000000081300000, 0x0000000081300000|100%|HS|  |TAMS 0x0000000081300000, 0x0000000081200000| Complete 
|  19|0x0000000081300000, 0x0000000081400000, 0x0000000081400000|100%|HC|  |TAMS 0x0000000081400000, 0x0000000081300000| Complete 
|  20|0x0000000081400000, 0x0000000081500000, 0x0000000081500000|100%|HC|  |TAMS 0x0000000081500000, 0x0000000081400000| Complete 
|  21|0x0000000081500000, 0x0000000081600000, 0x0000000081600000|100%|HS|  |TAMS 0x0000000081600000, 0x0000000081500000| Complete 
|  22|0x0000000081600000, 0x0000000081700000, 0x0000000081700000|100%|HC|  |TAMS 0x0000000081700000, 0x0000000081600000| Complete 
|  23|0x0000000081700000, 0x0000000081800000, 0x0000000081800000|100%|HC|  |TAMS 0x0000000081800000, 0x0000000081700000| Complete 
|  24|0x0000000081800000, 0x0000000081900000, 0x0000000081900000|100%|HC|  |TAMS 0x0000000081900000, 0x0000000081800000| Complete 
|  25|0x0000000081900000, 0x0000000081a00000, 0x0000000081a00000|100%|HC|  |TAMS 0x0000000081a00000, 0x0000000081900000| Complete 
|  26|0x0000000081a00000, 0x0000000081b00000, 0x0000000081b00000|100%| O|  |TAMS 0x0000000081b00000, 0x0000000081a00000| Untracked 
|  27|0x0000000081b00000, 0x0000000081c00000, 0x0000000081c00000|100%| O|  |TAMS 0x0000000081c00000, 0x0000000081b00000| Untracked 
|  28|0x0000000081c00000, 0x0000000081d00000, 0x0000000081d00000|100%| O|  |TAMS 0x0000000081d00000, 0x0000000081c00000| Untracked 
|  29|0x0000000081d00000, 0x0000000081e00000, 0x0000000081e00000|100%| O|  |TAMS 0x0000000081e00000, 0x0000000081d00000| Untracked 
|  30|0x0000000081e00000, 0x0000000081f00000, 0x0000000081f00000|100%| O|  |TAMS 0x0000000081f00000, 0x0000000081e00000| Untracked 
|  31|0x0000000081f00000, 0x0000000082000000, 0x0000000082000000|100%| O|  |TAMS 0x0000000082000000, 0x0000000081f00000| Untracked 
|  32|0x0000000082000000, 0x0000000082100000, 0x0000000082100000|100%| O|  |TAMS 0x0000000082100000, 0x0000000082000000| Untracked 
|  33|0x0000000082100000, 0x0000000082200000, 0x0000000082200000|100%|HS|  |TAMS 0x0000000082200000, 0x0000000082100000| Complete 
|  34|0x0000000082200000, 0x0000000082300000, 0x0000000082300000|100%|HC|  |TAMS 0x0000000082300000, 0x0000000082200000| Complete 
|  35|0x0000000082300000, 0x0000000082400000, 0x0000000082400000|100%|HC|  |TAMS 0x0000000082400000, 0x0000000082300000| Complete 
|  36|0x0000000082400000, 0x0000000082500000, 0x0000000082500000|100%|HC|  |TAMS 0x0000000082500000, 0x0000000082400000| Complete 
|  37|0x0000000082500000, 0x0000000082600000, 0x0000000082600000|100%|HC|  |TAMS 0x0000000082600000, 0x0000000082500000| Complete 
|  38|0x0000000082600000, 0x0000000082700000, 0x0000000082700000|100%| O|  |TAMS 0x0000000082700000, 0x0000000082600000| Untracked 
|  39|0x0000000082700000, 0x0000000082800000, 0x0000000082800000|100%| O|  |TAMS 0x0000000082800000, 0x0000000082700000| Untracked 
|  40|0x0000000082800000, 0x0000000082900000, 0x0000000082900000|100%| O|  |TAMS 0x0000000082900000, 0x0000000082800000| Untracked 
|  41|0x0000000082900000, 0x0000000082a00000, 0x0000000082a00000|100%| O|  |TAMS 0x0000000082a00000, 0x0000000082900000| Untracked 
|  42|0x0000000082a00000, 0x0000000082b00000, 0x0000000082b00000|100%| O|  |TAMS 0x0000000082b00000, 0x0000000082a00000| Untracked 
|  43|0x0000000082b00000, 0x0000000082c00000, 0x0000000082c00000|100%|HS|  |TAMS 0x0000000082c00000, 0x0000000082b00000| Complete 
|  44|0x0000000082c00000, 0x0000000082d00000, 0x0000000082d00000|100%|HC|  |TAMS 0x0000000082d00000, 0x0000000082c00000| Complete 
|  45|0x0000000082d00000, 0x0000000082e00000, 0x0000000082e00000|100%|HC|  |TAMS 0x0000000082e00000, 0x0000000082d00000| Complete 
|  46|0x0000000082e00000, 0x0000000082f00000, 0x0000000082f00000|100%| O|  |TAMS 0x0000000082f00000, 0x0000000082e00000| Untracked 
|  47|0x0000000082f00000, 0x0000000083000000, 0x0000000083000000|100%| O|  |TAMS 0x0000000083000000, 0x0000000082f00000| Untracked 
|  48|0x0000000083000000, 0x0000000083100000, 0x0000000083100000|100%| O|  |TAMS 0x0000000083100000, 0x0000000083000000| Untracked 
|  49|0x0000000083100000, 0x0000000083200000, 0x0000000083200000|100%| O|  |TAMS 0x0000000083200000, 0x0000000083100000| Untracked 
|  50|0x0000000083200000, 0x0000000083300000, 0x0000000083300000|100%| O|  |TAMS 0x0000000083300000, 0x0000000083200000| Untracked 
|  51|0x0000000083300000, 0x0000000083400000, 0x0000000083400000|100%| O|  |TAMS 0x0000000083400000, 0x0000000083300000| Untracked 
|  52|0x0000000083400000, 0x0000000083500000, 0x0000000083500000|100%|HS|  |TAMS 0x0000000083500000, 0x0000000083400000| Complete 
|  53|0x0000000083500000, 0x0000000083600000, 0x0000000083600000|100%|HS|  |TAMS 0x0000000083600000, 0x0000000083500000| Complete 
|  54|0x0000000083600000, 0x0000000083700000, 0x0000000083700000|100%|HS|  |TAMS 0x0000000083700000, 0x0000000083600000| Complete 
|  55|0x0000000083700000, 0x0000000083800000, 0x0000000083800000|100%|HC|  |TAMS 0x0000000083800000, 0x0000000083700000| Complete 
|  56|0x0000000083800000, 0x0000000083900000, 0x0000000083900000|100%| O|  |TAMS 0x0000000083900000, 0x0000000083800000| Untracked 
|  57|0x0000000083900000, 0x0000000083a00000, 0x0000000083a00000|100%| O|  |TAMS 0x0000000083a00000, 0x0000000083900000| Untracked 
|  58|0x0000000083a00000, 0x0000000083b00000, 0x0000000083b00000|100%| O|  |TAMS 0x0000000083b00000, 0x0000000083a00000| Untracked 
|  59|0x0000000083b00000, 0x0000000083c00000, 0x0000000083c00000|100%| O|  |TAMS 0x0000000083c00000, 0x0000000083b00000| Untracked 
|  60|0x0000000083c00000, 0x0000000083d00000, 0x0000000083d00000|100%| O|  |TAMS 0x0000000083c00000, 0x0000000083c00000| Untracked 
|  61|0x0000000083d00000, 0x0000000083e00000, 0x0000000083e00000|100%| O|  |TAMS 0x0000000083e00000, 0x0000000083d00000| Untracked 
|  62|0x0000000083e00000, 0x0000000083f00000, 0x0000000083f00000|100%| O|  |TAMS 0x0000000083f00000, 0x0000000083e00000| Untracked 
|  63|0x0000000083f00000, 0x0000000084000000, 0x0000000084000000|100%| O|  |TAMS 0x0000000084000000, 0x0000000083f00000| Untracked 
|  64|0x0000000084000000, 0x0000000084100000, 0x0000000084100000|100%| O|  |TAMS 0x0000000084100000, 0x0000000084000000| Untracked 
|  65|0x0000000084100000, 0x0000000084200000, 0x0000000084200000|100%| O|  |TAMS 0x0000000084200000, 0x0000000084100000| Untracked 
|  66|0x0000000084200000, 0x0000000084300000, 0x0000000084300000|100%| O|  |TAMS 0x0000000084300000, 0x0000000084200000| Untracked 
|  67|0x0000000084300000, 0x0000000084400000, 0x0000000084400000|100%| O|  |TAMS 0x0000000084400000, 0x0000000084300000| Untracked 
|  68|0x0000000084400000, 0x0000000084500000, 0x0000000084500000|100%| O|  |TAMS 0x0000000084500000, 0x0000000084400000| Untracked 
|  69|0x0000000084500000, 0x0000000084600000, 0x0000000084600000|100%| O|  |TAMS 0x0000000084600000, 0x0000000084500000| Untracked 
|  70|0x0000000084600000, 0x0000000084700000, 0x0000000084700000|100%| O|  |TAMS 0x0000000084700000, 0x0000000084600000| Untracked 
|  71|0x0000000084700000, 0x0000000084800000, 0x0000000084800000|100%| O|  |TAMS 0x0000000084800000, 0x0000000084700000| Untracked 
|  72|0x0000000084800000, 0x0000000084900000, 0x0000000084900000|100%| O|  |TAMS 0x0000000084900000, 0x0000000084800000| Untracked 
|  73|0x0000000084900000, 0x0000000084a00000, 0x0000000084a00000|100%| O|  |TAMS 0x0000000084a00000, 0x0000000084900000| Untracked 
|  74|0x0000000084a00000, 0x0000000084b00000, 0x0000000084b00000|100%| O|  |TAMS 0x0000000084b00000, 0x0000000084a00000| Untracked 
|  75|0x0000000084b00000, 0x0000000084c00000, 0x0000000084c00000|100%| O|  |TAMS 0x0000000084c00000, 0x0000000084b00000| Untracked 
|  76|0x0000000084c00000, 0x0000000084d00000, 0x0000000084d00000|100%| O|  |TAMS 0x0000000084d00000, 0x0000000084c00000| Untracked 
|  77|0x0000000084d00000, 0x0000000084e00000, 0x0000000084e00000|100%| O|  |TAMS 0x0000000084e00000, 0x0000000084d00000| Untracked 
|  78|0x0000000084e00000, 0x0000000084f00000, 0x0000000084f00000|100%| O|  |TAMS 0x0000000084f00000, 0x0000000084e00000| Untracked 
|  79|0x0000000084f00000, 0x0000000085000000, 0x0000000085000000|100%| O|  |TAMS 0x0000000085000000, 0x0000000084f00000| Untracked 
|  80|0x0000000085000000, 0x0000000085100000, 0x0000000085100000|100%| O|  |TAMS 0x0000000085100000, 0x0000000085000000| Untracked 
|  81|0x0000000085100000, 0x0000000085200000, 0x0000000085200000|100%| O|  |TAMS 0x0000000085200000, 0x0000000085100000| Untracked 
|  82|0x0000000085200000, 0x0000000085300000, 0x0000000085300000|100%| O|  |TAMS 0x0000000085300000, 0x0000000085200000| Untracked 
|  83|0x0000000085300000, 0x0000000085400000, 0x0000000085400000|100%| O|  |TAMS 0x0000000085400000, 0x0000000085300000| Untracked 
|  84|0x0000000085400000, 0x0000000085500000, 0x0000000085500000|100%| O|  |TAMS 0x0000000085500000, 0x0000000085400000| Untracked 
|  85|0x0000000085500000, 0x0000000085600000, 0x0000000085600000|100%| O|  |TAMS 0x0000000085600000, 0x0000000085500000| Untracked 
|  86|0x0000000085600000, 0x0000000085700000, 0x0000000085700000|100%| O|  |TAMS 0x0000000085700000, 0x0000000085600000| Untracked 
|  87|0x0000000085700000, 0x0000000085800000, 0x0000000085800000|100%| O|  |TAMS 0x0000000085800000, 0x0000000085700000| Untracked 
|  88|0x0000000085800000, 0x0000000085900000, 0x0000000085900000|100%| O|  |TAMS 0x0000000085900000, 0x0000000085800000| Untracked 
|  89|0x0000000085900000, 0x0000000085a00000, 0x0000000085a00000|100%| O|  |TAMS 0x0000000085a00000, 0x0000000085900000| Untracked 
|  90|0x0000000085a00000, 0x0000000085b00000, 0x0000000085b00000|100%| O|  |TAMS 0x0000000085a00000, 0x0000000085a00000| Untracked 
|  91|0x0000000085b00000, 0x0000000085c00000, 0x0000000085c00000|100%| O|  |TAMS 0x0000000085c00000, 0x0000000085b00000| Untracked 
|  92|0x0000000085c00000, 0x0000000085d00000, 0x0000000085d00000|100%| O|  |TAMS 0x0000000085d00000, 0x0000000085c00000| Untracked 
|  93|0x0000000085d00000, 0x0000000085e00000, 0x0000000085e00000|100%| O|  |TAMS 0x0000000085d00000, 0x0000000085d00000| Untracked 
|  94|0x0000000085e00000, 0x0000000085f00000, 0x0000000085f00000|100%| O|  |TAMS 0x0000000085f00000, 0x0000000085e00000| Untracked 
|  95|0x0000000085f00000, 0x0000000086000000, 0x0000000086000000|100%| O|  |TAMS 0x0000000086000000, 0x0000000085f00000| Untracked 
|  96|0x0000000086000000, 0x0000000086079e00, 0x0000000086100000| 47%| O|  |TAMS 0x0000000086000000, 0x0000000086000000| Untracked 
|  97|0x0000000086100000, 0x0000000086100000, 0x0000000086200000|  0%| F|  |TAMS 0x0000000086100000, 0x0000000086100000| Untracked 
|  98|0x0000000086200000, 0x0000000086200000, 0x0000000086300000|  0%| F|  |TAMS 0x0000000086200000, 0x0000000086200000| Untracked 
|  99|0x0000000086300000, 0x0000000086400000, 0x0000000086400000|100%| O|  |TAMS 0x0000000086400000, 0x0000000086300000| Untracked 
| 100|0x0000000086400000, 0x0000000086500000, 0x0000000086500000|100%| O|  |TAMS 0x0000000086500000, 0x0000000086400000| Untracked 
| 101|0x0000000086500000, 0x0000000086600000, 0x0000000086600000|100%| O|  |TAMS 0x0000000086600000, 0x0000000086500000| Untracked 
| 102|0x0000000086600000, 0x0000000086700000, 0x0000000086700000|100%| O|  |TAMS 0x0000000086700000, 0x0000000086600000| Untracked 
| 103|0x0000000086700000, 0x0000000086800000, 0x0000000086800000|100%| O|  |TAMS 0x0000000086800000, 0x0000000086700000| Untracked 
| 104|0x0000000086800000, 0x0000000086900000, 0x0000000086900000|100%| O|  |TAMS 0x0000000086900000, 0x0000000086800000| Untracked 
| 105|0x0000000086900000, 0x0000000086a00000, 0x0000000086a00000|100%| O|  |TAMS 0x0000000086a00000, 0x0000000086900000| Untracked 
| 106|0x0000000086a00000, 0x0000000086b00000, 0x0000000086b00000|100%| O|  |TAMS 0x0000000086b00000, 0x0000000086a00000| Untracked 
| 107|0x0000000086b00000, 0x0000000086c00000, 0x0000000086c00000|100%| O|  |TAMS 0x0000000086c00000, 0x0000000086b00000| Untracked 
| 108|0x0000000086c00000, 0x0000000086d00000, 0x0000000086d00000|100%| O|  |TAMS 0x0000000086d00000, 0x0000000086c00000| Untracked 
| 109|0x0000000086d00000, 0x0000000086e00000, 0x0000000086e00000|100%| O|  |TAMS 0x0000000086e00000, 0x0000000086d00000| Untracked 
| 110|0x0000000086e00000, 0x0000000086f00000, 0x0000000086f00000|100%| O|  |TAMS 0x0000000086f00000, 0x0000000086e00000| Untracked 
| 111|0x0000000086f00000, 0x0000000087000000, 0x0000000087000000|100%| O|  |TAMS 0x0000000087000000, 0x0000000086f00000| Untracked 
| 112|0x0000000087000000, 0x0000000087000000, 0x0000000087100000|  0%| F|  |TAMS 0x0000000087000000, 0x0000000087000000| Untracked 
| 113|0x0000000087100000, 0x0000000087200000, 0x0000000087200000|100%| O|  |TAMS 0x0000000087100000, 0x0000000087100000| Untracked 
| 114|0x0000000087200000, 0x0000000087300000, 0x0000000087300000|100%| O|  |TAMS 0x0000000087200000, 0x0000000087200000| Untracked 
| 115|0x0000000087300000, 0x0000000087300000, 0x0000000087400000|  0%| F|  |TAMS 0x0000000087300000, 0x0000000087300000| Untracked 
| 116|0x0000000087400000, 0x0000000087400000, 0x0000000087500000|  0%| F|  |TAMS 0x0000000087400000, 0x0000000087400000| Untracked 
| 117|0x0000000087500000, 0x0000000087500000, 0x0000000087600000|  0%| F|  |TAMS 0x0000000087500000, 0x0000000087500000| Untracked 
| 118|0x0000000087600000, 0x0000000087700000, 0x0000000087700000|100%| O|  |TAMS 0x0000000087600000, 0x0000000087600000| Untracked 
| 119|0x0000000087700000, 0x0000000087800000, 0x0000000087800000|100%| O|  |TAMS 0x0000000087700000, 0x0000000087700000| Untracked 
| 120|0x0000000087800000, 0x0000000087800000, 0x0000000087900000|  0%| F|  |TAMS 0x0000000087800000, 0x0000000087800000| Untracked 
| 121|0x0000000087900000, 0x0000000087900000, 0x0000000087a00000|  0%| F|  |TAMS 0x0000000087900000, 0x0000000087900000| Untracked 
| 122|0x0000000087a00000, 0x0000000087b00000, 0x0000000087b00000|100%| O|  |TAMS 0x0000000087b00000, 0x0000000087a00000| Untracked 
| 123|0x0000000087b00000, 0x0000000087b00000, 0x0000000087c00000|  0%| F|  |TAMS 0x0000000087b00000, 0x0000000087b00000| Untracked 
| 124|0x0000000087c00000, 0x0000000087c00000, 0x0000000087d00000|  0%| F|  |TAMS 0x0000000087c00000, 0x0000000087c00000| Untracked 
| 125|0x0000000087d00000, 0x0000000087d00000, 0x0000000087e00000|  0%| F|  |TAMS 0x0000000087d00000, 0x0000000087d00000| Untracked 
| 126|0x0000000087e00000, 0x0000000087e00000, 0x0000000087f00000|  0%| F|  |TAMS 0x0000000087e00000, 0x0000000087e00000| Untracked 
| 127|0x0000000087f00000, 0x0000000087f00000, 0x0000000088000000|  0%| F|  |TAMS 0x0000000087f00000, 0x0000000087f00000| Untracked 
| 128|0x0000000088000000, 0x0000000088000000, 0x0000000088100000|  0%| F|  |TAMS 0x0000000088000000, 0x0000000088000000| Untracked 
| 129|0x0000000088100000, 0x0000000088100000, 0x0000000088200000|  0%| F|  |TAMS 0x0000000088100000, 0x0000000088100000| Untracked 
| 130|0x0000000088200000, 0x0000000088200000, 0x0000000088300000|  0%| F|  |TAMS 0x0000000088200000, 0x0000000088200000| Untracked 
| 131|0x0000000088300000, 0x0000000088400000, 0x0000000088400000|100%| O|  |TAMS 0x0000000088400000, 0x0000000088300000| Untracked 
| 132|0x0000000088400000, 0x0000000088400000, 0x0000000088500000|  0%| F|  |TAMS 0x0000000088400000, 0x0000000088400000| Untracked 
| 133|0x0000000088500000, 0x0000000088600000, 0x0000000088600000|100%| O|  |TAMS 0x0000000088600000, 0x0000000088500000| Untracked 
| 134|0x0000000088600000, 0x0000000088700000, 0x0000000088700000|100%| O|  |TAMS 0x0000000088700000, 0x0000000088600000| Untracked 
| 135|0x0000000088700000, 0x0000000088800000, 0x0000000088800000|100%| O|  |TAMS 0x0000000088800000, 0x0000000088700000| Untracked 
| 136|0x0000000088800000, 0x0000000088900000, 0x0000000088900000|100%| O|  |TAMS 0x0000000088900000, 0x0000000088800000| Untracked 
| 137|0x0000000088900000, 0x0000000088900000, 0x0000000088a00000|  0%| F|  |TAMS 0x0000000088900000, 0x0000000088900000| Untracked 
| 138|0x0000000088a00000, 0x0000000088b00000, 0x0000000088b00000|100%| O|  |TAMS 0x0000000088b00000, 0x0000000088a00000| Untracked 
| 139|0x0000000088b00000, 0x0000000088c00000, 0x0000000088c00000|100%| O|  |TAMS 0x0000000088b36200, 0x0000000088b00000| Untracked 
| 140|0x0000000088c00000, 0x0000000088c00000, 0x0000000088d00000|  0%| F|  |TAMS 0x0000000088c00000, 0x0000000088c00000| Untracked 
| 141|0x0000000088d00000, 0x0000000088d00000, 0x0000000088e00000|  0%| F|  |TAMS 0x0000000088d00000, 0x0000000088d00000| Untracked 
| 142|0x0000000088e00000, 0x0000000088e00000, 0x0000000088f00000|  0%| F|  |TAMS 0x0000000088e00000, 0x0000000088e00000| Untracked 
| 143|0x0000000088f00000, 0x0000000088f00000, 0x0000000089000000|  0%| F|  |TAMS 0x0000000088f00000, 0x0000000088f00000| Untracked 
| 144|0x0000000089000000, 0x0000000089000000, 0x0000000089100000|  0%| F|  |TAMS 0x0000000089000000, 0x0000000089000000| Untracked 
| 145|0x0000000089100000, 0x0000000089100000, 0x0000000089200000|  0%| F|  |TAMS 0x0000000089100000, 0x0000000089100000| Untracked 
| 146|0x0000000089200000, 0x0000000089200000, 0x0000000089300000|  0%| F|  |TAMS 0x0000000089200000, 0x0000000089200000| Untracked 
| 147|0x0000000089300000, 0x0000000089300000, 0x0000000089400000|  0%| F|  |TAMS 0x0000000089300000, 0x0000000089300000| Untracked 
| 148|0x0000000089400000, 0x0000000089400000, 0x0000000089500000|  0%| F|  |TAMS 0x0000000089400000, 0x0000000089400000| Untracked 
| 149|0x0000000089500000, 0x0000000089500000, 0x0000000089600000|  0%| F|  |TAMS 0x0000000089500000, 0x0000000089500000| Untracked 
| 150|0x0000000089600000, 0x0000000089600000, 0x0000000089700000|  0%| F|  |TAMS 0x0000000089600000, 0x0000000089600000| Untracked 
| 151|0x0000000089700000, 0x0000000089700000, 0x0000000089800000|  0%| F|  |TAMS 0x0000000089700000, 0x0000000089700000| Untracked 
| 152|0x0000000089800000, 0x0000000089800000, 0x0000000089900000|  0%| F|  |TAMS 0x0000000089800000, 0x0000000089800000| Untracked 
| 153|0x0000000089900000, 0x0000000089900000, 0x0000000089a00000|  0%| F|  |TAMS 0x0000000089900000, 0x0000000089900000| Untracked 
| 154|0x0000000089a00000, 0x0000000089a00000, 0x0000000089b00000|  0%| F|  |TAMS 0x0000000089a00000, 0x0000000089a00000| Untracked 
| 155|0x0000000089b00000, 0x0000000089b00000, 0x0000000089c00000|  0%| F|  |TAMS 0x0000000089b00000, 0x0000000089b00000| Untracked 
| 156|0x0000000089c00000, 0x0000000089c00000, 0x0000000089d00000|  0%| F|  |TAMS 0x0000000089c00000, 0x0000000089c00000| Untracked 
| 157|0x0000000089d00000, 0x0000000089d00000, 0x0000000089e00000|  0%| F|  |TAMS 0x0000000089d00000, 0x0000000089d00000| Untracked 
| 158|0x0000000089e00000, 0x0000000089e00000, 0x0000000089f00000|  0%| F|  |TAMS 0x0000000089e00000, 0x0000000089e00000| Untracked 
| 159|0x0000000089f00000, 0x0000000089f00000, 0x000000008a000000|  0%| F|  |TAMS 0x0000000089f00000, 0x0000000089f00000| Untracked 
| 160|0x000000008a000000, 0x000000008a100000, 0x000000008a100000|100%| O|  |TAMS 0x000000008a100000, 0x000000008a000000| Untracked 
| 161|0x000000008a100000, 0x000000008a100000, 0x000000008a200000|  0%| F|  |TAMS 0x000000008a100000, 0x000000008a100000| Untracked 
| 162|0x000000008a200000, 0x000000008a200000, 0x000000008a300000|  0%| F|  |TAMS 0x000000008a200000, 0x000000008a200000| Untracked 
| 163|0x000000008a300000, 0x000000008a300000, 0x000000008a400000|  0%| F|  |TAMS 0x000000008a300000, 0x000000008a300000| Untracked 
| 164|0x000000008a400000, 0x000000008a400000, 0x000000008a500000|  0%| F|  |TAMS 0x000000008a400000, 0x000000008a400000| Untracked 
| 165|0x000000008a500000, 0x000000008a500000, 0x000000008a600000|  0%| F|  |TAMS 0x000000008a500000, 0x000000008a500000| Untracked 
| 166|0x000000008a600000, 0x000000008a600000, 0x000000008a700000|  0%| F|  |TAMS 0x000000008a600000, 0x000000008a600000| Untracked 
| 167|0x000000008a700000, 0x000000008a700000, 0x000000008a800000|  0%| F|  |TAMS 0x000000008a700000, 0x000000008a700000| Untracked 
| 168|0x000000008a800000, 0x000000008a800000, 0x000000008a900000|  0%| F|  |TAMS 0x000000008a800000, 0x000000008a800000| Untracked 
| 169|0x000000008a900000, 0x000000008a900000, 0x000000008aa00000|  0%| F|  |TAMS 0x000000008a900000, 0x000000008a900000| Untracked 
| 170|0x000000008aa00000, 0x000000008aa00000, 0x000000008ab00000|  0%| F|  |TAMS 0x000000008aa00000, 0x000000008aa00000| Untracked 
| 171|0x000000008ab00000, 0x000000008ab00000, 0x000000008ac00000|  0%| F|  |TAMS 0x000000008ab00000, 0x000000008ab00000| Untracked 
| 172|0x000000008ac00000, 0x000000008ac392e8, 0x000000008ad00000| 22%| S|CS|TAMS 0x000000008ac00000, 0x000000008ac00000| Complete 
| 173|0x000000008ad00000, 0x000000008ae00000, 0x000000008ae00000|100%| S|CS|TAMS 0x000000008ad00000, 0x000000008ad00000| Complete 
| 174|0x000000008ae00000, 0x000000008af00000, 0x000000008af00000|100%| S|CS|TAMS 0x000000008ae00000, 0x000000008ae00000| Complete 
| 175|0x000000008af00000, 0x000000008af00000, 0x000000008b000000|  0%| F|  |TAMS 0x000000008af00000, 0x000000008af00000| Untracked 
| 176|0x000000008b000000, 0x000000008b000000, 0x000000008b100000|  0%| F|  |TAMS 0x000000008b000000, 0x000000008b000000| Untracked 
| 177|0x000000008b100000, 0x000000008b100000, 0x000000008b200000|  0%| F|  |TAMS 0x000000008b100000, 0x000000008b100000| Untracked 
| 178|0x000000008b200000, 0x000000008b200000, 0x000000008b300000|  0%| F|  |TAMS 0x000000008b200000, 0x000000008b200000| Untracked 
| 179|0x000000008b300000, 0x000000008b400000, 0x000000008b400000|100%| S|CS|TAMS 0x000000008b300000, 0x000000008b300000| Complete 
| 180|0x000000008b400000, 0x000000008b500000, 0x000000008b500000|100%| S|CS|TAMS 0x000000008b400000, 0x000000008b400000| Complete 
| 181|0x000000008b500000, 0x000000008b500000, 0x000000008b600000|  0%| F|  |TAMS 0x000000008b500000, 0x000000008b500000| Untracked 
| 182|0x000000008b600000, 0x000000008b600000, 0x000000008b700000|  0%| F|  |TAMS 0x000000008b600000, 0x000000008b600000| Untracked 
| 183|0x000000008b700000, 0x000000008b700000, 0x000000008b800000|  0%| F|  |TAMS 0x000000008b700000, 0x000000008b700000| Untracked 
| 184|0x000000008b800000, 0x000000008b800000, 0x000000008b900000|  0%| F|  |TAMS 0x000000008b800000, 0x000000008b800000| Untracked 
| 185|0x000000008b900000, 0x000000008b900000, 0x000000008ba00000|  0%| F|  |TAMS 0x000000008b900000, 0x000000008b900000| Untracked 
| 186|0x000000008ba00000, 0x000000008ba00000, 0x000000008bb00000|  0%| F|  |TAMS 0x000000008ba00000, 0x000000008ba00000| Untracked 
| 187|0x000000008bb00000, 0x000000008bb00000, 0x000000008bc00000|  0%| F|  |TAMS 0x000000008bb00000, 0x000000008bb00000| Untracked 
| 188|0x000000008bc00000, 0x000000008bc00000, 0x000000008bd00000|  0%| F|  |TAMS 0x000000008bc00000, 0x000000008bc00000| Untracked 
| 189|0x000000008bd00000, 0x000000008bd00000, 0x000000008be00000|  0%| F|  |TAMS 0x000000008bd00000, 0x000000008bd00000| Untracked 
| 190|0x000000008be00000, 0x000000008be00000, 0x000000008bf00000|  0%| F|  |TAMS 0x000000008be00000, 0x000000008be00000| Untracked 
| 191|0x000000008bf00000, 0x000000008bf00000, 0x000000008c000000|  0%| F|  |TAMS 0x000000008bf00000, 0x000000008bf00000| Untracked 
| 192|0x000000008c000000, 0x000000008c000000, 0x000000008c100000|  0%| F|  |TAMS 0x000000008c000000, 0x000000008c000000| Untracked 
| 193|0x000000008c100000, 0x000000008c100000, 0x000000008c200000|  0%| F|  |TAMS 0x000000008c100000, 0x000000008c100000| Untracked 
| 194|0x000000008c200000, 0x000000008c200000, 0x000000008c300000|  0%| F|  |TAMS 0x000000008c200000, 0x000000008c200000| Untracked 
| 195|0x000000008c300000, 0x000000008c300000, 0x000000008c400000|  0%| F|  |TAMS 0x000000008c300000, 0x000000008c300000| Untracked 
| 196|0x000000008c400000, 0x000000008c400000, 0x000000008c500000|  0%| F|  |TAMS 0x000000008c400000, 0x000000008c400000| Untracked 
| 197|0x000000008c500000, 0x000000008c500000, 0x000000008c600000|  0%| F|  |TAMS 0x000000008c500000, 0x000000008c500000| Untracked 
| 198|0x000000008c600000, 0x000000008c600000, 0x000000008c700000|  0%| F|  |TAMS 0x000000008c600000, 0x000000008c600000| Untracked 
| 199|0x000000008c700000, 0x000000008c700000, 0x000000008c800000|  0%| F|  |TAMS 0x000000008c700000, 0x000000008c700000| Untracked 
| 200|0x000000008c800000, 0x000000008c800000, 0x000000008c900000|  0%| F|  |TAMS 0x000000008c800000, 0x000000008c800000| Untracked 
| 201|0x000000008c900000, 0x000000008c900000, 0x000000008ca00000|  0%| F|  |TAMS 0x000000008c900000, 0x000000008c900000| Untracked 
| 202|0x000000008ca00000, 0x000000008ca00000, 0x000000008cb00000|  0%| F|  |TAMS 0x000000008ca00000, 0x000000008ca00000| Untracked 
| 203|0x000000008cb00000, 0x000000008cb00000, 0x000000008cc00000|  0%| F|  |TAMS 0x000000008cb00000, 0x000000008cb00000| Untracked 
| 204|0x000000008cc00000, 0x000000008cc00000, 0x000000008cd00000|  0%| F|  |TAMS 0x000000008cc00000, 0x000000008cc00000| Untracked 
| 205|0x000000008cd00000, 0x000000008cd00000, 0x000000008ce00000|  0%| F|  |TAMS 0x000000008cd00000, 0x000000008cd00000| Untracked 
| 206|0x000000008ce00000, 0x000000008ce00000, 0x000000008cf00000|  0%| F|  |TAMS 0x000000008ce00000, 0x000000008ce00000| Untracked 
| 207|0x000000008cf00000, 0x000000008cf00000, 0x000000008d000000|  0%| F|  |TAMS 0x000000008cf00000, 0x000000008cf00000| Untracked 
| 208|0x000000008d000000, 0x000000008d000000, 0x000000008d100000|  0%| F|  |TAMS 0x000000008d000000, 0x000000008d000000| Untracked 
| 209|0x000000008d100000, 0x000000008d100000, 0x000000008d200000|  0%| F|  |TAMS 0x000000008d100000, 0x000000008d100000| Untracked 
| 210|0x000000008d200000, 0x000000008d200000, 0x000000008d300000|  0%| F|  |TAMS 0x000000008d200000, 0x000000008d200000| Untracked 
| 211|0x000000008d300000, 0x000000008d300000, 0x000000008d400000|  0%| F|  |TAMS 0x000000008d300000, 0x000000008d300000| Untracked 
| 212|0x000000008d400000, 0x000000008d400000, 0x000000008d500000|  0%| F|  |TAMS 0x000000008d400000, 0x000000008d400000| Untracked 
| 213|0x000000008d500000, 0x000000008d500000, 0x000000008d600000|  0%| F|  |TAMS 0x000000008d500000, 0x000000008d500000| Untracked 
| 214|0x000000008d600000, 0x000000008d600000, 0x000000008d700000|  0%| F|  |TAMS 0x000000008d600000, 0x000000008d600000| Untracked 
| 215|0x000000008d700000, 0x000000008d700000, 0x000000008d800000|  0%| F|  |TAMS 0x000000008d700000, 0x000000008d700000| Untracked 
| 216|0x000000008d800000, 0x000000008d800000, 0x000000008d900000|  0%| F|  |TAMS 0x000000008d800000, 0x000000008d800000| Untracked 
| 217|0x000000008d900000, 0x000000008d900000, 0x000000008da00000|  0%| F|  |TAMS 0x000000008d900000, 0x000000008d900000| Untracked 
| 218|0x000000008da00000, 0x000000008da00000, 0x000000008db00000|  0%| F|  |TAMS 0x000000008da00000, 0x000000008da00000| Untracked 
| 219|0x000000008db00000, 0x000000008db00000, 0x000000008dc00000|  0%| F|  |TAMS 0x000000008db00000, 0x000000008db00000| Untracked 
| 220|0x000000008dc00000, 0x000000008dc00000, 0x000000008dd00000|  0%| F|  |TAMS 0x000000008dc00000, 0x000000008dc00000| Untracked 
| 221|0x000000008dd00000, 0x000000008dd00000, 0x000000008de00000|  0%| F|  |TAMS 0x000000008dd00000, 0x000000008dd00000| Untracked 
| 222|0x000000008de00000, 0x000000008de00000, 0x000000008df00000|  0%| F|  |TAMS 0x000000008de00000, 0x000000008de00000| Untracked 
| 223|0x000000008df00000, 0x000000008df00000, 0x000000008e000000|  0%| F|  |TAMS 0x000000008df00000, 0x000000008df00000| Untracked 
| 224|0x000000008e000000, 0x000000008e000000, 0x000000008e100000|  0%| F|  |TAMS 0x000000008e000000, 0x000000008e000000| Untracked 
| 225|0x000000008e100000, 0x000000008e100000, 0x000000008e200000|  0%| F|  |TAMS 0x000000008e100000, 0x000000008e100000| Untracked 
| 226|0x000000008e200000, 0x000000008e200000, 0x000000008e300000|  0%| F|  |TAMS 0x000000008e200000, 0x000000008e200000| Untracked 
| 227|0x000000008e300000, 0x000000008e300000, 0x000000008e400000|  0%| F|  |TAMS 0x000000008e300000, 0x000000008e300000| Untracked 
| 228|0x000000008e400000, 0x000000008e400000, 0x000000008e500000|  0%| F|  |TAMS 0x000000008e400000, 0x000000008e400000| Untracked 
| 229|0x000000008e500000, 0x000000008e500000, 0x000000008e600000|  0%| F|  |TAMS 0x000000008e500000, 0x000000008e500000| Untracked 
| 230|0x000000008e600000, 0x000000008e600000, 0x000000008e700000|  0%| F|  |TAMS 0x000000008e600000, 0x000000008e600000| Untracked 
| 231|0x000000008e700000, 0x000000008e700000, 0x000000008e800000|  0%| F|  |TAMS 0x000000008e700000, 0x000000008e700000| Untracked 
| 232|0x000000008e800000, 0x000000008e800000, 0x000000008e900000|  0%| F|  |TAMS 0x000000008e800000, 0x000000008e800000| Untracked 

Card table byte_map: [0x000002951e930000,0x000002951ed30000] _byte_map_base: 0x000002951e530000

Marking Bits (Prev, Next): (CMBitMap*) 0x000002950b530778, (CMBitMap*) 0x000002950b5307b0
 Prev Bits: [0x000002951f130000, 0x0000029521130000)
 Next Bits: [0x0000029521130000, 0x0000029523130000)

Polling page: 0x0000029509430000

Metaspace:

Usage:
  Non-class:    104.37 MB capacity,   102.31 MB ( 98%) used,     1.71 MB (  2%) free+waste,   355.31 KB ( <1%) overhead. 
      Class:     15.65 MB capacity,    14.55 MB ( 93%) used,   970.88 KB (  6%) free+waste,   160.44 KB (  1%) overhead. 
       Both:    120.02 MB capacity,   116.86 MB ( 97%) used,     2.65 MB (  2%) free+waste,   515.75 KB ( <1%) overhead. 

Virtual space:
  Non-class space:      106.00 MB reserved,     104.63 MB ( 99%) committed 
      Class space:        1.00 GB reserved,      15.88 MB (  2%) committed 
             Both:        1.10 GB reserved,     120.50 MB ( 11%) committed 

Chunk freelists:
   Non-Class:  137.00 KB
       Class:  194.00 KB
        Both:  331.00 KB

MaxMetaspaceSize: 17179869184.00 GB
CompressedClassSpaceSize: 1.00 GB

CodeHeap 'non-profiled nmethods': size=120000Kb used=11408Kb max_used=11408Kb free=108592Kb
 bounds [0x0000029516ab0000, 0x00000295175e0000, 0x000002951dfe0000]
CodeHeap 'profiled nmethods': size=120000Kb used=36649Kb max_used=36649Kb free=83350Kb
 bounds [0x000002950f580000, 0x0000029511950000, 0x0000029516ab0000]
CodeHeap 'non-nmethods': size=5760Kb used=2410Kb max_used=2457Kb free=3349Kb
 bounds [0x000002950efe0000, 0x000002950f250000, 0x000002950f580000]
 total_blobs=17878 nmethods=16814 adapters=974
 compilation: enabled
              stopped_count=0, restarted_count=0
 full_count=0

Compilation events (20 events):
Event: 28.642 Thread 0x0000029526733000 16957       3       com.sun.xml.bind.v2.model.impl.RuntimeBuiltinLeafInfoImpl$18::parse (6 bytes)
Event: 28.642 Thread 0x0000029526733000 nmethod 16957 0x0000029511944510 code [0x00000295119446e0, 0x00000295119448b8]
Event: 28.642 Thread 0x0000029526733000 16958       3       com.sun.xml.bind.v2.model.impl.RuntimeBuiltinLeafInfoImpl$18::parse (8 bytes)
Event: 28.642 Thread 0x0000029526733000 nmethod 16958 0x0000029511944990 code [0x0000029511944b80, 0x0000029511944f48]
Event: 28.642 Thread 0x0000029526733000 16959       3       com.sun.xml.bind.v2.runtime.unmarshaller.Scope::hasStarted (13 bytes)
Event: 28.642 Thread 0x0000029526733000 nmethod 16959 0x0000029511945110 code [0x00000295119452c0, 0x0000029511945418]
Event: 28.642 Thread 0x0000029526733000 16960       3       com.sun.xml.bind.v2.runtime.unmarshaller.UnmarshallingContext::startScope (92 bytes)
Event: 28.643 Thread 0x0000029526733000 nmethod 16960 0x0000029511945490 code [0x00000295119456a0, 0x0000029511945d78]
Event: 28.643 Thread 0x0000029526733000 16961   !   3       com.sun.xml.bind.v2.runtime.unmarshaller.UnmarshallingContext::endScope (76 bytes)
Event: 28.643 Thread 0x0000029526733000 nmethod 16961 0x0000029511945f90 code [0x0000029511946200, 0x0000029511946c28]
Event: 28.643 Thread 0x0000029526733000 16962       3       org.apache.xerces.impl.XMLNSDocumentScannerImpl::scanEndElement (190 bytes)
Event: 28.644 Thread 0x0000029526733000 nmethod 16962 0x0000029511947110 code [0x0000029511947420, 0x0000029511948898]
Event: 28.667 Thread 0x0000029526733000 16963       1       android.databinding.tool.store.ResourceBundle$BindingTargetBundle::getId (5 bytes)
Event: 28.667 Thread 0x0000029526733000 nmethod 16963 0x00000295175c9990 code [0x00000295175c9b40, 0x00000295175c9bf8]
Event: 28.668 Thread 0x0000029526733000 16964       3       java.lang.String::regionMatches (150 bytes)
Event: 28.669 Thread 0x0000029526733000 nmethod 16964 0x0000029511949010 code [0x0000029511949280, 0x0000029511949c48]
Event: 28.680 Thread 0x000002952672c000 nmethod 16683 0x00000295175c9c90 code [0x00000295175ca3a0, 0x00000295175d0778]
Event: 28.681 Thread 0x000002952672c000 16953       4       org.apache.xerces.impl.io.UTF8Reader::read (1402 bytes)
Event: 28.682 Thread 0x0000029526733000 16965   !   3       com.google.common.collect.MapMakerInternalMap$Segment::runLockedCleanup (34 bytes)
Event: 28.682 Thread 0x0000029526733000 nmethod 16965 0x0000029511949f90 code [0x000002951194a1a0, 0x000002951194a778]

GC Heap History (20 events):
Event: 26.357 GC heap after
{Heap after GC invocations=45 (full 0):
 garbage-first heap   total 189440K, used 142153K [0x0000000080000000, 0x0000000100000000)
  region size 1024K, 1 young (1024K), 1 survivors (1024K)
 Metaspace       used 110202K, capacity 113297K, committed 114048K, reserved 1148928K
  class space    used 13964K, capacity 15063K, committed 15360K, reserved 1048576K
}
Event: 26.420 GC heap before
{Heap before GC invocations=45 (full 0):
 garbage-first heap   total 189440K, used 161609K [0x0000000080000000, 0x0000000100000000)
  region size 1024K, 20 young (20480K), 1 survivors (1024K)
 Metaspace       used 110204K, capacity 113297K, committed 114048K, reserved 1148928K
  class space    used 13964K, capacity 15063K, committed 15360K, reserved 1048576K
}
Event: 26.421 GC heap after
{Heap after GC invocations=46 (full 0):
 garbage-first heap   total 189440K, used 142105K [0x0000000080000000, 0x0000000100000000)
  region size 1024K, 1 young (1024K), 1 survivors (1024K)
 Metaspace       used 110204K, capacity 113297K, committed 114048K, reserved 1148928K
  class space    used 13964K, capacity 15063K, committed 15360K, reserved 1048576K
}
Event: 26.549 GC heap before
{Heap before GC invocations=47 (full 0):
 garbage-first heap   total 189440K, used 155417K [0x0000000080000000, 0x0000000100000000)
  region size 1024K, 15 young (15360K), 1 survivors (1024K)
 Metaspace       used 110313K, capacity 113399K, committed 114048K, reserved 1148928K
  class space    used 13972K, capacity 15097K, committed 15360K, reserved 1048576K
}
Event: 26.554 GC heap after
{Heap after GC invocations=48 (full 0):
 garbage-first heap   total 189440K, used 146930K [0x0000000080000000, 0x0000000100000000)
  region size 1024K, 3 young (3072K), 3 survivors (3072K)
 Metaspace       used 110313K, capacity 113399K, committed 114048K, reserved 1148928K
  class space    used 13972K, capacity 15097K, committed 15360K, reserved 1048576K
}
Event: 26.714 GC heap before
{Heap before GC invocations=49 (full 0):
 garbage-first heap   total 189440K, used 178674K [0x0000000080000000, 0x0000000100000000)
  region size 1024K, 18 young (18432K), 3 survivors (3072K)
 Metaspace       used 110780K, capacity 113806K, committed 114304K, reserved 1148928K
  class space    used 14004K, capacity 15114K, committed 15360K, reserved 1048576K
}
Event: 26.719 GC heap after
{Heap after GC invocations=50 (full 0):
 garbage-first heap   total 189440K, used 148650K [0x0000000080000000, 0x0000000100000000)
  region size 1024K, 3 young (3072K), 3 survivors (3072K)
 Metaspace       used 110780K, capacity 113806K, committed 114304K, reserved 1148928K
  class space    used 14004K, capacity 15114K, committed 15360K, reserved 1048576K
}
Event: 26.850 GC heap before
{Heap before GC invocations=50 (full 0):
 garbage-first heap   total 189440K, used 160938K [0x0000000080000000, 0x0000000100000000)
  region size 1024K, 16 young (16384K), 3 survivors (3072K)
 Metaspace       used 111804K, capacity 114950K, committed 115456K, reserved 1148928K
  class space    used 14095K, capacity 15250K, committed 15488K, reserved 1048576K
}
Event: 26.855 GC heap after
{Heap after GC invocations=51 (full 0):
 garbage-first heap   total 189440K, used 150506K [0x0000000080000000, 0x0000000100000000)
  region size 1024K, 2 young (2048K), 2 survivors (2048K)
 Metaspace       used 111804K, capacity 114950K, committed 115456K, reserved 1148928K
  class space    used 14095K, capacity 15250K, committed 15488K, reserved 1048576K
}
Event: 27.081 GC heap before
{Heap before GC invocations=52 (full 0):
 garbage-first heap   total 189440K, used 150506K [0x0000000080000000, 0x0000000100000000)
  region size 1024K, 14 young (14336K), 2 survivors (2048K)
 Metaspace       used 112991K, capacity 116152K, committed 116864K, reserved 1150976K
  class space    used 14201K, capacity 15327K, committed 15616K, reserved 1048576K
}
Event: 27.085 GC heap after
{Heap after GC invocations=53 (full 0):
 garbage-first heap   total 189440K, used 139787K [0x0000000080000000, 0x0000000100000000)
  region size 1024K, 2 young (2048K), 2 survivors (2048K)
 Metaspace       used 112991K, capacity 116152K, committed 116864K, reserved 1150976K
  class space    used 14201K, capacity 15327K, committed 15616K, reserved 1048576K
}
Event: 27.118 GC heap before
{Heap before GC invocations=53 (full 0):
 garbage-first heap   total 189440K, used 145931K [0x0000000080000000, 0x0000000100000000)
  region size 1024K, 9 young (9216K), 2 survivors (2048K)
 Metaspace       used 113892K, capacity 117081K, committed 117760K, reserved 1150976K
  class space    used 14283K, capacity 15423K, committed 15744K, reserved 1048576K
}
Event: 27.124 GC heap after
{Heap after GC invocations=54 (full 0):
 garbage-first heap   total 238592K, used 123806K [0x0000000080000000, 0x0000000100000000)
  region size 1024K, 1 young (1024K), 1 survivors (1024K)
 Metaspace       used 113892K, capacity 117081K, committed 117760K, reserved 1150976K
  class space    used 14283K, capacity 15423K, committed 15744K, reserved 1048576K
}
Event: 27.345 GC heap before
{Heap before GC invocations=54 (full 0):
 garbage-first heap   total 238592K, used 167838K [0x0000000080000000, 0x0000000100000000)
  region size 1024K, 45 young (46080K), 1 survivors (1024K)
 Metaspace       used 114352K, capacity 117535K, committed 118272K, reserved 1153024K
  class space    used 14300K, capacity 15424K, committed 15744K, reserved 1048576K
}
Event: 27.350 GC heap after
{Heap after GC invocations=55 (full 0):
 garbage-first heap   total 238592K, used 126370K [0x0000000080000000, 0x0000000100000000)
  region size 1024K, 4 young (4096K), 4 survivors (4096K)
 Metaspace       used 114352K, capacity 117535K, committed 118272K, reserved 1153024K
  class space    used 14300K, capacity 15424K, committed 15744K, reserved 1048576K
}
Event: 27.528 GC heap before
{Heap before GC invocations=55 (full 0):
 garbage-first heap   total 238592K, used 172450K [0x0000000080000000, 0x0000000100000000)
  region size 1024K, 50 young (51200K), 4 survivors (4096K)
 Metaspace       used 115351K, capacity 118561K, committed 119040K, reserved 1153024K
  class space    used 14371K, capacity 15488K, committed 15744K, reserved 1048576K
}
Event: 27.531 GC heap after
{Heap after GC invocations=56 (full 0):
 garbage-first heap   total 238592K, used 126788K [0x0000000080000000, 0x0000000100000000)
  region size 1024K, 4 young (4096K), 4 survivors (4096K)
 Metaspace       used 115351K, capacity 118561K, committed 119040K, reserved 1153024K
  class space    used 14371K, capacity 15488K, committed 15744K, reserved 1048576K
}
Event: 27.938 GC heap before
{Heap before GC invocations=56 (full 0):
 garbage-first heap   total 238592K, used 176964K [0x0000000080000000, 0x0000000100000000)
  region size 1024K, 54 young (55296K), 4 survivors (4096K)
 Metaspace       used 116346K, capacity 119559K, committed 120192K, reserved 1153024K
  class space    used 14479K, capacity 15603K, committed 15872K, reserved 1048576K
}
Event: 27.942 GC heap after
{Heap after GC invocations=57 (full 0):
 garbage-first heap   total 238592K, used 127661K [0x0000000080000000, 0x0000000100000000)
  region size 1024K, 4 young (4096K), 4 survivors (4096K)
 Metaspace       used 116346K, capacity 119559K, committed 120192K, reserved 1153024K
  class space    used 14479K, capacity 15603K, committed 15872K, reserved 1048576K
}
Event: 28.684 GC heap before
{Heap before GC invocations=57 (full 0):
 garbage-first heap   total 238592K, used 179885K [0x0000000080000000, 0x0000000100000000)
  region size 1024K, 56 young (57344K), 4 survivors (4096K)
 Metaspace       used 119667K, capacity 122901K, committed 123392K, reserved 1157120K
  class space    used 14898K, capacity 16030K, committed 16256K, reserved 1048576K
}

Deoptimization events (20 events):
Event: 28.633 Thread 0x0000029528e1f800 Uncommon trap: trap_request=0xffffffde fr.pc=0x000002951739298c relative=0x00000000000007ec
Event: 28.633 Thread 0x0000029528e1f800 Uncommon trap: reason=class_check action=maybe_recompile pc=0x000002951739298c method=org.apache.xerces.parsers.AbstractSAXParser.endElement(Lorg/apache/xerces/xni/QName;Lorg/apache/xerces/xni/Augmentations;)V @ 78 c2
Event: 28.633 Thread 0x0000029528e1f800 DEOPT PACKING pc=0x000002951739298c sp=0x000000a24defa080
Event: 28.633 Thread 0x0000029528e1f800 DEOPT UNPACKING pc=0x000002950f0078af sp=0x000000a24defa020 mode 2
Event: 28.633 Thread 0x0000029528e1f800 Uncommon trap: trap_request=0xffffffde fr.pc=0x000002951739298c relative=0x00000000000007ec
Event: 28.633 Thread 0x0000029528e1f800 Uncommon trap: reason=class_check action=maybe_recompile pc=0x000002951739298c method=org.apache.xerces.parsers.AbstractSAXParser.endElement(Lorg/apache/xerces/xni/QName;Lorg/apache/xerces/xni/Augmentations;)V @ 78 c2
Event: 28.633 Thread 0x0000029528e1f800 DEOPT PACKING pc=0x000002951739298c sp=0x000000a24defa080
Event: 28.633 Thread 0x0000029528e1f800 DEOPT UNPACKING pc=0x000002950f0078af sp=0x000000a24defa020 mode 2
Event: 28.633 Thread 0x0000029528e1f800 Uncommon trap: trap_request=0xffffffde fr.pc=0x000002951739637c relative=0x00000000000019fc
Event: 28.633 Thread 0x0000029528e1f800 Uncommon trap: reason=class_check action=maybe_recompile pc=0x000002951739637c method=org.apache.xerces.parsers.AbstractSAXParser.endElement(Lorg/apache/xerces/xni/QName;Lorg/apache/xerces/xni/Augmentations;)V @ 78 c2
Event: 28.633 Thread 0x0000029528e1f800 DEOPT PACKING pc=0x000002951739637c sp=0x000000a24defa210
Event: 28.633 Thread 0x0000029528e1f800 DEOPT UNPACKING pc=0x000002950f0078af sp=0x000000a24defa160 mode 2
Event: 28.633 Thread 0x0000029528e1f800 Uncommon trap: trap_request=0xffffffde fr.pc=0x000002951739298c relative=0x00000000000007ec
Event: 28.633 Thread 0x0000029528e1f800 Uncommon trap: reason=class_check action=maybe_recompile pc=0x000002951739298c method=org.apache.xerces.parsers.AbstractSAXParser.endElement(Lorg/apache/xerces/xni/QName;Lorg/apache/xerces/xni/Augmentations;)V @ 78 c2
Event: 28.633 Thread 0x0000029528e1f800 DEOPT PACKING pc=0x000002951739298c sp=0x000000a24defa080
Event: 28.633 Thread 0x0000029528e1f800 DEOPT UNPACKING pc=0x000002950f0078af sp=0x000000a24defa020 mode 2
Event: 28.633 Thread 0x0000029528e1f800 Uncommon trap: trap_request=0xffffffde fr.pc=0x000002951739637c relative=0x00000000000019fc
Event: 28.634 Thread 0x0000029528e1f800 Uncommon trap: reason=class_check action=maybe_recompile pc=0x000002951739637c method=org.apache.xerces.parsers.AbstractSAXParser.endElement(Lorg/apache/xerces/xni/QName;Lorg/apache/xerces/xni/Augmentations;)V @ 78 c2
Event: 28.634 Thread 0x0000029528e1f800 DEOPT PACKING pc=0x000002951739637c sp=0x000000a24defa210
Event: 28.634 Thread 0x0000029528e1f800 DEOPT UNPACKING pc=0x000002950f0078af sp=0x000000a24defa160 mode 2

Classes redefined (0 events):
No events

Internal exceptions (20 events):
Event: 25.458 Thread 0x000002952e2b4800 Exception <a 'java/io/FileNotFoundException'{0x000000008ac203f8}> (0x000000008ac203f8) thrown at [./src/hotspot/share/prims/jni.cpp, line 615]
Event: 25.458 Thread 0x000002952e2b4800 Exception <a 'java/io/FileNotFoundException'{0x000000008ac24158}> (0x000000008ac24158) thrown at [./src/hotspot/share/prims/jni.cpp, line 615]
Event: 26.088 Thread 0x000002952be9c000 Implicit null exception at 0x000002951706938d to 0x0000029517069a3c
Event: 26.543 Thread 0x000002952be9c000 Implicit null exception at 0x00000295174696ca to 0x000002951746e1a0
Event: 26.543 Thread 0x000002952be9c000 Implicit null exception at 0x00000295174696ca to 0x000002951746e1a0
Event: 26.585 Thread 0x000002952be9c000 Implicit null exception at 0x00000295174696ca to 0x000002951746e1a0
Event: 26.641 Thread 0x000002952be9c000 Exception <a 'java/lang/NoSuchMethodError'{0x000000008b5d0aa8}: <clinit>> (0x000000008b5d0aa8) thrown at [./src/hotspot/share/prims/jni.cpp, line 1362]
Event: 26.656 Thread 0x000002952be9c000 Exception <a 'java/lang/NoSuchMethodError'{0x000000008b4acb20}: <clinit>> (0x000000008b4acb20) thrown at [./src/hotspot/share/prims/jni.cpp, line 1362]
Event: 26.921 Thread 0x0000029528e28000 Exception <a 'java/lang/NoSuchMethodError'{0x000000008b2442e0}: 'void java.lang.invoke.DirectMethodHandle$Holder.invokeStatic(java.lang.Object, java.lang.Object, java.lang.Object, java.lang.Object, java.lang.Object, java.lang.Object, java.lang.Object)'> (0x000000008b2442e0) thrown at [./src/hotspot/share/interpreter/linkResolver.cpp, line 773]
Event: 27.113 Thread 0x0000029528e28000 Exception <a 'sun/nio/fs/WindowsException'{0x000000008b3d0af8}> (0x000000008b3d0af8) thrown at [./src/hotspot/share/prims/jni.cpp, line 615]
Event: 27.114 Thread 0x0000029528e28000 Exception <a 'sun/nio/fs/WindowsException'{0x000000008b3d19b8}> (0x000000008b3d19b8) thrown at [./src/hotspot/share/prims/jni.cpp, line 615]
Event: 27.129 Thread 0x0000029528e28000 Exception <a 'java/lang/NoSuchMethodError'{0x000000008e773658}: <clinit>> (0x000000008e773658) thrown at [./src/hotspot/share/prims/jni.cpp, line 1362]
Event: 27.212 Thread 0x000002952e2b8800 Exception <a 'sun/nio/fs/WindowsException'{0x000000008d9113c0}> (0x000000008d9113c0) thrown at [./src/hotspot/share/prims/jni.cpp, line 615]
Event: 27.586 Thread 0x0000029528e28000 Exception <a 'java/lang/NoSuchMethodError'{0x000000008da7ad10}: <clinit>> (0x000000008da7ad10) thrown at [./src/hotspot/share/prims/jni.cpp, line 1362]
Event: 27.656 Thread 0x0000029528e1f800 Exception <a 'sun/nio/fs/WindowsException'{0x000000008d17ab38}> (0x000000008d17ab38) thrown at [./src/hotspot/share/prims/jni.cpp, line 615]
Event: 27.656 Thread 0x0000029528e1f800 Exception <a 'sun/nio/fs/WindowsException'{0x000000008d17bc98}> (0x000000008d17bc98) thrown at [./src/hotspot/share/prims/jni.cpp, line 615]
Event: 27.656 Thread 0x0000029528e1f800 Exception <a 'sun/nio/fs/WindowsException'{0x000000008d182de8}> (0x000000008d182de8) thrown at [./src/hotspot/share/prims/jni.cpp, line 615]
Event: 27.656 Thread 0x0000029528e1f800 Exception <a 'sun/nio/fs/WindowsException'{0x000000008d183f18}> (0x000000008d183f18) thrown at [./src/hotspot/share/prims/jni.cpp, line 615]
Event: 27.656 Thread 0x0000029528e1f800 Exception <a 'sun/nio/fs/WindowsException'{0x000000008d184478}> (0x000000008d184478) thrown at [./src/hotspot/share/prims/jni.cpp, line 615]
Event: 27.656 Thread 0x0000029528e1f800 Exception <a 'sun/nio/fs/WindowsException'{0x000000008d18a830}> (0x000000008d18a830) thrown at [./src/hotspot/share/prims/jni.cpp, line 615]

Events (20 events):
Event: 28.682 loading class android/databinding/tool/LibTypes$dataBindingComponent$2 done
Event: 28.682 loading class android/databinding/tool/LibTypes$dataBindingKtx$2
Event: 28.682 loading class android/databinding/tool/LibTypes$dataBindingKtx$2 done
Event: 28.682 loading class android/databinding/tool/LibTypes$dataBinderMapper$2
Event: 28.682 loading class android/databinding/tool/LibTypes$dataBinderMapper$2 done
Event: 28.683 loading class android/databinding/tool/LibTypes$observableFields$2
Event: 28.683 loading class android/databinding/tool/LibTypes$observableFields$2 done
Event: 28.683 loading class android/databinding/tool/LibTypes$viewDataBinding$2
Event: 28.683 loading class android/databinding/tool/LibTypes$viewDataBinding$2 done
Event: 28.683 loading class android/databinding/tool/LibTypes$viewBinding$2
Event: 28.683 loading class android/databinding/tool/LibTypes$viewBinding$2 done
Event: 28.683 loading class android/databinding/tool/LibTypes$listClassNames$2
Event: 28.683 loading class android/databinding/tool/LibTypes$listClassNames$2 done
Event: 28.683 loading class android/databinding/tool/LibTypes$inverseBindingListener$2
Event: 28.683 loading class android/databinding/tool/LibTypes$inverseBindingListener$2 done
Event: 28.684 loading class android/databinding/tool/LibTypes$propertyChangedInverseListener$2
Event: 28.684 loading class android/databinding/tool/LibTypes$propertyChangedInverseListener$2 done
Event: 28.684 loading class android/databinding/tool/LibTypes$bindable$2
Event: 28.684 loading class android/databinding/tool/LibTypes$bindable$2 done
Event: 28.684 Executing VM operation: G1CollectForAllocation


Dynamic libraries:
0x00007ff7686f0000 - 0x00007ff7686fa000 	C:\Program Files\Android\Android Studio\jre\bin\java.exe
0x00007ff99e340000 - 0x00007ff99e547000 	C:\Windows\SYSTEM32\ntdll.dll
0x00007ff99dbf0000 - 0x00007ff99dcad000 	C:\Windows\System32\KERNEL32.DLL
0x00007ff99bba0000 - 0x00007ff99bf14000 	C:\Windows\System32\KERNELBASE.dll
0x00007ff99b9e0000 - 0x00007ff99baf1000 	C:\Windows\System32\ucrtbase.dll
0x00007ff98b230000 - 0x00007ff98b249000 	C:\Program Files\Android\Android Studio\jre\bin\jli.dll
0x00007ff989b00000 - 0x00007ff989b17000 	C:\Program Files\Android\Android Studio\jre\bin\VCRUNTIME140.dll
0x00007ff99ca60000 - 0x00007ff99cc0c000 	C:\Windows\System32\USER32.dll
0x00007ff98c7e0000 - 0x00007ff98ca85000 	C:\Windows\WinSxS\amd64_microsoft.windows.common-controls_6595b64144ccf1df_6.0.22000.120_none_9d947278b86cc467\COMCTL32.dll
0x00007ff99b9b0000 - 0x00007ff99b9d6000 	C:\Windows\System32\win32u.dll
0x00007ff99c1d0000 - 0x00007ff99c273000 	C:\Windows\System32\msvcrt.dll
0x00007ff99dcb0000 - 0x00007ff99dcd9000 	C:\Windows\System32\GDI32.dll
0x00007ff99b890000 - 0x00007ff99b9a2000 	C:\Windows\System32\gdi32full.dll
0x00007ff99bb00000 - 0x00007ff99bb9d000 	C:\Windows\System32\msvcp_win.dll
0x00007ff99c880000 - 0x00007ff99c8b1000 	C:\Windows\System32\IMM32.DLL
0x00007ff958220000 - 0x00007ff9582bd000 	C:\Program Files\Android\Android Studio\jre\bin\msvcp140.dll
0x00007ff967790000 - 0x00007ff96825f000 	C:\Program Files\Android\Android Studio\jre\bin\server\jvm.dll
0x00007ff99d910000 - 0x00007ff99d9bc000 	C:\Windows\System32\ADVAPI32.dll
0x00007ff99c660000 - 0x00007ff99c6fd000 	C:\Windows\System32\sechost.dll
0x00007ff99c920000 - 0x00007ff99ca41000 	C:\Windows\System32\RPCRT4.dll
0x00007ff99e130000 - 0x00007ff99e138000 	C:\Windows\System32\PSAPI.DLL
0x00007ff996060000 - 0x00007ff996093000 	C:\Windows\SYSTEM32\WINMM.dll
0x00007ff998be0000 - 0x00007ff998be9000 	C:\Windows\SYSTEM32\WSOCK32.dll
0x00007ff9950f0000 - 0x00007ff9950fa000 	C:\Windows\SYSTEM32\VERSION.dll
0x00007ff99da20000 - 0x00007ff99da8f000 	C:\Windows\System32\WS2_32.dll
0x00007ff99a940000 - 0x00007ff99a958000 	C:\Windows\SYSTEM32\kernel.appcore.dll
0x00007ff996930000 - 0x00007ff996941000 	C:\Program Files\Android\Android Studio\jre\bin\verify.dll
0x00007ff98eb40000 - 0x00007ff98ed61000 	C:\Windows\SYSTEM32\DBGHELP.DLL
0x00007ff988ea0000 - 0x00007ff988ed1000 	C:\Windows\SYSTEM32\dbgcore.DLL
0x00007ff99bf20000 - 0x00007ff99bf9f000 	C:\Windows\System32\bcryptPrimitives.dll
0x00007ff98efd0000 - 0x00007ff98eff9000 	C:\Program Files\Android\Android Studio\jre\bin\java.dll
0x00007ff998b90000 - 0x00007ff998b9b000 	C:\Program Files\Android\Android Studio\jre\bin\jimage.dll
0x00007ff994210000 - 0x00007ff994228000 	C:\Program Files\Android\Android Studio\jre\bin\zip.dll
0x00007ff99cc10000 - 0x00007ff99d3be000 	C:\Windows\System32\SHELL32.dll
0x00007ff9999c0000 - 0x00007ff99a227000 	C:\Windows\SYSTEM32\windows.storage.dll
0x00007ff99ddb0000 - 0x00007ff99e128000 	C:\Windows\System32\combase.dll
0x00007ff999850000 - 0x00007ff9999b6000 	C:\Windows\SYSTEM32\wintypes.dll
0x00007ff99c790000 - 0x00007ff99c87a000 	C:\Windows\System32\SHCORE.dll
0x00007ff99c8c0000 - 0x00007ff99c91d000 	C:\Windows\System32\shlwapi.dll
0x00007ff99b750000 - 0x00007ff99b771000 	C:\Windows\SYSTEM32\profapi.dll
0x00007ff993ce0000 - 0x00007ff993cfa000 	C:\Program Files\Android\Android Studio\jre\bin\net.dll
0x00007ff996160000 - 0x00007ff99626c000 	C:\Windows\SYSTEM32\WINHTTP.dll
0x00007ff99ad50000 - 0x00007ff99adb7000 	C:\Windows\system32\mswsock.dll
0x00007ff98dea0000 - 0x00007ff98deb4000 	C:\Program Files\Android\Android Studio\jre\bin\nio.dll
0x00007ff992740000 - 0x00007ff992767000 	C:\Users\NeHaL\.gradle\native\8bec1ad78214c89d9ad589b4d07fe93259594b29d510b10fafb7a158f7737e5d\windows-amd64\native-platform.dll
0x00007ff968730000 - 0x00007ff96886d000 	C:\Users\NeHaL\.gradle\native\53dbd7edfb1c66fb8903c78663c9afc45aea4f116125fa6feffd364cf09443e8\windows-amd64\native-platform-file-events.dll
0x00007ff996920000 - 0x00007ff99692a000 	C:\Program Files\Android\Android Studio\jre\bin\management.dll
0x00007ff994f40000 - 0x00007ff994f4c000 	C:\Program Files\Android\Android Studio\jre\bin\management_ext.dll
0x00007ff99af90000 - 0x00007ff99afa8000 	C:\Windows\SYSTEM32\CRYPTSP.dll
0x00007ff99a8a0000 - 0x00007ff99a8d5000 	C:\Windows\system32\rsaenh.dll
0x00007ff99ae40000 - 0x00007ff99ae69000 	C:\Windows\SYSTEM32\USERENV.dll
0x00007ff99b110000 - 0x00007ff99b137000 	C:\Windows\SYSTEM32\bcrypt.dll
0x00007ff99afb0000 - 0x00007ff99afbc000 	C:\Windows\SYSTEM32\CRYPTBASE.dll
0x00007ff99a480000 - 0x00007ff99a4ad000 	C:\Windows\SYSTEM32\IPHLPAPI.DLL
0x00007ff99db70000 - 0x00007ff99db79000 	C:\Windows\System32\NSI.dll
0x00007ff995a40000 - 0x00007ff995a59000 	C:\Windows\SYSTEM32\dhcpcsvc6.DLL
0x00007ff996d30000 - 0x00007ff996d4e000 	C:\Windows\SYSTEM32\dhcpcsvc.DLL
0x00007ff99a4b0000 - 0x00007ff99a597000 	C:\Windows\SYSTEM32\DNSAPI.dll
0x00007ff96eac0000 - 0x00007ff96ec64000 	C:\Program Files\Android\Android Studio\jre\bin\awt.dll
0x00007ff99da90000 - 0x00007ff99db66000 	C:\Windows\System32\OLEAUT32.dll
0x00007ff999340000 - 0x00007ff99936f000 	C:\Windows\SYSTEM32\dwmapi.dll
0x00007ff998df0000 - 0x00007ff998e81000 	C:\Windows\SYSTEM32\apphelp.dll
0x00007ff998f60000 - 0x00007ff99900c000 	C:\Windows\system32\uxtheme.dll

dbghelp: loaded successfully - version: 4.0.5 - missing functions: none
symbol engine: initialized successfully - sym options: 0x614 - pdb path: .;C:\Program Files\Android\Android Studio\jre\bin;C:\Windows\SYSTEM32;C:\Windows\WinSxS\amd64_microsoft.windows.common-controls_6595b64144ccf1df_6.0.22000.120_none_9d947278b86cc467;C:\Program Files\Android\Android Studio\jre\bin\server;C:\Users\NeHaL\.gradle\native\8bec1ad78214c89d9ad589b4d07fe93259594b29d510b10fafb7a158f7737e5d\windows-amd64;C:\Users\NeHaL\.gradle\native\53dbd7edfb1c66fb8903c78663c9afc45aea4f116125fa6feffd364cf09443e8\windows-amd64

VM Arguments:
jvm_args: --add-opens=java.base/java.util=ALL-UNNAMED --add-opens=java.base/java.lang=ALL-UNNAMED --add-opens=java.base/java.lang.invoke=ALL-UNNAMED --add-opens=java.base/java.util=ALL-UNNAMED --add-opens=java.prefs/java.util.prefs=ALL-UNNAMED --add-opens=java.prefs/java.util.prefs=ALL-UNNAMED --add-opens=java.base/java.nio.charset=ALL-UNNAMED --add-opens=java.base/java.net=ALL-UNNAMED --add-opens=java.base/java.util.concurrent.atomic=ALL-UNNAMED -Xmx2048m -Dfile.encoding=UTF-8 -Duser.country=IN -Duser.language=en -Duser.variant 
java_command: org.gradle.launcher.daemon.bootstrap.GradleDaemon 7.0.2
java_class_path (initial): C:\Users\NeHaL\.gradle\wrapper\dists\gradle-7.0.2-bin\857tjihv64xamwrf0h14cai3r\gradle-7.0.2\lib\gradle-launcher-7.0.2.jar
Launcher Type: SUN_STANDARD

[Global flags]
     intx CICompilerCount                          = 4                                         {product} {ergonomic}
     uint ConcGCThreads                            = 3                                         {product} {ergonomic}
     uint G1ConcRefinementThreads                  = 10                                        {product} {ergonomic}
   size_t G1HeapRegionSize                         = 1048576                                   {product} {ergonomic}
    uintx GCDrainStackTargetSize                   = 64                                        {product} {ergonomic}
   size_t InitialHeapSize                          = 134217728                                 {product} {ergonomic}
   size_t MarkStackSize                            = 4194304                                   {product} {ergonomic}
   size_t MaxHeapSize                              = 2147483648                                {product} {command line}
   size_t MaxNewSize                               = 1287651328                                {product} {ergonomic}
   size_t MinHeapDeltaBytes                        = 1048576                                   {product} {ergonomic}
    uintx NonNMethodCodeHeapSize                   = 5836300                                {pd product} {ergonomic}
    uintx NonProfiledCodeHeapSize                  = 122910970                              {pd product} {ergonomic}
    uintx ProfiledCodeHeapSize                     = 122910970                              {pd product} {ergonomic}
    uintx ReservedCodeCacheSize                    = 251658240                              {pd product} {ergonomic}
     bool SegmentedCodeCache                       = true                                      {product} {ergonomic}
     bool UseCompressedClassPointers               = true                                 {lp64_product} {ergonomic}
     bool UseCompressedOops                        = true                                 {lp64_product} {ergonomic}
     bool UseG1GC                                  = true                                      {product} {ergonomic}
     bool UseLargePagesIndividualAllocation        = false                                  {pd product} {ergonomic}

Logging:
Log output configuration:
 #0: stdout all=warning uptime,level,tags
 #1: stderr all=off uptime,level,tags

Environment Variables:
PATH=C:\Program Files (x86)\Common Files\Intel\Shared Libraries\redist\intel64\compiler;C:\Program Files\Common Files\Oracle\Java\javapath;C:\Windows\system32;C:\Windows;C:\Windows\System32\Wbem;C:\Windows\System32\WindowsPowerShell\v1.0\;C:\Windows\System32\OpenSSH\;C:\Program Files\NVIDIA Corporation\NVIDIA NvDLISR;C:\Program Files (x86)\NVIDIA Corporation\PhysX\Common;C:\Program Files\nodejs\;C:\ProgramData\chocolatey\bin;C:\Program Files\Git\cmd;C:\Program Files\Cloudflare\Cloudflare WARP;C:\Users\NeHaL\AppData\Local\Microsoft\WindowsApps;C:\Program Files\JetBrains\IntelliJ IDEA Community Edition 2021.2.2\bin;;C:\Program Files\JetBrains\PyCharm Community Edition 2021.2.2\bin;;C:\Users\NeHaL\AppData\Local\Programs\Microsoft VS Code\bin;C:\Users\NeHaL\AppData\Roaming\npm;C:\Program Files\MongoDB\Server\5.0\bin;
USERNAME=NeHaL
OS=Windows_NT
PROCESSOR_IDENTIFIER=AMD64 Family 23 Model 113 Stepping 0, AuthenticAMD



---------------  S Y S T E M  ---------------

OS: Windows 10 , 64 bit Build 22000 (10.0.22000.318)
OS uptime: 0 days 0:51 hours

CPU:total 12 (initial active 12) (12 cores per cpu, 2 threads per core) family 23 model 113 stepping 0 microcode 0x0, cmov, cx8, fxsr, mmx, sse, sse2, sse3, ssse3, sse4.1, sse4.2, popcnt, avx, avx2, aes, clmul, mmxext, 3dnowpref, lzcnt, sse4a, ht, tsc, tscinvbit, tscinv, bmi1, bmi2, adx,

Memory: 4k page, system-wide physical 8144M (2271M free)
TotalPageFile size 8144M (AvailPageFile size 27M)
current process WorkingSet (physical memory assigned to process): 583M, peak: 597M
current process commit charge ("private bytes"): 622M, peak: 675M

vm_info: OpenJDK 64-Bit Server VM (11.0.10+0-b96-7249189) for windows-amd64 JRE (11.0.10+0-b96-7249189), built on Mar 31 2021 21:44:00 by "builder" with MS VC++ 14.0 (VS2015)

END.
