#
# There is insufficient memory for the Java Runtime Environment to continue.
# Native memory allocation (mmap) failed to map 27262976 bytes for Failed to commit area from 0x0000000088000000 to 0x0000000089a00000 of length 27262976.
# Possible reasons:
#   The system is out of physical RAM or swap space
#   The process is running with CompressedOops enabled, and the Java Heap may be blocking the growth of the native heap
# Possible solutions:
#   Reduce memory load on the system
#   Increase physical memory or swap space
#   Check if swap backing store is full
#   Decrease Java heap size (-Xmx/-Xms)
#   Decrease number of Java threads
#   Decrease Java thread stack sizes (-Xss)
#   Set larger code cache with -XX:ReservedCodeCacheSize=
#   JVM is running with Unscaled Compressed Oops mode in which the Java heap is
#     placed in the first 4GB address space. The Java Heap base address is the
#     maximum limit for the native heap growth. Please use -XX:HeapBaseMinAddress
#     to set the Java Heap base and to place the Java Heap above 4GB virtual address.
# This output file may be truncated or incomplete.
#
#  Out of Memory Error (./src/hotspot/os/windows/os_windows.cpp:3301), pid=7772, tid=10556
#
# JRE version: OpenJDK Runtime Environment (11.0.10) (build 11.0.10+0-b96-7249189)
# Java VM: OpenJDK 64-Bit Server VM (11.0.10+0-b96-7249189, mixed mode, tiered, compressed oops, g1 gc, windows-amd64)
# No core dump will be written. Minidumps are not enabled by default on client versions of Windows
#

---------------  S U M M A R Y ------------

Command Line: --add-opens=java.base/java.util=ALL-UNNAMED --add-opens=java.base/java.lang=ALL-UNNAMED --add-opens=java.base/java.lang.invoke=ALL-UNNAMED --add-opens=java.base/java.util=ALL-UNNAMED --add-opens=java.prefs/java.util.prefs=ALL-UNNAMED --add-opens=java.prefs/java.util.prefs=ALL-UNNAMED --add-opens=java.base/java.nio.charset=ALL-UNNAMED --add-opens=java.base/java.net=ALL-UNNAMED --add-opens=java.base/java.util.concurrent.atomic=ALL-UNNAMED -Xmx2048m -Dfile.encoding=UTF-8 -Duser.country=IN -Duser.language=en -Duser.variant org.gradle.launcher.daemon.bootstrap.GradleDaemon 7.0.2

Host: AMD Ryzen 5 3600 6-Core Processor              , 12 cores, 7G,  Windows 10 , 64 bit Build 22000 (10.0.22000.318)
Time: Mon Dec 27 23:32:11 2021 India Standard Time elapsed time: 2.609020 seconds (0d 0h 0m 2s)

---------------  T H R E A D  ---------------

Current thread (0x00000143c217e000):  VMThread "VM Thread" [stack: 0x000000280f800000,0x000000280f900000] [id=10556]

Stack: [0x000000280f800000,0x000000280f900000]
[error occurred during error reporting (printing stack bounds), id 0xc0000005, EXCEPTION_ACCESS_VIOLATION (0xc0000005) at pc=0x00000143ab3c0f2d]

Native frames: (J=compiled Java code, j=interpreted, Vv=VM code, C=native code)
V  [jvm.dll+0x5ecfaa]
V  [jvm.dll+0x722bd5]
V  [jvm.dll+0x72412d]
V  [jvm.dll+0x724745]
V  [jvm.dll+0x7246fb]
V  [jvm.dll+0x5ec348]
V  [jvm.dll+0x5ecad8]
C  [ntdll.dll+0xa82ff]
C  [ntdll.dll+0x35a0a]
C  [ntdll.dll+0xa730e]
C  0x00000143ab3c0f2d

VM_Operation (0x0000002810cfeed0): G1CollectForAllocation, mode: safepoint, requested by thread 0x00000143c4b74800


---------------  P R O C E S S  ---------------

Threads class SMR info:
_java_thread_list=0x00000143c73c59c0, length=36, elements={
0x00000143a78d1800, 0x00000143c2182800, 0x00000143c2186000, 0x00000143c219f000,
0x00000143c21a0000, 0x00000143c21a1800, 0x00000143c21ad000, 0x00000143c2b1a000,
0x00000143c2b1c000, 0x00000143c2c70800, 0x00000143c4f04000, 0x00000143c448c800,
0x00000143c3ca7800, 0x00000143c36ad800, 0x00000143c4c24800, 0x00000143c467d800,
0x00000143c467e800, 0x00000143c4b74800, 0x00000143c51bc000, 0x00000143c49d7000,
0x00000143c49dc000, 0x00000143c49d8000, 0x00000143c49d9000, 0x00000143c49d6800,
0x00000143c49d9800, 0x00000143c49da800, 0x00000143c49db800, 0x00000143c49dd000,
0x00000143c57dd800, 0x00000143c57dc000, 0x00000143c57de800, 0x00000143c57df000,
0x00000143c57dc800, 0x00000143c57e0000, 0x00000143c57db000, 0x00000143c57e1800
}

Java Threads: ( => current thread )
  0x00000143a78d1800 JavaThread "main" [_thread_blocked, id=15140, stack(0x000000280f200000,0x000000280f300000)]
  0x00000143c2182800 JavaThread "Reference Handler" daemon [_thread_blocked, id=14744, stack(0x000000280f900000,0x000000280fa00000)]
  0x00000143c2186000 JavaThread "Finalizer" daemon [_thread_blocked, id=6808, stack(0x000000280fa00000,0x000000280fb00000)]
  0x00000143c219f000 JavaThread "Signal Dispatcher" daemon [_thread_blocked, id=3284, stack(0x000000280fb00000,0x000000280fc00000)]
  0x00000143c21a0000 JavaThread "Attach Listener" daemon [_thread_blocked, id=9788, stack(0x000000280fc00000,0x000000280fd00000)]
  0x00000143c21a1800 JavaThread "Service Thread" daemon [_thread_blocked, id=2860, stack(0x000000280fd00000,0x000000280fe00000)]
  0x00000143c21ad000 JavaThread "C2 CompilerThread0" daemon [_thread_blocked, id=10744, stack(0x000000280fe00000,0x000000280ff00000)]
  0x00000143c2b1a000 JavaThread "C1 CompilerThread0" daemon [_thread_blocked, id=14948, stack(0x000000280ff00000,0x0000002810000000)]
  0x00000143c2b1c000 JavaThread "Sweeper thread" daemon [_thread_blocked, id=4228, stack(0x0000002810000000,0x0000002810100000)]
  0x00000143c2c70800 JavaThread "Common-Cleaner" daemon [_thread_blocked, id=8880, stack(0x0000002810100000,0x0000002810200000)]
  0x00000143c4f04000 JavaThread "Daemon health stats" [_thread_blocked, id=9304, stack(0x0000002810700000,0x0000002810800000)]
  0x00000143c448c800 JavaThread "Incoming local TCP Connector on port 52522" [_thread_in_native, id=12152, stack(0x0000002810300000,0x0000002810400000)]
  0x00000143c3ca7800 JavaThread "Daemon periodic checks" [_thread_blocked, id=6424, stack(0x0000002810400000,0x0000002810500000)]
  0x00000143c36ad800 JavaThread "Daemon" [_thread_blocked, id=12008, stack(0x0000002810800000,0x0000002810900000)]
  0x00000143c4c24800 JavaThread "Handler for socket connection from /127.0.0.1:52522 to /127.0.0.1:52523" [_thread_in_native, id=3392, stack(0x0000002810900000,0x0000002810a00000)]
  0x00000143c467d800 JavaThread "Cancel handler" [_thread_blocked, id=10272, stack(0x0000002810a00000,0x0000002810b00000)]
  0x00000143c467e800 JavaThread "Daemon worker" [_thread_blocked, id=3164, stack(0x0000002810b00000,0x0000002810c00000)]
  0x00000143c4b74800 JavaThread "Asynchronous log dispatcher for DefaultDaemonConnection: socket connection from /127.0.0.1:52522 to /127.0.0.1:52523" [_thread_blocked, id=9716, stack(0x0000002810c00000,0x0000002810d00000)]
  0x00000143c51bc000 JavaThread "Stdin handler" [_thread_blocked, id=6332, stack(0x0000002810d00000,0x0000002810e00000)]
  0x00000143c49d7000 JavaThread "Daemon client event forwarder" [_thread_blocked, id=1576, stack(0x0000002810e00000,0x0000002810f00000)]
  0x00000143c49dc000 JavaThread "Cache worker for file hash cache (C:\Users\NeHaL\.gradle\caches\7.0.2\fileHashes)" [_thread_blocked, id=6836, stack(0x0000002811600000,0x0000002811700000)]
  0x00000143c49d8000 JavaThread "File lock request listener" [_thread_in_native, id=14380, stack(0x0000002811700000,0x0000002811800000)]
  0x00000143c49d9000 JavaThread "Cache worker for journal cache (C:\Users\NeHaL\.gradle\caches\journal-1)" [_thread_blocked, id=15208, stack(0x0000002811a00000,0x0000002811b00000)]
  0x00000143c49d6800 JavaThread "C2 CompilerThread1" daemon [_thread_in_native, id=10120, stack(0x0000002811b00000,0x0000002811c00000)]
  0x00000143c49d9800 JavaThread "Cache worker for file hash cache (C:\Users\NeHaL\AndroidStudioProjects\SmartTourApp\.gradle\7.0.2\fileHashes)" [_thread_blocked, id=15172, stack(0x0000002811c00000,0x0000002811d00000)]
  0x00000143c49da800 JavaThread "File watcher server" daemon [_thread_in_native, id=5900, stack(0x0000002811d00000,0x0000002811e00000)]
  0x00000143c49db800 JavaThread "File watcher consumer" daemon [_thread_blocked, id=5080, stack(0x0000002811e00000,0x0000002811f00000)]
  0x00000143c49dd000 JavaThread "Cache worker for checksums cache (C:\Users\NeHaL\AndroidStudioProjects\SmartTourApp\.gradle\checksums)" [_thread_blocked, id=3368, stack(0x0000002811f00000,0x0000002812000000)]
  0x00000143c57dd800 JavaThread "Cache worker for cache directory md-supplier (C:\Users\NeHaL\.gradle\caches\7.0.2\md-supplier)" [_thread_blocked, id=8884, stack(0x0000002812000000,0x0000002812100000)]
  0x00000143c57dc000 JavaThread "Cache worker for cache directory md-rule (C:\Users\NeHaL\.gradle\caches\7.0.2\md-rule)" [_thread_blocked, id=7824, stack(0x0000002812100000,0x0000002812200000)]
  0x00000143c57de800 JavaThread "C2 CompilerThread2" daemon [_thread_in_native, id=1388, stack(0x0000002812200000,0x0000002812300000)]
  0x00000143c57df000 JavaThread "Cache worker for execution history cache (C:\Users\NeHaL\.gradle\caches\7.0.2\executionHistory)" [_thread_blocked, id=13536, stack(0x0000002812300000,0x0000002812400000)]
  0x00000143c57dc800 JavaThread "jar transforms" [_thread_blocked, id=4188, stack(0x0000002812400000,0x0000002812500000)]
  0x00000143c57e0000 JavaThread "jar transforms Thread 2" [_thread_blocked, id=2576, stack(0x0000002812500000,0x0000002812600000)]
  0x00000143c57db000 JavaThread "Cache worker for file content cache (C:\Users\NeHaL\.gradle\caches\7.0.2\fileContent)" [_thread_blocked, id=9220, stack(0x0000002812600000,0x0000002812700000)]
  0x00000143c57e1800 JavaThread "Cache worker for dependencies-accessors (C:\Users\NeHaL\AndroidStudioProjects\SmartTourApp\.gradle\7.0.2\dependencies-accessors)" [_thread_blocked, id=5508, stack(0x0000002812700000,0x0000002812800000)]

Other Threads:
=>0x00000143c217e000 VMThread "VM Thread" [stack: 0x000000280f800000,0x000000280f900000] [id=10556]
  0x00000143c2c76000 WatcherThread [stack: 0x0000002810200000,0x0000002810300000] [id=14604]
  0x00000143a78e9800 GCTaskThread "GC Thread#0" [stack: 0x000000280f300000,0x000000280f400000] [id=9456]
  0x00000143c33e9800 GCTaskThread "GC Thread#1" [stack: 0x0000002810500000,0x0000002810600000] [id=7888]
  0x00000143c2f69000 GCTaskThread "GC Thread#2" [stack: 0x0000002810600000,0x0000002810700000] [id=5336]
  0x00000143c4ca4800 GCTaskThread "GC Thread#3" [stack: 0x0000002810f00000,0x0000002811000000] [id=11724]
  0x00000143c4220000 GCTaskThread "GC Thread#4" [stack: 0x0000002811000000,0x0000002811100000] [id=5072]
  0x00000143c4646000 GCTaskThread "GC Thread#5" [stack: 0x0000002811100000,0x0000002811200000] [id=14376]
  0x00000143c4043000 GCTaskThread "GC Thread#6" [stack: 0x0000002811200000,0x0000002811300000] [id=9744]
  0x00000143c4643000 GCTaskThread "GC Thread#7" [stack: 0x0000002811300000,0x0000002811400000] [id=6148]
  0x00000143c3ff8800 GCTaskThread "GC Thread#8" [stack: 0x0000002811400000,0x0000002811500000] [id=2084]
  0x00000143c4fad000 GCTaskThread "GC Thread#9" [stack: 0x0000002811500000,0x0000002811600000] [id=3548]
  0x00000143a791c000 ConcurrentGCThread "G1 Main Marker" [stack: 0x000000280f400000,0x000000280f500000] [id=8992]
  0x00000143a791d800 ConcurrentGCThread "G1 Conc#0" [stack: 0x000000280f500000,0x000000280f600000] [id=1332]
  0x00000143c4faf000 ConcurrentGCThread "G1 Conc#1" [stack: 0x0000002811800000,0x0000002811900000] [id=14040]
  0x00000143c4fb0000 ConcurrentGCThread "G1 Conc#2" [stack: 0x0000002811900000,0x0000002811a00000] [id=1312]
  0x00000143c1fd1800 ConcurrentGCThread "G1 Refine#0" [stack: 0x000000280f600000,0x000000280f700000] [id=14488]
  0x00000143c1fd2800 ConcurrentGCThread "G1 Young RemSet Sampling" [stack: 0x000000280f700000,0x000000280f800000] [id=10444]

Threads with active compile tasks:
C2 CompilerThread0   2615 3402       4       java.lang.Class::copyMethods (36 bytes)
C2 CompilerThread1   2615 3390       4       java.util.AbstractCollection::addAll (42 bytes)
C2 CompilerThread2   2615 3396       4       org.codehaus.groovy.runtime.metaclass.MetaMethodIndex::addMethodToList (131 bytes)

VM state:at safepoint (normal execution)

VM Mutex/Monitor currently owned by a thread:  ([mutex/lock_event])
[0x00000143a78ce190] Threads_lock - owner thread: 0x00000143c217e000
[0x00000143a78ce3d0] Heap_lock - owner thread: 0x00000143c4b74800

Heap address: 0x0000000080000000, size: 2048 MB, Compressed Oops mode: 32-bit
Narrow klass base: 0x0000000000000000, Narrow klass shift: 3
Compressed class space size: 1073741824 Address: 0x0000000100000000

Heap:
 garbage-first heap   total 157696K, used 27267K [0x0000000080000000, 0x0000000100000000)
  region size 1024K, 8 young (8192K), 8 survivors (8192K)
 Metaspace       used 39331K, capacity 40203K, committed 40524K, reserved 1085440K
  class space    used 5028K, capacity 5357K, committed 5452K, reserved 1048576K
Heap Regions: E=young(eden), S=young(survivor), O=old, HS=humongous(starts), HC=humongous(continues), CS=collection set, F=free, A=archive, TAMS=top-at-mark-start (previous, next)
|   0|0x0000000080000000, 0x0000000080100000, 0x0000000080100000|100%| O|  |TAMS 0x0000000080100000, 0x0000000080000000| Untracked 
|   1|0x0000000080100000, 0x0000000080200000, 0x0000000080200000|100%| O|  |TAMS 0x0000000080200000, 0x0000000080100000| Untracked 
|   2|0x0000000080200000, 0x0000000080300000, 0x0000000080300000|100%| O|  |TAMS 0x0000000080300000, 0x0000000080200000| Untracked 
|   3|0x0000000080300000, 0x0000000080400000, 0x0000000080400000|100%|HS|  |TAMS 0x0000000080400000, 0x0000000080300000| Complete 
|   4|0x0000000080400000, 0x0000000080500000, 0x0000000080500000|100%|HC|  |TAMS 0x0000000080500000, 0x0000000080400000| Complete 
|   5|0x0000000080500000, 0x0000000080600000, 0x0000000080600000|100%|HC|  |TAMS 0x0000000080600000, 0x0000000080500000| Complete 
|   6|0x0000000080600000, 0x0000000080700000, 0x0000000080700000|100%| O|  |TAMS 0x0000000080700000, 0x0000000080600000| Untracked 
|   7|0x0000000080700000, 0x0000000080800000, 0x0000000080800000|100%| O|  |TAMS 0x0000000080800000, 0x0000000080700000| Untracked 
|   8|0x0000000080800000, 0x0000000080900000, 0x0000000080900000|100%| O|  |TAMS 0x0000000080900000, 0x0000000080800000| Untracked 
|   9|0x0000000080900000, 0x0000000080a00000, 0x0000000080a00000|100%| O|  |TAMS 0x0000000080a00000, 0x0000000080900000| Untracked 
|  10|0x0000000080a00000, 0x0000000080b00000, 0x0000000080b00000|100%| O|  |TAMS 0x0000000080b00000, 0x0000000080a00000| Untracked 
|  11|0x0000000080b00000, 0x0000000080c00000, 0x0000000080c00000|100%| O|  |TAMS 0x0000000080c00000, 0x0000000080b00000| Untracked 
|  12|0x0000000080c00000, 0x0000000080d00000, 0x0000000080d00000|100%| O|  |TAMS 0x0000000080d00000, 0x0000000080c00000| Untracked 
|  13|0x0000000080d00000, 0x0000000080e00000, 0x0000000080e00000|100%| O|  |TAMS 0x0000000080e00000, 0x0000000080d00000| Untracked 
|  14|0x0000000080e00000, 0x0000000080f00000, 0x0000000080f00000|100%| O|  |TAMS 0x0000000080f00000, 0x0000000080e00000| Untracked 
|  15|0x0000000080f00000, 0x0000000081000000, 0x0000000081000000|100%| O|  |TAMS 0x0000000081000000, 0x0000000080f00000| Untracked 
|  16|0x0000000081000000, 0x0000000081000000, 0x0000000081100000|  0%| F|  |TAMS 0x0000000081000000, 0x0000000081000000| Untracked 
|  17|0x0000000081100000, 0x0000000081100000, 0x0000000081200000|  0%| F|  |TAMS 0x0000000081100000, 0x0000000081100000| Untracked 
|  18|0x0000000081200000, 0x0000000081200000, 0x0000000081300000|  0%| F|  |TAMS 0x0000000081200000, 0x0000000081200000| Untracked 
|  19|0x0000000081300000, 0x0000000081400000, 0x0000000081400000|100%| O|  |TAMS 0x0000000081300000, 0x0000000081300000| Untracked 
|  20|0x0000000081400000, 0x0000000081500000, 0x0000000081500000|100%| O|  |TAMS 0x0000000081400000, 0x0000000081400000| Untracked 
|  21|0x0000000081500000, 0x00000000815e3000, 0x0000000081600000| 88%| O|  |TAMS 0x0000000081500000, 0x0000000081500000| Untracked 
|  22|0x0000000081600000, 0x0000000081600000, 0x0000000081700000|  0%| F|  |TAMS 0x0000000081600000, 0x0000000081600000| Untracked 
|  23|0x0000000081700000, 0x0000000081700000, 0x0000000081800000|  0%| F|  |TAMS 0x0000000081700000, 0x0000000081700000| Untracked 
|  24|0x0000000081800000, 0x0000000081800000, 0x0000000081900000|  0%| F|  |TAMS 0x0000000081800000, 0x0000000081800000| Untracked 
|  25|0x0000000081900000, 0x0000000081900000, 0x0000000081a00000|  0%| F|  |TAMS 0x0000000081900000, 0x0000000081900000| Untracked 
|  26|0x0000000081a00000, 0x0000000081a00000, 0x0000000081b00000|  0%| F|  |TAMS 0x0000000081a00000, 0x0000000081a00000| Untracked 
|  27|0x0000000081b00000, 0x0000000081b00000, 0x0000000081c00000|  0%| F|  |TAMS 0x0000000081b00000, 0x0000000081b00000| Untracked 
|  28|0x0000000081c00000, 0x0000000081c00000, 0x0000000081d00000|  0%| F|  |TAMS 0x0000000081c00000, 0x0000000081c00000| Untracked 
|  29|0x0000000081d00000, 0x0000000081d00000, 0x0000000081e00000|  0%| F|  |TAMS 0x0000000081d00000, 0x0000000081d00000| Untracked 
|  30|0x0000000081e00000, 0x0000000081e00000, 0x0000000081f00000|  0%| F|  |TAMS 0x0000000081e00000, 0x0000000081e00000| Untracked 
|  31|0x0000000081f00000, 0x0000000081f00000, 0x0000000082000000|  0%| F|  |TAMS 0x0000000081f00000, 0x0000000081f00000| Untracked 
|  32|0x0000000082000000, 0x0000000082000000, 0x0000000082100000|  0%| F|  |TAMS 0x0000000082000000, 0x0000000082000000| Untracked 
|  33|0x0000000082100000, 0x0000000082100000, 0x0000000082200000|  0%| F|  |TAMS 0x0000000082100000, 0x0000000082100000| Untracked 
|  34|0x0000000082200000, 0x0000000082200000, 0x0000000082300000|  0%| F|  |TAMS 0x0000000082200000, 0x0000000082200000| Untracked 
|  35|0x0000000082300000, 0x0000000082300000, 0x0000000082400000|  0%| F|  |TAMS 0x0000000082300000, 0x0000000082300000| Untracked 
|  36|0x0000000082400000, 0x0000000082400000, 0x0000000082500000|  0%| F|  |TAMS 0x0000000082400000, 0x0000000082400000| Untracked 
|  37|0x0000000082500000, 0x0000000082500000, 0x0000000082600000|  0%| F|  |TAMS 0x0000000082500000, 0x0000000082500000| Untracked 
|  38|0x0000000082600000, 0x0000000082600000, 0x0000000082700000|  0%| F|  |TAMS 0x0000000082600000, 0x0000000082600000| Untracked 
|  39|0x0000000082700000, 0x0000000082700000, 0x0000000082800000|  0%| F|  |TAMS 0x0000000082700000, 0x0000000082700000| Untracked 
|  40|0x0000000082800000, 0x0000000082800000, 0x0000000082900000|  0%| F|  |TAMS 0x0000000082800000, 0x0000000082800000| Untracked 
|  41|0x0000000082900000, 0x0000000082900000, 0x0000000082a00000|  0%| F|  |TAMS 0x0000000082900000, 0x0000000082900000| Untracked 
|  42|0x0000000082a00000, 0x0000000082a00000, 0x0000000082b00000|  0%| F|  |TAMS 0x0000000082a00000, 0x0000000082a00000| Untracked 
|  43|0x0000000082b00000, 0x0000000082b00000, 0x0000000082c00000|  0%| F|  |TAMS 0x0000000082b00000, 0x0000000082b00000| Untracked 
|  44|0x0000000082c00000, 0x0000000082c00000, 0x0000000082d00000|  0%| F|  |TAMS 0x0000000082c00000, 0x0000000082c00000| Untracked 
|  45|0x0000000082d00000, 0x0000000082d00000, 0x0000000082e00000|  0%| F|  |TAMS 0x0000000082d00000, 0x0000000082d00000| Untracked 
|  46|0x0000000082e00000, 0x0000000082e00000, 0x0000000082f00000|  0%| F|  |TAMS 0x0000000082e00000, 0x0000000082e00000| Untracked 
|  47|0x0000000082f00000, 0x0000000082f00000, 0x0000000083000000|  0%| F|  |TAMS 0x0000000082f00000, 0x0000000082f00000| Untracked 
|  48|0x0000000083000000, 0x0000000083000000, 0x0000000083100000|  0%| F|  |TAMS 0x0000000083000000, 0x0000000083000000| Untracked 
|  49|0x0000000083100000, 0x0000000083100000, 0x0000000083200000|  0%| F|  |TAMS 0x0000000083100000, 0x0000000083100000| Untracked 
|  50|0x0000000083200000, 0x0000000083200000, 0x0000000083300000|  0%| F|  |TAMS 0x0000000083200000, 0x0000000083200000| Untracked 
|  51|0x0000000083300000, 0x0000000083300000, 0x0000000083400000|  0%| F|  |TAMS 0x0000000083300000, 0x0000000083300000| Untracked 
|  52|0x0000000083400000, 0x0000000083400000, 0x0000000083500000|  0%| F|  |TAMS 0x0000000083400000, 0x0000000083400000| Untracked 
|  53|0x0000000083500000, 0x0000000083500000, 0x0000000083600000|  0%| F|  |TAMS 0x0000000083500000, 0x0000000083500000| Untracked 
|  54|0x0000000083600000, 0x0000000083600000, 0x0000000083700000|  0%| F|  |TAMS 0x0000000083600000, 0x0000000083600000| Untracked 
|  55|0x0000000083700000, 0x00000000837bddc8, 0x0000000083800000| 74%| S|CS|TAMS 0x0000000083700000, 0x0000000083700000| Complete 
|  56|0x0000000083800000, 0x0000000083900000, 0x0000000083900000|100%| S|CS|TAMS 0x0000000083800000, 0x0000000083800000| Complete 
|  57|0x0000000083900000, 0x0000000083a00000, 0x0000000083a00000|100%| S|CS|TAMS 0x0000000083900000, 0x0000000083900000| Complete 
|  58|0x0000000083a00000, 0x0000000083b00000, 0x0000000083b00000|100%| S|CS|TAMS 0x0000000083a00000, 0x0000000083a00000| Complete 
|  59|0x0000000083b00000, 0x0000000083c00000, 0x0000000083c00000|100%| S|CS|TAMS 0x0000000083b00000, 0x0000000083b00000| Complete 
|  60|0x0000000083c00000, 0x0000000083d00000, 0x0000000083d00000|100%| S|CS|TAMS 0x0000000083c00000, 0x0000000083c00000| Complete 
|  61|0x0000000083d00000, 0x0000000083e00000, 0x0000000083e00000|100%| S|CS|TAMS 0x0000000083d00000, 0x0000000083d00000| Complete 
|  62|0x0000000083e00000, 0x0000000083f00000, 0x0000000083f00000|100%| S|CS|TAMS 0x0000000083e00000, 0x0000000083e00000| Complete 
|  63|0x0000000083f00000, 0x0000000083f00000, 0x0000000084000000|  0%| F|  |TAMS 0x0000000083f00000, 0x0000000083f00000| Untracked 
|  64|0x0000000084000000, 0x0000000084000000, 0x0000000084100000|  0%| F|  |TAMS 0x0000000084000000, 0x0000000084000000| Untracked 
|  65|0x0000000084100000, 0x0000000084100000, 0x0000000084200000|  0%| F|  |TAMS 0x0000000084100000, 0x0000000084100000| Untracked 
|  66|0x0000000084200000, 0x0000000084200000, 0x0000000084300000|  0%| F|  |TAMS 0x0000000084200000, 0x0000000084200000| Untracked 
|  67|0x0000000084300000, 0x0000000084300000, 0x0000000084400000|  0%| F|  |TAMS 0x0000000084300000, 0x0000000084300000| Untracked 
|  68|0x0000000084400000, 0x0000000084400000, 0x0000000084500000|  0%| F|  |TAMS 0x0000000084400000, 0x0000000084400000| Untracked 
|  69|0x0000000084500000, 0x0000000084500000, 0x0000000084600000|  0%| F|  |TAMS 0x0000000084500000, 0x0000000084500000| Untracked 
|  70|0x0000000084600000, 0x0000000084600000, 0x0000000084700000|  0%| F|  |TAMS 0x0000000084600000, 0x0000000084600000| Untracked 
|  71|0x0000000084700000, 0x0000000084700000, 0x0000000084800000|  0%| F|  |TAMS 0x0000000084700000, 0x0000000084700000| Untracked 
|  72|0x0000000084800000, 0x0000000084800000, 0x0000000084900000|  0%| F|  |TAMS 0x0000000084800000, 0x0000000084800000| Untracked 
|  73|0x0000000084900000, 0x0000000084900000, 0x0000000084a00000|  0%| F|  |TAMS 0x0000000084900000, 0x0000000084900000| Untracked 
|  74|0x0000000084a00000, 0x0000000084a00000, 0x0000000084b00000|  0%| F|  |TAMS 0x0000000084a00000, 0x0000000084a00000| Untracked 
|  75|0x0000000084b00000, 0x0000000084b00000, 0x0000000084c00000|  0%| F|  |TAMS 0x0000000084b00000, 0x0000000084b00000| Untracked 
|  76|0x0000000084c00000, 0x0000000084c00000, 0x0000000084d00000|  0%| F|  |TAMS 0x0000000084c00000, 0x0000000084c00000| Untracked 
|  77|0x0000000084d00000, 0x0000000084d00000, 0x0000000084e00000|  0%| F|  |TAMS 0x0000000084d00000, 0x0000000084d00000| Untracked 
|  78|0x0000000084e00000, 0x0000000084e00000, 0x0000000084f00000|  0%| F|  |TAMS 0x0000000084e00000, 0x0000000084e00000| Untracked 
|  79|0x0000000084f00000, 0x0000000084f00000, 0x0000000085000000|  0%| F|  |TAMS 0x0000000084f00000, 0x0000000084f00000| Untracked 
|  80|0x0000000085000000, 0x0000000085000000, 0x0000000085100000|  0%| F|  |TAMS 0x0000000085000000, 0x0000000085000000| Untracked 
|  81|0x0000000085100000, 0x0000000085100000, 0x0000000085200000|  0%| F|  |TAMS 0x0000000085100000, 0x0000000085100000| Untracked 
|  82|0x0000000085200000, 0x0000000085200000, 0x0000000085300000|  0%| F|  |TAMS 0x0000000085200000, 0x0000000085200000| Untracked 
|  83|0x0000000085300000, 0x0000000085300000, 0x0000000085400000|  0%| F|  |TAMS 0x0000000085300000, 0x0000000085300000| Untracked 
|  84|0x0000000085400000, 0x0000000085400000, 0x0000000085500000|  0%| F|  |TAMS 0x0000000085400000, 0x0000000085400000| Untracked 
|  85|0x0000000085500000, 0x0000000085500000, 0x0000000085600000|  0%| F|  |TAMS 0x0000000085500000, 0x0000000085500000| Untracked 
|  86|0x0000000085600000, 0x0000000085600000, 0x0000000085700000|  0%| F|  |TAMS 0x0000000085600000, 0x0000000085600000| Untracked 
|  87|0x0000000085700000, 0x0000000085700000, 0x0000000085800000|  0%| F|  |TAMS 0x0000000085700000, 0x0000000085700000| Untracked 
|  88|0x0000000085800000, 0x0000000085800000, 0x0000000085900000|  0%| F|  |TAMS 0x0000000085800000, 0x0000000085800000| Untracked 
|  89|0x0000000085900000, 0x0000000085900000, 0x0000000085a00000|  0%| F|  |TAMS 0x0000000085900000, 0x0000000085900000| Untracked 
|  90|0x0000000085a00000, 0x0000000085a00000, 0x0000000085b00000|  0%| F|  |TAMS 0x0000000085a00000, 0x0000000085a00000| Untracked 
|  91|0x0000000085b00000, 0x0000000085b00000, 0x0000000085c00000|  0%| F|  |TAMS 0x0000000085b00000, 0x0000000085b00000| Untracked 
|  92|0x0000000085c00000, 0x0000000085c00000, 0x0000000085d00000|  0%| F|  |TAMS 0x0000000085c00000, 0x0000000085c00000| Untracked 
|  93|0x0000000085d00000, 0x0000000085d00000, 0x0000000085e00000|  0%| F|  |TAMS 0x0000000085d00000, 0x0000000085d00000| Untracked 
|  94|0x0000000085e00000, 0x0000000085e00000, 0x0000000085f00000|  0%| F|  |TAMS 0x0000000085e00000, 0x0000000085e00000| Untracked 
|  95|0x0000000085f00000, 0x0000000085f00000, 0x0000000086000000|  0%| F|  |TAMS 0x0000000085f00000, 0x0000000085f00000| Untracked 
|  96|0x0000000086000000, 0x0000000086000000, 0x0000000086100000|  0%| F|  |TAMS 0x0000000086000000, 0x0000000086000000| Untracked 
|  97|0x0000000086100000, 0x0000000086100000, 0x0000000086200000|  0%| F|  |TAMS 0x0000000086100000, 0x0000000086100000| Untracked 
|  98|0x0000000086200000, 0x0000000086200000, 0x0000000086300000|  0%| F|  |TAMS 0x0000000086200000, 0x0000000086200000| Untracked 
|  99|0x0000000086300000, 0x0000000086300000, 0x0000000086400000|  0%| F|  |TAMS 0x0000000086300000, 0x0000000086300000| Untracked 
| 100|0x0000000086400000, 0x0000000086400000, 0x0000000086500000|  0%| F|  |TAMS 0x0000000086400000, 0x0000000086400000| Untracked 
| 101|0x0000000086500000, 0x0000000086500000, 0x0000000086600000|  0%| F|  |TAMS 0x0000000086500000, 0x0000000086500000| Untracked 
| 102|0x0000000086600000, 0x0000000086600000, 0x0000000086700000|  0%| F|  |TAMS 0x0000000086600000, 0x0000000086600000| Untracked 
| 103|0x0000000086700000, 0x0000000086700000, 0x0000000086800000|  0%| F|  |TAMS 0x0000000086700000, 0x0000000086700000| Untracked 
| 104|0x0000000086800000, 0x0000000086800000, 0x0000000086900000|  0%| F|  |TAMS 0x0000000086800000, 0x0000000086800000| Untracked 
| 105|0x0000000086900000, 0x0000000086900000, 0x0000000086a00000|  0%| F|  |TAMS 0x0000000086900000, 0x0000000086900000| Untracked 
| 106|0x0000000086a00000, 0x0000000086a00000, 0x0000000086b00000|  0%| F|  |TAMS 0x0000000086a00000, 0x0000000086a00000| Untracked 
| 107|0x0000000086b00000, 0x0000000086b00000, 0x0000000086c00000|  0%| F|  |TAMS 0x0000000086b00000, 0x0000000086b00000| Untracked 
| 108|0x0000000086c00000, 0x0000000086c00000, 0x0000000086d00000|  0%| F|  |TAMS 0x0000000086c00000, 0x0000000086c00000| Untracked 
| 109|0x0000000086d00000, 0x0000000086d00000, 0x0000000086e00000|  0%| F|  |TAMS 0x0000000086d00000, 0x0000000086d00000| Untracked 
| 110|0x0000000086e00000, 0x0000000086e00000, 0x0000000086f00000|  0%| F|  |TAMS 0x0000000086e00000, 0x0000000086e00000| Untracked 
| 111|0x0000000086f00000, 0x0000000086f00000, 0x0000000087000000|  0%| F|  |TAMS 0x0000000086f00000, 0x0000000086f00000| Untracked 
| 112|0x0000000087000000, 0x0000000087000000, 0x0000000087100000|  0%| F|  |TAMS 0x0000000087000000, 0x0000000087000000| Untracked 
| 113|0x0000000087100000, 0x0000000087100000, 0x0000000087200000|  0%| F|  |TAMS 0x0000000087100000, 0x0000000087100000| Untracked 
| 114|0x0000000087200000, 0x0000000087200000, 0x0000000087300000|  0%| F|  |TAMS 0x0000000087200000, 0x0000000087200000| Untracked 
| 115|0x0000000087300000, 0x0000000087300000, 0x0000000087400000|  0%| F|  |TAMS 0x0000000087300000, 0x0000000087300000| Untracked 
| 116|0x0000000087400000, 0x0000000087400000, 0x0000000087500000|  0%| F|  |TAMS 0x0000000087400000, 0x0000000087400000| Untracked 
| 117|0x0000000087500000, 0x0000000087500000, 0x0000000087600000|  0%| F|  |TAMS 0x0000000087500000, 0x0000000087500000| Untracked 
| 118|0x0000000087600000, 0x0000000087600000, 0x0000000087700000|  0%| F|  |TAMS 0x0000000087600000, 0x0000000087600000| Untracked 
| 119|0x0000000087700000, 0x0000000087700000, 0x0000000087800000|  0%| F|  |TAMS 0x0000000087700000, 0x0000000087700000| Untracked 
| 120|0x0000000087800000, 0x0000000087800000, 0x0000000087900000|  0%| F|  |TAMS 0x0000000087800000, 0x0000000087800000| Untracked 
| 121|0x0000000087900000, 0x0000000087900000, 0x0000000087a00000|  0%| F|  |TAMS 0x0000000087900000, 0x0000000087900000| Untracked 
| 122|0x0000000087a00000, 0x0000000087a00000, 0x0000000087b00000|  0%| F|  |TAMS 0x0000000087a00000, 0x0000000087a00000| Untracked 
| 123|0x0000000087b00000, 0x0000000087b00000, 0x0000000087c00000|  0%| F|  |TAMS 0x0000000087b00000, 0x0000000087b00000| Untracked 
| 124|0x0000000087c00000, 0x0000000087c00000, 0x0000000087d00000|  0%| F|  |TAMS 0x0000000087c00000, 0x0000000087c00000| Untracked 
| 125|0x0000000087d00000, 0x0000000087d00000, 0x0000000087e00000|  0%| F|  |TAMS 0x0000000087d00000, 0x0000000087d00000| Untracked 
| 126|0x0000000087e00000, 0x0000000087e00000, 0x0000000087f00000|  0%| F|  |TAMS 0x0000000087e00000, 0x0000000087e00000| Untracked 
| 127|0x0000000087f00000, 0x0000000087f00000, 0x0000000088000000|  0%| F|  |TAMS 0x0000000087f00000, 0x0000000087f00000| Untracked 

Card table byte_map: [0x00000143bad10000,0x00000143bb110000] _byte_map_base: 0x00000143ba910000

Marking Bits (Prev, Next): (CMBitMap*) 0x00000143a7913678, (CMBitMap*) 0x00000143a79136b0
 Prev Bits: [0x00000143bb510000, 0x00000143bd510000)
 Next Bits: [0x00000143bd510000, 0x00000143bf510000)

Polling page: 0x00000143a58c0000

Metaspace:

Usage:
  Non-class:     34.03 MB capacity,    33.50 MB ( 98%) used,   451.59 KB (  1%) free+waste,    90.81 KB ( <1%) overhead. 
      Class:      5.23 MB capacity,     4.91 MB ( 94%) used,   285.22 KB (  5%) free+waste,    43.69 KB ( <1%) overhead. 
       Both:     39.26 MB capacity,    38.41 MB ( 98%) used,   736.81 KB (  2%) free+waste,   134.50 KB ( <1%) overhead. 

Virtual space:
  Non-class space:       36.00 MB reserved,      34.25 MB ( 95%) committed 
      Class space:        1.00 GB reserved,       5.32 MB ( <1%) committed 
             Both:        1.04 GB reserved,      39.57 MB (  4%) committed 

Chunk freelists:
   Non-Class:  34.00 KB
       Class:  19.00 KB
        Both:  53.00 KB

MaxMetaspaceSize: 17179869184.00 GB
CompressedClassSpaceSize: 1.00 GB

CodeHeap 'non-profiled nmethods': size=120000Kb used=1763Kb max_used=1763Kb free=118236Kb
 bounds [0x00000143b2e90000, 0x00000143b3100000, 0x00000143ba3c0000]
CodeHeap 'profiled nmethods': size=120000Kb used=7206Kb max_used=7206Kb free=112794Kb
 bounds [0x00000143ab960000, 0x00000143ac070000, 0x00000143b2e90000]
CodeHeap 'non-nmethods': size=5760Kb used=2200Kb max_used=2228Kb free=3559Kb
 bounds [0x00000143ab3c0000, 0x00000143ab630000, 0x00000143ab960000]
 total_blobs=4235 nmethods=3472 adapters=674
 compilation: enabled
              stopped_count=0, restarted_count=0
 full_count=0

Compilation events (20 events):
Event: 2.583 Thread 0x00000143c2b1a000 3476       3       java.util.Arrays::hashCode (56 bytes)
Event: 2.584 Thread 0x00000143c2b1a000 nmethod 3476 0x00000143ac067690 code [0x00000143ac067860, 0x00000143ac067b88]
Event: 2.584 Thread 0x00000143c2b1a000 3477       3       java.nio.ByteBuffer::wrap (8 bytes)
Event: 2.584 Thread 0x00000143c2b1a000 nmethod 3477 0x00000143ac067d10 code [0x00000143ac067f00, 0x00000143ac068278]
Event: 2.585 Thread 0x00000143c2b1a000 3478       3       jdk.internal.reflect.ConstantPool::getUTF8At (10 bytes)
Event: 2.585 Thread 0x00000143c2b1a000 nmethod 3478 0x00000143ac068490 code [0x00000143ac068640, 0x00000143ac068768]
Event: 2.589 Thread 0x00000143c2b1a000 3481       1       org.gradle.internal.operations.BuildOperationDescriptor::getId (5 bytes)
Event: 2.589 Thread 0x00000143c2b1a000 nmethod 3481 0x00000143b3046390 code [0x00000143b3046540, 0x00000143b30465f8]
Event: 2.592 Thread 0x00000143c21ad000 nmethod 3454 0x00000143b3046690 code [0x00000143b30468c0, 0x00000143b30473b8]
Event: 2.592 Thread 0x00000143c21ad000 3480 %     4       java.util.regex.Pattern$Start::match @ 31 (90 bytes)
Event: 2.594 Thread 0x00000143c2b1a000 3482       3       org.gradle.internal.Cast::uncheckedCast (2 bytes)
Event: 2.594 Thread 0x00000143c2b1a000 nmethod 3482 0x00000143ac068810 code [0x00000143ac0689c0, 0x00000143ac068a98]
Event: 2.597 Thread 0x00000143c2b1a000 3483       1       org.slf4j.impl.StaticLoggerBinder::getLoggerFactory (5 bytes)
Event: 2.597 Thread 0x00000143c2b1a000 nmethod 3483 0x00000143b3047a90 code [0x00000143b3047c40, 0x00000143b3047cf8]
Event: 2.598 Thread 0x00000143c2b1a000 3484       3       java.io.File::getName (42 bytes)
Event: 2.598 Thread 0x00000143c2b1a000 nmethod 3484 0x00000143ac068b10 code [0x00000143ac068d40, 0x00000143ac069278]
Event: 2.599 Thread 0x00000143c21ad000 nmethod 3480% 0x00000143b3047d90 code [0x00000143b3047fa0, 0x00000143b30487b8]
Event: 2.599 Thread 0x00000143c21ad000 3402       4       java.lang.Class::copyMethods (36 bytes)
Event: 2.599 Thread 0x00000143c2b1a000 3485       3       org.gradle.internal.operations.OperationIdentifier::hashCode (14 bytes)
Event: 2.600 Thread 0x00000143c2b1a000 nmethod 3485 0x00000143ac069490 code [0x00000143ac069640, 0x00000143ac069758]

GC Heap History (11 events):
Event: 0.429 GC heap before
{Heap before GC invocations=0 (full 0):
 garbage-first heap   total 131072K, used 29696K [0x0000000080000000, 0x0000000100000000)
  region size 1024K, 24 young (24576K), 0 survivors (0K)
 Metaspace       used 10195K, capacity 10363K, committed 10624K, reserved 1058816K
  class space    used 1065K, capacity 1141K, committed 1152K, reserved 1048576K
}
Event: 0.434 GC heap after
{Heap after GC invocations=1 (full 0):
 garbage-first heap   total 131072K, used 9398K [0x0000000080000000, 0x0000000100000000)
  region size 1024K, 3 young (3072K), 3 survivors (3072K)
 Metaspace       used 10195K, capacity 10363K, committed 10624K, reserved 1058816K
  class space    used 1065K, capacity 1141K, committed 1152K, reserved 1048576K
}
Event: 1.294 GC heap before
{Heap before GC invocations=1 (full 0):
 garbage-first heap   total 131072K, used 84150K [0x0000000080000000, 0x0000000100000000)
  region size 1024K, 76 young (77824K), 3 survivors (3072K)
 Metaspace       used 17737K, capacity 18161K, committed 18432K, reserved 1064960K
  class space    used 2103K, capacity 2240K, committed 2304K, reserved 1048576K
}
Event: 1.299 GC heap after
{Heap after GC invocations=2 (full 0):
 garbage-first heap   total 131072K, used 15685K [0x0000000080000000, 0x0000000100000000)
  region size 1024K, 10 young (10240K), 10 survivors (10240K)
 Metaspace       used 17737K, capacity 18161K, committed 18432K, reserved 1064960K
  class space    used 2103K, capacity 2240K, committed 2304K, reserved 1048576K
}
Event: 1.441 GC heap before
{Heap before GC invocations=2 (full 0):
 garbage-first heap   total 131072K, used 37189K [0x0000000080000000, 0x0000000100000000)
  region size 1024K, 32 young (32768K), 10 survivors (10240K)
 Metaspace       used 20597K, capacity 21124K, committed 21248K, reserved 1067008K
  class space    used 2520K, capacity 2722K, committed 2816K, reserved 1048576K
}
Event: 1.446 GC heap after
{Heap after GC invocations=3 (full 0):
 garbage-first heap   total 131072K, used 17363K [0x0000000080000000, 0x0000000100000000)
  region size 1024K, 1 young (1024K), 1 survivors (1024K)
 Metaspace       used 20597K, capacity 21124K, committed 21248K, reserved 1067008K
  class space    used 2520K, capacity 2722K, committed 2816K, reserved 1048576K
}
Event: 1.869 GC heap before
{Heap before GC invocations=4 (full 0):
 garbage-first heap   total 131072K, used 88019K [0x0000000080000000, 0x0000000100000000)
  region size 1024K, 71 young (72704K), 1 survivors (1024K)
 Metaspace       used 27403K, capacity 28033K, committed 28288K, reserved 1073152K
  class space    used 3638K, capacity 3861K, committed 3968K, reserved 1048576K
}
Event: 1.871 GC heap after
{Heap after GC invocations=5 (full 0):
 garbage-first heap   total 131072K, used 19449K [0x0000000080000000, 0x0000000100000000)
  region size 1024K, 3 young (3072K), 3 survivors (3072K)
 Metaspace       used 27403K, capacity 28033K, committed 28288K, reserved 1073152K
  class space    used 3638K, capacity 3861K, committed 3968K, reserved 1048576K
}
Event: 2.221 GC heap before
{Heap before GC invocations=5 (full 0):
 garbage-first heap   total 131072K, used 58361K [0x0000000080000000, 0x0000000100000000)
  region size 1024K, 43 young (44032K), 3 survivors (3072K)
 Metaspace       used 35015K, capacity 35830K, committed 35840K, reserved 1081344K
  class space    used 4540K, capacity 4864K, committed 4864K, reserved 1048576K
}
Event: 2.227 GC heap after
{Heap after GC invocations=6 (full 0):
 garbage-first heap   total 131072K, used 22464K [0x0000000080000000, 0x0000000100000000)
  region size 1024K, 6 young (6144K), 6 survivors (6144K)
 Metaspace       used 35015K, capacity 35830K, committed 35840K, reserved 1081344K
  class space    used 4540K, capacity 4864K, committed 4864K, reserved 1048576K
}
Event: 2.602 GC heap before
{Heap before GC invocations=7 (full 0):
 garbage-first heap   total 131072K, used 84928K [0x0000000080000000, 0x0000000100000000)
  region size 1024K, 65 young (66560K), 6 survivors (6144K)
 Metaspace       used 39331K, capacity 40203K, committed 40524K, reserved 1085440K
  class space    used 5028K, capacity 5357K, committed 5452K, reserved 1048576K
}

Deoptimization events (20 events):
Event: 2.517 Thread 0x00000143c467e800 DEOPT PACKING pc=0x00000143b303a1ec sp=0x0000002810bf8510
Event: 2.517 Thread 0x00000143c467e800 DEOPT UNPACKING pc=0x00000143ab3e78af sp=0x0000002810bf8528 mode 2
Event: 2.517 Thread 0x00000143c467e800 Uncommon trap: trap_request=0xffffffbe fr.pc=0x00000143b303a1ec relative=0x0000000000003d4c
Event: 2.517 Thread 0x00000143c467e800 Uncommon trap: reason=profile_predicate action=maybe_recompile pc=0x00000143b303a1ec method=java.util.AbstractCollection.addAll(Ljava/util/Collection;)Z @ 15 c2
Event: 2.517 Thread 0x00000143c467e800 DEOPT PACKING pc=0x00000143b303a1ec sp=0x0000002810bf8350
Event: 2.517 Thread 0x00000143c467e800 DEOPT UNPACKING pc=0x00000143ab3e78af sp=0x0000002810bf8368 mode 2
Event: 2.543 Thread 0x00000143c467e800 DEOPT PACKING pc=0x00000143abdd73d5 sp=0x0000002810bee770
Event: 2.543 Thread 0x00000143c467e800 DEOPT UNPACKING pc=0x00000143ab3e76ce sp=0x0000002810bedc90 mode 0
Event: 2.579 Thread 0x00000143c467e800 Uncommon trap: trap_request=0xffffff4d fr.pc=0x00000143b2fd0830 relative=0x0000000000000110
Event: 2.579 Thread 0x00000143c467e800 Uncommon trap: reason=unstable_if action=reinterpret pc=0x00000143b2fd0830 method=java.util.Arrays.hashCode([Ljava/lang/Object;)I @ 34 c2
Event: 2.579 Thread 0x00000143c467e800 DEOPT PACKING pc=0x00000143b2fd0830 sp=0x0000002810bf9710
Event: 2.579 Thread 0x00000143c467e800 DEOPT UNPACKING pc=0x00000143ab3e78af sp=0x0000002810bf9688 mode 2
Event: 2.579 Thread 0x00000143c467e800 Uncommon trap: trap_request=0xffffffde fr.pc=0x00000143b2f75528 relative=0x00000000000002e8
Event: 2.579 Thread 0x00000143c467e800 Uncommon trap: reason=class_check action=maybe_recompile pc=0x00000143b2f75528 method=java.util.Collections$SetFromMap.remove(Ljava/lang/Object;)Z @ 5 c2
Event: 2.579 Thread 0x00000143c467e800 DEOPT PACKING pc=0x00000143b2f75528 sp=0x0000002810bfad60
Event: 2.579 Thread 0x00000143c467e800 DEOPT UNPACKING pc=0x00000143ab3e78af sp=0x0000002810bfad58 mode 2
Event: 2.579 Thread 0x00000143c467e800 Uncommon trap: trap_request=0xffffffde fr.pc=0x00000143b2f75528 relative=0x00000000000002e8
Event: 2.579 Thread 0x00000143c467e800 Uncommon trap: reason=class_check action=maybe_recompile pc=0x00000143b2f75528 method=java.util.Collections$SetFromMap.remove(Ljava/lang/Object;)Z @ 5 c2
Event: 2.579 Thread 0x00000143c467e800 DEOPT PACKING pc=0x00000143b2f75528 sp=0x0000002810bface0
Event: 2.579 Thread 0x00000143c467e800 DEOPT UNPACKING pc=0x00000143ab3e78af sp=0x0000002810bfacd8 mode 2

Classes redefined (0 events):
No events

Internal exceptions (20 events):
Event: 2.495 Thread 0x00000143c467e800 Exception <a 'java/lang/ClassNotFoundException'{0x0000000084f67a58}: org/gradle/api/internal/provider/AbstractMinimalProviderCustomizer> (0x0000000084f67a58) thrown at [./src/hotspot/share/classfile/systemDictionary.cpp, line 231]
Event: 2.497 Thread 0x00000143c467e800 Exception <a 'java/lang/ClassNotFoundException'{0x0000000084fc7778}: org/gradle/api/internal/provider/AbstractPropertyCustomizer> (0x0000000084fc7778) thrown at [./src/hotspot/share/classfile/systemDictionary.cpp, line 231]
Event: 2.498 Thread 0x00000143c467e800 Exception <a 'java/lang/ClassNotFoundException'{0x0000000084ff9f10}: org/gradle/api/internal/provider/DefaultPropertyCustomizer> (0x0000000084ff9f10) thrown at [./src/hotspot/share/classfile/systemDictionary.cpp, line 231]
Event: 2.529 Thread 0x00000143c467e800 Exception <a 'java/lang/ClassNotFoundException'{0x00000000849ce250}: org/gradle/api/internal/artifacts/dsl/DefaultRepositoryHandler_DecoratedBeanInfo> (0x00000000849ce250) thrown at [./src/hotspot/share/classfile/systemDictionary.cpp, line 231]
Event: 2.530 Thread 0x00000143c467e800 Exception <a 'java/lang/ClassNotFoundException'{0x0000000084807358}: org/gradle/api/internal/artifacts/dsl/DefaultRepositoryHandlerBeanInfo> (0x0000000084807358) thrown at [./src/hotspot/share/classfile/systemDictionary.cpp, line 231]
Event: 2.530 Thread 0x00000143c467e800 Exception <a 'java/lang/ClassNotFoundException'{0x00000000848425a8}: org/gradle/api/internal/artifacts/DefaultArtifactRepositoryContainerBeanInfo> (0x00000000848425a8) thrown at [./src/hotspot/share/classfile/systemDictionary.cpp, line 231]
Event: 2.531 Thread 0x00000143c467e800 Exception <a 'java/lang/ClassNotFoundException'{0x000000008486c638}: org/gradle/api/internal/DefaultNamedDomainObjectListBeanInfo> (0x000000008486c638) thrown at [./src/hotspot/share/classfile/systemDictionary.cpp, line 231]
Event: 2.531 Thread 0x00000143c467e800 Exception <a 'java/lang/ClassNotFoundException'{0x0000000084898230}: org/gradle/api/internal/DefaultNamedDomainObjectCollectionBeanInfo> (0x0000000084898230) thrown at [./src/hotspot/share/classfile/systemDictionary.cpp, line 231]
Event: 2.531 Thread 0x00000143c467e800 Exception <a 'java/lang/ClassNotFoundException'{0x00000000848c33e0}: org/gradle/api/internal/DefaultDomainObjectCollectionBeanInfo> (0x00000000848c33e0) thrown at [./src/hotspot/share/classfile/systemDictionary.cpp, line 231]
Event: 2.531 Thread 0x00000143c467e800 Exception <a 'java/lang/ClassNotFoundException'{0x00000000848c9618}: java/util/AbstractCollectionBeanInfo> (0x00000000848c9618) thrown at [./src/hotspot/share/classfile/systemDictionary.cpp, line 231]
Event: 2.532 Thread 0x00000143c467e800 Exception <a 'java/lang/ClassNotFoundException'{0x00000000848cfd98}: java/util/AbstractCollectionCustomizer> (0x00000000848cfd98) thrown at [./src/hotspot/share/classfile/systemDictionary.cpp, line 231]
Event: 2.533 Thread 0x00000143c467e800 Exception <a 'java/lang/ClassNotFoundException'{0x0000000084703f28}: org/gradle/api/internal/DefaultDomainObjectCollectionCustomizer> (0x0000000084703f28) thrown at [./src/hotspot/share/classfile/systemDictionary.cpp, line 231]
Event: 2.534 Thread 0x00000143c467e800 Exception <a 'java/lang/ClassNotFoundException'{0x000000008474c810}: org/gradle/api/internal/DefaultNamedDomainObjectCollectionCustomizer> (0x000000008474c810) thrown at [./src/hotspot/share/classfile/systemDictionary.cpp, line 231]
Event: 2.537 Thread 0x00000143c467e800 Exception <a 'java/lang/ClassNotFoundException'{0x00000000847c4ac0}: org/gradle/api/internal/DefaultNamedDomainObjectListCustomizer> (0x00000000847c4ac0) thrown at [./src/hotspot/share/classfile/systemDictionary.cpp, line 231]
Event: 2.538 Thread 0x00000143c467e800 Exception <a 'java/lang/ClassNotFoundException'{0x0000000084619b90}: org/gradle/api/internal/artifacts/DefaultArtifactRepositoryContainerCustomizer> (0x0000000084619b90) thrown at [./src/hotspot/share/classfile/systemDictionary.cpp, line 231]
Event: 2.539 Thread 0x00000143c467e800 Exception <a 'java/lang/ClassNotFoundException'{0x0000000084663db8}: org/gradle/api/internal/artifacts/dsl/DefaultRepositoryHandlerCustomizer> (0x0000000084663db8) thrown at [./src/hotspot/share/classfile/systemDictionary.cpp, line 231]
Event: 2.540 Thread 0x00000143c467e800 Exception <a 'java/lang/ClassNotFoundException'{0x00000000846c1048}: org/gradle/api/internal/artifacts/dsl/DefaultRepositoryHandler_DecoratedCustomizer> (0x00000000846c1048) thrown at [./src/hotspot/share/classfile/systemDictionary.cpp, line 231]
Event: 2.577 Thread 0x00000143c467e800 Exception <a 'java/lang/ClassNotFoundException'{0x00000000841aed38}: org/gradle/initialization/DefaultProjectDescriptorBeanInfo> (0x00000000841aed38) thrown at [./src/hotspot/share/classfile/systemDictionary.cpp, line 231]
Event: 2.577 Thread 0x00000143c467e800 Exception <a 'java/lang/ClassNotFoundException'{0x00000000841d3e70}: org/gradle/initialization/DefaultProjectDescriptorCustomizer> (0x00000000841d3e70) thrown at [./src/hotspot/share/classfile/systemDictionary.cpp, line 231]
Event: 2.579 Thread 0x00000143c467e800 Implicit null exception at 0x00000143b2fd076c to 0x00000143b2fd0814

Events (20 events):
Event: 2.595 loading class org/gradle/api/artifacts/ModuleDependency done
Event: 2.595 loading class org/gradle/api/artifacts/SelfResolvingDependency
Event: 2.595 loading class org/gradle/api/artifacts/SelfResolvingDependency done
Event: 2.596 loading class org/gradle/api/internal/catalog/DefaultDependenciesAccessors
Event: 2.596 loading class org/gradle/api/internal/catalog/DefaultDependenciesAccessors done
Event: 2.598 loading class org/gradle/api/internal/DefaultDomainObjectCollection$IteratorImpl
Event: 2.598 loading class org/gradle/api/internal/DefaultDomainObjectCollection$IteratorImpl done
Event: 2.598 loading class org/gradle/api/internal/catalog/DefaultVersionCatalog
Event: 2.598 loading class org/gradle/api/internal/catalog/DefaultVersionCatalog done
Event: 2.599 loading class org/gradle/api/internal/catalog/DefaultVersionCatalog
Event: 2.599 loading class org/gradle/api/internal/catalog/DefaultVersionCatalog done
Event: 2.599 loading class org/gradle/initialization/NotifyingBuildLoader$2
Event: 2.599 loading class org/gradle/initialization/NotifyingBuildLoader$2 done
Event: 2.599 loading class org/gradle/initialization/NotifyingBuildLoader$2$1
Event: 2.599 loading class org/gradle/initialization/NotifyingBuildLoader$2$1 done
Event: 2.599 loading class org/gradle/initialization/LoadProjectsBuildOperationType$Details
Event: 2.599 loading class org/gradle/initialization/LoadProjectsBuildOperationType$Details done
Event: 2.600 loading class org/gradle/api/internal/project/DefaultProject
Event: 2.600 loading class org/gradle/api/internal/project/DefaultProject done
Event: 2.600 Executing VM operation: G1CollectForAllocation


Dynamic libraries:
0x00007ff78b620000 - 0x00007ff78b62a000 	C:\Program Files\Android\Android Studio\jre\bin\java.exe
0x00007ff99e340000 - 0x00007ff99e547000 	C:\Windows\SYSTEM32\ntdll.dll
0x00007ff99dbf0000 - 0x00007ff99dcad000 	C:\Windows\System32\KERNEL32.DLL
0x00007ff99bba0000 - 0x00007ff99bf14000 	C:\Windows\System32\KERNELBASE.dll
0x00007ff99b9e0000 - 0x00007ff99baf1000 	C:\Windows\System32\ucrtbase.dll
0x00007ff97f770000 - 0x00007ff97f789000 	C:\Program Files\Android\Android Studio\jre\bin\jli.dll
0x00007ff97f0b0000 - 0x00007ff97f0c7000 	C:\Program Files\Android\Android Studio\jre\bin\VCRUNTIME140.dll
0x00007ff99ca60000 - 0x00007ff99cc0c000 	C:\Windows\System32\USER32.dll
0x00007ff98c7e0000 - 0x00007ff98ca85000 	C:\Windows\WinSxS\amd64_microsoft.windows.common-controls_6595b64144ccf1df_6.0.22000.120_none_9d947278b86cc467\COMCTL32.dll
0x00007ff99b9b0000 - 0x00007ff99b9d6000 	C:\Windows\System32\win32u.dll
0x00007ff99c1d0000 - 0x00007ff99c273000 	C:\Windows\System32\msvcrt.dll
0x00007ff99dcb0000 - 0x00007ff99dcd9000 	C:\Windows\System32\GDI32.dll
0x00007ff99b890000 - 0x00007ff99b9a2000 	C:\Windows\System32\gdi32full.dll
0x00007ff99bb00000 - 0x00007ff99bb9d000 	C:\Windows\System32\msvcp_win.dll
0x00007ff99c880000 - 0x00007ff99c8b1000 	C:\Windows\System32\IMM32.DLL
0x00007ff966820000 - 0x00007ff9668bd000 	C:\Program Files\Android\Android Studio\jre\bin\msvcp140.dll
0x00007ff967790000 - 0x00007ff96825f000 	C:\Program Files\Android\Android Studio\jre\bin\server\jvm.dll
0x00007ff99d910000 - 0x00007ff99d9bc000 	C:\Windows\System32\ADVAPI32.dll
0x00007ff99c660000 - 0x00007ff99c6fd000 	C:\Windows\System32\sechost.dll
0x00007ff99c920000 - 0x00007ff99ca41000 	C:\Windows\System32\RPCRT4.dll
0x00007ff99e130000 - 0x00007ff99e138000 	C:\Windows\System32\PSAPI.DLL
0x00007ff998b50000 - 0x00007ff998b59000 	C:\Windows\SYSTEM32\WSOCK32.dll
0x00007ff996060000 - 0x00007ff996093000 	C:\Windows\SYSTEM32\WINMM.dll
0x00007ff9950f0000 - 0x00007ff9950fa000 	C:\Windows\SYSTEM32\VERSION.dll
0x00007ff99da20000 - 0x00007ff99da8f000 	C:\Windows\System32\WS2_32.dll
0x00007ff99a940000 - 0x00007ff99a958000 	C:\Windows\SYSTEM32\kernel.appcore.dll
0x00007ff998b30000 - 0x00007ff998b41000 	C:\Program Files\Android\Android Studio\jre\bin\verify.dll
0x00007ff98eb40000 - 0x00007ff98ed61000 	C:\Windows\SYSTEM32\DBGHELP.DLL
0x00007ff988ea0000 - 0x00007ff988ed1000 	C:\Windows\SYSTEM32\dbgcore.DLL
0x00007ff99bf20000 - 0x00007ff99bf9f000 	C:\Windows\System32\bcryptPrimitives.dll
0x00007ff992a10000 - 0x00007ff992a39000 	C:\Program Files\Android\Android Studio\jre\bin\java.dll
0x00007ff997a50000 - 0x00007ff997a5b000 	C:\Program Files\Android\Android Studio\jre\bin\jimage.dll
0x00007ff9976d0000 - 0x00007ff9976e8000 	C:\Program Files\Android\Android Studio\jre\bin\zip.dll
0x00007ff99cc10000 - 0x00007ff99d3be000 	C:\Windows\System32\SHELL32.dll
0x00007ff9999c0000 - 0x00007ff99a227000 	C:\Windows\SYSTEM32\windows.storage.dll
0x00007ff99ddb0000 - 0x00007ff99e128000 	C:\Windows\System32\combase.dll
0x00007ff999850000 - 0x00007ff9999b6000 	C:\Windows\SYSTEM32\wintypes.dll
0x00007ff99c790000 - 0x00007ff99c87a000 	C:\Windows\System32\SHCORE.dll
0x00007ff99c8c0000 - 0x00007ff99c91d000 	C:\Windows\System32\shlwapi.dll
0x00007ff99b750000 - 0x00007ff99b771000 	C:\Windows\SYSTEM32\profapi.dll
0x00007ff993d10000 - 0x00007ff993d2a000 	C:\Program Files\Android\Android Studio\jre\bin\net.dll
0x00007ff996160000 - 0x00007ff99626c000 	C:\Windows\SYSTEM32\WINHTTP.dll
0x00007ff99ad50000 - 0x00007ff99adb7000 	C:\Windows\system32\mswsock.dll
0x00007ff9929f0000 - 0x00007ff992a04000 	C:\Program Files\Android\Android Studio\jre\bin\nio.dll
0x00007ff98b1a0000 - 0x00007ff98b1c7000 	C:\Users\NeHaL\.gradle\native\8bec1ad78214c89d9ad589b4d07fe93259594b29d510b10fafb7a158f7737e5d\windows-amd64\native-platform.dll
0x00007ff9695d0000 - 0x00007ff96970d000 	C:\Users\NeHaL\.gradle\native\53dbd7edfb1c66fb8903c78663c9afc45aea4f116125fa6feffd364cf09443e8\windows-amd64\native-platform-file-events.dll
0x00007ff994f40000 - 0x00007ff994f4a000 	C:\Program Files\Android\Android Studio\jre\bin\management.dll
0x00007ff993ce0000 - 0x00007ff993cec000 	C:\Program Files\Android\Android Studio\jre\bin\management_ext.dll
0x00007ff99af90000 - 0x00007ff99afa8000 	C:\Windows\SYSTEM32\CRYPTSP.dll
0x00007ff99a8a0000 - 0x00007ff99a8d5000 	C:\Windows\system32\rsaenh.dll
0x00007ff99ae40000 - 0x00007ff99ae69000 	C:\Windows\SYSTEM32\USERENV.dll
0x00007ff99b110000 - 0x00007ff99b137000 	C:\Windows\SYSTEM32\bcrypt.dll
0x00007ff99afb0000 - 0x00007ff99afbc000 	C:\Windows\SYSTEM32\CRYPTBASE.dll
0x00007ff99a480000 - 0x00007ff99a4ad000 	C:\Windows\SYSTEM32\IPHLPAPI.DLL
0x00007ff99db70000 - 0x00007ff99db79000 	C:\Windows\System32\NSI.dll
0x00007ff995a40000 - 0x00007ff995a59000 	C:\Windows\SYSTEM32\dhcpcsvc6.DLL
0x00007ff996d30000 - 0x00007ff996d4e000 	C:\Windows\SYSTEM32\dhcpcsvc.DLL
0x00007ff99a4b0000 - 0x00007ff99a597000 	C:\Windows\SYSTEM32\DNSAPI.dll

dbghelp: loaded successfully - version: 4.0.5 - missing functions: none
symbol engine: initialized successfully - sym options: 0x614 - pdb path: .;C:\Program Files\Android\Android Studio\jre\bin;C:\Windows\SYSTEM32;C:\Windows\WinSxS\amd64_microsoft.windows.common-controls_6595b64144ccf1df_6.0.22000.120_none_9d947278b86cc467;C:\Program Files\Android\Android Studio\jre\bin\server;C:\Users\NeHaL\.gradle\native\8bec1ad78214c89d9ad589b4d07fe93259594b29d510b10fafb7a158f7737e5d\windows-amd64;C:\Users\NeHaL\.gradle\native\53dbd7edfb1c66fb8903c78663c9afc45aea4f116125fa6feffd364cf09443e8\windows-amd64

VM Arguments:
jvm_args: --add-opens=java.base/java.util=ALL-UNNAMED --add-opens=java.base/java.lang=ALL-UNNAMED --add-opens=java.base/java.lang.invoke=ALL-UNNAMED --add-opens=java.base/java.util=ALL-UNNAMED --add-opens=java.prefs/java.util.prefs=ALL-UNNAMED --add-opens=java.prefs/java.util.prefs=ALL-UNNAMED --add-opens=java.base/java.nio.charset=ALL-UNNAMED --add-opens=java.base/java.net=ALL-UNNAMED --add-opens=java.base/java.util.concurrent.atomic=ALL-UNNAMED -Xmx2048m -Dfile.encoding=UTF-8 -Duser.country=IN -Duser.language=en -Duser.variant 
java_command: org.gradle.launcher.daemon.bootstrap.GradleDaemon 7.0.2
java_class_path (initial): C:\Users\NeHaL\.gradle\wrapper\dists\gradle-7.0.2-bin\857tjihv64xamwrf0h14cai3r\gradle-7.0.2\lib\gradle-launcher-7.0.2.jar
Launcher Type: SUN_STANDARD

[Global flags]
     intx CICompilerCount                          = 4                                         {product} {ergonomic}
     uint ConcGCThreads                            = 3                                         {product} {ergonomic}
     uint G1ConcRefinementThreads                  = 10                                        {product} {ergonomic}
   size_t G1HeapRegionSize                         = 1048576                                   {product} {ergonomic}
    uintx GCDrainStackTargetSize                   = 64                                        {product} {ergonomic}
   size_t InitialHeapSize                          = 134217728                                 {product} {ergonomic}
   size_t MarkStackSize                            = 4194304                                   {product} {ergonomic}
   size_t MaxHeapSize                              = 2147483648                                {product} {command line}
   size_t MaxNewSize                               = 1287651328                                {product} {ergonomic}
   size_t MinHeapDeltaBytes                        = 1048576                                   {product} {ergonomic}
    uintx NonNMethodCodeHeapSize                   = 5836300                                {pd product} {ergonomic}
    uintx NonProfiledCodeHeapSize                  = 122910970                              {pd product} {ergonomic}
    uintx ProfiledCodeHeapSize                     = 122910970                              {pd product} {ergonomic}
    uintx ReservedCodeCacheSize                    = 251658240                              {pd product} {ergonomic}
     bool SegmentedCodeCache                       = true                                      {product} {ergonomic}
     bool UseCompressedClassPointers               = true                                 {lp64_product} {ergonomic}
     bool UseCompressedOops                        = true                                 {lp64_product} {ergonomic}
     bool UseG1GC                                  = true                                      {product} {ergonomic}
     bool UseLargePagesIndividualAllocation        = false                                  {pd product} {ergonomic}

Logging:
Log output configuration:
 #0: stdout all=warning uptime,level,tags
 #1: stderr all=off uptime,level,tags

Environment Variables:
PATH=C:\Program Files (x86)\Common Files\Intel\Shared Libraries\redist\intel64\compiler;C:\Program Files\Common Files\Oracle\Java\javapath;C:\Windows\system32;C:\Windows;C:\Windows\System32\Wbem;C:\Windows\System32\WindowsPowerShell\v1.0\;C:\Windows\System32\OpenSSH\;C:\Program Files\NVIDIA Corporation\NVIDIA NvDLISR;C:\Program Files (x86)\NVIDIA Corporation\PhysX\Common;C:\Program Files\nodejs\;C:\ProgramData\chocolatey\bin;C:\Program Files\Git\cmd;C:\Program Files\Cloudflare\Cloudflare WARP;C:\Users\NeHaL\AppData\Local\Microsoft\WindowsApps;C:\Program Files\JetBrains\IntelliJ IDEA Community Edition 2021.2.2\bin;;C:\Program Files\JetBrains\PyCharm Community Edition 2021.2.2\bin;;C:\Users\NeHaL\AppData\Local\Programs\Microsoft VS Code\bin;C:\Users\NeHaL\AppData\Roaming\npm;C:\Program Files\MongoDB\Server\5.0\bin;
USERNAME=NeHaL
OS=Windows_NT
PROCESSOR_IDENTIFIER=AMD64 Family 23 Model 113 Stepping 0, AuthenticAMD



---------------  S Y S T E M  ---------------

OS: Windows 10 , 64 bit Build 22000 (10.0.22000.318)
OS uptime: 0 days 0:40 hours

CPU:total 12 (initial active 12) (12 cores per cpu, 2 threads per core) family 23 model 113 stepping 0 microcode 0x0, cmov, cx8, fxsr, mmx, sse, sse2, sse3, ssse3, sse4.1, sse4.2, popcnt, avx, avx2, aes, clmul, mmxext, 3dnowpref, lzcnt, sse4a, ht, tsc, tscinvbit, tscinv, bmi1, bmi2, adx,

Memory: 4k page, system-wide physical 8144M (1868M free)
TotalPageFile size 8144M (AvailPageFile size 17M)
current process WorkingSet (physical memory assigned to process): 266M, peak: 266M
current process commit charge ("private bytes"): 327M, peak: 353M

vm_info: OpenJDK 64-Bit Server VM (11.0.10+0-b96-7249189) for windows-amd64 JRE (11.0.10+0-b96-7249189), built on Mar 31 2021 21:44:00 by "builder" with MS VC++ 14.0 (VS2015)

END.
