#
# There is insufficient memory for the Java Runtime Environment to continue.
# Native memory allocation (mmap) failed to map 32505856 bytes for Failed to commit area from 0x0000000089a00000 to 0x000000008b900000 of length 32505856.
# Possible reasons:
#   The system is out of physical RAM or swap space
#   The process is running with CompressedOops enabled, and the Java Heap may be blocking the growth of the native heap
# Possible solutions:
#   Reduce memory load on the system
#   Increase physical memory or swap space
#   Check if swap backing store is full
#   Decrease Java heap size (-Xmx/-Xms)
#   Decrease number of Java threads
#   Decrease Java thread stack sizes (-Xss)
#   Set larger code cache with -XX:ReservedCodeCacheSize=
#   JVM is running with Unscaled Compressed Oops mode in which the Java heap is
#     placed in the first 4GB address space. The Java Heap base address is the
#     maximum limit for the native heap growth. Please use -XX:HeapBaseMinAddress
#     to set the Java Heap base and to place the Java Heap above 4GB virtual address.
# This output file may be truncated or incomplete.
#
#  Out of Memory Error (./src/hotspot/os/windows/os_windows.cpp:3301), pid=6148, tid=2928
#
# JRE version: OpenJDK Runtime Environment (11.0.10) (build 11.0.10+0-b96-7249189)
# Java VM: OpenJDK 64-Bit Server VM (11.0.10+0-b96-7249189, mixed mode, tiered, compressed oops, g1 gc, windows-amd64)
# No core dump will be written. Minidumps are not enabled by default on client versions of Windows
#

---------------  S U M M A R Y ------------

Command Line: --add-opens=java.base/java.util=ALL-UNNAMED --add-opens=java.base/java.lang=ALL-UNNAMED --add-opens=java.base/java.lang.invoke=ALL-UNNAMED --add-opens=java.base/java.util=ALL-UNNAMED --add-opens=java.prefs/java.util.prefs=ALL-UNNAMED --add-opens=java.prefs/java.util.prefs=ALL-UNNAMED --add-opens=java.base/java.nio.charset=ALL-UNNAMED --add-opens=java.base/java.net=ALL-UNNAMED --add-opens=java.base/java.util.concurrent.atomic=ALL-UNNAMED -Xmx2048m -Dfile.encoding=UTF-8 -Duser.country=IN -Duser.language=en -Duser.variant org.gradle.launcher.daemon.bootstrap.GradleDaemon 7.0.2

Host: AMD Ryzen 5 3600 6-Core Processor              , 12 cores, 7G,  Windows 10 , 64 bit Build 22000 (10.0.22000.318)
Time: Mon Dec 27 23:36:24 2021 India Standard Time elapsed time: 4.272887 seconds (0d 0h 0m 4s)

---------------  T H R E A D  ---------------

Current thread (0x000001d87a1bb000):  VMThread "VM Thread" [stack: 0x0000003e67300000,0x0000003e67400000] [id=2928]

Stack: [0x0000003e67300000,0x0000003e67400000]
[error occurred during error reporting (printing stack bounds), id 0xc0000005, EXCEPTION_ACCESS_VIOLATION (0xc0000005) at pc=0x000001d800000f2d]

Native frames: (J=compiled Java code, j=interpreted, Vv=VM code, C=native code)
V  [jvm.dll+0x5ecfaa]
V  [jvm.dll+0x722bd5]
V  [jvm.dll+0x72412d]
V  [jvm.dll+0x724745]
V  [jvm.dll+0x7246fb]
V  [jvm.dll+0x5ec348]
V  [jvm.dll+0x5ecad8]
C  [ntdll.dll+0xa82ff]
C  [ntdll.dll+0x35a0a]
C  [ntdll.dll+0xa730e]
C  0x000001d800000f2d

VM_Operation (0x0000003e687f4bf0): G1CollectForAllocation, mode: safepoint, requested by thread 0x000001d87ca8a000


---------------  P R O C E S S  ---------------

Threads class SMR info:
_java_thread_list=0x000001d811700840, length=60, elements={
0x000001d86e8ff000, 0x000001d87a1bd000, 0x000001d87a1c0000, 0x000001d87a1db000,
0x000001d87a1dd000, 0x000001d87a1de000, 0x000001d87a1df000, 0x000001d87a1e4800,
0x000001d87ab3a800, 0x000001d87ac8e000, 0x000001d87c02c800, 0x000001d87be83000,
0x000001d87cfc7000, 0x000001d87b778800, 0x000001d87c65f000, 0x000001d87cd05800,
0x000001d87ca89000, 0x000001d87ca8a000, 0x000001d87d39c800, 0x000001d87cede000,
0x000001d87cc52800, 0x000001d87cc52000, 0x000001d87cc4e000, 0x000001d87cc54800,
0x000001d87cc53800, 0x000001d87cc4e800, 0x000001d87cc4f800, 0x000001d87cc50800,
0x000001d87cc51000, 0x000001d80f5d5800, 0x000001d80f5d6000, 0x000001d80f5d7000,
0x000001d80f5d8000, 0x000001d80f5d2000, 0x000001d80f5d8800, 0x000001d80f5dc000,
0x000001d80f5dd000, 0x000001d80f5de800, 0x000001d80f5df000, 0x000001d80f5d9800,
0x000001d80f5e0000, 0x000001d80f5da800, 0x000001d80f5e1000, 0x000001d80f5db000,
0x000001d87e350800, 0x000001d87e351800, 0x000001d87e355000, 0x000001d87e355800,
0x000001d87e354000, 0x000001d87e356800, 0x000001d87e353000, 0x000001d87e357800,
0x000001d87e358000, 0x000001d87e352800, 0x000001d87e35e000, 0x000001d87e35a800,
0x000001d87e35b800, 0x000001d87e359000, 0x000001d87e35c000, 0x000001d87e35e800
}

Java Threads: ( => current thread )
  0x000001d86e8ff000 JavaThread "main" [_thread_blocked, id=13664, stack(0x0000003e66d00000,0x0000003e66e00000)]
  0x000001d87a1bd000 JavaThread "Reference Handler" daemon [_thread_blocked, id=7148, stack(0x0000003e67400000,0x0000003e67500000)]
  0x000001d87a1c0000 JavaThread "Finalizer" daemon [_thread_blocked, id=8128, stack(0x0000003e67500000,0x0000003e67600000)]
  0x000001d87a1db000 JavaThread "Signal Dispatcher" daemon [_thread_blocked, id=11788, stack(0x0000003e67600000,0x0000003e67700000)]
  0x000001d87a1dd000 JavaThread "Attach Listener" daemon [_thread_blocked, id=3148, stack(0x0000003e67700000,0x0000003e67800000)]
  0x000001d87a1de000 JavaThread "Service Thread" daemon [_thread_blocked, id=12200, stack(0x0000003e67800000,0x0000003e67900000)]
  0x000001d87a1df000 JavaThread "C2 CompilerThread0" daemon [_thread_blocked, id=15172, stack(0x0000003e67900000,0x0000003e67a00000)]
  0x000001d87a1e4800 JavaThread "C1 CompilerThread0" daemon [_thread_blocked, id=10556, stack(0x0000003e67a00000,0x0000003e67b00000)]
  0x000001d87ab3a800 JavaThread "Sweeper thread" daemon [_thread_blocked, id=14948, stack(0x0000003e67b00000,0x0000003e67c00000)]
  0x000001d87ac8e000 JavaThread "Common-Cleaner" daemon [_thread_blocked, id=10744, stack(0x0000003e67c00000,0x0000003e67d00000)]
  0x000001d87c02c800 JavaThread "Daemon health stats" [_thread_blocked, id=10712, stack(0x0000003e68200000,0x0000003e68300000)]
  0x000001d87be83000 JavaThread "Incoming local TCP Connector on port 52665" [_thread_in_native, id=15208, stack(0x0000003e67e00000,0x0000003e67f00000)]
  0x000001d87cfc7000 JavaThread "Daemon periodic checks" [_thread_blocked, id=1312, stack(0x0000003e67f00000,0x0000003e68000000)]
  0x000001d87b778800 JavaThread "Daemon" [_thread_blocked, id=14040, stack(0x0000003e68300000,0x0000003e68400000)]
  0x000001d87c65f000 JavaThread "Handler for socket connection from /127.0.0.1:52665 to /127.0.0.1:52666" [_thread_in_native, id=2084, stack(0x0000003e68400000,0x0000003e68500000)]
  0x000001d87cd05800 JavaThread "C2 CompilerThread1" daemon [_thread_blocked, id=6836, stack(0x0000003e68500000,0x0000003e68600000)]
  0x000001d87ca89000 JavaThread "Cancel handler" [_thread_blocked, id=14380, stack(0x0000003e68600000,0x0000003e68700000)]
  0x000001d87ca8a000 JavaThread "Daemon worker" [_thread_blocked, id=6332, stack(0x0000003e68700000,0x0000003e68800000)]
  0x000001d87d39c800 JavaThread "Asynchronous log dispatcher for DefaultDaemonConnection: socket connection from /127.0.0.1:52665 to /127.0.0.1:52666" [_thread_blocked, id=3548, stack(0x0000003e68800000,0x0000003e68900000)]
  0x000001d87cede000 JavaThread "Stdin handler" [_thread_blocked, id=5072, stack(0x0000003e68900000,0x0000003e68a00000)]
  0x000001d87cc52800 JavaThread "Daemon client event forwarder" [_thread_blocked, id=1576, stack(0x0000003e68a00000,0x0000003e68b00000)]
  0x000001d87cc52000 JavaThread "Cache worker for file hash cache (C:\Users\NeHaL\.gradle\caches\7.0.2\fileHashes)" [_thread_blocked, id=8312, stack(0x0000003e69200000,0x0000003e69300000)]
  0x000001d87cc4e000 JavaThread "File lock request listener" [_thread_in_native, id=12336, stack(0x0000003e69300000,0x0000003e69400000)]
  0x000001d87cc54800 JavaThread "Cache worker for journal cache (C:\Users\NeHaL\.gradle\caches\journal-1)" [_thread_blocked, id=1724, stack(0x0000003e69600000,0x0000003e69700000)]
  0x000001d87cc53800 JavaThread "Cache worker for file hash cache (C:\Users\NeHaL\AndroidStudioProjects\SmartTourApp\.gradle\7.0.2\fileHashes)" [_thread_blocked, id=15080, stack(0x0000003e69700000,0x0000003e69800000)]
  0x000001d87cc4e800 JavaThread "File watcher server" daemon [_thread_in_native, id=9540, stack(0x0000003e69800000,0x0000003e69900000)]
  0x000001d87cc4f800 JavaThread "File watcher consumer" daemon [_thread_blocked, id=12388, stack(0x0000003e69900000,0x0000003e69a00000)]
  0x000001d87cc50800 JavaThread "Cache worker for checksums cache (C:\Users\NeHaL\AndroidStudioProjects\SmartTourApp\.gradle\checksums)" [_thread_blocked, id=14784, stack(0x0000003e69a00000,0x0000003e69b00000)]
  0x000001d87cc51000 JavaThread "Cache worker for cache directory md-supplier (C:\Users\NeHaL\.gradle\caches\7.0.2\md-supplier)" [_thread_blocked, id=1548, stack(0x0000003e69b00000,0x0000003e69c00000)]
  0x000001d80f5d5800 JavaThread "Cache worker for cache directory md-rule (C:\Users\NeHaL\.gradle\caches\7.0.2\md-rule)" [_thread_blocked, id=1108, stack(0x0000003e69c00000,0x0000003e69d00000)]
  0x000001d80f5d6000 JavaThread "C2 CompilerThread2" daemon [_thread_in_native, id=8724, stack(0x0000003e69d00000,0x0000003e69e00000)]
  0x000001d80f5d7000 JavaThread "Cache worker for execution history cache (C:\Users\NeHaL\.gradle\caches\7.0.2\executionHistory)" [_thread_blocked, id=2176, stack(0x0000003e69e00000,0x0000003e69f00000)]
  0x000001d80f5d8000 JavaThread "jar transforms" [_thread_blocked, id=13628, stack(0x0000003e69f00000,0x0000003e6a000000)]
  0x000001d80f5d2000 JavaThread "jar transforms Thread 2" [_thread_blocked, id=14564, stack(0x0000003e6a000000,0x0000003e6a100000)]
  0x000001d80f5d8800 JavaThread "Cache worker for file content cache (C:\Users\NeHaL\.gradle\caches\7.0.2\fileContent)" [_thread_blocked, id=11064, stack(0x0000003e6a100000,0x0000003e6a200000)]
  0x000001d80f5dc000 JavaThread "Cache worker for dependencies-accessors (C:\Users\NeHaL\AndroidStudioProjects\SmartTourApp\.gradle\7.0.2\dependencies-accessors)" [_thread_blocked, id=5552, stack(0x0000003e6a200000,0x0000003e6a300000)]
  0x000001d80f5dd000 JavaThread "jar transforms Thread 3" [_thread_blocked, id=8892, stack(0x0000003e6a300000,0x0000003e6a400000)]
  0x000001d80f5de800 JavaThread "Cache worker for Build Output Cleanup Cache (C:\Users\NeHaL\AndroidStudioProjects\SmartTourApp\.gradle\buildOutputCleanup)" [_thread_blocked, id=12128, stack(0x0000003e6a400000,0x0000003e6a500000)]
  0x000001d80f5df000 JavaThread "Build operations" [_thread_blocked, id=13284, stack(0x0000003e6a500000,0x0000003e6a600000)]
  0x000001d80f5d9800 JavaThread "Build operations Thread 2" [_thread_blocked, id=5972, stack(0x0000003e6a600000,0x0000003e6a700000)]
  0x000001d80f5e0000 JavaThread "Build operations Thread 3" [_thread_blocked, id=11772, stack(0x0000003e6a700000,0x0000003e6a800000)]
  0x000001d80f5da800 JavaThread "Build operations Thread 4" [_thread_blocked, id=6020, stack(0x0000003e6a800000,0x0000003e6a900000)]
  0x000001d80f5e1000 JavaThread "Build operations Thread 5" [_thread_blocked, id=1236, stack(0x0000003e6a900000,0x0000003e6aa00000)]
  0x000001d80f5db000 JavaThread "Build operations Thread 6" [_thread_blocked, id=11200, stack(0x0000003e6aa00000,0x0000003e6ab00000)]
  0x000001d87e350800 JavaThread "Build operations Thread 7" [_thread_blocked, id=13228, stack(0x0000003e6ab00000,0x0000003e6ac00000)]
  0x000001d87e351800 JavaThread "Build operations Thread 8" [_thread_blocked, id=14796, stack(0x0000003e6ac00000,0x0000003e6ad00000)]
  0x000001d87e355000 JavaThread "Build operations Thread 9" [_thread_blocked, id=1380, stack(0x0000003e6ad00000,0x0000003e6ae00000)]
  0x000001d87e355800 JavaThread "Build operations Thread 10" [_thread_blocked, id=11544, stack(0x0000003e6ae00000,0x0000003e6af00000)]
  0x000001d87e354000 JavaThread "Build operations Thread 11" [_thread_blocked, id=15064, stack(0x0000003e6af00000,0x0000003e6b000000)]
  0x000001d87e356800 JavaThread "Build operations Thread 12" [_thread_blocked, id=14272, stack(0x0000003e6b000000,0x0000003e6b100000)]
  0x000001d87e353000 JavaThread "jar transforms Thread 4" [_thread_blocked, id=6660, stack(0x0000003e6b100000,0x0000003e6b200000)]
  0x000001d87e357800 JavaThread "jar transforms Thread 5" [_thread_blocked, id=14512, stack(0x0000003e6b200000,0x0000003e6b300000)]
  0x000001d87e358000 JavaThread "jar transforms Thread 6" [_thread_blocked, id=12856, stack(0x0000003e6b300000,0x0000003e6b400000)]
  0x000001d87e352800 JavaThread "jar transforms Thread 7" [_thread_blocked, id=12952, stack(0x0000003e6b400000,0x0000003e6b500000)]
  0x000001d87e35e000 JavaThread "jar transforms Thread 8" [_thread_blocked, id=9056, stack(0x0000003e6b500000,0x0000003e6b600000)]
  0x000001d87e35a800 JavaThread "jar transforms Thread 9" [_thread_blocked, id=9504, stack(0x0000003e6b600000,0x0000003e6b700000)]
  0x000001d87e35b800 JavaThread "jar transforms Thread 10" [_thread_blocked, id=12984, stack(0x0000003e6b700000,0x0000003e6b800000)]
  0x000001d87e359000 JavaThread "jar transforms Thread 11" [_thread_blocked, id=1608, stack(0x0000003e6b800000,0x0000003e6b900000)]
  0x000001d87e35c000 JavaThread "jar transforms Thread 12" [_thread_blocked, id=6748, stack(0x0000003e6b900000,0x0000003e6ba00000)]
  0x000001d87e35e800 JavaThread "Memory manager" [_thread_blocked, id=8124, stack(0x0000003e6ba00000,0x0000003e6bb00000)]

Other Threads:
=>0x000001d87a1bb000 VMThread "VM Thread" [stack: 0x0000003e67300000,0x0000003e67400000] [id=2928]
  0x000001d87acba800 WatcherThread [stack: 0x0000003e67d00000,0x0000003e67e00000] [id=11624]
  0x000001d86e916800 GCTaskThread "GC Thread#0" [stack: 0x0000003e66e00000,0x0000003e66f00000] [id=13216]
  0x000001d87be38800 GCTaskThread "GC Thread#1" [stack: 0x0000003e68000000,0x0000003e68100000] [id=3284]
  0x000001d87b9f2800 GCTaskThread "GC Thread#2" [stack: 0x0000003e68100000,0x0000003e68200000] [id=12680]
  0x000001d87b7ce000 GCTaskThread "GC Thread#3" [stack: 0x0000003e68b00000,0x0000003e68c00000] [id=13440]
  0x000001d87d4af000 GCTaskThread "GC Thread#4" [stack: 0x0000003e68c00000,0x0000003e68d00000] [id=15308]
  0x000001d87d4af800 GCTaskThread "GC Thread#5" [stack: 0x0000003e68d00000,0x0000003e68e00000] [id=3164]
  0x000001d87cbbf800 GCTaskThread "GC Thread#6" [stack: 0x0000003e68e00000,0x0000003e68f00000] [id=5264]
  0x000001d87cbc0800 GCTaskThread "GC Thread#7" [stack: 0x0000003e68f00000,0x0000003e69000000] [id=5244]
  0x000001d87c448800 GCTaskThread "GC Thread#8" [stack: 0x0000003e69000000,0x0000003e69100000] [id=7548]
  0x000001d87c449000 GCTaskThread "GC Thread#9" [stack: 0x0000003e69100000,0x0000003e69200000] [id=13436]
  0x000001d86e94c800 ConcurrentGCThread "G1 Main Marker" [stack: 0x0000003e66f00000,0x0000003e67000000] [id=7772]
  0x000001d86e94d800 ConcurrentGCThread "G1 Conc#0" [stack: 0x0000003e67000000,0x0000003e67100000] [id=14596]
  0x000001d87c210800 ConcurrentGCThread "G1 Conc#1" [stack: 0x0000003e69400000,0x0000003e69500000] [id=7172]
  0x000001d87b2ac800 ConcurrentGCThread "G1 Conc#2" [stack: 0x0000003e69500000,0x0000003e69600000] [id=10740]
  0x000001d86e9d7800 ConcurrentGCThread "G1 Refine#0" [stack: 0x0000003e67100000,0x0000003e67200000] [id=10904]
  0x000001d87a012800 ConcurrentGCThread "G1 Young RemSet Sampling" [stack: 0x0000003e67200000,0x0000003e67300000] [id=7340]

Threads with active compile tasks:
C2 CompilerThread0   4279 6041       4       java.util.regex.Pattern::closure (365 bytes)
C2 CompilerThread1   4279 6007       4       java.util.LinkedHashMap$LinkedEntryIterator::next (5 bytes)
C2 CompilerThread2   4279 5983       4       java.util.regex.Pattern::compile (498 bytes)

VM state:at safepoint (normal execution)

VM Mutex/Monitor currently owned by a thread:  ([mutex/lock_event])
[0x000001d86e8fc4a0] Threads_lock - owner thread: 0x000001d87a1bb000
[0x000001d86e8fb600] Heap_lock - owner thread: 0x000001d87ca8a000

Heap address: 0x0000000080000000, size: 2048 MB, Compressed Oops mode: 32-bit
Narrow klass base: 0x0000000000000000, Narrow klass shift: 3
Compressed class space size: 1073741824 Address: 0x0000000100000000

Heap:
 garbage-first heap   total 189440K, used 49460K [0x0000000080000000, 0x0000000100000000)
  region size 1024K, 6 young (6144K), 6 survivors (6144K)
 Metaspace       used 62946K, capacity 64524K, committed 64896K, reserved 1105920K
  class space    used 8006K, capacity 8563K, committed 8652K, reserved 1048576K
Heap Regions: E=young(eden), S=young(survivor), O=old, HS=humongous(starts), HC=humongous(continues), CS=collection set, F=free, A=archive, TAMS=top-at-mark-start (previous, next)
|   0|0x0000000080000000, 0x0000000080100000, 0x0000000080100000|100%| O|  |TAMS 0x0000000080100000, 0x0000000080100000| Untracked 
|   1|0x0000000080100000, 0x0000000080200000, 0x0000000080200000|100%| O|  |TAMS 0x0000000080200000, 0x0000000080200000| Untracked 
|   2|0x0000000080200000, 0x0000000080300000, 0x0000000080300000|100%| O|  |TAMS 0x0000000080300000, 0x0000000080300000| Untracked 
|   3|0x0000000080300000, 0x0000000080400000, 0x0000000080400000|100%|HS|  |TAMS 0x0000000080400000, 0x0000000080400000| Complete 
|   4|0x0000000080400000, 0x0000000080500000, 0x0000000080500000|100%|HC|  |TAMS 0x0000000080500000, 0x0000000080500000| Complete 
|   5|0x0000000080500000, 0x0000000080600000, 0x0000000080600000|100%|HC|  |TAMS 0x0000000080600000, 0x0000000080600000| Complete 
|   6|0x0000000080600000, 0x0000000080700000, 0x0000000080700000|100%| O|  |TAMS 0x0000000080700000, 0x0000000080700000| Untracked 
|   7|0x0000000080700000, 0x0000000080800000, 0x0000000080800000|100%| O|  |TAMS 0x0000000080800000, 0x0000000080800000| Untracked 
|   8|0x0000000080800000, 0x0000000080900000, 0x0000000080900000|100%| O|  |TAMS 0x0000000080900000, 0x0000000080900000| Untracked 
|   9|0x0000000080900000, 0x0000000080a00000, 0x0000000080a00000|100%| O|  |TAMS 0x0000000080a00000, 0x0000000080a00000| Untracked 
|  10|0x0000000080a00000, 0x0000000080b00000, 0x0000000080b00000|100%| O|  |TAMS 0x0000000080b00000, 0x0000000080b00000| Untracked 
|  11|0x0000000080b00000, 0x0000000080c00000, 0x0000000080c00000|100%| O|  |TAMS 0x0000000080c00000, 0x0000000080c00000| Untracked 
|  12|0x0000000080c00000, 0x0000000080d00000, 0x0000000080d00000|100%| O|  |TAMS 0x0000000080d00000, 0x0000000080d00000| Untracked 
|  13|0x0000000080d00000, 0x0000000080e00000, 0x0000000080e00000|100%| O|  |TAMS 0x0000000080e00000, 0x0000000080e00000| Untracked 
|  14|0x0000000080e00000, 0x0000000080f00000, 0x0000000080f00000|100%| O|  |TAMS 0x0000000080f00000, 0x0000000080f00000| Untracked 
|  15|0x0000000080f00000, 0x0000000081000000, 0x0000000081000000|100%| O|  |TAMS 0x0000000081000000, 0x0000000081000000| Untracked 
|  16|0x0000000081000000, 0x0000000081100000, 0x0000000081100000|100%| O|  |TAMS 0x0000000081100000, 0x0000000081100000| Untracked 
|  17|0x0000000081100000, 0x0000000081200000, 0x0000000081200000|100%| O|  |TAMS 0x0000000081200000, 0x0000000081200000| Untracked 
|  18|0x0000000081200000, 0x0000000081300000, 0x0000000081300000|100%| O|  |TAMS 0x0000000081300000, 0x0000000081300000| Untracked 
|  19|0x0000000081300000, 0x0000000081400000, 0x0000000081400000|100%| O|  |TAMS 0x0000000081400000, 0x0000000081400000| Untracked 
|  20|0x0000000081400000, 0x0000000081500000, 0x0000000081500000|100%| O|  |TAMS 0x0000000081500000, 0x0000000081500000| Untracked 
|  21|0x0000000081500000, 0x0000000081600000, 0x0000000081600000|100%| O|  |TAMS 0x0000000081600000, 0x0000000081600000| Untracked 
|  22|0x0000000081600000, 0x0000000081700000, 0x0000000081700000|100%| O|  |TAMS 0x0000000081700000, 0x0000000081700000| Untracked 
|  23|0x0000000081700000, 0x0000000081800000, 0x0000000081800000|100%| O|  |TAMS 0x0000000081800000, 0x0000000081800000| Untracked 
|  24|0x0000000081800000, 0x0000000081900000, 0x0000000081900000|100%| O|  |TAMS 0x0000000081900000, 0x0000000081900000| Untracked 
|  25|0x0000000081900000, 0x0000000081a00000, 0x0000000081a00000|100%| O|  |TAMS 0x0000000081a00000, 0x0000000081a00000| Untracked 
|  26|0x0000000081a00000, 0x0000000081b00000, 0x0000000081b00000|100%|HS|  |TAMS 0x0000000081b00000, 0x0000000081b00000| Complete 
|  27|0x0000000081b00000, 0x0000000081c00000, 0x0000000081c00000|100%|HS|  |TAMS 0x0000000081c00000, 0x0000000081c00000| Complete 
|  28|0x0000000081c00000, 0x0000000081d00000, 0x0000000081d00000|100%|HS|  |TAMS 0x0000000081d00000, 0x0000000081d00000| Complete 
|  29|0x0000000081d00000, 0x0000000081e00000, 0x0000000081e00000|100%|HC|  |TAMS 0x0000000081e00000, 0x0000000081e00000| Complete 
|  30|0x0000000081e00000, 0x0000000081f00000, 0x0000000081f00000|100%| O|  |TAMS 0x0000000081f00000, 0x0000000081f00000| Untracked 
|  31|0x0000000081f00000, 0x0000000082000000, 0x0000000082000000|100%| O|  |TAMS 0x0000000082000000, 0x0000000082000000| Untracked 
|  32|0x0000000082000000, 0x0000000082100000, 0x0000000082100000|100%| O|  |TAMS 0x0000000082100000, 0x0000000082100000| Untracked 
|  33|0x0000000082100000, 0x0000000082200000, 0x0000000082200000|100%| O|  |TAMS 0x0000000082200000, 0x0000000082200000| Untracked 
|  34|0x0000000082200000, 0x0000000082300000, 0x0000000082300000|100%| O|  |TAMS 0x0000000082300000, 0x0000000082300000| Untracked 
|  35|0x0000000082300000, 0x0000000082400000, 0x0000000082400000|100%| O|  |TAMS 0x0000000082400000, 0x0000000082400000| Untracked 
|  36|0x0000000082400000, 0x0000000082500000, 0x0000000082500000|100%| O|  |TAMS 0x0000000082500000, 0x0000000082500000| Untracked 
|  37|0x0000000082500000, 0x0000000082600000, 0x0000000082600000|100%| O|  |TAMS 0x0000000082600000, 0x0000000082600000| Untracked 
|  38|0x0000000082600000, 0x0000000082700000, 0x0000000082700000|100%| O|  |TAMS 0x0000000082700000, 0x0000000082700000| Untracked 
|  39|0x0000000082700000, 0x0000000082800000, 0x0000000082800000|100%| O|  |TAMS 0x0000000082800000, 0x0000000082800000| Untracked 
|  40|0x0000000082800000, 0x0000000082900000, 0x0000000082900000|100%| O|  |TAMS 0x0000000082900000, 0x0000000082900000| Untracked 
|  41|0x0000000082900000, 0x0000000082a00000, 0x0000000082a00000|100%| O|  |TAMS 0x0000000082a00000, 0x0000000082a00000| Untracked 
|  42|0x0000000082a00000, 0x0000000082a9ca00, 0x0000000082b00000| 61%| O|  |TAMS 0x0000000082a9ca00, 0x0000000082a9ca00| Untracked 
|  43|0x0000000082b00000, 0x0000000082b00000, 0x0000000082c00000|  0%| F|  |TAMS 0x0000000082b00000, 0x0000000082b00000| Untracked 
|  44|0x0000000082c00000, 0x0000000082c00000, 0x0000000082d00000|  0%| F|  |TAMS 0x0000000082c00000, 0x0000000082c00000| Untracked 
|  45|0x0000000082d00000, 0x0000000082d00000, 0x0000000082e00000|  0%| F|  |TAMS 0x0000000082d00000, 0x0000000082d00000| Untracked 
|  46|0x0000000082e00000, 0x0000000082e00000, 0x0000000082f00000|  0%| F|  |TAMS 0x0000000082e00000, 0x0000000082e00000| Untracked 
|  47|0x0000000082f00000, 0x0000000082f00000, 0x0000000083000000|  0%| F|  |TAMS 0x0000000082f00000, 0x0000000082f00000| Untracked 
|  48|0x0000000083000000, 0x0000000083000000, 0x0000000083100000|  0%| F|  |TAMS 0x0000000083000000, 0x0000000083000000| Untracked 
|  49|0x0000000083100000, 0x0000000083100000, 0x0000000083200000|  0%| F|  |TAMS 0x0000000083100000, 0x0000000083100000| Untracked 
|  50|0x0000000083200000, 0x0000000083200000, 0x0000000083300000|  0%| F|  |TAMS 0x0000000083200000, 0x0000000083200000| Untracked 
|  51|0x0000000083300000, 0x0000000083300000, 0x0000000083400000|  0%| F|  |TAMS 0x0000000083300000, 0x0000000083300000| Untracked 
|  52|0x0000000083400000, 0x0000000083400000, 0x0000000083500000|  0%| F|  |TAMS 0x0000000083400000, 0x0000000083400000| Untracked 
|  53|0x0000000083500000, 0x0000000083500000, 0x0000000083600000|  0%| F|  |TAMS 0x0000000083500000, 0x0000000083500000| Untracked 
|  54|0x0000000083600000, 0x0000000083600000, 0x0000000083700000|  0%| F|  |TAMS 0x0000000083600000, 0x0000000083600000| Untracked 
|  55|0x0000000083700000, 0x0000000083700000, 0x0000000083800000|  0%| F|  |TAMS 0x0000000083700000, 0x0000000083700000| Untracked 
|  56|0x0000000083800000, 0x0000000083800000, 0x0000000083900000|  0%| F|  |TAMS 0x0000000083800000, 0x0000000083800000| Untracked 
|  57|0x0000000083900000, 0x0000000083900000, 0x0000000083a00000|  0%| F|  |TAMS 0x0000000083900000, 0x0000000083900000| Untracked 
|  58|0x0000000083a00000, 0x0000000083a00000, 0x0000000083b00000|  0%| F|  |TAMS 0x0000000083a00000, 0x0000000083a00000| Untracked 
|  59|0x0000000083b00000, 0x0000000083b00000, 0x0000000083c00000|  0%| F|  |TAMS 0x0000000083b00000, 0x0000000083b00000| Untracked 
|  60|0x0000000083c00000, 0x0000000083c00000, 0x0000000083d00000|  0%| F|  |TAMS 0x0000000083c00000, 0x0000000083c00000| Untracked 
|  61|0x0000000083d00000, 0x0000000083d00000, 0x0000000083e00000|  0%| F|  |TAMS 0x0000000083d00000, 0x0000000083d00000| Untracked 
|  62|0x0000000083e00000, 0x0000000083e00000, 0x0000000083f00000|  0%| F|  |TAMS 0x0000000083e00000, 0x0000000083e00000| Untracked 
|  63|0x0000000083f00000, 0x0000000083f00000, 0x0000000084000000|  0%| F|  |TAMS 0x0000000083f00000, 0x0000000083f00000| Untracked 
|  64|0x0000000084000000, 0x0000000084000000, 0x0000000084100000|  0%| F|  |TAMS 0x0000000084000000, 0x0000000084000000| Untracked 
|  65|0x0000000084100000, 0x0000000084100000, 0x0000000084200000|  0%| F|  |TAMS 0x0000000084100000, 0x0000000084100000| Untracked 
|  66|0x0000000084200000, 0x0000000084200000, 0x0000000084300000|  0%| F|  |TAMS 0x0000000084200000, 0x0000000084200000| Untracked 
|  67|0x0000000084300000, 0x0000000084300000, 0x0000000084400000|  0%| F|  |TAMS 0x0000000084300000, 0x0000000084300000| Untracked 
|  68|0x0000000084400000, 0x0000000084400000, 0x0000000084500000|  0%| F|  |TAMS 0x0000000084400000, 0x0000000084400000| Untracked 
|  69|0x0000000084500000, 0x0000000084500000, 0x0000000084600000|  0%| F|  |TAMS 0x0000000084500000, 0x0000000084500000| Untracked 
|  70|0x0000000084600000, 0x0000000084600000, 0x0000000084700000|  0%| F|  |TAMS 0x0000000084600000, 0x0000000084600000| Untracked 
|  71|0x0000000084700000, 0x0000000084700000, 0x0000000084800000|  0%| F|  |TAMS 0x0000000084700000, 0x0000000084700000| Untracked 
|  72|0x0000000084800000, 0x0000000084800000, 0x0000000084900000|  0%| F|  |TAMS 0x0000000084800000, 0x0000000084800000| Untracked 
|  73|0x0000000084900000, 0x0000000084900000, 0x0000000084a00000|  0%| F|  |TAMS 0x0000000084900000, 0x0000000084900000| Untracked 
|  74|0x0000000084a00000, 0x0000000084a00000, 0x0000000084b00000|  0%| F|  |TAMS 0x0000000084a00000, 0x0000000084a00000| Untracked 
|  75|0x0000000084b00000, 0x0000000084b00000, 0x0000000084c00000|  0%| F|  |TAMS 0x0000000084b00000, 0x0000000084b00000| Untracked 
|  76|0x0000000084c00000, 0x0000000084c00000, 0x0000000084d00000|  0%| F|  |TAMS 0x0000000084c00000, 0x0000000084c00000| Untracked 
|  77|0x0000000084d00000, 0x0000000084d00000, 0x0000000084e00000|  0%| F|  |TAMS 0x0000000084d00000, 0x0000000084d00000| Untracked 
|  78|0x0000000084e00000, 0x0000000084e00000, 0x0000000084f00000|  0%| F|  |TAMS 0x0000000084e00000, 0x0000000084e00000| Untracked 
|  79|0x0000000084f00000, 0x0000000084f00000, 0x0000000085000000|  0%| F|  |TAMS 0x0000000084f00000, 0x0000000084f00000| Untracked 
|  80|0x0000000085000000, 0x0000000085000000, 0x0000000085100000|  0%| F|  |TAMS 0x0000000085000000, 0x0000000085000000| Untracked 
|  81|0x0000000085100000, 0x0000000085100000, 0x0000000085200000|  0%| F|  |TAMS 0x0000000085100000, 0x0000000085100000| Untracked 
|  82|0x0000000085200000, 0x0000000085200000, 0x0000000085300000|  0%| F|  |TAMS 0x0000000085200000, 0x0000000085200000| Untracked 
|  83|0x0000000085300000, 0x0000000085300000, 0x0000000085400000|  0%| F|  |TAMS 0x0000000085300000, 0x0000000085300000| Untracked 
|  84|0x0000000085400000, 0x0000000085400000, 0x0000000085500000|  0%| F|  |TAMS 0x0000000085400000, 0x0000000085400000| Untracked 
|  85|0x0000000085500000, 0x0000000085500000, 0x0000000085600000|  0%| F|  |TAMS 0x0000000085500000, 0x0000000085500000| Untracked 
|  86|0x0000000085600000, 0x0000000085600000, 0x0000000085700000|  0%| F|  |TAMS 0x0000000085600000, 0x0000000085600000| Untracked 
|  87|0x0000000085700000, 0x0000000085700000, 0x0000000085800000|  0%| F|  |TAMS 0x0000000085700000, 0x0000000085700000| Untracked 
|  88|0x0000000085800000, 0x0000000085800000, 0x0000000085900000|  0%| F|  |TAMS 0x0000000085800000, 0x0000000085800000| Untracked 
|  89|0x0000000085900000, 0x0000000085900000, 0x0000000085a00000|  0%| F|  |TAMS 0x0000000085900000, 0x0000000085900000| Untracked 
|  90|0x0000000085a00000, 0x0000000085a00000, 0x0000000085b00000|  0%| F|  |TAMS 0x0000000085a00000, 0x0000000085a00000| Untracked 
|  91|0x0000000085b00000, 0x0000000085b00000, 0x0000000085c00000|  0%| F|  |TAMS 0x0000000085b00000, 0x0000000085b00000| Untracked 
|  92|0x0000000085c00000, 0x0000000085c00000, 0x0000000085d00000|  0%| F|  |TAMS 0x0000000085c00000, 0x0000000085c00000| Untracked 
|  93|0x0000000085d00000, 0x0000000085db08f0, 0x0000000085e00000| 68%| S|CS|TAMS 0x0000000085d00000, 0x0000000085d00000| Complete 
|  94|0x0000000085e00000, 0x0000000085f00000, 0x0000000085f00000|100%| S|CS|TAMS 0x0000000085e00000, 0x0000000085e00000| Complete 
|  95|0x0000000085f00000, 0x0000000086000000, 0x0000000086000000|100%| S|CS|TAMS 0x0000000085f00000, 0x0000000085f00000| Complete 
|  96|0x0000000086000000, 0x0000000086100000, 0x0000000086100000|100%| S|CS|TAMS 0x0000000086000000, 0x0000000086000000| Complete 
|  97|0x0000000086100000, 0x0000000086200000, 0x0000000086200000|100%| S|CS|TAMS 0x0000000086100000, 0x0000000086100000| Complete 
|  98|0x0000000086200000, 0x0000000086300000, 0x0000000086300000|100%| S|CS|TAMS 0x0000000086200000, 0x0000000086200000| Complete 
|  99|0x0000000086300000, 0x0000000086300000, 0x0000000086400000|  0%| F|  |TAMS 0x0000000086300000, 0x0000000086300000| Untracked 
| 100|0x0000000086400000, 0x0000000086400000, 0x0000000086500000|  0%| F|  |TAMS 0x0000000086400000, 0x0000000086400000| Untracked 
| 101|0x0000000086500000, 0x0000000086500000, 0x0000000086600000|  0%| F|  |TAMS 0x0000000086500000, 0x0000000086500000| Untracked 
| 102|0x0000000086600000, 0x0000000086600000, 0x0000000086700000|  0%| F|  |TAMS 0x0000000086600000, 0x0000000086600000| Untracked 
| 103|0x0000000086700000, 0x0000000086700000, 0x0000000086800000|  0%| F|  |TAMS 0x0000000086700000, 0x0000000086700000| Untracked 
| 104|0x0000000086800000, 0x0000000086800000, 0x0000000086900000|  0%| F|  |TAMS 0x0000000086800000, 0x0000000086800000| Untracked 
| 105|0x0000000086900000, 0x0000000086900000, 0x0000000086a00000|  0%| F|  |TAMS 0x0000000086900000, 0x0000000086900000| Untracked 
| 106|0x0000000086a00000, 0x0000000086a00000, 0x0000000086b00000|  0%| F|  |TAMS 0x0000000086a00000, 0x0000000086a00000| Untracked 
| 107|0x0000000086b00000, 0x0000000086b00000, 0x0000000086c00000|  0%| F|  |TAMS 0x0000000086b00000, 0x0000000086b00000| Untracked 
| 108|0x0000000086c00000, 0x0000000086c00000, 0x0000000086d00000|  0%| F|  |TAMS 0x0000000086c00000, 0x0000000086c00000| Untracked 
| 109|0x0000000086d00000, 0x0000000086d00000, 0x0000000086e00000|  0%| F|  |TAMS 0x0000000086d00000, 0x0000000086d00000| Untracked 
| 110|0x0000000086e00000, 0x0000000086e00000, 0x0000000086f00000|  0%| F|  |TAMS 0x0000000086e00000, 0x0000000086e00000| Untracked 
| 111|0x0000000086f00000, 0x0000000086f00000, 0x0000000087000000|  0%| F|  |TAMS 0x0000000086f00000, 0x0000000086f00000| Untracked 
| 112|0x0000000087000000, 0x0000000087000000, 0x0000000087100000|  0%| F|  |TAMS 0x0000000087000000, 0x0000000087000000| Untracked 
| 113|0x0000000087100000, 0x0000000087100000, 0x0000000087200000|  0%| F|  |TAMS 0x0000000087100000, 0x0000000087100000| Untracked 
| 114|0x0000000087200000, 0x0000000087200000, 0x0000000087300000|  0%| F|  |TAMS 0x0000000087200000, 0x0000000087200000| Untracked 
| 115|0x0000000087300000, 0x0000000087300000, 0x0000000087400000|  0%| F|  |TAMS 0x0000000087300000, 0x0000000087300000| Untracked 
| 116|0x0000000087400000, 0x0000000087400000, 0x0000000087500000|  0%| F|  |TAMS 0x0000000087400000, 0x0000000087400000| Untracked 
| 117|0x0000000087500000, 0x0000000087500000, 0x0000000087600000|  0%| F|  |TAMS 0x0000000087500000, 0x0000000087500000| Untracked 
| 118|0x0000000087600000, 0x0000000087600000, 0x0000000087700000|  0%| F|  |TAMS 0x0000000087600000, 0x0000000087600000| Untracked 
| 119|0x0000000087700000, 0x0000000087700000, 0x0000000087800000|  0%| F|  |TAMS 0x0000000087700000, 0x0000000087700000| Untracked 
| 120|0x0000000087800000, 0x0000000087800000, 0x0000000087900000|  0%| F|  |TAMS 0x0000000087800000, 0x0000000087800000| Untracked 
| 121|0x0000000087900000, 0x0000000087900000, 0x0000000087a00000|  0%| F|  |TAMS 0x0000000087900000, 0x0000000087900000| Untracked 
| 122|0x0000000087a00000, 0x0000000087a00000, 0x0000000087b00000|  0%| F|  |TAMS 0x0000000087a00000, 0x0000000087a00000| Untracked 
| 123|0x0000000087b00000, 0x0000000087b00000, 0x0000000087c00000|  0%| F|  |TAMS 0x0000000087b00000, 0x0000000087b00000| Untracked 
| 124|0x0000000087c00000, 0x0000000087c00000, 0x0000000087d00000|  0%| F|  |TAMS 0x0000000087c00000, 0x0000000087c00000| Untracked 
| 125|0x0000000087d00000, 0x0000000087d00000, 0x0000000087e00000|  0%| F|  |TAMS 0x0000000087d00000, 0x0000000087d00000| Untracked 
| 126|0x0000000087e00000, 0x0000000087e00000, 0x0000000087f00000|  0%| F|  |TAMS 0x0000000087e00000, 0x0000000087e00000| Untracked 
| 127|0x0000000087f00000, 0x0000000087f00000, 0x0000000088000000|  0%| F|  |TAMS 0x0000000087f00000, 0x0000000087f00000| Untracked 
| 128|0x0000000088000000, 0x0000000088000000, 0x0000000088100000|  0%| F|  |TAMS 0x0000000088000000, 0x0000000088000000| Untracked 
| 129|0x0000000088100000, 0x0000000088100000, 0x0000000088200000|  0%| F|  |TAMS 0x0000000088100000, 0x0000000088100000| Untracked 
| 130|0x0000000088200000, 0x0000000088200000, 0x0000000088300000|  0%| F|  |TAMS 0x0000000088200000, 0x0000000088200000| Untracked 
| 131|0x0000000088300000, 0x0000000088300000, 0x0000000088400000|  0%| F|  |TAMS 0x0000000088300000, 0x0000000088300000| Untracked 
| 132|0x0000000088400000, 0x0000000088400000, 0x0000000088500000|  0%| F|  |TAMS 0x0000000088400000, 0x0000000088400000| Untracked 
| 133|0x0000000088500000, 0x0000000088500000, 0x0000000088600000|  0%| F|  |TAMS 0x0000000088500000, 0x0000000088500000| Untracked 
| 134|0x0000000088600000, 0x0000000088600000, 0x0000000088700000|  0%| F|  |TAMS 0x0000000088600000, 0x0000000088600000| Untracked 
| 135|0x0000000088700000, 0x0000000088700000, 0x0000000088800000|  0%| F|  |TAMS 0x0000000088700000, 0x0000000088700000| Untracked 
| 136|0x0000000088800000, 0x0000000088800000, 0x0000000088900000|  0%| F|  |TAMS 0x0000000088800000, 0x0000000088800000| Untracked 
| 137|0x0000000088900000, 0x0000000088900000, 0x0000000088a00000|  0%| F|  |TAMS 0x0000000088900000, 0x0000000088900000| Untracked 
| 138|0x0000000088a00000, 0x0000000088a00000, 0x0000000088b00000|  0%| F|  |TAMS 0x0000000088a00000, 0x0000000088a00000| Untracked 
| 139|0x0000000088b00000, 0x0000000088b00000, 0x0000000088c00000|  0%| F|  |TAMS 0x0000000088b00000, 0x0000000088b00000| Untracked 
| 140|0x0000000088c00000, 0x0000000088c00000, 0x0000000088d00000|  0%| F|  |TAMS 0x0000000088c00000, 0x0000000088c00000| Untracked 
| 141|0x0000000088d00000, 0x0000000088d00000, 0x0000000088e00000|  0%| F|  |TAMS 0x0000000088d00000, 0x0000000088d00000| Untracked 
| 142|0x0000000088e00000, 0x0000000088e00000, 0x0000000088f00000|  0%| F|  |TAMS 0x0000000088e00000, 0x0000000088e00000| Untracked 
| 143|0x0000000088f00000, 0x0000000088f00000, 0x0000000089000000|  0%| F|  |TAMS 0x0000000088f00000, 0x0000000088f00000| Untracked 
| 144|0x0000000089000000, 0x0000000089000000, 0x0000000089100000|  0%| F|  |TAMS 0x0000000089000000, 0x0000000089000000| Untracked 
| 145|0x0000000089100000, 0x0000000089100000, 0x0000000089200000|  0%| F|  |TAMS 0x0000000089100000, 0x0000000089100000| Untracked 
| 146|0x0000000089200000, 0x0000000089200000, 0x0000000089300000|  0%| F|  |TAMS 0x0000000089200000, 0x0000000089200000| Untracked 
| 147|0x0000000089300000, 0x0000000089300000, 0x0000000089400000|  0%| F|  |TAMS 0x0000000089300000, 0x0000000089300000| Untracked 
| 148|0x0000000089400000, 0x0000000089400000, 0x0000000089500000|  0%| F|  |TAMS 0x0000000089400000, 0x0000000089400000| Untracked 
| 149|0x0000000089500000, 0x0000000089500000, 0x0000000089600000|  0%| F|  |TAMS 0x0000000089500000, 0x0000000089500000| Untracked 
| 150|0x0000000089600000, 0x0000000089600000, 0x0000000089700000|  0%| F|  |TAMS 0x0000000089600000, 0x0000000089600000| Untracked 
| 151|0x0000000089700000, 0x0000000089700000, 0x0000000089800000|  0%| F|  |TAMS 0x0000000089700000, 0x0000000089700000| Untracked 
| 152|0x0000000089800000, 0x0000000089800000, 0x0000000089900000|  0%| F|  |TAMS 0x0000000089800000, 0x0000000089800000| Untracked 
| 153|0x0000000089900000, 0x0000000089900000, 0x0000000089a00000|  0%| F|  |TAMS 0x0000000089900000, 0x0000000089900000| Untracked 

Card table byte_map: [0x000001d872d40000,0x000001d873140000] _byte_map_base: 0x000001d872940000

Marking Bits (Prev, Next): (CMBitMap*) 0x000001d86e943880, (CMBitMap*) 0x000001d86e943848
 Prev Bits: [0x000001d875540000, 0x000001d877540000)
 Next Bits: [0x000001d873540000, 0x000001d875540000)

Polling page: 0x000001d86c850000

Metaspace:

Usage:
  Non-class:     54.65 MB capacity,    53.65 MB ( 98%) used,   862.06 KB (  2%) free+waste,   158.56 KB ( <1%) overhead. 
      Class:      8.36 MB capacity,     7.82 MB ( 93%) used,   482.43 KB (  6%) free+waste,    74.44 KB ( <1%) overhead. 
       Both:     63.01 MB capacity,    61.47 MB ( 98%) used,     1.31 MB (  2%) free+waste,   233.00 KB ( <1%) overhead. 

Virtual space:
  Non-class space:       56.00 MB reserved,      54.93 MB ( 98%) committed 
      Class space:        1.00 GB reserved,       8.45 MB ( <1%) committed 
             Both:        1.05 GB reserved,      63.38 MB (  6%) committed 

Chunk freelists:
   Non-Class:  91.00 KB
       Class:  45.00 KB
        Both:  136.00 KB

MaxMetaspaceSize: 17179869184.00 GB
CompressedClassSpaceSize: 1.00 GB

CodeHeap 'non-profiled nmethods': size=120000Kb used=3715Kb max_used=3715Kb free=116284Kb
 bounds [0x000001d807ad0000, 0x000001d807e80000, 0x000001d80f000000]
CodeHeap 'profiled nmethods': size=120000Kb used=12662Kb max_used=12662Kb free=107337Kb
 bounds [0x000001d8005a0000, 0x000001d801200000, 0x000001d807ad0000]
CodeHeap 'non-nmethods': size=5760Kb used=2260Kb max_used=2303Kb free=3500Kb
 bounds [0x000001d800000000, 0x000001d800270000, 0x000001d8005a0000]
 total_blobs=6903 nmethods=6053 adapters=761
 compilation: enabled
              stopped_count=0, restarted_count=0
 full_count=0

Compilation events (20 events):
Event: 4.253 Thread 0x000001d87a1e4800 6055       3       org.gradle.api.internal.changedetection.state.CachingFileHasher::hash (12 bytes)
Event: 4.253 Thread 0x000001d87a1e4800 nmethod 6055 0x000001d8011f7d10 code [0x000001d8011f7ec0, 0x000001d8011f8028]
Event: 4.253 Thread 0x000001d87a1e4800 6056       3       org.gradle.api.internal.changedetection.state.CachingFileHasher::snapshot (122 bytes)
Event: 4.253 Thread 0x000001d87a1e4800 nmethod 6056 0x000001d8011f8110 code [0x000001d8011f83a0, 0x000001d8011f9098]
Event: 4.253 Thread 0x000001d87a1e4800 6059   !   3       org.gradle.internal.serialize.kryo.KryoBackedDecoder::readByte (15 bytes)
Event: 4.254 Thread 0x000001d87a1e4800 nmethod 6059 0x000001d8011f9610 code [0x000001d8011f9840, 0x000001d8011f9e68]
Event: 4.254 Thread 0x000001d87a1e4800 6057       1       com.google.common.collect.MapMakerInternalMap$AbstractWeakKeyEntry::getHash (5 bytes)
Event: 4.254 Thread 0x000001d87a1e4800 nmethod 6057 0x000001d807e6dd10 code [0x000001d807e6dec0, 0x000001d807e6df78]
Event: 4.254 Thread 0x000001d87a1e4800 6058       3       java.nio.file.Path::toFile (36 bytes)
Event: 4.254 Thread 0x000001d87a1e4800 nmethod 6058 0x000001d8011fa190 code [0x000001d8011fa3c0, 0x000001d8011faa38]
Event: 4.256 Thread 0x000001d87a1e4800 6060       3       org.codehaus.groovy.reflection.CachedClass::getNewMetaMethods (166 bytes)
Event: 4.257 Thread 0x000001d87a1e4800 nmethod 6060 0x000001d8011fac90 code [0x000001d8011fafc0, 0x000001d8011fc328]
Event: 4.261 Thread 0x000001d87a1e4800 6061       3       org.codehaus.groovy.reflection.ClassInfo$LazyCachedClassRef::initValue (5 bytes)
Event: 4.262 Thread 0x000001d87a1e4800 nmethod 6061 0x000001d8011fc990 code [0x000001d8011fcb80, 0x000001d8011fcf38]
Event: 4.262 Thread 0x000001d87a1e4800 6062       3       org.codehaus.groovy.reflection.ClassInfo$LazyCachedClassRef::initValue (21 bytes)
Event: 4.262 Thread 0x000001d87a1e4800 nmethod 6062 0x000001d8011fd090 code [0x000001d8011fd280, 0x000001d8011fd5d8]
Event: 4.262 Thread 0x000001d87a1e4800 6063       3       org.codehaus.groovy.reflection.ClassInfo::access$300 (6 bytes)
Event: 4.262 Thread 0x000001d87a1e4800 nmethod 6063 0x000001d8011fd710 code [0x000001d8011fd8c0, 0x000001d8011fd9c8]
Event: 4.264 Thread 0x000001d87cd05800 nmethod 6028 0x000001d807e6e010 code [0x000001d807e6e2e0, 0x000001d807e70030]
Event: 4.264 Thread 0x000001d87cd05800 6007       4       java.util.LinkedHashMap$LinkedEntryIterator::next (5 bytes)

GC Heap History (20 events):
Event: 1.246 GC heap after
{Heap after GC invocations=2 (full 0):
 garbage-first heap   total 131072K, used 16188K [0x0000000080000000, 0x0000000100000000)
  region size 1024K, 10 young (10240K), 10 survivors (10240K)
 Metaspace       used 17739K, capacity 18161K, committed 18432K, reserved 1064960K
  class space    used 2103K, capacity 2240K, committed 2304K, reserved 1048576K
}
Event: 1.377 GC heap before
{Heap before GC invocations=2 (full 0):
 garbage-first heap   total 131072K, used 36668K [0x0000000080000000, 0x0000000100000000)
  region size 1024K, 32 young (32768K), 10 survivors (10240K)
 Metaspace       used 20600K, capacity 21124K, committed 21248K, reserved 1067008K
  class space    used 2520K, capacity 2722K, committed 2816K, reserved 1048576K
}
Event: 1.383 GC heap after
{Heap after GC invocations=3 (full 0):
 garbage-first heap   total 131072K, used 17023K [0x0000000080000000, 0x0000000100000000)
  region size 1024K, 1 young (1024K), 1 survivors (1024K)
 Metaspace       used 20600K, capacity 21124K, committed 21248K, reserved 1067008K
  class space    used 2520K, capacity 2722K, committed 2816K, reserved 1048576K
}
Event: 1.694 GC heap before
{Heap before GC invocations=4 (full 0):
 garbage-first heap   total 131072K, used 69247K [0x0000000080000000, 0x0000000100000000)
  region size 1024K, 53 young (54272K), 1 survivors (1024K)
 Metaspace       used 25876K, capacity 26491K, committed 26752K, reserved 1073152K
  class space    used 3389K, capacity 3601K, committed 3712K, reserved 1048576K
}
Event: 1.696 GC heap after
{Heap after GC invocations=5 (full 0):
 garbage-first heap   total 131072K, used 18753K [0x0000000080000000, 0x0000000100000000)
  region size 1024K, 3 young (3072K), 3 survivors (3072K)
 Metaspace       used 25876K, capacity 26491K, committed 26752K, reserved 1073152K
  class space    used 3389K, capacity 3601K, committed 3712K, reserved 1048576K
}
Event: 2.161 GC heap before
{Heap before GC invocations=5 (full 0):
 garbage-first heap   total 131072K, used 77121K [0x0000000080000000, 0x0000000100000000)
  region size 1024K, 60 young (61440K), 3 survivors (3072K)
 Metaspace       used 34979K, capacity 35766K, committed 35840K, reserved 1081344K
  class space    used 4542K, capacity 4864K, committed 4864K, reserved 1048576K
}
Event: 2.165 GC heap after
{Heap after GC invocations=6 (full 0):
 garbage-first heap   total 131072K, used 22251K [0x0000000080000000, 0x0000000100000000)
  region size 1024K, 6 young (6144K), 6 survivors (6144K)
 Metaspace       used 34979K, capacity 35766K, committed 35840K, reserved 1081344K
  class space    used 4542K, capacity 4864K, committed 4864K, reserved 1048576K
}
Event: 2.167 GC heap before
{Heap before GC invocations=6 (full 0):
 garbage-first heap   total 131072K, used 22251K [0x0000000080000000, 0x0000000100000000)
  region size 1024K, 7 young (7168K), 6 survivors (6144K)
 Metaspace       used 35037K, capacity 35830K, committed 35840K, reserved 1081344K
  class space    used 4545K, capacity 4864K, committed 4864K, reserved 1048576K
}
Event: 2.173 GC heap after
{Heap after GC invocations=7 (full 0):
 garbage-first heap   total 131072K, used 22464K [0x0000000080000000, 0x0000000100000000)
  region size 1024K, 4 young (4096K), 4 survivors (4096K)
 Metaspace       used 35037K, capacity 35830K, committed 35840K, reserved 1081344K
  class space    used 4545K, capacity 4864K, committed 4864K, reserved 1048576K
}
Event: 2.460 GC heap before
{Heap before GC invocations=8 (full 0):
 garbage-first heap   total 131072K, used 70592K [0x0000000080000000, 0x0000000100000000)
  region size 1024K, 49 young (50176K), 4 survivors (4096K)
 Metaspace       used 38585K, capacity 39503K, committed 39628K, reserved 1083392K
  class space    used 4926K, capacity 5251K, committed 5324K, reserved 1048576K
}
Event: 2.465 GC heap after
{Heap after GC invocations=9 (full 0):
 garbage-first heap   total 131072K, used 26266K [0x0000000080000000, 0x0000000100000000)
  region size 1024K, 7 young (7168K), 7 survivors (7168K)
 Metaspace       used 38585K, capacity 39503K, committed 39628K, reserved 1083392K
  class space    used 4926K, capacity 5251K, committed 5324K, reserved 1048576K
}
Event: 2.757 GC heap before
{Heap before GC invocations=9 (full 0):
 garbage-first heap   total 131072K, used 75418K [0x0000000080000000, 0x0000000100000000)
  region size 1024K, 55 young (56320K), 7 survivors (7168K)
 Metaspace       used 42840K, capacity 43860K, committed 43980K, reserved 1087488K
  class space    used 5471K, capacity 5823K, committed 5836K, reserved 1048576K
}
Event: 2.762 GC heap after
{Heap after GC invocations=10 (full 0):
 garbage-first heap   total 157696K, used 28479K [0x0000000080000000, 0x0000000100000000)
  region size 1024K, 6 young (6144K), 6 survivors (6144K)
 Metaspace       used 42840K, capacity 43860K, committed 43980K, reserved 1087488K
  class space    used 5471K, capacity 5823K, committed 5836K, reserved 1048576K
}
Event: 3.136 GC heap before
{Heap before GC invocations=10 (full 0):
 garbage-first heap   total 157696K, used 91967K [0x0000000080000000, 0x0000000100000000)
  region size 1024K, 68 young (69632K), 6 survivors (6144K)
 Metaspace       used 46754K, capacity 47999K, committed 48204K, reserved 1091584K
  class space    used 6002K, capacity 6456K, committed 6476K, reserved 1048576K
}
Event: 3.140 GC heap after
{Heap after GC invocations=11 (full 0):
 garbage-first heap   total 157696K, used 32113K [0x0000000080000000, 0x0000000100000000)
  region size 1024K, 6 young (6144K), 6 survivors (6144K)
 Metaspace       used 46754K, capacity 47999K, committed 48204K, reserved 1091584K
  class space    used 6002K, capacity 6456K, committed 6476K, reserved 1048576K
}
Event: 3.605 GC heap before
{Heap before GC invocations=11 (full 0):
 garbage-first heap   total 157696K, used 100721K [0x0000000080000000, 0x0000000100000000)
  region size 1024K, 70 young (71680K), 6 survivors (6144K)
 Metaspace       used 53268K, capacity 54707K, committed 54988K, reserved 1097728K
  class space    used 6820K, capacity 7313K, committed 7372K, reserved 1048576K
}
Event: 3.611 GC heap after
{Heap after GC invocations=12 (full 0):
 garbage-first heap   total 157696K, used 43888K [0x0000000080000000, 0x0000000100000000)
  region size 1024K, 9 young (9216K), 9 survivors (9216K)
 Metaspace       used 53268K, capacity 54707K, committed 54988K, reserved 1097728K
  class space    used 6820K, capacity 7313K, committed 7372K, reserved 1048576K
}
Event: 3.887 GC heap before
{Heap before GC invocations=12 (full 0):
 garbage-first heap   total 157696K, used 74608K [0x0000000080000000, 0x0000000100000000)
  region size 1024K, 40 young (40960K), 9 survivors (9216K)
 Metaspace       used 58481K, capacity 60063K, committed 60288K, reserved 1101824K
  class space    used 7443K, capacity 8008K, committed 8140K, reserved 1048576K
}
Event: 3.896 GC heap after
{Heap after GC invocations=13 (full 0):
 garbage-first heap   total 157696K, used 46001K [0x0000000080000000, 0x0000000100000000)
  region size 1024K, 3 young (3072K), 3 survivors (3072K)
 Metaspace       used 58481K, capacity 60063K, committed 60288K, reserved 1101824K
  class space    used 7443K, capacity 8008K, committed 8140K, reserved 1048576K
}
Event: 4.265 GC heap before
{Heap before GC invocations=14 (full 0):
 garbage-first heap   total 157696K, used 99249K [0x0000000080000000, 0x0000000100000000)
  region size 1024K, 55 young (56320K), 3 survivors (3072K)
 Metaspace       used 62946K, capacity 64524K, committed 64896K, reserved 1105920K
  class space    used 8006K, capacity 8563K, committed 8652K, reserved 1048576K
}

Deoptimization events (20 events):
Event: 4.224 Thread 0x000001d87ca8a000 DEOPT PACKING pc=0x000001d807b5c430 sp=0x0000003e687f6f40
Event: 4.224 Thread 0x000001d87ca8a000 DEOPT UNPACKING pc=0x000001d8000278af sp=0x0000003e687f6e10 mode 2
Event: 4.224 Thread 0x000001d87ca8a000 Uncommon trap: trap_request=0xffffff4d fr.pc=0x000001d807afac94 relative=0x00000000000001d4
Event: 4.224 Thread 0x000001d87ca8a000 Uncommon trap: reason=unstable_if action=reinterpret pc=0x000001d807afac94 method=java.lang.AbstractStringBuilder.isLatin1()Z @ 10 c2
Event: 4.224 Thread 0x000001d87ca8a000 DEOPT PACKING pc=0x000001d807afac94 sp=0x0000003e687f6ec0
Event: 4.224 Thread 0x000001d87ca8a000 DEOPT UNPACKING pc=0x000001d8000278af sp=0x0000003e687f6e00 mode 2
Event: 4.224 Thread 0x000001d87ca8a000 Uncommon trap: trap_request=0xffffff4d fr.pc=0x000001d807b35238 relative=0x00000000000003f8
Event: 4.224 Thread 0x000001d87ca8a000 Uncommon trap: reason=unstable_if action=reinterpret pc=0x000001d807b35238 method=java.lang.AbstractStringBuilder.isLatin1()Z @ 10 c2
Event: 4.224 Thread 0x000001d87ca8a000 DEOPT PACKING pc=0x000001d807b35238 sp=0x0000003e687f6ff0
Event: 4.224 Thread 0x000001d87ca8a000 DEOPT UNPACKING pc=0x000001d8000278af sp=0x0000003e687f6f70 mode 2
Event: 4.224 Thread 0x000001d87ca8a000 Uncommon trap: trap_request=0xffffff4d fr.pc=0x000001d807b03b60 relative=0x00000000000004a0
Event: 4.224 Thread 0x000001d87ca8a000 Uncommon trap: reason=unstable_if action=reinterpret pc=0x000001d807b03b60 method=java.lang.AbstractStringBuilder.putStringAt(ILjava/lang/String;)V @ 8 c2
Event: 4.224 Thread 0x000001d87ca8a000 DEOPT PACKING pc=0x000001d807b03b60 sp=0x0000003e687f6f40
Event: 4.224 Thread 0x000001d87ca8a000 DEOPT UNPACKING pc=0x000001d8000278af sp=0x0000003e687f6ea0 mode 2
Event: 4.224 Thread 0x000001d87ca8a000 Uncommon trap: trap_request=0xffffff4d fr.pc=0x000001d807b02e6c relative=0x00000000000000cc
Event: 4.224 Thread 0x000001d87ca8a000 Uncommon trap: reason=unstable_if action=reinterpret pc=0x000001d807b02e6c method=java.lang.String.getBytes([BIB)V @ 5 c2
Event: 4.224 Thread 0x000001d87ca8a000 DEOPT PACKING pc=0x000001d807b02e6c sp=0x0000003e687f6e50
Event: 4.224 Thread 0x000001d87ca8a000 DEOPT UNPACKING pc=0x000001d8000278af sp=0x0000003e687f6e18 mode 2
Event: 4.254 Thread 0x000001d87ca8a000 DEOPT PACKING pc=0x000001d800ef6cf1 sp=0x0000003e687f9bd0
Event: 4.254 Thread 0x000001d87ca8a000 DEOPT UNPACKING pc=0x000001d8000276ce sp=0x0000003e687f90c8 mode 0

Classes redefined (0 events):
No events

Internal exceptions (20 events):
Event: 3.272 Thread 0x000001d87ca8a000 Exception <a 'java/lang/ClassNotFoundException'{0x0000000088340c00}: build_w7v32wxe3ui7aosq3cl87v73BeanInfo> (0x0000000088340c00) thrown at [./src/hotspot/share/classfile/systemDictionary.cpp, line 231]
Event: 3.272 Thread 0x000001d87ca8a000 Exception <a 'java/lang/ClassNotFoundException'{0x000000008834bb08}: build_w7v32wxe3ui7aosq3cl87v73Customizer> (0x000000008834bb08) thrown at [./src/hotspot/share/classfile/systemDictionary.cpp, line 231]
Event: 3.277 Thread 0x000001d87ca8a000 Exception <a 'java/lang/ClassNotFoundException'{0x00000000883cbe48}: org/gradle/plugin/use/internal/PluginRequestCollector$PluginDependenciesSpecImplBeanInfo> (0x00000000883cbe48) thrown at [./src/hotspot/share/classfile/systemDictionary.cpp, line 231]
Event: 3.277 Thread 0x000001d87ca8a000 Exception <a 'java/lang/ClassNotFoundException'{0x00000000883f9cf8}: org/gradle/plugin/use/internal/PluginRequestCollector$PluginDependenciesSpecImplCustomizer> (0x00000000883f9cf8) thrown at [./src/hotspot/share/classfile/systemDictionary.cpp, line 231]
Event: 3.294 Thread 0x000001d87ca8a000 Exception <a 'java/lang/ClassNotFoundException'{0x00000000880775a8}: org/gradle/api/internal/plugins/DefaultObjectConfigurationActionBeanInfo> (0x00000000880775a8) thrown at [./src/hotspot/share/classfile/systemDictionary.cpp, line 231]
Event: 3.295 Thread 0x000001d87ca8a000 Exception <a 'java/lang/ClassNotFoundException'{0x00000000880aabf8}: org/gradle/api/internal/plugins/DefaultObjectConfigurationActionCustomizer> (0x00000000880aabf8) thrown at [./src/hotspot/share/classfile/systemDictionary.cpp, line 231]
Event: 3.358 Thread 0x000001d87ca8a000 Exception <a 'java/lang/NoSuchMethodError'{0x0000000087675918}: 'java.lang.Object java.lang.invoke.DirectMethodHandle$Holder.invokeStatic(java.lang.Object, java.lang.Object, java.lang.Object, java.lang.Object, int)'> (0x0000000087675918) thrown at [./src/hotspot/share/interpreter/linkResolver.cpp, line 773]
Event: 3.358 Thread 0x000001d87ca8a000 Exception <a 'java/lang/NoSuchMethodError'{0x000000008767a310}: 'java.lang.Object java.lang.invoke.DirectMethodHandle$Holder.invokeSpecial(java.lang.Object, java.lang.Object, java.lang.Object, java.lang.Object, java.lang.Object, int)'> (0x000000008767a310) thrown at [./src/hotspot/share/interpreter/linkResolver.cpp, line 773]
Event: 3.359 Thread 0x000001d87ca8a000 Exception <a 'java/lang/NoSuchMethodError'{0x000000008767e950}: 'java.lang.Object java.lang.invoke.Invokers$Holder.linkToTargetMethod(java.lang.Object, java.lang.Object, java.lang.Object, int, java.lang.Object)'> (0x000000008767e950) thrown at [./src/hotspot/share/interpreter/linkResolver.cpp, line 773]
Event: 3.477 Thread 0x000001d87ca8a000 Exception <a 'java/lang/NoSuchMethodError'{0x000000008670e230}: 'java.lang.Object java.lang.invoke.DirectMethodHandle$Holder.invokeSpecial(java.lang.Object, java.lang.Object, int, int, java.lang.Object, java.lang.Object, java.lang.Object)'> (0x000000008670e230) thrown at [./src/hotspot/share/interpreter/linkResolver.cpp, line 773]
Event: 3.477 Thread 0x000001d87ca8a000 Exception <a 'java/lang/NoSuchMethodError'{0x00000000867127b0}: 'java.lang.Object java.lang.invoke.DelegatingMethodHandle$Holder.reinvoke_L(java.lang.Object, int, int, java.lang.Object, java.lang.Object, java.lang.Object)'> (0x00000000867127b0) thrown at [./src/hotspot/share/interpreter/linkResolver.cpp, line 773]
Event: 3.587 Thread 0x000001d87ca8a000 Exception <a 'java/lang/NoSuchMethodError'{0x0000000085c7bd38}: 'int java.lang.invoke.DirectMethodHandle$Holder.invokeInterface(java.lang.Object, java.lang.Object, java.lang.Object, java.lang.Object)'> (0x0000000085c7bd38) thrown at [./src/hotspot/share/interpreter/linkResolver.cpp, line 773]
Event: 3.725 Thread 0x000001d87ca8a000 Exception <a 'java/lang/NoSuchMethodError'{0x0000000088c53988}: 'void java.lang.invoke.DirectMethodHandle$Holder.invokeInterface(java.lang.Object, java.lang.Object, java.lang.Object, java.lang.Object)'> (0x0000000088c53988) thrown at [./src/hotspot/share/interpreter/linkResolver.cpp, line 773]
Event: 3.796 Thread 0x000001d87ca8a000 Exception <a 'java/lang/IncompatibleClassChangeError'{0x0000000088479c40}: Found class java.lang.Object, but interface was expected> (0x0000000088479c40) thrown at [./src/hotspot/share/interpreter/linkResolver.cpp, line 839]
Event: 3.829 Thread 0x000001d87ca8a000 Implicit null exception at 0x000001d807da6154 to 0x000001d807da6338
Event: 3.829 Thread 0x000001d87ca8a000 Implicit null exception at 0x000001d807cf25ff to 0x000001d807cf4360
Event: 3.873 Thread 0x000001d87ca8a000 Implicit null exception at 0x000001d807c33c8b to 0x000001d807c33d64
Event: 4.006 Thread 0x000001d87ca8a000 Exception <a 'sun/nio/fs/WindowsException'{0x0000000088c751b8}> (0x0000000088c751b8) thrown at [./src/hotspot/share/prims/jni.cpp, line 615]
Event: 4.258 Thread 0x000001d87ca8a000 Exception <a 'java/lang/ClassNotFoundException'{0x000000008647deb8}: build_w7v32wxe3ui7aosq3cl87v73BeanInfo> (0x000000008647deb8) thrown at [./src/hotspot/share/classfile/systemDictionary.cpp, line 231]
Event: 4.259 Thread 0x000001d87ca8a000 Exception <a 'java/lang/ClassNotFoundException'{0x00000000864c36b0}: build_w7v32wxe3ui7aosq3cl87v73Customizer> (0x00000000864c36b0) thrown at [./src/hotspot/share/classfile/systemDictionary.cpp, line 231]

Events (20 events):
Event: 4.251 Executing VM operation: ICBufferFull done
Event: 4.256 loading class groovy/runtime/metaclass/build_w7v32wxe3ui7aosq3cl87v73MetaClass
Event: 4.256 loading class groovy/runtime/metaclass/build_w7v32wxe3ui7aosq3cl87v73MetaClass done
Event: 4.258 loading class build_w7v32wxe3ui7aosq3cl87v73BeanInfo
Event: 4.258 loading class build_w7v32wxe3ui7aosq3cl87v73BeanInfo done
Event: 4.258 loading class build_w7v32wxe3ui7aosq3cl87v73BeanInfo
Event: 4.258 loading class build_w7v32wxe3ui7aosq3cl87v73BeanInfo done
Event: 4.258 loading class build_w7v32wxe3ui7aosq3cl87v73Customizer
Event: 4.258 loading class build_w7v32wxe3ui7aosq3cl87v73Customizer done
Event: 4.258 loading class build_w7v32wxe3ui7aosq3cl87v73Customizer
Event: 4.258 loading class build_w7v32wxe3ui7aosq3cl87v73Customizer done
Event: 4.260 loading class groovy/runtime/metaclass/build_w7v32wxe3ui7aosq3cl87v73$_run_closure1MetaClass
Event: 4.260 loading class groovy/runtime/metaclass/build_w7v32wxe3ui7aosq3cl87v73$_run_closure1MetaClass done
Event: 4.261 loading class groovy/lang/GroovySystem
Event: 4.261 loading class groovy/lang/GroovySystem done
Event: 4.261 loading class groovy/lang/MetaClassRegistry
Event: 4.261 loading class groovy/lang/MetaClassRegistry done
Event: 4.261 loading class groovy/runtime/metaclass/com/android/build/gradle/internal/dsl/BaseAppModuleExtension_DecoratedMetaClass
Event: 4.261 loading class groovy/runtime/metaclass/com/android/build/gradle/internal/dsl/BaseAppModuleExtension_DecoratedMetaClass done
Event: 4.265 Executing VM operation: G1CollectForAllocation


Dynamic libraries:
0x00007ff78b620000 - 0x00007ff78b62a000 	C:\Program Files\Android\Android Studio\jre\bin\java.exe
0x00007ff99e340000 - 0x00007ff99e547000 	C:\Windows\SYSTEM32\ntdll.dll
0x00007ff99dbf0000 - 0x00007ff99dcad000 	C:\Windows\System32\KERNEL32.DLL
0x00007ff99bba0000 - 0x00007ff99bf14000 	C:\Windows\System32\KERNELBASE.dll
0x00007ff99b9e0000 - 0x00007ff99baf1000 	C:\Windows\System32\ucrtbase.dll
0x00007ff992880000 - 0x00007ff992897000 	C:\Program Files\Android\Android Studio\jre\bin\VCRUNTIME140.dll
0x00007ff98c500000 - 0x00007ff98c519000 	C:\Program Files\Android\Android Studio\jre\bin\jli.dll
0x00007ff99ca60000 - 0x00007ff99cc0c000 	C:\Windows\System32\USER32.dll
0x00007ff99b9b0000 - 0x00007ff99b9d6000 	C:\Windows\System32\win32u.dll
0x00007ff98c7e0000 - 0x00007ff98ca85000 	C:\Windows\WinSxS\amd64_microsoft.windows.common-controls_6595b64144ccf1df_6.0.22000.120_none_9d947278b86cc467\COMCTL32.dll
0x00007ff99c1d0000 - 0x00007ff99c273000 	C:\Windows\System32\msvcrt.dll
0x00007ff99dcb0000 - 0x00007ff99dcd9000 	C:\Windows\System32\GDI32.dll
0x00007ff99b890000 - 0x00007ff99b9a2000 	C:\Windows\System32\gdi32full.dll
0x00007ff99bb00000 - 0x00007ff99bb9d000 	C:\Windows\System32\msvcp_win.dll
0x00007ff99c880000 - 0x00007ff99c8b1000 	C:\Windows\System32\IMM32.DLL
0x00007ff96e390000 - 0x00007ff96e42d000 	C:\Program Files\Android\Android Studio\jre\bin\msvcp140.dll
0x00007ff967790000 - 0x00007ff96825f000 	C:\Program Files\Android\Android Studio\jre\bin\server\jvm.dll
0x00007ff99d910000 - 0x00007ff99d9bc000 	C:\Windows\System32\ADVAPI32.dll
0x00007ff99c660000 - 0x00007ff99c6fd000 	C:\Windows\System32\sechost.dll
0x00007ff99c920000 - 0x00007ff99ca41000 	C:\Windows\System32\RPCRT4.dll
0x00007ff99e130000 - 0x00007ff99e138000 	C:\Windows\System32\PSAPI.DLL
0x00007ff998b50000 - 0x00007ff998b59000 	C:\Windows\SYSTEM32\WSOCK32.dll
0x00007ff996060000 - 0x00007ff996093000 	C:\Windows\SYSTEM32\WINMM.dll
0x00007ff9950f0000 - 0x00007ff9950fa000 	C:\Windows\SYSTEM32\VERSION.dll
0x00007ff99da20000 - 0x00007ff99da8f000 	C:\Windows\System32\WS2_32.dll
0x00007ff99a940000 - 0x00007ff99a958000 	C:\Windows\SYSTEM32\kernel.appcore.dll
0x00007ff998b30000 - 0x00007ff998b41000 	C:\Program Files\Android\Android Studio\jre\bin\verify.dll
0x00007ff98eb40000 - 0x00007ff98ed61000 	C:\Windows\SYSTEM32\DBGHELP.DLL
0x00007ff988ea0000 - 0x00007ff988ed1000 	C:\Windows\SYSTEM32\dbgcore.DLL
0x00007ff99bf20000 - 0x00007ff99bf9f000 	C:\Windows\System32\bcryptPrimitives.dll
0x00007ff992a10000 - 0x00007ff992a39000 	C:\Program Files\Android\Android Studio\jre\bin\java.dll
0x00007ff997a50000 - 0x00007ff997a5b000 	C:\Program Files\Android\Android Studio\jre\bin\jimage.dll
0x00007ff9976d0000 - 0x00007ff9976e8000 	C:\Program Files\Android\Android Studio\jre\bin\zip.dll
0x00007ff99cc10000 - 0x00007ff99d3be000 	C:\Windows\System32\SHELL32.dll
0x00007ff9999c0000 - 0x00007ff99a227000 	C:\Windows\SYSTEM32\windows.storage.dll
0x00007ff99ddb0000 - 0x00007ff99e128000 	C:\Windows\System32\combase.dll
0x00007ff999850000 - 0x00007ff9999b6000 	C:\Windows\SYSTEM32\wintypes.dll
0x00007ff99c790000 - 0x00007ff99c87a000 	C:\Windows\System32\SHCORE.dll
0x00007ff99c8c0000 - 0x00007ff99c91d000 	C:\Windows\System32\shlwapi.dll
0x00007ff99b750000 - 0x00007ff99b771000 	C:\Windows\SYSTEM32\profapi.dll
0x00007ff993d10000 - 0x00007ff993d2a000 	C:\Program Files\Android\Android Studio\jre\bin\net.dll
0x00007ff996160000 - 0x00007ff99626c000 	C:\Windows\SYSTEM32\WINHTTP.dll
0x00007ff99ad50000 - 0x00007ff99adb7000 	C:\Windows\system32\mswsock.dll
0x00007ff9929f0000 - 0x00007ff992a04000 	C:\Program Files\Android\Android Studio\jre\bin\nio.dll
0x00007ff98b270000 - 0x00007ff98b297000 	C:\Users\NeHaL\.gradle\native\8bec1ad78214c89d9ad589b4d07fe93259594b29d510b10fafb7a158f7737e5d\windows-amd64\native-platform.dll
0x00007ff9695d0000 - 0x00007ff96970d000 	C:\Users\NeHaL\.gradle\native\53dbd7edfb1c66fb8903c78663c9afc45aea4f116125fa6feffd364cf09443e8\windows-amd64\native-platform-file-events.dll
0x00007ff994f40000 - 0x00007ff994f4a000 	C:\Program Files\Android\Android Studio\jre\bin\management.dll
0x00007ff993ce0000 - 0x00007ff993cec000 	C:\Program Files\Android\Android Studio\jre\bin\management_ext.dll
0x00007ff99af90000 - 0x00007ff99afa8000 	C:\Windows\SYSTEM32\CRYPTSP.dll
0x00007ff99a8a0000 - 0x00007ff99a8d5000 	C:\Windows\system32\rsaenh.dll
0x00007ff99ae40000 - 0x00007ff99ae69000 	C:\Windows\SYSTEM32\USERENV.dll
0x00007ff99b110000 - 0x00007ff99b137000 	C:\Windows\SYSTEM32\bcrypt.dll
0x00007ff99afb0000 - 0x00007ff99afbc000 	C:\Windows\SYSTEM32\CRYPTBASE.dll
0x00007ff99a480000 - 0x00007ff99a4ad000 	C:\Windows\SYSTEM32\IPHLPAPI.DLL
0x00007ff99db70000 - 0x00007ff99db79000 	C:\Windows\System32\NSI.dll
0x00007ff995a40000 - 0x00007ff995a59000 	C:\Windows\SYSTEM32\dhcpcsvc6.DLL
0x00007ff996d30000 - 0x00007ff996d4e000 	C:\Windows\SYSTEM32\dhcpcsvc.DLL
0x00007ff99a4b0000 - 0x00007ff99a597000 	C:\Windows\SYSTEM32\DNSAPI.dll

dbghelp: loaded successfully - version: 4.0.5 - missing functions: none
symbol engine: initialized successfully - sym options: 0x614 - pdb path: .;C:\Program Files\Android\Android Studio\jre\bin;C:\Windows\SYSTEM32;C:\Windows\WinSxS\amd64_microsoft.windows.common-controls_6595b64144ccf1df_6.0.22000.120_none_9d947278b86cc467;C:\Program Files\Android\Android Studio\jre\bin\server;C:\Users\NeHaL\.gradle\native\8bec1ad78214c89d9ad589b4d07fe93259594b29d510b10fafb7a158f7737e5d\windows-amd64;C:\Users\NeHaL\.gradle\native\53dbd7edfb1c66fb8903c78663c9afc45aea4f116125fa6feffd364cf09443e8\windows-amd64

VM Arguments:
jvm_args: --add-opens=java.base/java.util=ALL-UNNAMED --add-opens=java.base/java.lang=ALL-UNNAMED --add-opens=java.base/java.lang.invoke=ALL-UNNAMED --add-opens=java.base/java.util=ALL-UNNAMED --add-opens=java.prefs/java.util.prefs=ALL-UNNAMED --add-opens=java.prefs/java.util.prefs=ALL-UNNAMED --add-opens=java.base/java.nio.charset=ALL-UNNAMED --add-opens=java.base/java.net=ALL-UNNAMED --add-opens=java.base/java.util.concurrent.atomic=ALL-UNNAMED -Xmx2048m -Dfile.encoding=UTF-8 -Duser.country=IN -Duser.language=en -Duser.variant 
java_command: org.gradle.launcher.daemon.bootstrap.GradleDaemon 7.0.2
java_class_path (initial): C:\Users\NeHaL\.gradle\wrapper\dists\gradle-7.0.2-bin\857tjihv64xamwrf0h14cai3r\gradle-7.0.2\lib\gradle-launcher-7.0.2.jar
Launcher Type: SUN_STANDARD

[Global flags]
     intx CICompilerCount                          = 4                                         {product} {ergonomic}
     uint ConcGCThreads                            = 3                                         {product} {ergonomic}
     uint G1ConcRefinementThreads                  = 10                                        {product} {ergonomic}
   size_t G1HeapRegionSize                         = 1048576                                   {product} {ergonomic}
    uintx GCDrainStackTargetSize                   = 64                                        {product} {ergonomic}
   size_t InitialHeapSize                          = 134217728                                 {product} {ergonomic}
   size_t MarkStackSize                            = 4194304                                   {product} {ergonomic}
   size_t MaxHeapSize                              = 2147483648                                {product} {command line}
   size_t MaxNewSize                               = 1287651328                                {product} {ergonomic}
   size_t MinHeapDeltaBytes                        = 1048576                                   {product} {ergonomic}
    uintx NonNMethodCodeHeapSize                   = 5836300                                {pd product} {ergonomic}
    uintx NonProfiledCodeHeapSize                  = 122910970                              {pd product} {ergonomic}
    uintx ProfiledCodeHeapSize                     = 122910970                              {pd product} {ergonomic}
    uintx ReservedCodeCacheSize                    = 251658240                              {pd product} {ergonomic}
     bool SegmentedCodeCache                       = true                                      {product} {ergonomic}
     bool UseCompressedClassPointers               = true                                 {lp64_product} {ergonomic}
     bool UseCompressedOops                        = true                                 {lp64_product} {ergonomic}
     bool UseG1GC                                  = true                                      {product} {ergonomic}
     bool UseLargePagesIndividualAllocation        = false                                  {pd product} {ergonomic}

Logging:
Log output configuration:
 #0: stdout all=warning uptime,level,tags
 #1: stderr all=off uptime,level,tags

Environment Variables:
PATH=C:\Program Files (x86)\Common Files\Intel\Shared Libraries\redist\intel64\compiler;C:\Program Files\Common Files\Oracle\Java\javapath;C:\Windows\system32;C:\Windows;C:\Windows\System32\Wbem;C:\Windows\System32\WindowsPowerShell\v1.0\;C:\Windows\System32\OpenSSH\;C:\Program Files\NVIDIA Corporation\NVIDIA NvDLISR;C:\Program Files (x86)\NVIDIA Corporation\PhysX\Common;C:\Program Files\nodejs\;C:\ProgramData\chocolatey\bin;C:\Program Files\Git\cmd;C:\Program Files\Cloudflare\Cloudflare WARP;C:\Users\NeHaL\AppData\Local\Microsoft\WindowsApps;C:\Program Files\JetBrains\IntelliJ IDEA Community Edition 2021.2.2\bin;;C:\Program Files\JetBrains\PyCharm Community Edition 2021.2.2\bin;;C:\Users\NeHaL\AppData\Local\Programs\Microsoft VS Code\bin;C:\Users\NeHaL\AppData\Roaming\npm;C:\Program Files\MongoDB\Server\5.0\bin;
USERNAME=NeHaL
OS=Windows_NT
PROCESSOR_IDENTIFIER=AMD64 Family 23 Model 113 Stepping 0, AuthenticAMD



---------------  S Y S T E M  ---------------

OS: Windows 10 , 64 bit Build 22000 (10.0.22000.318)
OS uptime: 0 days 0:45 hours

CPU:total 12 (initial active 12) (12 cores per cpu, 2 threads per core) family 23 model 113 stepping 0 microcode 0x0, cmov, cx8, fxsr, mmx, sse, sse2, sse3, ssse3, sse4.1, sse4.2, popcnt, avx, avx2, aes, clmul, mmxext, 3dnowpref, lzcnt, sse4a, ht, tsc, tscinvbit, tscinv, bmi1, bmi2, adx,

Memory: 4k page, system-wide physical 8144M (1790M free)
TotalPageFile size 8144M (AvailPageFile size 33M)
current process WorkingSet (physical memory assigned to process): 357M, peak: 358M
current process commit charge ("private bytes"): 399M, peak: 430M

vm_info: OpenJDK 64-Bit Server VM (11.0.10+0-b96-7249189) for windows-amd64 JRE (11.0.10+0-b96-7249189), built on Mar 31 2021 21:44:00 by "builder" with MS VC++ 14.0 (VS2015)

END.
