#
# There is insufficient memory for the Java Runtime Environment to continue.
# Native memory allocation (mmap) failed to map 38797312 bytes for Failed to commit area from 0x000000008b900000 to 0x000000008de00000 of length 38797312.
# Possible reasons:
#   The system is out of physical RAM or swap space
#   The process is running with CompressedOops enabled, and the Java Heap may be blocking the growth of the native heap
# Possible solutions:
#   Reduce memory load on the system
#   Increase physical memory or swap space
#   Check if swap backing store is full
#   Decrease Java heap size (-Xmx/-Xms)
#   Decrease number of Java threads
#   Decrease Java thread stack sizes (-Xss)
#   Set larger code cache with -XX:ReservedCodeCacheSize=
#   JVM is running with Unscaled Compressed Oops mode in which the Java heap is
#     placed in the first 4GB address space. The Java Heap base address is the
#     maximum limit for the native heap growth. Please use -XX:HeapBaseMinAddress
#     to set the Java Heap base and to place the Java Heap above 4GB virtual address.
# This output file may be truncated or incomplete.
#
#  Out of Memory Error (./src/hotspot/os/windows/os_windows.cpp:3301), pid=13712, tid=7476
#
# JRE version: OpenJDK Runtime Environment (11.0.10) (build 11.0.10+0-b96-7249189)
# Java VM: OpenJDK 64-Bit Server VM (11.0.10+0-b96-7249189, mixed mode, tiered, compressed oops, g1 gc, windows-amd64)
# No core dump will be written. Minidumps are not enabled by default on client versions of Windows
#

---------------  S U M M A R Y ------------

Command Line: --add-opens=java.base/java.util=ALL-UNNAMED --add-opens=java.base/java.lang=ALL-UNNAMED --add-opens=java.base/java.lang.invoke=ALL-UNNAMED --add-opens=java.base/java.util=ALL-UNNAMED --add-opens=java.prefs/java.util.prefs=ALL-UNNAMED --add-opens=java.prefs/java.util.prefs=ALL-UNNAMED --add-opens=java.base/java.nio.charset=ALL-UNNAMED --add-opens=java.base/java.net=ALL-UNNAMED --add-opens=java.base/java.util.concurrent.atomic=ALL-UNNAMED -Xmx2048m -Dfile.encoding=UTF-8 -Duser.country=IN -Duser.language=en -Duser.variant org.gradle.launcher.daemon.bootstrap.GradleDaemon 7.0.2

Host: AMD Ryzen 5 3600 6-Core Processor              , 12 cores, 7G,  Windows 10 , 64 bit Build 22000 (10.0.22000.318)
Time: Mon Dec 27 23:34:13 2021 India Standard Time elapsed time: 6.518588 seconds (0d 0h 0m 6s)

---------------  T H R E A D  ---------------

Current thread (0x0000016dda36e800):  VMThread "VM Thread" [stack: 0x00000042a0b00000,0x00000042a0c00000] [id=7476]

Stack: [0x00000042a0b00000,0x00000042a0c00000]
[error occurred during error reporting (printing stack bounds), id 0xc0000005, EXCEPTION_ACCESS_VIOLATION (0xc0000005) at pc=0x0000016dc35a0f2d]

Native frames: (J=compiled Java code, j=interpreted, Vv=VM code, C=native code)
V  [jvm.dll+0x5ecfaa]
V  [jvm.dll+0x722bd5]
V  [jvm.dll+0x72412d]
V  [jvm.dll+0x724745]
V  [jvm.dll+0x7246fb]
V  [jvm.dll+0x5ec348]
V  [jvm.dll+0x5ecad8]
C  [ntdll.dll+0xa82ff]
C  [ntdll.dll+0x35a0a]
C  [ntdll.dll+0xa730e]
C  0x0000016dc35a0f2d

VM_Operation (0x00000042a59f8ee0): G1CollectForAllocation, mode: safepoint, requested by thread 0x0000016de54d5800


---------------  P R O C E S S  ---------------

Threads class SMR info:
_java_thread_list=0x0000016de0818490, length=73, elements={
0x0000016dbfab4800, 0x0000016dda370800, 0x0000016dda373800, 0x0000016dda38e000,
0x0000016dda38f000, 0x0000016dda390000, 0x0000016dda394000, 0x0000016dda395800,
0x0000016ddacec000, 0x0000016ddae45000, 0x0000016ddbee5800, 0x0000016ddd037800,
0x0000016ddb021800, 0x0000016ddbd13800, 0x0000016ddc6d1000, 0x0000016ddcd37000,
0x0000016ddcd89800, 0x0000016dddddc000, 0x0000016dddf11000, 0x0000016ddb522800,
0x0000016ddb525000, 0x0000016ddb520000, 0x0000016ddb524000, 0x0000016ddb525800,
0x0000016ddb526800, 0x0000016ddb521000, 0x0000016ddb523000, 0x0000016dde8bc800,
0x0000016dde8bd800, 0x0000016dde8be000, 0x0000016dde8bf000, 0x0000016dde8c0000,
0x0000016dde8bc000, 0x0000016dde8c3000, 0x0000016dde8c7000, 0x0000016dde8c8000,
0x0000016dde8c9000, 0x0000016dde8c9800, 0x0000016dde8c4000, 0x0000016dde8c5800,
0x0000016dde8c6800, 0x0000016dde8c5000, 0x0000016de04b8000, 0x0000016de04b5800,
0x0000016de04b7000, 0x0000016de04b2000, 0x0000016de04b6000, 0x0000016de04b4800,
0x0000016de04b8800, 0x0000016de04b4000, 0x0000016de04b3000, 0x0000016de04bc000,
0x0000016de04bb000, 0x0000016de04ba800, 0x0000016de04bc800, 0x0000016de04be800,
0x0000016de04bd800, 0x0000016de04bf000, 0x0000016de04b9800, 0x0000016de04c0000,
0x0000016de54d6800, 0x0000016de54d8000, 0x0000016de54d7000, 0x0000016de54d3000,
0x0000016de54d4000, 0x0000016de54d4800, 0x0000016de54d5800, 0x0000016de54d2800,
0x0000016de54dc000, 0x0000016de54dd800, 0x0000016de54dd000, 0x0000016de54de800,
0x0000016de54d9000
}

Java Threads: ( => current thread )
  0x0000016dbfab4800 JavaThread "main" [_thread_blocked, id=12236, stack(0x00000042a0500000,0x00000042a0600000)]
  0x0000016dda370800 JavaThread "Reference Handler" daemon [_thread_blocked, id=968, stack(0x00000042a0c00000,0x00000042a0d00000)]
  0x0000016dda373800 JavaThread "Finalizer" daemon [_thread_blocked, id=14100, stack(0x00000042a0d00000,0x00000042a0e00000)]
  0x0000016dda38e000 JavaThread "Signal Dispatcher" daemon [_thread_blocked, id=1812, stack(0x00000042a0e00000,0x00000042a0f00000)]
  0x0000016dda38f000 JavaThread "Attach Listener" daemon [_thread_blocked, id=13016, stack(0x00000042a0f00000,0x00000042a1000000)]
  0x0000016dda390000 JavaThread "Service Thread" daemon [_thread_blocked, id=8636, stack(0x00000042a1000000,0x00000042a1100000)]
  0x0000016dda394000 JavaThread "C2 CompilerThread0" daemon [_thread_blocked, id=3004, stack(0x00000042a1100000,0x00000042a1200000)]
  0x0000016dda395800 JavaThread "C1 CompilerThread0" daemon [_thread_blocked, id=13960, stack(0x00000042a1200000,0x00000042a1300000)]
  0x0000016ddacec000 JavaThread "Sweeper thread" daemon [_thread_blocked, id=14636, stack(0x00000042a1300000,0x00000042a1400000)]
  0x0000016ddae45000 JavaThread "Common-Cleaner" daemon [_thread_blocked, id=7792, stack(0x00000042a1400000,0x00000042a1500000)]
  0x0000016ddbee5800 JavaThread "Daemon health stats" [_thread_blocked, id=15156, stack(0x00000042a1a00000,0x00000042a1b00000)]
  0x0000016ddd037800 JavaThread "Incoming local TCP Connector on port 52646" [_thread_in_native, id=10164, stack(0x00000042a1600000,0x00000042a1700000)]
  0x0000016ddb021800 JavaThread "Daemon periodic checks" [_thread_blocked, id=2376, stack(0x00000042a1700000,0x00000042a1800000)]
  0x0000016ddbd13800 JavaThread "Daemon" [_thread_blocked, id=7472, stack(0x00000042a1b00000,0x00000042a1c00000)]
  0x0000016ddc6d1000 JavaThread "Handler for socket connection from /127.0.0.1:52646 to /127.0.0.1:52647" [_thread_in_native, id=4476, stack(0x00000042a1c00000,0x00000042a1d00000)]
  0x0000016ddcd37000 JavaThread "Cancel handler" [_thread_blocked, id=1960, stack(0x00000042a1d00000,0x00000042a1e00000)]
  0x0000016ddcd89800 JavaThread "Daemon worker" [_thread_blocked, id=8644, stack(0x00000042a1e00000,0x00000042a1f00000)]
  0x0000016dddddc000 JavaThread "Asynchronous log dispatcher for DefaultDaemonConnection: socket connection from /127.0.0.1:52646 to /127.0.0.1:52647" [_thread_blocked, id=10808, stack(0x00000042a1f00000,0x00000042a2000000)]
  0x0000016dddf11000 JavaThread "Stdin handler" [_thread_blocked, id=2012, stack(0x00000042a2000000,0x00000042a2100000)]
  0x0000016ddb522800 JavaThread "Daemon client event forwarder" [_thread_blocked, id=13460, stack(0x00000042a2100000,0x00000042a2200000)]
  0x0000016ddb525000 JavaThread "Cache worker for file hash cache (C:\Users\NeHaL\.gradle\caches\7.0.2\fileHashes)" [_thread_blocked, id=9640, stack(0x00000042a2900000,0x00000042a2a00000)]
  0x0000016ddb520000 JavaThread "File lock request listener" [_thread_in_native, id=9792, stack(0x00000042a2a00000,0x00000042a2b00000)]
  0x0000016ddb524000 JavaThread "Cache worker for journal cache (C:\Users\NeHaL\.gradle\caches\journal-1)" [_thread_blocked, id=4192, stack(0x00000042a2d00000,0x00000042a2e00000)]
  0x0000016ddb525800 JavaThread "C2 CompilerThread1" daemon [_thread_in_native, id=10460, stack(0x00000042a2e00000,0x00000042a2f00000)]
  0x0000016ddb526800 JavaThread "Cache worker for file hash cache (C:\Users\NeHaL\AndroidStudioProjects\SmartTourApp\.gradle\7.0.2\fileHashes)" [_thread_blocked, id=4912, stack(0x00000042a2f00000,0x00000042a3000000)]
  0x0000016ddb521000 JavaThread "File watcher server" daemon [_thread_blocked, id=1788, stack(0x00000042a3000000,0x00000042a3100000)]
  0x0000016ddb523000 JavaThread "File watcher consumer" daemon [_thread_blocked, id=15292, stack(0x00000042a3100000,0x00000042a3200000)]
  0x0000016dde8bc800 JavaThread "Cache worker for checksums cache (C:\Users\NeHaL\AndroidStudioProjects\SmartTourApp\.gradle\checksums)" [_thread_blocked, id=1308, stack(0x00000042a3200000,0x00000042a3300000)]
  0x0000016dde8bd800 JavaThread "Cache worker for cache directory md-supplier (C:\Users\NeHaL\.gradle\caches\7.0.2\md-supplier)" [_thread_blocked, id=6572, stack(0x00000042a3300000,0x00000042a3400000)]
  0x0000016dde8be000 JavaThread "Cache worker for cache directory md-rule (C:\Users\NeHaL\.gradle\caches\7.0.2\md-rule)" [_thread_blocked, id=13404, stack(0x00000042a3400000,0x00000042a3500000)]
  0x0000016dde8bf000 JavaThread "C2 CompilerThread2" daemon [_thread_blocked, id=3996, stack(0x00000042a3500000,0x00000042a3600000)]
  0x0000016dde8c0000 JavaThread "Cache worker for execution history cache (C:\Users\NeHaL\.gradle\caches\7.0.2\executionHistory)" [_thread_blocked, id=1736, stack(0x00000042a3600000,0x00000042a3700000)]
  0x0000016dde8bc000 JavaThread "jar transforms" [_thread_blocked, id=12368, stack(0x00000042a3700000,0x00000042a3800000)]
  0x0000016dde8c3000 JavaThread "jar transforms Thread 2" [_thread_blocked, id=13044, stack(0x00000042a3800000,0x00000042a3900000)]
  0x0000016dde8c7000 JavaThread "Cache worker for file content cache (C:\Users\NeHaL\.gradle\caches\7.0.2\fileContent)" [_thread_blocked, id=12752, stack(0x00000042a3900000,0x00000042a3a00000)]
  0x0000016dde8c8000 JavaThread "Cache worker for dependencies-accessors (C:\Users\NeHaL\AndroidStudioProjects\SmartTourApp\.gradle\7.0.2\dependencies-accessors)" [_thread_blocked, id=3352, stack(0x00000042a3a00000,0x00000042a3b00000)]
  0x0000016dde8c9000 JavaThread "jar transforms Thread 3" [_thread_blocked, id=13148, stack(0x00000042a3b00000,0x00000042a3c00000)]
  0x0000016dde8c9800 JavaThread "Cache worker for Build Output Cleanup Cache (C:\Users\NeHaL\AndroidStudioProjects\SmartTourApp\.gradle\buildOutputCleanup)" [_thread_blocked, id=7128, stack(0x00000042a3c00000,0x00000042a3d00000)]
  0x0000016dde8c4000 JavaThread "Build operations" [_thread_blocked, id=14260, stack(0x00000042a3d00000,0x00000042a3e00000)]
  0x0000016dde8c5800 JavaThread "Build operations Thread 2" [_thread_blocked, id=1128, stack(0x00000042a3e00000,0x00000042a3f00000)]
  0x0000016dde8c6800 JavaThread "Build operations Thread 3" [_thread_blocked, id=7876, stack(0x00000042a3f00000,0x00000042a4000000)]
  0x0000016dde8c5000 JavaThread "Build operations Thread 4" [_thread_blocked, id=8452, stack(0x00000042a4000000,0x00000042a4100000)]
  0x0000016de04b8000 JavaThread "Build operations Thread 5" [_thread_blocked, id=5204, stack(0x00000042a4100000,0x00000042a4200000)]
  0x0000016de04b5800 JavaThread "Build operations Thread 6" [_thread_blocked, id=6840, stack(0x00000042a4200000,0x00000042a4300000)]
  0x0000016de04b7000 JavaThread "Build operations Thread 7" [_thread_blocked, id=13112, stack(0x00000042a4300000,0x00000042a4400000)]
  0x0000016de04b2000 JavaThread "Build operations Thread 8" [_thread_blocked, id=9028, stack(0x00000042a4400000,0x00000042a4500000)]
  0x0000016de04b6000 JavaThread "Build operations Thread 9" [_thread_blocked, id=11296, stack(0x00000042a4500000,0x00000042a4600000)]
  0x0000016de04b4800 JavaThread "Build operations Thread 10" [_thread_blocked, id=3464, stack(0x00000042a4600000,0x00000042a4700000)]
  0x0000016de04b8800 JavaThread "Build operations Thread 11" [_thread_blocked, id=8652, stack(0x00000042a4700000,0x00000042a4800000)]
  0x0000016de04b4000 JavaThread "Build operations Thread 12" [_thread_blocked, id=3852, stack(0x00000042a4800000,0x00000042a4900000)]
  0x0000016de04b3000 JavaThread "jar transforms Thread 4" [_thread_blocked, id=896, stack(0x00000042a4900000,0x00000042a4a00000)]
  0x0000016de04bc000 JavaThread "jar transforms Thread 5" [_thread_blocked, id=8980, stack(0x00000042a4a00000,0x00000042a4b00000)]
  0x0000016de04bb000 JavaThread "jar transforms Thread 6" [_thread_blocked, id=11212, stack(0x00000042a4b00000,0x00000042a4c00000)]
  0x0000016de04ba800 JavaThread "jar transforms Thread 7" [_thread_blocked, id=7936, stack(0x00000042a4c00000,0x00000042a4d00000)]
  0x0000016de04bc800 JavaThread "jar transforms Thread 8" [_thread_blocked, id=12380, stack(0x00000042a4d00000,0x00000042a4e00000)]
  0x0000016de04be800 JavaThread "jar transforms Thread 9" [_thread_blocked, id=10172, stack(0x00000042a4e00000,0x00000042a4f00000)]
  0x0000016de04bd800 JavaThread "jar transforms Thread 10" [_thread_blocked, id=2548, stack(0x00000042a4f00000,0x00000042a5000000)]
  0x0000016de04bf000 JavaThread "jar transforms Thread 11" [_thread_blocked, id=8328, stack(0x00000042a5000000,0x00000042a5100000)]
  0x0000016de04b9800 JavaThread "jar transforms Thread 12" [_thread_blocked, id=10832, stack(0x00000042a5100000,0x00000042a5200000)]
  0x0000016de04c0000 JavaThread "Memory manager" [_thread_blocked, id=2780, stack(0x00000042a5200000,0x00000042a5300000)]
  0x0000016de54d6800 JavaThread "build event listener" [_thread_blocked, id=14352, stack(0x00000042a5300000,0x00000042a5400000)]
  0x0000016de54d8000 JavaThread "Execution worker for ':'" [_thread_blocked, id=4728, stack(0x00000042a5400000,0x00000042a5500000)]
  0x0000016de54d7000 JavaThread "Execution worker for ':' Thread 2" [_thread_blocked, id=5728, stack(0x00000042a5500000,0x00000042a5600000)]
  0x0000016de54d3000 JavaThread "Execution worker for ':' Thread 3" [_thread_blocked, id=2636, stack(0x00000042a5600000,0x00000042a5700000)]
  0x0000016de54d4000 JavaThread "Execution worker for ':' Thread 4" [_thread_blocked, id=15236, stack(0x00000042a5700000,0x00000042a5800000)]
  0x0000016de54d4800 JavaThread "Execution worker for ':' Thread 5" [_thread_blocked, id=1808, stack(0x00000042a5800000,0x00000042a5900000)]
  0x0000016de54d5800 JavaThread "Execution worker for ':' Thread 6" [_thread_blocked, id=10500, stack(0x00000042a5900000,0x00000042a5a00000)]
  0x0000016de54d2800 JavaThread "Execution worker for ':' Thread 7" [_thread_blocked, id=11444, stack(0x00000042a5a00000,0x00000042a5b00000)]
  0x0000016de54dc000 JavaThread "Execution worker for ':' Thread 8" [_thread_blocked, id=11736, stack(0x00000042a5b00000,0x00000042a5c00000)]
  0x0000016de54dd800 JavaThread "Execution worker for ':' Thread 9" [_thread_blocked, id=3656, stack(0x00000042a5c00000,0x00000042a5d00000)]
  0x0000016de54dd000 JavaThread "Execution worker for ':' Thread 10" [_thread_blocked, id=10152, stack(0x00000042a5d00000,0x00000042a5e00000)]
  0x0000016de54de800 JavaThread "Execution worker for ':' Thread 11" [_thread_blocked, id=2452, stack(0x00000042a5e00000,0x00000042a5f00000)]
  0x0000016de54d9000 JavaThread "Cache worker for execution history cache (C:\Users\NeHaL\AndroidStudioProjects\SmartTourApp\.gradle\7.0.2\executionHistory)" [_thread_blocked, id=12084, stack(0x00000042a5f00000,0x00000042a6000000)]

Other Threads:
=>0x0000016dda36e800 VMThread "VM Thread" [stack: 0x00000042a0b00000,0x00000042a0c00000] [id=7476]
  0x0000016ddae75000 WatcherThread [stack: 0x00000042a1500000,0x00000042a1600000] [id=13196]
  0x0000016dbfacb800 GCTaskThread "GC Thread#0" [stack: 0x00000042a0600000,0x00000042a0700000] [id=14388]
  0x0000016ddbfc4800 GCTaskThread "GC Thread#1" [stack: 0x00000042a1800000,0x00000042a1900000] [id=4580]
  0x0000016ddbce9800 GCTaskThread "GC Thread#2" [stack: 0x00000042a1900000,0x00000042a1a00000] [id=8648]
  0x0000016ddcfda800 GCTaskThread "GC Thread#3" [stack: 0x00000042a2200000,0x00000042a2300000] [id=14900]
  0x0000016ddc869800 GCTaskThread "GC Thread#4" [stack: 0x00000042a2300000,0x00000042a2400000] [id=15020]
  0x0000016ddcae9000 GCTaskThread "GC Thread#5" [stack: 0x00000042a2400000,0x00000042a2500000] [id=14124]
  0x0000016ddd0d3800 GCTaskThread "GC Thread#6" [stack: 0x00000042a2500000,0x00000042a2600000] [id=4252]
  0x0000016ddd1c3800 GCTaskThread "GC Thread#7" [stack: 0x00000042a2600000,0x00000042a2700000] [id=14444]
  0x0000016ddc733000 GCTaskThread "GC Thread#8" [stack: 0x00000042a2700000,0x00000042a2800000] [id=9392]
  0x0000016ddc214000 GCTaskThread "GC Thread#9" [stack: 0x00000042a2800000,0x00000042a2900000] [id=5964]
  0x0000016dbfafd000 ConcurrentGCThread "G1 Main Marker" [stack: 0x00000042a0700000,0x00000042a0800000] [id=5856]
  0x0000016dbfafe800 ConcurrentGCThread "G1 Conc#0" [stack: 0x00000042a0800000,0x00000042a0900000] [id=6128]
  0x0000016ddc751000 ConcurrentGCThread "G1 Conc#1" [stack: 0x00000042a2b00000,0x00000042a2c00000] [id=9720]
  0x0000016ddd416800 ConcurrentGCThread "G1 Conc#2" [stack: 0x00000042a2c00000,0x00000042a2d00000] [id=6744]
  0x0000016dda1c2800 ConcurrentGCThread "G1 Refine#0" [stack: 0x00000042a0900000,0x00000042a0a00000] [id=3364]
  0x0000016dbfb8c000 ConcurrentGCThread "G1 Young RemSet Sampling" [stack: 0x00000042a0a00000,0x00000042a0b00000] [id=14960]

Threads with active compile tasks:
C2 CompilerThread0   6525 9467       4       org.apache.xerces.impl.XMLEntityScanner::scanLiteral (746 bytes)
C1 CompilerThread0   6525 9485       3       org.apache.xerces.impl.XMLDocumentScannerImpl::getRecognizedFeatures (54 bytes)
C2 CompilerThread1   6525 9427       4       org.apache.xerces.parsers.XML11Configuration::addRecognizedParamsAndSetDefaults (165 bytes)
C2 CompilerThread2   6525 9475       4       org.apache.xerces.impl.XMLEntityScanner::scanQName (479 bytes)

VM state:at safepoint (normal execution)

VM Mutex/Monitor currently owned by a thread:  ([mutex/lock_event])
[0x0000016dbfab2900] Threads_lock - owner thread: 0x0000016dda36e800
[0x0000016dbfab1c10] Heap_lock - owner thread: 0x0000016de54d5800

Heap address: 0x0000000080000000, size: 2048 MB, Compressed Oops mode: 32-bit
Narrow klass base: 0x0000000000000000, Narrow klass shift: 3
Compressed class space size: 1073741824 Address: 0x0000000100000000

Heap:
 garbage-first heap   total 227328K, used 71047K [0x0000000080000000, 0x0000000100000000)
  region size 1024K, 11 young (11264K), 11 survivors (11264K)
 Metaspace       used 81806K, capacity 84269K, committed 84480K, reserved 1122304K
  class space    used 10697K, capacity 11577K, committed 11596K, reserved 1048576K
Heap Regions: E=young(eden), S=young(survivor), O=old, HS=humongous(starts), HC=humongous(continues), CS=collection set, F=free, A=archive, TAMS=top-at-mark-start (previous, next)
|   0|0x0000000080000000, 0x0000000080100000, 0x0000000080100000|100%| O|  |TAMS 0x0000000080100000, 0x0000000080000000| Untracked 
|   1|0x0000000080100000, 0x0000000080200000, 0x0000000080200000|100%| O|  |TAMS 0x0000000080200000, 0x0000000080100000| Untracked 
|   2|0x0000000080200000, 0x0000000080300000, 0x0000000080300000|100%| O|  |TAMS 0x0000000080300000, 0x0000000080200000| Untracked 
|   3|0x0000000080300000, 0x0000000080400000, 0x0000000080400000|100%|HS|  |TAMS 0x0000000080400000, 0x0000000080300000| Complete 
|   4|0x0000000080400000, 0x0000000080500000, 0x0000000080500000|100%|HC|  |TAMS 0x0000000080500000, 0x0000000080400000| Complete 
|   5|0x0000000080500000, 0x0000000080600000, 0x0000000080600000|100%|HC|  |TAMS 0x0000000080600000, 0x0000000080500000| Complete 
|   6|0x0000000080600000, 0x0000000080700000, 0x0000000080700000|100%| O|  |TAMS 0x0000000080700000, 0x0000000080600000| Untracked 
|   7|0x0000000080700000, 0x0000000080800000, 0x0000000080800000|100%| O|  |TAMS 0x0000000080800000, 0x0000000080700000| Untracked 
|   8|0x0000000080800000, 0x0000000080900000, 0x0000000080900000|100%| O|  |TAMS 0x0000000080900000, 0x0000000080800000| Untracked 
|   9|0x0000000080900000, 0x0000000080a00000, 0x0000000080a00000|100%| O|  |TAMS 0x0000000080a00000, 0x0000000080900000| Untracked 
|  10|0x0000000080a00000, 0x0000000080b00000, 0x0000000080b00000|100%| O|  |TAMS 0x0000000080b00000, 0x0000000080a00000| Untracked 
|  11|0x0000000080b00000, 0x0000000080c00000, 0x0000000080c00000|100%| O|  |TAMS 0x0000000080c00000, 0x0000000080b00000| Untracked 
|  12|0x0000000080c00000, 0x0000000080d00000, 0x0000000080d00000|100%| O|  |TAMS 0x0000000080d00000, 0x0000000080c00000| Untracked 
|  13|0x0000000080d00000, 0x0000000080e00000, 0x0000000080e00000|100%| O|  |TAMS 0x0000000080e00000, 0x0000000080d00000| Untracked 
|  14|0x0000000080e00000, 0x0000000080f00000, 0x0000000080f00000|100%| O|  |TAMS 0x0000000080f00000, 0x0000000080e00000| Untracked 
|  15|0x0000000080f00000, 0x0000000081000000, 0x0000000081000000|100%| O|  |TAMS 0x0000000081000000, 0x0000000080f00000| Untracked 
|  16|0x0000000081000000, 0x0000000081100000, 0x0000000081100000|100%|HS|  |TAMS 0x0000000081100000, 0x0000000081000000| Complete 
|  17|0x0000000081100000, 0x0000000081200000, 0x0000000081200000|100%| O|  |TAMS 0x0000000081200000, 0x0000000081100000| Untracked 
|  18|0x0000000081200000, 0x0000000081300000, 0x0000000081300000|100%| O|  |TAMS 0x0000000081300000, 0x0000000081200000| Untracked 
|  19|0x0000000081300000, 0x0000000081400000, 0x0000000081400000|100%| O|  |TAMS 0x0000000081400000, 0x0000000081300000| Untracked 
|  20|0x0000000081400000, 0x0000000081500000, 0x0000000081500000|100%| O|  |TAMS 0x0000000081500000, 0x0000000081400000| Untracked 
|  21|0x0000000081500000, 0x0000000081600000, 0x0000000081600000|100%| O|  |TAMS 0x0000000081600000, 0x0000000081500000| Untracked 
|  22|0x0000000081600000, 0x0000000081700000, 0x0000000081700000|100%| O|  |TAMS 0x0000000081700000, 0x0000000081600000| Untracked 
|  23|0x0000000081700000, 0x0000000081800000, 0x0000000081800000|100%|HS|  |TAMS 0x0000000081800000, 0x0000000081700000| Complete 
|  24|0x0000000081800000, 0x0000000081900000, 0x0000000081900000|100%|HS|  |TAMS 0x0000000081900000, 0x0000000081800000| Complete 
|  25|0x0000000081900000, 0x0000000081a00000, 0x0000000081a00000|100%|HC|  |TAMS 0x0000000081a00000, 0x0000000081900000| Complete 
|  26|0x0000000081a00000, 0x0000000081b00000, 0x0000000081b00000|100%| O|  |TAMS 0x0000000081b00000, 0x0000000081a00000| Untracked 
|  27|0x0000000081b00000, 0x0000000081c00000, 0x0000000081c00000|100%| O|  |TAMS 0x0000000081c00000, 0x0000000081b00000| Untracked 
|  28|0x0000000081c00000, 0x0000000081d00000, 0x0000000081d00000|100%| O|  |TAMS 0x0000000081d00000, 0x0000000081c00000| Untracked 
|  29|0x0000000081d00000, 0x0000000081e00000, 0x0000000081e00000|100%| O|  |TAMS 0x0000000081e00000, 0x0000000081d00000| Untracked 
|  30|0x0000000081e00000, 0x0000000081f00000, 0x0000000081f00000|100%| O|  |TAMS 0x0000000081f00000, 0x0000000081e00000| Untracked 
|  31|0x0000000081f00000, 0x0000000082000000, 0x0000000082000000|100%| O|  |TAMS 0x0000000082000000, 0x0000000081f00000| Untracked 
|  32|0x0000000082000000, 0x0000000082100000, 0x0000000082100000|100%| O|  |TAMS 0x0000000082100000, 0x0000000082000000| Untracked 
|  33|0x0000000082100000, 0x0000000082200000, 0x0000000082200000|100%| O|  |TAMS 0x0000000082200000, 0x0000000082100000| Untracked 
|  34|0x0000000082200000, 0x0000000082300000, 0x0000000082300000|100%| O|  |TAMS 0x0000000082300000, 0x0000000082200000| Untracked 
|  35|0x0000000082300000, 0x0000000082400000, 0x0000000082400000|100%| O|  |TAMS 0x0000000082400000, 0x0000000082300000| Untracked 
|  36|0x0000000082400000, 0x0000000082500000, 0x0000000082500000|100%| O|  |TAMS 0x0000000082500000, 0x0000000082400000| Untracked 
|  37|0x0000000082500000, 0x0000000082600000, 0x0000000082600000|100%| O|  |TAMS 0x0000000082600000, 0x0000000082500000| Untracked 
|  38|0x0000000082600000, 0x0000000082700000, 0x0000000082700000|100%| O|  |TAMS 0x0000000082700000, 0x0000000082600000| Untracked 
|  39|0x0000000082700000, 0x0000000082800000, 0x0000000082800000|100%| O|  |TAMS 0x0000000082800000, 0x0000000082700000| Untracked 
|  40|0x0000000082800000, 0x0000000082900000, 0x0000000082900000|100%| O|  |TAMS 0x0000000082900000, 0x0000000082800000| Untracked 
|  41|0x0000000082900000, 0x0000000082a00000, 0x0000000082a00000|100%| O|  |TAMS 0x0000000082a00000, 0x0000000082900000| Untracked 
|  42|0x0000000082a00000, 0x0000000082b00000, 0x0000000082b00000|100%| O|  |TAMS 0x0000000082a00000, 0x0000000082a00000| Untracked 
|  43|0x0000000082b00000, 0x0000000082c00000, 0x0000000082c00000|100%| O|  |TAMS 0x0000000082b00000, 0x0000000082b00000| Untracked 
|  44|0x0000000082c00000, 0x0000000082d00000, 0x0000000082d00000|100%| O|  |TAMS 0x0000000082c00000, 0x0000000082c00000| Untracked 
|  45|0x0000000082d00000, 0x0000000082e00000, 0x0000000082e00000|100%| O|  |TAMS 0x0000000082d00000, 0x0000000082d00000| Untracked 
|  46|0x0000000082e00000, 0x0000000082f00000, 0x0000000082f00000|100%| O|  |TAMS 0x0000000082e00000, 0x0000000082e00000| Untracked 
|  47|0x0000000082f00000, 0x0000000083000000, 0x0000000083000000|100%| O|  |TAMS 0x0000000082f00000, 0x0000000082f00000| Untracked 
|  48|0x0000000083000000, 0x0000000083100000, 0x0000000083100000|100%| O|  |TAMS 0x0000000083000000, 0x0000000083000000| Untracked 
|  49|0x0000000083100000, 0x0000000083200000, 0x0000000083200000|100%| O|  |TAMS 0x0000000083100000, 0x0000000083100000| Untracked 
|  50|0x0000000083200000, 0x0000000083300000, 0x0000000083300000|100%| O|  |TAMS 0x0000000083200000, 0x0000000083200000| Untracked 
|  51|0x0000000083300000, 0x0000000083400000, 0x0000000083400000|100%| O|  |TAMS 0x0000000083300000, 0x0000000083300000| Untracked 
|  52|0x0000000083400000, 0x0000000083500000, 0x0000000083500000|100%| O|  |TAMS 0x0000000083400000, 0x0000000083400000| Untracked 
|  53|0x0000000083500000, 0x0000000083600000, 0x0000000083600000|100%| O|  |TAMS 0x0000000083500000, 0x0000000083500000| Untracked 
|  54|0x0000000083600000, 0x0000000083700000, 0x0000000083700000|100%| O|  |TAMS 0x0000000083600000, 0x0000000083600000| Untracked 
|  55|0x0000000083700000, 0x0000000083800000, 0x0000000083800000|100%| O|  |TAMS 0x0000000083700000, 0x0000000083700000| Untracked 
|  56|0x0000000083800000, 0x0000000083900000, 0x0000000083900000|100%| O|  |TAMS 0x0000000083800000, 0x0000000083800000| Untracked 
|  57|0x0000000083900000, 0x0000000083a00000, 0x0000000083a00000|100%| O|  |TAMS 0x0000000083900000, 0x0000000083900000| Untracked 
|  58|0x0000000083a00000, 0x0000000083adba00, 0x0000000083b00000| 85%| O|  |TAMS 0x0000000083a00000, 0x0000000083a00000| Untracked 
|  59|0x0000000083b00000, 0x0000000083b00000, 0x0000000083c00000|  0%| F|  |TAMS 0x0000000083b00000, 0x0000000083b00000| Untracked 
|  60|0x0000000083c00000, 0x0000000083c00000, 0x0000000083d00000|  0%| F|  |TAMS 0x0000000083c00000, 0x0000000083c00000| Untracked 
|  61|0x0000000083d00000, 0x0000000083d00000, 0x0000000083e00000|  0%| F|  |TAMS 0x0000000083d00000, 0x0000000083d00000| Untracked 
|  62|0x0000000083e00000, 0x0000000083e00000, 0x0000000083f00000|  0%| F|  |TAMS 0x0000000083e00000, 0x0000000083e00000| Untracked 
|  63|0x0000000083f00000, 0x0000000083f00000, 0x0000000084000000|  0%| F|  |TAMS 0x0000000083f00000, 0x0000000083f00000| Untracked 
|  64|0x0000000084000000, 0x0000000084000000, 0x0000000084100000|  0%| F|  |TAMS 0x0000000084000000, 0x0000000084000000| Untracked 
|  65|0x0000000084100000, 0x0000000084100000, 0x0000000084200000|  0%| F|  |TAMS 0x0000000084100000, 0x0000000084100000| Untracked 
|  66|0x0000000084200000, 0x0000000084200000, 0x0000000084300000|  0%| F|  |TAMS 0x0000000084200000, 0x0000000084200000| Untracked 
|  67|0x0000000084300000, 0x0000000084300000, 0x0000000084400000|  0%| F|  |TAMS 0x0000000084300000, 0x0000000084300000| Untracked 
|  68|0x0000000084400000, 0x0000000084400000, 0x0000000084500000|  0%| F|  |TAMS 0x0000000084400000, 0x0000000084400000| Untracked 
|  69|0x0000000084500000, 0x0000000084500000, 0x0000000084600000|  0%| F|  |TAMS 0x0000000084500000, 0x0000000084500000| Untracked 
|  70|0x0000000084600000, 0x0000000084600000, 0x0000000084700000|  0%| F|  |TAMS 0x0000000084600000, 0x0000000084600000| Untracked 
|  71|0x0000000084700000, 0x0000000084700000, 0x0000000084800000|  0%| F|  |TAMS 0x0000000084700000, 0x0000000084700000| Untracked 
|  72|0x0000000084800000, 0x0000000084800000, 0x0000000084900000|  0%| F|  |TAMS 0x0000000084800000, 0x0000000084800000| Untracked 
|  73|0x0000000084900000, 0x0000000084900000, 0x0000000084a00000|  0%| F|  |TAMS 0x0000000084900000, 0x0000000084900000| Untracked 
|  74|0x0000000084a00000, 0x0000000084a00000, 0x0000000084b00000|  0%| F|  |TAMS 0x0000000084a00000, 0x0000000084a00000| Untracked 
|  75|0x0000000084b00000, 0x0000000084b00000, 0x0000000084c00000|  0%| F|  |TAMS 0x0000000084b00000, 0x0000000084b00000| Untracked 
|  76|0x0000000084c00000, 0x0000000084c00000, 0x0000000084d00000|  0%| F|  |TAMS 0x0000000084c00000, 0x0000000084c00000| Untracked 
|  77|0x0000000084d00000, 0x0000000084d00000, 0x0000000084e00000|  0%| F|  |TAMS 0x0000000084d00000, 0x0000000084d00000| Untracked 
|  78|0x0000000084e00000, 0x0000000084e00000, 0x0000000084f00000|  0%| F|  |TAMS 0x0000000084e00000, 0x0000000084e00000| Untracked 
|  79|0x0000000084f00000, 0x0000000084f00000, 0x0000000085000000|  0%| F|  |TAMS 0x0000000084f00000, 0x0000000084f00000| Untracked 
|  80|0x0000000085000000, 0x0000000085000000, 0x0000000085100000|  0%| F|  |TAMS 0x0000000085000000, 0x0000000085000000| Untracked 
|  81|0x0000000085100000, 0x0000000085100000, 0x0000000085200000|  0%| F|  |TAMS 0x0000000085100000, 0x0000000085100000| Untracked 
|  82|0x0000000085200000, 0x0000000085200000, 0x0000000085300000|  0%| F|  |TAMS 0x0000000085200000, 0x0000000085200000| Untracked 
|  83|0x0000000085300000, 0x0000000085300000, 0x0000000085400000|  0%| F|  |TAMS 0x0000000085300000, 0x0000000085300000| Untracked 
|  84|0x0000000085400000, 0x0000000085400000, 0x0000000085500000|  0%| F|  |TAMS 0x0000000085400000, 0x0000000085400000| Untracked 
|  85|0x0000000085500000, 0x0000000085500000, 0x0000000085600000|  0%| F|  |TAMS 0x0000000085500000, 0x0000000085500000| Untracked 
|  86|0x0000000085600000, 0x0000000085600000, 0x0000000085700000|  0%| F|  |TAMS 0x0000000085600000, 0x0000000085600000| Untracked 
|  87|0x0000000085700000, 0x0000000085700000, 0x0000000085800000|  0%| F|  |TAMS 0x0000000085700000, 0x0000000085700000| Untracked 
|  88|0x0000000085800000, 0x0000000085800000, 0x0000000085900000|  0%| F|  |TAMS 0x0000000085800000, 0x0000000085800000| Untracked 
|  89|0x0000000085900000, 0x0000000085900000, 0x0000000085a00000|  0%| F|  |TAMS 0x0000000085900000, 0x0000000085900000| Untracked 
|  90|0x0000000085a00000, 0x0000000085a00000, 0x0000000085b00000|  0%| F|  |TAMS 0x0000000085a00000, 0x0000000085a00000| Untracked 
|  91|0x0000000085b00000, 0x0000000085b86580, 0x0000000085c00000| 52%| S|CS|TAMS 0x0000000085b00000, 0x0000000085b00000| Complete 
|  92|0x0000000085c00000, 0x0000000085c00000, 0x0000000085d00000|  0%| F|  |TAMS 0x0000000085c00000, 0x0000000085c00000| Untracked 
|  93|0x0000000085d00000, 0x0000000085d00000, 0x0000000085e00000|  0%| F|  |TAMS 0x0000000085d00000, 0x0000000085d00000| Untracked 
|  94|0x0000000085e00000, 0x0000000085e00000, 0x0000000085f00000|  0%| F|  |TAMS 0x0000000085e00000, 0x0000000085e00000| Untracked 
|  95|0x0000000085f00000, 0x0000000085f00000, 0x0000000086000000|  0%| F|  |TAMS 0x0000000085f00000, 0x0000000085f00000| Untracked 
|  96|0x0000000086000000, 0x0000000086000000, 0x0000000086100000|  0%| F|  |TAMS 0x0000000086000000, 0x0000000086000000| Untracked 
|  97|0x0000000086100000, 0x0000000086200000, 0x0000000086200000|100%| S|CS|TAMS 0x0000000086100000, 0x0000000086100000| Complete 
|  98|0x0000000086200000, 0x0000000086300000, 0x0000000086300000|100%| S|CS|TAMS 0x0000000086200000, 0x0000000086200000| Complete 
|  99|0x0000000086300000, 0x0000000086400000, 0x0000000086400000|100%| S|CS|TAMS 0x0000000086300000, 0x0000000086300000| Complete 
| 100|0x0000000086400000, 0x0000000086500000, 0x0000000086500000|100%| S|CS|TAMS 0x0000000086400000, 0x0000000086400000| Complete 
| 101|0x0000000086500000, 0x0000000086600000, 0x0000000086600000|100%| S|CS|TAMS 0x0000000086500000, 0x0000000086500000| Complete 
| 102|0x0000000086600000, 0x0000000086700000, 0x0000000086700000|100%| S|CS|TAMS 0x0000000086600000, 0x0000000086600000| Complete 
| 103|0x0000000086700000, 0x0000000086800000, 0x0000000086800000|100%| S|CS|TAMS 0x0000000086700000, 0x0000000086700000| Complete 
| 104|0x0000000086800000, 0x0000000086900000, 0x0000000086900000|100%| S|CS|TAMS 0x0000000086800000, 0x0000000086800000| Complete 
| 105|0x0000000086900000, 0x0000000086a00000, 0x0000000086a00000|100%| S|CS|TAMS 0x0000000086900000, 0x0000000086900000| Complete 
| 106|0x0000000086a00000, 0x0000000086b00000, 0x0000000086b00000|100%| S|CS|TAMS 0x0000000086a00000, 0x0000000086a00000| Complete 
| 107|0x0000000086b00000, 0x0000000086b00000, 0x0000000086c00000|  0%| F|  |TAMS 0x0000000086b00000, 0x0000000086b00000| Untracked 
| 108|0x0000000086c00000, 0x0000000086c00000, 0x0000000086d00000|  0%| F|  |TAMS 0x0000000086c00000, 0x0000000086c00000| Untracked 
| 109|0x0000000086d00000, 0x0000000086d00000, 0x0000000086e00000|  0%| F|  |TAMS 0x0000000086d00000, 0x0000000086d00000| Untracked 
| 110|0x0000000086e00000, 0x0000000086e00000, 0x0000000086f00000|  0%| F|  |TAMS 0x0000000086e00000, 0x0000000086e00000| Untracked 
| 111|0x0000000086f00000, 0x0000000086f00000, 0x0000000087000000|  0%| F|  |TAMS 0x0000000086f00000, 0x0000000086f00000| Untracked 
| 112|0x0000000087000000, 0x0000000087000000, 0x0000000087100000|  0%| F|  |TAMS 0x0000000087000000, 0x0000000087000000| Untracked 
| 113|0x0000000087100000, 0x0000000087100000, 0x0000000087200000|  0%| F|  |TAMS 0x0000000087100000, 0x0000000087100000| Untracked 
| 114|0x0000000087200000, 0x0000000087200000, 0x0000000087300000|  0%| F|  |TAMS 0x0000000087200000, 0x0000000087200000| Untracked 
| 115|0x0000000087300000, 0x0000000087300000, 0x0000000087400000|  0%| F|  |TAMS 0x0000000087300000, 0x0000000087300000| Untracked 
| 116|0x0000000087400000, 0x0000000087400000, 0x0000000087500000|  0%| F|  |TAMS 0x0000000087400000, 0x0000000087400000| Untracked 
| 117|0x0000000087500000, 0x0000000087500000, 0x0000000087600000|  0%| F|  |TAMS 0x0000000087500000, 0x0000000087500000| Untracked 
| 118|0x0000000087600000, 0x0000000087600000, 0x0000000087700000|  0%| F|  |TAMS 0x0000000087600000, 0x0000000087600000| Untracked 
| 119|0x0000000087700000, 0x0000000087700000, 0x0000000087800000|  0%| F|  |TAMS 0x0000000087700000, 0x0000000087700000| Untracked 
| 120|0x0000000087800000, 0x0000000087800000, 0x0000000087900000|  0%| F|  |TAMS 0x0000000087800000, 0x0000000087800000| Untracked 
| 121|0x0000000087900000, 0x0000000087900000, 0x0000000087a00000|  0%| F|  |TAMS 0x0000000087900000, 0x0000000087900000| Untracked 
| 122|0x0000000087a00000, 0x0000000087a00000, 0x0000000087b00000|  0%| F|  |TAMS 0x0000000087a00000, 0x0000000087a00000| Untracked 
| 123|0x0000000087b00000, 0x0000000087b00000, 0x0000000087c00000|  0%| F|  |TAMS 0x0000000087b00000, 0x0000000087b00000| Untracked 
| 124|0x0000000087c00000, 0x0000000087c00000, 0x0000000087d00000|  0%| F|  |TAMS 0x0000000087c00000, 0x0000000087c00000| Untracked 
| 125|0x0000000087d00000, 0x0000000087d00000, 0x0000000087e00000|  0%| F|  |TAMS 0x0000000087d00000, 0x0000000087d00000| Untracked 
| 126|0x0000000087e00000, 0x0000000087e00000, 0x0000000087f00000|  0%| F|  |TAMS 0x0000000087e00000, 0x0000000087e00000| Untracked 
| 127|0x0000000087f00000, 0x0000000087f00000, 0x0000000088000000|  0%| F|  |TAMS 0x0000000087f00000, 0x0000000087f00000| Untracked 
| 128|0x0000000088000000, 0x0000000088000000, 0x0000000088100000|  0%| F|  |TAMS 0x0000000088000000, 0x0000000088000000| Untracked 
| 129|0x0000000088100000, 0x0000000088100000, 0x0000000088200000|  0%| F|  |TAMS 0x0000000088100000, 0x0000000088100000| Untracked 
| 130|0x0000000088200000, 0x0000000088200000, 0x0000000088300000|  0%| F|  |TAMS 0x0000000088200000, 0x0000000088200000| Untracked 
| 131|0x0000000088300000, 0x0000000088300000, 0x0000000088400000|  0%| F|  |TAMS 0x0000000088300000, 0x0000000088300000| Untracked 
| 132|0x0000000088400000, 0x0000000088400000, 0x0000000088500000|  0%| F|  |TAMS 0x0000000088400000, 0x0000000088400000| Untracked 
| 133|0x0000000088500000, 0x0000000088500000, 0x0000000088600000|  0%| F|  |TAMS 0x0000000088500000, 0x0000000088500000| Untracked 
| 134|0x0000000088600000, 0x0000000088600000, 0x0000000088700000|  0%| F|  |TAMS 0x0000000088600000, 0x0000000088600000| Untracked 
| 135|0x0000000088700000, 0x0000000088700000, 0x0000000088800000|  0%| F|  |TAMS 0x0000000088700000, 0x0000000088700000| Untracked 
| 136|0x0000000088800000, 0x0000000088800000, 0x0000000088900000|  0%| F|  |TAMS 0x0000000088800000, 0x0000000088800000| Untracked 
| 137|0x0000000088900000, 0x0000000088900000, 0x0000000088a00000|  0%| F|  |TAMS 0x0000000088900000, 0x0000000088900000| Untracked 
| 138|0x0000000088a00000, 0x0000000088a00000, 0x0000000088b00000|  0%| F|  |TAMS 0x0000000088a00000, 0x0000000088a00000| Untracked 
| 139|0x0000000088b00000, 0x0000000088b00000, 0x0000000088c00000|  0%| F|  |TAMS 0x0000000088b00000, 0x0000000088b00000| Untracked 
| 140|0x0000000088c00000, 0x0000000088c00000, 0x0000000088d00000|  0%| F|  |TAMS 0x0000000088c00000, 0x0000000088c00000| Untracked 
| 141|0x0000000088d00000, 0x0000000088d00000, 0x0000000088e00000|  0%| F|  |TAMS 0x0000000088d00000, 0x0000000088d00000| Untracked 
| 142|0x0000000088e00000, 0x0000000088e00000, 0x0000000088f00000|  0%| F|  |TAMS 0x0000000088e00000, 0x0000000088e00000| Untracked 
| 143|0x0000000088f00000, 0x0000000088f00000, 0x0000000089000000|  0%| F|  |TAMS 0x0000000088f00000, 0x0000000088f00000| Untracked 
| 144|0x0000000089000000, 0x0000000089000000, 0x0000000089100000|  0%| F|  |TAMS 0x0000000089000000, 0x0000000089000000| Untracked 
| 145|0x0000000089100000, 0x0000000089100000, 0x0000000089200000|  0%| F|  |TAMS 0x0000000089100000, 0x0000000089100000| Untracked 
| 146|0x0000000089200000, 0x0000000089200000, 0x0000000089300000|  0%| F|  |TAMS 0x0000000089200000, 0x0000000089200000| Untracked 
| 147|0x0000000089300000, 0x0000000089300000, 0x0000000089400000|  0%| F|  |TAMS 0x0000000089300000, 0x0000000089300000| Untracked 
| 148|0x0000000089400000, 0x0000000089400000, 0x0000000089500000|  0%| F|  |TAMS 0x0000000089400000, 0x0000000089400000| Untracked 
| 149|0x0000000089500000, 0x0000000089500000, 0x0000000089600000|  0%| F|  |TAMS 0x0000000089500000, 0x0000000089500000| Untracked 
| 150|0x0000000089600000, 0x0000000089600000, 0x0000000089700000|  0%| F|  |TAMS 0x0000000089600000, 0x0000000089600000| Untracked 
| 151|0x0000000089700000, 0x0000000089700000, 0x0000000089800000|  0%| F|  |TAMS 0x0000000089700000, 0x0000000089700000| Untracked 
| 152|0x0000000089800000, 0x0000000089800000, 0x0000000089900000|  0%| F|  |TAMS 0x0000000089800000, 0x0000000089800000| Untracked 
| 153|0x0000000089900000, 0x0000000089900000, 0x0000000089a00000|  0%| F|  |TAMS 0x0000000089900000, 0x0000000089900000| Untracked 
| 154|0x0000000089a00000, 0x0000000089a00000, 0x0000000089b00000|  0%| F|  |TAMS 0x0000000089a00000, 0x0000000089a00000| Untracked 
| 155|0x0000000089b00000, 0x0000000089b00000, 0x0000000089c00000|  0%| F|  |TAMS 0x0000000089b00000, 0x0000000089b00000| Untracked 
| 156|0x0000000089c00000, 0x0000000089c00000, 0x0000000089d00000|  0%| F|  |TAMS 0x0000000089c00000, 0x0000000089c00000| Untracked 
| 157|0x0000000089d00000, 0x0000000089d00000, 0x0000000089e00000|  0%| F|  |TAMS 0x0000000089d00000, 0x0000000089d00000| Untracked 
| 158|0x0000000089e00000, 0x0000000089e00000, 0x0000000089f00000|  0%| F|  |TAMS 0x0000000089e00000, 0x0000000089e00000| Untracked 
| 159|0x0000000089f00000, 0x0000000089f00000, 0x000000008a000000|  0%| F|  |TAMS 0x0000000089f00000, 0x0000000089f00000| Untracked 
| 160|0x000000008a000000, 0x000000008a000000, 0x000000008a100000|  0%| F|  |TAMS 0x000000008a000000, 0x000000008a000000| Untracked 
| 161|0x000000008a100000, 0x000000008a100000, 0x000000008a200000|  0%| F|  |TAMS 0x000000008a100000, 0x000000008a100000| Untracked 
| 162|0x000000008a200000, 0x000000008a200000, 0x000000008a300000|  0%| F|  |TAMS 0x000000008a200000, 0x000000008a200000| Untracked 
| 163|0x000000008a300000, 0x000000008a300000, 0x000000008a400000|  0%| F|  |TAMS 0x000000008a300000, 0x000000008a300000| Untracked 
| 164|0x000000008a400000, 0x000000008a400000, 0x000000008a500000|  0%| F|  |TAMS 0x000000008a400000, 0x000000008a400000| Untracked 
| 165|0x000000008a500000, 0x000000008a500000, 0x000000008a600000|  0%| F|  |TAMS 0x000000008a500000, 0x000000008a500000| Untracked 
| 166|0x000000008a600000, 0x000000008a600000, 0x000000008a700000|  0%| F|  |TAMS 0x000000008a600000, 0x000000008a600000| Untracked 
| 167|0x000000008a700000, 0x000000008a700000, 0x000000008a800000|  0%| F|  |TAMS 0x000000008a700000, 0x000000008a700000| Untracked 
| 168|0x000000008a800000, 0x000000008a800000, 0x000000008a900000|  0%| F|  |TAMS 0x000000008a800000, 0x000000008a800000| Untracked 
| 169|0x000000008a900000, 0x000000008a900000, 0x000000008aa00000|  0%| F|  |TAMS 0x000000008a900000, 0x000000008a900000| Untracked 
| 170|0x000000008aa00000, 0x000000008aa00000, 0x000000008ab00000|  0%| F|  |TAMS 0x000000008aa00000, 0x000000008aa00000| Untracked 
| 171|0x000000008ab00000, 0x000000008ab00000, 0x000000008ac00000|  0%| F|  |TAMS 0x000000008ab00000, 0x000000008ab00000| Untracked 
| 172|0x000000008ac00000, 0x000000008ac00000, 0x000000008ad00000|  0%| F|  |TAMS 0x000000008ac00000, 0x000000008ac00000| Untracked 
| 173|0x000000008ad00000, 0x000000008ad00000, 0x000000008ae00000|  0%| F|  |TAMS 0x000000008ad00000, 0x000000008ad00000| Untracked 
| 174|0x000000008ae00000, 0x000000008ae00000, 0x000000008af00000|  0%| F|  |TAMS 0x000000008ae00000, 0x000000008ae00000| Untracked 
| 175|0x000000008af00000, 0x000000008af00000, 0x000000008b000000|  0%| F|  |TAMS 0x000000008af00000, 0x000000008af00000| Untracked 
| 176|0x000000008b000000, 0x000000008b000000, 0x000000008b100000|  0%| F|  |TAMS 0x000000008b000000, 0x000000008b000000| Untracked 
| 177|0x000000008b100000, 0x000000008b100000, 0x000000008b200000|  0%| F|  |TAMS 0x000000008b100000, 0x000000008b100000| Untracked 
| 178|0x000000008b200000, 0x000000008b200000, 0x000000008b300000|  0%| F|  |TAMS 0x000000008b200000, 0x000000008b200000| Untracked 
| 179|0x000000008b300000, 0x000000008b300000, 0x000000008b400000|  0%| F|  |TAMS 0x000000008b300000, 0x000000008b300000| Untracked 
| 180|0x000000008b400000, 0x000000008b400000, 0x000000008b500000|  0%| F|  |TAMS 0x000000008b400000, 0x000000008b400000| Untracked 
| 181|0x000000008b500000, 0x000000008b500000, 0x000000008b600000|  0%| F|  |TAMS 0x000000008b500000, 0x000000008b500000| Untracked 
| 182|0x000000008b600000, 0x000000008b600000, 0x000000008b700000|  0%| F|  |TAMS 0x000000008b600000, 0x000000008b600000| Untracked 
| 183|0x000000008b700000, 0x000000008b700000, 0x000000008b800000|  0%| F|  |TAMS 0x000000008b700000, 0x000000008b700000| Untracked 
| 184|0x000000008b800000, 0x000000008b800000, 0x000000008b900000|  0%| F|  |TAMS 0x000000008b800000, 0x000000008b800000| Untracked 

Card table byte_map: [0x0000016dd2ef0000,0x0000016dd32f0000] _byte_map_base: 0x0000016dd2af0000

Marking Bits (Prev, Next): (CMBitMap*) 0x0000016dbfaf44d8, (CMBitMap*) 0x0000016dbfaf4510
 Prev Bits: [0x0000016dd36f0000, 0x0000016dd56f0000)
 Next Bits: [0x0000016dd56f0000, 0x0000016dd76f0000)

Polling page: 0x0000016dbda70000

Metaspace:

Usage:
  Non-class:     70.99 MB capacity,    69.44 MB ( 98%) used,     1.29 MB (  2%) free+waste,   268.06 KB ( <1%) overhead. 
      Class:     11.31 MB capacity,    10.45 MB ( 92%) used,   753.90 KB (  7%) free+waste,   125.13 KB (  1%) overhead. 
       Both:     82.29 MB capacity,    79.89 MB ( 97%) used,     2.02 MB (  2%) free+waste,   393.19 KB ( <1%) overhead. 

Virtual space:
  Non-class space:       72.00 MB reserved,      71.18 MB ( 99%) committed 
      Class space:        1.00 GB reserved,      11.32 MB (  1%) committed 
             Both:        1.07 GB reserved,      82.50 MB (  8%) committed 

Chunk freelists:
   Non-Class:  0 bytes
       Class:  7.00 KB
        Both:  7.00 KB

MaxMetaspaceSize: 17179869184.00 GB
CompressedClassSpaceSize: 1.00 GB

CodeHeap 'non-profiled nmethods': size=120000Kb used=5814Kb max_used=5814Kb free=114185Kb
 bounds [0x0000016dcb070000, 0x0000016dcb620000, 0x0000016dd25a0000]
CodeHeap 'profiled nmethods': size=120000Kb used=19945Kb max_used=19945Kb free=100054Kb
 bounds [0x0000016dc3b40000, 0x0000016dc4ec0000, 0x0000016dcb070000]
CodeHeap 'non-nmethods': size=5760Kb used=2273Kb max_used=2351Kb free=3486Kb
 bounds [0x0000016dc35a0000, 0x0000016dc3810000, 0x0000016dc3b40000]
 total_blobs=10324 nmethods=9454 adapters=781
 compilation: enabled
              stopped_count=0, restarted_count=0
 full_count=0

Compilation events (20 events):
Event: 6.503 Thread 0x0000016dda395800 nmethod 9476 0x0000016dc4eb1f10 code [0x0000016dc4eb20e0, 0x0000016dc4eb24c8]
Event: 6.504 Thread 0x0000016dda395800 9477       3       javax.xml.parsers.SAXParser::<init> (5 bytes)
Event: 6.504 Thread 0x0000016dda395800 nmethod 9477 0x0000016dc4eb2590 code [0x0000016dc4eb2740, 0x0000016dc4eb2898]
Event: 6.506 Thread 0x0000016dda395800 9478       3       java.lang.StringBuffer::<init> (6 bytes)
Event: 6.506 Thread 0x0000016dda395800 nmethod 9478 0x0000016dc4eb2990 code [0x0000016dc4eb2b40, 0x0000016dc4eb2c68]
Event: 6.507 Thread 0x0000016dda395800 9479       3       java.io.Reader::<init> (15 bytes)
Event: 6.507 Thread 0x0000016dda395800 nmethod 9479 0x0000016dc4eb2d10 code [0x0000016dc4eb2ec0, 0x0000016dc4eb30b8]
Event: 6.507 Thread 0x0000016dda395800 9480  s    3       java.util.Vector::removeAllElements (43 bytes)
Event: 6.507 Thread 0x0000016dda395800 nmethod 9480 0x0000016dc4eb3190 code [0x0000016dc4eb3360, 0x0000016dc4eb3838]
Event: 6.507 Thread 0x0000016dda395800 9481       3       org.apache.xerces.jaxp.DocumentBuilderImpl::<init> (484 bytes)
Event: 6.509 Thread 0x0000016dda395800 nmethod 9481 0x0000016dc4eb3990 code [0x0000016dc4eb3e80, 0x0000016dc4eb6958]
Event: 6.509 Thread 0x0000016dda395800 9489       3       org.apache.xerces.impl.dtd.XMLDTDValidator::<init> (226 bytes)
Event: 6.509 Thread 0x0000016dde8bf000 nmethod 9446% 0x0000016dcb61c910 code [0x0000016dcb61cae0, 0x0000016dcb61d428]
Event: 6.509 Thread 0x0000016dde8bf000 9475       4       org.apache.xerces.impl.XMLEntityScanner::scanQName (479 bytes)
Event: 6.509 Thread 0x0000016dda395800 nmethod 9489 0x0000016dc4eb7490 code [0x0000016dc4eb7820, 0x0000016dc4eb94b8]
Event: 6.509 Thread 0x0000016dda395800 9483       3       org.apache.xerces.impl.XMLDocumentScannerImpl$ContentDispatcher::<init> (11 bytes)
Event: 6.509 Thread 0x0000016dda395800 nmethod 9483 0x0000016dc4eb9c10 code [0x0000016dc4eb9de0, 0x0000016dc4eba058]
Event: 6.509 Thread 0x0000016dda395800 9484       3       org.apache.xerces.impl.XMLDocumentFragmentScannerImpl$FragmentContentDispatcher::<init> (10 bytes)
Event: 6.510 Thread 0x0000016dda395800 nmethod 9484 0x0000016dc4eba110 code [0x0000016dc4eba2c0, 0x0000016dc4eba478]
Event: 6.510 Thread 0x0000016dda395800 9485       3       org.apache.xerces.impl.XMLDocumentScannerImpl::getRecognizedFeatures (54 bytes)

GC Heap History (20 events):
Event: 1.772 GC heap after
{Heap after GC invocations=5 (full 0):
 garbage-first heap   total 131072K, used 18559K [0x0000000080000000, 0x0000000100000000)
  region size 1024K, 3 young (3072K), 3 survivors (3072K)
 Metaspace       used 26079K, capacity 26753K, committed 27008K, reserved 1073152K
  class space    used 3423K, capacity 3667K, committed 3712K, reserved 1048576K
}
Event: 2.255 GC heap before
{Heap before GC invocations=5 (full 0):
 garbage-first heap   total 131072K, used 71807K [0x0000000080000000, 0x0000000100000000)
  region size 1024K, 57 young (58368K), 3 survivors (3072K)
 Metaspace       used 35014K, capacity 35830K, committed 35840K, reserved 1081344K
  class space    used 4541K, capacity 4864K, committed 4864K, reserved 1048576K
}
Event: 2.262 GC heap after
{Heap after GC invocations=6 (full 0):
 garbage-first heap   total 131072K, used 22033K [0x0000000080000000, 0x0000000100000000)
  region size 1024K, 6 young (6144K), 6 survivors (6144K)
 Metaspace       used 35014K, capacity 35830K, committed 35840K, reserved 1081344K
  class space    used 4541K, capacity 4864K, committed 4864K, reserved 1048576K
}
Event: 2.687 GC heap before
{Heap before GC invocations=7 (full 0):
 garbage-first heap   total 131072K, used 87569K [0x0000000080000000, 0x0000000100000000)
  region size 1024K, 68 young (69632K), 6 survivors (6144K)
 Metaspace       used 39530K, capacity 40526K, committed 40780K, reserved 1085440K
  class space    used 5064K, capacity 5422K, committed 5452K, reserved 1048576K
}
Event: 2.693 GC heap after
{Heap after GC invocations=8 (full 0):
 garbage-first heap   total 157696K, used 27094K [0x0000000080000000, 0x0000000100000000)
  region size 1024K, 9 young (9216K), 9 survivors (9216K)
 Metaspace       used 39530K, capacity 40526K, committed 40780K, reserved 1085440K
  class space    used 5064K, capacity 5422K, committed 5452K, reserved 1048576K
}
Event: 3.154 GC heap before
{Heap before GC invocations=8 (full 0):
 garbage-first heap   total 157696K, used 99798K [0x0000000080000000, 0x0000000100000000)
  region size 1024K, 80 young (81920K), 9 survivors (9216K)
 Metaspace       used 45805K, capacity 46952K, committed 47052K, reserved 1089536K
  class space    used 5879K, capacity 6300K, committed 6348K, reserved 1048576K
}
Event: 3.159 GC heap after
{Heap after GC invocations=9 (full 0):
 garbage-first heap   total 157696K, used 30051K [0x0000000080000000, 0x0000000100000000)
  region size 1024K, 8 young (8192K), 8 survivors (8192K)
 Metaspace       used 45805K, capacity 46952K, committed 47052K, reserved 1089536K
  class space    used 5879K, capacity 6300K, committed 6348K, reserved 1048576K
}
Event: 3.676 GC heap before
{Heap before GC invocations=9 (full 0):
 garbage-first heap   total 157696K, used 107875K [0x0000000080000000, 0x0000000100000000)
  region size 1024K, 81 young (82944K), 8 survivors (8192K)
 Metaspace       used 51568K, capacity 52955K, committed 53196K, reserved 1095680K
  class space    used 6595K, capacity 7071K, committed 7116K, reserved 1048576K
}
Event: 3.683 GC heap after
{Heap after GC invocations=10 (full 0):
 garbage-first heap   total 157696K, used 42783K [0x0000000080000000, 0x0000000100000000)
  region size 1024K, 11 young (11264K), 11 survivors (11264K)
 Metaspace       used 51568K, capacity 52955K, committed 53196K, reserved 1095680K
  class space    used 6595K, capacity 7071K, committed 7116K, reserved 1048576K
}
Event: 4.082 GC heap before
{Heap before GC invocations=10 (full 0):
 garbage-first heap   total 157696K, used 84767K [0x0000000080000000, 0x0000000100000000)
  region size 1024K, 53 young (54272K), 11 survivors (11264K)
 Metaspace       used 58539K, capacity 60062K, committed 60288K, reserved 1101824K
  class space    used 7451K, capacity 8007K, committed 8140K, reserved 1048576K
}
Event: 4.092 GC heap after
{Heap after GC invocations=11 (full 0):
 garbage-first heap   total 157696K, used 45951K [0x0000000080000000, 0x0000000100000000)
  region size 1024K, 3 young (3072K), 3 survivors (3072K)
 Metaspace       used 58539K, capacity 60062K, committed 60288K, reserved 1101824K
  class space    used 7451K, capacity 8007K, committed 8140K, reserved 1048576K
}
Event: 4.503 GC heap before
{Heap before GC invocations=12 (full 0):
 garbage-first heap   total 157696K, used 106367K [0x0000000080000000, 0x0000000100000000)
  region size 1024K, 62 young (63488K), 3 survivors (3072K)
 Metaspace       used 63147K, capacity 64705K, committed 65024K, reserved 1105920K
  class space    used 8061K, capacity 8644K, committed 8780K, reserved 1048576K
}
Event: 4.512 GC heap after
{Heap after GC invocations=13 (full 0):
 garbage-first heap   total 189440K, used 50507K [0x0000000080000000, 0x0000000100000000)
  region size 1024K, 8 young (8192K), 8 survivors (8192K)
 Metaspace       used 63147K, capacity 64705K, committed 65024K, reserved 1105920K
  class space    used 8061K, capacity 8644K, committed 8780K, reserved 1048576K
}
Event: 5.056 GC heap before
{Heap before GC invocations=14 (full 0):
 garbage-first heap   total 189440K, used 124235K [0x0000000080000000, 0x0000000100000000)
  region size 1024K, 80 young (81920K), 8 survivors (8192K)
 Metaspace       used 69505K, capacity 71133K, committed 71296K, reserved 1112064K
  class space    used 9029K, capacity 9621K, committed 9676K, reserved 1048576K
}
Event: 5.063 GC heap after
{Heap after GC invocations=15 (full 0):
 garbage-first heap   total 189440K, used 55941K [0x0000000080000000, 0x0000000100000000)
  region size 1024K, 6 young (6144K), 6 survivors (6144K)
 Metaspace       used 69505K, capacity 71133K, committed 71296K, reserved 1112064K
  class space    used 9029K, capacity 9621K, committed 9676K, reserved 1048576K
}
Event: 5.621 GC heap before
{Heap before GC invocations=15 (full 0):
 garbage-first heap   total 189440K, used 128645K [0x0000000080000000, 0x0000000100000000)
  region size 1024K, 78 young (79872K), 6 survivors (6144K)
 Metaspace       used 77124K, capacity 79030K, committed 79104K, reserved 1118208K
  class space    used 10122K, capacity 10790K, committed 10828K, reserved 1048576K
}
Event: 5.628 GC heap after
{Heap after GC invocations=16 (full 0):
 garbage-first heap   total 189440K, used 60325K [0x0000000080000000, 0x0000000100000000)
  region size 1024K, 10 young (10240K), 10 survivors (10240K)
 Metaspace       used 77124K, capacity 79030K, committed 79104K, reserved 1118208K
  class space    used 10122K, capacity 10790K, committed 10828K, reserved 1048576K
}
Event: 5.981 GC heap before
{Heap before GC invocations=16 (full 0):
 garbage-first heap   total 189440K, used 134053K [0x0000000080000000, 0x0000000100000000)
  region size 1024K, 83 young (84992K), 10 survivors (10240K)
 Metaspace       used 79325K, capacity 81713K, committed 82048K, reserved 1120256K
  class space    used 10491K, capacity 11359K, committed 11468K, reserved 1048576K
}
Event: 5.990 GC heap after
{Heap after GC invocations=17 (full 0):
 garbage-first heap   total 189440K, used 65044K [0x0000000080000000, 0x0000000100000000)
  region size 1024K, 10 young (10240K), 10 survivors (10240K)
 Metaspace       used 79325K, capacity 81713K, committed 82048K, reserved 1120256K
  class space    used 10491K, capacity 11359K, committed 11468K, reserved 1048576K
}
Event: 6.510 GC heap before
{Heap before GC invocations=17 (full 0):
 garbage-first heap   total 189440K, used 138772K [0x0000000080000000, 0x0000000100000000)
  region size 1024K, 83 young (84992K), 10 survivors (10240K)
 Metaspace       used 81806K, capacity 84269K, committed 84480K, reserved 1122304K
  class space    used 10697K, capacity 11577K, committed 11596K, reserved 1048576K
}

Deoptimization events (20 events):
Event: 6.338 Thread 0x0000016de54d5800 DEOPT PACKING pc=0x0000016dcb17a088 sp=0x00000042a59f9900
Event: 6.338 Thread 0x0000016de54d5800 DEOPT UNPACKING pc=0x0000016dc35c78af sp=0x00000042a59f9878 mode 2
Event: 6.358 Thread 0x0000016de54d5800 DEOPT PACKING pc=0x0000016dc3b7bdbc sp=0x00000042a59f9640
Event: 6.358 Thread 0x0000016de54d5800 DEOPT UNPACKING pc=0x0000016dc35c76ce sp=0x00000042a59f8aa0 mode 0
Event: 6.407 Thread 0x0000016de54d5800 DEOPT PACKING pc=0x0000016dc4dc359e sp=0x00000042a59f97c0
Event: 6.407 Thread 0x0000016de54d5800 DEOPT UNPACKING pc=0x0000016dc35c76ce sp=0x00000042a59f8cf0 mode 0
Event: 6.448 Thread 0x0000016de54d5800 DEOPT PACKING pc=0x0000016dc47fcddf sp=0x00000042a59f67f0
Event: 6.448 Thread 0x0000016de54d5800 DEOPT UNPACKING pc=0x0000016dc35c76ce sp=0x00000042a59f5c78 mode 0
Event: 6.458 Thread 0x0000016de54d5800 Uncommon trap: trap_request=0xffffff4d fr.pc=0x0000016dcb5e7b54 relative=0x0000000000000034
Event: 6.458 Thread 0x0000016de54d5800 Uncommon trap: reason=unstable_if action=reinterpret pc=0x0000016dcb5e7b54 method=java.lang.Character.isSurrogate(C)Z @ 3 c2
Event: 6.458 Thread 0x0000016de54d5800 DEOPT PACKING pc=0x0000016dcb5e7b54 sp=0x00000042a59f9bb0
Event: 6.458 Thread 0x0000016de54d5800 DEOPT UNPACKING pc=0x0000016dc35c78af sp=0x00000042a59f9b48 mode 2
Event: 6.471 Thread 0x0000016de54d5800 Uncommon trap: trap_request=0xffffff4d fr.pc=0x0000016dcb3647bc relative=0x00000000000005dc
Event: 6.471 Thread 0x0000016de54d5800 Uncommon trap: reason=unstable_if action=reinterpret pc=0x0000016dcb3647bc method=org.apache.xerces.impl.XMLEntityScanner.scanLiteral(ILorg/apache/xerces/xni/XMLString;)I @ 43 c2
Event: 6.471 Thread 0x0000016de54d5800 DEOPT PACKING pc=0x0000016dcb3647bc sp=0x00000042a59f9680
Event: 6.472 Thread 0x0000016de54d5800 DEOPT UNPACKING pc=0x0000016dc35c78af sp=0x00000042a59f9600 mode 2
Event: 6.491 Thread 0x0000016de54d5800 DEOPT PACKING pc=0x0000016dc4e88a93 sp=0x00000042a59f9530
Event: 6.491 Thread 0x0000016de54d5800 DEOPT UNPACKING pc=0x0000016dc35c76ce sp=0x00000042a59f8a08 mode 0
Event: 6.494 Thread 0x0000016de54d5800 DEOPT PACKING pc=0x0000016dc4e88a93 sp=0x00000042a59f9530
Event: 6.494 Thread 0x0000016de54d5800 DEOPT UNPACKING pc=0x0000016dc35c76ce sp=0x00000042a59f8a08 mode 0

Classes redefined (0 events):
No events

Internal exceptions (20 events):
Event: 5.581 Thread 0x0000016ddb522800 Exception <a 'java/lang/NoSuchMethodError'{0x00000000876bdbd0}: <clinit>> (0x00000000876bdbd0) thrown at [./src/hotspot/share/prims/jni.cpp, line 1362]
Event: 5.583 Thread 0x0000016ddb522800 Exception <a 'java/lang/NoSuchMethodError'{0x00000000876c8898}: <clinit>> (0x00000000876c8898) thrown at [./src/hotspot/share/prims/jni.cpp, line 1362]
Event: 5.584 Thread 0x0000016ddb522800 Exception <a 'java/lang/NoSuchMethodError'{0x0000000087503018}: <clinit>> (0x0000000087503018) thrown at [./src/hotspot/share/prims/jni.cpp, line 1362]
Event: 5.584 Thread 0x0000016ddb522800 Exception <a 'java/lang/NoSuchMethodError'{0x00000000875042f0}: <clinit>> (0x00000000875042f0) thrown at [./src/hotspot/share/prims/jni.cpp, line 1362]
Event: 5.594 Thread 0x0000016de54d6800 Exception <a 'java/lang/NoSuchMethodError'{0x0000000087342dc8}: <clinit>> (0x0000000087342dc8) thrown at [./src/hotspot/share/prims/jni.cpp, line 1362]
Event: 5.596 Thread 0x0000016de54d6800 Exception <a 'java/lang/NoSuchMethodError'{0x00000000873571c8}: <clinit>> (0x00000000873571c8) thrown at [./src/hotspot/share/prims/jni.cpp, line 1362]
Event: 5.597 Thread 0x0000016de54d6800 Exception <a 'java/lang/NoSuchMethodError'{0x00000000873877d0}: <clinit>> (0x00000000873877d0) thrown at [./src/hotspot/share/prims/jni.cpp, line 1362]
Event: 5.615 Thread 0x0000016ddb522800 Exception <a 'java/lang/NoSuchMethodError'{0x0000000087182fe8}: <clinit>> (0x0000000087182fe8) thrown at [./src/hotspot/share/prims/jni.cpp, line 1362]
Event: 5.634 Thread 0x0000016de54d5800 Exception <a 'java/lang/NoSuchMethodError'{0x000000008b872ba0}: 'java.lang.Object java.lang.invoke.Invokers$Holder.linkToTargetMethod(java.lang.Object, java.lang.Object, java.lang.Object, int, java.lang.Object, java.lang.Object)'> (0x000000008b872ba0) thrown at [./src/hotspot/share/interpreter/linkResolver.cpp, line 773]
Event: 5.814 Thread 0x0000016dde8c5800 Exception <a 'java/lang/NoSuchMethodError'{0x000000008a552830}: 'java.lang.Object java.lang.invoke.DirectMethodHandle$Holder.invokeSpecialIFC(java.lang.Object, java.lang.Object, java.lang.Object)'> (0x000000008a552830) thrown at [./src/hotspot/share/interpreter/linkResolver.cpp, line 773]
Event: 5.814 Thread 0x0000016dde8c5000 Exception <a 'java/lang/NoSuchMethodError'{0x000000008a6c87d0}: 'java.lang.Object java.lang.invoke.DirectMethodHandle$Holder.invokeSpecialIFC(java.lang.Object, java.lang.Object, java.lang.Object)'> (0x000000008a6c87d0) thrown at [./src/hotspot/share/interpreter/linkResolver.cpp, line 773]
Event: 5.814 Thread 0x0000016de04b8800 Exception <a 'java/lang/NoSuchMethodError'{0x000000008a53c870}: 'java.lang.Object java.lang.invoke.DirectMethodHandle$Holder.invokeSpecialIFC(java.lang.Object, java.lang.Object, java.lang.Object)'> (0x000000008a53c870) thrown at [./src/hotspot/share/interpreter/linkResolver.cpp, line 773]
Event: 5.814 Thread 0x0000016de04b4000 Exception <a 'java/lang/NoSuchMethodError'{0x000000008a6f1ac8}: 'java.lang.Object java.lang.invoke.DirectMethodHandle$Holder.invokeSpecialIFC(java.lang.Object, java.lang.Object, java.lang.Object)'> (0x000000008a6f1ac8) thrown at [./src/hotspot/share/interpreter/linkResolver.cpp, line 773]
Event: 5.814 Thread 0x0000016de04b8000 Exception <a 'java/lang/NoSuchMethodError'{0x000000008a56b230}: 'java.lang.Object java.lang.invoke.DirectMethodHandle$Holder.invokeSpecialIFC(java.lang.Object, java.lang.Object, java.lang.Object)'> (0x000000008a56b230) thrown at [./src/hotspot/share/interpreter/linkResolver.cpp, line 773]
Event: 5.814 Thread 0x0000016de04b6000 Exception <a 'java/lang/NoSuchMethodError'{0x000000008a5c8810}: 'java.lang.Object java.lang.invoke.DirectMethodHandle$Holder.invokeSpecialIFC(java.lang.Object, java.lang.Object, java.lang.Object)'> (0x000000008a5c8810) thrown at [./src/hotspot/share/interpreter/linkResolver.cpp, line 773]
Event: 5.814 Thread 0x0000016de04b5800 Exception <a 'java/lang/NoSuchMethodError'{0x000000008a5dc450}: 'java.lang.Object java.lang.invoke.DirectMethodHandle$Holder.invokeSpecialIFC(java.lang.Object, java.lang.Object, java.lang.Object)'> (0x000000008a5dc450) thrown at [./src/hotspot/share/interpreter/linkResolver.cpp, line 773]
Event: 5.814 Thread 0x0000016de04b4800 Exception <a 'java/lang/NoSuchMethodError'{0x000000008a58a818}: 'java.lang.Object java.lang.invoke.DirectMethodHandle$Holder.invokeSpecialIFC(java.lang.Object, java.lang.Object, java.lang.Object)'> (0x000000008a58a818) thrown at [./src/hotspot/share/interpreter/linkResolver.cpp, line 773]
Event: 5.835 Thread 0x0000016de04b5800 Exception <a 'java/lang/NoSuchMethodError'{0x000000008a0d51e8}: 'int java.lang.invoke.DirectMethodHandle$Holder.invokeStaticInit(java.lang.Object, java.lang.Object, java.lang.Object, java.lang.Object, java.lang.Object)'> (0x000000008a0d51e8) thrown at [./src/hotspot/share/interpreter/linkResolver.cpp, line 773]
Event: 5.879 Thread 0x0000016dde8c6800 Exception <a 'java/lang/NoSuchMethodError'{0x0000000089baf8f8}: 'void java.lang.invoke.DirectMethodHandle$Holder.invokeVirtual(java.lang.Object, java.lang.Object)'> (0x0000000089baf8f8) thrown at [./src/hotspot/share/interpreter/linkResolver.cpp, line 773]
Event: 6.012 Thread 0x0000016de54d5800 Exception <a 'java/lang/IncompatibleClassChangeError'{0x000000008b390b00}: Found class java.lang.Object, but interface was expected> (0x000000008b390b00) thrown at [./src/hotspot/share/interpreter/linkResolver.cpp, line 839]

Events (20 events):
Event: 6.315 loading class com/android/resources/HighDynamicRange done
Event: 6.316 loading class com/android/resources/ScreenOrientation
Event: 6.316 loading class com/android/resources/ScreenOrientation done
Event: 6.316 loading class com/android/resources/UiMode
Event: 6.316 loading class com/android/resources/UiMode done
Event: 6.316 loading class com/android/resources/NightMode
Event: 6.316 loading class com/android/resources/NightMode done
Event: 6.316 loading class com/android/resources/TouchScreen
Event: 6.316 loading class com/android/resources/TouchScreen done
Event: 6.317 loading class com/android/resources/KeyboardState
Event: 6.317 loading class com/android/resources/KeyboardState done
Event: 6.317 loading class com/android/resources/Keyboard
Event: 6.317 loading class com/android/resources/Keyboard done
Event: 6.317 loading class com/android/resources/NavigationState
Event: 6.317 loading class com/android/resources/NavigationState done
Event: 6.317 loading class com/android/resources/Navigation
Event: 6.317 loading class com/android/resources/Navigation done
Event: 6.504 Executing VM operation: ICBufferFull
Event: 6.505 Executing VM operation: ICBufferFull done
Event: 6.510 Executing VM operation: G1CollectForAllocation


Dynamic libraries:
0x00007ff78b620000 - 0x00007ff78b62a000 	C:\Program Files\Android\Android Studio\jre\bin\java.exe
0x00007ff99e340000 - 0x00007ff99e547000 	C:\Windows\SYSTEM32\ntdll.dll
0x00007ff99dbf0000 - 0x00007ff99dcad000 	C:\Windows\System32\KERNEL32.DLL
0x00007ff99bba0000 - 0x00007ff99bf14000 	C:\Windows\System32\KERNELBASE.dll
0x00007ff99b9e0000 - 0x00007ff99baf1000 	C:\Windows\System32\ucrtbase.dll
0x00007ff9942a0000 - 0x00007ff9942b9000 	C:\Program Files\Android\Android Studio\jre\bin\jli.dll
0x00007ff992880000 - 0x00007ff992897000 	C:\Program Files\Android\Android Studio\jre\bin\VCRUNTIME140.dll
0x00007ff99ca60000 - 0x00007ff99cc0c000 	C:\Windows\System32\USER32.dll
0x00007ff98c7e0000 - 0x00007ff98ca85000 	C:\Windows\WinSxS\amd64_microsoft.windows.common-controls_6595b64144ccf1df_6.0.22000.120_none_9d947278b86cc467\COMCTL32.dll
0x00007ff99b9b0000 - 0x00007ff99b9d6000 	C:\Windows\System32\win32u.dll
0x00007ff99dcb0000 - 0x00007ff99dcd9000 	C:\Windows\System32\GDI32.dll
0x00007ff99c1d0000 - 0x00007ff99c273000 	C:\Windows\System32\msvcrt.dll
0x00007ff99b890000 - 0x00007ff99b9a2000 	C:\Windows\System32\gdi32full.dll
0x00007ff99bb00000 - 0x00007ff99bb9d000 	C:\Windows\System32\msvcp_win.dll
0x00007ff99c880000 - 0x00007ff99c8b1000 	C:\Windows\System32\IMM32.DLL
0x00007ff971f60000 - 0x00007ff971ffd000 	C:\Program Files\Android\Android Studio\jre\bin\msvcp140.dll
0x00007ff967790000 - 0x00007ff96825f000 	C:\Program Files\Android\Android Studio\jre\bin\server\jvm.dll
0x00007ff99d910000 - 0x00007ff99d9bc000 	C:\Windows\System32\ADVAPI32.dll
0x00007ff99c660000 - 0x00007ff99c6fd000 	C:\Windows\System32\sechost.dll
0x00007ff99c920000 - 0x00007ff99ca41000 	C:\Windows\System32\RPCRT4.dll
0x00007ff99e130000 - 0x00007ff99e138000 	C:\Windows\System32\PSAPI.DLL
0x00007ff998b50000 - 0x00007ff998b59000 	C:\Windows\SYSTEM32\WSOCK32.dll
0x00007ff996060000 - 0x00007ff996093000 	C:\Windows\SYSTEM32\WINMM.dll
0x00007ff99da20000 - 0x00007ff99da8f000 	C:\Windows\System32\WS2_32.dll
0x00007ff9950f0000 - 0x00007ff9950fa000 	C:\Windows\SYSTEM32\VERSION.dll
0x00007ff99a940000 - 0x00007ff99a958000 	C:\Windows\SYSTEM32\kernel.appcore.dll
0x00007ff998b30000 - 0x00007ff998b41000 	C:\Program Files\Android\Android Studio\jre\bin\verify.dll
0x00007ff98eb40000 - 0x00007ff98ed61000 	C:\Windows\SYSTEM32\DBGHELP.DLL
0x00007ff988ea0000 - 0x00007ff988ed1000 	C:\Windows\SYSTEM32\dbgcore.DLL
0x00007ff99bf20000 - 0x00007ff99bf9f000 	C:\Windows\System32\bcryptPrimitives.dll
0x00007ff992a10000 - 0x00007ff992a39000 	C:\Program Files\Android\Android Studio\jre\bin\java.dll
0x00007ff997a50000 - 0x00007ff997a5b000 	C:\Program Files\Android\Android Studio\jre\bin\jimage.dll
0x00007ff9976d0000 - 0x00007ff9976e8000 	C:\Program Files\Android\Android Studio\jre\bin\zip.dll
0x00007ff99cc10000 - 0x00007ff99d3be000 	C:\Windows\System32\SHELL32.dll
0x00007ff9999c0000 - 0x00007ff99a227000 	C:\Windows\SYSTEM32\windows.storage.dll
0x00007ff99ddb0000 - 0x00007ff99e128000 	C:\Windows\System32\combase.dll
0x00007ff999850000 - 0x00007ff9999b6000 	C:\Windows\SYSTEM32\wintypes.dll
0x00007ff99c790000 - 0x00007ff99c87a000 	C:\Windows\System32\SHCORE.dll
0x00007ff99c8c0000 - 0x00007ff99c91d000 	C:\Windows\System32\shlwapi.dll
0x00007ff99b750000 - 0x00007ff99b771000 	C:\Windows\SYSTEM32\profapi.dll
0x00007ff993d10000 - 0x00007ff993d2a000 	C:\Program Files\Android\Android Studio\jre\bin\net.dll
0x00007ff996160000 - 0x00007ff99626c000 	C:\Windows\SYSTEM32\WINHTTP.dll
0x00007ff99ad50000 - 0x00007ff99adb7000 	C:\Windows\system32\mswsock.dll
0x00007ff9929f0000 - 0x00007ff992a04000 	C:\Program Files\Android\Android Studio\jre\bin\nio.dll
0x00007ff98b270000 - 0x00007ff98b297000 	C:\Users\NeHaL\.gradle\native\8bec1ad78214c89d9ad589b4d07fe93259594b29d510b10fafb7a158f7737e5d\windows-amd64\native-platform.dll
0x00007ff9695d0000 - 0x00007ff96970d000 	C:\Users\NeHaL\.gradle\native\53dbd7edfb1c66fb8903c78663c9afc45aea4f116125fa6feffd364cf09443e8\windows-amd64\native-platform-file-events.dll
0x00007ff994f40000 - 0x00007ff994f4a000 	C:\Program Files\Android\Android Studio\jre\bin\management.dll
0x00007ff993ce0000 - 0x00007ff993cec000 	C:\Program Files\Android\Android Studio\jre\bin\management_ext.dll
0x00007ff99af90000 - 0x00007ff99afa8000 	C:\Windows\SYSTEM32\CRYPTSP.dll
0x00007ff99a8a0000 - 0x00007ff99a8d5000 	C:\Windows\system32\rsaenh.dll
0x00007ff99ae40000 - 0x00007ff99ae69000 	C:\Windows\SYSTEM32\USERENV.dll
0x00007ff99b110000 - 0x00007ff99b137000 	C:\Windows\SYSTEM32\bcrypt.dll
0x00007ff99afb0000 - 0x00007ff99afbc000 	C:\Windows\SYSTEM32\CRYPTBASE.dll
0x00007ff99a480000 - 0x00007ff99a4ad000 	C:\Windows\SYSTEM32\IPHLPAPI.DLL
0x00007ff99db70000 - 0x00007ff99db79000 	C:\Windows\System32\NSI.dll
0x00007ff995a40000 - 0x00007ff995a59000 	C:\Windows\SYSTEM32\dhcpcsvc6.DLL
0x00007ff996d30000 - 0x00007ff996d4e000 	C:\Windows\SYSTEM32\dhcpcsvc.DLL
0x00007ff99a4b0000 - 0x00007ff99a597000 	C:\Windows\SYSTEM32\DNSAPI.dll

dbghelp: loaded successfully - version: 4.0.5 - missing functions: none
symbol engine: initialized successfully - sym options: 0x614 - pdb path: .;C:\Program Files\Android\Android Studio\jre\bin;C:\Windows\SYSTEM32;C:\Windows\WinSxS\amd64_microsoft.windows.common-controls_6595b64144ccf1df_6.0.22000.120_none_9d947278b86cc467;C:\Program Files\Android\Android Studio\jre\bin\server;C:\Users\NeHaL\.gradle\native\8bec1ad78214c89d9ad589b4d07fe93259594b29d510b10fafb7a158f7737e5d\windows-amd64;C:\Users\NeHaL\.gradle\native\53dbd7edfb1c66fb8903c78663c9afc45aea4f116125fa6feffd364cf09443e8\windows-amd64

VM Arguments:
jvm_args: --add-opens=java.base/java.util=ALL-UNNAMED --add-opens=java.base/java.lang=ALL-UNNAMED --add-opens=java.base/java.lang.invoke=ALL-UNNAMED --add-opens=java.base/java.util=ALL-UNNAMED --add-opens=java.prefs/java.util.prefs=ALL-UNNAMED --add-opens=java.prefs/java.util.prefs=ALL-UNNAMED --add-opens=java.base/java.nio.charset=ALL-UNNAMED --add-opens=java.base/java.net=ALL-UNNAMED --add-opens=java.base/java.util.concurrent.atomic=ALL-UNNAMED -Xmx2048m -Dfile.encoding=UTF-8 -Duser.country=IN -Duser.language=en -Duser.variant 
java_command: org.gradle.launcher.daemon.bootstrap.GradleDaemon 7.0.2
java_class_path (initial): C:\Users\NeHaL\.gradle\wrapper\dists\gradle-7.0.2-bin\857tjihv64xamwrf0h14cai3r\gradle-7.0.2\lib\gradle-launcher-7.0.2.jar
Launcher Type: SUN_STANDARD

[Global flags]
     intx CICompilerCount                          = 4                                         {product} {ergonomic}
     uint ConcGCThreads                            = 3                                         {product} {ergonomic}
     uint G1ConcRefinementThreads                  = 10                                        {product} {ergonomic}
   size_t G1HeapRegionSize                         = 1048576                                   {product} {ergonomic}
    uintx GCDrainStackTargetSize                   = 64                                        {product} {ergonomic}
   size_t InitialHeapSize                          = 134217728                                 {product} {ergonomic}
   size_t MarkStackSize                            = 4194304                                   {product} {ergonomic}
   size_t MaxHeapSize                              = 2147483648                                {product} {command line}
   size_t MaxNewSize                               = 1287651328                                {product} {ergonomic}
   size_t MinHeapDeltaBytes                        = 1048576                                   {product} {ergonomic}
    uintx NonNMethodCodeHeapSize                   = 5836300                                {pd product} {ergonomic}
    uintx NonProfiledCodeHeapSize                  = 122910970                              {pd product} {ergonomic}
    uintx ProfiledCodeHeapSize                     = 122910970                              {pd product} {ergonomic}
    uintx ReservedCodeCacheSize                    = 251658240                              {pd product} {ergonomic}
     bool SegmentedCodeCache                       = true                                      {product} {ergonomic}
     bool UseCompressedClassPointers               = true                                 {lp64_product} {ergonomic}
     bool UseCompressedOops                        = true                                 {lp64_product} {ergonomic}
     bool UseG1GC                                  = true                                      {product} {ergonomic}
     bool UseLargePagesIndividualAllocation        = false                                  {pd product} {ergonomic}

Logging:
Log output configuration:
 #0: stdout all=warning uptime,level,tags
 #1: stderr all=off uptime,level,tags

Environment Variables:
PATH=C:\Program Files (x86)\Common Files\Intel\Shared Libraries\redist\intel64\compiler;C:\Program Files\Common Files\Oracle\Java\javapath;C:\Windows\system32;C:\Windows;C:\Windows\System32\Wbem;C:\Windows\System32\WindowsPowerShell\v1.0\;C:\Windows\System32\OpenSSH\;C:\Program Files\NVIDIA Corporation\NVIDIA NvDLISR;C:\Program Files (x86)\NVIDIA Corporation\PhysX\Common;C:\Program Files\nodejs\;C:\ProgramData\chocolatey\bin;C:\Program Files\Git\cmd;C:\Program Files\Cloudflare\Cloudflare WARP;C:\Users\NeHaL\AppData\Local\Microsoft\WindowsApps;C:\Program Files\JetBrains\IntelliJ IDEA Community Edition 2021.2.2\bin;;C:\Program Files\JetBrains\PyCharm Community Edition 2021.2.2\bin;;C:\Users\NeHaL\AppData\Local\Programs\Microsoft VS Code\bin;C:\Users\NeHaL\AppData\Roaming\npm;C:\Program Files\MongoDB\Server\5.0\bin;
USERNAME=NeHaL
OS=Windows_NT
PROCESSOR_IDENTIFIER=AMD64 Family 23 Model 113 Stepping 0, AuthenticAMD



---------------  S Y S T E M  ---------------

OS: Windows 10 , 64 bit Build 22000 (10.0.22000.318)
OS uptime: 0 days 0:42 hours

CPU:total 12 (initial active 12) (12 cores per cpu, 2 threads per core) family 23 model 113 stepping 0 microcode 0x0, cmov, cx8, fxsr, mmx, sse, sse2, sse3, ssse3, sse4.1, sse4.2, popcnt, avx, avx2, aes, clmul, mmxext, 3dnowpref, lzcnt, sse4a, ht, tsc, tscinvbit, tscinv, bmi1, bmi2, adx,

Memory: 4k page, system-wide physical 8144M (1739M free)
TotalPageFile size 8144M (AvailPageFile size 27M)
current process WorkingSet (physical memory assigned to process): 441M, peak: 442M
current process commit charge ("private bytes"): 480M, peak: 517M

vm_info: OpenJDK 64-Bit Server VM (11.0.10+0-b96-7249189) for windows-amd64 JRE (11.0.10+0-b96-7249189), built on Mar 31 2021 21:44:00 by "builder" with MS VC++ 14.0 (VS2015)

END.
