#
# There is insufficient memory for the Java Runtime Environment to continue.
# Native memory allocation (malloc) failed to allocate 957616 bytes for Chunk::new
# Possible reasons:
#   The system is out of physical RAM or swap space
#   The process is running with CompressedOops enabled, and the Java Heap may be blocking the growth of the native heap
# Possible solutions:
#   Reduce memory load on the system
#   Increase physical memory or swap space
#   Check if swap backing store is full
#   Decrease Java heap size (-Xmx/-Xms)
#   Decrease number of Java threads
#   Decrease Java thread stack sizes (-Xss)
#   Set larger code cache with -XX:ReservedCodeCacheSize=
#   JVM is running with Unscaled Compressed Oops mode in which the Java heap is
#     placed in the first 4GB address space. The Java Heap base address is the
#     maximum limit for the native heap growth. Please use -XX:HeapBaseMinAddress
#     to set the Java Heap base and to place the Java Heap above 4GB virtual address.
# This output file may be truncated or incomplete.
#
#  Out of Memory Error (./src/hotspot/share/memory/arena.cpp:197), pid=11944, tid=13412
#
# JRE version: OpenJDK Runtime Environment (11.0.10) (build 11.0.10+0-b96-7249189)
# Java VM: OpenJDK 64-Bit Server VM (11.0.10+0-b96-7249189, mixed mode, tiered, compressed oops, g1 gc, windows-amd64)
# No core dump will be written. Minidumps are not enabled by default on client versions of Windows
#

---------------  S U M M A R Y ------------

Command Line: --add-opens=java.base/java.util=ALL-UNNAMED --add-opens=java.base/java.lang=ALL-UNNAMED --add-opens=java.base/java.lang.invoke=ALL-UNNAMED --add-opens=java.base/java.util=ALL-UNNAMED --add-opens=java.prefs/java.util.prefs=ALL-UNNAMED --add-opens=java.prefs/java.util.prefs=ALL-UNNAMED --add-opens=java.base/java.nio.charset=ALL-UNNAMED --add-opens=java.base/java.net=ALL-UNNAMED --add-opens=java.base/java.util.concurrent.atomic=ALL-UNNAMED -Xmx2048m -Dfile.encoding=UTF-8 -Duser.country=IN -Duser.language=en -Duser.variant org.gradle.launcher.daemon.bootstrap.GradleDaemon 7.0.2

Host: AMD Ryzen 5 3600 6-Core Processor              , 12 cores, 7G,  Windows 10 , 64 bit Build 22000 (10.0.22000.318)
Time: Mon Dec 27 23:40:36 2021 India Standard Time elapsed time: 1.671042 seconds (0d 0h 0m 1s)

---------------  T H R E A D  ---------------

Current thread (0x0000018cb5809000):  JavaThread "C2 CompilerThread1" daemon [_thread_in_native, id=13412, stack(0x00000077edf00000,0x00000077ee000000)]


Current CompileTask:
C2:   1671 2201       4       java.net.URLClassLoader$1::run (5 bytes)

Stack: [0x00000077edf00000,0x00000077ee000000]
Native frames: (J=compiled Java code, j=interpreted, Vv=VM code, C=native code)
V  [jvm.dll+0x5ecfaa]
V  [jvm.dll+0x722bd5]
V  [jvm.dll+0x72412d]
V  [jvm.dll+0x7247e3]
V  [jvm.dll+0x242928]
V  [jvm.dll+0xbc4fc]
V  [jvm.dll+0xbca0c]
V  [jvm.dll+0x2b4fd4]
V  [jvm.dll+0x506028]
V  [jvm.dll+0x203253]
V  [jvm.dll+0x1fd07c]
V  [jvm.dll+0x1fa77f]
V  [jvm.dll+0x18354c]
V  [jvm.dll+0x208ee7]
V  [jvm.dll+0x207731]
V  [jvm.dll+0x6eb1cf]
V  [jvm.dll+0x6e3d45]
V  [jvm.dll+0x5ebe96]
C  [ucrtbase.dll+0x26c0c]
C  [KERNEL32.DLL+0x154e0]
C  [ntdll.dll+0x485b]


---------------  P R O C E S S  ---------------

Threads class SMR info:
_java_thread_list=0x0000018cb4f91a30, length=39, elements={
0x0000018c95c3f000, 0x0000018cb248d000, 0x0000018cb249a800, 0x0000018cb2cfc800,
0x0000018cb2cfd800, 0x0000018cb2cfe800, 0x0000018cb2d00000, 0x0000018cb2d02000,
0x0000018cb2d0c800, 0x0000018cb2e81800, 0x0000018cb5198800, 0x0000018cb34f2800,
0x0000018cb2f4e800, 0x0000018cb56e8800, 0x0000018cb3f26000, 0x0000018cb3f27000,
0x0000018cb557f800, 0x0000018cb5580800, 0x0000018cb5a13000, 0x0000018cb580f000,
0x0000018cb580e000, 0x0000018cb580a000, 0x0000018cb580d000, 0x0000018cb5809000,
0x0000018cb580f800, 0x0000018cb580a800, 0x0000018cb580b800, 0x0000018cb580c800,
0x0000018cb6737000, 0x0000018cb6735800, 0x0000018cb673c000, 0x0000018cb673b000,
0x0000018cb6739800, 0x0000018cb673a800, 0x0000018cb6738000, 0x0000018cb6736000,
0x0000018cb673d000, 0x0000018cb673d800, 0x0000018cb673e800
}

Java Threads: ( => current thread )
  0x0000018c95c3f000 JavaThread "main" [_thread_blocked, id=11232, stack(0x00000077eb600000,0x00000077eb700000)]
  0x0000018cb248d000 JavaThread "Reference Handler" daemon [_thread_blocked, id=7804, stack(0x00000077ebd00000,0x00000077ebe00000)]
  0x0000018cb249a800 JavaThread "Finalizer" daemon [_thread_blocked, id=4972, stack(0x00000077ebe00000,0x00000077ebf00000)]
  0x0000018cb2cfc800 JavaThread "Signal Dispatcher" daemon [_thread_blocked, id=6844, stack(0x00000077ebf00000,0x00000077ec000000)]
  0x0000018cb2cfd800 JavaThread "Attach Listener" daemon [_thread_blocked, id=10420, stack(0x00000077ec000000,0x00000077ec100000)]
  0x0000018cb2cfe800 JavaThread "Service Thread" daemon [_thread_blocked, id=13396, stack(0x00000077ec100000,0x00000077ec200000)]
  0x0000018cb2d00000 JavaThread "C2 CompilerThread0" daemon [_thread_in_native, id=4900, stack(0x00000077ec200000,0x00000077ec300000)]
  0x0000018cb2d02000 JavaThread "C1 CompilerThread0" daemon [_thread_blocked, id=10812, stack(0x00000077ec300000,0x00000077ec400000)]
  0x0000018cb2d0c800 JavaThread "Sweeper thread" daemon [_thread_blocked, id=3068, stack(0x00000077ec400000,0x00000077ec500000)]
  0x0000018cb2e81800 JavaThread "Common-Cleaner" daemon [_thread_blocked, id=7396, stack(0x00000077ec500000,0x00000077ec600000)]
  0x0000018cb5198800 JavaThread "Daemon health stats" [_thread_blocked, id=4032, stack(0x00000077ecb00000,0x00000077ecc00000)]
  0x0000018cb34f2800 JavaThread "Incoming local TCP Connector on port 52919" [_thread_in_native, id=6736, stack(0x00000077ec700000,0x00000077ec800000)]
  0x0000018cb2f4e800 JavaThread "Daemon periodic checks" [_thread_blocked, id=14956, stack(0x00000077ec800000,0x00000077ec900000)]
  0x0000018cb56e8800 JavaThread "Daemon" [_thread_blocked, id=12100, stack(0x00000077ecc00000,0x00000077ecd00000)]
  0x0000018cb3f26000 JavaThread "Handler for socket connection from /127.0.0.1:52919 to /127.0.0.1:52920" [_thread_in_native, id=3900, stack(0x00000077ecd00000,0x00000077ece00000)]
  0x0000018cb3f27000 JavaThread "Cancel handler" [_thread_blocked, id=10872, stack(0x00000077ece00000,0x00000077ecf00000)]
  0x0000018cb557f800 JavaThread "Daemon worker" [_thread_in_vm, id=9184, stack(0x00000077ecf00000,0x00000077ed000000)]
  0x0000018cb5580800 JavaThread "Asynchronous log dispatcher for DefaultDaemonConnection: socket connection from /127.0.0.1:52919 to /127.0.0.1:52920" [_thread_blocked, id=10392, stack(0x00000077ed000000,0x00000077ed100000)]
  0x0000018cb5a13000 JavaThread "Stdin handler" [_thread_blocked, id=14972, stack(0x00000077ed100000,0x00000077ed200000)]
  0x0000018cb580f000 JavaThread "Daemon client event forwarder" [_thread_blocked, id=15336, stack(0x00000077ed200000,0x00000077ed300000)]
  0x0000018cb580e000 JavaThread "Cache worker for file hash cache (C:\Users\NeHaL\.gradle\caches\7.0.2\fileHashes)" [_thread_blocked, id=2188, stack(0x00000077eda00000,0x00000077edb00000)]
  0x0000018cb580a000 JavaThread "File lock request listener" [_thread_in_native, id=11888, stack(0x00000077edb00000,0x00000077edc00000)]
  0x0000018cb580d000 JavaThread "Cache worker for journal cache (C:\Users\NeHaL\.gradle\caches\journal-1)" [_thread_blocked, id=6312, stack(0x00000077ede00000,0x00000077edf00000)]
=>0x0000018cb5809000 JavaThread "C2 CompilerThread1" daemon [_thread_in_native, id=13412, stack(0x00000077edf00000,0x00000077ee000000)]
  0x0000018cb580f800 JavaThread "Cache worker for file hash cache (C:\Users\NeHaL\AndroidStudioProjects\SmartTourApp\.gradle\7.0.2\fileHashes)" [_thread_blocked, id=8160, stack(0x00000077ee000000,0x00000077ee100000)]
  0x0000018cb580a800 JavaThread "File watcher server" daemon [_thread_in_native, id=5340, stack(0x00000077ee100000,0x00000077ee200000)]
  0x0000018cb580b800 JavaThread "File watcher consumer" daemon [_thread_blocked, id=904, stack(0x00000077ee200000,0x00000077ee300000)]
  0x0000018cb580c800 JavaThread "jar transforms" [_thread_blocked, id=8564, stack(0x00000077ee300000,0x00000077ee400000)]
  0x0000018cb6737000 JavaThread "jar transforms Thread 2" [_thread_blocked, id=12820, stack(0x00000077ee400000,0x00000077ee500000)]
  0x0000018cb6735800 JavaThread "jar transforms Thread 3" [_thread_blocked, id=14404, stack(0x00000077ee500000,0x00000077ee600000)]
  0x0000018cb673c000 JavaThread "jar transforms Thread 4" [_thread_blocked, id=12796, stack(0x00000077ee600000,0x00000077ee700000)]
  0x0000018cb673b000 JavaThread "jar transforms Thread 5" [_thread_blocked, id=14052, stack(0x00000077ee700000,0x00000077ee800000)]
  0x0000018cb6739800 JavaThread "jar transforms Thread 6" [_thread_blocked, id=3664, stack(0x00000077ee800000,0x00000077ee900000)]
  0x0000018cb673a800 JavaThread "jar transforms Thread 7" [_thread_blocked, id=12916, stack(0x00000077ee900000,0x00000077eea00000)]
  0x0000018cb6738000 JavaThread "C2 CompilerThread2" daemon [_thread_in_native, id=14412, stack(0x00000077eea00000,0x00000077eeb00000)]
  0x0000018cb6736000 JavaThread "jar transforms Thread 8" [_thread_blocked, id=8244, stack(0x00000077eeb00000,0x00000077eec00000)]
  0x0000018cb673d000 JavaThread "jar transforms Thread 9" [_thread_blocked, id=8660, stack(0x00000077eec00000,0x00000077eed00000)]
  0x0000018cb673d800 JavaThread "jar transforms Thread 10" [_thread_blocked, id=9100, stack(0x00000077eed00000,0x00000077eee00000)]
  0x0000018cb673e800 JavaThread "jar transforms Thread 11" [_thread_blocked, id=12276, stack(0x00000077eee00000,0x00000077eef00000)]

Other Threads:
  0x0000018cb2cac000 VMThread "VM Thread" [stack: 0x00000077ebc00000,0x00000077ebd00000] [id=3796]
  0x0000018cb2e8e800 WatcherThread [stack: 0x00000077ec600000,0x00000077ec700000] [id=7984]
  0x0000018c95c57000 GCTaskThread "GC Thread#0" [stack: 0x00000077eb700000,0x00000077eb800000] [id=11168]
  0x0000018cb41d3800 GCTaskThread "GC Thread#1" [stack: 0x00000077ec900000,0x00000077eca00000] [id=3812]
  0x0000018cb3ad5000 GCTaskThread "GC Thread#2" [stack: 0x00000077eca00000,0x00000077ecb00000] [id=5312]
  0x0000018cb41fa000 GCTaskThread "GC Thread#3" [stack: 0x00000077ed300000,0x00000077ed400000] [id=7000]
  0x0000018cb4e26000 GCTaskThread "GC Thread#4" [stack: 0x00000077ed400000,0x00000077ed500000] [id=12800]
  0x0000018cb5816000 GCTaskThread "GC Thread#5" [stack: 0x00000077ed500000,0x00000077ed600000] [id=2744]
  0x0000018cb5b7e800 GCTaskThread "GC Thread#6" [stack: 0x00000077ed600000,0x00000077ed700000] [id=5684]
  0x0000018cb4911000 GCTaskThread "GC Thread#7" [stack: 0x00000077ed700000,0x00000077ed800000] [id=12656]
  0x0000018cb4df7800 GCTaskThread "GC Thread#8" [stack: 0x00000077ed800000,0x00000077ed900000] [id=10080]
  0x0000018cb4651000 GCTaskThread "GC Thread#9" [stack: 0x00000077ed900000,0x00000077eda00000] [id=7404]
  0x0000018c95c8a800 ConcurrentGCThread "G1 Main Marker" [stack: 0x00000077eb800000,0x00000077eb900000] [id=10496]
  0x0000018c95c8d000 ConcurrentGCThread "G1 Conc#0" [stack: 0x00000077eb900000,0x00000077eba00000] [id=12636]
  0x0000018cb40c4000 ConcurrentGCThread "G1 Conc#1" [stack: 0x00000077edc00000,0x00000077edd00000] [id=2520]
  0x0000018cb5466800 ConcurrentGCThread "G1 Conc#2" [stack: 0x00000077edd00000,0x00000077ede00000] [id=7260]
  0x0000018cb22e2800 ConcurrentGCThread "G1 Refine#0" [stack: 0x00000077eba00000,0x00000077ebb00000] [id=3612]
  0x0000018cb22e4000 ConcurrentGCThread "G1 Young RemSet Sampling" [stack: 0x00000077ebb00000,0x00000077ebc00000] [id=10664]

Threads with active compile tasks:
C2 CompilerThread0   1679 2202   !   4       java.net.URLClassLoader$1::run (63 bytes)
C2 CompilerThread1   1679 2201       4       java.net.URLClassLoader$1::run (5 bytes)
C2 CompilerThread2   1679 2249       4       java.lang.StringBuilder::append (8 bytes)

VM state:not at safepoint (normal execution)

VM Mutex/Monitor currently owned by a thread: None

OutOfMemory and StackOverflow Exception counts:
OutOfMemoryError java_heap_errors=1
LinkageErrors=48

Heap address: 0x0000000080000000, size: 2048 MB, Compressed Oops mode: 32-bit
Narrow klass base: 0x0000000000000000, Narrow klass shift: 3
Compressed class space size: 1073741824 Address: 0x0000000100000000

Heap:
 garbage-first heap   total 131072K, used 69080K [0x0000000080000000, 0x0000000100000000)
  region size 1024K, 53 young (54272K), 1 survivors (1024K)
 Metaspace       used 25957K, capacity 26648K, committed 26752K, reserved 1077248K
  class space    used 3402K, capacity 3645K, committed 3712K, reserved 1048576K
Heap Regions: E=young(eden), S=young(survivor), O=old, HS=humongous(starts), HC=humongous(continues), CS=collection set, F=free, A=archive, TAMS=top-at-mark-start (previous, next)
|   0|0x0000000080000000, 0x0000000080100000, 0x0000000080100000|100%| O|  |TAMS 0x0000000080100000, 0x0000000080000000| Untracked 
|   1|0x0000000080100000, 0x0000000080200000, 0x0000000080200000|100%| O|  |TAMS 0x0000000080200000, 0x0000000080100000| Untracked 
|   2|0x0000000080200000, 0x0000000080300000, 0x0000000080300000|100%| O|  |TAMS 0x0000000080300000, 0x0000000080200000| Untracked 
|   3|0x0000000080300000, 0x0000000080400000, 0x0000000080400000|100%|HS|  |TAMS 0x0000000080400000, 0x0000000080300000| Complete 
|   4|0x0000000080400000, 0x0000000080500000, 0x0000000080500000|100%|HC|  |TAMS 0x0000000080500000, 0x0000000080400000| Complete 
|   5|0x0000000080500000, 0x0000000080600000, 0x0000000080600000|100%|HC|  |TAMS 0x0000000080600000, 0x0000000080500000| Complete 
|   6|0x0000000080600000, 0x0000000080700000, 0x0000000080700000|100%| O|  |TAMS 0x0000000080700000, 0x0000000080600000| Untracked 
|   7|0x0000000080700000, 0x0000000080800000, 0x0000000080800000|100%| O|  |TAMS 0x0000000080800000, 0x0000000080700000| Untracked 
|   8|0x0000000080800000, 0x0000000080900000, 0x0000000080900000|100%| O|  |TAMS 0x0000000080900000, 0x0000000080800000| Untracked 
|   9|0x0000000080900000, 0x0000000080a00000, 0x0000000080a00000|100%| O|  |TAMS 0x0000000080a00000, 0x0000000080900000| Untracked 
|  10|0x0000000080a00000, 0x0000000080b00000, 0x0000000080b00000|100%| O|  |TAMS 0x0000000080b00000, 0x0000000080a00000| Untracked 
|  11|0x0000000080b00000, 0x0000000080c00000, 0x0000000080c00000|100%| O|  |TAMS 0x0000000080c00000, 0x0000000080b00000| Untracked 
|  12|0x0000000080c00000, 0x0000000080d00000, 0x0000000080d00000|100%| O|  |TAMS 0x0000000080d00000, 0x0000000080c00000| Untracked 
|  13|0x0000000080d00000, 0x0000000080e00000, 0x0000000080e00000|100%| O|  |TAMS 0x0000000080e00000, 0x0000000080d00000| Untracked 
|  14|0x0000000080e00000, 0x0000000080f00000, 0x0000000080f00000|100%| O|  |TAMS 0x0000000080f00000, 0x0000000080e00000| Untracked 
|  15|0x0000000080f00000, 0x0000000080f98800, 0x0000000081000000| 59%| O|  |TAMS 0x0000000080f98800, 0x0000000080f00000| Untracked 
|  16|0x0000000081000000, 0x0000000081000000, 0x0000000081100000|  0%| F|  |TAMS 0x0000000081000000, 0x0000000081000000| Untracked 
|  17|0x0000000081100000, 0x0000000081100000, 0x0000000081200000|  0%| F|  |TAMS 0x0000000081100000, 0x0000000081100000| Untracked 
|  18|0x0000000081200000, 0x0000000081200000, 0x0000000081300000|  0%| F|  |TAMS 0x0000000081200000, 0x0000000081200000| Untracked 
|  19|0x0000000081300000, 0x0000000081300000, 0x0000000081400000|  0%| F|  |TAMS 0x0000000081300000, 0x0000000081300000| Untracked 
|  20|0x0000000081400000, 0x0000000081400000, 0x0000000081500000|  0%| F|  |TAMS 0x0000000081400000, 0x0000000081400000| Untracked 
|  21|0x0000000081500000, 0x0000000081500000, 0x0000000081600000|  0%| F|  |TAMS 0x0000000081500000, 0x0000000081500000| Untracked 
|  22|0x0000000081600000, 0x0000000081600000, 0x0000000081700000|  0%| F|  |TAMS 0x0000000081600000, 0x0000000081600000| Untracked 
|  23|0x0000000081700000, 0x0000000081700000, 0x0000000081800000|  0%| F|  |TAMS 0x0000000081700000, 0x0000000081700000| Untracked 
|  24|0x0000000081800000, 0x0000000081800000, 0x0000000081900000|  0%| F|  |TAMS 0x0000000081800000, 0x0000000081800000| Untracked 
|  25|0x0000000081900000, 0x0000000081900000, 0x0000000081a00000|  0%| F|  |TAMS 0x0000000081900000, 0x0000000081900000| Untracked 
|  26|0x0000000081a00000, 0x0000000081a00000, 0x0000000081b00000|  0%| F|  |TAMS 0x0000000081a00000, 0x0000000081a00000| Untracked 
|  27|0x0000000081b00000, 0x0000000081b00000, 0x0000000081c00000|  0%| F|  |TAMS 0x0000000081b00000, 0x0000000081b00000| Untracked 
|  28|0x0000000081c00000, 0x0000000081c00000, 0x0000000081d00000|  0%| F|  |TAMS 0x0000000081c00000, 0x0000000081c00000| Untracked 
|  29|0x0000000081d00000, 0x0000000081d00000, 0x0000000081e00000|  0%| F|  |TAMS 0x0000000081d00000, 0x0000000081d00000| Untracked 
|  30|0x0000000081e00000, 0x0000000081e00000, 0x0000000081f00000|  0%| F|  |TAMS 0x0000000081e00000, 0x0000000081e00000| Untracked 
|  31|0x0000000081f00000, 0x0000000081f00000, 0x0000000082000000|  0%| F|  |TAMS 0x0000000081f00000, 0x0000000081f00000| Untracked 
|  32|0x0000000082000000, 0x0000000082000000, 0x0000000082100000|  0%| F|  |TAMS 0x0000000082000000, 0x0000000082000000| Untracked 
|  33|0x0000000082100000, 0x0000000082100000, 0x0000000082200000|  0%| F|  |TAMS 0x0000000082100000, 0x0000000082100000| Untracked 
|  34|0x0000000082200000, 0x0000000082200000, 0x0000000082300000|  0%| F|  |TAMS 0x0000000082200000, 0x0000000082200000| Untracked 
|  35|0x0000000082300000, 0x0000000082300000, 0x0000000082400000|  0%| F|  |TAMS 0x0000000082300000, 0x0000000082300000| Untracked 
|  36|0x0000000082400000, 0x0000000082400000, 0x0000000082500000|  0%| F|  |TAMS 0x0000000082400000, 0x0000000082400000| Untracked 
|  37|0x0000000082500000, 0x0000000082500000, 0x0000000082600000|  0%| F|  |TAMS 0x0000000082500000, 0x0000000082500000| Untracked 
|  38|0x0000000082600000, 0x0000000082600000, 0x0000000082700000|  0%| F|  |TAMS 0x0000000082600000, 0x0000000082600000| Untracked 
|  39|0x0000000082700000, 0x0000000082700000, 0x0000000082800000|  0%| F|  |TAMS 0x0000000082700000, 0x0000000082700000| Untracked 
|  40|0x0000000082800000, 0x0000000082800000, 0x0000000082900000|  0%| F|  |TAMS 0x0000000082800000, 0x0000000082800000| Untracked 
|  41|0x0000000082900000, 0x0000000082900000, 0x0000000082a00000|  0%| F|  |TAMS 0x0000000082900000, 0x0000000082900000| Untracked 
|  42|0x0000000082a00000, 0x0000000082a00000, 0x0000000082b00000|  0%| F|  |TAMS 0x0000000082a00000, 0x0000000082a00000| Untracked 
|  43|0x0000000082b00000, 0x0000000082b00000, 0x0000000082c00000|  0%| F|  |TAMS 0x0000000082b00000, 0x0000000082b00000| Untracked 
|  44|0x0000000082c00000, 0x0000000082c00000, 0x0000000082d00000|  0%| F|  |TAMS 0x0000000082c00000, 0x0000000082c00000| Untracked 
|  45|0x0000000082d00000, 0x0000000082d00000, 0x0000000082e00000|  0%| F|  |TAMS 0x0000000082d00000, 0x0000000082d00000| Untracked 
|  46|0x0000000082e00000, 0x0000000082e00000, 0x0000000082f00000|  0%| F|  |TAMS 0x0000000082e00000, 0x0000000082e00000| Untracked 
|  47|0x0000000082f00000, 0x0000000082f00000, 0x0000000083000000|  0%| F|  |TAMS 0x0000000082f00000, 0x0000000082f00000| Untracked 
|  48|0x0000000083000000, 0x0000000083000000, 0x0000000083100000|  0%| F|  |TAMS 0x0000000083000000, 0x0000000083000000| Untracked 
|  49|0x0000000083100000, 0x0000000083100000, 0x0000000083200000|  0%| F|  |TAMS 0x0000000083100000, 0x0000000083100000| Untracked 
|  50|0x0000000083200000, 0x0000000083200000, 0x0000000083300000|  0%| F|  |TAMS 0x0000000083200000, 0x0000000083200000| Untracked 
|  51|0x0000000083300000, 0x0000000083300000, 0x0000000083400000|  0%| F|  |TAMS 0x0000000083300000, 0x0000000083300000| Untracked 
|  52|0x0000000083400000, 0x0000000083400000, 0x0000000083500000|  0%| F|  |TAMS 0x0000000083400000, 0x0000000083400000| Untracked 
|  53|0x0000000083500000, 0x0000000083500000, 0x0000000083600000|  0%| F|  |TAMS 0x0000000083500000, 0x0000000083500000| Untracked 
|  54|0x0000000083600000, 0x0000000083600000, 0x0000000083700000|  0%| F|  |TAMS 0x0000000083600000, 0x0000000083600000| Untracked 
|  55|0x0000000083700000, 0x0000000083700000, 0x0000000083800000|  0%| F|  |TAMS 0x0000000083700000, 0x0000000083700000| Untracked 
|  56|0x0000000083800000, 0x0000000083800000, 0x0000000083900000|  0%| F|  |TAMS 0x0000000083800000, 0x0000000083800000| Untracked 
|  57|0x0000000083900000, 0x0000000083900000, 0x0000000083a00000|  0%| F|  |TAMS 0x0000000083900000, 0x0000000083900000| Untracked 
|  58|0x0000000083a00000, 0x0000000083a00000, 0x0000000083b00000|  0%| F|  |TAMS 0x0000000083a00000, 0x0000000083a00000| Untracked 
|  59|0x0000000083b00000, 0x0000000083b00000, 0x0000000083c00000|  0%| F|  |TAMS 0x0000000083b00000, 0x0000000083b00000| Untracked 
|  60|0x0000000083c00000, 0x0000000083c00000, 0x0000000083d00000|  0%| F|  |TAMS 0x0000000083c00000, 0x0000000083c00000| Untracked 
|  61|0x0000000083d00000, 0x0000000083d00000, 0x0000000083e00000|  0%| F|  |TAMS 0x0000000083d00000, 0x0000000083d00000| Untracked 
|  62|0x0000000083e00000, 0x0000000083e00000, 0x0000000083f00000|  0%| F|  |TAMS 0x0000000083e00000, 0x0000000083e00000| Untracked 
|  63|0x0000000083f00000, 0x0000000083f00000, 0x0000000084000000|  0%| F|  |TAMS 0x0000000083f00000, 0x0000000083f00000| Untracked 
|  64|0x0000000084000000, 0x0000000084000000, 0x0000000084100000|  0%| F|  |TAMS 0x0000000084000000, 0x0000000084000000| Untracked 
|  65|0x0000000084100000, 0x0000000084100000, 0x0000000084200000|  0%| F|  |TAMS 0x0000000084100000, 0x0000000084100000| Untracked 
|  66|0x0000000084200000, 0x0000000084200000, 0x0000000084300000|  0%| F|  |TAMS 0x0000000084200000, 0x0000000084200000| Untracked 
|  67|0x0000000084300000, 0x0000000084300000, 0x0000000084400000|  0%| F|  |TAMS 0x0000000084300000, 0x0000000084300000| Untracked 
|  68|0x0000000084400000, 0x0000000084400000, 0x0000000084500000|  0%| F|  |TAMS 0x0000000084400000, 0x0000000084400000| Untracked 
|  69|0x0000000084500000, 0x0000000084500000, 0x0000000084600000|  0%| F|  |TAMS 0x0000000084500000, 0x0000000084500000| Untracked 
|  70|0x0000000084600000, 0x0000000084600000, 0x0000000084700000|  0%| F|  |TAMS 0x0000000084600000, 0x0000000084600000| Untracked 
|  71|0x0000000084700000, 0x0000000084700000, 0x0000000084800000|  0%| F|  |TAMS 0x0000000084700000, 0x0000000084700000| Untracked 
|  72|0x0000000084800000, 0x0000000084800000, 0x0000000084900000|  0%| F|  |TAMS 0x0000000084800000, 0x0000000084800000| Untracked 
|  73|0x0000000084900000, 0x0000000084900000, 0x0000000084a00000|  0%| F|  |TAMS 0x0000000084900000, 0x0000000084900000| Untracked 
|  74|0x0000000084a00000, 0x0000000084a46d10, 0x0000000084b00000| 27%| E|  |TAMS 0x0000000084a00000, 0x0000000084a00000| Complete 
|  75|0x0000000084b00000, 0x0000000084c00000, 0x0000000084c00000|100%| E|CS|TAMS 0x0000000084b00000, 0x0000000084b00000| Complete 
|  76|0x0000000084c00000, 0x0000000084d00000, 0x0000000084d00000|100%| E|CS|TAMS 0x0000000084c00000, 0x0000000084c00000| Complete 
|  77|0x0000000084d00000, 0x0000000084e00000, 0x0000000084e00000|100%| E|CS|TAMS 0x0000000084d00000, 0x0000000084d00000| Complete 
|  78|0x0000000084e00000, 0x0000000084f00000, 0x0000000084f00000|100%| E|CS|TAMS 0x0000000084e00000, 0x0000000084e00000| Complete 
|  79|0x0000000084f00000, 0x0000000085000000, 0x0000000085000000|100%| E|CS|TAMS 0x0000000084f00000, 0x0000000084f00000| Complete 
|  80|0x0000000085000000, 0x0000000085100000, 0x0000000085100000|100%| E|CS|TAMS 0x0000000085000000, 0x0000000085000000| Complete 
|  81|0x0000000085100000, 0x0000000085200000, 0x0000000085200000|100%| E|CS|TAMS 0x0000000085100000, 0x0000000085100000| Complete 
|  82|0x0000000085200000, 0x0000000085300000, 0x0000000085300000|100%| E|CS|TAMS 0x0000000085200000, 0x0000000085200000| Complete 
|  83|0x0000000085300000, 0x0000000085400000, 0x0000000085400000|100%| E|CS|TAMS 0x0000000085300000, 0x0000000085300000| Complete 
|  84|0x0000000085400000, 0x0000000085500000, 0x0000000085500000|100%| E|CS|TAMS 0x0000000085400000, 0x0000000085400000| Complete 
|  85|0x0000000085500000, 0x0000000085600000, 0x0000000085600000|100%| E|CS|TAMS 0x0000000085500000, 0x0000000085500000| Complete 
|  86|0x0000000085600000, 0x0000000085700000, 0x0000000085700000|100%| E|CS|TAMS 0x0000000085600000, 0x0000000085600000| Complete 
|  87|0x0000000085700000, 0x0000000085800000, 0x0000000085800000|100%| E|CS|TAMS 0x0000000085700000, 0x0000000085700000| Complete 
|  88|0x0000000085800000, 0x0000000085900000, 0x0000000085900000|100%| E|CS|TAMS 0x0000000085800000, 0x0000000085800000| Complete 
|  89|0x0000000085900000, 0x0000000085a00000, 0x0000000085a00000|100%| E|CS|TAMS 0x0000000085900000, 0x0000000085900000| Complete 
|  90|0x0000000085a00000, 0x0000000085b00000, 0x0000000085b00000|100%| E|CS|TAMS 0x0000000085a00000, 0x0000000085a00000| Complete 
|  91|0x0000000085b00000, 0x0000000085c00000, 0x0000000085c00000|100%| E|CS|TAMS 0x0000000085b00000, 0x0000000085b00000| Complete 
|  92|0x0000000085c00000, 0x0000000085d00000, 0x0000000085d00000|100%| E|CS|TAMS 0x0000000085c00000, 0x0000000085c00000| Complete 
|  93|0x0000000085d00000, 0x0000000085e00000, 0x0000000085e00000|100%| E|CS|TAMS 0x0000000085d00000, 0x0000000085d00000| Complete 
|  94|0x0000000085e00000, 0x0000000085f00000, 0x0000000085f00000|100%| E|CS|TAMS 0x0000000085e00000, 0x0000000085e00000| Complete 
|  95|0x0000000085f00000, 0x0000000086000000, 0x0000000086000000|100%| E|CS|TAMS 0x0000000085f00000, 0x0000000085f00000| Complete 
|  96|0x0000000086000000, 0x0000000086100000, 0x0000000086100000|100%| E|CS|TAMS 0x0000000086000000, 0x0000000086000000| Complete 
|  97|0x0000000086100000, 0x0000000086200000, 0x0000000086200000|100%| E|CS|TAMS 0x0000000086100000, 0x0000000086100000| Complete 
|  98|0x0000000086200000, 0x0000000086300000, 0x0000000086300000|100%| E|CS|TAMS 0x0000000086200000, 0x0000000086200000| Complete 
|  99|0x0000000086300000, 0x0000000086400000, 0x0000000086400000|100%| E|CS|TAMS 0x0000000086300000, 0x0000000086300000| Complete 
| 100|0x0000000086400000, 0x0000000086500000, 0x0000000086500000|100%| E|CS|TAMS 0x0000000086400000, 0x0000000086400000| Complete 
| 101|0x0000000086500000, 0x0000000086600000, 0x0000000086600000|100%| E|CS|TAMS 0x0000000086500000, 0x0000000086500000| Complete 
| 102|0x0000000086600000, 0x0000000086700000, 0x0000000086700000|100%| E|CS|TAMS 0x0000000086600000, 0x0000000086600000| Complete 
| 103|0x0000000086700000, 0x0000000086800000, 0x0000000086800000|100%| E|CS|TAMS 0x0000000086700000, 0x0000000086700000| Complete 
| 104|0x0000000086800000, 0x0000000086900000, 0x0000000086900000|100%| E|CS|TAMS 0x0000000086800000, 0x0000000086800000| Complete 
| 105|0x0000000086900000, 0x00000000869ddb40, 0x0000000086a00000| 86%| S|CS|TAMS 0x0000000086900000, 0x0000000086900000| Complete 
| 106|0x0000000086a00000, 0x0000000086b00000, 0x0000000086b00000|100%| E|CS|TAMS 0x0000000086a00000, 0x0000000086a00000| Complete 
| 107|0x0000000086b00000, 0x0000000086c00000, 0x0000000086c00000|100%| E|CS|TAMS 0x0000000086b00000, 0x0000000086b00000| Complete 
| 108|0x0000000086c00000, 0x0000000086d00000, 0x0000000086d00000|100%| E|CS|TAMS 0x0000000086c00000, 0x0000000086c00000| Complete 
| 109|0x0000000086d00000, 0x0000000086e00000, 0x0000000086e00000|100%| E|CS|TAMS 0x0000000086d00000, 0x0000000086d00000| Complete 
| 110|0x0000000086e00000, 0x0000000086f00000, 0x0000000086f00000|100%| E|CS|TAMS 0x0000000086e00000, 0x0000000086e00000| Complete 
| 111|0x0000000086f00000, 0x0000000087000000, 0x0000000087000000|100%| E|CS|TAMS 0x0000000086f00000, 0x0000000086f00000| Complete 
| 112|0x0000000087000000, 0x0000000087100000, 0x0000000087100000|100%| E|CS|TAMS 0x0000000087000000, 0x0000000087000000| Complete 
| 113|0x0000000087100000, 0x0000000087200000, 0x0000000087200000|100%| E|CS|TAMS 0x0000000087100000, 0x0000000087100000| Complete 
| 114|0x0000000087200000, 0x0000000087300000, 0x0000000087300000|100%| E|CS|TAMS 0x0000000087200000, 0x0000000087200000| Complete 
| 115|0x0000000087300000, 0x0000000087400000, 0x0000000087400000|100%| E|CS|TAMS 0x0000000087300000, 0x0000000087300000| Complete 
| 116|0x0000000087400000, 0x0000000087500000, 0x0000000087500000|100%| E|CS|TAMS 0x0000000087400000, 0x0000000087400000| Complete 
| 117|0x0000000087500000, 0x0000000087600000, 0x0000000087600000|100%| E|CS|TAMS 0x0000000087500000, 0x0000000087500000| Complete 
| 118|0x0000000087600000, 0x0000000087700000, 0x0000000087700000|100%| E|CS|TAMS 0x0000000087600000, 0x0000000087600000| Complete 
| 119|0x0000000087700000, 0x0000000087800000, 0x0000000087800000|100%| E|CS|TAMS 0x0000000087700000, 0x0000000087700000| Complete 
| 120|0x0000000087800000, 0x0000000087900000, 0x0000000087900000|100%| E|CS|TAMS 0x0000000087800000, 0x0000000087800000| Complete 
| 121|0x0000000087900000, 0x0000000087a00000, 0x0000000087a00000|100%| E|CS|TAMS 0x0000000087900000, 0x0000000087900000| Complete 
| 122|0x0000000087a00000, 0x0000000087b00000, 0x0000000087b00000|100%| E|CS|TAMS 0x0000000087a00000, 0x0000000087a00000| Complete 
| 123|0x0000000087b00000, 0x0000000087c00000, 0x0000000087c00000|100%| E|CS|TAMS 0x0000000087b00000, 0x0000000087b00000| Complete 
| 124|0x0000000087c00000, 0x0000000087d00000, 0x0000000087d00000|100%| E|CS|TAMS 0x0000000087c00000, 0x0000000087c00000| Complete 
| 125|0x0000000087d00000, 0x0000000087e00000, 0x0000000087e00000|100%| E|CS|TAMS 0x0000000087d00000, 0x0000000087d00000| Complete 
| 126|0x0000000087e00000, 0x0000000087f00000, 0x0000000087f00000|100%| E|CS|TAMS 0x0000000087e00000, 0x0000000087e00000| Complete 
| 127|0x0000000087f00000, 0x0000000088000000, 0x0000000088000000|100%| E|CS|TAMS 0x0000000087f00000, 0x0000000087f00000| Complete 

Card table byte_map: [0x0000018caaf70000,0x0000018cab370000] _byte_map_base: 0x0000018caab70000

Marking Bits (Prev, Next): (CMBitMap*) 0x0000018c95c81dc0, (CMBitMap*) 0x0000018c95c81d88
 Prev Bits: [0x0000018cad770000, 0x0000018caf770000)
 Next Bits: [0x0000018cab770000, 0x0000018cad770000)

Polling page: 0x0000018c95a90000

Metaspace:

Usage:
  Non-class:     22.47 MB capacity,    22.04 MB ( 98%) used,   385.65 KB (  2%) free+waste,    55.63 KB ( <1%) overhead. 
      Class:      3.57 MB capacity,     3.33 MB ( 93%) used,   215.04 KB (  6%) free+waste,    28.50 KB ( <1%) overhead. 
       Both:     26.04 MB capacity,    25.37 MB ( 97%) used,   600.69 KB (  2%) free+waste,    84.13 KB ( <1%) overhead. 

Virtual space:
  Non-class space:       28.00 MB reserved,      22.50 MB ( 80%) committed 
      Class space:        1.00 GB reserved,       3.63 MB ( <1%) committed 
             Both:        1.03 GB reserved,      26.13 MB (  2%) committed 

Chunk freelists:
   Non-Class:  28.00 KB
       Class:  0 bytes
        Both:  28.00 KB

MaxMetaspaceSize: 17179869184.00 GB
CompressedClassSpaceSize: 1.00 GB

CodeHeap 'non-profiled nmethods': size=120000Kb used=1123Kb max_used=1123Kb free=118876Kb
 bounds [0x0000018ca29b0000, 0x0000018ca2c20000, 0x0000018ca9ee0000]
CodeHeap 'profiled nmethods': size=120000Kb used=4726Kb max_used=4726Kb free=115273Kb
 bounds [0x0000018c9b480000, 0x0000018c9b920000, 0x0000018ca29b0000]
CodeHeap 'non-nmethods': size=5760Kb used=1160Kb max_used=1192Kb free=4599Kb
 bounds [0x0000018c9aee0000, 0x0000018c9b150000, 0x0000018c9b480000]
 total_blobs=2759 nmethods=2257 adapters=413
 compilation: enabled
              stopped_count=0, restarted_count=0
 full_count=0

Compilation events (20 events):
Event: 1.664 Thread 0x0000018cb2d02000 2226       3       jdk.internal.misc.Unsafe::getAndAddInt (27 bytes)
Event: 1.664 Thread 0x0000018cb2d02000 nmethod 2226 0x0000018c9b910190 code [0x0000018c9b910340, 0x0000018c9b910578]
Event: 1.664 Thread 0x0000018cb2d02000 2227       3       java.lang.invoke.DirectMethodHandle$Holder::invokeStatic (15 bytes)
Event: 1.664 Thread 0x0000018cb2d02000 nmethod 2227 0x0000018c9b910690 code [0x0000018c9b910860, 0x0000018c9b910d98]
Event: 1.667 Thread 0x0000018cb2d02000 2228       3       java.lang.invoke.Invokers$Holder::linkToTargetMethod (9 bytes)
Event: 1.667 Thread 0x0000018cb2d02000 nmethod 2228 0x0000018c9b910e90 code [0x0000018c9b911060, 0x0000018c9b911418]
Event: 1.667 Thread 0x0000018cb2d02000 2229       3       java.net.URI::match (56 bytes)
Event: 1.667 Thread 0x0000018cb2d02000 nmethod 2229 0x0000018c9b911510 code [0x0000018c9b9116c0, 0x0000018c9b911978]
Event: 1.667 Thread 0x0000018cb2d02000 2230       3       java.util.concurrent.locks.ReentrantLock$NonfairSync::tryAcquire (6 bytes)
Event: 1.667 Thread 0x0000018cb2d02000 nmethod 2230 0x0000018c9b911a10 code [0x0000018c9b911bc0, 0x0000018c9b911ce8]
Event: 1.668 Thread 0x0000018cb2d02000 2231       3       java.io.DataInputStream::readLong (128 bytes)
Event: 1.668 Thread 0x0000018cb2d02000 nmethod 2231 0x0000018c9b911d90 code [0x0000018c9b911f60, 0x0000018c9b912268]
Event: 1.668 Thread 0x0000018cb2d02000 2232       3       com.google.common.io.CountingInputStream::read (33 bytes)
Event: 1.668 Thread 0x0000018cb2d02000 nmethod 2232 0x0000018c9b912410 code [0x0000018c9b9125c0, 0x0000018c9b9127c8]
Event: 1.668 Thread 0x0000018cb2d02000 2233       3       org.gradle.cache.internal.btree.BlockPointer::pos (56 bytes)
Event: 1.668 Thread 0x0000018cb2d02000 nmethod 2233 0x0000018c9b912890 code [0x0000018c9b912b00, 0x0000018c9b9134f8]
Event: 1.668 Thread 0x0000018cb2d02000 2234       3       org.gradle.cache.internal.btree.BTreePersistentIndexedCache$IndexEntry::<init> (5 bytes)
Event: 1.668 Thread 0x0000018cb2d02000 nmethod 2234 0x0000018c9b913890 code [0x0000018c9b913a40, 0x0000018c9b913bf8]
Event: 1.668 Thread 0x0000018cb2d02000 2235       3       org.gradle.cache.internal.btree.BlockPointer::<init> (10 bytes)
Event: 1.668 Thread 0x0000018cb2d02000 nmethod 2235 0x0000018c9b913d10 code [0x0000018c9b913ec0, 0x0000018c9b914018]

GC Heap History (6 events):
Event: 0.419 GC heap before
{Heap before GC invocations=0 (full 0):
 garbage-first heap   total 131072K, used 29696K [0x0000000080000000, 0x0000000100000000)
  region size 1024K, 24 young (24576K), 0 survivors (0K)
 Metaspace       used 10188K, capacity 10363K, committed 10624K, reserved 1058816K
  class space    used 1065K, capacity 1141K, committed 1152K, reserved 1048576K
}
Event: 0.423 GC heap after
{Heap after GC invocations=1 (full 0):
 garbage-first heap   total 131072K, used 9264K [0x0000000080000000, 0x0000000100000000)
  region size 1024K, 3 young (3072K), 3 survivors (3072K)
 Metaspace       used 10188K, capacity 10363K, committed 10624K, reserved 1058816K
  class space    used 1065K, capacity 1141K, committed 1152K, reserved 1048576K
}
Event: 1.221 GC heap before
{Heap before GC invocations=1 (full 0):
 garbage-first heap   total 131072K, used 84016K [0x0000000080000000, 0x0000000100000000)
  region size 1024K, 76 young (77824K), 3 survivors (3072K)
 Metaspace       used 17829K, capacity 18288K, committed 18432K, reserved 1064960K
  class space    used 2114K, capacity 2251K, committed 2304K, reserved 1048576K
}
Event: 1.226 GC heap after
{Heap after GC invocations=2 (full 0):
 garbage-first heap   total 131072K, used 15878K [0x0000000080000000, 0x0000000100000000)
  region size 1024K, 10 young (10240K), 10 survivors (10240K)
 Metaspace       used 17829K, capacity 18288K, committed 18432K, reserved 1064960K
  class space    used 2114K, capacity 2251K, committed 2304K, reserved 1048576K
}
Event: 1.357 GC heap before
{Heap before GC invocations=2 (full 0):
 garbage-first heap   total 131072K, used 37382K [0x0000000080000000, 0x0000000100000000)
  region size 1024K, 32 young (32768K), 10 survivors (10240K)
 Metaspace       used 20593K, capacity 21123K, committed 21248K, reserved 1067008K
  class space    used 2514K, capacity 2733K, committed 2816K, reserved 1048576K
}
Event: 1.361 GC heap after
{Heap after GC invocations=3 (full 0):
 garbage-first heap   total 131072K, used 16856K [0x0000000080000000, 0x0000000100000000)
  region size 1024K, 1 young (1024K), 1 survivors (1024K)
 Metaspace       used 20593K, capacity 21123K, committed 21248K, reserved 1067008K
  class space    used 2514K, capacity 2733K, committed 2816K, reserved 1048576K
}

Deoptimization events (20 events):
Event: 1.620 Thread 0x0000018cb557f800 Uncommon trap: trap_request=0xffffff7e fr.pc=0x0000018ca2aafd40 relative=0x0000000000000160
Event: 1.620 Thread 0x0000018cb557f800 Uncommon trap: reason=predicate action=maybe_recompile pc=0x0000018ca2aafd40 method=com.google.common.base.CharMatcher.indexIn(Ljava/lang/CharSequence;I)I @ 19 c2
Event: 1.620 Thread 0x0000018cb557f800 DEOPT PACKING pc=0x0000018ca2aafd40 sp=0x00000077ecffb960
Event: 1.620 Thread 0x0000018cb557f800 DEOPT UNPACKING pc=0x0000018c9af078af sp=0x00000077ecffb8f0 mode 2
Event: 1.638 Thread 0x0000018cb557f800 Uncommon trap: trap_request=0xffffffde fr.pc=0x0000018ca2abe7a4 relative=0x00000000000002e4
Event: 1.638 Thread 0x0000018cb557f800 Uncommon trap: reason=class_check action=maybe_recompile pc=0x0000018ca2abe7a4 method=java.util.Collections$SetFromMap.remove(Ljava/lang/Object;)Z @ 5 c2
Event: 1.638 Thread 0x0000018cb557f800 DEOPT PACKING pc=0x0000018ca2abe7a4 sp=0x00000077ecffc370
Event: 1.638 Thread 0x0000018cb557f800 DEOPT UNPACKING pc=0x0000018c9af078af sp=0x00000077ecffc368 mode 2
Event: 1.638 Thread 0x0000018cb557f800 Uncommon trap: trap_request=0xffffffde fr.pc=0x0000018ca2abe7a4 relative=0x00000000000002e4
Event: 1.638 Thread 0x0000018cb557f800 Uncommon trap: reason=class_check action=maybe_recompile pc=0x0000018ca2abe7a4 method=java.util.Collections$SetFromMap.remove(Ljava/lang/Object;)Z @ 5 c2
Event: 1.638 Thread 0x0000018cb557f800 DEOPT PACKING pc=0x0000018ca2abe7a4 sp=0x00000077ecffc2f0
Event: 1.638 Thread 0x0000018cb557f800 DEOPT UNPACKING pc=0x0000018c9af078af sp=0x00000077ecffc2e8 mode 2
Event: 1.645 Thread 0x0000018cb557f800 Uncommon trap: trap_request=0xffffff4d fr.pc=0x0000018ca2a039e4 relative=0x00000000000001a4
Event: 1.645 Thread 0x0000018cb557f800 Uncommon trap: reason=unstable_if action=reinterpret pc=0x0000018ca2a039e4 method=java.net.URI.match(CJJ)Z @ 19 c2
Event: 1.645 Thread 0x0000018cb557f800 DEOPT PACKING pc=0x0000018ca2a039e4 sp=0x00000077ecffb910
Event: 1.645 Thread 0x0000018cb557f800 DEOPT UNPACKING pc=0x0000018c9af078af sp=0x00000077ecffb810 mode 2
Event: 1.645 Thread 0x0000018cb557f800 Uncommon trap: trap_request=0xffffff4d fr.pc=0x0000018ca29cf2e8 relative=0x0000000000000048
Event: 1.645 Thread 0x0000018cb557f800 Uncommon trap: reason=unstable_if action=reinterpret pc=0x0000018ca29cf2e8 method=java.net.URI.match(CJJ)Z @ 19 c2
Event: 1.645 Thread 0x0000018cb557f800 DEOPT PACKING pc=0x0000018ca29cf2e8 sp=0x00000077ecffb850
Event: 1.645 Thread 0x0000018cb557f800 DEOPT UNPACKING pc=0x0000018c9af078af sp=0x00000077ecffb800 mode 2

Classes redefined (0 events):
No events

Internal exceptions (20 events):
Event: 1.292 Thread 0x0000018cb557f800 Exception <a 'java/lang/IncompatibleClassChangeError'{0x0000000087245b80}: Found class java.lang.Object, but interface was expected> (0x0000000087245b80) thrown at [./src/hotspot/share/interpreter/linkResolver.cpp, line 839]
Event: 1.300 Thread 0x0000018cb557f800 Exception <a 'java/lang/NoSuchMethodError'{0x00000000871bc2b0}: 'void java.lang.invoke.DirectMethodHandle$Holder.invokeStaticInit(java.lang.Object)'> (0x00000000871bc2b0) thrown at [./src/hotspot/share/interpreter/linkResolver.cpp, line 773]
Event: 1.323 Thread 0x0000018cb557f800 Exception <a 'java/lang/NoSuchMethodError'{0x0000000086e2eb98}: 'java.lang.Object java.lang.invoke.DirectMethodHandle$Holder.invokeStatic(java.lang.Object, java.lang.Object, java.lang.Object, int)'> (0x0000000086e2eb98) thrown at [./src/hotspot/share/interpreter/linkResolver.cpp, line 773]
Event: 1.323 Thread 0x0000018cb557f800 Exception <a 'java/lang/NoSuchMethodError'{0x0000000086e32d60}: 'java.lang.Object java.lang.invoke.DirectMethodHandle$Holder.invokeSpecial(java.lang.Object, java.lang.Object, java.lang.Object, java.lang.Object, int)'> (0x0000000086e32d60) thrown at [./src/hotspot/share/interpreter/linkResolver.cpp, line 773]
Event: 1.323 Thread 0x0000018cb557f800 Exception <a 'java/lang/NoSuchMethodError'{0x0000000086e36748}: 'java.lang.Object java.lang.invoke.Invokers$Holder.linkToTargetMethod(java.lang.Object, java.lang.Object, int, java.lang.Object)'> (0x0000000086e36748) thrown at [./src/hotspot/share/interpreter/linkResolver.cpp, line 773]
Event: 1.369 Thread 0x0000018cb557f800 Exception <a 'java/lang/NoSuchMethodError'{0x0000000087fb4310}: 'int java.lang.invoke.DirectMethodHandle$Holder.invokeSpecialIFC(java.lang.Object, java.lang.Object, java.lang.Object, java.lang.Object)'> (0x0000000087fb4310) thrown at [./src/hotspot/share/interpreter/linkResolver.cpp, line 773]
Event: 1.370 Thread 0x0000018cb557f800 Exception <a 'java/lang/NoSuchMethodError'{0x0000000087fc2320}: 'java.lang.Object java.lang.invoke.DirectMethodHandle$Holder.invokeInterface(java.lang.Object, java.lang.Object, java.lang.Object)'> (0x0000000087fc2320) thrown at [./src/hotspot/share/interpreter/linkResolver.cpp, line 773]
Event: 1.370 Thread 0x0000018cb557f800 Exception <a 'java/lang/IncompatibleClassChangeError'{0x0000000087fc57f8}: Found class java.lang.Object, but interface was expected> (0x0000000087fc57f8) thrown at [./src/hotspot/share/interpreter/linkResolver.cpp, line 839]
Event: 1.374 Thread 0x0000018cb557f800 Exception <a 'java/lang/NoSuchMethodError'{0x0000000087e7bd88}: 'void java.lang.invoke.DirectMethodHandle$Holder.invokeStatic(java.lang.Object, java.lang.Object, java.lang.Object, java.lang.Object, java.lang.Object)'> (0x0000000087e7bd88) thrown at [./src/hotspot/share/interpreter/linkResolver.cpp, line 773]
Event: 1.406 Thread 0x0000018cb557f800 Exception <a 'java/lang/NoSuchMethodError'{0x0000000087922e88}: 'void java.lang.invoke.DirectMethodHandle$Holder.invokeSpecial(java.lang.Object, java.lang.Object)'> (0x0000000087922e88) thrown at [./src/hotspot/share/interpreter/linkResolver.cpp, line 773]
Event: 1.420 Thread 0x0000018cb557f800 Exception <a 'java/lang/NoSuchMethodError'{0x000000008775ecd8}: 'java.lang.Object java.lang.invoke.DirectMethodHandle$Holder.invokeSpecial(java.lang.Object, java.lang.Object, java.lang.Object, java.lang.Object, java.lang.Object, java.lang.Object, java.lang.Object, java.lang.Object, java.lang.Object)'> (0x000000008775ecd8) thrown at [./src/hotspot/share/interpreter/linkResolver.cpp, line 773]
Event: 1.452 Thread 0x0000018cb557f800 Exception <a 'java/lang/NoSuchMethodError'{0x0000000086ef5b48}: 'java.lang.Object java.lang.invoke.DirectMethodHandle$Holder.invokeVirtual(java.lang.Object, java.lang.Object, java.lang.Object, java.lang.Object)'> (0x0000000086ef5b48) thrown at [./src/hotspot/share/interpreter/linkResolver.cpp, line 773]
Event: 1.461 Thread 0x0000018cb557f800 Exception <a 'java/lang/NoSuchMethodError'{0x0000000086bbe988}: 'java.lang.Object java.lang.invoke.Invokers$Holder.invoker(java.lang.Object, java.lang.Object, java.lang.Object, java.lang.Object, java.lang.Object)'> (0x0000000086bbe988) thrown at [./src/hotspot/share/interpreter/linkResolver.cpp, line 773]
Event: 1.502 Thread 0x0000018cb557f800 Exception <a 'java/lang/NoSuchMethodError'{0x000000008650e150}: 'void java.lang.invoke.DirectMethodHandle$Holder.invokeSpecial(java.lang.Object, java.lang.Object, java.lang.Object, java.lang.Object, java.lang.Object, java.lang.Object)'> (0x000000008650e150) thrown at [./src/hotspot/share/interpreter/linkResolver.cpp, line 773]
Event: 1.508 Thread 0x0000018cb557f800 Exception <a 'java/lang/NoSuchMethodError'{0x00000000865d5c48}: 'void java.lang.invoke.DirectMethodHandle$Holder.invokeSpecial(java.lang.Object, java.lang.Object, java.lang.Object, java.lang.Object, java.lang.Object, java.lang.Object, java.lang.Object)'> (0x00000000865d5c48) thrown at [./src/hotspot/share/interpreter/linkResolver.cpp, line 773]
Event: 1.508 Thread 0x0000018cb557f800 Exception <a 'java/lang/NoSuchMethodError'{0x00000000865dde90}: 'java.lang.Object java.lang.invoke.Invokers$Holder.linkToTargetMethod(java.lang.Object, java.lang.Object, java.lang.Object, java.lang.Object, java.lang.Object, java.lang.Object)'> (0x00000000865dde90) thrown at [./src/hotspot/share/interpreter/linkResolver.cpp, line 773]
Event: 1.586 Thread 0x0000018cb557f800 Exception <a 'java/lang/NoSuchMethodError'{0x0000000085719a38}: 'void java.lang.invoke.DirectMethodHandle$Holder.invokeStaticInit(java.lang.Object, java.lang.Object)'> (0x0000000085719a38) thrown at [./src/hotspot/share/interpreter/linkResolver.cpp, line 773]
Event: 1.634 Thread 0x0000018cb557f800 Exception <a 'java/lang/NoSuchMethodError'{0x0000000085126360}: 'void java.lang.invoke.DirectMethodHandle$Holder.invokeStatic(java.lang.Object, java.lang.Object, java.lang.Object, java.lang.Object)'> (0x0000000085126360) thrown at [./src/hotspot/share/interpreter/linkResolver.cpp, line 773]
Event: 1.635 Thread 0x0000018cb557f800 Exception <a 'java/lang/NoSuchMethodError'{0x0000000085139dd0}: 'int java.lang.invoke.DirectMethodHandle$Holder.invokeInterface(java.lang.Object, java.lang.Object)'> (0x0000000085139dd0) thrown at [./src/hotspot/share/interpreter/linkResolver.cpp, line 773]
Event: 1.662 Thread 0x0000018cb557f800 Exception <a 'java/lang/NoSuchMethodError'{0x0000000084e23820}: 'int java.lang.invoke.DirectMethodHandle$Holder.invokeStaticInit(java.lang.Object, java.lang.Object, java.lang.Object)'> (0x0000000084e23820) thrown at [./src/hotspot/share/interpreter/linkResolver.cpp, line 773]

Events (20 events):
Event: 1.668 loading class org/gradle/internal/snapshot/AbstractIncompleteFileSystemNode$2
Event: 1.668 loading class org/gradle/internal/snapshot/AbstractIncompleteFileSystemNode$2 done
Event: 1.669 loading class org/gradle/internal/snapshot/SingletonChildMap$2
Event: 1.669 loading class org/gradle/internal/snapshot/SingletonChildMap$2 done
Event: 1.669 loading class org/gradle/internal/snapshot/AbstractStorePathRelationshipHandler
Event: 1.669 loading class org/gradle/internal/snapshot/AbstractStorePathRelationshipHandler done
Event: 1.669 loading class org/gradle/internal/snapshot/ChildMapFactory
Event: 1.669 loading class org/gradle/internal/snapshot/ChildMapFactory done
Event: 1.669 loading class org/gradle/internal/snapshot/PathUtil$1
Event: 1.669 loading class org/gradle/internal/snapshot/PathUtil$1 done
Event: 1.669 loading class org/gradle/internal/snapshot/MediumChildMap
Event: 1.669 loading class org/gradle/internal/snapshot/MediumChildMap done
Event: 1.669 loading class org/gradle/internal/snapshot/AbstractListChildMap
Event: 1.669 loading class org/gradle/internal/snapshot/AbstractListChildMap done
Event: 1.670 loading class org/gradle/internal/snapshot/FileSystemNode
Event: 1.670 loading class org/gradle/internal/snapshot/FileSystemNode done
Event: 1.670 loading class org/gradle/internal/snapshot/FileSystemNode
Event: 1.670 loading class org/gradle/internal/snapshot/FileSystemNode done
Event: 1.670 loading class org/gradle/internal/snapshot/AbstractIncompleteFileSystemNode$2
Event: 1.670 loading class org/gradle/internal/snapshot/AbstractIncompleteFileSystemNode$2 done


Dynamic libraries:
0x00007ff78b620000 - 0x00007ff78b62a000 	C:\Program Files\Android\Android Studio\jre\bin\java.exe
0x00007ff99e340000 - 0x00007ff99e547000 	C:\Windows\SYSTEM32\ntdll.dll
0x00007ff99dbf0000 - 0x00007ff99dcad000 	C:\Windows\System32\KERNEL32.DLL
0x00007ff99bba0000 - 0x00007ff99bf14000 	C:\Windows\System32\KERNELBASE.dll
0x00007ff99b9e0000 - 0x00007ff99baf1000 	C:\Windows\System32\ucrtbase.dll
0x00007ff9942a0000 - 0x00007ff9942b9000 	C:\Program Files\Android\Android Studio\jre\bin\jli.dll
0x00007ff98bcb0000 - 0x00007ff98bcc7000 	C:\Program Files\Android\Android Studio\jre\bin\VCRUNTIME140.dll
0x00007ff99ca60000 - 0x00007ff99cc0c000 	C:\Windows\System32\USER32.dll
0x00007ff98c7e0000 - 0x00007ff98ca85000 	C:\Windows\WinSxS\amd64_microsoft.windows.common-controls_6595b64144ccf1df_6.0.22000.120_none_9d947278b86cc467\COMCTL32.dll
0x00007ff99b9b0000 - 0x00007ff99b9d6000 	C:\Windows\System32\win32u.dll
0x00007ff99c1d0000 - 0x00007ff99c273000 	C:\Windows\System32\msvcrt.dll
0x00007ff99dcb0000 - 0x00007ff99dcd9000 	C:\Windows\System32\GDI32.dll
0x00007ff99b890000 - 0x00007ff99b9a2000 	C:\Windows\System32\gdi32full.dll
0x00007ff99bb00000 - 0x00007ff99bb9d000 	C:\Windows\System32\msvcp_win.dll
0x00007ff99c880000 - 0x00007ff99c8b1000 	C:\Windows\System32\IMM32.DLL
0x00007ff971a00000 - 0x00007ff971a9d000 	C:\Program Files\Android\Android Studio\jre\bin\msvcp140.dll
0x00007ff967790000 - 0x00007ff96825f000 	C:\Program Files\Android\Android Studio\jre\bin\server\jvm.dll
0x00007ff99d910000 - 0x00007ff99d9bc000 	C:\Windows\System32\ADVAPI32.dll
0x00007ff99c660000 - 0x00007ff99c6fd000 	C:\Windows\System32\sechost.dll
0x00007ff99c920000 - 0x00007ff99ca41000 	C:\Windows\System32\RPCRT4.dll
0x00007ff99e130000 - 0x00007ff99e138000 	C:\Windows\System32\PSAPI.DLL
0x00007ff998b50000 - 0x00007ff998b59000 	C:\Windows\SYSTEM32\WSOCK32.dll
0x00007ff996060000 - 0x00007ff996093000 	C:\Windows\SYSTEM32\WINMM.dll
0x00007ff9950f0000 - 0x00007ff9950fa000 	C:\Windows\SYSTEM32\VERSION.dll
0x00007ff99da20000 - 0x00007ff99da8f000 	C:\Windows\System32\WS2_32.dll
0x00007ff99a940000 - 0x00007ff99a958000 	C:\Windows\SYSTEM32\kernel.appcore.dll
0x00007ff998b30000 - 0x00007ff998b41000 	C:\Program Files\Android\Android Studio\jre\bin\verify.dll
0x00007ff98eb40000 - 0x00007ff98ed61000 	C:\Windows\SYSTEM32\DBGHELP.DLL
0x00007ff988ea0000 - 0x00007ff988ed1000 	C:\Windows\SYSTEM32\dbgcore.DLL
0x00007ff99bf20000 - 0x00007ff99bf9f000 	C:\Windows\System32\bcryptPrimitives.dll
0x00007ff992a10000 - 0x00007ff992a39000 	C:\Program Files\Android\Android Studio\jre\bin\java.dll
0x00007ff997a50000 - 0x00007ff997a5b000 	C:\Program Files\Android\Android Studio\jre\bin\jimage.dll
0x00007ff9976d0000 - 0x00007ff9976e8000 	C:\Program Files\Android\Android Studio\jre\bin\zip.dll
0x00007ff99cc10000 - 0x00007ff99d3be000 	C:\Windows\System32\SHELL32.dll
0x00007ff9999c0000 - 0x00007ff99a227000 	C:\Windows\SYSTEM32\windows.storage.dll
0x00007ff99ddb0000 - 0x00007ff99e128000 	C:\Windows\System32\combase.dll
0x00007ff999850000 - 0x00007ff9999b6000 	C:\Windows\SYSTEM32\wintypes.dll
0x00007ff99c790000 - 0x00007ff99c87a000 	C:\Windows\System32\SHCORE.dll
0x00007ff99c8c0000 - 0x00007ff99c91d000 	C:\Windows\System32\shlwapi.dll
0x00007ff99b750000 - 0x00007ff99b771000 	C:\Windows\SYSTEM32\profapi.dll
0x00007ff993d10000 - 0x00007ff993d2a000 	C:\Program Files\Android\Android Studio\jre\bin\net.dll
0x00007ff996160000 - 0x00007ff99626c000 	C:\Windows\SYSTEM32\WINHTTP.dll
0x00007ff99ad50000 - 0x00007ff99adb7000 	C:\Windows\system32\mswsock.dll
0x00007ff9929f0000 - 0x00007ff992a04000 	C:\Program Files\Android\Android Studio\jre\bin\nio.dll
0x00007ff98c630000 - 0x00007ff98c657000 	C:\Users\NeHaL\.gradle\native\8bec1ad78214c89d9ad589b4d07fe93259594b29d510b10fafb7a158f7737e5d\windows-amd64\native-platform.dll
0x00007ff96cb70000 - 0x00007ff96ccad000 	C:\Users\NeHaL\.gradle\native\53dbd7edfb1c66fb8903c78663c9afc45aea4f116125fa6feffd364cf09443e8\windows-amd64\native-platform-file-events.dll
0x00007ff994f40000 - 0x00007ff994f4a000 	C:\Program Files\Android\Android Studio\jre\bin\management.dll
0x00007ff993ce0000 - 0x00007ff993cec000 	C:\Program Files\Android\Android Studio\jre\bin\management_ext.dll
0x00007ff99af90000 - 0x00007ff99afa8000 	C:\Windows\SYSTEM32\CRYPTSP.dll
0x00007ff99a8a0000 - 0x00007ff99a8d5000 	C:\Windows\system32\rsaenh.dll
0x00007ff99ae40000 - 0x00007ff99ae69000 	C:\Windows\SYSTEM32\USERENV.dll
0x00007ff99b110000 - 0x00007ff99b137000 	C:\Windows\SYSTEM32\bcrypt.dll
0x00007ff99afb0000 - 0x00007ff99afbc000 	C:\Windows\SYSTEM32\CRYPTBASE.dll
0x00007ff99a480000 - 0x00007ff99a4ad000 	C:\Windows\SYSTEM32\IPHLPAPI.DLL
0x00007ff99db70000 - 0x00007ff99db79000 	C:\Windows\System32\NSI.dll
0x00007ff995a40000 - 0x00007ff995a59000 	C:\Windows\SYSTEM32\dhcpcsvc6.DLL
0x00007ff996d30000 - 0x00007ff996d4e000 	C:\Windows\SYSTEM32\dhcpcsvc.DLL
0x00007ff99a4b0000 - 0x00007ff99a597000 	C:\Windows\SYSTEM32\DNSAPI.dll

dbghelp: loaded successfully - version: 4.0.5 - missing functions: none
symbol engine: initialized successfully - sym options: 0x614 - pdb path: .;C:\Program Files\Android\Android Studio\jre\bin;C:\Windows\SYSTEM32;C:\Windows\WinSxS\amd64_microsoft.windows.common-controls_6595b64144ccf1df_6.0.22000.120_none_9d947278b86cc467;C:\Program Files\Android\Android Studio\jre\bin\server;C:\Users\NeHaL\.gradle\native\8bec1ad78214c89d9ad589b4d07fe93259594b29d510b10fafb7a158f7737e5d\windows-amd64;C:\Users\NeHaL\.gradle\native\53dbd7edfb1c66fb8903c78663c9afc45aea4f116125fa6feffd364cf09443e8\windows-amd64

VM Arguments:
jvm_args: --add-opens=java.base/java.util=ALL-UNNAMED --add-opens=java.base/java.lang=ALL-UNNAMED --add-opens=java.base/java.lang.invoke=ALL-UNNAMED --add-opens=java.base/java.util=ALL-UNNAMED --add-opens=java.prefs/java.util.prefs=ALL-UNNAMED --add-opens=java.prefs/java.util.prefs=ALL-UNNAMED --add-opens=java.base/java.nio.charset=ALL-UNNAMED --add-opens=java.base/java.net=ALL-UNNAMED --add-opens=java.base/java.util.concurrent.atomic=ALL-UNNAMED -Xmx2048m -Dfile.encoding=UTF-8 -Duser.country=IN -Duser.language=en -Duser.variant 
java_command: org.gradle.launcher.daemon.bootstrap.GradleDaemon 7.0.2
java_class_path (initial): C:\Users\NeHaL\.gradle\wrapper\dists\gradle-7.0.2-bin\857tjihv64xamwrf0h14cai3r\gradle-7.0.2\lib\gradle-launcher-7.0.2.jar
Launcher Type: SUN_STANDARD

[Global flags]
     intx CICompilerCount                          = 4                                         {product} {ergonomic}
     uint ConcGCThreads                            = 3                                         {product} {ergonomic}
     uint G1ConcRefinementThreads                  = 10                                        {product} {ergonomic}
   size_t G1HeapRegionSize                         = 1048576                                   {product} {ergonomic}
    uintx GCDrainStackTargetSize                   = 64                                        {product} {ergonomic}
   size_t InitialHeapSize                          = 134217728                                 {product} {ergonomic}
   size_t MarkStackSize                            = 4194304                                   {product} {ergonomic}
   size_t MaxHeapSize                              = 2147483648                                {product} {command line}
   size_t MaxNewSize                               = 1287651328                                {product} {ergonomic}
   size_t MinHeapDeltaBytes                        = 1048576                                   {product} {ergonomic}
    uintx NonNMethodCodeHeapSize                   = 5836300                                {pd product} {ergonomic}
    uintx NonProfiledCodeHeapSize                  = 122910970                              {pd product} {ergonomic}
    uintx ProfiledCodeHeapSize                     = 122910970                              {pd product} {ergonomic}
    uintx ReservedCodeCacheSize                    = 251658240                              {pd product} {ergonomic}
     bool SegmentedCodeCache                       = true                                      {product} {ergonomic}
     bool UseCompressedClassPointers               = true                                 {lp64_product} {ergonomic}
     bool UseCompressedOops                        = true                                 {lp64_product} {ergonomic}
     bool UseG1GC                                  = true                                      {product} {ergonomic}
     bool UseLargePagesIndividualAllocation        = false                                  {pd product} {ergonomic}

Logging:
Log output configuration:
 #0: stdout all=warning uptime,level,tags
 #1: stderr all=off uptime,level,tags

Environment Variables:
PATH=C:\Program Files (x86)\Common Files\Intel\Shared Libraries\redist\intel64\compiler;C:\Program Files\Common Files\Oracle\Java\javapath;C:\Windows\system32;C:\Windows;C:\Windows\System32\Wbem;C:\Windows\System32\WindowsPowerShell\v1.0\;C:\Windows\System32\OpenSSH\;C:\Program Files\NVIDIA Corporation\NVIDIA NvDLISR;C:\Program Files (x86)\NVIDIA Corporation\PhysX\Common;C:\Program Files\nodejs\;C:\ProgramData\chocolatey\bin;C:\Program Files\Git\cmd;C:\Program Files\Cloudflare\Cloudflare WARP;C:\Users\NeHaL\AppData\Local\Microsoft\WindowsApps;C:\Program Files\JetBrains\IntelliJ IDEA Community Edition 2021.2.2\bin;;C:\Program Files\JetBrains\PyCharm Community Edition 2021.2.2\bin;;C:\Users\NeHaL\AppData\Local\Programs\Microsoft VS Code\bin;C:\Users\NeHaL\AppData\Roaming\npm;C:\Program Files\MongoDB\Server\5.0\bin;
USERNAME=NeHaL
OS=Windows_NT
PROCESSOR_IDENTIFIER=AMD64 Family 23 Model 113 Stepping 0, AuthenticAMD



---------------  S Y S T E M  ---------------

OS: Windows 10 , 64 bit Build 22000 (10.0.22000.318)
OS uptime: 0 days 0:49 hours

CPU:total 12 (initial active 12) (12 cores per cpu, 2 threads per core) family 23 model 113 stepping 0 microcode 0x0, cmov, cx8, fxsr, mmx, sse, sse2, sse3, ssse3, sse4.1, sse4.2, popcnt, avx, avx2, aes, clmul, mmxext, 3dnowpref, lzcnt, sse4a, ht, tsc, tscinvbit, tscinv, bmi1, bmi2, adx,

Memory: 4k page, system-wide physical 8144M (1821M free)
TotalPageFile size 8144M (AvailPageFile size 5M)
current process WorkingSet (physical memory assigned to process): 215M, peak: 215M
current process commit charge ("private bytes"): 285M, peak: 286M

vm_info: OpenJDK 64-Bit Server VM (11.0.10+0-b96-7249189) for windows-amd64 JRE (11.0.10+0-b96-7249189), built on Mar 31 2021 21:44:00 by "builder" with MS VC++ 14.0 (VS2015)

END.
