#
# There is insufficient memory for the Java Runtime Environment to continue.
# Native memory allocation (malloc) failed to allocate 1575696 bytes for Chunk::new
# Possible reasons:
#   The system is out of physical RAM or swap space
#   The process is running with CompressedOops enabled, and the Java Heap may be blocking the growth of the native heap
# Possible solutions:
#   Reduce memory load on the system
#   Increase physical memory or swap space
#   Check if swap backing store is full
#   Decrease Java heap size (-Xmx/-Xms)
#   Decrease number of Java threads
#   Decrease Java thread stack sizes (-Xss)
#   Set larger code cache with -XX:ReservedCodeCacheSize=
#   JVM is running with Unscaled Compressed Oops mode in which the Java heap is
#     placed in the first 4GB address space. The Java Heap base address is the
#     maximum limit for the native heap growth. Please use -XX:HeapBaseMinAddress
#     to set the Java Heap base and to place the Java Heap above 4GB virtual address.
# This output file may be truncated or incomplete.
#
#  Out of Memory Error (./src/hotspot/share/memory/arena.cpp:197), pid=9340, tid=5428
#
# JRE version: OpenJDK Runtime Environment (11.0.10) (build 11.0.10+0-b96-7249189)
# Java VM: OpenJDK 64-Bit Server VM (11.0.10+0-b96-7249189, mixed mode, tiered, compressed oops, g1 gc, windows-amd64)
# No core dump will be written. Minidumps are not enabled by default on client versions of Windows
#

---------------  S U M M A R Y ------------

Command Line: --add-opens=java.base/java.util=ALL-UNNAMED --add-opens=java.base/java.lang=ALL-UNNAMED --add-opens=java.base/java.lang.invoke=ALL-UNNAMED --add-opens=java.base/java.util=ALL-UNNAMED --add-opens=java.prefs/java.util.prefs=ALL-UNNAMED --add-opens=java.prefs/java.util.prefs=ALL-UNNAMED --add-opens=java.base/java.nio.charset=ALL-UNNAMED --add-opens=java.base/java.net=ALL-UNNAMED --add-opens=java.base/java.util.concurrent.atomic=ALL-UNNAMED -Xmx2048m -Dfile.encoding=UTF-8 -Duser.country=IN -Duser.language=en -Duser.variant org.gradle.launcher.daemon.bootstrap.GradleDaemon 7.0.2

Host: AMD Ryzen 5 3600 6-Core Processor              , 12 cores, 7G,  Windows 10 , 64 bit Build 22000 (10.0.22000.318)
Time: Mon Dec 27 23:34:47 2021 India Standard Time elapsed time: 5.585269 seconds (0d 0h 0m 5s)

---------------  T H R E A D  ---------------

Current thread (0x000001f402045800):  JavaThread "C2 CompilerThread0" daemon [_thread_in_native, id=5428, stack(0x0000002c8e000000,0x0000002c8e100000)]


Current CompileTask:
C2:   5585 7419       4       java.lang.String::split (324 bytes)

Stack: [0x0000002c8e000000,0x0000002c8e100000]
Native frames: (J=compiled Java code, j=interpreted, Vv=VM code, C=native code)
V  [jvm.dll+0x5ecfaa]
V  [jvm.dll+0x722bd5]
V  [jvm.dll+0x72412d]
V  [jvm.dll+0x7247e3]
V  [jvm.dll+0x242928]
V  [jvm.dll+0xbc4fc]
V  [jvm.dll+0xbca0c]
V  [jvm.dll+0x352d7d]
V  [jvm.dll+0x320ad3]
V  [jvm.dll+0x31ffca]
V  [jvm.dll+0x1fb602]
V  [jvm.dll+0x1fa7f4]
V  [jvm.dll+0x18354c]
V  [jvm.dll+0x208ee7]
V  [jvm.dll+0x207731]
V  [jvm.dll+0x6eb1cf]
V  [jvm.dll+0x6e3d45]
V  [jvm.dll+0x5ebe96]
C  [ucrtbase.dll+0x26c0c]
C  [KERNEL32.DLL+0x154e0]
C  [ntdll.dll+0x485b]


---------------  P R O C E S S  ---------------

Threads class SMR info:
_java_thread_list=0x000001f408be6ef0, length=73, elements={
0x000001f464b7e800, 0x000001f47f3fe800, 0x000001f47f401800, 0x000001f47f419000,
0x000001f47f41a000, 0x000001f47f41b000, 0x000001f402045800, 0x000001f402049800,
0x000001f402056000, 0x000001f4021b4000, 0x000001f404055800, 0x000001f4022c8800,
0x000001f404011800, 0x000001f40369c800, 0x000001f4039dd800, 0x000001f40439c800,
0x000001f4039b0000, 0x000001f403d36800, 0x000001f4040b2800, 0x000001f404a01000,
0x000001f404a02000, 0x000001f404a02800, 0x000001f404a03800, 0x000001f404991800,
0x000001f404a04800, 0x000001f404a00800, 0x000001f404a06000, 0x000001f404a07000,
0x000001f404a05000, 0x000001f405e84000, 0x000001f4064d4000, 0x000001f405e86000,
0x000001f405e85000, 0x000001f405e82000, 0x000001f405e80000, 0x000001f405e81000,
0x000001f405e8a000, 0x000001f405e8a800, 0x000001f405e88800, 0x000001f405e89000,
0x000001f405e8b800, 0x000001f405e8c800, 0x000001f405e86800, 0x000001f405e8d000,
0x000001f405e87800, 0x000001f405e8e000, 0x000001f405e8f000, 0x000001f4047f4800,
0x000001f4047f3800, 0x000001f4047f2800, 0x000001f4047f5000, 0x000001f4047f7800,
0x000001f4047f2000, 0x000001f4047f8800, 0x000001f4047fa000, 0x000001f4047fb000,
0x000001f4047fb800, 0x000001f4047f6000, 0x000001f4047fc800, 0x000001f4047f6800,
0x000001f4047fd000, 0x000001f4047fe000, 0x000001f4047f9000, 0x000001f4047ff800,
0x000001f404800800, 0x000001f405b13800, 0x000001f405b16000, 0x000001f405b15000,
0x000001f405b14800, 0x000001f405b10800, 0x000001f405b17000, 0x000001f405b12800,
0x000001f405b11000
}

Java Threads: ( => current thread )
  0x000001f464b7e800 JavaThread "main" [_thread_blocked, id=1868, stack(0x0000002c8d400000,0x0000002c8d500000)]
  0x000001f47f3fe800 JavaThread "Reference Handler" daemon [_thread_blocked, id=7448, stack(0x0000002c8db00000,0x0000002c8dc00000)]
  0x000001f47f401800 JavaThread "Finalizer" daemon [_thread_blocked, id=14404, stack(0x0000002c8dc00000,0x0000002c8dd00000)]
  0x000001f47f419000 JavaThread "Signal Dispatcher" daemon [_thread_blocked, id=13976, stack(0x0000002c8dd00000,0x0000002c8de00000)]
  0x000001f47f41a000 JavaThread "Attach Listener" daemon [_thread_blocked, id=8088, stack(0x0000002c8de00000,0x0000002c8df00000)]
  0x000001f47f41b000 JavaThread "Service Thread" daemon [_thread_blocked, id=7432, stack(0x0000002c8df00000,0x0000002c8e000000)]
=>0x000001f402045800 JavaThread "C2 CompilerThread0" daemon [_thread_in_native, id=5428, stack(0x0000002c8e000000,0x0000002c8e100000)]
  0x000001f402049800 JavaThread "C1 CompilerThread0" daemon [_thread_in_native, id=15104, stack(0x0000002c8e100000,0x0000002c8e200000)]
  0x000001f402056000 JavaThread "Sweeper thread" daemon [_thread_blocked, id=6892, stack(0x0000002c8e200000,0x0000002c8e300000)]
  0x000001f4021b4000 JavaThread "Common-Cleaner" daemon [_thread_blocked, id=14480, stack(0x0000002c8e300000,0x0000002c8e400000)]
  0x000001f404055800 JavaThread "Daemon health stats" [_thread_blocked, id=3664, stack(0x0000002c8e900000,0x0000002c8ea00000)]
  0x000001f4022c8800 JavaThread "Incoming local TCP Connector on port 52652" [_thread_in_native, id=7412, stack(0x0000002c8e500000,0x0000002c8e600000)]
  0x000001f404011800 JavaThread "Daemon periodic checks" [_thread_blocked, id=10816, stack(0x0000002c8e600000,0x0000002c8e700000)]
  0x000001f40369c800 JavaThread "Daemon" [_thread_blocked, id=1304, stack(0x0000002c8ea00000,0x0000002c8eb00000)]
  0x000001f4039dd800 JavaThread "Handler for socket connection from /127.0.0.1:52652 to /127.0.0.1:52653" [_thread_in_native, id=6524, stack(0x0000002c8eb00000,0x0000002c8ec00000)]
  0x000001f40439c800 JavaThread "Cancel handler" [_thread_blocked, id=12760, stack(0x0000002c8ec00000,0x0000002c8ed00000)]
  0x000001f4039b0000 JavaThread "Daemon worker" [_thread_blocked, id=10956, stack(0x0000002c8ed00000,0x0000002c8ee00000)]
  0x000001f403d36800 JavaThread "Asynchronous log dispatcher for DefaultDaemonConnection: socket connection from /127.0.0.1:52652 to /127.0.0.1:52653" [_thread_blocked, id=12192, stack(0x0000002c8ee00000,0x0000002c8ef00000)]
  0x000001f4040b2800 JavaThread "Stdin handler" [_thread_blocked, id=1436, stack(0x0000002c8ef00000,0x0000002c8f000000)]
  0x000001f404a01000 JavaThread "Daemon client event forwarder" [_thread_blocked, id=5124, stack(0x0000002c8f000000,0x0000002c8f100000)]
  0x000001f404a02000 JavaThread "Cache worker for file hash cache (C:\Users\NeHaL\.gradle\caches\7.0.2\fileHashes)" [_thread_blocked, id=12904, stack(0x0000002c8f900000,0x0000002c8fa00000)]
  0x000001f404a02800 JavaThread "File lock request listener" [_thread_in_native, id=1932, stack(0x0000002c8fa00000,0x0000002c8fb00000)]
  0x000001f404a03800 JavaThread "Cache worker for journal cache (C:\Users\NeHaL\.gradle\caches\journal-1)" [_thread_blocked, id=14748, stack(0x0000002c8fd00000,0x0000002c8fe00000)]
  0x000001f404991800 JavaThread "C2 CompilerThread1" daemon [_thread_in_vm, id=14836, stack(0x0000002c8fe00000,0x0000002c8ff00000)]
  0x000001f404a04800 JavaThread "Cache worker for file hash cache (C:\Users\NeHaL\AndroidStudioProjects\SmartTourApp\.gradle\7.0.2\fileHashes)" [_thread_blocked, id=5576, stack(0x0000002c8ff00000,0x0000002c90000000)]
  0x000001f404a00800 JavaThread "File watcher server" daemon [_thread_in_native, id=8768, stack(0x0000002c90000000,0x0000002c90100000)]
  0x000001f404a06000 JavaThread "File watcher consumer" daemon [_thread_blocked, id=8904, stack(0x0000002c90100000,0x0000002c90200000)]
  0x000001f404a07000 JavaThread "Cache worker for checksums cache (C:\Users\NeHaL\AndroidStudioProjects\SmartTourApp\.gradle\checksums)" [_thread_blocked, id=12116, stack(0x0000002c90200000,0x0000002c90300000)]
  0x000001f404a05000 JavaThread "Cache worker for cache directory md-supplier (C:\Users\NeHaL\.gradle\caches\7.0.2\md-supplier)" [_thread_blocked, id=10312, stack(0x0000002c90300000,0x0000002c90400000)]
  0x000001f405e84000 JavaThread "Cache worker for cache directory md-rule (C:\Users\NeHaL\.gradle\caches\7.0.2\md-rule)" [_thread_blocked, id=15096, stack(0x0000002c90400000,0x0000002c90500000)]
  0x000001f4064d4000 JavaThread "C2 CompilerThread2" daemon [_thread_in_native, id=9832, stack(0x0000002c90500000,0x0000002c90600000)]
  0x000001f405e86000 JavaThread "Cache worker for execution history cache (C:\Users\NeHaL\.gradle\caches\7.0.2\executionHistory)" [_thread_blocked, id=10492, stack(0x0000002c90600000,0x0000002c90700000)]
  0x000001f405e85000 JavaThread "jar transforms" [_thread_blocked, id=1448, stack(0x0000002c90700000,0x0000002c90800000)]
  0x000001f405e82000 JavaThread "jar transforms Thread 2" [_thread_blocked, id=14828, stack(0x0000002c90800000,0x0000002c90900000)]
  0x000001f405e80000 JavaThread "Cache worker for file content cache (C:\Users\NeHaL\.gradle\caches\7.0.2\fileContent)" [_thread_blocked, id=13484, stack(0x0000002c90900000,0x0000002c90a00000)]
  0x000001f405e81000 JavaThread "Cache worker for dependencies-accessors (C:\Users\NeHaL\AndroidStudioProjects\SmartTourApp\.gradle\7.0.2\dependencies-accessors)" [_thread_blocked, id=8984, stack(0x0000002c90a00000,0x0000002c90b00000)]
  0x000001f405e8a000 JavaThread "jar transforms Thread 3" [_thread_blocked, id=10244, stack(0x0000002c90b00000,0x0000002c90c00000)]
  0x000001f405e8a800 JavaThread "Cache worker for Build Output Cleanup Cache (C:\Users\NeHaL\AndroidStudioProjects\SmartTourApp\.gradle\buildOutputCleanup)" [_thread_blocked, id=12664, stack(0x0000002c90c00000,0x0000002c90d00000)]
  0x000001f405e88800 JavaThread "Build operations" [_thread_blocked, id=8524, stack(0x0000002c90d00000,0x0000002c90e00000)]
  0x000001f405e89000 JavaThread "Build operations Thread 2" [_thread_blocked, id=9436, stack(0x0000002c90e00000,0x0000002c90f00000)]
  0x000001f405e8b800 JavaThread "Build operations Thread 3" [_thread_blocked, id=5980, stack(0x0000002c90f00000,0x0000002c91000000)]
  0x000001f405e8c800 JavaThread "Build operations Thread 4" [_thread_blocked, id=3264, stack(0x0000002c91000000,0x0000002c91100000)]
  0x000001f405e86800 JavaThread "Build operations Thread 5" [_thread_blocked, id=5056, stack(0x0000002c91100000,0x0000002c91200000)]
  0x000001f405e8d000 JavaThread "Build operations Thread 6" [_thread_blocked, id=2156, stack(0x0000002c91200000,0x0000002c91300000)]
  0x000001f405e87800 JavaThread "Build operations Thread 7" [_thread_blocked, id=1020, stack(0x0000002c91300000,0x0000002c91400000)]
  0x000001f405e8e000 JavaThread "Build operations Thread 8" [_thread_blocked, id=9132, stack(0x0000002c91400000,0x0000002c91500000)]
  0x000001f405e8f000 JavaThread "Build operations Thread 9" [_thread_blocked, id=14484, stack(0x0000002c91500000,0x0000002c91600000)]
  0x000001f4047f4800 JavaThread "Build operations Thread 10" [_thread_blocked, id=15192, stack(0x0000002c91600000,0x0000002c91700000)]
  0x000001f4047f3800 JavaThread "Build operations Thread 11" [_thread_blocked, id=4112, stack(0x0000002c91700000,0x0000002c91800000)]
  0x000001f4047f2800 JavaThread "Build operations Thread 12" [_thread_blocked, id=15252, stack(0x0000002c91800000,0x0000002c91900000)]
  0x000001f4047f5000 JavaThread "jar transforms Thread 4" [_thread_blocked, id=7108, stack(0x0000002c91900000,0x0000002c91a00000)]
  0x000001f4047f7800 JavaThread "jar transforms Thread 5" [_thread_blocked, id=14924, stack(0x0000002c91a00000,0x0000002c91b00000)]
  0x000001f4047f2000 JavaThread "jar transforms Thread 6" [_thread_blocked, id=14848, stack(0x0000002c91b00000,0x0000002c91c00000)]
  0x000001f4047f8800 JavaThread "jar transforms Thread 7" [_thread_blocked, id=14524, stack(0x0000002c91c00000,0x0000002c91d00000)]
  0x000001f4047fa000 JavaThread "jar transforms Thread 8" [_thread_blocked, id=7132, stack(0x0000002c91d00000,0x0000002c91e00000)]
  0x000001f4047fb000 JavaThread "jar transforms Thread 9" [_thread_blocked, id=11016, stack(0x0000002c91e00000,0x0000002c91f00000)]
  0x000001f4047fb800 JavaThread "jar transforms Thread 10" [_thread_blocked, id=4872, stack(0x0000002c91f00000,0x0000002c92000000)]
  0x000001f4047f6000 JavaThread "jar transforms Thread 11" [_thread_blocked, id=13428, stack(0x0000002c92000000,0x0000002c92100000)]
  0x000001f4047fc800 JavaThread "jar transforms Thread 12" [_thread_blocked, id=15224, stack(0x0000002c92100000,0x0000002c92200000)]
  0x000001f4047f6800 JavaThread "Memory manager" [_thread_blocked, id=3840, stack(0x0000002c92200000,0x0000002c92300000)]
  0x000001f4047fd000 JavaThread "build event listener" [_thread_blocked, id=14704, stack(0x0000002c92300000,0x0000002c92400000)]
  0x000001f4047fe000 JavaThread "Execution worker for ':'" [_thread_blocked, id=14328, stack(0x0000002c92400000,0x0000002c92500000)]
  0x000001f4047f9000 JavaThread "Execution worker for ':' Thread 2" [_thread_blocked, id=2588, stack(0x0000002c92500000,0x0000002c92600000)]
  0x000001f4047ff800 JavaThread "Execution worker for ':' Thread 3" [_thread_blocked, id=15300, stack(0x0000002c92600000,0x0000002c92700000)]
  0x000001f404800800 JavaThread "Execution worker for ':' Thread 4" [_thread_blocked, id=11880, stack(0x0000002c92700000,0x0000002c92800000)]
  0x000001f405b13800 JavaThread "Execution worker for ':' Thread 5" [_thread_blocked, id=3928, stack(0x0000002c92800000,0x0000002c92900000)]
  0x000001f405b16000 JavaThread "Execution worker for ':' Thread 6" [_thread_blocked, id=1708, stack(0x0000002c92900000,0x0000002c92a00000)]
  0x000001f405b15000 JavaThread "Execution worker for ':' Thread 7" [_thread_in_Java, id=14140, stack(0x0000002c92a00000,0x0000002c92b00000)]
  0x000001f405b14800 JavaThread "Execution worker for ':' Thread 8" [_thread_blocked, id=8228, stack(0x0000002c92b00000,0x0000002c92c00000)]
  0x000001f405b10800 JavaThread "Execution worker for ':' Thread 9" [_thread_blocked, id=8112, stack(0x0000002c92c00000,0x0000002c92d00000)]
  0x000001f405b17000 JavaThread "Execution worker for ':' Thread 10" [_thread_blocked, id=7940, stack(0x0000002c92d00000,0x0000002c92e00000)]
  0x000001f405b12800 JavaThread "Execution worker for ':' Thread 11" [_thread_blocked, id=15084, stack(0x0000002c92e00000,0x0000002c92f00000)]
  0x000001f405b11000 JavaThread "Cache worker for execution history cache (C:\Users\NeHaL\AndroidStudioProjects\SmartTourApp\.gradle\7.0.2\executionHistory)" [_thread_blocked, id=13624, stack(0x0000002c92f00000,0x0000002c93000000)]

Other Threads:
  0x000001f47f3fc000 VMThread "VM Thread" [stack: 0x0000002c8da00000,0x0000002c8db00000] [id=11648]
  0x000001f4021d7000 WatcherThread [stack: 0x0000002c8e400000,0x0000002c8e500000] [id=11868]
  0x000001f464b96800 GCTaskThread "GC Thread#0" [stack: 0x0000002c8d500000,0x0000002c8d600000] [id=11000]
  0x000001f402cc6000 GCTaskThread "GC Thread#1" [stack: 0x0000002c8e700000,0x0000002c8e800000] [id=14436]
  0x000001f40338a800 GCTaskThread "GC Thread#2" [stack: 0x0000002c8e800000,0x0000002c8e900000] [id=7444]
  0x000001f403c07800 GCTaskThread "GC Thread#3" [stack: 0x0000002c8f100000,0x0000002c8f200000] [id=14860]
  0x000001f403248000 GCTaskThread "GC Thread#4" [stack: 0x0000002c8f200000,0x0000002c8f300000] [id=12728]
  0x000001f40261a000 GCTaskThread "GC Thread#5" [stack: 0x0000002c8f300000,0x0000002c8f400000] [id=14088]
  0x000001f403338000 GCTaskThread "GC Thread#6" [stack: 0x0000002c8f400000,0x0000002c8f500000] [id=11804]
  0x000001f404460800 GCTaskThread "GC Thread#7" [stack: 0x0000002c8f500000,0x0000002c8f600000] [id=2864]
  0x000001f403b25000 GCTaskThread "GC Thread#8" [stack: 0x0000002c8f600000,0x0000002c8f700000] [id=5528]
  0x000001f4040ab800 GCTaskThread "GC Thread#9" [stack: 0x0000002c8f700000,0x0000002c8f800000] [id=6628]
  0x000001f464bca000 ConcurrentGCThread "G1 Main Marker" [stack: 0x0000002c8d600000,0x0000002c8d700000] [id=1136]
  0x000001f464bcc800 ConcurrentGCThread "G1 Conc#0" [stack: 0x0000002c8d700000,0x0000002c8d800000] [id=4980]
  0x000001f402cb6800 ConcurrentGCThread "G1 Conc#1" [stack: 0x0000002c8fb00000,0x0000002c8fc00000] [id=1392]
  0x000001f402d5e800 ConcurrentGCThread "G1 Conc#2" [stack: 0x0000002c8fc00000,0x0000002c8fd00000] [id=3588]
  0x000001f47f252800 ConcurrentGCThread "G1 Refine#0" [stack: 0x0000002c8d800000,0x0000002c8d900000] [id=6504]
  0x000001f403486000 ConcurrentGCThread "G1 Refine#1" [stack: 0x0000002c8f800000,0x0000002c8f900000] [id=3560]
  0x000001f464c5a000 ConcurrentGCThread "G1 Young RemSet Sampling" [stack: 0x0000002c8d900000,0x0000002c8da00000] [id=12324]

Threads with active compile tasks:
C2 CompilerThread0   5595 7419       4       java.lang.String::split (324 bytes)
C1 CompilerThread0   5595 7753       3       org.gradle.api.internal.artifacts.ivyservice.resolveengine.oldresult.ResolvedConfigurationDependencyGraphVisitor::visitArtifacts (13 bytes)
C2 CompilerThread1   5595 7743       4       java.util.ArrayList::toArray (12 bytes)
C2 CompilerThread2   5595 7717       4       org.gradle.internal.serialize.kryo.StringDeduplicatingKryoBackedEncoder::writeNullableString (114 bytes)

VM state:not at safepoint (normal execution)

VM Mutex/Monitor currently owned by a thread: None

Heap address: 0x0000000080000000, size: 2048 MB, Compressed Oops mode: 32-bit
Narrow klass base: 0x0000000000000000, Narrow klass shift: 3
Compressed class space size: 1073741824 Address: 0x0000000100000000

Heap:
 garbage-first heap   total 189440K, used 82472K [0x0000000080000000, 0x0000000100000000)
  region size 1024K, 28 young (28672K), 5 survivors (5120K)
 Metaspace       used 77669K, capacity 79556K, committed 79820K, reserved 1118208K
  class space    used 10168K, capacity 10829K, committed 10956K, reserved 1048576K
Heap Regions: E=young(eden), S=young(survivor), O=old, HS=humongous(starts), HC=humongous(continues), CS=collection set, F=free, A=archive, TAMS=top-at-mark-start (previous, next)
|   0|0x0000000080000000, 0x0000000080100000, 0x0000000080100000|100%| O|  |TAMS 0x0000000080100000, 0x0000000080000000| Untracked 
|   1|0x0000000080100000, 0x0000000080200000, 0x0000000080200000|100%| O|  |TAMS 0x0000000080200000, 0x0000000080100000| Untracked 
|   2|0x0000000080200000, 0x0000000080300000, 0x0000000080300000|100%| O|  |TAMS 0x0000000080300000, 0x0000000080200000| Untracked 
|   3|0x0000000080300000, 0x0000000080400000, 0x0000000080400000|100%|HS|  |TAMS 0x0000000080400000, 0x0000000080300000| Complete 
|   4|0x0000000080400000, 0x0000000080500000, 0x0000000080500000|100%|HC|  |TAMS 0x0000000080500000, 0x0000000080400000| Complete 
|   5|0x0000000080500000, 0x0000000080600000, 0x0000000080600000|100%|HC|  |TAMS 0x0000000080600000, 0x0000000080500000| Complete 
|   6|0x0000000080600000, 0x0000000080700000, 0x0000000080700000|100%| O|  |TAMS 0x0000000080700000, 0x0000000080600000| Untracked 
|   7|0x0000000080700000, 0x0000000080800000, 0x0000000080800000|100%| O|  |TAMS 0x0000000080800000, 0x0000000080700000| Untracked 
|   8|0x0000000080800000, 0x0000000080900000, 0x0000000080900000|100%| O|  |TAMS 0x0000000080900000, 0x0000000080800000| Untracked 
|   9|0x0000000080900000, 0x0000000080a00000, 0x0000000080a00000|100%| O|  |TAMS 0x0000000080a00000, 0x0000000080900000| Untracked 
|  10|0x0000000080a00000, 0x0000000080b00000, 0x0000000080b00000|100%| O|  |TAMS 0x0000000080b00000, 0x0000000080a00000| Untracked 
|  11|0x0000000080b00000, 0x0000000080c00000, 0x0000000080c00000|100%| O|  |TAMS 0x0000000080c00000, 0x0000000080b00000| Untracked 
|  12|0x0000000080c00000, 0x0000000080d00000, 0x0000000080d00000|100%| O|  |TAMS 0x0000000080d00000, 0x0000000080c00000| Untracked 
|  13|0x0000000080d00000, 0x0000000080e00000, 0x0000000080e00000|100%| O|  |TAMS 0x0000000080e00000, 0x0000000080d00000| Untracked 
|  14|0x0000000080e00000, 0x0000000080f00000, 0x0000000080f00000|100%| O|  |TAMS 0x0000000080f00000, 0x0000000080e00000| Untracked 
|  15|0x0000000080f00000, 0x0000000081000000, 0x0000000081000000|100%| O|  |TAMS 0x0000000081000000, 0x0000000080f00000| Untracked 
|  16|0x0000000081000000, 0x0000000081100000, 0x0000000081100000|100%|HS|  |TAMS 0x0000000081100000, 0x0000000081000000| Complete 
|  17|0x0000000081100000, 0x0000000081200000, 0x0000000081200000|100%| O|  |TAMS 0x0000000081200000, 0x0000000081100000| Untracked 
|  18|0x0000000081200000, 0x0000000081300000, 0x0000000081300000|100%| O|  |TAMS 0x0000000081300000, 0x0000000081200000| Untracked 
|  19|0x0000000081300000, 0x0000000081400000, 0x0000000081400000|100%| O|  |TAMS 0x0000000081400000, 0x0000000081300000| Untracked 
|  20|0x0000000081400000, 0x0000000081500000, 0x0000000081500000|100%| O|  |TAMS 0x0000000081500000, 0x0000000081400000| Untracked 
|  21|0x0000000081500000, 0x0000000081600000, 0x0000000081600000|100%| O|  |TAMS 0x0000000081600000, 0x0000000081500000| Untracked 
|  22|0x0000000081600000, 0x0000000081700000, 0x0000000081700000|100%| O|  |TAMS 0x0000000081700000, 0x0000000081600000| Untracked 
|  23|0x0000000081700000, 0x0000000081800000, 0x0000000081800000|100%|HS|  |TAMS 0x0000000081800000, 0x0000000081700000| Complete 
|  24|0x0000000081800000, 0x0000000081900000, 0x0000000081900000|100%|HS|  |TAMS 0x0000000081900000, 0x0000000081800000| Complete 
|  25|0x0000000081900000, 0x0000000081a00000, 0x0000000081a00000|100%|HC|  |TAMS 0x0000000081a00000, 0x0000000081900000| Complete 
|  26|0x0000000081a00000, 0x0000000081b00000, 0x0000000081b00000|100%| O|  |TAMS 0x0000000081b00000, 0x0000000081a00000| Untracked 
|  27|0x0000000081b00000, 0x0000000081c00000, 0x0000000081c00000|100%| O|  |TAMS 0x0000000081c00000, 0x0000000081b00000| Untracked 
|  28|0x0000000081c00000, 0x0000000081d00000, 0x0000000081d00000|100%| O|  |TAMS 0x0000000081d00000, 0x0000000081c00000| Untracked 
|  29|0x0000000081d00000, 0x0000000081e00000, 0x0000000081e00000|100%| O|  |TAMS 0x0000000081e00000, 0x0000000081d00000| Untracked 
|  30|0x0000000081e00000, 0x0000000081f00000, 0x0000000081f00000|100%| O|  |TAMS 0x0000000081f00000, 0x0000000081e00000| Untracked 
|  31|0x0000000081f00000, 0x0000000082000000, 0x0000000082000000|100%| O|  |TAMS 0x0000000082000000, 0x0000000081f00000| Untracked 
|  32|0x0000000082000000, 0x0000000082100000, 0x0000000082100000|100%| O|  |TAMS 0x0000000082100000, 0x0000000082000000| Untracked 
|  33|0x0000000082100000, 0x0000000082200000, 0x0000000082200000|100%| O|  |TAMS 0x0000000082200000, 0x0000000082100000| Untracked 
|  34|0x0000000082200000, 0x0000000082300000, 0x0000000082300000|100%| O|  |TAMS 0x0000000082300000, 0x0000000082200000| Untracked 
|  35|0x0000000082300000, 0x0000000082400000, 0x0000000082400000|100%| O|  |TAMS 0x0000000082400000, 0x0000000082300000| Untracked 
|  36|0x0000000082400000, 0x0000000082500000, 0x0000000082500000|100%| O|  |TAMS 0x0000000082500000, 0x0000000082400000| Untracked 
|  37|0x0000000082500000, 0x0000000082600000, 0x0000000082600000|100%| O|  |TAMS 0x0000000082600000, 0x0000000082500000| Untracked 
|  38|0x0000000082600000, 0x0000000082700000, 0x0000000082700000|100%| O|  |TAMS 0x0000000082700000, 0x0000000082600000| Untracked 
|  39|0x0000000082700000, 0x0000000082800000, 0x0000000082800000|100%| O|  |TAMS 0x0000000082800000, 0x0000000082700000| Untracked 
|  40|0x0000000082800000, 0x0000000082900000, 0x0000000082900000|100%| O|  |TAMS 0x0000000082900000, 0x0000000082800000| Untracked 
|  41|0x0000000082900000, 0x0000000082a00000, 0x0000000082a00000|100%| O|  |TAMS 0x0000000082a00000, 0x0000000082900000| Untracked 
|  42|0x0000000082a00000, 0x0000000082b00000, 0x0000000082b00000|100%| O|  |TAMS 0x0000000082b00000, 0x0000000082a00000| Untracked 
|  43|0x0000000082b00000, 0x0000000082c00000, 0x0000000082c00000|100%| O|  |TAMS 0x0000000082b00000, 0x0000000082b00000| Untracked 
|  44|0x0000000082c00000, 0x0000000082d00000, 0x0000000082d00000|100%| O|  |TAMS 0x0000000082c00000, 0x0000000082c00000| Untracked 
|  45|0x0000000082d00000, 0x0000000082e00000, 0x0000000082e00000|100%| O|  |TAMS 0x0000000082d00000, 0x0000000082d00000| Untracked 
|  46|0x0000000082e00000, 0x0000000082f00000, 0x0000000082f00000|100%| O|  |TAMS 0x0000000082e00000, 0x0000000082e00000| Untracked 
|  47|0x0000000082f00000, 0x0000000083000000, 0x0000000083000000|100%| O|  |TAMS 0x0000000082f00000, 0x0000000082f00000| Untracked 
|  48|0x0000000083000000, 0x0000000083100000, 0x0000000083100000|100%| O|  |TAMS 0x0000000083000000, 0x0000000083000000| Untracked 
|  49|0x0000000083100000, 0x0000000083200000, 0x0000000083200000|100%| O|  |TAMS 0x0000000083100000, 0x0000000083100000| Untracked 
|  50|0x0000000083200000, 0x0000000083300000, 0x0000000083300000|100%| O|  |TAMS 0x0000000083200000, 0x0000000083200000| Untracked 
|  51|0x0000000083300000, 0x0000000083400000, 0x0000000083400000|100%| O|  |TAMS 0x0000000083300000, 0x0000000083300000| Untracked 
|  52|0x0000000083400000, 0x0000000083500000, 0x0000000083500000|100%| O|  |TAMS 0x0000000083400000, 0x0000000083400000| Untracked 
|  53|0x0000000083500000, 0x0000000083592200, 0x0000000083600000| 57%| O|  |TAMS 0x0000000083500000, 0x0000000083500000| Untracked 
|  54|0x0000000083600000, 0x0000000083600000, 0x0000000083700000|  0%| F|  |TAMS 0x0000000083600000, 0x0000000083600000| Untracked 
|  55|0x0000000083700000, 0x0000000083700000, 0x0000000083800000|  0%| F|  |TAMS 0x0000000083700000, 0x0000000083700000| Untracked 
|  56|0x0000000083800000, 0x0000000083800000, 0x0000000083900000|  0%| F|  |TAMS 0x0000000083800000, 0x0000000083800000| Untracked 
|  57|0x0000000083900000, 0x0000000083900000, 0x0000000083a00000|  0%| F|  |TAMS 0x0000000083900000, 0x0000000083900000| Untracked 
|  58|0x0000000083a00000, 0x0000000083a00000, 0x0000000083b00000|  0%| F|  |TAMS 0x0000000083a00000, 0x0000000083a00000| Untracked 
|  59|0x0000000083b00000, 0x0000000083b00000, 0x0000000083c00000|  0%| F|  |TAMS 0x0000000083b00000, 0x0000000083b00000| Untracked 
|  60|0x0000000083c00000, 0x0000000083c00000, 0x0000000083d00000|  0%| F|  |TAMS 0x0000000083c00000, 0x0000000083c00000| Untracked 
|  61|0x0000000083d00000, 0x0000000083d00000, 0x0000000083e00000|  0%| F|  |TAMS 0x0000000083d00000, 0x0000000083d00000| Untracked 
|  62|0x0000000083e00000, 0x0000000083e00000, 0x0000000083f00000|  0%| F|  |TAMS 0x0000000083e00000, 0x0000000083e00000| Untracked 
|  63|0x0000000083f00000, 0x0000000083f00000, 0x0000000084000000|  0%| F|  |TAMS 0x0000000083f00000, 0x0000000083f00000| Untracked 
|  64|0x0000000084000000, 0x0000000084000000, 0x0000000084100000|  0%| F|  |TAMS 0x0000000084000000, 0x0000000084000000| Untracked 
|  65|0x0000000084100000, 0x0000000084100000, 0x0000000084200000|  0%| F|  |TAMS 0x0000000084100000, 0x0000000084100000| Untracked 
|  66|0x0000000084200000, 0x0000000084200000, 0x0000000084300000|  0%| F|  |TAMS 0x0000000084200000, 0x0000000084200000| Untracked 
|  67|0x0000000084300000, 0x0000000084300000, 0x0000000084400000|  0%| F|  |TAMS 0x0000000084300000, 0x0000000084300000| Untracked 
|  68|0x0000000084400000, 0x0000000084400000, 0x0000000084500000|  0%| F|  |TAMS 0x0000000084400000, 0x0000000084400000| Untracked 
|  69|0x0000000084500000, 0x0000000084500000, 0x0000000084600000|  0%| F|  |TAMS 0x0000000084500000, 0x0000000084500000| Untracked 
|  70|0x0000000084600000, 0x0000000084600000, 0x0000000084700000|  0%| F|  |TAMS 0x0000000084600000, 0x0000000084600000| Untracked 
|  71|0x0000000084700000, 0x0000000084700000, 0x0000000084800000|  0%| F|  |TAMS 0x0000000084700000, 0x0000000084700000| Untracked 
|  72|0x0000000084800000, 0x0000000084800000, 0x0000000084900000|  0%| F|  |TAMS 0x0000000084800000, 0x0000000084800000| Untracked 
|  73|0x0000000084900000, 0x0000000084900000, 0x0000000084a00000|  0%| F|  |TAMS 0x0000000084900000, 0x0000000084900000| Untracked 
|  74|0x0000000084a00000, 0x0000000084a00000, 0x0000000084b00000|  0%| F|  |TAMS 0x0000000084a00000, 0x0000000084a00000| Untracked 
|  75|0x0000000084b00000, 0x0000000084b00000, 0x0000000084c00000|  0%| F|  |TAMS 0x0000000084b00000, 0x0000000084b00000| Untracked 
|  76|0x0000000084c00000, 0x0000000084c00000, 0x0000000084d00000|  0%| F|  |TAMS 0x0000000084c00000, 0x0000000084c00000| Untracked 
|  77|0x0000000084d00000, 0x0000000084d00000, 0x0000000084e00000|  0%| F|  |TAMS 0x0000000084d00000, 0x0000000084d00000| Untracked 
|  78|0x0000000084e00000, 0x0000000084e00000, 0x0000000084f00000|  0%| F|  |TAMS 0x0000000084e00000, 0x0000000084e00000| Untracked 
|  79|0x0000000084f00000, 0x0000000084f00000, 0x0000000085000000|  0%| F|  |TAMS 0x0000000084f00000, 0x0000000084f00000| Untracked 
|  80|0x0000000085000000, 0x0000000085000000, 0x0000000085100000|  0%| F|  |TAMS 0x0000000085000000, 0x0000000085000000| Untracked 
|  81|0x0000000085100000, 0x0000000085100000, 0x0000000085200000|  0%| F|  |TAMS 0x0000000085100000, 0x0000000085100000| Untracked 
|  82|0x0000000085200000, 0x0000000085200000, 0x0000000085300000|  0%| F|  |TAMS 0x0000000085200000, 0x0000000085200000| Untracked 
|  83|0x0000000085300000, 0x0000000085300000, 0x0000000085400000|  0%| F|  |TAMS 0x0000000085300000, 0x0000000085300000| Untracked 
|  84|0x0000000085400000, 0x0000000085400000, 0x0000000085500000|  0%| F|  |TAMS 0x0000000085400000, 0x0000000085400000| Untracked 
|  85|0x0000000085500000, 0x0000000085500000, 0x0000000085600000|  0%| F|  |TAMS 0x0000000085500000, 0x0000000085500000| Untracked 
|  86|0x0000000085600000, 0x0000000085600000, 0x0000000085700000|  0%| F|  |TAMS 0x0000000085600000, 0x0000000085600000| Untracked 
|  87|0x0000000085700000, 0x0000000085700000, 0x0000000085800000|  0%| F|  |TAMS 0x0000000085700000, 0x0000000085700000| Untracked 
|  88|0x0000000085800000, 0x0000000085800000, 0x0000000085900000|  0%| F|  |TAMS 0x0000000085800000, 0x0000000085800000| Untracked 
|  89|0x0000000085900000, 0x0000000085900000, 0x0000000085a00000|  0%| F|  |TAMS 0x0000000085900000, 0x0000000085900000| Untracked 
|  90|0x0000000085a00000, 0x0000000085a00000, 0x0000000085b00000|  0%| F|  |TAMS 0x0000000085a00000, 0x0000000085a00000| Untracked 
|  91|0x0000000085b00000, 0x0000000085b00000, 0x0000000085c00000|  0%| F|  |TAMS 0x0000000085b00000, 0x0000000085b00000| Untracked 
|  92|0x0000000085c00000, 0x0000000085c00000, 0x0000000085d00000|  0%| F|  |TAMS 0x0000000085c00000, 0x0000000085c00000| Untracked 
|  93|0x0000000085d00000, 0x0000000085d00000, 0x0000000085e00000|  0%| F|  |TAMS 0x0000000085d00000, 0x0000000085d00000| Untracked 
|  94|0x0000000085e00000, 0x0000000085e00000, 0x0000000085f00000|  0%| F|  |TAMS 0x0000000085e00000, 0x0000000085e00000| Untracked 
|  95|0x0000000085f00000, 0x0000000085f00000, 0x0000000086000000|  0%| F|  |TAMS 0x0000000085f00000, 0x0000000085f00000| Untracked 
|  96|0x0000000086000000, 0x0000000086000000, 0x0000000086100000|  0%| F|  |TAMS 0x0000000086000000, 0x0000000086000000| Untracked 
|  97|0x0000000086100000, 0x0000000086100000, 0x0000000086200000|  0%| F|  |TAMS 0x0000000086100000, 0x0000000086100000| Untracked 
|  98|0x0000000086200000, 0x0000000086200000, 0x0000000086300000|  0%| F|  |TAMS 0x0000000086200000, 0x0000000086200000| Untracked 
|  99|0x0000000086300000, 0x0000000086300000, 0x0000000086400000|  0%| F|  |TAMS 0x0000000086300000, 0x0000000086300000| Untracked 
| 100|0x0000000086400000, 0x00000000864f7f20, 0x0000000086500000| 96%| S|CS|TAMS 0x0000000086400000, 0x0000000086400000| Complete 
| 101|0x0000000086500000, 0x0000000086600000, 0x0000000086600000|100%| S|CS|TAMS 0x0000000086500000, 0x0000000086500000| Complete 
| 102|0x0000000086600000, 0x0000000086700000, 0x0000000086700000|100%| S|CS|TAMS 0x0000000086600000, 0x0000000086600000| Complete 
| 103|0x0000000086700000, 0x0000000086800000, 0x0000000086800000|100%| S|CS|TAMS 0x0000000086700000, 0x0000000086700000| Complete 
| 104|0x0000000086800000, 0x0000000086900000, 0x0000000086900000|100%| S|CS|TAMS 0x0000000086800000, 0x0000000086800000| Complete 
| 105|0x0000000086900000, 0x0000000086900000, 0x0000000086a00000|  0%| F|  |TAMS 0x0000000086900000, 0x0000000086900000| Untracked 
| 106|0x0000000086a00000, 0x0000000086a00000, 0x0000000086b00000|  0%| F|  |TAMS 0x0000000086a00000, 0x0000000086a00000| Untracked 
| 107|0x0000000086b00000, 0x0000000086b00000, 0x0000000086c00000|  0%| F|  |TAMS 0x0000000086b00000, 0x0000000086b00000| Untracked 
| 108|0x0000000086c00000, 0x0000000086c00000, 0x0000000086d00000|  0%| F|  |TAMS 0x0000000086c00000, 0x0000000086c00000| Untracked 
| 109|0x0000000086d00000, 0x0000000086d00000, 0x0000000086e00000|  0%| F|  |TAMS 0x0000000086d00000, 0x0000000086d00000| Untracked 
| 110|0x0000000086e00000, 0x0000000086e00000, 0x0000000086f00000|  0%| F|  |TAMS 0x0000000086e00000, 0x0000000086e00000| Untracked 
| 111|0x0000000086f00000, 0x0000000086f00000, 0x0000000087000000|  0%| F|  |TAMS 0x0000000086f00000, 0x0000000086f00000| Untracked 
| 112|0x0000000087000000, 0x0000000087000000, 0x0000000087100000|  0%| F|  |TAMS 0x0000000087000000, 0x0000000087000000| Untracked 
| 113|0x0000000087100000, 0x0000000087100000, 0x0000000087200000|  0%| F|  |TAMS 0x0000000087100000, 0x0000000087100000| Untracked 
| 114|0x0000000087200000, 0x0000000087200000, 0x0000000087300000|  0%| F|  |TAMS 0x0000000087200000, 0x0000000087200000| Untracked 
| 115|0x0000000087300000, 0x0000000087300000, 0x0000000087400000|  0%| F|  |TAMS 0x0000000087300000, 0x0000000087300000| Untracked 
| 116|0x0000000087400000, 0x0000000087400000, 0x0000000087500000|  0%| F|  |TAMS 0x0000000087400000, 0x0000000087400000| Untracked 
| 117|0x0000000087500000, 0x0000000087500000, 0x0000000087600000|  0%| F|  |TAMS 0x0000000087500000, 0x0000000087500000| Untracked 
| 118|0x0000000087600000, 0x0000000087600000, 0x0000000087700000|  0%| F|  |TAMS 0x0000000087600000, 0x0000000087600000| Untracked 
| 119|0x0000000087700000, 0x0000000087700000, 0x0000000087800000|  0%| F|  |TAMS 0x0000000087700000, 0x0000000087700000| Untracked 
| 120|0x0000000087800000, 0x0000000087800000, 0x0000000087900000|  0%| F|  |TAMS 0x0000000087800000, 0x0000000087800000| Untracked 
| 121|0x0000000087900000, 0x0000000087900000, 0x0000000087a00000|  0%| F|  |TAMS 0x0000000087900000, 0x0000000087900000| Untracked 
| 122|0x0000000087a00000, 0x0000000087a00000, 0x0000000087b00000|  0%| F|  |TAMS 0x0000000087a00000, 0x0000000087a00000| Untracked 
| 123|0x0000000087b00000, 0x0000000087b00000, 0x0000000087c00000|  0%| F|  |TAMS 0x0000000087b00000, 0x0000000087b00000| Untracked 
| 124|0x0000000087c00000, 0x0000000087c00000, 0x0000000087d00000|  0%| F|  |TAMS 0x0000000087c00000, 0x0000000087c00000| Untracked 
| 125|0x0000000087d00000, 0x0000000087d00000, 0x0000000087e00000|  0%| F|  |TAMS 0x0000000087d00000, 0x0000000087d00000| Untracked 
| 126|0x0000000087e00000, 0x0000000087e00000, 0x0000000087f00000|  0%| F|  |TAMS 0x0000000087e00000, 0x0000000087e00000| Untracked 
| 127|0x0000000087f00000, 0x0000000087f00000, 0x0000000088000000|  0%| F|  |TAMS 0x0000000087f00000, 0x0000000087f00000| Untracked 
| 128|0x0000000088000000, 0x0000000088000000, 0x0000000088100000|  0%| F|  |TAMS 0x0000000088000000, 0x0000000088000000| Untracked 
| 129|0x0000000088100000, 0x0000000088100000, 0x0000000088200000|  0%| F|  |TAMS 0x0000000088100000, 0x0000000088100000| Untracked 
| 130|0x0000000088200000, 0x0000000088200000, 0x0000000088300000|  0%| F|  |TAMS 0x0000000088200000, 0x0000000088200000| Untracked 
| 131|0x0000000088300000, 0x0000000088300000, 0x0000000088400000|  0%| F|  |TAMS 0x0000000088300000, 0x0000000088300000| Untracked 
| 132|0x0000000088400000, 0x0000000088400000, 0x0000000088500000|  0%| F|  |TAMS 0x0000000088400000, 0x0000000088400000| Untracked 
| 133|0x0000000088500000, 0x0000000088500000, 0x0000000088600000|  0%| F|  |TAMS 0x0000000088500000, 0x0000000088500000| Untracked 
| 134|0x0000000088600000, 0x0000000088600000, 0x0000000088700000|  0%| F|  |TAMS 0x0000000088600000, 0x0000000088600000| Untracked 
| 135|0x0000000088700000, 0x0000000088700000, 0x0000000088800000|  0%| F|  |TAMS 0x0000000088700000, 0x0000000088700000| Untracked 
| 136|0x0000000088800000, 0x0000000088800000, 0x0000000088900000|  0%| F|  |TAMS 0x0000000088800000, 0x0000000088800000| Untracked 
| 137|0x0000000088900000, 0x0000000088900000, 0x0000000088a00000|  0%| F|  |TAMS 0x0000000088900000, 0x0000000088900000| Untracked 
| 138|0x0000000088a00000, 0x0000000088a00000, 0x0000000088b00000|  0%| F|  |TAMS 0x0000000088a00000, 0x0000000088a00000| Untracked 
| 139|0x0000000088b00000, 0x0000000088b00000, 0x0000000088c00000|  0%| F|  |TAMS 0x0000000088b00000, 0x0000000088b00000| Untracked 
| 140|0x0000000088c00000, 0x0000000088c00000, 0x0000000088d00000|  0%| F|  |TAMS 0x0000000088c00000, 0x0000000088c00000| Untracked 
| 141|0x0000000088d00000, 0x0000000088d00000, 0x0000000088e00000|  0%| F|  |TAMS 0x0000000088d00000, 0x0000000088d00000| Untracked 
| 142|0x0000000088e00000, 0x0000000088e00000, 0x0000000088f00000|  0%| F|  |TAMS 0x0000000088e00000, 0x0000000088e00000| Untracked 
| 143|0x0000000088f00000, 0x0000000088f00000, 0x0000000089000000|  0%| F|  |TAMS 0x0000000088f00000, 0x0000000088f00000| Untracked 
| 144|0x0000000089000000, 0x0000000089000000, 0x0000000089100000|  0%| F|  |TAMS 0x0000000089000000, 0x0000000089000000| Untracked 
| 145|0x0000000089100000, 0x0000000089100000, 0x0000000089200000|  0%| F|  |TAMS 0x0000000089100000, 0x0000000089100000| Untracked 
| 146|0x0000000089200000, 0x0000000089200000, 0x0000000089300000|  0%| F|  |TAMS 0x0000000089200000, 0x0000000089200000| Untracked 
| 147|0x0000000089300000, 0x0000000089300000, 0x0000000089400000|  0%| F|  |TAMS 0x0000000089300000, 0x0000000089300000| Untracked 
| 148|0x0000000089400000, 0x0000000089400000, 0x0000000089500000|  0%| F|  |TAMS 0x0000000089400000, 0x0000000089400000| Untracked 
| 149|0x0000000089500000, 0x0000000089500000, 0x0000000089600000|  0%| F|  |TAMS 0x0000000089500000, 0x0000000089500000| Untracked 
| 150|0x0000000089600000, 0x0000000089600000, 0x0000000089700000|  0%| F|  |TAMS 0x0000000089600000, 0x0000000089600000| Untracked 
| 151|0x0000000089700000, 0x0000000089700000, 0x0000000089800000|  0%| F|  |TAMS 0x0000000089700000, 0x0000000089700000| Untracked 
| 152|0x0000000089800000, 0x0000000089800000, 0x0000000089900000|  0%| F|  |TAMS 0x0000000089800000, 0x0000000089800000| Untracked 
| 153|0x0000000089900000, 0x0000000089900000, 0x0000000089a00000|  0%| F|  |TAMS 0x0000000089900000, 0x0000000089900000| Untracked 
| 154|0x0000000089a00000, 0x0000000089a00000, 0x0000000089b00000|  0%| F|  |TAMS 0x0000000089a00000, 0x0000000089a00000| Untracked 
| 155|0x0000000089b00000, 0x0000000089b00000, 0x0000000089c00000|  0%| F|  |TAMS 0x0000000089b00000, 0x0000000089b00000| Untracked 
| 156|0x0000000089c00000, 0x0000000089c00000, 0x0000000089d00000|  0%| F|  |TAMS 0x0000000089c00000, 0x0000000089c00000| Untracked 
| 157|0x0000000089d00000, 0x0000000089d00000, 0x0000000089e00000|  0%| F|  |TAMS 0x0000000089d00000, 0x0000000089d00000| Untracked 
| 158|0x0000000089e00000, 0x0000000089e00000, 0x0000000089f00000|  0%| F|  |TAMS 0x0000000089e00000, 0x0000000089e00000| Untracked 
| 159|0x0000000089f00000, 0x0000000089f00000, 0x000000008a000000|  0%| F|  |TAMS 0x0000000089f00000, 0x0000000089f00000| Untracked 
| 160|0x000000008a000000, 0x000000008a000000, 0x000000008a100000|  0%| F|  |TAMS 0x000000008a000000, 0x000000008a000000| Untracked 
| 161|0x000000008a100000, 0x000000008a100000, 0x000000008a200000|  0%| F|  |TAMS 0x000000008a100000, 0x000000008a100000| Untracked 
| 162|0x000000008a200000, 0x000000008a300000, 0x000000008a300000|100%| E|  |TAMS 0x000000008a200000, 0x000000008a200000| Complete 
| 163|0x000000008a300000, 0x000000008a400000, 0x000000008a400000|100%| E|CS|TAMS 0x000000008a300000, 0x000000008a300000| Complete 
| 164|0x000000008a400000, 0x000000008a500000, 0x000000008a500000|100%| E|CS|TAMS 0x000000008a400000, 0x000000008a400000| Complete 
| 165|0x000000008a500000, 0x000000008a600000, 0x000000008a600000|100%| E|CS|TAMS 0x000000008a500000, 0x000000008a500000| Complete 
| 166|0x000000008a600000, 0x000000008a700000, 0x000000008a700000|100%| E|CS|TAMS 0x000000008a600000, 0x000000008a600000| Complete 
| 167|0x000000008a700000, 0x000000008a800000, 0x000000008a800000|100%| E|CS|TAMS 0x000000008a700000, 0x000000008a700000| Complete 
| 168|0x000000008a800000, 0x000000008a900000, 0x000000008a900000|100%| E|CS|TAMS 0x000000008a800000, 0x000000008a800000| Complete 
| 169|0x000000008a900000, 0x000000008aa00000, 0x000000008aa00000|100%| E|CS|TAMS 0x000000008a900000, 0x000000008a900000| Complete 
| 170|0x000000008aa00000, 0x000000008ab00000, 0x000000008ab00000|100%| E|CS|TAMS 0x000000008aa00000, 0x000000008aa00000| Complete 
| 171|0x000000008ab00000, 0x000000008ac00000, 0x000000008ac00000|100%| E|CS|TAMS 0x000000008ab00000, 0x000000008ab00000| Complete 
| 172|0x000000008ac00000, 0x000000008ad00000, 0x000000008ad00000|100%| E|CS|TAMS 0x000000008ac00000, 0x000000008ac00000| Complete 
| 173|0x000000008ad00000, 0x000000008ae00000, 0x000000008ae00000|100%| E|CS|TAMS 0x000000008ad00000, 0x000000008ad00000| Complete 
| 174|0x000000008ae00000, 0x000000008af00000, 0x000000008af00000|100%| E|CS|TAMS 0x000000008ae00000, 0x000000008ae00000| Complete 
| 175|0x000000008af00000, 0x000000008b000000, 0x000000008b000000|100%| E|CS|TAMS 0x000000008af00000, 0x000000008af00000| Complete 
| 176|0x000000008b000000, 0x000000008b100000, 0x000000008b100000|100%| E|CS|TAMS 0x000000008b000000, 0x000000008b000000| Complete 
| 177|0x000000008b100000, 0x000000008b200000, 0x000000008b200000|100%| E|CS|TAMS 0x000000008b100000, 0x000000008b100000| Complete 
| 178|0x000000008b200000, 0x000000008b300000, 0x000000008b300000|100%| E|CS|TAMS 0x000000008b200000, 0x000000008b200000| Complete 
| 179|0x000000008b300000, 0x000000008b400000, 0x000000008b400000|100%| E|CS|TAMS 0x000000008b300000, 0x000000008b300000| Complete 
| 180|0x000000008b400000, 0x000000008b500000, 0x000000008b500000|100%| E|CS|TAMS 0x000000008b400000, 0x000000008b400000| Complete 
| 181|0x000000008b500000, 0x000000008b600000, 0x000000008b600000|100%| E|CS|TAMS 0x000000008b500000, 0x000000008b500000| Complete 
| 182|0x000000008b600000, 0x000000008b700000, 0x000000008b700000|100%| E|CS|TAMS 0x000000008b600000, 0x000000008b600000| Complete 
| 183|0x000000008b700000, 0x000000008b800000, 0x000000008b800000|100%| E|CS|TAMS 0x000000008b700000, 0x000000008b700000| Complete 
| 184|0x000000008b800000, 0x000000008b900000, 0x000000008b900000|100%| E|CS|TAMS 0x000000008b800000, 0x000000008b800000| Complete 

Card table byte_map: [0x000001f479ee0000,0x000001f47a2e0000] _byte_map_base: 0x000001f479ae0000

Marking Bits (Prev, Next): (CMBitMap*) 0x000001f464bc1628, (CMBitMap*) 0x000001f464bc1660
 Prev Bits: [0x000001f47a6e0000, 0x000001f47c6e0000)
 Next Bits: [0x000001f47c6e0000, 0x000001f47e6e0000)

Polling page: 0x000001f464c60000

Metaspace:

Usage:
  Non-class:     67.12 MB capacity,    65.94 MB ( 98%) used,  1007.17 KB (  1%) free+waste,   202.38 KB ( <1%) overhead. 
      Class:     10.58 MB capacity,     9.93 MB ( 94%) used,   566.95 KB (  5%) free+waste,    93.88 KB ( <1%) overhead. 
       Both:     77.69 MB capacity,    75.87 MB ( 98%) used,     1.54 MB (  2%) free+waste,   296.25 KB ( <1%) overhead. 

Virtual space:
  Non-class space:       68.00 MB reserved,      67.25 MB ( 99%) committed 
      Class space:        1.00 GB reserved,      10.70 MB (  1%) committed 
             Both:        1.07 GB reserved,      77.95 MB (  7%) committed 

Chunk freelists:
   Non-Class:  8.00 KB
       Class:  19.00 KB
        Both:  27.00 KB

MaxMetaspaceSize: 17179869184.00 GB
CompressedClassSpaceSize: 1.00 GB

CodeHeap 'non-profiled nmethods': size=120000Kb used=4862Kb max_used=4862Kb free=115137Kb
 bounds [0x000001f471920000, 0x000001f471de0000, 0x000001f478e50000]
CodeHeap 'profiled nmethods': size=120000Kb used=16554Kb max_used=16554Kb free=103445Kb
 bounds [0x000001f46a3f0000, 0x000001f46b420000, 0x000001f471920000]
CodeHeap 'non-nmethods': size=5760Kb used=2272Kb max_used=2318Kb free=3488Kb
 bounds [0x000001f469e50000, 0x000001f46a0c0000, 0x000001f46a3f0000]
 total_blobs=8629 nmethods=7760 adapters=780
 compilation: enabled
              stopped_count=0, restarted_count=0
 full_count=0

Compilation events (20 events):
Event: 5.582 Thread 0x000001f402049800 nmethod 7694 0x000001f46b3fa790 code [0x000001f46b3fa960, 0x000001f46b3face8]
Event: 5.582 Thread 0x000001f402049800 7697       3       org.gradle.api.internal.artifacts.repositories.resolver.DirectDependencyMetadataAdapter_Decorated::getName (39 bytes)
Event: 5.583 Thread 0x000001f402049800 nmethod 7697 0x000001f46b3fae10 code [0x000001f46b3fb0c0, 0x000001f46b3fbc28]
Event: 5.583 Thread 0x000001f402049800 7700       3       org.gradle.api.internal.artifacts.ivyservice.resolveengine.graph.builder.ComponentState::hasMoreThanOneSelectedNodeUsingVariantAwareResolution (53 bytes)
Event: 5.583 Thread 0x000001f402049800 nmethod 7700 0x000001f46b3fc090 code [0x000001f46b3fc2a0, 0x000001f46b3fca38]
Event: 5.583 Thread 0x000001f402049800 7699       1       org.gradle.api.internal.artifacts.ivyservice.resolveengine.graph.builder.ComponentState::isRejected (5 bytes)
Event: 5.583 Thread 0x000001f402049800 nmethod 7699 0x000001f471dcc010 code [0x000001f471dcc1c0, 0x000001f471dcc278]
Event: 5.583 Thread 0x000001f402049800 7701       3       org.gradle.api.internal.artifacts.ivyservice.resolveengine.graph.builder.NodeState::isSelectedByVariantAwareResolution (20 bytes)
Event: 5.583 Thread 0x000001f402049800 nmethod 7701 0x000001f46b3fcc10 code [0x000001f46b3fcde0, 0x000001f46b3fd028]
Event: 5.583 Thread 0x000001f402049800 7702       3       org.gradle.api.internal.artifacts.ivyservice.resolveengine.graph.CompositeDependencyGraphVisitor::visitSelector (40 bytes)
Event: 5.583 Thread 0x000001f402049800 nmethod 7702 0x000001f46b3fd110 code [0x000001f46b3fd320, 0x000001f46b3fd8d8]
Event: 5.583 Thread 0x000001f402049800 7698       3       org.gradle.api.internal.artifacts.repositories.resolver.AbstractDependencyMetadataAdapter::getName (15 bytes)
Event: 5.583 Thread 0x000001f402049800 nmethod 7698 0x000001f46b3fda90 code [0x000001f46b3fdc80, 0x000001f46b3fdff8]
Event: 5.583 Thread 0x000001f402049800 7695       3       org.gradle.internal.component.model.DependencyMetadataRules::lambda$static$0 (15 bytes)
Event: 5.583 Thread 0x000001f402049800 nmethod 7695 0x000001f46b3fe190 code [0x000001f46b3fe340, 0x000001f46b3fe548]
Event: 5.583 Thread 0x000001f402049800 7703       3       org.gradle.api.internal.artifacts.ivyservice.resolveengine.result.StreamingResolutionResultBuilder::visitSelector (17 bytes)
Event: 5.584 Thread 0x000001f402049800 nmethod 7703 0x000001f46b3fe610 code [0x000001f46b3fe820, 0x000001f46b3fee48]
Event: 5.584 Thread 0x000001f402049800 7696       3       org.gradle.api.internal.artifacts.repositories.resolver.DirectDependencyMetadataAdapter_Decorated::<init> (12 bytes)
Event: 5.584 Thread 0x000001f402049800 nmethod 7696 0x000001f46b3ff090 code [0x000001f46b3ff2c0, 0x000001f46b3ffb18]
Event: 5.584 Thread 0x000001f402049800 7704       3       org.gradle.api.internal.artifacts.ivyservice.resolveengine.result.ComponentIdentifierSerializer::write (429 bytes)

GC Heap History (20 events):
Event: 1.362 GC heap before
{Heap before GC invocations=2 (full 0):
 garbage-first heap   total 131072K, used 37238K [0x0000000080000000, 0x0000000100000000)
  region size 1024K, 32 young (32768K), 10 survivors (10240K)
 Metaspace       used 20603K, capacity 21128K, committed 21248K, reserved 1067008K
  class space    used 2518K, capacity 2722K, committed 2816K, reserved 1048576K
}
Event: 1.367 GC heap after
{Heap after GC invocations=3 (full 0):
 garbage-first heap   total 131072K, used 16846K [0x0000000080000000, 0x0000000100000000)
  region size 1024K, 1 young (1024K), 1 survivors (1024K)
 Metaspace       used 20603K, capacity 21128K, committed 21248K, reserved 1067008K
  class space    used 2518K, capacity 2722K, committed 2816K, reserved 1048576K
}
Event: 1.788 GC heap before
{Heap before GC invocations=4 (full 0):
 garbage-first heap   total 131072K, used 90574K [0x0000000080000000, 0x0000000100000000)
  region size 1024K, 73 young (74752K), 1 survivors (1024K)
 Metaspace       used 27696K, capacity 28311K, committed 28544K, reserved 1073152K
  class space    used 3675K, capacity 3930K, committed 3968K, reserved 1048576K
}
Event: 1.790 GC heap after
{Heap after GC invocations=5 (full 0):
 garbage-first heap   total 131072K, used 19096K [0x0000000080000000, 0x0000000100000000)
  region size 1024K, 4 young (4096K), 4 survivors (4096K)
 Metaspace       used 27696K, capacity 28311K, committed 28544K, reserved 1073152K
  class space    used 3675K, capacity 3930K, committed 3968K, reserved 1048576K
}
Event: 2.159 GC heap before
{Heap before GC invocations=5 (full 0):
 garbage-first heap   total 131072K, used 54936K [0x0000000080000000, 0x0000000100000000)
  region size 1024K, 41 young (41984K), 4 survivors (4096K)
 Metaspace       used 35018K, capacity 35802K, committed 35840K, reserved 1081344K
  class space    used 4544K, capacity 4832K, committed 4864K, reserved 1048576K
}
Event: 2.166 GC heap after
{Heap after GC invocations=6 (full 0):
 garbage-first heap   total 131072K, used 21996K [0x0000000080000000, 0x0000000100000000)
  region size 1024K, 6 young (6144K), 6 survivors (6144K)
 Metaspace       used 35018K, capacity 35802K, committed 35840K, reserved 1081344K
  class space    used 4544K, capacity 4832K, committed 4864K, reserved 1048576K
}
Event: 2.584 GC heap before
{Heap before GC invocations=7 (full 0):
 garbage-first heap   total 131072K, used 95724K [0x0000000080000000, 0x0000000100000000)
  region size 1024K, 76 young (77824K), 6 survivors (6144K)
 Metaspace       used 40234K, capacity 41195K, committed 41472K, reserved 1085440K
  class space    used 5187K, capacity 5531K, committed 5632K, reserved 1048576K
}
Event: 2.591 GC heap after
{Heap after GC invocations=8 (full 0):
 garbage-first heap   total 157696K, used 27653K [0x0000000080000000, 0x0000000100000000)
  region size 1024K, 9 young (9216K), 9 survivors (9216K)
 Metaspace       used 40234K, capacity 41195K, committed 41472K, reserved 1085440K
  class space    used 5187K, capacity 5531K, committed 5632K, reserved 1048576K
}
Event: 3.143 GC heap before
{Heap before GC invocations=8 (full 0):
 garbage-first heap   total 157696K, used 109573K [0x0000000080000000, 0x0000000100000000)
  region size 1024K, 89 young (91136K), 9 survivors (9216K)
 Metaspace       used 46657K, capacity 47952K, committed 48256K, reserved 1091584K
  class space    used 6009K, capacity 6462K, committed 6528K, reserved 1048576K
}
Event: 3.149 GC heap after
{Heap after GC invocations=9 (full 0):
 garbage-first heap   total 157696K, used 30569K [0x0000000080000000, 0x0000000100000000)
  region size 1024K, 9 young (9216K), 9 survivors (9216K)
 Metaspace       used 46657K, capacity 47952K, committed 48256K, reserved 1091584K
  class space    used 6009K, capacity 6462K, committed 6528K, reserved 1048576K
}
Event: 3.762 GC heap before
{Heap before GC invocations=9 (full 0):
 garbage-first heap   total 157696K, used 118633K [0x0000000080000000, 0x0000000100000000)
  region size 1024K, 92 young (94208K), 9 survivors (9216K)
 Metaspace       used 55891K, capacity 57440K, committed 57600K, reserved 1099776K
  class space    used 7119K, capacity 7663K, committed 7680K, reserved 1048576K
}
Event: 3.769 GC heap after
{Heap after GC invocations=10 (full 0):
 garbage-first heap   total 157696K, used 43419K [0x0000000080000000, 0x0000000100000000)
  region size 1024K, 12 young (12288K), 12 survivors (12288K)
 Metaspace       used 55891K, capacity 57440K, committed 57600K, reserved 1099776K
  class space    used 7119K, capacity 7663K, committed 7680K, reserved 1048576K
}
Event: 3.913 GC heap before
{Heap before GC invocations=10 (full 0):
 garbage-first heap   total 157696K, used 57755K [0x0000000080000000, 0x0000000100000000)
  region size 1024K, 27 young (27648K), 12 survivors (12288K)
 Metaspace       used 58600K, capacity 60119K, committed 60160K, reserved 1101824K
  class space    used 7465K, capacity 8046K, committed 8064K, reserved 1048576K
}
Event: 3.923 GC heap after
{Heap after GC invocations=11 (full 0):
 garbage-first heap   total 157696K, used 46776K [0x0000000080000000, 0x0000000100000000)
  region size 1024K, 3 young (3072K), 3 survivors (3072K)
 Metaspace       used 58600K, capacity 60119K, committed 60160K, reserved 1101824K
  class space    used 7465K, capacity 8046K, committed 8064K, reserved 1048576K
}
Event: 4.307 GC heap before
{Heap before GC invocations=12 (full 0):
 garbage-first heap   total 157696K, used 100024K [0x0000000080000000, 0x0000000100000000)
  region size 1024K, 55 young (56320K), 3 survivors (3072K)
 Metaspace       used 63026K, capacity 64594K, committed 64716K, reserved 1105920K
  class space    used 8039K, capacity 8585K, committed 8652K, reserved 1048576K
}
Event: 4.313 GC heap after
{Heap after GC invocations=13 (full 0):
 garbage-first heap   total 189440K, used 49459K [0x0000000080000000, 0x0000000100000000)
  region size 1024K, 6 young (6144K), 6 survivors (6144K)
 Metaspace       used 63026K, capacity 64594K, committed 64716K, reserved 1105920K
  class space    used 8039K, capacity 8585K, committed 8652K, reserved 1048576K
}
Event: 4.784 GC heap before
{Heap before GC invocations=14 (full 0):
 garbage-first heap   total 189440K, used 120115K [0x0000000080000000, 0x0000000100000000)
  region size 1024K, 75 young (76800K), 6 survivors (6144K)
 Metaspace       used 68651K, capacity 70325K, committed 70476K, reserved 1110016K
  class space    used 8903K, capacity 9503K, committed 9548K, reserved 1048576K
}
Event: 4.790 GC heap after
{Heap after GC invocations=15 (full 0):
 garbage-first heap   total 189440K, used 55359K [0x0000000080000000, 0x0000000100000000)
  region size 1024K, 10 young (10240K), 10 survivors (10240K)
 Metaspace       used 68651K, capacity 70325K, committed 70476K, reserved 1110016K
  class space    used 8903K, capacity 9503K, committed 9548K, reserved 1048576K
}
Event: 5.378 GC heap before
{Heap before GC invocations=15 (full 0):
 garbage-first heap   total 189440K, used 127039K [0x0000000080000000, 0x0000000100000000)
  region size 1024K, 80 young (81920K), 10 survivors (10240K)
 Metaspace       used 76003K, capacity 77777K, committed 77900K, reserved 1116160K
  class space    used 9904K, capacity 10534K, committed 10572K, reserved 1048576K
}
Event: 5.386 GC heap after
{Heap after GC invocations=16 (full 0):
 garbage-first heap   total 189440K, used 59944K [0x0000000080000000, 0x0000000100000000)
  region size 1024K, 5 young (5120K), 5 survivors (5120K)
 Metaspace       used 76003K, capacity 77777K, committed 77900K, reserved 1116160K
  class space    used 9904K, capacity 10534K, committed 10572K, reserved 1048576K
}

Deoptimization events (20 events):
Event: 5.448 Thread 0x000001f405b15000 Uncommon trap: trap_request=0xffffffc6 fr.pc=0x000001f471af64e0 relative=0x0000000000000480
Event: 5.448 Thread 0x000001f405b15000 Uncommon trap: reason=bimorphic_or_optimized_type_check action=maybe_recompile pc=0x000001f471af64e0 method=java.util.Collections$SetFromMap.remove(Ljava/lang/Object;)Z @ 5 c2
Event: 5.448 Thread 0x000001f405b15000 DEOPT PACKING pc=0x000001f471af64e0 sp=0x0000002c92afe610
Event: 5.448 Thread 0x000001f405b15000 DEOPT UNPACKING pc=0x000001f469e778af sp=0x0000002c92afe608 mode 2
Event: 5.464 Thread 0x000001f4047fd000 Uncommon trap: trap_request=0xfffffff4 fr.pc=0x000001f471d9f088 relative=0x0000000000000068
Event: 5.464 Thread 0x000001f4047fd000 Uncommon trap: reason=null_check action=make_not_entrant pc=0x000001f471d9f088 method=java.lang.Class.isAnnotation()Z @ 1 c2
Event: 5.464 Thread 0x000001f4047fd000 DEOPT PACKING pc=0x000001f471d9f088 sp=0x0000002c923fe1b0
Event: 5.464 Thread 0x000001f4047fd000 DEOPT UNPACKING pc=0x000001f469e778af sp=0x0000002c923fe140 mode 2
Event: 5.480 Thread 0x000001f405b15000 Uncommon trap: trap_request=0xffffffc6 fr.pc=0x000001f471af64e0 relative=0x0000000000000480
Event: 5.480 Thread 0x000001f405b15000 Uncommon trap: reason=bimorphic_or_optimized_type_check action=maybe_recompile pc=0x000001f471af64e0 method=java.util.Collections$SetFromMap.remove(Ljava/lang/Object;)Z @ 5 c2
Event: 5.480 Thread 0x000001f405b15000 DEOPT PACKING pc=0x000001f471af64e0 sp=0x0000002c92afe770
Event: 5.480 Thread 0x000001f405b15000 DEOPT UNPACKING pc=0x000001f469e778af sp=0x0000002c92afe768 mode 2
Event: 5.487 Thread 0x000001f405b11000 Uncommon trap: trap_request=0xffffffc6 fr.pc=0x000001f471c49cb8 relative=0x0000000000000798
Event: 5.487 Thread 0x000001f405b11000 Uncommon trap: reason=bimorphic_or_optimized_type_check action=maybe_recompile pc=0x000001f471c49cb8 method=java.util.Arrays.binarySearch0([Ljava/lang/Object;IILjava/lang/Object;Ljava/util/Comparator;)I @ 48 c2
Event: 5.487 Thread 0x000001f405b11000 DEOPT PACKING pc=0x000001f471c49cb8 sp=0x0000002c92ffe5c0
Event: 5.487 Thread 0x000001f405b11000 DEOPT UNPACKING pc=0x000001f469e778af sp=0x0000002c92ffe540 mode 2
Event: 5.557 Thread 0x000001f405b15000 Uncommon trap: trap_request=0xffffff4d fr.pc=0x000001f471da26f8 relative=0x0000000000000058
Event: 5.557 Thread 0x000001f405b15000 Uncommon trap: reason=unstable_if action=reinterpret pc=0x000001f471da26f8 method=com.google.common.base.Objects.equal(Ljava/lang/Object;Ljava/lang/Object;)Z @ 6 c2
Event: 5.557 Thread 0x000001f405b15000 DEOPT PACKING pc=0x000001f471da26f8 sp=0x0000002c92af9dc0
Event: 5.557 Thread 0x000001f405b15000 DEOPT UNPACKING pc=0x000001f469e778af sp=0x0000002c92af9d60 mode 2

Classes redefined (0 events):
No events

Internal exceptions (20 events):
Event: 4.944 Thread 0x000001f4039b0000 Exception <a 'java/lang/NullPointerException'{0x000000008a6fee68}> (0x000000008a6fee68) thrown at [./src/hotspot/share/interpreter/linkResolver.cpp, line 1440]
Event: 5.009 Thread 0x000001f4039b0000 Implicit null exception at 0x000001f471d56588 to 0x000001f471d56d14
Event: 5.059 Thread 0x000001f4039b0000 Exception <a 'java/lang/NoSuchMethodError'{0x0000000089789e88}: 'int java.lang.invoke.DirectMethodHandle$Holder.invokeStatic(java.lang.Object, java.lang.Object, int, java.lang.Object)'> (0x0000000089789e88) thrown at [./src/hotspot/share/interpreter/linkResolver.cpp, line 773]
Event: 5.059 Thread 0x000001f4039b0000 Exception <a 'java/lang/NoSuchMethodError'{0x0000000089790d30}: 'java.lang.Object java.lang.invoke.Invokers$Holder.linkToTargetMethod(java.lang.Object, int, java.lang.Object)'> (0x0000000089790d30) thrown at [./src/hotspot/share/interpreter/linkResolver.cpp, line 773]
Event: 5.085 Thread 0x000001f4039b0000 Exception <a 'sun/nio/fs/WindowsException'{0x00000000896bb2d8}> (0x00000000896bb2d8) thrown at [./src/hotspot/share/prims/jni.cpp, line 615]
Event: 5.086 Thread 0x000001f4039b0000 Exception <a 'sun/nio/fs/WindowsException'{0x00000000896bc3c0}> (0x00000000896bc3c0) thrown at [./src/hotspot/share/prims/jni.cpp, line 615]
Event: 5.086 Thread 0x000001f4039b0000 Exception <a 'sun/nio/fs/WindowsException'{0x00000000896bd4e0}> (0x00000000896bd4e0) thrown at [./src/hotspot/share/prims/jni.cpp, line 615]
Event: 5.086 Thread 0x000001f4039b0000 Exception <a 'sun/nio/fs/WindowsException'{0x00000000896be600}> (0x00000000896be600) thrown at [./src/hotspot/share/prims/jni.cpp, line 615]
Event: 5.255 Thread 0x000001f4039b0000 Exception <a 'java/lang/NoSuchMethodError'{0x0000000087f77390}: 'java.lang.Object java.lang.invoke.Invokers$Holder.linkToTargetMethod(java.lang.Object, int, int, java.lang.Object)'> (0x0000000087f77390) thrown at [./src/hotspot/share/interpreter/linkResolver.cpp, line 773]
Event: 5.284 Thread 0x000001f4039b0000 Implicit null exception at 0x000001f471d7a135 to 0x000001f471d7cdc8
Event: 5.444 Thread 0x000001f404a01000 Exception <a 'java/lang/NoSuchMethodError'{0x000000008b2a2ff8}: <clinit>> (0x000000008b2a2ff8) thrown at [./src/hotspot/share/prims/jni.cpp, line 1362]
Event: 5.445 Thread 0x000001f404a01000 Exception <a 'java/lang/NoSuchMethodError'{0x000000008b2ad480}: <clinit>> (0x000000008b2ad480) thrown at [./src/hotspot/share/prims/jni.cpp, line 1362]
Event: 5.446 Thread 0x000001f404a01000 Exception <a 'java/lang/NoSuchMethodError'{0x000000008b107650}: <clinit>> (0x000000008b107650) thrown at [./src/hotspot/share/prims/jni.cpp, line 1362]
Event: 5.447 Thread 0x000001f404a01000 Exception <a 'java/lang/NoSuchMethodError'{0x000000008b14d078}: <clinit>> (0x000000008b14d078) thrown at [./src/hotspot/share/prims/jni.cpp, line 1362]
Event: 5.447 Thread 0x000001f404a01000 Exception <a 'java/lang/NoSuchMethodError'{0x000000008b14e5b0}: <clinit>> (0x000000008b14e5b0) thrown at [./src/hotspot/share/prims/jni.cpp, line 1362]
Event: 5.460 Thread 0x000001f4047fd000 Exception <a 'java/lang/NoSuchMethodError'{0x000000008afa18a8}: <clinit>> (0x000000008afa18a8) thrown at [./src/hotspot/share/prims/jni.cpp, line 1362]
Event: 5.462 Thread 0x000001f4047fd000 Exception <a 'java/lang/NoSuchMethodError'{0x000000008afe3668}: <clinit>> (0x000000008afe3668) thrown at [./src/hotspot/share/prims/jni.cpp, line 1362]
Event: 5.463 Thread 0x000001f4047fd000 Exception <a 'java/lang/NoSuchMethodError'{0x000000008affc8f0}: <clinit>> (0x000000008affc8f0) thrown at [./src/hotspot/share/prims/jni.cpp, line 1362]
Event: 5.480 Thread 0x000001f404a01000 Exception <a 'java/lang/NoSuchMethodError'{0x000000008ac08650}: <clinit>> (0x000000008ac08650) thrown at [./src/hotspot/share/prims/jni.cpp, line 1362]
Event: 5.492 Thread 0x000001f405b15000 Exception <a 'java/lang/NoSuchMethodError'{0x000000008acb8710}: 'java.lang.Object java.lang.invoke.Invokers$Holder.linkToTargetMethod(java.lang.Object, java.lang.Object, java.lang.Object, int, java.lang.Object, java.lang.Object)'> (0x000000008acb8710) thrown at [./src/hotspot/share/interpreter/linkResolver.cpp, line 773]

Events (20 events):
Event: 5.547 loading class org/gradle/internal/component/model/IvyArtifactName
Event: 5.547 loading class org/gradle/internal/component/model/IvyArtifactName done
Event: 5.555 Executing VM operation: RevokeBias
Event: 5.555 Executing VM operation: RevokeBias done
Event: 5.555 Executing VM operation: RevokeBias
Event: 5.555 Executing VM operation: RevokeBias done
Event: 5.573 Executing VM operation: RevokeBias
Event: 5.573 Executing VM operation: RevokeBias done
Event: 5.573 Executing VM operation: RevokeBias
Event: 5.574 Executing VM operation: RevokeBias done
Event: 5.574 loading class org/gradle/api/internal/artifacts/ivyservice/resolveengine/excludes/specs/ExcludeSpec
Event: 5.574 loading class org/gradle/api/internal/artifacts/ivyservice/resolveengine/excludes/specs/ExcludeSpec done
Event: 5.574 loading class org/gradle/api/internal/artifacts/ivyservice/resolveengine/graph/builder/EdgeState
Event: 5.574 loading class org/gradle/api/internal/artifacts/ivyservice/resolveengine/graph/builder/EdgeState done
Event: 5.574 loading class org/gradle/api/internal/artifacts/ivyservice/resolveengine/excludes/specs/ExcludeSpec
Event: 5.574 loading class org/gradle/api/internal/artifacts/ivyservice/resolveengine/excludes/specs/ExcludeSpec done
Event: 5.580 loading class org/gradle/internal/component/external/model/AbstractMutableModuleComponentResolveMetadata$DependencyConstraintImpl
Event: 5.580 loading class org/gradle/internal/component/external/model/AbstractMutableModuleComponentResolveMetadata$DependencyConstraintImpl done
Event: 5.581 loading class org/gradle/internal/component/external/model/ComponentVariant$DependencyConstraint
Event: 5.581 loading class org/gradle/internal/component/external/model/ComponentVariant$DependencyConstraint done


Dynamic libraries:
0x00007ff78b620000 - 0x00007ff78b62a000 	C:\Program Files\Android\Android Studio\jre\bin\java.exe
0x00007ff99e340000 - 0x00007ff99e547000 	C:\Windows\SYSTEM32\ntdll.dll
0x00007ff99dbf0000 - 0x00007ff99dcad000 	C:\Windows\System32\KERNEL32.DLL
0x00007ff99bba0000 - 0x00007ff99bf14000 	C:\Windows\System32\KERNELBASE.dll
0x00007ff99b9e0000 - 0x00007ff99baf1000 	C:\Windows\System32\ucrtbase.dll
0x00007ff9942a0000 - 0x00007ff9942b9000 	C:\Program Files\Android\Android Studio\jre\bin\jli.dll
0x00007ff992880000 - 0x00007ff992897000 	C:\Program Files\Android\Android Studio\jre\bin\VCRUNTIME140.dll
0x00007ff99ca60000 - 0x00007ff99cc0c000 	C:\Windows\System32\USER32.dll
0x00007ff98c7e0000 - 0x00007ff98ca85000 	C:\Windows\WinSxS\amd64_microsoft.windows.common-controls_6595b64144ccf1df_6.0.22000.120_none_9d947278b86cc467\COMCTL32.dll
0x00007ff99b9b0000 - 0x00007ff99b9d6000 	C:\Windows\System32\win32u.dll
0x00007ff99c1d0000 - 0x00007ff99c273000 	C:\Windows\System32\msvcrt.dll
0x00007ff99dcb0000 - 0x00007ff99dcd9000 	C:\Windows\System32\GDI32.dll
0x00007ff99b890000 - 0x00007ff99b9a2000 	C:\Windows\System32\gdi32full.dll
0x00007ff99bb00000 - 0x00007ff99bb9d000 	C:\Windows\System32\msvcp_win.dll
0x00007ff99c880000 - 0x00007ff99c8b1000 	C:\Windows\System32\IMM32.DLL
0x00007ff971eb0000 - 0x00007ff971f4d000 	C:\Program Files\Android\Android Studio\jre\bin\msvcp140.dll
0x00007ff967790000 - 0x00007ff96825f000 	C:\Program Files\Android\Android Studio\jre\bin\server\jvm.dll
0x00007ff99d910000 - 0x00007ff99d9bc000 	C:\Windows\System32\ADVAPI32.dll
0x00007ff99c660000 - 0x00007ff99c6fd000 	C:\Windows\System32\sechost.dll
0x00007ff99c920000 - 0x00007ff99ca41000 	C:\Windows\System32\RPCRT4.dll
0x00007ff99e130000 - 0x00007ff99e138000 	C:\Windows\System32\PSAPI.DLL
0x00007ff996060000 - 0x00007ff996093000 	C:\Windows\SYSTEM32\WINMM.dll
0x00007ff998b50000 - 0x00007ff998b59000 	C:\Windows\SYSTEM32\WSOCK32.dll
0x00007ff9950f0000 - 0x00007ff9950fa000 	C:\Windows\SYSTEM32\VERSION.dll
0x00007ff99da20000 - 0x00007ff99da8f000 	C:\Windows\System32\WS2_32.dll
0x00007ff99a940000 - 0x00007ff99a958000 	C:\Windows\SYSTEM32\kernel.appcore.dll
0x00007ff998b30000 - 0x00007ff998b41000 	C:\Program Files\Android\Android Studio\jre\bin\verify.dll
0x00007ff98eb40000 - 0x00007ff98ed61000 	C:\Windows\SYSTEM32\DBGHELP.DLL
0x00007ff988ea0000 - 0x00007ff988ed1000 	C:\Windows\SYSTEM32\dbgcore.DLL
0x00007ff99bf20000 - 0x00007ff99bf9f000 	C:\Windows\System32\bcryptPrimitives.dll
0x00007ff992a10000 - 0x00007ff992a39000 	C:\Program Files\Android\Android Studio\jre\bin\java.dll
0x00007ff997a50000 - 0x00007ff997a5b000 	C:\Program Files\Android\Android Studio\jre\bin\jimage.dll
0x00007ff9976d0000 - 0x00007ff9976e8000 	C:\Program Files\Android\Android Studio\jre\bin\zip.dll
0x00007ff99cc10000 - 0x00007ff99d3be000 	C:\Windows\System32\SHELL32.dll
0x00007ff9999c0000 - 0x00007ff99a227000 	C:\Windows\SYSTEM32\windows.storage.dll
0x00007ff99ddb0000 - 0x00007ff99e128000 	C:\Windows\System32\combase.dll
0x00007ff999850000 - 0x00007ff9999b6000 	C:\Windows\SYSTEM32\wintypes.dll
0x00007ff99c790000 - 0x00007ff99c87a000 	C:\Windows\System32\SHCORE.dll
0x00007ff99c8c0000 - 0x00007ff99c91d000 	C:\Windows\System32\shlwapi.dll
0x00007ff99b750000 - 0x00007ff99b771000 	C:\Windows\SYSTEM32\profapi.dll
0x00007ff993d10000 - 0x00007ff993d2a000 	C:\Program Files\Android\Android Studio\jre\bin\net.dll
0x00007ff996160000 - 0x00007ff99626c000 	C:\Windows\SYSTEM32\WINHTTP.dll
0x00007ff99ad50000 - 0x00007ff99adb7000 	C:\Windows\system32\mswsock.dll
0x00007ff9929f0000 - 0x00007ff992a04000 	C:\Program Files\Android\Android Studio\jre\bin\nio.dll
0x00007ff98b270000 - 0x00007ff98b297000 	C:\Users\NeHaL\.gradle\native\8bec1ad78214c89d9ad589b4d07fe93259594b29d510b10fafb7a158f7737e5d\windows-amd64\native-platform.dll
0x00007ff9695d0000 - 0x00007ff96970d000 	C:\Users\NeHaL\.gradle\native\53dbd7edfb1c66fb8903c78663c9afc45aea4f116125fa6feffd364cf09443e8\windows-amd64\native-platform-file-events.dll
0x00007ff994f40000 - 0x00007ff994f4a000 	C:\Program Files\Android\Android Studio\jre\bin\management.dll
0x00007ff993ce0000 - 0x00007ff993cec000 	C:\Program Files\Android\Android Studio\jre\bin\management_ext.dll
0x00007ff99af90000 - 0x00007ff99afa8000 	C:\Windows\SYSTEM32\CRYPTSP.dll
0x00007ff99a8a0000 - 0x00007ff99a8d5000 	C:\Windows\system32\rsaenh.dll
0x00007ff99ae40000 - 0x00007ff99ae69000 	C:\Windows\SYSTEM32\USERENV.dll
0x00007ff99b110000 - 0x00007ff99b137000 	C:\Windows\SYSTEM32\bcrypt.dll
0x00007ff99afb0000 - 0x00007ff99afbc000 	C:\Windows\SYSTEM32\CRYPTBASE.dll
0x00007ff99a480000 - 0x00007ff99a4ad000 	C:\Windows\SYSTEM32\IPHLPAPI.DLL
0x00007ff99db70000 - 0x00007ff99db79000 	C:\Windows\System32\NSI.dll
0x00007ff995a40000 - 0x00007ff995a59000 	C:\Windows\SYSTEM32\dhcpcsvc6.DLL
0x00007ff996d30000 - 0x00007ff996d4e000 	C:\Windows\SYSTEM32\dhcpcsvc.DLL
0x00007ff99a4b0000 - 0x00007ff99a597000 	C:\Windows\SYSTEM32\DNSAPI.dll

dbghelp: loaded successfully - version: 4.0.5 - missing functions: none
symbol engine: initialized successfully - sym options: 0x614 - pdb path: .;C:\Program Files\Android\Android Studio\jre\bin;C:\Windows\SYSTEM32;C:\Windows\WinSxS\amd64_microsoft.windows.common-controls_6595b64144ccf1df_6.0.22000.120_none_9d947278b86cc467;C:\Program Files\Android\Android Studio\jre\bin\server;C:\Users\NeHaL\.gradle\native\8bec1ad78214c89d9ad589b4d07fe93259594b29d510b10fafb7a158f7737e5d\windows-amd64;C:\Users\NeHaL\.gradle\native\53dbd7edfb1c66fb8903c78663c9afc45aea4f116125fa6feffd364cf09443e8\windows-amd64

VM Arguments:
jvm_args: --add-opens=java.base/java.util=ALL-UNNAMED --add-opens=java.base/java.lang=ALL-UNNAMED --add-opens=java.base/java.lang.invoke=ALL-UNNAMED --add-opens=java.base/java.util=ALL-UNNAMED --add-opens=java.prefs/java.util.prefs=ALL-UNNAMED --add-opens=java.prefs/java.util.prefs=ALL-UNNAMED --add-opens=java.base/java.nio.charset=ALL-UNNAMED --add-opens=java.base/java.net=ALL-UNNAMED --add-opens=java.base/java.util.concurrent.atomic=ALL-UNNAMED -Xmx2048m -Dfile.encoding=UTF-8 -Duser.country=IN -Duser.language=en -Duser.variant 
java_command: org.gradle.launcher.daemon.bootstrap.GradleDaemon 7.0.2
java_class_path (initial): C:\Users\NeHaL\.gradle\wrapper\dists\gradle-7.0.2-bin\857tjihv64xamwrf0h14cai3r\gradle-7.0.2\lib\gradle-launcher-7.0.2.jar
Launcher Type: SUN_STANDARD

[Global flags]
     intx CICompilerCount                          = 4                                         {product} {ergonomic}
     uint ConcGCThreads                            = 3                                         {product} {ergonomic}
     uint G1ConcRefinementThreads                  = 10                                        {product} {ergonomic}
   size_t G1HeapRegionSize                         = 1048576                                   {product} {ergonomic}
    uintx GCDrainStackTargetSize                   = 64                                        {product} {ergonomic}
   size_t InitialHeapSize                          = 134217728                                 {product} {ergonomic}
   size_t MarkStackSize                            = 4194304                                   {product} {ergonomic}
   size_t MaxHeapSize                              = 2147483648                                {product} {command line}
   size_t MaxNewSize                               = 1287651328                                {product} {ergonomic}
   size_t MinHeapDeltaBytes                        = 1048576                                   {product} {ergonomic}
    uintx NonNMethodCodeHeapSize                   = 5836300                                {pd product} {ergonomic}
    uintx NonProfiledCodeHeapSize                  = 122910970                              {pd product} {ergonomic}
    uintx ProfiledCodeHeapSize                     = 122910970                              {pd product} {ergonomic}
    uintx ReservedCodeCacheSize                    = 251658240                              {pd product} {ergonomic}
     bool SegmentedCodeCache                       = true                                      {product} {ergonomic}
     bool UseCompressedClassPointers               = true                                 {lp64_product} {ergonomic}
     bool UseCompressedOops                        = true                                 {lp64_product} {ergonomic}
     bool UseG1GC                                  = true                                      {product} {ergonomic}
     bool UseLargePagesIndividualAllocation        = false                                  {pd product} {ergonomic}

Logging:
Log output configuration:
 #0: stdout all=warning uptime,level,tags
 #1: stderr all=off uptime,level,tags

Environment Variables:
PATH=C:\Program Files (x86)\Common Files\Intel\Shared Libraries\redist\intel64\compiler;C:\Program Files\Common Files\Oracle\Java\javapath;C:\Windows\system32;C:\Windows;C:\Windows\System32\Wbem;C:\Windows\System32\WindowsPowerShell\v1.0\;C:\Windows\System32\OpenSSH\;C:\Program Files\NVIDIA Corporation\NVIDIA NvDLISR;C:\Program Files (x86)\NVIDIA Corporation\PhysX\Common;C:\Program Files\nodejs\;C:\ProgramData\chocolatey\bin;C:\Program Files\Git\cmd;C:\Program Files\Cloudflare\Cloudflare WARP;C:\Users\NeHaL\AppData\Local\Microsoft\WindowsApps;C:\Program Files\JetBrains\IntelliJ IDEA Community Edition 2021.2.2\bin;;C:\Program Files\JetBrains\PyCharm Community Edition 2021.2.2\bin;;C:\Users\NeHaL\AppData\Local\Programs\Microsoft VS Code\bin;C:\Users\NeHaL\AppData\Roaming\npm;C:\Program Files\MongoDB\Server\5.0\bin;
USERNAME=NeHaL
OS=Windows_NT
PROCESSOR_IDENTIFIER=AMD64 Family 23 Model 113 Stepping 0, AuthenticAMD



---------------  S Y S T E M  ---------------

OS: Windows 10 , 64 bit Build 22000 (10.0.22000.318)
OS uptime: 0 days 0:43 hours

CPU:total 12 (initial active 12) (12 cores per cpu, 2 threads per core) family 23 model 113 stepping 0 microcode 0x0, cmov, cx8, fxsr, mmx, sse, sse2, sse3, ssse3, sse4.1, sse4.2, popcnt, avx, avx2, aes, clmul, mmxext, 3dnowpref, lzcnt, sse4a, ht, tsc, tscinvbit, tscinv, bmi1, bmi2, adx,

Memory: 4k page, system-wide physical 8144M (1767M free)
TotalPageFile size 8144M (AvailPageFile size 20M)
current process WorkingSet (physical memory assigned to process): 414M, peak: 428M
current process commit charge ("private bytes"): 456M, peak: 471M

vm_info: OpenJDK 64-Bit Server VM (11.0.10+0-b96-7249189) for windows-amd64 JRE (11.0.10+0-b96-7249189), built on Mar 31 2021 21:44:00 by "builder" with MS VC++ 14.0 (VS2015)

END.
