#
# There is insufficient memory for the Java Runtime Environment to continue.
# Native memory allocation (malloc) failed to allocate 1214256 bytes for Chunk::new
# Possible reasons:
#   The system is out of physical RAM or swap space
#   The process is running with CompressedOops enabled, and the Java Heap may be blocking the growth of the native heap
# Possible solutions:
#   Reduce memory load on the system
#   Increase physical memory or swap space
#   Check if swap backing store is full
#   Decrease Java heap size (-Xmx/-Xms)
#   Decrease number of Java threads
#   Decrease Java thread stack sizes (-Xss)
#   Set larger code cache with -XX:ReservedCodeCacheSize=
#   JVM is running with Unscaled Compressed Oops mode in which the Java heap is
#     placed in the first 4GB address space. The Java Heap base address is the
#     maximum limit for the native heap growth. Please use -XX:HeapBaseMinAddress
#     to set the Java Heap base and to place the Java Heap above 4GB virtual address.
# This output file may be truncated or incomplete.
#
#  Out of Memory Error (./src/hotspot/share/memory/arena.cpp:197), pid=1396, tid=3020
#
# JRE version: OpenJDK Runtime Environment (11.0.10) (build 11.0.10+0-b96-7249189)
# Java VM: OpenJDK 64-Bit Server VM (11.0.10+0-b96-7249189, mixed mode, tiered, compressed oops, g1 gc, windows-amd64)
# No core dump will be written. Minidumps are not enabled by default on client versions of Windows
#

---------------  S U M M A R Y ------------

Command Line: --add-opens=java.base/java.util=ALL-UNNAMED --add-opens=java.base/java.lang=ALL-UNNAMED --add-opens=java.base/java.lang.invoke=ALL-UNNAMED --add-opens=java.base/java.util=ALL-UNNAMED --add-opens=java.prefs/java.util.prefs=ALL-UNNAMED --add-opens=java.prefs/java.util.prefs=ALL-UNNAMED --add-opens=java.base/java.nio.charset=ALL-UNNAMED --add-opens=java.base/java.net=ALL-UNNAMED --add-opens=java.base/java.util.concurrent.atomic=ALL-UNNAMED -Xmx2048m -Dfile.encoding=UTF-8 -Duser.country=IN -Duser.language=en -Duser.variant org.gradle.launcher.daemon.bootstrap.GradleDaemon 7.0.2

Host: AMD Ryzen 5 3600 6-Core Processor              , 12 cores, 7G,  Windows 10 , 64 bit Build 22000 (10.0.22000.318)
Time: Mon Dec 27 23:39:51 2021 India Standard Time elapsed time: 3.651348 seconds (0d 0h 0m 3s)

---------------  T H R E A D  ---------------

Current thread (0x00000166156af000):  JavaThread "C2 CompilerThread2" daemon [_thread_in_native, id=3020, stack(0x0000002190900000,0x0000002190a00000)]


Current CompileTask:
C2:   3651 5319       4       java.net.URLClassLoader$1::run (5 bytes)

Stack: [0x0000002190900000,0x0000002190a00000]
Native frames: (J=compiled Java code, j=interpreted, Vv=VM code, C=native code)
V  [jvm.dll+0x5ecfaa]
V  [jvm.dll+0x722bd5]
V  [jvm.dll+0x72412d]
V  [jvm.dll+0x7247e3]
V  [jvm.dll+0x242928]
V  [jvm.dll+0xbc4fc]
V  [jvm.dll+0xbca0c]
V  [jvm.dll+0x352d7d]
V  [jvm.dll+0x197e0c]
V  [jvm.dll+0x1fb70e]
V  [jvm.dll+0x1fa7f4]
V  [jvm.dll+0x18354c]
V  [jvm.dll+0x208ee7]
V  [jvm.dll+0x207731]
V  [jvm.dll+0x6eb1cf]
V  [jvm.dll+0x6e3d45]
V  [jvm.dll+0x5ebe96]
C  [ucrtbase.dll+0x26c0c]
C  [KERNEL32.DLL+0x154e0]
C  [ntdll.dll+0x485b]


---------------  P R O C E S S  ---------------

Threads class SMR info:
_java_thread_list=0x000001661aee7110, length=59, elements={
0x000001667747d800, 0x000001667ed4f000, 0x000001667ed52800, 0x000001667ed69000,
0x000001667ed6a000, 0x000001667ed6c800, 0x000001667ed70000, 0x000001667ed76800,
0x000001667f6ce000, 0x000001667f815800, 0x000001661421b000, 0x000001667fa78000,
0x0000016614a05800, 0x0000016615b09800, 0x00000166145b0800, 0x00000166148b1800,
0x00000166151c8800, 0x000001661598c800, 0x000001661545a000, 0x000001661545b800,
0x0000016615969000, 0x0000016615458800, 0x0000016615456800, 0x000001661545a800,
0x000001661545c800, 0x000001661545d000, 0x0000016615459000, 0x0000016615457800,
0x0000016615f3b800, 0x0000016615f3a000, 0x0000016615f3c800, 0x0000016615f3d000,
0x0000016615f3e000, 0x0000016615f39000, 0x0000016615f3f000, 0x0000016615f3f800,
0x0000016615f40800, 0x0000016615f3a800, 0x00000166156af000, 0x0000016615f47000,
0x0000016615f43000, 0x0000016615f43800, 0x0000016615f45800, 0x0000016615f44800,
0x0000016615f41000, 0x0000016617fea000, 0x0000016617fe9000, 0x0000016617fe8800,
0x0000016617fe7800, 0x0000016617feb800, 0x0000016617feb000, 0x0000016617fe6000,
0x0000016617fec800, 0x0000016617fe6800, 0x0000016617fed000, 0x0000016617ff0800,
0x0000016617ff2000, 0x0000016617fef000, 0x0000016617fef800
}

Java Threads: ( => current thread )
  0x000001667747d800 JavaThread "main" [_thread_blocked, id=6724, stack(0x000000218d000000,0x000000218d100000)]
  0x000001667ed4f000 JavaThread "Reference Handler" daemon [_thread_blocked, id=6776, stack(0x000000218d700000,0x000000218d800000)]
  0x000001667ed52800 JavaThread "Finalizer" daemon [_thread_blocked, id=11612, stack(0x000000218d800000,0x000000218d900000)]
  0x000001667ed69000 JavaThread "Signal Dispatcher" daemon [_thread_blocked, id=9452, stack(0x000000218d900000,0x000000218da00000)]
  0x000001667ed6a000 JavaThread "Attach Listener" daemon [_thread_blocked, id=7800, stack(0x000000218da00000,0x000000218db00000)]
  0x000001667ed6c800 JavaThread "Service Thread" daemon [_thread_blocked, id=9416, stack(0x000000218db00000,0x000000218dc00000)]
  0x000001667ed70000 JavaThread "C2 CompilerThread0" daemon [_thread_in_native, id=13696, stack(0x000000218dc00000,0x000000218dd00000)]
  0x000001667ed76800 JavaThread "C1 CompilerThread0" daemon [_thread_in_native, id=15120, stack(0x000000218dd00000,0x000000218de00000)]
  0x000001667f6ce000 JavaThread "Sweeper thread" daemon [_thread_blocked, id=11440, stack(0x000000218de00000,0x000000218df00000)]
  0x000001667f815800 JavaThread "Common-Cleaner" daemon [_thread_blocked, id=15000, stack(0x000000218df00000,0x000000218e000000)]
  0x000001661421b000 JavaThread "Daemon health stats" [_thread_blocked, id=13512, stack(0x000000218e500000,0x000000218e600000)]
  0x000001667fa78000 JavaThread "Incoming local TCP Connector on port 52786" [_thread_in_native, id=15296, stack(0x000000218e100000,0x000000218e200000)]
  0x0000016614a05800 JavaThread "Daemon periodic checks" [_thread_blocked, id=6400, stack(0x000000218e200000,0x000000218e300000)]
  0x0000016615b09800 JavaThread "Daemon" [_thread_blocked, id=13840, stack(0x000000218e600000,0x000000218e700000)]
  0x00000166145b0800 JavaThread "Handler for socket connection from /127.0.0.1:52786 to /127.0.0.1:52787" [_thread_in_native, id=14660, stack(0x000000218e700000,0x000000218e800000)]
  0x00000166148b1800 JavaThread "Cancel handler" [_thread_blocked, id=4932, stack(0x000000218e800000,0x000000218e900000)]
  0x00000166151c8800 JavaThread "Daemon worker" [_thread_in_Java, id=3312, stack(0x000000218e900000,0x000000218ea00000)]
  0x000001661598c800 JavaThread "Asynchronous log dispatcher for DefaultDaemonConnection: socket connection from /127.0.0.1:52786 to /127.0.0.1:52787" [_thread_blocked, id=12056, stack(0x000000218ea00000,0x000000218eb00000)]
  0x000001661545a000 JavaThread "Stdin handler" [_thread_blocked, id=11072, stack(0x000000218eb00000,0x000000218ec00000)]
  0x000001661545b800 JavaThread "Daemon client event forwarder" [_thread_blocked, id=10928, stack(0x000000218ec00000,0x000000218ed00000)]
  0x0000016615969000 JavaThread "C2 CompilerThread1" daemon [_thread_in_native, id=8552, stack(0x000000218ed00000,0x000000218ee00000)]
  0x0000016615458800 JavaThread "Cache worker for file hash cache (C:\Users\NeHaL\.gradle\caches\7.0.2\fileHashes)" [_thread_blocked, id=8304, stack(0x000000218f600000,0x000000218f700000)]
  0x0000016615456800 JavaThread "File lock request listener" [_thread_in_native, id=1744, stack(0x000000218f700000,0x000000218f800000)]
  0x000001661545a800 JavaThread "Cache worker for journal cache (C:\Users\NeHaL\.gradle\caches\journal-1)" [_thread_blocked, id=10732, stack(0x000000218fa00000,0x000000218fb00000)]
  0x000001661545c800 JavaThread "Cache worker for file hash cache (C:\Users\NeHaL\AndroidStudioProjects\SmartTourApp\.gradle\7.0.2\fileHashes)" [_thread_blocked, id=11188, stack(0x000000218fb00000,0x000000218fc00000)]
  0x000001661545d000 JavaThread "File watcher server" daemon [_thread_in_native, id=13620, stack(0x000000218fc00000,0x000000218fd00000)]
  0x0000016615459000 JavaThread "File watcher consumer" daemon [_thread_blocked, id=13972, stack(0x000000218fd00000,0x000000218fe00000)]
  0x0000016615457800 JavaThread "jar transforms" [_thread_blocked, id=7872, stack(0x000000218fe00000,0x000000218ff00000)]
  0x0000016615f3b800 JavaThread "jar transforms Thread 2" [_thread_blocked, id=1292, stack(0x000000218ff00000,0x0000002190000000)]
  0x0000016615f3a000 JavaThread "jar transforms Thread 3" [_thread_blocked, id=10304, stack(0x0000002190000000,0x0000002190100000)]
  0x0000016615f3c800 JavaThread "jar transforms Thread 4" [_thread_blocked, id=1076, stack(0x0000002190100000,0x0000002190200000)]
  0x0000016615f3d000 JavaThread "jar transforms Thread 5" [_thread_blocked, id=7228, stack(0x0000002190200000,0x0000002190300000)]
  0x0000016615f3e000 JavaThread "jar transforms Thread 6" [_thread_blocked, id=3056, stack(0x0000002190300000,0x0000002190400000)]
  0x0000016615f39000 JavaThread "jar transforms Thread 7" [_thread_blocked, id=14808, stack(0x0000002190400000,0x0000002190500000)]
  0x0000016615f3f000 JavaThread "jar transforms Thread 8" [_thread_blocked, id=2408, stack(0x0000002190500000,0x0000002190600000)]
  0x0000016615f3f800 JavaThread "jar transforms Thread 9" [_thread_blocked, id=1508, stack(0x0000002190600000,0x0000002190700000)]
  0x0000016615f40800 JavaThread "jar transforms Thread 10" [_thread_blocked, id=12048, stack(0x0000002190700000,0x0000002190800000)]
  0x0000016615f3a800 JavaThread "jar transforms Thread 11" [_thread_blocked, id=13720, stack(0x0000002190800000,0x0000002190900000)]
=>0x00000166156af000 JavaThread "C2 CompilerThread2" daemon [_thread_in_native, id=3020, stack(0x0000002190900000,0x0000002190a00000)]
  0x0000016615f47000 JavaThread "jar transforms Thread 12" [_thread_blocked, id=2212, stack(0x0000002190a00000,0x0000002190b00000)]
  0x0000016615f43000 JavaThread "Cache worker for checksums cache (C:\Users\NeHaL\AndroidStudioProjects\SmartTourApp\.gradle\checksums)" [_thread_blocked, id=4228, stack(0x0000002190b00000,0x0000002190c00000)]
  0x0000016615f43800 JavaThread "Cache worker for cache directory md-supplier (C:\Users\NeHaL\.gradle\caches\7.0.2\md-supplier)" [_thread_blocked, id=11068, stack(0x0000002190c00000,0x0000002190d00000)]
  0x0000016615f45800 JavaThread "Cache worker for cache directory md-rule (C:\Users\NeHaL\.gradle\caches\7.0.2\md-rule)" [_thread_blocked, id=4952, stack(0x0000002190d00000,0x0000002190e00000)]
  0x0000016615f44800 JavaThread "Cache worker for execution history cache (C:\Users\NeHaL\.gradle\caches\7.0.2\executionHistory)" [_thread_blocked, id=7644, stack(0x0000002190e00000,0x0000002190f00000)]
  0x0000016615f41000 JavaThread "Cache worker for file content cache (C:\Users\NeHaL\.gradle\caches\7.0.2\fileContent)" [_thread_blocked, id=13792, stack(0x0000002190f00000,0x0000002191000000)]
  0x0000016617fea000 JavaThread "Cache worker for dependencies-accessors (C:\Users\NeHaL\AndroidStudioProjects\SmartTourApp\.gradle\7.0.2\dependencies-accessors)" [_thread_blocked, id=14804, stack(0x0000002191000000,0x0000002191100000)]
  0x0000016617fe9000 JavaThread "Cache worker for Build Output Cleanup Cache (C:\Users\NeHaL\AndroidStudioProjects\SmartTourApp\.gradle\buildOutputCleanup)" [_thread_blocked, id=7600, stack(0x0000002191100000,0x0000002191200000)]
  0x0000016617fe8800 JavaThread "Build operations" [_thread_blocked, id=5656, stack(0x0000002191200000,0x0000002191300000)]
  0x0000016617fe7800 JavaThread "Build operations Thread 2" [_thread_blocked, id=10024, stack(0x0000002191300000,0x0000002191400000)]
  0x0000016617feb800 JavaThread "Build operations Thread 3" [_thread_blocked, id=11928, stack(0x0000002191400000,0x0000002191500000)]
  0x0000016617feb000 JavaThread "Build operations Thread 4" [_thread_blocked, id=8988, stack(0x0000002191500000,0x0000002191600000)]
  0x0000016617fe6000 JavaThread "Build operations Thread 5" [_thread_blocked, id=9084, stack(0x0000002191600000,0x0000002191700000)]
  0x0000016617fec800 JavaThread "Build operations Thread 6" [_thread_blocked, id=1764, stack(0x0000002191700000,0x0000002191800000)]
  0x0000016617fe6800 JavaThread "Build operations Thread 7" [_thread_blocked, id=5732, stack(0x0000002191800000,0x0000002191900000)]
  0x0000016617fed000 JavaThread "Build operations Thread 8" [_thread_blocked, id=7364, stack(0x0000002191900000,0x0000002191a00000)]
  0x0000016617ff0800 JavaThread "Build operations Thread 9" [_thread_blocked, id=13000, stack(0x0000002191a00000,0x0000002191b00000)]
  0x0000016617ff2000 JavaThread "Build operations Thread 10" [_thread_blocked, id=2836, stack(0x0000002191b00000,0x0000002191c00000)]
  0x0000016617fef000 JavaThread "Build operations Thread 11" [_thread_blocked, id=4368, stack(0x0000002191c00000,0x0000002191d00000)]
  0x0000016617fef800 JavaThread "Build operations Thread 12" [_thread_blocked, id=4444, stack(0x0000002191d00000,0x0000002191e00000)]

Other Threads:
  0x000001667ed49000 VMThread "VM Thread" [stack: 0x000000218d600000,0x000000218d700000] [id=8816]
  0x000001667f82a800 WatcherThread [stack: 0x000000218e000000,0x000000218e100000] [id=8704]
  0x0000016677497800 GCTaskThread "GC Thread#0" [stack: 0x000000218d100000,0x000000218d200000] [id=13548]
  0x0000016613a1b000 GCTaskThread "GC Thread#1" [stack: 0x000000218e300000,0x000000218e400000] [id=10288]
  0x0000016613596800 GCTaskThread "GC Thread#2" [stack: 0x000000218e400000,0x000000218e500000] [id=6372]
  0x00000166146a9000 GCTaskThread "GC Thread#3" [stack: 0x000000218ee00000,0x000000218ef00000] [id=6472]
  0x0000016614d8e800 GCTaskThread "GC Thread#4" [stack: 0x000000218ef00000,0x000000218f000000] [id=14552]
  0x0000016614b65000 GCTaskThread "GC Thread#5" [stack: 0x000000218f000000,0x000000218f100000] [id=6044]
  0x000001661550b000 GCTaskThread "GC Thread#6" [stack: 0x000000218f100000,0x000000218f200000] [id=10320]
  0x000001661550c000 GCTaskThread "GC Thread#7" [stack: 0x000000218f200000,0x000000218f300000] [id=4164]
  0x00000166146e2800 GCTaskThread "GC Thread#8" [stack: 0x000000218f300000,0x000000218f400000] [id=13144]
  0x00000166146e3800 GCTaskThread "GC Thread#9" [stack: 0x000000218f400000,0x000000218f500000] [id=10472]
  0x00000166774c7800 ConcurrentGCThread "G1 Main Marker" [stack: 0x000000218d200000,0x000000218d300000] [id=11216]
  0x00000166774ca000 ConcurrentGCThread "G1 Conc#0" [stack: 0x000000218d300000,0x000000218d400000] [id=3216]
  0x0000016615180000 ConcurrentGCThread "G1 Conc#1" [stack: 0x000000218f800000,0x000000218f900000] [id=6648]
  0x0000016615186000 ConcurrentGCThread "G1 Conc#2" [stack: 0x000000218f900000,0x000000218fa00000] [id=13096]
  0x000001667eb98800 ConcurrentGCThread "G1 Refine#0" [stack: 0x000000218d400000,0x000000218d500000] [id=2404]
  0x00000166148df000 ConcurrentGCThread "G1 Refine#1" [stack: 0x000000218f500000,0x000000218f600000] [id=7604]
  0x000001667eb9a800 ConcurrentGCThread "G1 Young RemSet Sampling" [stack: 0x000000218d500000,0x000000218d600000] [id=1984]

Threads with active compile tasks:
C2 CompilerThread0   3659 5511       4       groovyjarjarantlr4.v4.runtime.atn.ParserATNSimulator::closure (784 bytes)
C2 CompilerThread1   3659 5408   !   4       java.net.URLClassLoader$1::run (63 bytes)
C2 CompilerThread2   3660 5319       4       java.net.URLClassLoader$1::run (5 bytes)

VM state:not at safepoint (normal execution)

VM Mutex/Monitor currently owned by a thread: None

Heap address: 0x0000000080000000, size: 2048 MB, Compressed Oops mode: 32-bit
Narrow klass base: 0x0000000000000000, Narrow klass shift: 3
Compressed class space size: 1073741824 Address: 0x0000000100000000

Heap:
 garbage-first heap   total 157696K, used 69950K [0x0000000080000000, 0x0000000100000000)
  region size 1024K, 11 young (11264K), 8 survivors (8192K)
 Metaspace       used 52115K, capacity 53708K, committed 54016K, reserved 1095680K
  class space    used 6801K, capacity 7357K, committed 7424K, reserved 1048576K
Heap Regions: E=young(eden), S=young(survivor), O=old, HS=humongous(starts), HC=humongous(continues), CS=collection set, F=free, A=archive, TAMS=top-at-mark-start (previous, next)
|   0|0x0000000080000000, 0x0000000080100000, 0x0000000080100000|100%| O|  |TAMS 0x0000000080100000, 0x0000000080000000| Untracked 
|   1|0x0000000080100000, 0x0000000080200000, 0x0000000080200000|100%| O|  |TAMS 0x0000000080200000, 0x0000000080100000| Untracked 
|   2|0x0000000080200000, 0x0000000080300000, 0x0000000080300000|100%| O|  |TAMS 0x0000000080300000, 0x0000000080200000| Untracked 
|   3|0x0000000080300000, 0x0000000080400000, 0x0000000080400000|100%|HS|  |TAMS 0x0000000080400000, 0x0000000080300000| Complete 
|   4|0x0000000080400000, 0x0000000080500000, 0x0000000080500000|100%|HC|  |TAMS 0x0000000080500000, 0x0000000080400000| Complete 
|   5|0x0000000080500000, 0x0000000080600000, 0x0000000080600000|100%|HC|  |TAMS 0x0000000080600000, 0x0000000080500000| Complete 
|   6|0x0000000080600000, 0x0000000080700000, 0x0000000080700000|100%| O|  |TAMS 0x0000000080700000, 0x0000000080600000| Untracked 
|   7|0x0000000080700000, 0x0000000080800000, 0x0000000080800000|100%| O|  |TAMS 0x0000000080800000, 0x0000000080700000| Untracked 
|   8|0x0000000080800000, 0x0000000080900000, 0x0000000080900000|100%| O|  |TAMS 0x0000000080900000, 0x0000000080800000| Untracked 
|   9|0x0000000080900000, 0x0000000080a00000, 0x0000000080a00000|100%| O|  |TAMS 0x0000000080a00000, 0x0000000080900000| Untracked 
|  10|0x0000000080a00000, 0x0000000080b00000, 0x0000000080b00000|100%| O|  |TAMS 0x0000000080b00000, 0x0000000080a00000| Untracked 
|  11|0x0000000080b00000, 0x0000000080c00000, 0x0000000080c00000|100%| O|  |TAMS 0x0000000080c00000, 0x0000000080b00000| Untracked 
|  12|0x0000000080c00000, 0x0000000080d00000, 0x0000000080d00000|100%| O|  |TAMS 0x0000000080d00000, 0x0000000080c00000| Untracked 
|  13|0x0000000080d00000, 0x0000000080e00000, 0x0000000080e00000|100%| O|  |TAMS 0x0000000080e00000, 0x0000000080d00000| Untracked 
|  14|0x0000000080e00000, 0x0000000080f00000, 0x0000000080f00000|100%| O|  |TAMS 0x0000000080f00000, 0x0000000080e00000| Untracked 
|  15|0x0000000080f00000, 0x0000000081000000, 0x0000000081000000|100%| O|  |TAMS 0x0000000081000000, 0x0000000080f00000| Untracked 
|  16|0x0000000081000000, 0x0000000081100000, 0x0000000081100000|100%|HS|  |TAMS 0x0000000081100000, 0x0000000081000000| Complete 
|  17|0x0000000081100000, 0x0000000081200000, 0x0000000081200000|100%|HC|  |TAMS 0x0000000081200000, 0x0000000081100000| Complete 
|  18|0x0000000081200000, 0x0000000081300000, 0x0000000081300000|100%|HS|  |TAMS 0x0000000081300000, 0x0000000081200000| Complete 
|  19|0x0000000081300000, 0x0000000081400000, 0x0000000081400000|100%|HC|  |TAMS 0x0000000081400000, 0x0000000081300000| Complete 
|  20|0x0000000081400000, 0x0000000081500000, 0x0000000081500000|100%|HC|  |TAMS 0x0000000081500000, 0x0000000081400000| Complete 
|  21|0x0000000081500000, 0x0000000081600000, 0x0000000081600000|100%|HS|  |TAMS 0x0000000081600000, 0x0000000081500000| Complete 
|  22|0x0000000081600000, 0x0000000081700000, 0x0000000081700000|100%|HC|  |TAMS 0x0000000081700000, 0x0000000081600000| Complete 
|  23|0x0000000081700000, 0x0000000081800000, 0x0000000081800000|100%|HC|  |TAMS 0x0000000081800000, 0x0000000081700000| Complete 
|  24|0x0000000081800000, 0x0000000081900000, 0x0000000081900000|100%|HC|  |TAMS 0x0000000081900000, 0x0000000081800000| Complete 
|  25|0x0000000081900000, 0x0000000081a00000, 0x0000000081a00000|100%|HC|  |TAMS 0x0000000081a00000, 0x0000000081900000| Complete 
|  26|0x0000000081a00000, 0x0000000081b00000, 0x0000000081b00000|100%| O|  |TAMS 0x0000000081b00000, 0x0000000081a00000| Untracked 
|  27|0x0000000081b00000, 0x0000000081c00000, 0x0000000081c00000|100%| O|  |TAMS 0x0000000081c00000, 0x0000000081b00000| Untracked 
|  28|0x0000000081c00000, 0x0000000081d00000, 0x0000000081d00000|100%| O|  |TAMS 0x0000000081d00000, 0x0000000081c00000| Untracked 
|  29|0x0000000081d00000, 0x0000000081e00000, 0x0000000081e00000|100%| O|  |TAMS 0x0000000081e00000, 0x0000000081d00000| Untracked 
|  30|0x0000000081e00000, 0x0000000081f00000, 0x0000000081f00000|100%| O|  |TAMS 0x0000000081f00000, 0x0000000081e00000| Untracked 
|  31|0x0000000081f00000, 0x0000000082000000, 0x0000000082000000|100%| O|  |TAMS 0x0000000082000000, 0x0000000081f00000| Untracked 
|  32|0x0000000082000000, 0x0000000082100000, 0x0000000082100000|100%| O|  |TAMS 0x00000000820e7800, 0x0000000082000000| Untracked 
|  33|0x0000000082100000, 0x0000000082200000, 0x0000000082200000|100%|HS|  |TAMS 0x0000000082100000, 0x0000000082100000| Complete 
|  34|0x0000000082200000, 0x0000000082300000, 0x0000000082300000|100%|HC|  |TAMS 0x0000000082200000, 0x0000000082200000| Complete 
|  35|0x0000000082300000, 0x0000000082400000, 0x0000000082400000|100%|HC|  |TAMS 0x0000000082300000, 0x0000000082300000| Complete 
|  36|0x0000000082400000, 0x0000000082500000, 0x0000000082500000|100%|HC|  |TAMS 0x0000000082400000, 0x0000000082400000| Complete 
|  37|0x0000000082500000, 0x0000000082600000, 0x0000000082600000|100%|HC|  |TAMS 0x0000000082500000, 0x0000000082500000| Complete 
|  38|0x0000000082600000, 0x0000000082700000, 0x0000000082700000|100%|HS|  |TAMS 0x0000000082600000, 0x0000000082600000| Complete 
|  39|0x0000000082700000, 0x0000000082800000, 0x0000000082800000|100%|HC|  |TAMS 0x0000000082700000, 0x0000000082700000| Complete 
|  40|0x0000000082800000, 0x0000000082900000, 0x0000000082900000|100%|HC|  |TAMS 0x0000000082800000, 0x0000000082800000| Complete 
|  41|0x0000000082900000, 0x0000000082a00000, 0x0000000082a00000|100%| O|  |TAMS 0x0000000082900000, 0x0000000082900000| Untracked 
|  42|0x0000000082a00000, 0x0000000082b00000, 0x0000000082b00000|100%| O|  |TAMS 0x0000000082a00000, 0x0000000082a00000| Untracked 
|  43|0x0000000082b00000, 0x0000000082c00000, 0x0000000082c00000|100%| O|  |TAMS 0x0000000082b00000, 0x0000000082b00000| Untracked 
|  44|0x0000000082c00000, 0x0000000082d00000, 0x0000000082d00000|100%| O|  |TAMS 0x0000000082c00000, 0x0000000082c00000| Untracked 
|  45|0x0000000082d00000, 0x0000000082e00000, 0x0000000082e00000|100%| O|  |TAMS 0x0000000082d00000, 0x0000000082d00000| Untracked 
|  46|0x0000000082e00000, 0x0000000082f00000, 0x0000000082f00000|100%| O|  |TAMS 0x0000000082e00000, 0x0000000082e00000| Untracked 
|  47|0x0000000082f00000, 0x0000000083000000, 0x0000000083000000|100%| O|  |TAMS 0x0000000082f00000, 0x0000000082f00000| Untracked 
|  48|0x0000000083000000, 0x0000000083100000, 0x0000000083100000|100%| O|  |TAMS 0x0000000083000000, 0x0000000083000000| Untracked 
|  49|0x0000000083100000, 0x0000000083200000, 0x0000000083200000|100%| O|  |TAMS 0x0000000083100000, 0x0000000083100000| Untracked 
|  50|0x0000000083200000, 0x0000000083300000, 0x0000000083300000|100%| O|  |TAMS 0x0000000083200000, 0x0000000083200000| Untracked 
|  51|0x0000000083300000, 0x0000000083400000, 0x0000000083400000|100%|HS|  |TAMS 0x0000000083300000, 0x0000000083300000| Complete 
|  52|0x0000000083400000, 0x0000000083500000, 0x0000000083500000|100%|HS|  |TAMS 0x0000000083400000, 0x0000000083400000| Complete 
|  53|0x0000000083500000, 0x0000000083600000, 0x0000000083600000|100%|HS|  |TAMS 0x0000000083500000, 0x0000000083500000| Complete 
|  54|0x0000000083600000, 0x0000000083700000, 0x0000000083700000|100%|HC|  |TAMS 0x0000000083600000, 0x0000000083600000| Complete 
|  55|0x0000000083700000, 0x0000000083800000, 0x0000000083800000|100%| O|  |TAMS 0x0000000083700000, 0x0000000083700000| Untracked 
|  56|0x0000000083800000, 0x0000000083900000, 0x0000000083900000|100%| O|  |TAMS 0x0000000083800000, 0x0000000083800000| Untracked 
|  57|0x0000000083900000, 0x0000000083a00000, 0x0000000083a00000|100%| O|  |TAMS 0x0000000083900000, 0x0000000083900000| Untracked 
|  58|0x0000000083a00000, 0x0000000083a4f800, 0x0000000083b00000| 31%| O|  |TAMS 0x0000000083a00000, 0x0000000083a00000| Untracked 
|  59|0x0000000083b00000, 0x0000000083b00000, 0x0000000083c00000|  0%| F|  |TAMS 0x0000000083b00000, 0x0000000083b00000| Untracked 
|  60|0x0000000083c00000, 0x0000000083c00000, 0x0000000083d00000|  0%| F|  |TAMS 0x0000000083c00000, 0x0000000083c00000| Untracked 
|  61|0x0000000083d00000, 0x0000000083d00000, 0x0000000083e00000|  0%| F|  |TAMS 0x0000000083d00000, 0x0000000083d00000| Untracked 
|  62|0x0000000083e00000, 0x0000000083e00000, 0x0000000083f00000|  0%| F|  |TAMS 0x0000000083e00000, 0x0000000083e00000| Untracked 
|  63|0x0000000083f00000, 0x0000000083f00000, 0x0000000084000000|  0%| F|  |TAMS 0x0000000083f00000, 0x0000000083f00000| Untracked 
|  64|0x0000000084000000, 0x0000000084000000, 0x0000000084100000|  0%| F|  |TAMS 0x0000000084000000, 0x0000000084000000| Untracked 
|  65|0x0000000084100000, 0x0000000084100000, 0x0000000084200000|  0%| F|  |TAMS 0x0000000084100000, 0x0000000084100000| Untracked 
|  66|0x0000000084200000, 0x0000000084200000, 0x0000000084300000|  0%| F|  |TAMS 0x0000000084200000, 0x0000000084200000| Untracked 
|  67|0x0000000084300000, 0x0000000084300000, 0x0000000084400000|  0%| F|  |TAMS 0x0000000084300000, 0x0000000084300000| Untracked 
|  68|0x0000000084400000, 0x0000000084400000, 0x0000000084500000|  0%| F|  |TAMS 0x0000000084400000, 0x0000000084400000| Untracked 
|  69|0x0000000084500000, 0x0000000084500000, 0x0000000084600000|  0%| F|  |TAMS 0x0000000084500000, 0x0000000084500000| Untracked 
|  70|0x0000000084600000, 0x0000000084600000, 0x0000000084700000|  0%| F|  |TAMS 0x0000000084600000, 0x0000000084600000| Untracked 
|  71|0x0000000084700000, 0x0000000084700000, 0x0000000084800000|  0%| F|  |TAMS 0x0000000084700000, 0x0000000084700000| Untracked 
|  72|0x0000000084800000, 0x0000000084800000, 0x0000000084900000|  0%| F|  |TAMS 0x0000000084800000, 0x0000000084800000| Untracked 
|  73|0x0000000084900000, 0x0000000084900000, 0x0000000084a00000|  0%| F|  |TAMS 0x0000000084900000, 0x0000000084900000| Untracked 
|  74|0x0000000084a00000, 0x0000000084a00000, 0x0000000084b00000|  0%| F|  |TAMS 0x0000000084a00000, 0x0000000084a00000| Untracked 
|  75|0x0000000084b00000, 0x0000000084b00000, 0x0000000084c00000|  0%| F|  |TAMS 0x0000000084b00000, 0x0000000084b00000| Untracked 
|  76|0x0000000084c00000, 0x0000000084c00000, 0x0000000084d00000|  0%| F|  |TAMS 0x0000000084c00000, 0x0000000084c00000| Untracked 
|  77|0x0000000084d00000, 0x0000000084d00000, 0x0000000084e00000|  0%| F|  |TAMS 0x0000000084d00000, 0x0000000084d00000| Untracked 
|  78|0x0000000084e00000, 0x0000000084e00000, 0x0000000084f00000|  0%| F|  |TAMS 0x0000000084e00000, 0x0000000084e00000| Untracked 
|  79|0x0000000084f00000, 0x0000000084f00000, 0x0000000085000000|  0%| F|  |TAMS 0x0000000084f00000, 0x0000000084f00000| Untracked 
|  80|0x0000000085000000, 0x0000000085000000, 0x0000000085100000|  0%| F|  |TAMS 0x0000000085000000, 0x0000000085000000| Untracked 
|  81|0x0000000085100000, 0x0000000085100000, 0x0000000085200000|  0%| F|  |TAMS 0x0000000085100000, 0x0000000085100000| Untracked 
|  82|0x0000000085200000, 0x0000000085200000, 0x0000000085300000|  0%| F|  |TAMS 0x0000000085200000, 0x0000000085200000| Untracked 
|  83|0x0000000085300000, 0x0000000085400000, 0x0000000085400000|100%| S|CS|TAMS 0x0000000085300000, 0x0000000085300000| Complete 
|  84|0x0000000085400000, 0x0000000085500000, 0x0000000085500000|100%| S|CS|TAMS 0x0000000085400000, 0x0000000085400000| Complete 
|  85|0x0000000085500000, 0x0000000085600000, 0x0000000085600000|100%| S|CS|TAMS 0x0000000085500000, 0x0000000085500000| Complete 
|  86|0x0000000085600000, 0x0000000085700000, 0x0000000085700000|100%| S|CS|TAMS 0x0000000085600000, 0x0000000085600000| Complete 
|  87|0x0000000085700000, 0x0000000085800000, 0x0000000085800000|100%| S|CS|TAMS 0x0000000085700000, 0x0000000085700000| Complete 
|  88|0x0000000085800000, 0x0000000085900000, 0x0000000085900000|100%| S|CS|TAMS 0x0000000085800000, 0x0000000085800000| Complete 
|  89|0x0000000085900000, 0x0000000085a00000, 0x0000000085a00000|100%| S|CS|TAMS 0x0000000085900000, 0x0000000085900000| Complete 
|  90|0x0000000085a00000, 0x0000000085a00000, 0x0000000085b00000|  0%| F|  |TAMS 0x0000000085a00000, 0x0000000085a00000| Untracked 
|  91|0x0000000085b00000, 0x0000000085b00000, 0x0000000085c00000|  0%| F|  |TAMS 0x0000000085b00000, 0x0000000085b00000| Untracked 
|  92|0x0000000085c00000, 0x0000000085c00000, 0x0000000085d00000|  0%| F|  |TAMS 0x0000000085c00000, 0x0000000085c00000| Untracked 
|  93|0x0000000085d00000, 0x0000000085d00000, 0x0000000085e00000|  0%| F|  |TAMS 0x0000000085d00000, 0x0000000085d00000| Untracked 
|  94|0x0000000085e00000, 0x0000000085f00000, 0x0000000085f00000|100%| S|CS|TAMS 0x0000000085e00000, 0x0000000085e00000| Complete 
|  95|0x0000000085f00000, 0x0000000085f00000, 0x0000000086000000|  0%| F|  |TAMS 0x0000000085f00000, 0x0000000085f00000| Untracked 
|  96|0x0000000086000000, 0x0000000086000000, 0x0000000086100000|  0%| F|  |TAMS 0x0000000086000000, 0x0000000086000000| Untracked 
|  97|0x0000000086100000, 0x0000000086100000, 0x0000000086200000|  0%| F|  |TAMS 0x0000000086100000, 0x0000000086100000| Untracked 
|  98|0x0000000086200000, 0x0000000086200000, 0x0000000086300000|  0%| F|  |TAMS 0x0000000086200000, 0x0000000086200000| Untracked 
|  99|0x0000000086300000, 0x0000000086300000, 0x0000000086400000|  0%| F|  |TAMS 0x0000000086300000, 0x0000000086300000| Untracked 
| 100|0x0000000086400000, 0x0000000086400000, 0x0000000086500000|  0%| F|  |TAMS 0x0000000086400000, 0x0000000086400000| Untracked 
| 101|0x0000000086500000, 0x0000000086500000, 0x0000000086600000|  0%| F|  |TAMS 0x0000000086500000, 0x0000000086500000| Untracked 
| 102|0x0000000086600000, 0x0000000086600000, 0x0000000086700000|  0%| F|  |TAMS 0x0000000086600000, 0x0000000086600000| Untracked 
| 103|0x0000000086700000, 0x0000000086700000, 0x0000000086800000|  0%| F|  |TAMS 0x0000000086700000, 0x0000000086700000| Untracked 
| 104|0x0000000086800000, 0x0000000086800000, 0x0000000086900000|  0%| F|  |TAMS 0x0000000086800000, 0x0000000086800000| Untracked 
| 105|0x0000000086900000, 0x0000000086900000, 0x0000000086a00000|  0%| F|  |TAMS 0x0000000086900000, 0x0000000086900000| Untracked 
| 106|0x0000000086a00000, 0x0000000086a00000, 0x0000000086b00000|  0%| F|  |TAMS 0x0000000086a00000, 0x0000000086a00000| Untracked 
| 107|0x0000000086b00000, 0x0000000086b00000, 0x0000000086c00000|  0%| F|  |TAMS 0x0000000086b00000, 0x0000000086b00000| Untracked 
| 108|0x0000000086c00000, 0x0000000086c00000, 0x0000000086d00000|  0%| F|  |TAMS 0x0000000086c00000, 0x0000000086c00000| Untracked 
| 109|0x0000000086d00000, 0x0000000086d00000, 0x0000000086e00000|  0%| F|  |TAMS 0x0000000086d00000, 0x0000000086d00000| Untracked 
| 110|0x0000000086e00000, 0x0000000086e00000, 0x0000000086f00000|  0%| F|  |TAMS 0x0000000086e00000, 0x0000000086e00000| Untracked 
| 111|0x0000000086f00000, 0x0000000086f00000, 0x0000000087000000|  0%| F|  |TAMS 0x0000000086f00000, 0x0000000086f00000| Untracked 
| 112|0x0000000087000000, 0x0000000087000000, 0x0000000087100000|  0%| F|  |TAMS 0x0000000087000000, 0x0000000087000000| Untracked 
| 113|0x0000000087100000, 0x0000000087100000, 0x0000000087200000|  0%| F|  |TAMS 0x0000000087100000, 0x0000000087100000| Untracked 
| 114|0x0000000087200000, 0x0000000087200000, 0x0000000087300000|  0%| F|  |TAMS 0x0000000087200000, 0x0000000087200000| Untracked 
| 115|0x0000000087300000, 0x0000000087300000, 0x0000000087400000|  0%| F|  |TAMS 0x0000000087300000, 0x0000000087300000| Untracked 
| 116|0x0000000087400000, 0x0000000087400000, 0x0000000087500000|  0%| F|  |TAMS 0x0000000087400000, 0x0000000087400000| Untracked 
| 117|0x0000000087500000, 0x0000000087500000, 0x0000000087600000|  0%| F|  |TAMS 0x0000000087500000, 0x0000000087500000| Untracked 
| 118|0x0000000087600000, 0x0000000087600000, 0x0000000087700000|  0%| F|  |TAMS 0x0000000087600000, 0x0000000087600000| Untracked 
| 119|0x0000000087700000, 0x0000000087700000, 0x0000000087800000|  0%| F|  |TAMS 0x0000000087700000, 0x0000000087700000| Untracked 
| 120|0x0000000087800000, 0x0000000087800000, 0x0000000087900000|  0%| F|  |TAMS 0x0000000087800000, 0x0000000087800000| Untracked 
| 121|0x0000000087900000, 0x0000000087900000, 0x0000000087a00000|  0%| F|  |TAMS 0x0000000087900000, 0x0000000087900000| Untracked 
| 122|0x0000000087a00000, 0x0000000087a00000, 0x0000000087b00000|  0%| F|  |TAMS 0x0000000087a00000, 0x0000000087a00000| Untracked 
| 123|0x0000000087b00000, 0x0000000087b00000, 0x0000000087c00000|  0%| F|  |TAMS 0x0000000087b00000, 0x0000000087b00000| Untracked 
| 124|0x0000000087c00000, 0x0000000087c00000, 0x0000000087d00000|  0%| F|  |TAMS 0x0000000087c00000, 0x0000000087c00000| Untracked 
| 125|0x0000000087d00000, 0x0000000087d00000, 0x0000000087e00000|  0%| F|  |TAMS 0x0000000087d00000, 0x0000000087d00000| Untracked 
| 126|0x0000000087e00000, 0x0000000087e00000, 0x0000000087f00000|  0%| F|  |TAMS 0x0000000087e00000, 0x0000000087e00000| Untracked 
| 127|0x0000000087f00000, 0x0000000087f00000, 0x0000000088000000|  0%| F|  |TAMS 0x0000000087f00000, 0x0000000087f00000| Untracked 
| 128|0x0000000088000000, 0x0000000088000000, 0x0000000088100000|  0%| F|  |TAMS 0x0000000088000000, 0x0000000088000000| Untracked 
| 129|0x0000000088100000, 0x0000000088100000, 0x0000000088200000|  0%| F|  |TAMS 0x0000000088100000, 0x0000000088100000| Untracked 
| 130|0x0000000088200000, 0x0000000088200000, 0x0000000088300000|  0%| F|  |TAMS 0x0000000088200000, 0x0000000088200000| Untracked 
| 131|0x0000000088300000, 0x0000000088300000, 0x0000000088400000|  0%| F|  |TAMS 0x0000000088300000, 0x0000000088300000| Untracked 
| 132|0x0000000088400000, 0x0000000088400000, 0x0000000088500000|  0%| F|  |TAMS 0x0000000088400000, 0x0000000088400000| Untracked 
| 133|0x0000000088500000, 0x0000000088500000, 0x0000000088600000|  0%| F|  |TAMS 0x0000000088500000, 0x0000000088500000| Untracked 
| 134|0x0000000088600000, 0x0000000088600000, 0x0000000088700000|  0%| F|  |TAMS 0x0000000088600000, 0x0000000088600000| Untracked 
| 135|0x0000000088700000, 0x0000000088700000, 0x0000000088800000|  0%| F|  |TAMS 0x0000000088700000, 0x0000000088700000| Untracked 
| 136|0x0000000088800000, 0x0000000088800000, 0x0000000088900000|  0%| F|  |TAMS 0x0000000088800000, 0x0000000088800000| Untracked 
| 137|0x0000000088900000, 0x0000000088900000, 0x0000000088a00000|  0%| F|  |TAMS 0x0000000088900000, 0x0000000088900000| Untracked 
| 138|0x0000000088a00000, 0x0000000088a00000, 0x0000000088b00000|  0%| F|  |TAMS 0x0000000088a00000, 0x0000000088a00000| Untracked 
| 139|0x0000000088b00000, 0x0000000088b00000, 0x0000000088c00000|  0%| F|  |TAMS 0x0000000088b00000, 0x0000000088b00000| Untracked 
| 140|0x0000000088c00000, 0x0000000088c00000, 0x0000000088d00000|  0%| F|  |TAMS 0x0000000088c00000, 0x0000000088c00000| Untracked 
| 141|0x0000000088d00000, 0x0000000088d00000, 0x0000000088e00000|  0%| F|  |TAMS 0x0000000088d00000, 0x0000000088d00000| Untracked 
| 142|0x0000000088e00000, 0x0000000088e00000, 0x0000000088f00000|  0%| F|  |TAMS 0x0000000088e00000, 0x0000000088e00000| Untracked 
| 143|0x0000000088f00000, 0x0000000088f00000, 0x0000000089000000|  0%| F|  |TAMS 0x0000000088f00000, 0x0000000088f00000| Untracked 
| 144|0x0000000089000000, 0x0000000089000000, 0x0000000089100000|  0%| F|  |TAMS 0x0000000089000000, 0x0000000089000000| Untracked 
| 145|0x0000000089100000, 0x0000000089100000, 0x0000000089200000|  0%| F|  |TAMS 0x0000000089100000, 0x0000000089100000| Untracked 
| 146|0x0000000089200000, 0x0000000089200000, 0x0000000089300000|  0%| F|  |TAMS 0x0000000089200000, 0x0000000089200000| Untracked 
| 147|0x0000000089300000, 0x0000000089300000, 0x0000000089400000|  0%| F|  |TAMS 0x0000000089300000, 0x0000000089300000| Untracked 
| 148|0x0000000089400000, 0x0000000089400000, 0x0000000089500000|  0%| F|  |TAMS 0x0000000089400000, 0x0000000089400000| Untracked 
| 149|0x0000000089500000, 0x0000000089500000, 0x0000000089600000|  0%| F|  |TAMS 0x0000000089500000, 0x0000000089500000| Untracked 
| 150|0x0000000089600000, 0x0000000089680800, 0x0000000089700000| 50%| E|  |TAMS 0x0000000089600000, 0x0000000089600000| Complete 
| 151|0x0000000089700000, 0x0000000089800000, 0x0000000089800000|100%| E|CS|TAMS 0x0000000089700000, 0x0000000089700000| Complete 
| 152|0x0000000089800000, 0x0000000089900000, 0x0000000089900000|100%| E|CS|TAMS 0x0000000089800000, 0x0000000089800000| Complete 
| 153|0x0000000089900000, 0x0000000089a00000, 0x0000000089a00000|100%| E|CS|TAMS 0x0000000089900000, 0x0000000089900000| Complete 

Card table byte_map: [0x000001667b8c0000,0x000001667bcc0000] _byte_map_base: 0x000001667b4c0000

Marking Bits (Prev, Next): (CMBitMap*) 0x00000166774be9d8, (CMBitMap*) 0x00000166774bea10
 Prev Bits: [0x000001667c0c0000, 0x000001667e0c0000)
 Next Bits: [0x000001660f000000, 0x0000016611000000)

Polling page: 0x0000016675420000

Metaspace:

Usage:
  Non-class:     45.26 MB capacity,    44.26 MB ( 98%) used,   892.93 KB (  2%) free+waste,   139.75 KB ( <1%) overhead. 
      Class:      7.18 MB capacity,     6.64 MB ( 92%) used,   487.70 KB (  7%) free+waste,    67.50 KB ( <1%) overhead. 
       Both:     52.45 MB capacity,    50.90 MB ( 97%) used,     1.35 MB (  3%) free+waste,   207.25 KB ( <1%) overhead. 

Virtual space:
  Non-class space:       46.00 MB reserved,      45.50 MB ( 99%) committed 
      Class space:        1.00 GB reserved,       7.25 MB ( <1%) committed 
             Both:        1.04 GB reserved,      52.75 MB (  5%) committed 

Chunk freelists:
   Non-Class:  49.00 KB
       Class:  3.00 KB
        Both:  52.00 KB

MaxMetaspaceSize: 17179869184.00 GB
CompressedClassSpaceSize: 1.00 GB

CodeHeap 'non-profiled nmethods': size=120000Kb used=3121Kb max_used=3121Kb free=116878Kb
 bounds [0x0000016607ad0000, 0x0000016607de0000, 0x000001660f000000]
CodeHeap 'profiled nmethods': size=120000Kb used=11335Kb max_used=11335Kb free=108664Kb
 bounds [0x00000166005a0000, 0x00000166010c0000, 0x0000016607ad0000]
CodeHeap 'non-nmethods': size=5760Kb used=2223Kb max_used=2263Kb free=3536Kb
 bounds [0x0000016600000000, 0x0000016600270000, 0x00000166005a0000]
 total_blobs=6337 nmethods=5538 adapters=710
 compilation: enabled
              stopped_count=0, restarted_count=0
 full_count=0

Compilation events (20 events):
Event: 3.649 Thread 0x000001667ed76800 nmethod 5493 0x0000016601091e90 code [0x0000016601092200, 0x0000016601093ee8]
Event: 3.649 Thread 0x000001667ed76800 5488       3       groovyjarjarantlr4.v4.runtime.atn.ParserATNSimulator$1::compare (13 bytes)
Event: 3.649 Thread 0x000001667ed76800 nmethod 5488 0x0000016601094590 code [0x0000016601094760, 0x0000016601094a68]
Event: 3.649 Thread 0x000001667ed76800 5489       3       groovyjarjarantlr4.v4.runtime.atn.ParserATNSimulator$1::compare (40 bytes)
Event: 3.649 Thread 0x000001667ed76800 nmethod 5489 0x0000016601094b90 code [0x0000016601094d80, 0x00000166010951b8]
Event: 3.649 Thread 0x000001667ed76800 5494       3       groovyjarjarantlr4.v4.runtime.atn.PredictionContext$IdentityEqualityComparator::hashCode (5 bytes)
Event: 3.649 Thread 0x000001667ed76800 nmethod 5494 0x0000016601095390 code [0x0000016601095540, 0x0000016601095658]
Event: 3.649 Thread 0x000001667ed76800 5490       3       groovyjarjarantlr4.v4.runtime.atn.ATNConfig$SemanticContextATNConfig::<init> (14 bytes)
Event: 3.649 Thread 0x000001667ed76800 nmethod 5490 0x0000016601095710 code [0x00000166010958e0, 0x0000016601095bb8]
Event: 3.649 Thread 0x000001667ed76800 5491       3       groovyjarjarantlr4.v4.runtime.misc.FlexibleHashMap::getBucket (21 bytes)
Event: 3.649 Thread 0x000001667ed76800 nmethod 5491 0x0000016601095d10 code [0x0000016601095ec0, 0x00000166010960a8]
Event: 3.649 Thread 0x000001667ed76800 5497       3       groovyjarjarantlr4.v4.runtime.misc.FlexibleHashMap::put (157 bytes)
Event: 3.650 Thread 0x000001667ed76800 nmethod 5497 0x0000016601096190 code [0x0000016601096460, 0x0000016601097688]
Event: 3.650 Thread 0x000001667ed76800 5496       3       groovyjarjarantlr4.v4.runtime.misc.FlexibleHashMap::get (85 bytes)
Event: 3.650 Thread 0x000001667ed76800 nmethod 5496 0x0000016601097c10 code [0x0000016601097ea0, 0x0000016601098b58]
Event: 3.650 Thread 0x000001667ed76800 5492       3       groovyjarjarantlr4.v4.runtime.atn.PredictionContext$IdentityEqualityComparator::hashCode (9 bytes)
Event: 3.650 Thread 0x000001667ed76800 nmethod 5492 0x0000016601099010 code [0x00000166010991e0, 0x0000016601099438]
Event: 3.650 Thread 0x000001667ed76800 5503       3       groovyjarjarantlr4.v4.runtime.atn.ATNConfigSet$ATNConfigSetIterator::next (5 bytes)
Event: 3.650 Thread 0x000001667ed76800 nmethod 5503 0x0000016601099510 code [0x00000166010996c0, 0x00000166010997e8]
Event: 3.650 Thread 0x000001667ed76800 5504       3       groovyjarjarantlr4.v4.runtime.atn.ATNConfigSet$ATNConfigSetIterator::next (48 bytes)

GC Heap History (20 events):
Event: 0.420 GC heap before
{Heap before GC invocations=0 (full 0):
 garbage-first heap   total 131072K, used 29696K [0x0000000080000000, 0x0000000100000000)
  region size 1024K, 24 young (24576K), 0 survivors (0K)
 Metaspace       used 10193K, capacity 10363K, committed 10624K, reserved 1058816K
  class space    used 1064K, capacity 1141K, committed 1152K, reserved 1048576K
}
Event: 0.424 GC heap after
{Heap after GC invocations=1 (full 0):
 garbage-first heap   total 131072K, used 9229K [0x0000000080000000, 0x0000000100000000)
  region size 1024K, 3 young (3072K), 3 survivors (3072K)
 Metaspace       used 10193K, capacity 10363K, committed 10624K, reserved 1058816K
  class space    used 1064K, capacity 1141K, committed 1152K, reserved 1048576K
}
Event: 1.234 GC heap before
{Heap before GC invocations=1 (full 0):
 garbage-first heap   total 131072K, used 83981K [0x0000000080000000, 0x0000000100000000)
  region size 1024K, 76 young (77824K), 3 survivors (3072K)
 Metaspace       used 17824K, capacity 18288K, committed 18432K, reserved 1064960K
  class space    used 2112K, capacity 2251K, committed 2304K, reserved 1048576K
}
Event: 1.238 GC heap after
{Heap after GC invocations=2 (full 0):
 garbage-first heap   total 131072K, used 16251K [0x0000000080000000, 0x0000000100000000)
  region size 1024K, 10 young (10240K), 10 survivors (10240K)
 Metaspace       used 17824K, capacity 18288K, committed 18432K, reserved 1064960K
  class space    used 2112K, capacity 2251K, committed 2304K, reserved 1048576K
}
Event: 1.369 GC heap before
{Heap before GC invocations=2 (full 0):
 garbage-first heap   total 131072K, used 37755K [0x0000000080000000, 0x0000000100000000)
  region size 1024K, 32 young (32768K), 10 survivors (10240K)
 Metaspace       used 20589K, capacity 21091K, committed 21248K, reserved 1067008K
  class space    used 2512K, capacity 2701K, committed 2816K, reserved 1048576K
}
Event: 1.373 GC heap after
{Heap after GC invocations=3 (full 0):
 garbage-first heap   total 131072K, used 16896K [0x0000000080000000, 0x0000000100000000)
  region size 1024K, 1 young (1024K), 1 survivors (1024K)
 Metaspace       used 20589K, capacity 21091K, committed 21248K, reserved 1067008K
  class space    used 2512K, capacity 2701K, committed 2816K, reserved 1048576K
}
Event: 1.680 GC heap before
{Heap before GC invocations=4 (full 0):
 garbage-first heap   total 131072K, used 67072K [0x0000000080000000, 0x0000000100000000)
  region size 1024K, 51 young (52224K), 1 survivors (1024K)
 Metaspace       used 25933K, capacity 26573K, committed 26752K, reserved 1073152K
  class space    used 3397K, capacity 3640K, committed 3712K, reserved 1048576K
}
Event: 1.683 GC heap after
{Heap after GC invocations=5 (full 0):
 garbage-first heap   total 131072K, used 18646K [0x0000000080000000, 0x0000000100000000)
  region size 1024K, 3 young (3072K), 3 survivors (3072K)
 Metaspace       used 25933K, capacity 26573K, committed 26752K, reserved 1073152K
  class space    used 3397K, capacity 3640K, committed 3712K, reserved 1048576K
}
Event: 2.054 GC heap before
{Heap before GC invocations=5 (full 0):
 garbage-first heap   total 131072K, used 86230K [0x0000000080000000, 0x0000000100000000)
  region size 1024K, 59 young (60416K), 3 survivors (3072K)
 Metaspace       used 31429K, capacity 32295K, committed 32512K, reserved 1077248K
  class space    used 4257K, capacity 4564K, committed 4608K, reserved 1048576K
}
Event: 2.057 GC heap after
{Heap after GC invocations=6 (full 0):
 garbage-first heap   total 131072K, used 33685K [0x0000000080000000, 0x0000000100000000)
  region size 1024K, 8 young (8192K), 8 survivors (8192K)
 Metaspace       used 31429K, capacity 32295K, committed 32512K, reserved 1077248K
  class space    used 4257K, capacity 4564K, committed 4608K, reserved 1048576K
}
Event: 2.181 GC heap before
{Heap before GC invocations=6 (full 0):
 garbage-first heap   total 131072K, used 41877K [0x0000000080000000, 0x0000000100000000)
  region size 1024K, 17 young (17408K), 8 survivors (8192K)
 Metaspace       used 34784K, capacity 35715K, committed 35840K, reserved 1081344K
  class space    used 4554K, capacity 4895K, committed 4992K, reserved 1048576K
}
Event: 2.189 GC heap after
{Heap after GC invocations=7 (full 0):
 garbage-first heap   total 131072K, used 35666K [0x0000000080000000, 0x0000000100000000)
  region size 1024K, 2 young (2048K), 2 survivors (2048K)
 Metaspace       used 34784K, capacity 35715K, committed 35840K, reserved 1081344K
  class space    used 4554K, capacity 4895K, committed 4992K, reserved 1048576K
}
Event: 2.535 GC heap before
{Heap before GC invocations=8 (full 0):
 garbage-first heap   total 131072K, used 91986K [0x0000000080000000, 0x0000000100000000)
  region size 1024K, 55 young (56320K), 2 survivors (2048K)
 Metaspace       used 39915K, capacity 41030K, committed 41216K, reserved 1085440K
  class space    used 5131K, capacity 5535K, committed 5632K, reserved 1048576K
}
Event: 2.538 GC heap after
{Heap after GC invocations=9 (full 0):
 garbage-first heap   total 131072K, used 39322K [0x0000000080000000, 0x0000000100000000)
  region size 1024K, 6 young (6144K), 6 survivors (6144K)
 Metaspace       used 39915K, capacity 41030K, committed 41216K, reserved 1085440K
  class space    used 5131K, capacity 5535K, committed 5632K, reserved 1048576K
}
Event: 2.883 GC heap before
{Heap before GC invocations=9 (full 0):
 garbage-first heap   total 131072K, used 101786K [0x0000000080000000, 0x0000000100000000)
  region size 1024K, 59 young (60416K), 6 survivors (6144K)
 Metaspace       used 43975K, capacity 45205K, committed 45440K, reserved 1089536K
  class space    used 5549K, capacity 5981K, committed 6016K, reserved 1048576K
}
Event: 2.888 GC heap after
{Heap after GC invocations=10 (full 0):
 garbage-first heap   total 157696K, used 52127K [0x0000000080000000, 0x0000000100000000)
  region size 1024K, 8 young (8192K), 8 survivors (8192K)
 Metaspace       used 43975K, capacity 45205K, committed 45440K, reserved 1089536K
  class space    used 5549K, capacity 5981K, committed 6016K, reserved 1048576K
}
Event: 3.216 GC heap before
{Heap before GC invocations=10 (full 0):
 garbage-first heap   total 157696K, used 113567K [0x0000000080000000, 0x0000000100000000)
  region size 1024K, 68 young (69632K), 8 survivors (8192K)
 Metaspace       used 47406K, capacity 48831K, committed 48896K, reserved 1091584K
  class space    used 6116K, capacity 6592K, committed 6656K, reserved 1048576K
}
Event: 3.221 GC heap after
{Heap after GC invocations=11 (full 0):
 garbage-first heap   total 157696K, used 56172K [0x0000000080000000, 0x0000000100000000)
  region size 1024K, 4 young (4096K), 4 survivors (4096K)
 Metaspace       used 47406K, capacity 48831K, committed 48896K, reserved 1091584K
  class space    used 6116K, capacity 6592K, committed 6656K, reserved 1048576K
}
Event: 3.622 GC heap before
{Heap before GC invocations=11 (full 0):
 garbage-first heap   total 157696K, used 119660K [0x0000000080000000, 0x0000000100000000)
  region size 1024K, 63 young (64512K), 4 survivors (4096K)
 Metaspace       used 51806K, capacity 53388K, committed 53632K, reserved 1095680K
  class space    used 6776K, capacity 7293K, committed 7296K, reserved 1048576K
}
Event: 3.627 GC heap after
{Heap after GC invocations=12 (full 0):
 garbage-first heap   total 157696K, used 67902K [0x0000000080000000, 0x0000000100000000)
  region size 1024K, 8 young (8192K), 8 survivors (8192K)
 Metaspace       used 51806K, capacity 53388K, committed 53632K, reserved 1095680K
  class space    used 6776K, capacity 7293K, committed 7296K, reserved 1048576K
}

Deoptimization events (20 events):
Event: 3.443 Thread 0x00000166151c8800 DEOPT PACKING pc=0x0000016600636cb4 sp=0x000000218e9f98c0
Event: 3.443 Thread 0x00000166151c8800 DEOPT UNPACKING pc=0x00000166000276ce sp=0x000000218e9f8e10 mode 0
Event: 3.466 Thread 0x00000166151c8800 Uncommon trap: trap_request=0xffffff4d fr.pc=0x0000016607b2f40c relative=0x000000000000138c
Event: 3.466 Thread 0x00000166151c8800 Uncommon trap: reason=unstable_if action=reinterpret pc=0x0000016607b2f40c method=java.util.jar.JarFile.checkForSpecialAttributes()V @ 53 c2
Event: 3.466 Thread 0x00000166151c8800 DEOPT PACKING pc=0x0000016607b2f40c sp=0x000000218e9f0580
Event: 3.466 Thread 0x00000166151c8800 DEOPT UNPACKING pc=0x00000166000278af sp=0x000000218e9f0540 mode 2
Event: 3.481 Thread 0x00000166151c8800 DEOPT PACKING pc=0x0000016600bb8ccc sp=0x000000218e9efc40
Event: 3.481 Thread 0x00000166151c8800 DEOPT UNPACKING pc=0x00000166000276ce sp=0x000000218e9ef1e0 mode 0
Event: 3.482 Thread 0x00000166151c8800 DEOPT PACKING pc=0x000001660065ebae sp=0x000000218e9f0430
Event: 3.482 Thread 0x00000166151c8800 DEOPT UNPACKING pc=0x00000166000276ce sp=0x000000218e9ef8a0 mode 0
Event: 3.488 Thread 0x00000166151c8800 DEOPT PACKING pc=0x000001660065ebae sp=0x000000218e9f0430
Event: 3.488 Thread 0x00000166151c8800 DEOPT UNPACKING pc=0x00000166000276ce sp=0x000000218e9ef8a0 mode 0
Event: 3.501 Thread 0x00000166151c8800 Uncommon trap: trap_request=0xffffffc6 fr.pc=0x0000016607cda304 relative=0x0000000000003b84
Event: 3.501 Thread 0x00000166151c8800 Uncommon trap: reason=bimorphic_or_optimized_type_check action=maybe_recompile pc=0x0000016607cda304 method=java.util.AbstractCollection.addAll(Ljava/util/Collection;)Z @ 29 c2
Event: 3.501 Thread 0x00000166151c8800 DEOPT PACKING pc=0x0000016607cda304 sp=0x000000218e9fbc00
Event: 3.501 Thread 0x00000166151c8800 DEOPT UNPACKING pc=0x00000166000278af sp=0x000000218e9fbc00 mode 2
Event: 3.501 Thread 0x00000166151c8800 Uncommon trap: trap_request=0xffffff4d fr.pc=0x0000016607c0cf84 relative=0x00000000000001c4
Event: 3.501 Thread 0x00000166151c8800 Uncommon trap: reason=unstable_if action=reinterpret pc=0x0000016607c0cf84 method=java.util.HashMap.getNode(ILjava/lang/Object;)Ljava/util/HashMap$Node; @ 53 c2
Event: 3.501 Thread 0x00000166151c8800 DEOPT PACKING pc=0x0000016607c0cf84 sp=0x000000218e9f8d00
Event: 3.501 Thread 0x00000166151c8800 DEOPT UNPACKING pc=0x00000166000278af sp=0x000000218e9f8c70 mode 2

Classes redefined (0 events):
No events

Internal exceptions (20 events):
Event: 3.471 Thread 0x00000166151c8800 Exception <a 'java/security/PrivilegedActionException'{0x00000000874a5ca0}> (0x00000000874a5ca0) thrown at [./src/hotspot/share/prims/jvm.cpp, line 1306]
Event: 3.471 Thread 0x00000166151c8800 Exception <a 'java/security/PrivilegedActionException'{0x00000000874a8c28}> (0x00000000874a8c28) thrown at [./src/hotspot/share/prims/jvm.cpp, line 1306]
Event: 3.471 Thread 0x00000166151c8800 Exception <a 'java/security/PrivilegedActionException'{0x00000000874a9ee8}> (0x00000000874a9ee8) thrown at [./src/hotspot/share/prims/jvm.cpp, line 1306]
Event: 3.472 Thread 0x00000166151c8800 Exception <a 'java/security/PrivilegedActionException'{0x00000000874acdc0}> (0x00000000874acdc0) thrown at [./src/hotspot/share/prims/jvm.cpp, line 1306]
Event: 3.472 Thread 0x00000166151c8800 Exception <a 'java/security/PrivilegedActionException'{0x00000000874ae080}> (0x00000000874ae080) thrown at [./src/hotspot/share/prims/jvm.cpp, line 1306]
Event: 3.472 Thread 0x00000166151c8800 Exception <a 'java/security/PrivilegedActionException'{0x00000000874b0fa8}> (0x00000000874b0fa8) thrown at [./src/hotspot/share/prims/jvm.cpp, line 1306]
Event: 3.472 Thread 0x00000166151c8800 Exception <a 'java/security/PrivilegedActionException'{0x00000000874b2268}> (0x00000000874b2268) thrown at [./src/hotspot/share/prims/jvm.cpp, line 1306]
Event: 3.472 Thread 0x00000166151c8800 Exception <a 'java/security/PrivilegedActionException'{0x00000000874b51f0}> (0x00000000874b51f0) thrown at [./src/hotspot/share/prims/jvm.cpp, line 1306]
Event: 3.472 Thread 0x00000166151c8800 Exception <a 'java/security/PrivilegedActionException'{0x00000000874b64b0}> (0x00000000874b64b0) thrown at [./src/hotspot/share/prims/jvm.cpp, line 1306]
Event: 3.489 Thread 0x00000166151c8800 Exception <a 'java/lang/ClassNotFoundException'{0x0000000086f419c8}: org/gradle/api/tasks/Delete_DecoratedBeanInfo> (0x0000000086f419c8) thrown at [./src/hotspot/share/classfile/systemDictionary.cpp, line 231]
Event: 3.490 Thread 0x00000166151c8800 Exception <a 'java/lang/ClassNotFoundException'{0x0000000086f69ee8}: org/gradle/api/tasks/DeleteBeanInfo> (0x0000000086f69ee8) thrown at [./src/hotspot/share/classfile/systemDictionary.cpp, line 231]
Event: 3.490 Thread 0x00000166151c8800 Exception <a 'java/lang/ClassNotFoundException'{0x0000000086f95418}: org/gradle/api/internal/ConventionTaskBeanInfo> (0x0000000086f95418) thrown at [./src/hotspot/share/classfile/systemDictionary.cpp, line 231]
Event: 3.491 Thread 0x00000166151c8800 Exception <a 'java/lang/ClassNotFoundException'{0x0000000086fbd118}: org/gradle/api/DefaultTaskBeanInfo> (0x0000000086fbd118) thrown at [./src/hotspot/share/classfile/systemDictionary.cpp, line 231]
Event: 3.491 Thread 0x00000166151c8800 Exception <a 'java/lang/ClassNotFoundException'{0x0000000086fe8ea0}: org/gradle/api/internal/AbstractTaskBeanInfo> (0x0000000086fe8ea0) thrown at [./src/hotspot/share/classfile/systemDictionary.cpp, line 231]
Event: 3.491 Thread 0x00000166151c8800 Exception <a 'java/lang/ClassNotFoundException'{0x0000000086e150f0}: org/gradle/api/internal/AbstractTaskCustomizer> (0x0000000086e150f0) thrown at [./src/hotspot/share/classfile/systemDictionary.cpp, line 231]
Event: 3.493 Thread 0x00000166151c8800 Exception <a 'java/lang/ClassNotFoundException'{0x0000000086e85768}: org/gradle/api/DefaultTaskCustomizer> (0x0000000086e85768) thrown at [./src/hotspot/share/classfile/systemDictionary.cpp, line 231]
Event: 3.494 Thread 0x00000166151c8800 Exception <a 'java/lang/ClassNotFoundException'{0x0000000086d05880}: org/gradle/api/internal/ConventionTaskCustomizer> (0x0000000086d05880) thrown at [./src/hotspot/share/classfile/systemDictionary.cpp, line 231]
Event: 3.495 Thread 0x00000166151c8800 Exception <a 'java/lang/ClassNotFoundException'{0x0000000086d3cb08}: org/gradle/api/tasks/DeleteCustomizer> (0x0000000086d3cb08) thrown at [./src/hotspot/share/classfile/systemDictionary.cpp, line 231]
Event: 3.496 Thread 0x00000166151c8800 Exception <a 'java/lang/ClassNotFoundException'{0x0000000086d7aee8}: org/gradle/api/tasks/Delete_DecoratedCustomizer> (0x0000000086d7aee8) thrown at [./src/hotspot/share/classfile/systemDictionary.cpp, line 231]
Event: 3.515 Thread 0x00000166151c8800 Exception <a 'java/lang/NoSuchMethodError'{0x0000000086b4b1c0}: 'void java.lang.invoke.DirectMethodHandle$Holder.invokeVirtual(java.lang.Object, java.lang.Object)'> (0x0000000086b4b1c0) thrown at [./src/hotspot/share/interpreter/linkResolver.cpp, line 773]

Events (20 events):
Event: 3.636 loading class java/util/concurrent/atomic/AtomicIntegerArray
Event: 3.636 loading class java/util/concurrent/atomic/AtomicIntegerArray done
Event: 3.636 loading class java/lang/invoke/VarHandleInts$Array
Event: 3.636 loading class java/lang/invoke/VarHandleInts$Array done
Event: 3.637 loading class groovyjarjarantlr4/v4/runtime/CommonToken
Event: 3.637 loading class groovyjarjarantlr4/v4/runtime/CommonToken done
Event: 3.637 loading class groovyjarjarantlr4/v4/runtime/WritableToken
Event: 3.637 loading class groovyjarjarantlr4/v4/runtime/WritableToken done
Event: 3.637 loading class groovyjarjarantlr4/v4/runtime/atn/PredictionContextCache$PredictionContextAndInt
Event: 3.637 loading class groovyjarjarantlr4/v4/runtime/atn/PredictionContextCache$PredictionContextAndInt done
Event: 3.638 loading class groovyjarjarantlr4/v4/runtime/atn/PredictionContextCache$IdentityCommutativePredictionContextOperands
Event: 3.638 loading class groovyjarjarantlr4/v4/runtime/atn/PredictionContextCache$IdentityCommutativePredictionContextOperands done
Event: 3.647 loading class groovyjarjarantlr4/v4/runtime/atn/SimulatorState
Event: 3.647 loading class groovyjarjarantlr4/v4/runtime/atn/SimulatorState done
Event: 3.648 loading class groovyjarjarantlr4/v4/runtime/atn/LexerActionExecutor
Event: 3.648 loading class groovyjarjarantlr4/v4/runtime/atn/LexerActionExecutor done
Event: 3.650 loading class groovyjarjarantlr4/v4/runtime/atn/LexerIndexedCustomAction
Event: 3.650 loading class groovyjarjarantlr4/v4/runtime/atn/LexerIndexedCustomAction done
Event: 3.650 loading class org/apache/groovy/parser/antlr4/GroovyLexer$Paren
Event: 3.650 loading class org/apache/groovy/parser/antlr4/GroovyLexer$Paren done


Dynamic libraries:
0x00007ff78b620000 - 0x00007ff78b62a000 	C:\Program Files\Android\Android Studio\jre\bin\java.exe
0x00007ff99e340000 - 0x00007ff99e547000 	C:\Windows\SYSTEM32\ntdll.dll
0x00007ff99dbf0000 - 0x00007ff99dcad000 	C:\Windows\System32\KERNEL32.DLL
0x00007ff99bba0000 - 0x00007ff99bf14000 	C:\Windows\System32\KERNELBASE.dll
0x00007ff99b9e0000 - 0x00007ff99baf1000 	C:\Windows\System32\ucrtbase.dll
0x00007ff9942a0000 - 0x00007ff9942b9000 	C:\Program Files\Android\Android Studio\jre\bin\jli.dll
0x00007ff98bcb0000 - 0x00007ff98bcc7000 	C:\Program Files\Android\Android Studio\jre\bin\VCRUNTIME140.dll
0x00007ff99ca60000 - 0x00007ff99cc0c000 	C:\Windows\System32\USER32.dll
0x00007ff98c7e0000 - 0x00007ff98ca85000 	C:\Windows\WinSxS\amd64_microsoft.windows.common-controls_6595b64144ccf1df_6.0.22000.120_none_9d947278b86cc467\COMCTL32.dll
0x00007ff99b9b0000 - 0x00007ff99b9d6000 	C:\Windows\System32\win32u.dll
0x00007ff99c1d0000 - 0x00007ff99c273000 	C:\Windows\System32\msvcrt.dll
0x00007ff99dcb0000 - 0x00007ff99dcd9000 	C:\Windows\System32\GDI32.dll
0x00007ff99b890000 - 0x00007ff99b9a2000 	C:\Windows\System32\gdi32full.dll
0x00007ff99bb00000 - 0x00007ff99bb9d000 	C:\Windows\System32\msvcp_win.dll
0x00007ff99c880000 - 0x00007ff99c8b1000 	C:\Windows\System32\IMM32.DLL
0x00007ff971a00000 - 0x00007ff971a9d000 	C:\Program Files\Android\Android Studio\jre\bin\msvcp140.dll
0x00007ff967790000 - 0x00007ff96825f000 	C:\Program Files\Android\Android Studio\jre\bin\server\jvm.dll
0x00007ff99d910000 - 0x00007ff99d9bc000 	C:\Windows\System32\ADVAPI32.dll
0x00007ff99c660000 - 0x00007ff99c6fd000 	C:\Windows\System32\sechost.dll
0x00007ff99c920000 - 0x00007ff99ca41000 	C:\Windows\System32\RPCRT4.dll
0x00007ff99e130000 - 0x00007ff99e138000 	C:\Windows\System32\PSAPI.DLL
0x00007ff998b50000 - 0x00007ff998b59000 	C:\Windows\SYSTEM32\WSOCK32.dll
0x00007ff996060000 - 0x00007ff996093000 	C:\Windows\SYSTEM32\WINMM.dll
0x00007ff9950f0000 - 0x00007ff9950fa000 	C:\Windows\SYSTEM32\VERSION.dll
0x00007ff99da20000 - 0x00007ff99da8f000 	C:\Windows\System32\WS2_32.dll
0x00007ff99a940000 - 0x00007ff99a958000 	C:\Windows\SYSTEM32\kernel.appcore.dll
0x00007ff998b30000 - 0x00007ff998b41000 	C:\Program Files\Android\Android Studio\jre\bin\verify.dll
0x00007ff98eb40000 - 0x00007ff98ed61000 	C:\Windows\SYSTEM32\DBGHELP.DLL
0x00007ff988ea0000 - 0x00007ff988ed1000 	C:\Windows\SYSTEM32\dbgcore.DLL
0x00007ff99bf20000 - 0x00007ff99bf9f000 	C:\Windows\System32\bcryptPrimitives.dll
0x00007ff992a10000 - 0x00007ff992a39000 	C:\Program Files\Android\Android Studio\jre\bin\java.dll
0x00007ff997a50000 - 0x00007ff997a5b000 	C:\Program Files\Android\Android Studio\jre\bin\jimage.dll
0x00007ff9976d0000 - 0x00007ff9976e8000 	C:\Program Files\Android\Android Studio\jre\bin\zip.dll
0x00007ff99cc10000 - 0x00007ff99d3be000 	C:\Windows\System32\SHELL32.dll
0x00007ff9999c0000 - 0x00007ff99a227000 	C:\Windows\SYSTEM32\windows.storage.dll
0x00007ff99ddb0000 - 0x00007ff99e128000 	C:\Windows\System32\combase.dll
0x00007ff999850000 - 0x00007ff9999b6000 	C:\Windows\SYSTEM32\wintypes.dll
0x00007ff99c790000 - 0x00007ff99c87a000 	C:\Windows\System32\SHCORE.dll
0x00007ff99c8c0000 - 0x00007ff99c91d000 	C:\Windows\System32\shlwapi.dll
0x00007ff99b750000 - 0x00007ff99b771000 	C:\Windows\SYSTEM32\profapi.dll
0x00007ff993d10000 - 0x00007ff993d2a000 	C:\Program Files\Android\Android Studio\jre\bin\net.dll
0x00007ff996160000 - 0x00007ff99626c000 	C:\Windows\SYSTEM32\WINHTTP.dll
0x00007ff99ad50000 - 0x00007ff99adb7000 	C:\Windows\system32\mswsock.dll
0x00007ff9929f0000 - 0x00007ff992a04000 	C:\Program Files\Android\Android Studio\jre\bin\nio.dll
0x00007ff98c630000 - 0x00007ff98c657000 	C:\Users\NeHaL\.gradle\native\8bec1ad78214c89d9ad589b4d07fe93259594b29d510b10fafb7a158f7737e5d\windows-amd64\native-platform.dll
0x00007ff96cb70000 - 0x00007ff96ccad000 	C:\Users\NeHaL\.gradle\native\53dbd7edfb1c66fb8903c78663c9afc45aea4f116125fa6feffd364cf09443e8\windows-amd64\native-platform-file-events.dll
0x00007ff994f40000 - 0x00007ff994f4a000 	C:\Program Files\Android\Android Studio\jre\bin\management.dll
0x00007ff993ce0000 - 0x00007ff993cec000 	C:\Program Files\Android\Android Studio\jre\bin\management_ext.dll
0x00007ff99af90000 - 0x00007ff99afa8000 	C:\Windows\SYSTEM32\CRYPTSP.dll
0x00007ff99a8a0000 - 0x00007ff99a8d5000 	C:\Windows\system32\rsaenh.dll
0x00007ff99ae40000 - 0x00007ff99ae69000 	C:\Windows\SYSTEM32\USERENV.dll
0x00007ff99b110000 - 0x00007ff99b137000 	C:\Windows\SYSTEM32\bcrypt.dll
0x00007ff99afb0000 - 0x00007ff99afbc000 	C:\Windows\SYSTEM32\CRYPTBASE.dll
0x00007ff99a480000 - 0x00007ff99a4ad000 	C:\Windows\SYSTEM32\IPHLPAPI.DLL
0x00007ff99db70000 - 0x00007ff99db79000 	C:\Windows\System32\NSI.dll
0x00007ff995a40000 - 0x00007ff995a59000 	C:\Windows\SYSTEM32\dhcpcsvc6.DLL
0x00007ff996d30000 - 0x00007ff996d4e000 	C:\Windows\SYSTEM32\dhcpcsvc.DLL
0x00007ff99a4b0000 - 0x00007ff99a597000 	C:\Windows\SYSTEM32\DNSAPI.dll

dbghelp: loaded successfully - version: 4.0.5 - missing functions: none
symbol engine: initialized successfully - sym options: 0x614 - pdb path: .;C:\Program Files\Android\Android Studio\jre\bin;C:\Windows\SYSTEM32;C:\Windows\WinSxS\amd64_microsoft.windows.common-controls_6595b64144ccf1df_6.0.22000.120_none_9d947278b86cc467;C:\Program Files\Android\Android Studio\jre\bin\server;C:\Users\NeHaL\.gradle\native\8bec1ad78214c89d9ad589b4d07fe93259594b29d510b10fafb7a158f7737e5d\windows-amd64;C:\Users\NeHaL\.gradle\native\53dbd7edfb1c66fb8903c78663c9afc45aea4f116125fa6feffd364cf09443e8\windows-amd64

VM Arguments:
jvm_args: --add-opens=java.base/java.util=ALL-UNNAMED --add-opens=java.base/java.lang=ALL-UNNAMED --add-opens=java.base/java.lang.invoke=ALL-UNNAMED --add-opens=java.base/java.util=ALL-UNNAMED --add-opens=java.prefs/java.util.prefs=ALL-UNNAMED --add-opens=java.prefs/java.util.prefs=ALL-UNNAMED --add-opens=java.base/java.nio.charset=ALL-UNNAMED --add-opens=java.base/java.net=ALL-UNNAMED --add-opens=java.base/java.util.concurrent.atomic=ALL-UNNAMED -Xmx2048m -Dfile.encoding=UTF-8 -Duser.country=IN -Duser.language=en -Duser.variant 
java_command: org.gradle.launcher.daemon.bootstrap.GradleDaemon 7.0.2
java_class_path (initial): C:\Users\NeHaL\.gradle\wrapper\dists\gradle-7.0.2-bin\857tjihv64xamwrf0h14cai3r\gradle-7.0.2\lib\gradle-launcher-7.0.2.jar
Launcher Type: SUN_STANDARD

[Global flags]
     intx CICompilerCount                          = 4                                         {product} {ergonomic}
     uint ConcGCThreads                            = 3                                         {product} {ergonomic}
     uint G1ConcRefinementThreads                  = 10                                        {product} {ergonomic}
   size_t G1HeapRegionSize                         = 1048576                                   {product} {ergonomic}
    uintx GCDrainStackTargetSize                   = 64                                        {product} {ergonomic}
   size_t InitialHeapSize                          = 134217728                                 {product} {ergonomic}
   size_t MarkStackSize                            = 4194304                                   {product} {ergonomic}
   size_t MaxHeapSize                              = 2147483648                                {product} {command line}
   size_t MaxNewSize                               = 1287651328                                {product} {ergonomic}
   size_t MinHeapDeltaBytes                        = 1048576                                   {product} {ergonomic}
    uintx NonNMethodCodeHeapSize                   = 5836300                                {pd product} {ergonomic}
    uintx NonProfiledCodeHeapSize                  = 122910970                              {pd product} {ergonomic}
    uintx ProfiledCodeHeapSize                     = 122910970                              {pd product} {ergonomic}
    uintx ReservedCodeCacheSize                    = 251658240                              {pd product} {ergonomic}
     bool SegmentedCodeCache                       = true                                      {product} {ergonomic}
     bool UseCompressedClassPointers               = true                                 {lp64_product} {ergonomic}
     bool UseCompressedOops                        = true                                 {lp64_product} {ergonomic}
     bool UseG1GC                                  = true                                      {product} {ergonomic}
     bool UseLargePagesIndividualAllocation        = false                                  {pd product} {ergonomic}

Logging:
Log output configuration:
 #0: stdout all=warning uptime,level,tags
 #1: stderr all=off uptime,level,tags

Environment Variables:
PATH=C:\Program Files (x86)\Common Files\Intel\Shared Libraries\redist\intel64\compiler;C:\Program Files\Common Files\Oracle\Java\javapath;C:\Windows\system32;C:\Windows;C:\Windows\System32\Wbem;C:\Windows\System32\WindowsPowerShell\v1.0\;C:\Windows\System32\OpenSSH\;C:\Program Files\NVIDIA Corporation\NVIDIA NvDLISR;C:\Program Files (x86)\NVIDIA Corporation\PhysX\Common;C:\Program Files\nodejs\;C:\ProgramData\chocolatey\bin;C:\Program Files\Git\cmd;C:\Program Files\Cloudflare\Cloudflare WARP;C:\Users\NeHaL\AppData\Local\Microsoft\WindowsApps;C:\Program Files\JetBrains\IntelliJ IDEA Community Edition 2021.2.2\bin;;C:\Program Files\JetBrains\PyCharm Community Edition 2021.2.2\bin;;C:\Users\NeHaL\AppData\Local\Programs\Microsoft VS Code\bin;C:\Users\NeHaL\AppData\Roaming\npm;C:\Program Files\MongoDB\Server\5.0\bin;
USERNAME=NeHaL
OS=Windows_NT
PROCESSOR_IDENTIFIER=AMD64 Family 23 Model 113 Stepping 0, AuthenticAMD



---------------  S Y S T E M  ---------------

OS: Windows 10 , 64 bit Build 22000 (10.0.22000.318)
OS uptime: 0 days 0:48 hours

CPU:total 12 (initial active 12) (12 cores per cpu, 2 threads per core) family 23 model 113 stepping 0 microcode 0x0, cmov, cx8, fxsr, mmx, sse, sse2, sse3, ssse3, sse4.1, sse4.2, popcnt, avx, avx2, aes, clmul, mmxext, 3dnowpref, lzcnt, sse4a, ht, tsc, tscinvbit, tscinv, bmi1, bmi2, adx,

Memory: 4k page, system-wide physical 8144M (1785M free)
TotalPageFile size 8144M (AvailPageFile size 5M)
current process WorkingSet (physical memory assigned to process): 347M, peak: 348M
current process commit charge ("private bytes"): 392M, peak: 392M

vm_info: OpenJDK 64-Bit Server VM (11.0.10+0-b96-7249189) for windows-amd64 JRE (11.0.10+0-b96-7249189), built on Mar 31 2021 21:44:00 by "builder" with MS VC++ 14.0 (VS2015)

END.
