#
# There is insufficient memory for the Java Runtime Environment to continue.
# Native memory allocation (mmap) failed to map 32505856 bytes for Failed to commit area from 0x0000000089a00000 to 0x000000008b900000 of length 32505856.
# Possible reasons:
#   The system is out of physical RAM or swap space
#   The process is running with CompressedOops enabled, and the Java Heap may be blocking the growth of the native heap
# Possible solutions:
#   Reduce memory load on the system
#   Increase physical memory or swap space
#   Check if swap backing store is full
#   Decrease Java heap size (-Xmx/-Xms)
#   Decrease number of Java threads
#   Decrease Java thread stack sizes (-Xss)
#   Set larger code cache with -XX:ReservedCodeCacheSize=
#   JVM is running with Unscaled Compressed Oops mode in which the Java heap is
#     placed in the first 4GB address space. The Java Heap base address is the
#     maximum limit for the native heap growth. Please use -XX:HeapBaseMinAddress
#     to set the Java Heap base and to place the Java Heap above 4GB virtual address.
# This output file may be truncated or incomplete.
#
#  Out of Memory Error (./src/hotspot/os/windows/os_windows.cpp:3301), pid=8320, tid=9688
#
# JRE version: OpenJDK Runtime Environment (11.0.10) (build 11.0.10+0-b96-7249189)
# Java VM: OpenJDK 64-Bit Server VM (11.0.10+0-b96-7249189, mixed mode, tiered, compressed oops, g1 gc, windows-amd64)
# No core dump will be written. Minidumps are not enabled by default on client versions of Windows
#

---------------  S U M M A R Y ------------

Command Line: --add-opens=java.base/java.util=ALL-UNNAMED --add-opens=java.base/java.lang=ALL-UNNAMED --add-opens=java.base/java.lang.invoke=ALL-UNNAMED --add-opens=java.base/java.util=ALL-UNNAMED --add-opens=java.prefs/java.util.prefs=ALL-UNNAMED --add-opens=java.prefs/java.util.prefs=ALL-UNNAMED --add-opens=java.base/java.nio.charset=ALL-UNNAMED --add-opens=java.base/java.net=ALL-UNNAMED --add-opens=java.base/java.util.concurrent.atomic=ALL-UNNAMED -Xmx2048m -Dfile.encoding=UTF-8 -Duser.country=IN -Duser.language=en -Duser.variant org.gradle.launcher.daemon.bootstrap.GradleDaemon 7.0.2

Host: AMD Ryzen 5 3600 6-Core Processor              , 12 cores, 7G,  Windows 10 , 64 bit Build 22000 (10.0.22000.318)
Time: Mon Dec 27 23:31:30 2021 India Standard Time elapsed time: 4.640684 seconds (0d 0h 0m 4s)

---------------  T H R E A D  ---------------

Current thread (0x0000015521b9b800):  VMThread "VM Thread" [stack: 0x0000000cd4100000,0x0000000cd4200000] [id=9688]

Stack: [0x0000000cd4100000,0x0000000cd4200000]
[error occurred during error reporting (printing stack bounds), id 0xc0000005, EXCEPTION_ACCESS_VIOLATION (0xc0000005) at pc=0x000001550a610f2d]

Native frames: (J=compiled Java code, j=interpreted, Vv=VM code, C=native code)
V  [jvm.dll+0x5ecfaa]
V  [jvm.dll+0x722bd5]
V  [jvm.dll+0x72412d]
V  [jvm.dll+0x724745]
V  [jvm.dll+0x7246fb]
V  [jvm.dll+0x5ec348]
V  [jvm.dll+0x5ecad8]
C  [ntdll.dll+0xa82ff]
C  [ntdll.dll+0x35a0a]
C  [ntdll.dll+0xa730e]
C  0x000001550a610f2d

VM_Operation (0x0000000cd54f73b0): G1CollectForAllocation, mode: safepoint, requested by thread 0x00000155243f8800


---------------  P R O C E S S  ---------------

Threads class SMR info:
_java_thread_list=0x00000155283c1450, length=60, elements={
0x000001550524c800, 0x0000015521b9d000, 0x0000015521ba2000, 0x0000015521bba800,
0x0000015521bbb800, 0x0000015521bbd000, 0x0000015521bbe000, 0x0000015521bc7000,
0x000001552254b800, 0x00000155226a3000, 0x0000015523dbf000, 0x0000015524450000,
0x00000155245a5800, 0x000001552466c800, 0x00000155246fd000, 0x0000015524ae4000,
0x00000155243f8800, 0x00000155248a7800, 0x0000015523d88000, 0x00000155246f5000,
0x00000155246f8800, 0x00000155246f9800, 0x00000155246fa000, 0x00000155246fb000,
0x00000155246f6000, 0x00000155246f7800, 0x00000155246fc000, 0x00000155246f7000,
0x0000015524ef3000, 0x0000015524ef4000, 0x0000015524eee000, 0x0000015524ef4800,
0x0000015524ef0000, 0x0000015524ef1800, 0x0000015524ef2800, 0x0000015524ef7000,
0x0000015524efb800, 0x0000015524ef8000, 0x0000015524ef9000, 0x0000015524ef9800,
0x0000015524efc000, 0x0000015524efd000, 0x0000015524efa800, 0x000001552b1fe000,
0x000001552b1fe800, 0x000001552b1fd000, 0x000001552b201000, 0x000001552b202000,
0x000001552b204800, 0x000001552b1ff800, 0x000001552b203800, 0x000001552b202800,
0x000001552b205000, 0x000001552b206000, 0x000001552b200800, 0x000001552b207000,
0x000001552b209800, 0x000001552b20b000, 0x000001552b207800, 0x000001552b20a000
}

Java Threads: ( => current thread )
  0x000001550524c800 JavaThread "main" [_thread_blocked, id=15220, stack(0x0000000cd3b00000,0x0000000cd3c00000)]
  0x0000015521b9d000 JavaThread "Reference Handler" daemon [_thread_blocked, id=12100, stack(0x0000000cd4200000,0x0000000cd4300000)]
  0x0000015521ba2000 JavaThread "Finalizer" daemon [_thread_blocked, id=15344, stack(0x0000000cd4300000,0x0000000cd4400000)]
  0x0000015521bba800 JavaThread "Signal Dispatcher" daemon [_thread_blocked, id=12292, stack(0x0000000cd4400000,0x0000000cd4500000)]
  0x0000015521bbb800 JavaThread "Attach Listener" daemon [_thread_blocked, id=7972, stack(0x0000000cd4500000,0x0000000cd4600000)]
  0x0000015521bbd000 JavaThread "Service Thread" daemon [_thread_blocked, id=12372, stack(0x0000000cd4600000,0x0000000cd4700000)]
  0x0000015521bbe000 JavaThread "C2 CompilerThread0" daemon [_thread_in_native, id=2148, stack(0x0000000cd4700000,0x0000000cd4800000)]
  0x0000015521bc7000 JavaThread "C1 CompilerThread0" daemon [_thread_blocked, id=9648, stack(0x0000000cd4800000,0x0000000cd4900000)]
  0x000001552254b800 JavaThread "Sweeper thread" daemon [_thread_blocked, id=14916, stack(0x0000000cd4900000,0x0000000cd4a00000)]
  0x00000155226a3000 JavaThread "Common-Cleaner" daemon [_thread_blocked, id=4020, stack(0x0000000cd4a00000,0x0000000cd4b00000)]
  0x0000015523dbf000 JavaThread "Daemon health stats" [_thread_blocked, id=13188, stack(0x0000000cd5000000,0x0000000cd5100000)]
  0x0000015524450000 JavaThread "Incoming local TCP Connector on port 52495" [_thread_in_native, id=5772, stack(0x0000000cd4c00000,0x0000000cd4d00000)]
  0x00000155245a5800 JavaThread "Daemon periodic checks" [_thread_blocked, id=14780, stack(0x0000000cd4d00000,0x0000000cd4e00000)]
  0x000001552466c800 JavaThread "Daemon" [_thread_blocked, id=11332, stack(0x0000000cd5100000,0x0000000cd5200000)]
  0x00000155246fd000 JavaThread "Handler for socket connection from /127.0.0.1:52495 to /127.0.0.1:52496" [_thread_in_native, id=3848, stack(0x0000000cd5200000,0x0000000cd5300000)]
  0x0000015524ae4000 JavaThread "Cancel handler" [_thread_blocked, id=10588, stack(0x0000000cd5300000,0x0000000cd5400000)]
  0x00000155243f8800 JavaThread "Daemon worker" [_thread_blocked, id=4632, stack(0x0000000cd5400000,0x0000000cd5500000)]
  0x00000155248a7800 JavaThread "Asynchronous log dispatcher for DefaultDaemonConnection: socket connection from /127.0.0.1:52495 to /127.0.0.1:52496" [_thread_blocked, id=11696, stack(0x0000000cd5500000,0x0000000cd5600000)]
  0x0000015523d88000 JavaThread "Stdin handler" [_thread_blocked, id=12084, stack(0x0000000cd5600000,0x0000000cd5700000)]
  0x00000155246f5000 JavaThread "Daemon client event forwarder" [_thread_blocked, id=2640, stack(0x0000000cd5700000,0x0000000cd5800000)]
  0x00000155246f8800 JavaThread "Cache worker for file hash cache (C:\Users\NeHaL\.gradle\caches\7.0.2\fileHashes)" [_thread_blocked, id=5320, stack(0x0000000cd5f00000,0x0000000cd6000000)]
  0x00000155246f9800 JavaThread "File lock request listener" [_thread_in_native, id=11076, stack(0x0000000cd6000000,0x0000000cd6100000)]
  0x00000155246fa000 JavaThread "Cache worker for journal cache (C:\Users\NeHaL\.gradle\caches\journal-1)" [_thread_blocked, id=14616, stack(0x0000000cd6300000,0x0000000cd6400000)]
  0x00000155246fb000 JavaThread "C2 CompilerThread1" daemon [_thread_blocked, id=2040, stack(0x0000000cd6400000,0x0000000cd6500000)]
  0x00000155246f6000 JavaThread "Cache worker for file hash cache (C:\Users\NeHaL\AndroidStudioProjects\SmartTourApp\.gradle\7.0.2\fileHashes)" [_thread_blocked, id=14472, stack(0x0000000cd6500000,0x0000000cd6600000)]
  0x00000155246f7800 JavaThread "File watcher server" daemon [_thread_in_native, id=12376, stack(0x0000000cd6600000,0x0000000cd6700000)]
  0x00000155246fc000 JavaThread "File watcher consumer" daemon [_thread_blocked, id=4972, stack(0x0000000cd6700000,0x0000000cd6800000)]
  0x00000155246f7000 JavaThread "Cache worker for checksums cache (C:\Users\NeHaL\AndroidStudioProjects\SmartTourApp\.gradle\checksums)" [_thread_blocked, id=5256, stack(0x0000000cd6800000,0x0000000cd6900000)]
  0x0000015524ef3000 JavaThread "Cache worker for cache directory md-supplier (C:\Users\NeHaL\.gradle\caches\7.0.2\md-supplier)" [_thread_blocked, id=6132, stack(0x0000000cd6900000,0x0000000cd6a00000)]
  0x0000015524ef4000 JavaThread "Cache worker for cache directory md-rule (C:\Users\NeHaL\.gradle\caches\7.0.2\md-rule)" [_thread_blocked, id=996, stack(0x0000000cd6a00000,0x0000000cd6b00000)]
  0x0000015524eee000 JavaThread "Cache worker for execution history cache (C:\Users\NeHaL\.gradle\caches\7.0.2\executionHistory)" [_thread_blocked, id=10884, stack(0x0000000cd6b00000,0x0000000cd6c00000)]
  0x0000015524ef4800 JavaThread "C2 CompilerThread2" daemon [_thread_in_native, id=10004, stack(0x0000000cd6c00000,0x0000000cd6d00000)]
  0x0000015524ef0000 JavaThread "jar transforms" [_thread_blocked, id=12484, stack(0x0000000cd6d00000,0x0000000cd6e00000)]
  0x0000015524ef1800 JavaThread "jar transforms Thread 2" [_thread_blocked, id=12132, stack(0x0000000cd6e00000,0x0000000cd6f00000)]
  0x0000015524ef2800 JavaThread "Cache worker for file content cache (C:\Users\NeHaL\.gradle\caches\7.0.2\fileContent)" [_thread_blocked, id=7644, stack(0x0000000cd6f00000,0x0000000cd7000000)]
  0x0000015524ef7000 JavaThread "Cache worker for dependencies-accessors (C:\Users\NeHaL\AndroidStudioProjects\SmartTourApp\.gradle\7.0.2\dependencies-accessors)" [_thread_blocked, id=13792, stack(0x0000000cd7000000,0x0000000cd7100000)]
  0x0000015524efb800 JavaThread "jar transforms Thread 3" [_thread_blocked, id=8252, stack(0x0000000cd7100000,0x0000000cd7200000)]
  0x0000015524ef8000 JavaThread "Cache worker for Build Output Cleanup Cache (C:\Users\NeHaL\AndroidStudioProjects\SmartTourApp\.gradle\buildOutputCleanup)" [_thread_blocked, id=13440, stack(0x0000000cd7200000,0x0000000cd7300000)]
  0x0000015524ef9000 JavaThread "Build operations" [_thread_blocked, id=14564, stack(0x0000000cd7300000,0x0000000cd7400000)]
  0x0000015524ef9800 JavaThread "Build operations Thread 2" [_thread_blocked, id=11064, stack(0x0000000cd7400000,0x0000000cd7500000)]
  0x0000015524efc000 JavaThread "Build operations Thread 3" [_thread_blocked, id=12648, stack(0x0000000cd7500000,0x0000000cd7600000)]
  0x0000015524efd000 JavaThread "Build operations Thread 4" [_thread_blocked, id=5884, stack(0x0000000cd7600000,0x0000000cd7700000)]
  0x0000015524efa800 JavaThread "Build operations Thread 5" [_thread_blocked, id=4928, stack(0x0000000cd7700000,0x0000000cd7800000)]
  0x000001552b1fe000 JavaThread "Build operations Thread 6" [_thread_blocked, id=13472, stack(0x0000000cd7800000,0x0000000cd7900000)]
  0x000001552b1fe800 JavaThread "Build operations Thread 7" [_thread_blocked, id=2256, stack(0x0000000cd7900000,0x0000000cd7a00000)]
  0x000001552b1fd000 JavaThread "Build operations Thread 8" [_thread_blocked, id=7640, stack(0x0000000cd7a00000,0x0000000cd7b00000)]
  0x000001552b201000 JavaThread "Build operations Thread 9" [_thread_blocked, id=8172, stack(0x0000000cd7b00000,0x0000000cd7c00000)]
  0x000001552b202000 JavaThread "Build operations Thread 10" [_thread_blocked, id=12304, stack(0x0000000cd7c00000,0x0000000cd7d00000)]
  0x000001552b204800 JavaThread "Build operations Thread 11" [_thread_blocked, id=6440, stack(0x0000000cd7d00000,0x0000000cd7e00000)]
  0x000001552b1ff800 JavaThread "Build operations Thread 12" [_thread_blocked, id=9584, stack(0x0000000cd7e00000,0x0000000cd7f00000)]
  0x000001552b203800 JavaThread "jar transforms Thread 4" [_thread_blocked, id=15304, stack(0x0000000cd7f00000,0x0000000cd8000000)]
  0x000001552b202800 JavaThread "jar transforms Thread 5" [_thread_blocked, id=9776, stack(0x0000000cd8000000,0x0000000cd8100000)]
  0x000001552b205000 JavaThread "jar transforms Thread 6" [_thread_blocked, id=4600, stack(0x0000000cd8100000,0x0000000cd8200000)]
  0x000001552b206000 JavaThread "jar transforms Thread 7" [_thread_blocked, id=11532, stack(0x0000000cd8200000,0x0000000cd8300000)]
  0x000001552b200800 JavaThread "jar transforms Thread 8" [_thread_blocked, id=12320, stack(0x0000000cd8300000,0x0000000cd8400000)]
  0x000001552b207000 JavaThread "jar transforms Thread 9" [_thread_blocked, id=11324, stack(0x0000000cd8400000,0x0000000cd8500000)]
  0x000001552b209800 JavaThread "jar transforms Thread 10" [_thread_blocked, id=13876, stack(0x0000000cd8500000,0x0000000cd8600000)]
  0x000001552b20b000 JavaThread "jar transforms Thread 11" [_thread_blocked, id=6436, stack(0x0000000cd8600000,0x0000000cd8700000)]
  0x000001552b207800 JavaThread "jar transforms Thread 12" [_thread_blocked, id=12076, stack(0x0000000cd8700000,0x0000000cd8800000)]
  0x000001552b20a000 JavaThread "Memory manager" [_thread_blocked, id=14016, stack(0x0000000cd8800000,0x0000000cd8900000)]

Other Threads:
=>0x0000015521b9b800 VMThread "VM Thread" [stack: 0x0000000cd4100000,0x0000000cd4200000] [id=9688]
  0x0000015522706000 WatcherThread [stack: 0x0000000cd4b00000,0x0000000cd4c00000] [id=9204]
  0x000001550534a000 GCTaskThread "GC Thread#0" [stack: 0x0000000cd3c00000,0x0000000cd3d00000] [id=11752]
  0x0000015523335000 GCTaskThread "GC Thread#1" [stack: 0x0000000cd4e00000,0x0000000cd4f00000] [id=12488]
  0x0000015523167800 GCTaskThread "GC Thread#2" [stack: 0x0000000cd4f00000,0x0000000cd5000000] [id=2372]
  0x0000015524ad1000 GCTaskThread "GC Thread#3" [stack: 0x0000000cd5800000,0x0000000cd5900000] [id=12012]
  0x000001552404a800 GCTaskThread "GC Thread#4" [stack: 0x0000000cd5900000,0x0000000cd5a00000] [id=15256]
  0x0000015523cbf000 GCTaskThread "GC Thread#5" [stack: 0x0000000cd5a00000,0x0000000cd5b00000] [id=13128]
  0x0000015523c79000 GCTaskThread "GC Thread#6" [stack: 0x0000000cd5b00000,0x0000000cd5c00000] [id=11648]
  0x0000015523c7a000 GCTaskThread "GC Thread#7" [stack: 0x0000000cd5c00000,0x0000000cd5d00000] [id=1504]
  0x0000015523cca800 GCTaskThread "GC Thread#8" [stack: 0x0000000cd5d00000,0x0000000cd5e00000] [id=7648]
  0x0000015523ccf800 GCTaskThread "GC Thread#9" [stack: 0x0000000cd5e00000,0x0000000cd5f00000] [id=14240]
  0x000001550537d800 ConcurrentGCThread "G1 Main Marker" [stack: 0x0000000cd3d00000,0x0000000cd3e00000] [id=2984]
  0x000001550537e800 ConcurrentGCThread "G1 Conc#0" [stack: 0x0000000cd3e00000,0x0000000cd3f00000] [id=5472]
  0x0000015524965000 ConcurrentGCThread "G1 Conc#1" [stack: 0x0000000cd6100000,0x0000000cd6200000] [id=11404]
  0x0000015524acf000 ConcurrentGCThread "G1 Conc#2" [stack: 0x0000000cd6200000,0x0000000cd6300000] [id=11980]
  0x00000155219f2800 ConcurrentGCThread "G1 Refine#0" [stack: 0x0000000cd3f00000,0x0000000cd4000000] [id=9276]
  0x000001550540b000 ConcurrentGCThread "G1 Young RemSet Sampling" [stack: 0x0000000cd4000000,0x0000000cd4100000] [id=14476]

Threads with active compile tasks:
C2 CompilerThread0   4648 6456       4       sun.reflect.generics.parser.SignatureParser::parseClassTypeSignature (118 bytes)
C2 CompilerThread1   4648 6466       4       java.lang.Class::privateGetPublicMethods (224 bytes)
C2 CompilerThread2   4648 6461       4       sun.reflect.generics.parser.SignatureParser::parsePackageNameAndSimpleClassTypeSignature (119 bytes)

VM state:at safepoint (normal execution)

VM Mutex/Monitor currently owned by a thread:  ([mutex/lock_event])
[0x0000015505334320] Threads_lock - owner thread: 0x0000015521b9b800
[0x0000015505333b40] Heap_lock - owner thread: 0x00000155243f8800

Heap address: 0x0000000080000000, size: 2048 MB, Compressed Oops mode: 32-bit
Narrow klass base: 0x0000000000000000, Narrow klass shift: 3
Compressed class space size: 1073741824 Address: 0x0000000100000000

Heap:
 garbage-first heap   total 189440K, used 55112K [0x0000000080000000, 0x0000000100000000)
  region size 1024K, 5 young (5120K), 5 survivors (5120K)
 Metaspace       used 68848K, capacity 70430K, committed 70784K, reserved 1110016K
  class space    used 8932K, capacity 9538K, committed 9676K, reserved 1048576K
Heap Regions: E=young(eden), S=young(survivor), O=old, HS=humongous(starts), HC=humongous(continues), CS=collection set, F=free, A=archive, TAMS=top-at-mark-start (previous, next)
|   0|0x0000000080000000, 0x0000000080100000, 0x0000000080100000|100%| O|  |TAMS 0x0000000080100000, 0x0000000080000000| Untracked 
|   1|0x0000000080100000, 0x0000000080200000, 0x0000000080200000|100%| O|  |TAMS 0x0000000080200000, 0x0000000080100000| Untracked 
|   2|0x0000000080200000, 0x0000000080300000, 0x0000000080300000|100%| O|  |TAMS 0x0000000080300000, 0x0000000080200000| Untracked 
|   3|0x0000000080300000, 0x0000000080400000, 0x0000000080400000|100%|HS|  |TAMS 0x0000000080400000, 0x0000000080300000| Complete 
|   4|0x0000000080400000, 0x0000000080500000, 0x0000000080500000|100%|HC|  |TAMS 0x0000000080500000, 0x0000000080400000| Complete 
|   5|0x0000000080500000, 0x0000000080600000, 0x0000000080600000|100%|HC|  |TAMS 0x0000000080600000, 0x0000000080500000| Complete 
|   6|0x0000000080600000, 0x0000000080700000, 0x0000000080700000|100%| O|  |TAMS 0x0000000080700000, 0x0000000080600000| Untracked 
|   7|0x0000000080700000, 0x0000000080800000, 0x0000000080800000|100%| O|  |TAMS 0x0000000080800000, 0x0000000080700000| Untracked 
|   8|0x0000000080800000, 0x0000000080900000, 0x0000000080900000|100%| O|  |TAMS 0x0000000080900000, 0x0000000080800000| Untracked 
|   9|0x0000000080900000, 0x0000000080a00000, 0x0000000080a00000|100%| O|  |TAMS 0x0000000080a00000, 0x0000000080900000| Untracked 
|  10|0x0000000080a00000, 0x0000000080b00000, 0x0000000080b00000|100%| O|  |TAMS 0x0000000080b00000, 0x0000000080a00000| Untracked 
|  11|0x0000000080b00000, 0x0000000080c00000, 0x0000000080c00000|100%| O|  |TAMS 0x0000000080c00000, 0x0000000080b00000| Untracked 
|  12|0x0000000080c00000, 0x0000000080d00000, 0x0000000080d00000|100%| O|  |TAMS 0x0000000080d00000, 0x0000000080c00000| Untracked 
|  13|0x0000000080d00000, 0x0000000080e00000, 0x0000000080e00000|100%| O|  |TAMS 0x0000000080e00000, 0x0000000080d00000| Untracked 
|  14|0x0000000080e00000, 0x0000000080f00000, 0x0000000080f00000|100%| O|  |TAMS 0x0000000080f00000, 0x0000000080e00000| Untracked 
|  15|0x0000000080f00000, 0x0000000081000000, 0x0000000081000000|100%| O|  |TAMS 0x0000000081000000, 0x0000000080f00000| Untracked 
|  16|0x0000000081000000, 0x0000000081100000, 0x0000000081100000|100%|HS|  |TAMS 0x0000000081100000, 0x0000000081000000| Complete 
|  17|0x0000000081100000, 0x0000000081200000, 0x0000000081200000|100%| O|  |TAMS 0x0000000081200000, 0x0000000081100000| Untracked 
|  18|0x0000000081200000, 0x0000000081300000, 0x0000000081300000|100%| O|  |TAMS 0x0000000081300000, 0x0000000081200000| Untracked 
|  19|0x0000000081300000, 0x0000000081400000, 0x0000000081400000|100%| O|  |TAMS 0x0000000081400000, 0x0000000081300000| Untracked 
|  20|0x0000000081400000, 0x0000000081500000, 0x0000000081500000|100%| O|  |TAMS 0x0000000081500000, 0x0000000081400000| Untracked 
|  21|0x0000000081500000, 0x0000000081600000, 0x0000000081600000|100%| O|  |TAMS 0x0000000081600000, 0x0000000081500000| Untracked 
|  22|0x0000000081600000, 0x0000000081700000, 0x0000000081700000|100%| O|  |TAMS 0x0000000081700000, 0x0000000081600000| Untracked 
|  23|0x0000000081700000, 0x0000000081800000, 0x0000000081800000|100%| O|  |TAMS 0x0000000081800000, 0x0000000081700000| Untracked 
|  24|0x0000000081800000, 0x0000000081900000, 0x0000000081900000|100%| O|  |TAMS 0x0000000081900000, 0x0000000081800000| Untracked 
|  25|0x0000000081900000, 0x0000000081a00000, 0x0000000081a00000|100%| O|  |TAMS 0x0000000081a00000, 0x0000000081900000| Untracked 
|  26|0x0000000081a00000, 0x0000000081b00000, 0x0000000081b00000|100%| O|  |TAMS 0x0000000081b00000, 0x0000000081a00000| Untracked 
|  27|0x0000000081b00000, 0x0000000081c00000, 0x0000000081c00000|100%|HS|  |TAMS 0x0000000081c00000, 0x0000000081b00000| Complete 
|  28|0x0000000081c00000, 0x0000000081d00000, 0x0000000081d00000|100%|HS|  |TAMS 0x0000000081d00000, 0x0000000081c00000| Complete 
|  29|0x0000000081d00000, 0x0000000081e00000, 0x0000000081e00000|100%|HC|  |TAMS 0x0000000081e00000, 0x0000000081d00000| Complete 
|  30|0x0000000081e00000, 0x0000000081f00000, 0x0000000081f00000|100%| O|  |TAMS 0x0000000081f00000, 0x0000000081e00000| Untracked 
|  31|0x0000000081f00000, 0x0000000082000000, 0x0000000082000000|100%| O|  |TAMS 0x0000000082000000, 0x0000000081f00000| Untracked 
|  32|0x0000000082000000, 0x0000000082100000, 0x0000000082100000|100%| O|  |TAMS 0x0000000082100000, 0x0000000082000000| Untracked 
|  33|0x0000000082100000, 0x0000000082200000, 0x0000000082200000|100%| O|  |TAMS 0x0000000082200000, 0x0000000082100000| Untracked 
|  34|0x0000000082200000, 0x0000000082300000, 0x0000000082300000|100%| O|  |TAMS 0x0000000082300000, 0x0000000082200000| Untracked 
|  35|0x0000000082300000, 0x0000000082400000, 0x0000000082400000|100%| O|  |TAMS 0x0000000082400000, 0x0000000082300000| Untracked 
|  36|0x0000000082400000, 0x0000000082500000, 0x0000000082500000|100%| O|  |TAMS 0x0000000082500000, 0x0000000082400000| Untracked 
|  37|0x0000000082500000, 0x0000000082600000, 0x0000000082600000|100%| O|  |TAMS 0x0000000082600000, 0x0000000082500000| Untracked 
|  38|0x0000000082600000, 0x0000000082700000, 0x0000000082700000|100%| O|  |TAMS 0x0000000082700000, 0x0000000082600000| Untracked 
|  39|0x0000000082700000, 0x0000000082800000, 0x0000000082800000|100%| O|  |TAMS 0x0000000082800000, 0x0000000082700000| Untracked 
|  40|0x0000000082800000, 0x0000000082900000, 0x0000000082900000|100%| O|  |TAMS 0x0000000082900000, 0x0000000082800000| Untracked 
|  41|0x0000000082900000, 0x0000000082a00000, 0x0000000082a00000|100%| O|  |TAMS 0x0000000082958e00, 0x0000000082900000| Untracked 
|  42|0x0000000082a00000, 0x0000000082b00000, 0x0000000082b00000|100%| O|  |TAMS 0x0000000082a00000, 0x0000000082a00000| Untracked 
|  43|0x0000000082b00000, 0x0000000082c00000, 0x0000000082c00000|100%| O|  |TAMS 0x0000000082b00000, 0x0000000082b00000| Untracked 
|  44|0x0000000082c00000, 0x0000000082d00000, 0x0000000082d00000|100%| O|  |TAMS 0x0000000082c00000, 0x0000000082c00000| Untracked 
|  45|0x0000000082d00000, 0x0000000082e00000, 0x0000000082e00000|100%| O|  |TAMS 0x0000000082d00000, 0x0000000082d00000| Untracked 
|  46|0x0000000082e00000, 0x0000000082f00000, 0x0000000082f00000|100%| O|  |TAMS 0x0000000082e00000, 0x0000000082e00000| Untracked 
|  47|0x0000000082f00000, 0x0000000083000000, 0x0000000083000000|100%| O|  |TAMS 0x0000000082f00000, 0x0000000082f00000| Untracked 
|  48|0x0000000083000000, 0x0000000083100000, 0x0000000083100000|100%| O|  |TAMS 0x0000000083000000, 0x0000000083000000| Untracked 
|  49|0x0000000083100000, 0x000000008312ba00, 0x0000000083200000| 17%| O|  |TAMS 0x0000000083100000, 0x0000000083100000| Untracked 
|  50|0x0000000083200000, 0x0000000083200000, 0x0000000083300000|  0%| F|  |TAMS 0x0000000083200000, 0x0000000083200000| Untracked 
|  51|0x0000000083300000, 0x0000000083300000, 0x0000000083400000|  0%| F|  |TAMS 0x0000000083300000, 0x0000000083300000| Untracked 
|  52|0x0000000083400000, 0x0000000083400000, 0x0000000083500000|  0%| F|  |TAMS 0x0000000083400000, 0x0000000083400000| Untracked 
|  53|0x0000000083500000, 0x0000000083500000, 0x0000000083600000|  0%| F|  |TAMS 0x0000000083500000, 0x0000000083500000| Untracked 
|  54|0x0000000083600000, 0x0000000083600000, 0x0000000083700000|  0%| F|  |TAMS 0x0000000083600000, 0x0000000083600000| Untracked 
|  55|0x0000000083700000, 0x0000000083700000, 0x0000000083800000|  0%| F|  |TAMS 0x0000000083700000, 0x0000000083700000| Untracked 
|  56|0x0000000083800000, 0x0000000083800000, 0x0000000083900000|  0%| F|  |TAMS 0x0000000083800000, 0x0000000083800000| Untracked 
|  57|0x0000000083900000, 0x0000000083900000, 0x0000000083a00000|  0%| F|  |TAMS 0x0000000083900000, 0x0000000083900000| Untracked 
|  58|0x0000000083a00000, 0x0000000083a00000, 0x0000000083b00000|  0%| F|  |TAMS 0x0000000083a00000, 0x0000000083a00000| Untracked 
|  59|0x0000000083b00000, 0x0000000083b00000, 0x0000000083c00000|  0%| F|  |TAMS 0x0000000083b00000, 0x0000000083b00000| Untracked 
|  60|0x0000000083c00000, 0x0000000083c00000, 0x0000000083d00000|  0%| F|  |TAMS 0x0000000083c00000, 0x0000000083c00000| Untracked 
|  61|0x0000000083d00000, 0x0000000083d00000, 0x0000000083e00000|  0%| F|  |TAMS 0x0000000083d00000, 0x0000000083d00000| Untracked 
|  62|0x0000000083e00000, 0x0000000083e00000, 0x0000000083f00000|  0%| F|  |TAMS 0x0000000083e00000, 0x0000000083e00000| Untracked 
|  63|0x0000000083f00000, 0x0000000083f00000, 0x0000000084000000|  0%| F|  |TAMS 0x0000000083f00000, 0x0000000083f00000| Untracked 
|  64|0x0000000084000000, 0x0000000084000000, 0x0000000084100000|  0%| F|  |TAMS 0x0000000084000000, 0x0000000084000000| Untracked 
|  65|0x0000000084100000, 0x0000000084100000, 0x0000000084200000|  0%| F|  |TAMS 0x0000000084100000, 0x0000000084100000| Untracked 
|  66|0x0000000084200000, 0x0000000084200000, 0x0000000084300000|  0%| F|  |TAMS 0x0000000084200000, 0x0000000084200000| Untracked 
|  67|0x0000000084300000, 0x0000000084300000, 0x0000000084400000|  0%| F|  |TAMS 0x0000000084300000, 0x0000000084300000| Untracked 
|  68|0x0000000084400000, 0x0000000084400000, 0x0000000084500000|  0%| F|  |TAMS 0x0000000084400000, 0x0000000084400000| Untracked 
|  69|0x0000000084500000, 0x0000000084500000, 0x0000000084600000|  0%| F|  |TAMS 0x0000000084500000, 0x0000000084500000| Untracked 
|  70|0x0000000084600000, 0x0000000084600000, 0x0000000084700000|  0%| F|  |TAMS 0x0000000084600000, 0x0000000084600000| Untracked 
|  71|0x0000000084700000, 0x0000000084700000, 0x0000000084800000|  0%| F|  |TAMS 0x0000000084700000, 0x0000000084700000| Untracked 
|  72|0x0000000084800000, 0x0000000084800000, 0x0000000084900000|  0%| F|  |TAMS 0x0000000084800000, 0x0000000084800000| Untracked 
|  73|0x0000000084900000, 0x0000000084900000, 0x0000000084a00000|  0%| F|  |TAMS 0x0000000084900000, 0x0000000084900000| Untracked 
|  74|0x0000000084a00000, 0x0000000084a00000, 0x0000000084b00000|  0%| F|  |TAMS 0x0000000084a00000, 0x0000000084a00000| Untracked 
|  75|0x0000000084b00000, 0x0000000084b00000, 0x0000000084c00000|  0%| F|  |TAMS 0x0000000084b00000, 0x0000000084b00000| Untracked 
|  76|0x0000000084c00000, 0x0000000084c00000, 0x0000000084d00000|  0%| F|  |TAMS 0x0000000084c00000, 0x0000000084c00000| Untracked 
|  77|0x0000000084d00000, 0x0000000084d00000, 0x0000000084e00000|  0%| F|  |TAMS 0x0000000084d00000, 0x0000000084d00000| Untracked 
|  78|0x0000000084e00000, 0x0000000084e00000, 0x0000000084f00000|  0%| F|  |TAMS 0x0000000084e00000, 0x0000000084e00000| Untracked 
|  79|0x0000000084f00000, 0x0000000084f00000, 0x0000000085000000|  0%| F|  |TAMS 0x0000000084f00000, 0x0000000084f00000| Untracked 
|  80|0x0000000085000000, 0x0000000085000000, 0x0000000085100000|  0%| F|  |TAMS 0x0000000085000000, 0x0000000085000000| Untracked 
|  81|0x0000000085100000, 0x0000000085100000, 0x0000000085200000|  0%| F|  |TAMS 0x0000000085100000, 0x0000000085100000| Untracked 
|  82|0x0000000085200000, 0x0000000085200000, 0x0000000085300000|  0%| F|  |TAMS 0x0000000085200000, 0x0000000085200000| Untracked 
|  83|0x0000000085300000, 0x0000000085300000, 0x0000000085400000|  0%| F|  |TAMS 0x0000000085300000, 0x0000000085300000| Untracked 
|  84|0x0000000085400000, 0x0000000085400000, 0x0000000085500000|  0%| F|  |TAMS 0x0000000085400000, 0x0000000085400000| Untracked 
|  85|0x0000000085500000, 0x0000000085500000, 0x0000000085600000|  0%| F|  |TAMS 0x0000000085500000, 0x0000000085500000| Untracked 
|  86|0x0000000085600000, 0x0000000085600000, 0x0000000085700000|  0%| F|  |TAMS 0x0000000085600000, 0x0000000085600000| Untracked 
|  87|0x0000000085700000, 0x0000000085700000, 0x0000000085800000|  0%| F|  |TAMS 0x0000000085700000, 0x0000000085700000| Untracked 
|  88|0x0000000085800000, 0x00000000858a69f0, 0x0000000085900000| 65%| S|CS|TAMS 0x0000000085800000, 0x0000000085800000| Complete 
|  89|0x0000000085900000, 0x0000000085a00000, 0x0000000085a00000|100%| S|CS|TAMS 0x0000000085900000, 0x0000000085900000| Complete 
|  90|0x0000000085a00000, 0x0000000085b00000, 0x0000000085b00000|100%| S|CS|TAMS 0x0000000085a00000, 0x0000000085a00000| Complete 
|  91|0x0000000085b00000, 0x0000000085c00000, 0x0000000085c00000|100%| S|CS|TAMS 0x0000000085b00000, 0x0000000085b00000| Complete 
|  92|0x0000000085c00000, 0x0000000085d00000, 0x0000000085d00000|100%| S|CS|TAMS 0x0000000085c00000, 0x0000000085c00000| Complete 
|  93|0x0000000085d00000, 0x0000000085d00000, 0x0000000085e00000|  0%| F|  |TAMS 0x0000000085d00000, 0x0000000085d00000| Untracked 
|  94|0x0000000085e00000, 0x0000000085e00000, 0x0000000085f00000|  0%| F|  |TAMS 0x0000000085e00000, 0x0000000085e00000| Untracked 
|  95|0x0000000085f00000, 0x0000000085f00000, 0x0000000086000000|  0%| F|  |TAMS 0x0000000085f00000, 0x0000000085f00000| Untracked 
|  96|0x0000000086000000, 0x0000000086000000, 0x0000000086100000|  0%| F|  |TAMS 0x0000000086000000, 0x0000000086000000| Untracked 
|  97|0x0000000086100000, 0x0000000086100000, 0x0000000086200000|  0%| F|  |TAMS 0x0000000086100000, 0x0000000086100000| Untracked 
|  98|0x0000000086200000, 0x0000000086200000, 0x0000000086300000|  0%| F|  |TAMS 0x0000000086200000, 0x0000000086200000| Untracked 
|  99|0x0000000086300000, 0x0000000086300000, 0x0000000086400000|  0%| F|  |TAMS 0x0000000086300000, 0x0000000086300000| Untracked 
| 100|0x0000000086400000, 0x0000000086400000, 0x0000000086500000|  0%| F|  |TAMS 0x0000000086400000, 0x0000000086400000| Untracked 
| 101|0x0000000086500000, 0x0000000086500000, 0x0000000086600000|  0%| F|  |TAMS 0x0000000086500000, 0x0000000086500000| Untracked 
| 102|0x0000000086600000, 0x0000000086600000, 0x0000000086700000|  0%| F|  |TAMS 0x0000000086600000, 0x0000000086600000| Untracked 
| 103|0x0000000086700000, 0x0000000086700000, 0x0000000086800000|  0%| F|  |TAMS 0x0000000086700000, 0x0000000086700000| Untracked 
| 104|0x0000000086800000, 0x0000000086800000, 0x0000000086900000|  0%| F|  |TAMS 0x0000000086800000, 0x0000000086800000| Untracked 
| 105|0x0000000086900000, 0x0000000086900000, 0x0000000086a00000|  0%| F|  |TAMS 0x0000000086900000, 0x0000000086900000| Untracked 
| 106|0x0000000086a00000, 0x0000000086a00000, 0x0000000086b00000|  0%| F|  |TAMS 0x0000000086a00000, 0x0000000086a00000| Untracked 
| 107|0x0000000086b00000, 0x0000000086b00000, 0x0000000086c00000|  0%| F|  |TAMS 0x0000000086b00000, 0x0000000086b00000| Untracked 
| 108|0x0000000086c00000, 0x0000000086c00000, 0x0000000086d00000|  0%| F|  |TAMS 0x0000000086c00000, 0x0000000086c00000| Untracked 
| 109|0x0000000086d00000, 0x0000000086d00000, 0x0000000086e00000|  0%| F|  |TAMS 0x0000000086d00000, 0x0000000086d00000| Untracked 
| 110|0x0000000086e00000, 0x0000000086e00000, 0x0000000086f00000|  0%| F|  |TAMS 0x0000000086e00000, 0x0000000086e00000| Untracked 
| 111|0x0000000086f00000, 0x0000000086f00000, 0x0000000087000000|  0%| F|  |TAMS 0x0000000086f00000, 0x0000000086f00000| Untracked 
| 112|0x0000000087000000, 0x0000000087000000, 0x0000000087100000|  0%| F|  |TAMS 0x0000000087000000, 0x0000000087000000| Untracked 
| 113|0x0000000087100000, 0x0000000087100000, 0x0000000087200000|  0%| F|  |TAMS 0x0000000087100000, 0x0000000087100000| Untracked 
| 114|0x0000000087200000, 0x0000000087200000, 0x0000000087300000|  0%| F|  |TAMS 0x0000000087200000, 0x0000000087200000| Untracked 
| 115|0x0000000087300000, 0x0000000087300000, 0x0000000087400000|  0%| F|  |TAMS 0x0000000087300000, 0x0000000087300000| Untracked 
| 116|0x0000000087400000, 0x0000000087400000, 0x0000000087500000|  0%| F|  |TAMS 0x0000000087400000, 0x0000000087400000| Untracked 
| 117|0x0000000087500000, 0x0000000087500000, 0x0000000087600000|  0%| F|  |TAMS 0x0000000087500000, 0x0000000087500000| Untracked 
| 118|0x0000000087600000, 0x0000000087600000, 0x0000000087700000|  0%| F|  |TAMS 0x0000000087600000, 0x0000000087600000| Untracked 
| 119|0x0000000087700000, 0x0000000087700000, 0x0000000087800000|  0%| F|  |TAMS 0x0000000087700000, 0x0000000087700000| Untracked 
| 120|0x0000000087800000, 0x0000000087800000, 0x0000000087900000|  0%| F|  |TAMS 0x0000000087800000, 0x0000000087800000| Untracked 
| 121|0x0000000087900000, 0x0000000087900000, 0x0000000087a00000|  0%| F|  |TAMS 0x0000000087900000, 0x0000000087900000| Untracked 
| 122|0x0000000087a00000, 0x0000000087a00000, 0x0000000087b00000|  0%| F|  |TAMS 0x0000000087a00000, 0x0000000087a00000| Untracked 
| 123|0x0000000087b00000, 0x0000000087b00000, 0x0000000087c00000|  0%| F|  |TAMS 0x0000000087b00000, 0x0000000087b00000| Untracked 
| 124|0x0000000087c00000, 0x0000000087c00000, 0x0000000087d00000|  0%| F|  |TAMS 0x0000000087c00000, 0x0000000087c00000| Untracked 
| 125|0x0000000087d00000, 0x0000000087d00000, 0x0000000087e00000|  0%| F|  |TAMS 0x0000000087d00000, 0x0000000087d00000| Untracked 
| 126|0x0000000087e00000, 0x0000000087e00000, 0x0000000087f00000|  0%| F|  |TAMS 0x0000000087e00000, 0x0000000087e00000| Untracked 
| 127|0x0000000087f00000, 0x0000000087f00000, 0x0000000088000000|  0%| F|  |TAMS 0x0000000087f00000, 0x0000000087f00000| Untracked 
| 128|0x0000000088000000, 0x0000000088000000, 0x0000000088100000|  0%| F|  |TAMS 0x0000000088000000, 0x0000000088000000| Untracked 
| 129|0x0000000088100000, 0x0000000088100000, 0x0000000088200000|  0%| F|  |TAMS 0x0000000088100000, 0x0000000088100000| Untracked 
| 130|0x0000000088200000, 0x0000000088200000, 0x0000000088300000|  0%| F|  |TAMS 0x0000000088200000, 0x0000000088200000| Untracked 
| 131|0x0000000088300000, 0x0000000088300000, 0x0000000088400000|  0%| F|  |TAMS 0x0000000088300000, 0x0000000088300000| Untracked 
| 132|0x0000000088400000, 0x0000000088400000, 0x0000000088500000|  0%| F|  |TAMS 0x0000000088400000, 0x0000000088400000| Untracked 
| 133|0x0000000088500000, 0x0000000088500000, 0x0000000088600000|  0%| F|  |TAMS 0x0000000088500000, 0x0000000088500000| Untracked 
| 134|0x0000000088600000, 0x0000000088600000, 0x0000000088700000|  0%| F|  |TAMS 0x0000000088600000, 0x0000000088600000| Untracked 
| 135|0x0000000088700000, 0x0000000088700000, 0x0000000088800000|  0%| F|  |TAMS 0x0000000088700000, 0x0000000088700000| Untracked 
| 136|0x0000000088800000, 0x0000000088800000, 0x0000000088900000|  0%| F|  |TAMS 0x0000000088800000, 0x0000000088800000| Untracked 
| 137|0x0000000088900000, 0x0000000088900000, 0x0000000088a00000|  0%| F|  |TAMS 0x0000000088900000, 0x0000000088900000| Untracked 
| 138|0x0000000088a00000, 0x0000000088a00000, 0x0000000088b00000|  0%| F|  |TAMS 0x0000000088a00000, 0x0000000088a00000| Untracked 
| 139|0x0000000088b00000, 0x0000000088b00000, 0x0000000088c00000|  0%| F|  |TAMS 0x0000000088b00000, 0x0000000088b00000| Untracked 
| 140|0x0000000088c00000, 0x0000000088c00000, 0x0000000088d00000|  0%| F|  |TAMS 0x0000000088c00000, 0x0000000088c00000| Untracked 
| 141|0x0000000088d00000, 0x0000000088d00000, 0x0000000088e00000|  0%| F|  |TAMS 0x0000000088d00000, 0x0000000088d00000| Untracked 
| 142|0x0000000088e00000, 0x0000000088e00000, 0x0000000088f00000|  0%| F|  |TAMS 0x0000000088e00000, 0x0000000088e00000| Untracked 
| 143|0x0000000088f00000, 0x0000000088f00000, 0x0000000089000000|  0%| F|  |TAMS 0x0000000088f00000, 0x0000000088f00000| Untracked 
| 144|0x0000000089000000, 0x0000000089000000, 0x0000000089100000|  0%| F|  |TAMS 0x0000000089000000, 0x0000000089000000| Untracked 
| 145|0x0000000089100000, 0x0000000089100000, 0x0000000089200000|  0%| F|  |TAMS 0x0000000089100000, 0x0000000089100000| Untracked 
| 146|0x0000000089200000, 0x0000000089200000, 0x0000000089300000|  0%| F|  |TAMS 0x0000000089200000, 0x0000000089200000| Untracked 
| 147|0x0000000089300000, 0x0000000089300000, 0x0000000089400000|  0%| F|  |TAMS 0x0000000089300000, 0x0000000089300000| Untracked 
| 148|0x0000000089400000, 0x0000000089400000, 0x0000000089500000|  0%| F|  |TAMS 0x0000000089400000, 0x0000000089400000| Untracked 
| 149|0x0000000089500000, 0x0000000089500000, 0x0000000089600000|  0%| F|  |TAMS 0x0000000089500000, 0x0000000089500000| Untracked 
| 150|0x0000000089600000, 0x0000000089600000, 0x0000000089700000|  0%| F|  |TAMS 0x0000000089600000, 0x0000000089600000| Untracked 
| 151|0x0000000089700000, 0x0000000089700000, 0x0000000089800000|  0%| F|  |TAMS 0x0000000089700000, 0x0000000089700000| Untracked 
| 152|0x0000000089800000, 0x0000000089800000, 0x0000000089900000|  0%| F|  |TAMS 0x0000000089800000, 0x0000000089800000| Untracked 
| 153|0x0000000089900000, 0x0000000089900000, 0x0000000089a00000|  0%| F|  |TAMS 0x0000000089900000, 0x0000000089900000| Untracked 

Card table byte_map: [0x000001551a6a0000,0x000001551aaa0000] _byte_map_base: 0x000001551a2a0000

Marking Bits (Prev, Next): (CMBitMap*) 0x0000015505374988, (CMBitMap*) 0x00000155053749c0
 Prev Bits: [0x000001551aea0000, 0x000001551cea0000)
 Next Bits: [0x000001551cea0000, 0x000001551eea0000)

Polling page: 0x0000015505410000

Metaspace:

Usage:
  Non-class:     59.46 MB capacity,    58.51 MB ( 98%) used,   806.52 KB (  1%) free+waste,   169.00 KB ( <1%) overhead. 
      Class:      9.31 MB capacity,     8.72 MB ( 94%) used,   526.78 KB (  6%) free+waste,    79.06 KB ( <1%) overhead. 
       Both:     68.78 MB capacity,    67.24 MB ( 98%) used,     1.30 MB (  2%) free+waste,   248.06 KB ( <1%) overhead. 

Virtual space:
  Non-class space:       60.00 MB reserved,      59.68 MB (>99%) committed 
      Class space:        1.00 GB reserved,       9.45 MB ( <1%) committed 
             Both:        1.06 GB reserved,      69.13 MB (  6%) committed 

Chunk freelists:
   Non-Class:  24.00 KB
       Class:  30.00 KB
        Both:  54.00 KB

MaxMetaspaceSize: 17179869184.00 GB
CompressedClassSpaceSize: 1.00 GB

CodeHeap 'non-profiled nmethods': size=120000Kb used=4128Kb max_used=4128Kb free=115871Kb
 bounds [0x00000155120e0000, 0x00000155124f0000, 0x0000015519610000]
CodeHeap 'profiled nmethods': size=120000Kb used=13795Kb max_used=13795Kb free=106204Kb
 bounds [0x000001550abb0000, 0x000001550b930000, 0x00000155120e0000]
CodeHeap 'non-nmethods': size=5760Kb used=2264Kb max_used=2354Kb free=3495Kb
 bounds [0x000001550a610000, 0x000001550a880000, 0x000001550abb0000]
 total_blobs=7398 nmethods=6541 adapters=768
 compilation: enabled
              stopped_count=0, restarted_count=0
 full_count=0

Compilation events (20 events):
Event: 4.623 Thread 0x0000015521bc7000 6552       1       com.android.build.gradle.internal.utils.ViolatingPluginDetector::access$getPluginToSearch$p (5 bytes)
Event: 4.623 Thread 0x0000015521bc7000 nmethod 6552 0x00000155124e7790 code [0x00000155124e7940, 0x00000155124e79d8]
Event: 4.623 Thread 0x0000015521bc7000 6551       1       org.gradle.api.internal.artifacts.result.DefaultResolvedComponentResult::getId (5 bytes)
Event: 4.623 Thread 0x0000015521bc7000 nmethod 6551 0x00000155124e7a90 code [0x00000155124e7c40, 0x00000155124e7cf8]
Event: 4.623 Thread 0x0000015521bc7000 6553       1       com.android.build.gradle.internal.utils.DependencyInfo::getDependencyGroup (5 bytes)
Event: 4.623 Thread 0x0000015521bc7000 nmethod 6553 0x00000155124e7d90 code [0x00000155124e7f40, 0x00000155124e7ff8]
Event: 4.623 Thread 0x0000015521bc7000 6554       3       org.gradle.api.internal.artifacts.result.DefaultResolvedComponentResult::getDependencies (8 bytes)
Event: 4.623 Thread 0x0000015521bc7000 nmethod 6554 0x000001550b921210 code [0x000001550b921400, 0x000001550b921828]
Event: 4.623 Thread 0x0000015521bc7000 6557       1       org.gradle.api.internal.project.DefaultProjectStateRegistry::access$000 (5 bytes)
Event: 4.623 Thread 0x0000015521bc7000 nmethod 6557 0x00000155124e8090 code [0x00000155124e8240, 0x00000155124e82d8]
Event: 4.627 Thread 0x0000015521bc7000 6558       3       java.util.TreeSet::add (22 bytes)
Event: 4.627 Thread 0x0000015521bc7000 nmethod 6558 0x000001550b921a10 code [0x000001550b921be0, 0x000001550b921e08]
Event: 4.628 Thread 0x0000015521bc7000 6559       3       sun.reflect.generics.tree.SimpleClassTypeSignature::accept (8 bytes)
Event: 4.628 Thread 0x0000015521bc7000 nmethod 6559 0x000001550b921f10 code [0x000001550b922120, 0x000001550b922588]
Event: 4.628 Thread 0x0000015521bc7000 6560       3       sun.reflect.generics.visitor.Reifier::visitSimpleClassTypeSignature (18 bytes)
Event: 4.628 Thread 0x0000015521bc7000 nmethod 6560 0x000001550b922810 code [0x000001550b922a00, 0x000001550b922dc8]
Event: 4.628 Thread 0x0000015521bc7000 6561       3       com.google.common.collect.CompactLinkedHashMap::insertEntry (26 bytes)
Event: 4.628 Thread 0x0000015521bc7000 nmethod 6561 0x000001550b923010 code [0x000001550b923220, 0x000001550b923798]
Event: 4.629 Thread 0x0000015521bc7000 6562       3       org.gradle.api.internal.project.taskfactory.DefaultTaskClassInfoStore::createTaskAction (215 bytes)
Event: 4.631 Thread 0x0000015521bc7000 nmethod 6562 0x000001550b923a10 code [0x000001550b924080, 0x000001550b927b38]

GC Heap History (20 events):
Event: 0.429 GC heap after
{Heap after GC invocations=1 (full 0):
 garbage-first heap   total 131072K, used 9219K [0x0000000080000000, 0x0000000100000000)
  region size 1024K, 3 young (3072K), 3 survivors (3072K)
 Metaspace       used 10171K, capacity 10363K, committed 10624K, reserved 1058816K
  class space    used 1065K, capacity 1141K, committed 1152K, reserved 1048576K
}
Event: 1.211 GC heap before
{Heap before GC invocations=1 (full 0):
 garbage-first heap   total 131072K, used 83971K [0x0000000080000000, 0x0000000100000000)
  region size 1024K, 76 young (77824K), 3 survivors (3072K)
 Metaspace       used 17745K, capacity 18161K, committed 18432K, reserved 1064960K
  class space    used 2103K, capacity 2240K, committed 2304K, reserved 1048576K
}
Event: 1.215 GC heap after
{Heap after GC invocations=2 (full 0):
 garbage-first heap   total 131072K, used 16027K [0x0000000080000000, 0x0000000100000000)
  region size 1024K, 10 young (10240K), 10 survivors (10240K)
 Metaspace       used 17745K, capacity 18161K, committed 18432K, reserved 1064960K
  class space    used 2103K, capacity 2240K, committed 2304K, reserved 1048576K
}
Event: 1.343 GC heap before
{Heap before GC invocations=2 (full 0):
 garbage-first heap   total 131072K, used 36507K [0x0000000080000000, 0x0000000100000000)
  region size 1024K, 32 young (32768K), 10 survivors (10240K)
 Metaspace       used 20605K, capacity 21124K, committed 21248K, reserved 1067008K
  class space    used 2520K, capacity 2722K, committed 2816K, reserved 1048576K
}
Event: 1.347 GC heap after
{Heap after GC invocations=3 (full 0):
 garbage-first heap   total 131072K, used 16726K [0x0000000080000000, 0x0000000100000000)
  region size 1024K, 1 young (1024K), 1 survivors (1024K)
 Metaspace       used 20605K, capacity 21124K, committed 21248K, reserved 1067008K
  class space    used 2520K, capacity 2722K, committed 2816K, reserved 1048576K
}
Event: 1.669 GC heap before
{Heap before GC invocations=4 (full 0):
 garbage-first heap   total 131072K, used 73046K [0x0000000080000000, 0x0000000100000000)
  region size 1024K, 56 young (57344K), 1 survivors (1024K)
 Metaspace       used 26080K, capacity 26755K, committed 27008K, reserved 1073152K
  class space    used 3423K, capacity 3668K, committed 3712K, reserved 1048576K
}
Event: 1.671 GC heap after
{Heap after GC invocations=5 (full 0):
 garbage-first heap   total 131072K, used 18456K [0x0000000080000000, 0x0000000100000000)
  region size 1024K, 3 young (3072K), 3 survivors (3072K)
 Metaspace       used 26080K, capacity 26755K, committed 27008K, reserved 1073152K
  class space    used 3423K, capacity 3668K, committed 3712K, reserved 1048576K
}
Event: 2.106 GC heap before
{Heap before GC invocations=5 (full 0):
 garbage-first heap   total 131072K, used 72728K [0x0000000080000000, 0x0000000100000000)
  region size 1024K, 57 young (58368K), 3 survivors (3072K)
 Metaspace       used 35028K, capacity 35830K, committed 35840K, reserved 1081344K
  class space    used 4541K, capacity 4864K, committed 4864K, reserved 1048576K
}
Event: 2.112 GC heap after
{Heap after GC invocations=6 (full 0):
 garbage-first heap   total 131072K, used 21911K [0x0000000080000000, 0x0000000100000000)
  region size 1024K, 6 young (6144K), 6 survivors (6144K)
 Metaspace       used 35028K, capacity 35830K, committed 35840K, reserved 1081344K
  class space    used 4541K, capacity 4864K, committed 4864K, reserved 1048576K
}
Event: 2.468 GC heap before
{Heap before GC invocations=7 (full 0):
 garbage-first heap   total 131072K, used 86423K [0x0000000080000000, 0x0000000100000000)
  region size 1024K, 67 young (68608K), 6 survivors (6144K)
 Metaspace       used 39511K, capacity 40430K, committed 40524K, reserved 1085440K
  class space    used 5057K, capacity 5390K, committed 5452K, reserved 1048576K
}
Event: 2.473 GC heap after
{Heap after GC invocations=8 (full 0):
 garbage-first heap   total 131072K, used 26997K [0x0000000080000000, 0x0000000100000000)
  region size 1024K, 9 young (9216K), 9 survivors (9216K)
 Metaspace       used 39511K, capacity 40430K, committed 40524K, reserved 1085440K
  class space    used 5057K, capacity 5390K, committed 5452K, reserved 1048576K
}
Event: 2.828 GC heap before
{Heap before GC invocations=8 (full 0):
 garbage-first heap   total 131072K, used 89461K [0x0000000080000000, 0x0000000100000000)
  region size 1024K, 70 young (71680K), 9 survivors (9216K)
 Metaspace       used 45091K, capacity 46173K, committed 46412K, reserved 1089536K
  class space    used 5803K, capacity 6192K, committed 6220K, reserved 1048576K
}
Event: 2.833 GC heap after
{Heap after GC invocations=9 (full 0):
 garbage-first heap   total 157696K, used 28877K [0x0000000080000000, 0x0000000100000000)
  region size 1024K, 3 young (3072K), 3 survivors (3072K)
 Metaspace       used 45091K, capacity 46173K, committed 46412K, reserved 1089536K
  class space    used 5803K, capacity 6192K, committed 6220K, reserved 1048576K
}
Event: 3.315 GC heap before
{Heap before GC invocations=9 (full 0):
 garbage-first heap   total 157696K, used 106701K [0x0000000080000000, 0x0000000100000000)
  region size 1024K, 76 young (77824K), 3 survivors (3072K)
 Metaspace       used 50021K, capacity 51324K, committed 51532K, reserved 1093632K
  class space    used 6406K, capacity 6869K, committed 6988K, reserved 1048576K
}
Event: 3.320 GC heap after
{Heap after GC invocations=10 (full 0):
 garbage-first heap   total 157696K, used 41927K [0x0000000080000000, 0x0000000100000000)
  region size 1024K, 10 young (10240K), 10 survivors (10240K)
 Metaspace       used 50021K, capacity 51324K, committed 51532K, reserved 1093632K
  class space    used 6406K, capacity 6869K, committed 6988K, reserved 1048576K
}
Event: 3.781 GC heap before
{Heap before GC invocations=10 (full 0):
 garbage-first heap   total 157696K, used 95175K [0x0000000080000000, 0x0000000100000000)
  region size 1024K, 63 young (64512K), 10 survivors (10240K)
 Metaspace       used 58479K, capacity 60065K, committed 60288K, reserved 1101824K
  class space    used 7444K, capacity 8008K, committed 8140K, reserved 1048576K
}
Event: 3.791 GC heap after
{Heap after GC invocations=11 (full 0):
 garbage-first heap   total 157696K, used 45523K [0x0000000080000000, 0x0000000100000000)
  region size 1024K, 4 young (4096K), 4 survivors (4096K)
 Metaspace       used 58479K, capacity 60065K, committed 60288K, reserved 1101824K
  class space    used 7444K, capacity 8008K, committed 8140K, reserved 1048576K
}
Event: 4.181 GC heap before
{Heap before GC invocations=12 (full 0):
 garbage-first heap   total 157696K, used 109011K [0x0000000080000000, 0x0000000100000000)
  region size 1024K, 66 young (67584K), 4 survivors (4096K)
 Metaspace       used 63202K, capacity 64871K, committed 65024K, reserved 1105920K
  class space    used 8067K, capacity 8679K, committed 8780K, reserved 1048576K
}
Event: 4.189 GC heap after
{Heap after GC invocations=13 (full 0):
 garbage-first heap   total 157696K, used 50595K [0x0000000080000000, 0x0000000100000000)
  region size 1024K, 9 young (9216K), 9 survivors (9216K)
 Metaspace       used 63202K, capacity 64871K, committed 65024K, reserved 1105920K
  class space    used 8067K, capacity 8679K, committed 8780K, reserved 1048576K
}
Event: 4.633 GC heap before
{Heap before GC invocations=14 (full 0):
 garbage-first heap   total 157696K, used 113059K [0x0000000080000000, 0x0000000100000000)
  region size 1024K, 70 young (71680K), 9 survivors (9216K)
 Metaspace       used 68848K, capacity 70430K, committed 70784K, reserved 1110016K
  class space    used 8932K, capacity 9538K, committed 9676K, reserved 1048576K
}

Deoptimization events (20 events):
Event: 4.222 Thread 0x00000155243f8800 Uncommon trap: trap_request=0xffffffdc fr.pc=0x0000015512487be8 relative=0x00000000000002a8
Event: 4.222 Thread 0x00000155243f8800 Uncommon trap: reason=class_check action=make_not_entrant pc=0x0000015512487be8 method=java.util.ArrayList.toArray([Ljava/lang/Object;)[Ljava/lang/Object; @ 21 c2
Event: 4.222 Thread 0x00000155243f8800 DEOPT PACKING pc=0x0000015512487be8 sp=0x0000000cd54f5220
Event: 4.222 Thread 0x00000155243f8800 DEOPT UNPACKING pc=0x000001550a6378af sp=0x0000000cd54f51e0 mode 2
Event: 4.235 Thread 0x00000155243f8800 Uncommon trap: trap_request=0xfffffff4 fr.pc=0x00000155123401e8 relative=0x00000000000007e8
Event: 4.235 Thread 0x00000155243f8800 Uncommon trap: reason=null_check action=make_not_entrant pc=0x00000155123401e8 method=org.gradle.util.internal.SimpleMapInterner.intern(Ljava/lang/Object;)Ljava/lang/Object; @ 2 c2
Event: 4.235 Thread 0x00000155243f8800 DEOPT PACKING pc=0x00000155123401e8 sp=0x0000000cd54f7b00
Event: 4.235 Thread 0x00000155243f8800 DEOPT UNPACKING pc=0x000001550a6378af sp=0x0000000cd54f7ac8 mode 2
Event: 4.611 Thread 0x00000155243f8800 Uncommon trap: trap_request=0xffffff4d fr.pc=0x000001551233d458 relative=0x0000000000000c38
Event: 4.611 Thread 0x00000155243f8800 Uncommon trap: reason=unstable_if action=reinterpret pc=0x000001551233d458 method=com.esotericsoftware.kryo.io.Input.readString()Ljava/lang/String; @ 28 c2
Event: 4.611 Thread 0x00000155243f8800 DEOPT PACKING pc=0x000001551233d458 sp=0x0000000cd54f8f60
Event: 4.611 Thread 0x00000155243f8800 DEOPT UNPACKING pc=0x000001550a6378af sp=0x0000000cd54f8f38 mode 2
Event: 4.611 Thread 0x00000155243f8800 Uncommon trap: trap_request=0xffffff4d fr.pc=0x0000015512311ff4 relative=0x00000000000001b4
Event: 4.611 Thread 0x00000155243f8800 Uncommon trap: reason=unstable_if action=reinterpret pc=0x0000015512311ff4 method=com.esotericsoftware.kryo.io.Input.require(I)I @ 65 c2
Event: 4.611 Thread 0x00000155243f8800 DEOPT PACKING pc=0x0000015512311ff4 sp=0x0000000cd54f8e60
Event: 4.611 Thread 0x00000155243f8800 DEOPT UNPACKING pc=0x000001550a6378af sp=0x0000000cd54f8e20 mode 2
Event: 4.613 Thread 0x00000155243f8800 Uncommon trap: trap_request=0xffffff4d fr.pc=0x0000015512343198 relative=0x00000000000001d8
Event: 4.613 Thread 0x00000155243f8800 Uncommon trap: reason=unstable_if action=reinterpret pc=0x0000015512343198 method=com.esotericsoftware.kryo.io.Input.readVarInt(Z)I @ 42 c2
Event: 4.613 Thread 0x00000155243f8800 DEOPT PACKING pc=0x0000015512343198 sp=0x0000000cd54f8dd0
Event: 4.613 Thread 0x00000155243f8800 DEOPT UNPACKING pc=0x000001550a6378af sp=0x0000000cd54f8d78 mode 2

Classes redefined (0 events):
No events

Internal exceptions (20 events):
Event: 4.233 Thread 0x00000155243f8800 Exception <a 'java/lang/ClassNotFoundException'{0x000000008906f238}: com/android/build/gradle/internal/dsl/ApplicationBuildFeaturesImplCustomizer> (0x000000008906f238) thrown at [./src/hotspot/share/classfile/systemDictionary.cpp, line 231]
Event: 4.233 Thread 0x00000155243f8800 Exception <a 'java/lang/ClassNotFoundException'{0x0000000089090d28}: com/android/build/gradle/internal/dsl/ApplicationBuildFeaturesImpl_DecoratedCustomizer> (0x0000000089090d28) thrown at [./src/hotspot/share/classfile/systemDictionary.cpp, line 231]
Event: 4.235 Thread 0x00000155243f8800 Implicit null exception at 0x000001551233fa31 to 0x00000155123401d4
Event: 4.239 Thread 0x00000155243f8800 Exception <a 'java/lang/ClassNotFoundException'{0x0000000088ff3b88}: org/gradle/api/internal/artifacts/dependencies/DefaultExternalModuleDependency_DecoratedBeanInfo> (0x0000000088ff3b88) thrown at [./src/hotspot/share/classfile/systemDictionary.cpp, line 231]
Event: 4.240 Thread 0x00000155243f8800 Exception <a 'java/lang/ClassNotFoundException'{0x0000000088e3cd48}: org/gradle/api/internal/artifacts/dependencies/DefaultExternalModuleDependencyBeanInfo> (0x0000000088e3cd48) thrown at [./src/hotspot/share/classfile/systemDictionary.cpp, line 231]
Event: 4.240 Thread 0x00000155243f8800 Exception <a 'java/lang/ClassNotFoundException'{0x0000000088e85e90}: org/gradle/api/internal/artifacts/dependencies/AbstractExternalModuleDependencyBeanInfo> (0x0000000088e85e90) thrown at [./src/hotspot/share/classfile/systemDictionary.cpp, line 231]
Event: 4.241 Thread 0x00000155243f8800 Exception <a 'java/lang/ClassNotFoundException'{0x0000000088ebdb30}: org/gradle/api/internal/artifacts/dependencies/AbstractModuleDependencyBeanInfo> (0x0000000088ebdb30) thrown at [./src/hotspot/share/classfile/systemDictionary.cpp, line 231]
Event: 4.241 Thread 0x00000155243f8800 Exception <a 'java/lang/ClassNotFoundException'{0x0000000088ef3558}: org/gradle/api/internal/artifacts/dependencies/AbstractDependencyBeanInfo> (0x0000000088ef3558) thrown at [./src/hotspot/share/classfile/systemDictionary.cpp, line 231]
Event: 4.242 Thread 0x00000155243f8800 Exception <a 'java/lang/ClassNotFoundException'{0x0000000088d2afc0}: org/gradle/api/internal/artifacts/dependencies/AbstractDependencyCustomizer> (0x0000000088d2afc0) thrown at [./src/hotspot/share/classfile/systemDictionary.cpp, line 231]
Event: 4.242 Thread 0x00000155243f8800 Exception <a 'java/lang/ClassNotFoundException'{0x0000000088d66248}: org/gradle/api/internal/artifacts/dependencies/AbstractModuleDependencyCustomizer> (0x0000000088d66248) thrown at [./src/hotspot/share/classfile/systemDictionary.cpp, line 231]
Event: 4.244 Thread 0x00000155243f8800 Exception <a 'java/lang/ClassNotFoundException'{0x0000000088dc8748}: org/gradle/api/internal/artifacts/dependencies/AbstractExternalModuleDependencyCustomizer> (0x0000000088dc8748) thrown at [./src/hotspot/share/classfile/systemDictionary.cpp, line 231]
Event: 4.245 Thread 0x00000155243f8800 Exception <a 'java/lang/ClassNotFoundException'{0x0000000088c219e0}: org/gradle/api/internal/artifacts/dependencies/DefaultExternalModuleDependencyCustomizer> (0x0000000088c219e0) thrown at [./src/hotspot/share/classfile/systemDictionary.cpp, line 231]
Event: 4.246 Thread 0x00000155243f8800 Exception <a 'java/lang/ClassNotFoundException'{0x0000000088c7a368}: org/gradle/api/internal/artifacts/dependencies/DefaultExternalModuleDependency_DecoratedCustomizer> (0x0000000088c7a368) thrown at [./src/hotspot/share/classfile/systemDictionary.cpp, line 231]
Event: 4.582 Thread 0x00000155243f8800 Exception <a 'java/lang/ClassNotFoundException'{0x00000000863c6648}: com/android/build/gradle/internal/api/ApkVariantOutputImpl_DecoratedBeanInfo> (0x00000000863c6648) thrown at [./src/hotspot/share/classfile/systemDictionary.cpp, line 231]
Event: 4.582 Thread 0x00000155243f8800 Exception <a 'java/lang/ClassNotFoundException'{0x00000000863e0068}: com/android/build/gradle/internal/api/ApkVariantOutputImplBeanInfo> (0x00000000863e0068) thrown at [./src/hotspot/share/classfile/systemDictionary.cpp, line 231]
Event: 4.582 Thread 0x00000155243f8800 Exception <a 'java/lang/ClassNotFoundException'{0x00000000863fa238}: com/android/build/gradle/internal/api/BaseVariantOutputImplBeanInfo> (0x00000000863fa238) thrown at [./src/hotspot/share/classfile/systemDictionary.cpp, line 231]
Event: 4.583 Thread 0x00000155243f8800 Exception <a 'java/lang/ClassNotFoundException'{0x0000000086214938}: com/android/build/gradle/internal/api/BaseVariantOutputImplCustomizer> (0x0000000086214938) thrown at [./src/hotspot/share/classfile/systemDictionary.cpp, line 231]
Event: 4.583 Thread 0x00000155243f8800 Exception <a 'java/lang/ClassNotFoundException'{0x0000000086241208}: com/android/build/gradle/internal/api/ApkVariantOutputImplCustomizer> (0x0000000086241208) thrown at [./src/hotspot/share/classfile/systemDictionary.cpp, line 231]
Event: 4.584 Thread 0x00000155243f8800 Exception <a 'java/lang/ClassNotFoundException'{0x0000000086269ee0}: com/android/build/gradle/internal/api/ApkVariantOutputImpl_DecoratedCustomizer> (0x0000000086269ee0) thrown at [./src/hotspot/share/classfile/systemDictionary.cpp, line 231]
Event: 4.592 Thread 0x00000155243f8800 Exception <a 'java/lang/NoClassDefFoundError'{0x0000000086019cd8}: org/jetbrains/kotlin/gradle/plugin/KotlinBasePluginWrapper> (0x0000000086019cd8) thrown at [./src/hotspot/share/classfile/systemDictionary.cpp, line 220]

Events (20 events):
Event: 4.630 loading class org/gradle/internal/resources/ResourceDeadlockException done
Event: 4.630 loading class org/gradle/execution/plan/MutationInfo
Event: 4.630 loading class org/gradle/execution/plan/MutationInfo done
Event: 4.631 loading class org/gradle/execution/plan/Node$ExecutionState
Event: 4.631 loading class org/gradle/execution/plan/Node$ExecutionState done
Event: 4.631 loading class org/gradle/internal/execution/impl/DefaultWorkValidationContext
Event: 4.631 loading class org/gradle/internal/execution/impl/DefaultWorkValidationContext done
Event: 4.631 loading class org/gradle/execution/plan/Node
Event: 4.631 loading class org/gradle/execution/plan/Node done
Event: 4.631 loading class org/gradle/internal/graph/CachingDirectedGraphWalker$NodeDetails
Event: 4.631 loading class org/gradle/internal/graph/CachingDirectedGraphWalker$NodeDetails done
Event: 4.632 loading class org/gradle/api/internal/tasks/DefaultTaskInputs$6
Event: 4.632 loading class org/gradle/api/internal/tasks/DefaultTaskInputs$6 done
Event: 4.632 loading class org/gradle/api/internal/tasks/TaskPropertyUtils
Event: 4.632 loading class org/gradle/api/internal/tasks/TaskPropertyUtils done
Event: 4.632 loading class org/gradle/internal/reflect/validation/TypeValidationContext$1
Event: 4.632 loading class org/gradle/internal/reflect/validation/TypeValidationContext$1 done
Event: 4.632 loading class org/gradle/api/internal/tasks/properties/BeanPropertyContext
Event: 4.632 loading class org/gradle/api/internal/tasks/properties/BeanPropertyContext done
Event: 4.632 Executing VM operation: G1CollectForAllocation


Dynamic libraries:
0x00007ff78b620000 - 0x00007ff78b62a000 	C:\Program Files\Android\Android Studio\jre\bin\java.exe
0x00007ff99e340000 - 0x00007ff99e547000 	C:\Windows\SYSTEM32\ntdll.dll
0x00007ff99dbf0000 - 0x00007ff99dcad000 	C:\Windows\System32\KERNEL32.DLL
0x00007ff99bba0000 - 0x00007ff99bf14000 	C:\Windows\System32\KERNELBASE.dll
0x00007ff99b9e0000 - 0x00007ff99baf1000 	C:\Windows\System32\ucrtbase.dll
0x00007ff98b8e0000 - 0x00007ff98b8f9000 	C:\Program Files\Android\Android Studio\jre\bin\jli.dll
0x00007ff984920000 - 0x00007ff984937000 	C:\Program Files\Android\Android Studio\jre\bin\VCRUNTIME140.dll
0x00007ff99ca60000 - 0x00007ff99cc0c000 	C:\Windows\System32\USER32.dll
0x00007ff98c7e0000 - 0x00007ff98ca85000 	C:\Windows\WinSxS\amd64_microsoft.windows.common-controls_6595b64144ccf1df_6.0.22000.120_none_9d947278b86cc467\COMCTL32.dll
0x00007ff99b9b0000 - 0x00007ff99b9d6000 	C:\Windows\System32\win32u.dll
0x00007ff99dcb0000 - 0x00007ff99dcd9000 	C:\Windows\System32\GDI32.dll
0x00007ff99c1d0000 - 0x00007ff99c273000 	C:\Windows\System32\msvcrt.dll
0x00007ff99b890000 - 0x00007ff99b9a2000 	C:\Windows\System32\gdi32full.dll
0x00007ff99bb00000 - 0x00007ff99bb9d000 	C:\Windows\System32\msvcp_win.dll
0x00007ff99c880000 - 0x00007ff99c8b1000 	C:\Windows\System32\IMM32.DLL
0x00007ff969ca0000 - 0x00007ff969d3d000 	C:\Program Files\Android\Android Studio\jre\bin\msvcp140.dll
0x00007ff967790000 - 0x00007ff96825f000 	C:\Program Files\Android\Android Studio\jre\bin\server\jvm.dll
0x00007ff99d910000 - 0x00007ff99d9bc000 	C:\Windows\System32\ADVAPI32.dll
0x00007ff99c660000 - 0x00007ff99c6fd000 	C:\Windows\System32\sechost.dll
0x00007ff99c920000 - 0x00007ff99ca41000 	C:\Windows\System32\RPCRT4.dll
0x00007ff99e130000 - 0x00007ff99e138000 	C:\Windows\System32\PSAPI.DLL
0x00007ff998b50000 - 0x00007ff998b59000 	C:\Windows\SYSTEM32\WSOCK32.dll
0x00007ff996060000 - 0x00007ff996093000 	C:\Windows\SYSTEM32\WINMM.dll
0x00007ff9950f0000 - 0x00007ff9950fa000 	C:\Windows\SYSTEM32\VERSION.dll
0x00007ff99da20000 - 0x00007ff99da8f000 	C:\Windows\System32\WS2_32.dll
0x00007ff99a940000 - 0x00007ff99a958000 	C:\Windows\SYSTEM32\kernel.appcore.dll
0x00007ff998b30000 - 0x00007ff998b41000 	C:\Program Files\Android\Android Studio\jre\bin\verify.dll
0x00007ff98eb40000 - 0x00007ff98ed61000 	C:\Windows\SYSTEM32\DBGHELP.DLL
0x00007ff988ea0000 - 0x00007ff988ed1000 	C:\Windows\SYSTEM32\dbgcore.DLL
0x00007ff99bf20000 - 0x00007ff99bf9f000 	C:\Windows\System32\bcryptPrimitives.dll
0x00007ff992a10000 - 0x00007ff992a39000 	C:\Program Files\Android\Android Studio\jre\bin\java.dll
0x00007ff997a50000 - 0x00007ff997a5b000 	C:\Program Files\Android\Android Studio\jre\bin\jimage.dll
0x00007ff9976d0000 - 0x00007ff9976e8000 	C:\Program Files\Android\Android Studio\jre\bin\zip.dll
0x00007ff99cc10000 - 0x00007ff99d3be000 	C:\Windows\System32\SHELL32.dll
0x00007ff9999c0000 - 0x00007ff99a227000 	C:\Windows\SYSTEM32\windows.storage.dll
0x00007ff99ddb0000 - 0x00007ff99e128000 	C:\Windows\System32\combase.dll
0x00007ff999850000 - 0x00007ff9999b6000 	C:\Windows\SYSTEM32\wintypes.dll
0x00007ff99c790000 - 0x00007ff99c87a000 	C:\Windows\System32\SHCORE.dll
0x00007ff99c8c0000 - 0x00007ff99c91d000 	C:\Windows\System32\shlwapi.dll
0x00007ff99b750000 - 0x00007ff99b771000 	C:\Windows\SYSTEM32\profapi.dll
0x00007ff993d10000 - 0x00007ff993d2a000 	C:\Program Files\Android\Android Studio\jre\bin\net.dll
0x00007ff996160000 - 0x00007ff99626c000 	C:\Windows\SYSTEM32\WINHTTP.dll
0x00007ff99ad50000 - 0x00007ff99adb7000 	C:\Windows\system32\mswsock.dll
0x00007ff9929f0000 - 0x00007ff992a04000 	C:\Program Files\Android\Android Studio\jre\bin\nio.dll
0x00007ff98b1a0000 - 0x00007ff98b1c7000 	C:\Users\NeHaL\.gradle\native\8bec1ad78214c89d9ad589b4d07fe93259594b29d510b10fafb7a158f7737e5d\windows-amd64\native-platform.dll
0x00007ff9695d0000 - 0x00007ff96970d000 	C:\Users\NeHaL\.gradle\native\53dbd7edfb1c66fb8903c78663c9afc45aea4f116125fa6feffd364cf09443e8\windows-amd64\native-platform-file-events.dll
0x00007ff994f40000 - 0x00007ff994f4a000 	C:\Program Files\Android\Android Studio\jre\bin\management.dll
0x00007ff993ce0000 - 0x00007ff993cec000 	C:\Program Files\Android\Android Studio\jre\bin\management_ext.dll
0x00007ff99af90000 - 0x00007ff99afa8000 	C:\Windows\SYSTEM32\CRYPTSP.dll
0x00007ff99a8a0000 - 0x00007ff99a8d5000 	C:\Windows\system32\rsaenh.dll
0x00007ff99ae40000 - 0x00007ff99ae69000 	C:\Windows\SYSTEM32\USERENV.dll
0x00007ff99b110000 - 0x00007ff99b137000 	C:\Windows\SYSTEM32\bcrypt.dll
0x00007ff99afb0000 - 0x00007ff99afbc000 	C:\Windows\SYSTEM32\CRYPTBASE.dll
0x00007ff99a480000 - 0x00007ff99a4ad000 	C:\Windows\SYSTEM32\IPHLPAPI.DLL
0x00007ff99db70000 - 0x00007ff99db79000 	C:\Windows\System32\NSI.dll
0x00007ff995a40000 - 0x00007ff995a59000 	C:\Windows\SYSTEM32\dhcpcsvc6.DLL
0x00007ff996d30000 - 0x00007ff996d4e000 	C:\Windows\SYSTEM32\dhcpcsvc.DLL
0x00007ff99a4b0000 - 0x00007ff99a597000 	C:\Windows\SYSTEM32\DNSAPI.dll

dbghelp: loaded successfully - version: 4.0.5 - missing functions: none
symbol engine: initialized successfully - sym options: 0x614 - pdb path: .;C:\Program Files\Android\Android Studio\jre\bin;C:\Windows\SYSTEM32;C:\Windows\WinSxS\amd64_microsoft.windows.common-controls_6595b64144ccf1df_6.0.22000.120_none_9d947278b86cc467;C:\Program Files\Android\Android Studio\jre\bin\server;C:\Users\NeHaL\.gradle\native\8bec1ad78214c89d9ad589b4d07fe93259594b29d510b10fafb7a158f7737e5d\windows-amd64;C:\Users\NeHaL\.gradle\native\53dbd7edfb1c66fb8903c78663c9afc45aea4f116125fa6feffd364cf09443e8\windows-amd64

VM Arguments:
jvm_args: --add-opens=java.base/java.util=ALL-UNNAMED --add-opens=java.base/java.lang=ALL-UNNAMED --add-opens=java.base/java.lang.invoke=ALL-UNNAMED --add-opens=java.base/java.util=ALL-UNNAMED --add-opens=java.prefs/java.util.prefs=ALL-UNNAMED --add-opens=java.prefs/java.util.prefs=ALL-UNNAMED --add-opens=java.base/java.nio.charset=ALL-UNNAMED --add-opens=java.base/java.net=ALL-UNNAMED --add-opens=java.base/java.util.concurrent.atomic=ALL-UNNAMED -Xmx2048m -Dfile.encoding=UTF-8 -Duser.country=IN -Duser.language=en -Duser.variant 
java_command: org.gradle.launcher.daemon.bootstrap.GradleDaemon 7.0.2
java_class_path (initial): C:\Users\NeHaL\.gradle\wrapper\dists\gradle-7.0.2-bin\857tjihv64xamwrf0h14cai3r\gradle-7.0.2\lib\gradle-launcher-7.0.2.jar
Launcher Type: SUN_STANDARD

[Global flags]
     intx CICompilerCount                          = 4                                         {product} {ergonomic}
     uint ConcGCThreads                            = 3                                         {product} {ergonomic}
     uint G1ConcRefinementThreads                  = 10                                        {product} {ergonomic}
   size_t G1HeapRegionSize                         = 1048576                                   {product} {ergonomic}
    uintx GCDrainStackTargetSize                   = 64                                        {product} {ergonomic}
   size_t InitialHeapSize                          = 134217728                                 {product} {ergonomic}
   size_t MarkStackSize                            = 4194304                                   {product} {ergonomic}
   size_t MaxHeapSize                              = 2147483648                                {product} {command line}
   size_t MaxNewSize                               = 1287651328                                {product} {ergonomic}
   size_t MinHeapDeltaBytes                        = 1048576                                   {product} {ergonomic}
    uintx NonNMethodCodeHeapSize                   = 5836300                                {pd product} {ergonomic}
    uintx NonProfiledCodeHeapSize                  = 122910970                              {pd product} {ergonomic}
    uintx ProfiledCodeHeapSize                     = 122910970                              {pd product} {ergonomic}
    uintx ReservedCodeCacheSize                    = 251658240                              {pd product} {ergonomic}
     bool SegmentedCodeCache                       = true                                      {product} {ergonomic}
     bool UseCompressedClassPointers               = true                                 {lp64_product} {ergonomic}
     bool UseCompressedOops                        = true                                 {lp64_product} {ergonomic}
     bool UseG1GC                                  = true                                      {product} {ergonomic}
     bool UseLargePagesIndividualAllocation        = false                                  {pd product} {ergonomic}

Logging:
Log output configuration:
 #0: stdout all=warning uptime,level,tags
 #1: stderr all=off uptime,level,tags

Environment Variables:
PATH=C:\Program Files (x86)\Common Files\Intel\Shared Libraries\redist\intel64\compiler;C:\Program Files\Common Files\Oracle\Java\javapath;C:\Windows\system32;C:\Windows;C:\Windows\System32\Wbem;C:\Windows\System32\WindowsPowerShell\v1.0\;C:\Windows\System32\OpenSSH\;C:\Program Files\NVIDIA Corporation\NVIDIA NvDLISR;C:\Program Files (x86)\NVIDIA Corporation\PhysX\Common;C:\Program Files\nodejs\;C:\ProgramData\chocolatey\bin;C:\Program Files\Git\cmd;C:\Program Files\Cloudflare\Cloudflare WARP;C:\Users\NeHaL\AppData\Local\Microsoft\WindowsApps;C:\Program Files\JetBrains\IntelliJ IDEA Community Edition 2021.2.2\bin;;C:\Program Files\JetBrains\PyCharm Community Edition 2021.2.2\bin;;C:\Users\NeHaL\AppData\Local\Programs\Microsoft VS Code\bin;C:\Users\NeHaL\AppData\Roaming\npm;C:\Program Files\MongoDB\Server\5.0\bin;
USERNAME=NeHaL
OS=Windows_NT
PROCESSOR_IDENTIFIER=AMD64 Family 23 Model 113 Stepping 0, AuthenticAMD



---------------  S Y S T E M  ---------------

OS: Windows 10 , 64 bit Build 22000 (10.0.22000.318)
OS uptime: 0 days 0:40 hours

CPU:total 12 (initial active 12) (12 cores per cpu, 2 threads per core) family 23 model 113 stepping 0 microcode 0x0, cmov, cx8, fxsr, mmx, sse, sse2, sse3, ssse3, sse4.1, sse4.2, popcnt, avx, avx2, aes, clmul, mmxext, 3dnowpref, lzcnt, sse4a, ht, tsc, tscinvbit, tscinv, bmi1, bmi2, adx,

Memory: 4k page, system-wide physical 8144M (1830M free)
TotalPageFile size 8144M (AvailPageFile size 18M)
current process WorkingSet (physical memory assigned to process): 388M, peak: 389M
current process commit charge ("private bytes"): 433M, peak: 457M

vm_info: OpenJDK 64-Bit Server VM (11.0.10+0-b96-7249189) for windows-amd64 JRE (11.0.10+0-b96-7249189), built on Mar 31 2021 21:44:00 by "builder" with MS VC++ 14.0 (VS2015)

END.
